[2024-10-02T16:20:34.895+0000] {local_task_job_runner.py:123} INFO - ::group::Pre task execution logs
[2024-10-02T16:20:34.945+0000] {taskinstance.py:2612} INFO - Dependencies all met for dep_context=non-requeueable deps ti=<TaskInstance: sparking_flow.java_job manual__2024-10-02T16:20:28.423075+00:00 [queued]>
[2024-10-02T16:20:34.966+0000] {taskinstance.py:2612} INFO - Dependencies all met for dep_context=requeueable deps ti=<TaskInstance: sparking_flow.java_job manual__2024-10-02T16:20:28.423075+00:00 [queued]>
[2024-10-02T16:20:34.967+0000] {taskinstance.py:2865} INFO - Starting attempt 1 of 1
[2024-10-02T16:20:35.006+0000] {taskinstance.py:2888} INFO - Executing <Task(SparkSubmitOperator): java_job> on 2024-10-02 16:20:28.423075+00:00
[2024-10-02T16:20:35.016+0000] {warnings.py:112} WARNING - /home/***/.local/lib/python3.12/site-packages/***/task/task_runner/standard_task_runner.py:70: DeprecationWarning: This process (pid=80) is multi-threaded, use of fork() may lead to deadlocks in the child.
  pid = os.fork()

[2024-10-02T16:20:35.019+0000] {standard_task_runner.py:72} INFO - Started process 85 to run task
[2024-10-02T16:20:35.021+0000] {standard_task_runner.py:104} INFO - Running: ['***', 'tasks', 'run', 'sparking_flow', 'java_job', 'manual__2024-10-02T16:20:28.423075+00:00', '--job-id', '20', '--raw', '--subdir', 'DAGS_FOLDER/spark_***.py', '--cfg-path', '/tmp/tmp1w6qe2rq']
[2024-10-02T16:20:35.023+0000] {standard_task_runner.py:105} INFO - Job 20: Subtask java_job
[2024-10-02T16:20:35.160+0000] {task_command.py:467} INFO - Running <TaskInstance: sparking_flow.java_job manual__2024-10-02T16:20:28.423075+00:00 [running]> on host 5ad0e88773d9
[2024-10-02T16:20:35.369+0000] {taskinstance.py:3131} INFO - Exporting env vars: AIRFLOW_CTX_DAG_OWNER='Yusuf Ganiyu' AIRFLOW_CTX_DAG_ID='sparking_flow' AIRFLOW_CTX_TASK_ID='java_job' AIRFLOW_CTX_EXECUTION_DATE='2024-10-02T16:20:28.423075+00:00' AIRFLOW_CTX_TRY_NUMBER='1' AIRFLOW_CTX_DAG_RUN_ID='manual__2024-10-02T16:20:28.423075+00:00'
[2024-10-02T16:20:35.370+0000] {taskinstance.py:731} INFO - ::endgroup::
[2024-10-02T16:20:35.432+0000] {base.py:84} INFO - Retrieving connection 'spark-conn'
[2024-10-02T16:20:35.444+0000] {spark_submit.py:335} INFO - Spark-Submit cmd: spark-submit --master spark://spark-master:7077 --name arrow-spark --class com.airscholar.spark.WordCountJob jobs/java/spark-job/target/spark-job-1.0-SNAPSHOT.jar
[2024-10-02T16:20:35.685+0000] {spark_submit.py:488} INFO - /home/***/.local/lib/python3.12/site-packages/pyspark/bin/load-spark-env.sh: line 68: ps: command not found
[2024-10-02T16:20:44.285+0000] {spark_submit.py:488} INFO - 24/10/02 16:20:44 INFO SparkContext: Running Spark version 3.5.3
[2024-10-02T16:20:44.310+0000] {spark_submit.py:488} INFO - 24/10/02 16:20:44 INFO SparkContext: OS info Linux, 5.15.153.1-microsoft-standard-WSL2, amd64
[2024-10-02T16:20:44.313+0000] {spark_submit.py:488} INFO - 24/10/02 16:20:44 INFO SparkContext: Java version 17.0.12
[2024-10-02T16:20:44.620+0000] {spark_submit.py:488} INFO - 24/10/02 16:20:44 WARN NativeCodeLoader: Unable to load native-hadoop library for your platform... using builtin-java classes where applicable
[2024-10-02T16:20:45.419+0000] {spark_submit.py:488} INFO - 24/10/02 16:20:45 INFO ResourceUtils: ==============================================================
[2024-10-02T16:20:45.427+0000] {spark_submit.py:488} INFO - 24/10/02 16:20:45 INFO ResourceUtils: No custom resources configured for spark.driver.
[2024-10-02T16:20:45.431+0000] {spark_submit.py:488} INFO - 24/10/02 16:20:45 INFO ResourceUtils: ==============================================================
[2024-10-02T16:20:45.435+0000] {spark_submit.py:488} INFO - 24/10/02 16:20:45 INFO SparkContext: Submitted application: Word Count Job
[2024-10-02T16:20:45.523+0000] {spark_submit.py:488} INFO - 24/10/02 16:20:45 INFO ResourceProfile: Default ResourceProfile created, executor resources: Map(cores -> name: cores, amount: 1, script: , vendor: , memory -> name: memory, amount: 1024, script: , vendor: , offHeap -> name: offHeap, amount: 0, script: , vendor: ), task resources: Map(cpus -> name: cpus, amount: 1.0)
[2024-10-02T16:20:45.549+0000] {spark_submit.py:488} INFO - 24/10/02 16:20:45 INFO ResourceProfile: Limiting resource is cpu
[2024-10-02T16:20:45.555+0000] {spark_submit.py:488} INFO - 24/10/02 16:20:45 INFO ResourceProfileManager: Added ResourceProfile id: 0
[2024-10-02T16:20:45.779+0000] {spark_submit.py:488} INFO - 24/10/02 16:20:45 INFO SecurityManager: Changing view acls to: ***
[2024-10-02T16:20:45.781+0000] {spark_submit.py:488} INFO - 24/10/02 16:20:45 INFO SecurityManager: Changing modify acls to: ***
[2024-10-02T16:20:45.782+0000] {spark_submit.py:488} INFO - 24/10/02 16:20:45 INFO SecurityManager: Changing view acls groups to:
[2024-10-02T16:20:45.783+0000] {spark_submit.py:488} INFO - 24/10/02 16:20:45 INFO SecurityManager: Changing modify acls groups to:
[2024-10-02T16:20:45.785+0000] {spark_submit.py:488} INFO - 24/10/02 16:20:45 INFO SecurityManager: SecurityManager: authentication disabled; ui acls disabled; users with view permissions: ***; groups with view permissions: EMPTY; users with modify permissions: ***; groups with modify permissions: EMPTY
[2024-10-02T16:20:46.827+0000] {spark_submit.py:488} INFO - 24/10/02 16:20:46 INFO Utils: Successfully started service 'sparkDriver' on port 42319.
[2024-10-02T16:20:46.989+0000] {spark_submit.py:488} INFO - 24/10/02 16:20:46 INFO SparkEnv: Registering MapOutputTracker
[2024-10-02T16:20:47.127+0000] {spark_submit.py:488} INFO - 24/10/02 16:20:47 INFO SparkEnv: Registering BlockManagerMaster
[2024-10-02T16:20:47.320+0000] {spark_submit.py:488} INFO - 24/10/02 16:20:47 INFO BlockManagerMasterEndpoint: Using org.apache.spark.storage.DefaultTopologyMapper for getting topology information
[2024-10-02T16:20:47.322+0000] {spark_submit.py:488} INFO - 24/10/02 16:20:47 INFO BlockManagerMasterEndpoint: BlockManagerMasterEndpoint up
[2024-10-02T16:20:47.347+0000] {spark_submit.py:488} INFO - 24/10/02 16:20:47 INFO SparkEnv: Registering BlockManagerMasterHeartbeat
[2024-10-02T16:20:47.441+0000] {spark_submit.py:488} INFO - 24/10/02 16:20:47 INFO DiskBlockManager: Created local directory at /tmp/blockmgr-b113d75b-81a5-4418-b3cb-96cc2e8a4706
[2024-10-02T16:20:47.495+0000] {spark_submit.py:488} INFO - 24/10/02 16:20:47 INFO MemoryStore: MemoryStore started with capacity 434.4 MiB
[2024-10-02T16:20:47.542+0000] {spark_submit.py:488} INFO - 24/10/02 16:20:47 INFO SparkEnv: Registering OutputCommitCoordinator
[2024-10-02T16:20:48.103+0000] {spark_submit.py:488} INFO - 24/10/02 16:20:48 INFO JettyUtils: Start Jetty 0.0.0.0:4040 for SparkUI
[2024-10-02T16:20:48.364+0000] {spark_submit.py:488} INFO - 24/10/02 16:20:48 INFO Utils: Successfully started service 'SparkUI' on port 4040.
[2024-10-02T16:20:48.581+0000] {spark_submit.py:488} INFO - 24/10/02 16:20:48 INFO SparkContext: Added JAR file:/opt/***/jobs/java/spark-job/target/spark-job-1.0-SNAPSHOT.jar at spark://5ad0e88773d9:42319/jars/spark-job-1.0-SNAPSHOT.jar with timestamp 1727886044198
[2024-10-02T16:20:49.211+0000] {spark_submit.py:488} INFO - 24/10/02 16:20:49 INFO Executor: Starting executor ID driver on host 5ad0e88773d9
[2024-10-02T16:20:49.215+0000] {spark_submit.py:488} INFO - 24/10/02 16:20:49 INFO Executor: OS info Linux, 5.15.153.1-microsoft-standard-WSL2, amd64
[2024-10-02T16:20:49.224+0000] {spark_submit.py:488} INFO - 24/10/02 16:20:49 INFO Executor: Java version 17.0.12
[2024-10-02T16:20:49.274+0000] {spark_submit.py:488} INFO - 24/10/02 16:20:49 INFO Executor: Starting executor with user classpath (userClassPathFirst = false): ''
[2024-10-02T16:20:49.284+0000] {spark_submit.py:488} INFO - 24/10/02 16:20:49 INFO Executor: Created or updated repl class loader org.apache.spark.util.MutableURLClassLoader@23a918c7 for default.
[2024-10-02T16:20:49.390+0000] {spark_submit.py:488} INFO - 24/10/02 16:20:49 INFO Executor: Fetching spark://5ad0e88773d9:42319/jars/spark-job-1.0-SNAPSHOT.jar with timestamp 1727886044198
[2024-10-02T16:20:49.822+0000] {spark_submit.py:488} INFO - 24/10/02 16:20:49 INFO TransportClientFactory: Successfully created connection to 5ad0e88773d9/172.20.0.7:42319 after 223 ms (0 ms spent in bootstraps)
[2024-10-02T16:20:49.859+0000] {spark_submit.py:488} INFO - 24/10/02 16:20:49 INFO Utils: Fetching spark://5ad0e88773d9:42319/jars/spark-job-1.0-SNAPSHOT.jar to /tmp/spark-f64767c8-8c52-4243-a0c5-1f1643459c7d/userFiles-14a8c704-d71f-46a1-bf36-4a6bf2fd37b6/fetchFileTemp5681951385353674104.tmp
[2024-10-02T16:20:50.050+0000] {spark_submit.py:488} INFO - 24/10/02 16:20:50 INFO Executor: Adding file:/tmp/spark-f64767c8-8c52-4243-a0c5-1f1643459c7d/userFiles-14a8c704-d71f-46a1-bf36-4a6bf2fd37b6/spark-job-1.0-SNAPSHOT.jar to class loader default
[2024-10-02T16:20:50.080+0000] {spark_submit.py:488} INFO - 24/10/02 16:20:50 INFO Utils: Successfully started service 'org.apache.spark.network.netty.NettyBlockTransferService' on port 35491.
[2024-10-02T16:20:50.082+0000] {spark_submit.py:488} INFO - 24/10/02 16:20:50 INFO NettyBlockTransferService: Server created on 5ad0e88773d9:35491
[2024-10-02T16:20:50.087+0000] {spark_submit.py:488} INFO - 24/10/02 16:20:50 INFO BlockManager: Using org.apache.spark.storage.RandomBlockReplicationPolicy for block replication policy
[2024-10-02T16:20:50.109+0000] {spark_submit.py:488} INFO - 24/10/02 16:20:50 INFO BlockManagerMaster: Registering BlockManager BlockManagerId(driver, 5ad0e88773d9, 35491, None)
[2024-10-02T16:20:50.126+0000] {spark_submit.py:488} INFO - 24/10/02 16:20:50 INFO BlockManagerMasterEndpoint: Registering block manager 5ad0e88773d9:35491 with 434.4 MiB RAM, BlockManagerId(driver, 5ad0e88773d9, 35491, None)
[2024-10-02T16:20:50.135+0000] {spark_submit.py:488} INFO - 24/10/02 16:20:50 INFO BlockManagerMaster: Registered BlockManager BlockManagerId(driver, 5ad0e88773d9, 35491, None)
[2024-10-02T16:20:50.141+0000] {spark_submit.py:488} INFO - 24/10/02 16:20:50 INFO BlockManager: Initialized BlockManager: BlockManagerId(driver, 5ad0e88773d9, 35491, None)
[2024-10-02T16:20:54.303+0000] {spark_submit.py:488} INFO - 24/10/02 16:20:54 INFO SparkContext: Starting job: collect at WordCountJob.java:37
[2024-10-02T16:20:54.598+0000] {spark_submit.py:488} INFO - 24/10/02 16:20:54 INFO DAGScheduler: Registering RDD 2 (mapToPair at WordCountJob.java:33) as input to shuffle 0
[2024-10-02T16:20:54.615+0000] {spark_submit.py:488} INFO - 24/10/02 16:20:54 INFO DAGScheduler: Got job 0 (collect at WordCountJob.java:37) with 1 output partitions
[2024-10-02T16:20:54.618+0000] {spark_submit.py:488} INFO - 24/10/02 16:20:54 INFO DAGScheduler: Final stage: ResultStage 1 (collect at WordCountJob.java:37)
[2024-10-02T16:20:54.629+0000] {spark_submit.py:488} INFO - 24/10/02 16:20:54 INFO DAGScheduler: Parents of final stage: List(ShuffleMapStage 0)
[2024-10-02T16:20:54.638+0000] {spark_submit.py:488} INFO - 24/10/02 16:20:54 INFO DAGScheduler: Missing parents: List(ShuffleMapStage 0)
[2024-10-02T16:20:54.719+0000] {spark_submit.py:488} INFO - 24/10/02 16:20:54 INFO DAGScheduler: Submitting ShuffleMapStage 0 (MapPartitionsRDD[2] at mapToPair at WordCountJob.java:33), which has no missing parents
[2024-10-02T16:20:55.573+0000] {spark_submit.py:488} INFO - 24/10/02 16:20:55 INFO MemoryStore: Block broadcast_0 stored as values in memory (estimated size 6.4 KiB, free 434.4 MiB)
[2024-10-02T16:20:56.063+0000] {spark_submit.py:488} INFO - 24/10/02 16:20:56 INFO MemoryStore: Block broadcast_0_piece0 stored as bytes in memory (estimated size 3.4 KiB, free 434.4 MiB)
[2024-10-02T16:20:56.099+0000] {spark_submit.py:488} INFO - 24/10/02 16:20:56 INFO BlockManagerInfo: Added broadcast_0_piece0 in memory on 5ad0e88773d9:35491 (size: 3.4 KiB, free: 434.4 MiB)
[2024-10-02T16:20:56.133+0000] {spark_submit.py:488} INFO - 24/10/02 16:20:56 INFO SparkContext: Created broadcast 0 from broadcast at DAGScheduler.scala:1585
[2024-10-02T16:20:56.350+0000] {spark_submit.py:488} INFO - 24/10/02 16:20:56 INFO DAGScheduler: Submitting 1 missing tasks from ShuffleMapStage 0 (MapPartitionsRDD[2] at mapToPair at WordCountJob.java:33) (first 15 tasks are for partitions Vector(0))
[2024-10-02T16:20:56.351+0000] {spark_submit.py:488} INFO - 24/10/02 16:20:56 INFO TaskSchedulerImpl: Adding task set 0.0 with 1 tasks resource profile 0
[2024-10-02T16:20:56.783+0000] {spark_submit.py:488} INFO - 24/10/02 16:20:56 INFO TaskSetManager: Starting task 0.0 in stage 0.0 (TID 0) (5ad0e88773d9, executor driver, partition 0, PROCESS_LOCAL, 9249 bytes)
[2024-10-02T16:20:56.995+0000] {spark_submit.py:488} INFO - 24/10/02 16:20:56 INFO Executor: Running task 0.0 in stage 0.0 (TID 0)
[2024-10-02T16:20:58.563+0000] {spark_submit.py:488} INFO - 24/10/02 16:20:58 INFO Executor: Finished task 0.0 in stage 0.0 (TID 0). 1216 bytes result sent to driver
[2024-10-02T16:20:58.603+0000] {spark_submit.py:488} INFO - 24/10/02 16:20:58 INFO TaskSetManager: Finished task 0.0 in stage 0.0 (TID 0) in 1973 ms on 5ad0e88773d9 (executor driver) (1/1)
[2024-10-02T16:20:58.757+0000] {spark_submit.py:488} INFO - 24/10/02 16:20:58 INFO TaskSchedulerImpl: Removed TaskSet 0.0, whose tasks have all completed, from pool
[2024-10-02T16:20:58.872+0000] {spark_submit.py:488} INFO - 24/10/02 16:20:58 INFO DAGScheduler: ShuffleMapStage 0 (mapToPair at WordCountJob.java:33) finished in 3.960 s
[2024-10-02T16:20:58.888+0000] {spark_submit.py:488} INFO - 24/10/02 16:20:58 INFO DAGScheduler: looking for newly runnable stages
[2024-10-02T16:20:58.918+0000] {spark_submit.py:488} INFO - 24/10/02 16:20:58 INFO DAGScheduler: running: Set()
[2024-10-02T16:20:58.934+0000] {spark_submit.py:488} INFO - 24/10/02 16:20:58 INFO DAGScheduler: waiting: Set(ResultStage 1)
[2024-10-02T16:20:58.941+0000] {spark_submit.py:488} INFO - 24/10/02 16:20:58 INFO DAGScheduler: failed: Set()
[2024-10-02T16:20:59.023+0000] {spark_submit.py:488} INFO - 24/10/02 16:20:59 INFO DAGScheduler: Submitting ResultStage 1 (ShuffledRDD[3] at reduceByKey at WordCountJob.java:34), which has no missing parents
[2024-10-02T16:20:59.067+0000] {spark_submit.py:488} INFO - 24/10/02 16:20:59 INFO MemoryStore: Block broadcast_1 stored as values in memory (estimated size 5.2 KiB, free 434.4 MiB)
[2024-10-02T16:20:59.080+0000] {spark_submit.py:488} INFO - 24/10/02 16:20:59 INFO MemoryStore: Block broadcast_1_piece0 stored as bytes in memory (estimated size 2.9 KiB, free 434.4 MiB)
[2024-10-02T16:20:59.088+0000] {spark_submit.py:488} INFO - 24/10/02 16:20:59 INFO BlockManagerInfo: Added broadcast_1_piece0 in memory on 5ad0e88773d9:35491 (size: 2.9 KiB, free: 434.4 MiB)
[2024-10-02T16:20:59.092+0000] {spark_submit.py:488} INFO - 24/10/02 16:20:59 INFO SparkContext: Created broadcast 1 from broadcast at DAGScheduler.scala:1585
[2024-10-02T16:20:59.104+0000] {spark_submit.py:488} INFO - 24/10/02 16:20:59 INFO DAGScheduler: Submitting 1 missing tasks from ResultStage 1 (ShuffledRDD[3] at reduceByKey at WordCountJob.java:34) (first 15 tasks are for partitions Vector(0))
[2024-10-02T16:20:59.106+0000] {spark_submit.py:488} INFO - 24/10/02 16:20:59 INFO TaskSchedulerImpl: Adding task set 1.0 with 1 tasks resource profile 0
[2024-10-02T16:20:59.125+0000] {spark_submit.py:488} INFO - 24/10/02 16:20:59 INFO TaskSetManager: Starting task 0.0 in stage 1.0 (TID 1) (5ad0e88773d9, executor driver, partition 0, NODE_LOCAL, 9002 bytes)
[2024-10-02T16:20:59.130+0000] {spark_submit.py:488} INFO - 24/10/02 16:20:59 INFO Executor: Running task 0.0 in stage 1.0 (TID 1)
[2024-10-02T16:20:59.717+0000] {spark_submit.py:488} INFO - 24/10/02 16:20:59 INFO ShuffleBlockFetcherIterator: Getting 1 (189.0 B) non-empty blocks including 1 (189.0 B) local and 0 (0.0 B) host-local and 0 (0.0 B) push-merged-local and 0 (0.0 B) remote blocks
[2024-10-02T16:20:59.730+0000] {spark_submit.py:488} INFO - 24/10/02 16:20:59 INFO ShuffleBlockFetcherIterator: Started 0 remote fetches in 126 ms
[2024-10-02T16:20:59.964+0000] {spark_submit.py:488} INFO - 24/10/02 16:20:59 INFO Executor: Finished task 0.0 in stage 1.0 (TID 1). 2001 bytes result sent to driver
[2024-10-02T16:21:00.041+0000] {spark_submit.py:488} INFO - 24/10/02 16:21:00 INFO TaskSetManager: Finished task 0.0 in stage 1.0 (TID 1) in 908 ms on 5ad0e88773d9 (executor driver) (1/1)
[2024-10-02T16:21:00.054+0000] {spark_submit.py:488} INFO - 24/10/02 16:21:00 INFO DAGScheduler: ResultStage 1 (collect at WordCountJob.java:37) finished in 0.979 s
[2024-10-02T16:21:00.068+0000] {spark_submit.py:488} INFO - 24/10/02 16:21:00 INFO TaskSchedulerImpl: Removed TaskSet 1.0, whose tasks have all completed, from pool
[2024-10-02T16:21:00.079+0000] {spark_submit.py:488} INFO - 24/10/02 16:21:00 INFO DAGScheduler: Job 0 is finished. Cancelling potential speculative or zombie tasks for this job
[2024-10-02T16:21:00.084+0000] {spark_submit.py:488} INFO - 24/10/02 16:21:00 INFO TaskSchedulerImpl: Killing all running tasks in stage 1: Stage finished
[2024-10-02T16:21:00.100+0000] {spark_submit.py:488} INFO - 24/10/02 16:21:00 INFO DAGScheduler: Job 0 finished: collect at WordCountJob.java:37, took 5.796652 s
[2024-10-02T16:21:00.115+0000] {spark_submit.py:488} INFO - spark: 1
[2024-10-02T16:21:00.117+0000] {spark_submit.py:488} INFO - docker: 1
[2024-10-02T16:21:00.118+0000] {spark_submit.py:488} INFO - Yusuf: 1
[2024-10-02T16:21:00.119+0000] {spark_submit.py:488} INFO - hello: 5
[2024-10-02T16:21:00.121+0000] {spark_submit.py:488} INFO - java: 1
[2024-10-02T16:21:00.122+0000] {spark_submit.py:488} INFO - world: 1
[2024-10-02T16:21:00.134+0000] {spark_submit.py:488} INFO - 24/10/02 16:21:00 INFO SparkContext: SparkContext is stopping with exitCode 0.
[2024-10-02T16:21:00.194+0000] {spark_submit.py:488} INFO - 24/10/02 16:21:00 INFO SparkUI: Stopped Spark web UI at http://5ad0e88773d9:4040
[2024-10-02T16:21:00.355+0000] {spark_submit.py:488} INFO - 24/10/02 16:21:00 INFO MapOutputTrackerMasterEndpoint: MapOutputTrackerMasterEndpoint stopped!
[2024-10-02T16:21:00.459+0000] {spark_submit.py:488} INFO - 24/10/02 16:21:00 INFO MemoryStore: MemoryStore cleared
[2024-10-02T16:21:00.462+0000] {spark_submit.py:488} INFO - 24/10/02 16:21:00 INFO BlockManager: BlockManager stopped
[2024-10-02T16:21:00.474+0000] {spark_submit.py:488} INFO - 24/10/02 16:21:00 INFO BlockManagerMaster: BlockManagerMaster stopped
[2024-10-02T16:21:00.534+0000] {spark_submit.py:488} INFO - 24/10/02 16:21:00 INFO OutputCommitCoordinator$OutputCommitCoordinatorEndpoint: OutputCommitCoordinator stopped!
[2024-10-02T16:21:00.605+0000] {spark_submit.py:488} INFO - 24/10/02 16:21:00 INFO SparkContext: Successfully stopped SparkContext
[2024-10-02T16:21:00.647+0000] {spark_submit.py:488} INFO - 24/10/02 16:21:00 INFO ShutdownHookManager: Shutdown hook called
[2024-10-02T16:21:00.651+0000] {spark_submit.py:488} INFO - 24/10/02 16:21:00 INFO ShutdownHookManager: Deleting directory /tmp/spark-f64767c8-8c52-4243-a0c5-1f1643459c7d
[2024-10-02T16:21:00.679+0000] {spark_submit.py:488} INFO - 24/10/02 16:21:00 INFO ShutdownHookManager: Deleting directory /tmp/spark-517bc4a3-a216-44c4-a6f5-11ef76993902
[2024-10-02T16:21:01.090+0000] {taskinstance.py:340} INFO - ::group::Post task execution logs
[2024-10-02T16:21:01.091+0000] {taskinstance.py:352} INFO - Marking task as SUCCESS. dag_id=sparking_flow, task_id=java_job, run_id=manual__2024-10-02T16:20:28.423075+00:00, execution_date=20241002T162028, start_date=20241002T162034, end_date=20241002T162101
[2024-10-02T16:21:01.170+0000] {local_task_job_runner.py:266} INFO - Task exited with return code 0
[2024-10-02T16:21:01.275+0000] {taskinstance.py:3900} INFO - 0 downstream tasks scheduled from follow-on schedule check
[2024-10-02T16:21:01.313+0000] {local_task_job_runner.py:245} INFO - ::endgroup::
