[2024-09-25T08:51:51.856+0000] {local_task_job_runner.py:123} INFO - ::group::Pre task execution logs
[2024-09-25T08:51:51.881+0000] {taskinstance.py:2612} INFO - Dependencies all met for dep_context=non-requeueable deps ti=<TaskInstance: etl_pipeline.dellstore_db.load.orders scheduled__2024-09-24T00:00:00+00:00 [queued]>
[2024-09-25T08:51:51.892+0000] {taskinstance.py:2612} INFO - Dependencies all met for dep_context=requeueable deps ti=<TaskInstance: etl_pipeline.dellstore_db.load.orders scheduled__2024-09-24T00:00:00+00:00 [queued]>
[2024-09-25T08:51:51.892+0000] {taskinstance.py:2865} INFO - Starting attempt 1 of 1
[2024-09-25T08:51:51.909+0000] {taskinstance.py:2888} INFO - Executing <Task(PythonOperator): dellstore_db.load.orders> on 2024-09-24 00:00:00+00:00
[2024-09-25T08:51:51.919+0000] {warnings.py:112} WARNING - /home/***/.local/lib/python3.12/site-packages/***/task/task_runner/standard_task_runner.py:70: DeprecationWarning: This process (pid=390) is multi-threaded, use of fork() may lead to deadlocks in the child.
  pid = os.fork()

[2024-09-25T08:51:51.921+0000] {standard_task_runner.py:72} INFO - Started process 392 to run task
[2024-09-25T08:51:51.921+0000] {standard_task_runner.py:104} INFO - Running: ['***', 'tasks', 'run', 'etl_pipeline', 'dellstore_db.load.orders', 'scheduled__2024-09-24T00:00:00+00:00', '--job-id', '25', '--raw', '--subdir', 'DAGS_FOLDER/etl_pipeline/run.py', '--cfg-path', '/tmp/tmpudn5m6on']
[2024-09-25T08:51:51.924+0000] {standard_task_runner.py:105} INFO - Job 25: Subtask dellstore_db.load.orders
[2024-09-25T08:51:51.979+0000] {task_command.py:467} INFO - Running <TaskInstance: etl_pipeline.dellstore_db.load.orders scheduled__2024-09-24T00:00:00+00:00 [running]> on host 857abb7f2bfc
[2024-09-25T08:51:52.082+0000] {taskinstance.py:3131} INFO - Exporting env vars: AIRFLOW_CTX_DAG_OWNER='***' AIRFLOW_CTX_DAG_ID='etl_pipeline' AIRFLOW_CTX_TASK_ID='dellstore_db.load.orders' AIRFLOW_CTX_EXECUTION_DATE='2024-09-24T00:00:00+00:00' AIRFLOW_CTX_TRY_NUMBER='1' AIRFLOW_CTX_DAG_RUN_ID='scheduled__2024-09-24T00:00:00+00:00'
[2024-09-25T08:51:52.084+0000] {taskinstance.py:731} INFO - ::endgroup::
[2024-09-25T08:51:52.101+0000] {base.py:84} INFO - Retrieving connection 'staging_db'
[2024-09-25T08:51:52.112+0000] {base.py:84} INFO - Retrieving connection 'minio'
[2024-09-25T08:51:54.429+0000] {python.py:240} INFO - Done. Returned value was: None
[2024-09-25T08:51:54.441+0000] {taskinstance.py:340} INFO - ::group::Post task execution logs
[2024-09-25T08:51:54.442+0000] {taskinstance.py:352} INFO - Marking task as SUCCESS. dag_id=etl_pipeline, task_id=dellstore_db.load.orders, run_id=scheduled__2024-09-24T00:00:00+00:00, execution_date=20240924T000000, start_date=20240925T085151, end_date=20240925T085154
[2024-09-25T08:51:54.507+0000] {local_task_job_runner.py:266} INFO - Task exited with return code 0
[2024-09-25T08:51:54.559+0000] {taskinstance.py:3900} INFO - 1 downstream tasks scheduled from follow-on schedule check
[2024-09-25T08:51:54.563+0000] {local_task_job_runner.py:245} INFO - ::endgroup::
