[2024-09-25T11:02:06.765+0000] {local_task_job_runner.py:123} INFO - ::group::Pre task execution logs
[2024-09-25T11:02:06.787+0000] {taskinstance.py:2612} INFO - Dependencies all met for dep_context=non-requeueable deps ti=<TaskInstance: etl_pipeline.choose_modes manual__2024-09-25T11:02:00.229060+00:00 [queued]>
[2024-09-25T11:02:06.800+0000] {taskinstance.py:2612} INFO - Dependencies all met for dep_context=requeueable deps ti=<TaskInstance: etl_pipeline.choose_modes manual__2024-09-25T11:02:00.229060+00:00 [queued]>
[2024-09-25T11:02:06.800+0000] {taskinstance.py:2865} INFO - Starting attempt 1 of 1
[2024-09-25T11:02:06.819+0000] {taskinstance.py:2888} INFO - Executing <Task(BranchPythonOperator): choose_modes> on 2024-09-25 11:02:00.229060+00:00
[2024-09-25T11:02:06.830+0000] {warnings.py:112} WARNING - /home/***/.local/lib/python3.12/site-packages/***/task/task_runner/standard_task_runner.py:70: DeprecationWarning: This process (pid=282) is multi-threaded, use of fork() may lead to deadlocks in the child.
  pid = os.fork()

[2024-09-25T11:02:06.833+0000] {standard_task_runner.py:72} INFO - Started process 284 to run task
[2024-09-25T11:02:06.836+0000] {standard_task_runner.py:104} INFO - Running: ['***', 'tasks', 'run', 'etl_pipeline', 'choose_modes', 'manual__2024-09-25T11:02:00.229060+00:00', '--job-id', '98', '--raw', '--subdir', 'DAGS_FOLDER/etl_pipeline/run.py', '--cfg-path', '/tmp/tmpffi4cedn']
[2024-09-25T11:02:06.840+0000] {standard_task_runner.py:105} INFO - Job 98: Subtask choose_modes
[2024-09-25T11:02:06.931+0000] {task_command.py:467} INFO - Running <TaskInstance: etl_pipeline.choose_modes manual__2024-09-25T11:02:00.229060+00:00 [running]> on host e10075799413
[2024-09-25T11:02:07.077+0000] {taskinstance.py:3131} INFO - Exporting env vars: AIRFLOW_CTX_DAG_OWNER='***' AIRFLOW_CTX_DAG_ID='etl_pipeline' AIRFLOW_CTX_TASK_ID='choose_modes' AIRFLOW_CTX_EXECUTION_DATE='2024-09-25T11:02:00.229060+00:00' AIRFLOW_CTX_TRY_NUMBER='1' AIRFLOW_CTX_DAG_RUN_ID='manual__2024-09-25T11:02:00.229060+00:00'
[2024-09-25T11:02:07.079+0000] {taskinstance.py:731} INFO - ::endgroup::
[2024-09-25T11:02:07.085+0000] {baseoperator.py:405} WARNING - BranchPythonOperator.execute cannot be called outside TaskInstance!
[2024-09-25T11:02:07.116+0000] {python.py:240} INFO - Done. Returned value was: init
[2024-09-25T11:02:07.116+0000] {branch.py:38} INFO - Branch into init
[2024-09-25T11:02:07.117+0000] {branch.py:64} INFO - Expanding task group init into ['init.create_bucket']
[2024-09-25T11:02:07.118+0000] {skipmixin.py:230} INFO - Following branch ('init.create_bucket',)
[2024-09-25T11:02:07.153+0000] {skipmixin.py:278} INFO - Skipping tasks [('pipeline.staging.dellstore_db.extract.customers', -1), ('pipeline.staging.dellstore_db.extract.products', -1), ('pipeline.staging.dellstore_db.extract.inventory', -1), ('pipeline.staging.dellstore_db.extract.orders', -1), ('pipeline.staging.dellstore_db.extract.cust_hist', -1), ('pipeline.staging.dellstore_db.extract.categories', -1), ('pipeline.staging.dellstore_db.extract.orderlines', -1)]
[2024-09-25T11:02:07.200+0000] {taskinstance.py:340} INFO - ::group::Post task execution logs
[2024-09-25T11:02:07.200+0000] {taskinstance.py:352} INFO - Marking task as SUCCESS. dag_id=etl_pipeline, task_id=choose_modes, run_id=manual__2024-09-25T11:02:00.229060+00:00, execution_date=20240925T110200, start_date=20240925T110206, end_date=20240925T110207
[2024-09-25T11:02:07.253+0000] {local_task_job_runner.py:266} INFO - Task exited with return code 0
[2024-09-25T11:02:07.370+0000] {taskinstance.py:3900} INFO - 1 downstream tasks scheduled from follow-on schedule check
[2024-09-25T11:02:07.374+0000] {local_task_job_runner.py:245} INFO - ::endgroup::
