[2024-09-25T09:59:53.007+0000] {local_task_job_runner.py:123} INFO - ::group::Pre task execution logs
[2024-09-25T09:59:53.138+0000] {taskinstance.py:2612} INFO - Dependencies all met for dep_context=non-requeueable deps ti=<TaskInstance: etl_pipeline.warehouse.step_1.extract_transform.categories scheduled__2024-09-24T00:00:00+00:00 [queued]>
[2024-09-25T09:59:53.185+0000] {taskinstance.py:2612} INFO - Dependencies all met for dep_context=requeueable deps ti=<TaskInstance: etl_pipeline.warehouse.step_1.extract_transform.categories scheduled__2024-09-24T00:00:00+00:00 [queued]>
[2024-09-25T09:59:53.188+0000] {taskinstance.py:2865} INFO - Starting attempt 2 of 2
[2024-09-25T09:59:53.270+0000] {taskinstance.py:2888} INFO - Executing <Task(PythonOperator): warehouse.step_1.extract_transform.categories> on 2024-09-24 00:00:00+00:00
[2024-09-25T09:59:53.306+0000] {warnings.py:112} WARNING - /home/***/.local/lib/python3.12/site-packages/***/task/task_runner/standard_task_runner.py:70: DeprecationWarning: This process (pid=388) is multi-threaded, use of fork() may lead to deadlocks in the child.
  pid = os.fork()

[2024-09-25T09:59:53.316+0000] {standard_task_runner.py:72} INFO - Started process 403 to run task
[2024-09-25T09:59:53.313+0000] {standard_task_runner.py:104} INFO - Running: ['***', 'tasks', 'run', 'etl_pipeline', 'warehouse.step_1.extract_transform.categories', 'scheduled__2024-09-24T00:00:00+00:00', '--job-id', '61', '--raw', '--subdir', 'DAGS_FOLDER/etl_pipeline/run.py', '--cfg-path', '/tmp/tmp0duk0651']
[2024-09-25T09:59:53.329+0000] {standard_task_runner.py:105} INFO - Job 61: Subtask warehouse.step_1.extract_transform.categories
[2024-09-25T09:59:53.555+0000] {task_command.py:467} INFO - Running <TaskInstance: etl_pipeline.warehouse.step_1.extract_transform.categories scheduled__2024-09-24T00:00:00+00:00 [running]> on host 639d778bfb8f
[2024-09-25T09:59:53.883+0000] {taskinstance.py:3131} INFO - Exporting env vars: AIRFLOW_CTX_DAG_OWNER='***' AIRFLOW_CTX_DAG_ID='etl_pipeline' AIRFLOW_CTX_TASK_ID='warehouse.step_1.extract_transform.categories' AIRFLOW_CTX_EXECUTION_DATE='2024-09-24T00:00:00+00:00' AIRFLOW_CTX_TRY_NUMBER='2' AIRFLOW_CTX_DAG_RUN_ID='scheduled__2024-09-24T00:00:00+00:00'
[2024-09-25T09:59:53.887+0000] {taskinstance.py:731} INFO - ::endgroup::
[2024-09-25T09:59:54.008+0000] {base.py:84} INFO - Retrieving connection 'staging_db'
[2024-09-25T09:59:54.487+0000] {base.py:84} INFO - Retrieving connection 'minio'
[2024-09-25T09:59:54.611+0000] {python.py:240} INFO - Done. Returned value was: None
[2024-09-25T09:59:54.699+0000] {taskinstance.py:340} INFO - ::group::Post task execution logs
[2024-09-25T09:59:54.700+0000] {taskinstance.py:352} INFO - Marking task as SUCCESS. dag_id=etl_pipeline, task_id=warehouse.step_1.extract_transform.categories, run_id=scheduled__2024-09-24T00:00:00+00:00, execution_date=20240924T000000, start_date=20240925T095953, end_date=20240925T095954
[2024-09-25T09:59:54.810+0000] {local_task_job_runner.py:266} INFO - Task exited with return code 0
[2024-09-25T09:59:55.035+0000] {taskinstance.py:3900} INFO - 0 downstream tasks scheduled from follow-on schedule check
[2024-09-25T09:59:55.054+0000] {local_task_job_runner.py:245} INFO - ::endgroup::
