[2024-10-02T15:29:29.868+0000] {local_task_job_runner.py:123} INFO - ::group::Pre task execution logs
[2024-10-02T15:29:29.892+0000] {taskinstance.py:2612} INFO - Dependencies all met for dep_context=non-requeueable deps ti=<TaskInstance: sparking_flow.end scheduled__2024-10-01T00:00:00+00:00 [queued]>
[2024-10-02T15:29:29.905+0000] {taskinstance.py:2612} INFO - Dependencies all met for dep_context=requeueable deps ti=<TaskInstance: sparking_flow.end scheduled__2024-10-01T00:00:00+00:00 [queued]>
[2024-10-02T15:29:29.905+0000] {taskinstance.py:2865} INFO - Starting attempt 1 of 1
[2024-10-02T15:29:29.923+0000] {taskinstance.py:2888} INFO - Executing <Task(PythonOperator): end> on 2024-10-01 00:00:00+00:00
[2024-10-02T15:29:29.931+0000] {warnings.py:112} WARNING - /home/***/.local/lib/python3.12/site-packages/***/task/task_runner/standard_task_runner.py:70: DeprecationWarning: This process (pid=552) is multi-threaded, use of fork() may lead to deadlocks in the child.
  pid = os.fork()

[2024-10-02T15:29:29.933+0000] {standard_task_runner.py:72} INFO - Started process 553 to run task
[2024-10-02T15:29:29.933+0000] {standard_task_runner.py:104} INFO - Running: ['***', 'tasks', 'run', 'sparking_flow', 'end', 'scheduled__2024-10-01T00:00:00+00:00', '--job-id', '9', '--raw', '--subdir', 'DAGS_FOLDER/spark_***.py', '--cfg-path', '/tmp/tmpacz8qugy']
[2024-10-02T15:29:29.934+0000] {standard_task_runner.py:105} INFO - Job 9: Subtask end
[2024-10-02T15:29:29.994+0000] {task_command.py:467} INFO - Running <TaskInstance: sparking_flow.end scheduled__2024-10-01T00:00:00+00:00 [running]> on host 531092bfcd5c
[2024-10-02T15:29:30.118+0000] {taskinstance.py:3131} INFO - Exporting env vars: AIRFLOW_CTX_DAG_OWNER='Yusuf Ganiyu' AIRFLOW_CTX_DAG_ID='sparking_flow' AIRFLOW_CTX_TASK_ID='end' AIRFLOW_CTX_EXECUTION_DATE='2024-10-01T00:00:00+00:00' AIRFLOW_CTX_TRY_NUMBER='1' AIRFLOW_CTX_DAG_RUN_ID='scheduled__2024-10-01T00:00:00+00:00'
[2024-10-02T15:29:30.119+0000] {taskinstance.py:731} INFO - ::endgroup::
[2024-10-02T15:29:30.139+0000] {logging_mixin.py:190} INFO - Jobs completed successfully
[2024-10-02T15:29:30.140+0000] {python.py:240} INFO - Done. Returned value was: None
[2024-10-02T15:29:30.156+0000] {taskinstance.py:340} INFO - ::group::Post task execution logs
[2024-10-02T15:29:30.157+0000] {taskinstance.py:352} INFO - Marking task as SUCCESS. dag_id=sparking_flow, task_id=end, run_id=scheduled__2024-10-01T00:00:00+00:00, execution_date=20241001T000000, start_date=20241002T152929, end_date=20241002T152930
[2024-10-02T15:29:30.200+0000] {local_task_job_runner.py:266} INFO - Task exited with return code 0
[2024-10-02T15:29:30.225+0000] {taskinstance.py:3900} INFO - 0 downstream tasks scheduled from follow-on schedule check
[2024-10-02T15:29:30.229+0000] {local_task_job_runner.py:245} INFO - ::endgroup::
[2024-10-02T18:58:37.998+0000] {local_task_job_runner.py:123} INFO - ::group::Pre task execution logs
[2024-10-02T18:58:38.024+0000] {taskinstance.py:2612} INFO - Dependencies all met for dep_context=non-requeueable deps ti=<TaskInstance: sparking_flow.end scheduled__2024-10-01T00:00:00+00:00 [queued]>
[2024-10-02T18:58:38.035+0000] {taskinstance.py:2612} INFO - Dependencies all met for dep_context=requeueable deps ti=<TaskInstance: sparking_flow.end scheduled__2024-10-01T00:00:00+00:00 [queued]>
[2024-10-02T18:58:38.035+0000] {taskinstance.py:2865} INFO - Starting attempt 1 of 1
[2024-10-02T18:58:38.053+0000] {taskinstance.py:2888} INFO - Executing <Task(PythonOperator): end> on 2024-10-01 00:00:00+00:00
[2024-10-02T18:58:38.062+0000] {logging_mixin.py:190} WARNING - /home/***/.local/lib/python3.12/site-packages/***/task/task_runner/standard_task_runner.py:70 DeprecationWarning: This process (pid=80093) is multi-threaded, use of fork() may lead to deadlocks in the child.
[2024-10-02T18:58:38.061+0000] {standard_task_runner.py:104} INFO - Running: ['***', 'tasks', 'run', 'sparking_flow', 'end', 'scheduled__2024-10-01T00:00:00+00:00', '--job-id', '13457', '--raw', '--subdir', 'DAGS_FOLDER/materi/test.py', '--cfg-path', '/tmp/tmp1xodchna']
[2024-10-02T18:58:38.063+0000] {standard_task_runner.py:105} INFO - Job 13457: Subtask end
[2024-10-02T18:58:38.063+0000] {standard_task_runner.py:72} INFO - Started process 80094 to run task
[2024-10-02T18:58:38.130+0000] {task_command.py:467} INFO - Running <TaskInstance: sparking_flow.end scheduled__2024-10-01T00:00:00+00:00 [running]> on host 19cd1516b3ca
[2024-10-02T18:58:38.246+0000] {taskinstance.py:3131} INFO - Exporting env vars: AIRFLOW_CTX_DAG_OWNER='Yusuf Ganiyu' AIRFLOW_CTX_DAG_ID='sparking_flow' AIRFLOW_CTX_TASK_ID='end' AIRFLOW_CTX_EXECUTION_DATE='2024-10-01T00:00:00+00:00' AIRFLOW_CTX_TRY_NUMBER='1' AIRFLOW_CTX_DAG_RUN_ID='scheduled__2024-10-01T00:00:00+00:00'
[2024-10-02T18:58:38.246+0000] {taskinstance.py:731} INFO - ::endgroup::
[2024-10-02T18:58:38.267+0000] {logging_mixin.py:190} INFO - Jobs completed successfully
[2024-10-02T18:58:38.268+0000] {python.py:240} INFO - Done. Returned value was: None
[2024-10-02T18:58:38.286+0000] {taskinstance.py:340} INFO - ::group::Post task execution logs
[2024-10-02T18:58:38.287+0000] {taskinstance.py:352} INFO - Marking task as SUCCESS. dag_id=sparking_flow, task_id=end, run_id=scheduled__2024-10-01T00:00:00+00:00, execution_date=20241001T000000, start_date=20241002T185838, end_date=20241002T185838
[2024-10-02T18:58:38.320+0000] {local_task_job_runner.py:266} INFO - Task exited with return code 0
[2024-10-02T18:58:38.342+0000] {taskinstance.py:3900} INFO - 0 downstream tasks scheduled from follow-on schedule check
[2024-10-02T18:58:38.345+0000] {local_task_job_runner.py:245} INFO - ::endgroup::
