[2024-09-25T09:45:36.635+0000] {local_task_job_runner.py:123} INFO - ::group::Pre task execution logs
[2024-09-25T09:45:36.660+0000] {taskinstance.py:2612} INFO - Dependencies all met for dep_context=non-requeueable deps ti=<TaskInstance: branch_python_operator_example.branching manual__2024-09-25T09:45:34.724127+00:00 [queued]>
[2024-09-25T09:45:36.674+0000] {taskinstance.py:2612} INFO - Dependencies all met for dep_context=requeueable deps ti=<TaskInstance: branch_python_operator_example.branching manual__2024-09-25T09:45:34.724127+00:00 [queued]>
[2024-09-25T09:45:36.675+0000] {taskinstance.py:2865} INFO - Starting attempt 1 of 2
[2024-09-25T09:45:36.697+0000] {taskinstance.py:2888} INFO - Executing <Task(BranchPythonOperator): branching> on 2024-09-25 09:45:34.724127+00:00
[2024-09-25T09:45:36.705+0000] {warnings.py:112} WARNING - /home/***/.local/lib/python3.12/site-packages/***/task/task_runner/standard_task_runner.py:70: DeprecationWarning: This process (pid=130) is multi-threaded, use of fork() may lead to deadlocks in the child.
  pid = os.fork()

[2024-09-25T09:45:36.707+0000] {standard_task_runner.py:72} INFO - Started process 131 to run task
[2024-09-25T09:45:36.707+0000] {standard_task_runner.py:104} INFO - Running: ['***', 'tasks', 'run', 'branch_python_operator_example', 'branching', 'manual__2024-09-25T09:45:34.724127+00:00', '--job-id', '37', '--raw', '--subdir', 'DAGS_FOLDER/materi/branch_operator.py', '--cfg-path', '/tmp/tmpipwtsvt5']
[2024-09-25T09:45:36.709+0000] {standard_task_runner.py:105} INFO - Job 37: Subtask branching
[2024-09-25T09:45:36.776+0000] {task_command.py:467} INFO - Running <TaskInstance: branch_python_operator_example.branching manual__2024-09-25T09:45:34.724127+00:00 [running]> on host 639d778bfb8f
[2024-09-25T09:45:36.909+0000] {taskinstance.py:3131} INFO - Exporting env vars: AIRFLOW_CTX_DAG_OWNER='***' AIRFLOW_CTX_DAG_ID='branch_python_operator_example' AIRFLOW_CTX_TASK_ID='branching' AIRFLOW_CTX_EXECUTION_DATE='2024-09-25T09:45:34.724127+00:00' AIRFLOW_CTX_TRY_NUMBER='1' AIRFLOW_CTX_DAG_RUN_ID='manual__2024-09-25T09:45:34.724127+00:00'
[2024-09-25T09:45:36.910+0000] {taskinstance.py:731} INFO - ::endgroup::
[2024-09-25T09:45:36.934+0000] {baseoperator.py:405} WARNING - BranchPythonOperator.execute cannot be called outside TaskInstance!
[2024-09-25T09:45:36.935+0000] {python.py:240} INFO - Done. Returned value was: odd_branch
[2024-09-25T09:45:36.936+0000] {branch.py:38} INFO - Branch into odd_branch
[2024-09-25T09:45:36.936+0000] {skipmixin.py:230} INFO - Following branch ('odd_branch',)
[2024-09-25T09:45:36.951+0000] {skipmixin.py:278} INFO - Skipping tasks [('even_branch', -1)]
[2024-09-25T09:45:36.998+0000] {taskinstance.py:340} INFO - ::group::Post task execution logs
[2024-09-25T09:45:36.998+0000] {taskinstance.py:352} INFO - Marking task as SUCCESS. dag_id=branch_python_operator_example, task_id=branching, run_id=manual__2024-09-25T09:45:34.724127+00:00, execution_date=20240925T094534, start_date=20240925T094536, end_date=20240925T094536
[2024-09-25T09:45:37.045+0000] {local_task_job_runner.py:266} INFO - Task exited with return code 0
[2024-09-25T09:45:37.091+0000] {taskinstance.py:3900} INFO - 1 downstream tasks scheduled from follow-on schedule check
[2024-09-25T09:45:37.094+0000] {local_task_job_runner.py:245} INFO - ::endgroup::
