[2024-10-03T09:11:52.270+0000] {local_task_job_runner.py:123} INFO - ::group::Pre task execution logs
[2024-10-03T09:11:52.321+0000] {taskinstance.py:2612} INFO - Dependencies all met for dep_context=non-requeueable deps ti=<TaskInstance: etl_pipeline.warehouse.step_1.extract_transform.categories manual__2024-10-03T08:41:55.857004+00:00 [queued]>
[2024-10-03T09:11:52.346+0000] {taskinstance.py:2612} INFO - Dependencies all met for dep_context=requeueable deps ti=<TaskInstance: etl_pipeline.warehouse.step_1.extract_transform.categories manual__2024-10-03T08:41:55.857004+00:00 [queued]>
[2024-10-03T09:11:52.347+0000] {taskinstance.py:2865} INFO - Starting attempt 9 of 9
[2024-10-03T09:11:52.382+0000] {taskinstance.py:2888} INFO - Executing <Task(SparkSubmitOperator): warehouse.step_1.extract_transform.categories> on 2024-10-03 08:41:55.857004+00:00
[2024-10-03T09:11:52.406+0000] {logging_mixin.py:190} WARNING - /home/***/.local/lib/python3.12/site-packages/***/task/task_runner/standard_task_runner.py:70 DeprecationWarning: This process (pid=47396) is multi-threaded, use of fork() may lead to deadlocks in the child.
[2024-10-03T09:11:52.409+0000] {standard_task_runner.py:72} INFO - Started process 47408 to run task
[2024-10-03T09:11:52.407+0000] {standard_task_runner.py:104} INFO - Running: ['***', 'tasks', 'run', 'etl_pipeline', 'warehouse.step_1.extract_transform.categories', 'manual__2024-10-03T08:41:55.857004+00:00', '--job-id', '13650', '--raw', '--subdir', 'DAGS_FOLDER/etl_pipeline/run.py', '--cfg-path', '/tmp/tmp3s4ob4tb']
[2024-10-03T09:11:52.418+0000] {standard_task_runner.py:105} INFO - Job 13650: Subtask warehouse.step_1.extract_transform.categories
[2024-10-03T09:11:52.583+0000] {task_command.py:467} INFO - Running <TaskInstance: etl_pipeline.warehouse.step_1.extract_transform.categories manual__2024-10-03T08:41:55.857004+00:00 [running]> on host 8c0d519f07a3
[2024-10-03T09:11:52.833+0000] {taskinstance.py:3131} INFO - Exporting env vars: AIRFLOW_CTX_DAG_OWNER='***' AIRFLOW_CTX_DAG_ID='etl_pipeline' AIRFLOW_CTX_TASK_ID='warehouse.step_1.extract_transform.categories' AIRFLOW_CTX_EXECUTION_DATE='2024-10-03T08:41:55.857004+00:00' AIRFLOW_CTX_TRY_NUMBER='9' AIRFLOW_CTX_DAG_RUN_ID='manual__2024-10-03T08:41:55.857004+00:00'
[2024-10-03T09:11:52.836+0000] {taskinstance.py:731} INFO - ::endgroup::
[2024-10-03T09:11:52.875+0000] {base.py:84} INFO - Retrieving connection 'spark-conn'
[2024-10-03T09:11:52.879+0000] {spark_submit.py:335} INFO - Spark-Submit cmd: spark-submit --master spark://spark-master:7077 --name arrow-spark dags/etl_pipeline/tasks/warehouse/components/extract_transform.py categories False 2024-10-03
[2024-10-03T09:11:53.002+0000] {spark_submit.py:488} INFO - /home/***/.local/lib/python3.12/site-packages/pyspark/bin/load-spark-env.sh: line 68: ps: command not found
[2024-10-03T09:12:05.582+0000] {spark_submit.py:488} INFO - 24/10/03 09:12:05 INFO SparkContext: Running Spark version 3.5.3
[2024-10-03T09:12:05.586+0000] {spark_submit.py:488} INFO - 24/10/03 09:12:05 INFO SparkContext: OS info Linux, 5.15.153.1-microsoft-standard-WSL2, amd64
[2024-10-03T09:12:05.588+0000] {spark_submit.py:488} INFO - 24/10/03 09:12:05 INFO SparkContext: Java version 17.0.12
[2024-10-03T09:12:05.692+0000] {spark_submit.py:488} INFO - 24/10/03 09:12:05 WARN NativeCodeLoader: Unable to load native-hadoop library for your platform... using builtin-java classes where applicable
[2024-10-03T09:12:05.889+0000] {spark_submit.py:488} INFO - 24/10/03 09:12:05 INFO ResourceUtils: ==============================================================
[2024-10-03T09:12:05.890+0000] {spark_submit.py:488} INFO - 24/10/03 09:12:05 INFO ResourceUtils: No custom resources configured for spark.driver.
[2024-10-03T09:12:05.891+0000] {spark_submit.py:488} INFO - 24/10/03 09:12:05 INFO ResourceUtils: ==============================================================
[2024-10-03T09:12:05.893+0000] {spark_submit.py:488} INFO - 24/10/03 09:12:05 INFO SparkContext: Submitted application: Extract Transform - categories
[2024-10-03T09:12:05.934+0000] {spark_submit.py:488} INFO - 24/10/03 09:12:05 INFO ResourceProfile: Default ResourceProfile created, executor resources: Map(memory -> name: memory, amount: 1024, script: , vendor: , offHeap -> name: offHeap, amount: 0, script: , vendor: ), task resources: Map(cpus -> name: cpus, amount: 1.0)
[2024-10-03T09:12:05.952+0000] {spark_submit.py:488} INFO - 24/10/03 09:12:05 INFO ResourceProfile: Limiting resource is cpu
[2024-10-03T09:12:05.955+0000] {spark_submit.py:488} INFO - 24/10/03 09:12:05 INFO ResourceProfileManager: Added ResourceProfile id: 0
[2024-10-03T09:12:06.056+0000] {spark_submit.py:488} INFO - 24/10/03 09:12:06 INFO SecurityManager: Changing view acls to: ***
[2024-10-03T09:12:06.058+0000] {spark_submit.py:488} INFO - 24/10/03 09:12:06 INFO SecurityManager: Changing modify acls to: ***
[2024-10-03T09:12:06.060+0000] {spark_submit.py:488} INFO - 24/10/03 09:12:06 INFO SecurityManager: Changing view acls groups to:
[2024-10-03T09:12:06.062+0000] {spark_submit.py:488} INFO - 24/10/03 09:12:06 INFO SecurityManager: Changing modify acls groups to:
[2024-10-03T09:12:06.063+0000] {spark_submit.py:488} INFO - 24/10/03 09:12:06 INFO SecurityManager: SecurityManager: authentication disabled; ui acls disabled; users with view permissions: ***; groups with view permissions: EMPTY; users with modify permissions: ***; groups with modify permissions: EMPTY
[2024-10-03T09:12:06.689+0000] {spark_submit.py:488} INFO - 24/10/03 09:12:06 INFO Utils: Successfully started service 'sparkDriver' on port 45189.
[2024-10-03T09:12:06.768+0000] {spark_submit.py:488} INFO - 24/10/03 09:12:06 INFO SparkEnv: Registering MapOutputTracker
[2024-10-03T09:12:06.866+0000] {spark_submit.py:488} INFO - 24/10/03 09:12:06 INFO SparkEnv: Registering BlockManagerMaster
[2024-10-03T09:12:06.916+0000] {spark_submit.py:488} INFO - 24/10/03 09:12:06 INFO BlockManagerMasterEndpoint: Using org.apache.spark.storage.DefaultTopologyMapper for getting topology information
[2024-10-03T09:12:06.918+0000] {spark_submit.py:488} INFO - 24/10/03 09:12:06 INFO BlockManagerMasterEndpoint: BlockManagerMasterEndpoint up
[2024-10-03T09:12:06.931+0000] {spark_submit.py:488} INFO - 24/10/03 09:12:06 INFO SparkEnv: Registering BlockManagerMasterHeartbeat
[2024-10-03T09:12:06.987+0000] {spark_submit.py:488} INFO - 24/10/03 09:12:06 INFO DiskBlockManager: Created local directory at /tmp/blockmgr-1e5a1407-b836-4712-b22a-b1e55676dddc
[2024-10-03T09:12:07.025+0000] {spark_submit.py:488} INFO - 24/10/03 09:12:07 INFO MemoryStore: MemoryStore started with capacity 434.4 MiB
[2024-10-03T09:12:07.066+0000] {spark_submit.py:488} INFO - 24/10/03 09:12:07 INFO SparkEnv: Registering OutputCommitCoordinator
[2024-10-03T09:12:07.406+0000] {spark_submit.py:488} INFO - 24/10/03 09:12:07 INFO JettyUtils: Start Jetty 0.0.0.0:4040 for SparkUI
[2024-10-03T09:12:07.547+0000] {spark_submit.py:488} INFO - 24/10/03 09:12:07 INFO Utils: Successfully started service 'SparkUI' on port 4040.
[2024-10-03T09:12:07.861+0000] {spark_submit.py:488} INFO - 24/10/03 09:12:07 INFO StandaloneAppClient$ClientEndpoint: Connecting to master spark://spark-master:7077...
[2024-10-03T09:12:07.977+0000] {spark_submit.py:488} INFO - 24/10/03 09:12:07 INFO TransportClientFactory: Successfully created connection to spark-master/172.20.0.2:7077 after 65 ms (0 ms spent in bootstraps)
[2024-10-03T09:12:08.159+0000] {spark_submit.py:488} INFO - 24/10/03 09:12:08 INFO StandaloneSchedulerBackend: Connected to Spark cluster with app ID app-20241003091208-0056
[2024-10-03T09:12:08.163+0000] {spark_submit.py:488} INFO - 24/10/03 09:12:08 INFO StandaloneAppClient$ClientEndpoint: Executor added: app-20241003091208-0056/0 on worker-20241003061731-172.20.0.9-38803 (172.20.0.9:38803) with 2 core(s)
[2024-10-03T09:12:08.169+0000] {spark_submit.py:488} INFO - 24/10/03 09:12:08 INFO StandaloneSchedulerBackend: Granted executor ID app-20241003091208-0056/0 on hostPort 172.20.0.9:38803 with 2 core(s), 1024.0 MiB RAM
[2024-10-03T09:12:08.179+0000] {spark_submit.py:488} INFO - 24/10/03 09:12:08 INFO Utils: Successfully started service 'org.apache.spark.network.netty.NettyBlockTransferService' on port 42501.
[2024-10-03T09:12:08.180+0000] {spark_submit.py:488} INFO - 24/10/03 09:12:08 INFO NettyBlockTransferService: Server created on 8c0d519f07a3:42501
[2024-10-03T09:12:08.185+0000] {spark_submit.py:488} INFO - 24/10/03 09:12:08 INFO BlockManager: Using org.apache.spark.storage.RandomBlockReplicationPolicy for block replication policy
[2024-10-03T09:12:08.198+0000] {spark_submit.py:488} INFO - 24/10/03 09:12:08 INFO BlockManagerMaster: Registering BlockManager BlockManagerId(driver, 8c0d519f07a3, 42501, None)
[2024-10-03T09:12:08.207+0000] {spark_submit.py:488} INFO - 24/10/03 09:12:08 INFO BlockManagerMasterEndpoint: Registering block manager 8c0d519f07a3:42501 with 434.4 MiB RAM, BlockManagerId(driver, 8c0d519f07a3, 42501, None)
[2024-10-03T09:12:08.213+0000] {spark_submit.py:488} INFO - 24/10/03 09:12:08 INFO BlockManagerMaster: Registered BlockManager BlockManagerId(driver, 8c0d519f07a3, 42501, None)
[2024-10-03T09:12:08.217+0000] {spark_submit.py:488} INFO - 24/10/03 09:12:08 INFO BlockManager: Initialized BlockManager: BlockManagerId(driver, 8c0d519f07a3, 42501, None)
[2024-10-03T09:12:08.263+0000] {spark_submit.py:488} INFO - 24/10/03 09:12:08 INFO StandaloneAppClient$ClientEndpoint: Executor updated: app-20241003091208-0056/0 is now RUNNING
[2024-10-03T09:12:08.767+0000] {spark_submit.py:488} INFO - 24/10/03 09:12:08 INFO StandaloneSchedulerBackend: SchedulerBackend is ready for scheduling beginning after reached minRegisteredResourcesRatio: 0.0
[2024-10-03T09:12:10.708+0000] {spark_submit.py:488} INFO - [2024-10-03T09:12:10.705+0000] {base.py:84} INFO - Retrieving connection 'staging_db'
[2024-10-03T09:12:10.731+0000] {spark_submit.py:488} INFO - ['category', 'categoryname', 'created_at']
[2024-10-03T09:12:10.732+0000] {spark_submit.py:488} INFO - [(1, 'Action', datetime.datetime(2004, 3, 1, 0, 0)), (2, 'Animation', datetime.datetime(2004, 3, 1, 0, 0)), (3, 'Children', datetime.datetime(2004, 3, 1, 0, 0)), (4, 'Classics', datetime.datetime(2004, 3, 1, 0, 0)), (5, 'Comedy', datetime.datetime(2004, 3, 1, 0, 0)), (6, 'Documentary', datetime.datetime(2004, 3, 1, 0, 0)), (7, 'Drama', datetime.datetime(2004, 3, 1, 0, 0)), (8, 'Family', datetime.datetime(2004, 3, 1, 0, 0)), (9, 'Foreign', datetime.datetime(2004, 3, 1, 0, 0)), (10, 'Games', datetime.datetime(2004, 3, 1, 0, 0)), (11, 'Horror', datetime.datetime(2004, 3, 1, 0, 0)), (12, 'Music', datetime.datetime(2004, 3, 1, 0, 0)), (13, 'New', datetime.datetime(2004, 3, 1, 0, 0)), (14, 'Sci-Fi', datetime.datetime(2004, 3, 1, 0, 0)), (15, 'Sports', datetime.datetime(2004, 3, 1, 0, 0)), (16, 'Travel', datetime.datetime(2004, 3, 1, 0, 0))]
[2024-10-03T09:12:10.866+0000] {spark_submit.py:488} INFO - 24/10/03 09:12:10 INFO SharedState: Setting hive.metastore.warehouse.dir ('null') to the value of spark.sql.warehouse.dir.
[2024-10-03T09:12:10.885+0000] {spark_submit.py:488} INFO - 24/10/03 09:12:10 INFO SharedState: Warehouse path is 'file:/opt/***/spark-warehouse'.
[2024-10-03T09:12:13.901+0000] {spark_submit.py:488} INFO - 24/10/03 09:12:13 INFO StandaloneSchedulerBackend$StandaloneDriverEndpoint: Registered executor NettyRpcEndpointRef(spark-client://Executor) (172.20.0.9:49482) with ID 0,  ResourceProfileId 0
[2024-10-03T09:12:14.091+0000] {spark_submit.py:488} INFO - 24/10/03 09:12:14 INFO BlockManagerMasterEndpoint: Registering block manager 172.20.0.9:44613 with 434.4 MiB RAM, BlockManagerId(0, 172.20.0.9, 44613, None)
[2024-10-03T09:12:15.069+0000] {spark_submit.py:488} INFO - DataFrame content before writing to CSV:
[2024-10-03T09:12:16.886+0000] {spark_submit.py:488} INFO - 24/10/03 09:12:16 INFO CodeGenerator: Code generated in 415.446292 ms
[2024-10-03T09:12:17.060+0000] {spark_submit.py:488} INFO - 24/10/03 09:12:17 INFO DAGScheduler: Registering RDD 7 (showString at NativeMethodAccessorImpl.java:0) as input to shuffle 0
[2024-10-03T09:12:17.066+0000] {spark_submit.py:488} INFO - 24/10/03 09:12:17 INFO DAGScheduler: Got map stage job 0 (showString at NativeMethodAccessorImpl.java:0) with 2 output partitions
[2024-10-03T09:12:17.067+0000] {spark_submit.py:488} INFO - 24/10/03 09:12:17 INFO DAGScheduler: Final stage: ShuffleMapStage 0 (showString at NativeMethodAccessorImpl.java:0)
[2024-10-03T09:12:17.068+0000] {spark_submit.py:488} INFO - 24/10/03 09:12:17 INFO DAGScheduler: Parents of final stage: List()
[2024-10-03T09:12:17.071+0000] {spark_submit.py:488} INFO - 24/10/03 09:12:17 INFO DAGScheduler: Missing parents: List()
[2024-10-03T09:12:17.078+0000] {spark_submit.py:488} INFO - 24/10/03 09:12:17 INFO DAGScheduler: Submitting ShuffleMapStage 0 (MapPartitionsRDD[7] at showString at NativeMethodAccessorImpl.java:0), which has no missing parents
[2024-10-03T09:12:17.202+0000] {spark_submit.py:488} INFO - 24/10/03 09:12:17 INFO MemoryStore: Block broadcast_0 stored as values in memory (estimated size 29.2 KiB, free 434.4 MiB)
[2024-10-03T09:12:17.272+0000] {spark_submit.py:488} INFO - 24/10/03 09:12:17 INFO MemoryStore: Block broadcast_0_piece0 stored as bytes in memory (estimated size 14.1 KiB, free 434.4 MiB)
[2024-10-03T09:12:17.278+0000] {spark_submit.py:488} INFO - 24/10/03 09:12:17 INFO BlockManagerInfo: Added broadcast_0_piece0 in memory on 8c0d519f07a3:42501 (size: 14.1 KiB, free: 434.4 MiB)
[2024-10-03T09:12:17.285+0000] {spark_submit.py:488} INFO - 24/10/03 09:12:17 INFO SparkContext: Created broadcast 0 from broadcast at DAGScheduler.scala:1585
[2024-10-03T09:12:17.315+0000] {spark_submit.py:488} INFO - 24/10/03 09:12:17 INFO DAGScheduler: Submitting 2 missing tasks from ShuffleMapStage 0 (MapPartitionsRDD[7] at showString at NativeMethodAccessorImpl.java:0) (first 15 tasks are for partitions Vector(0, 1))
[2024-10-03T09:12:17.318+0000] {spark_submit.py:488} INFO - 24/10/03 09:12:17 INFO TaskSchedulerImpl: Adding task set 0.0 with 2 tasks resource profile 0
[2024-10-03T09:12:17.363+0000] {spark_submit.py:488} INFO - 24/10/03 09:12:17 INFO TaskSetManager: Starting task 0.0 in stage 0.0 (TID 0) (172.20.0.9, executor 0, partition 0, PROCESS_LOCAL, 9185 bytes)
[2024-10-03T09:12:17.370+0000] {spark_submit.py:488} INFO - 24/10/03 09:12:17 INFO TaskSetManager: Starting task 1.0 in stage 0.0 (TID 1) (172.20.0.9, executor 0, partition 1, PROCESS_LOCAL, 9170 bytes)
[2024-10-03T09:12:17.789+0000] {spark_submit.py:488} INFO - 24/10/03 09:12:17 INFO BlockManagerInfo: Added broadcast_0_piece0 in memory on 172.20.0.9:44613 (size: 14.1 KiB, free: 434.4 MiB)
[2024-10-03T09:12:21.763+0000] {spark_submit.py:488} INFO - 24/10/03 09:12:21 INFO TaskSetManager: Finished task 0.0 in stage 0.0 (TID 0) in 4415 ms on 172.20.0.9 (executor 0) (1/2)
[2024-10-03T09:12:21.766+0000] {spark_submit.py:488} INFO - 24/10/03 09:12:21 INFO TaskSetManager: Finished task 1.0 in stage 0.0 (TID 1) in 4397 ms on 172.20.0.9 (executor 0) (2/2)
[2024-10-03T09:12:21.769+0000] {spark_submit.py:488} INFO - 24/10/03 09:12:21 INFO TaskSchedulerImpl: Removed TaskSet 0.0, whose tasks have all completed, from pool
[2024-10-03T09:12:21.778+0000] {spark_submit.py:488} INFO - 24/10/03 09:12:21 INFO PythonAccumulatorV2: Connected to AccumulatorServer at host: 127.0.0.1 port: 37229
[2024-10-03T09:12:21.790+0000] {spark_submit.py:488} INFO - 24/10/03 09:12:21 INFO DAGScheduler: ShuffleMapStage 0 (showString at NativeMethodAccessorImpl.java:0) finished in 4.696 s
[2024-10-03T09:12:21.792+0000] {spark_submit.py:488} INFO - 24/10/03 09:12:21 INFO DAGScheduler: looking for newly runnable stages
[2024-10-03T09:12:21.793+0000] {spark_submit.py:488} INFO - 24/10/03 09:12:21 INFO DAGScheduler: running: Set()
[2024-10-03T09:12:21.794+0000] {spark_submit.py:488} INFO - 24/10/03 09:12:21 INFO DAGScheduler: waiting: Set()
[2024-10-03T09:12:21.795+0000] {spark_submit.py:488} INFO - 24/10/03 09:12:21 INFO DAGScheduler: failed: Set()
[2024-10-03T09:12:21.849+0000] {spark_submit.py:488} INFO - 24/10/03 09:12:21 INFO ShufflePartitionsUtil: For shuffle(0), advisory target size: 67108864, actual target size 1048576, minimum partition size: 1048576
[2024-10-03T09:12:21.931+0000] {spark_submit.py:488} INFO - 24/10/03 09:12:21 INFO CodeGenerator: Code generated in 33.6483 ms
[2024-10-03T09:12:22.006+0000] {spark_submit.py:488} INFO - 24/10/03 09:12:22 INFO SparkContext: Starting job: showString at NativeMethodAccessorImpl.java:0
[2024-10-03T09:12:22.014+0000] {spark_submit.py:488} INFO - 24/10/03 09:12:22 INFO DAGScheduler: Got job 1 (showString at NativeMethodAccessorImpl.java:0) with 1 output partitions
[2024-10-03T09:12:22.014+0000] {spark_submit.py:488} INFO - 24/10/03 09:12:22 INFO DAGScheduler: Final stage: ResultStage 2 (showString at NativeMethodAccessorImpl.java:0)
[2024-10-03T09:12:22.015+0000] {spark_submit.py:488} INFO - 24/10/03 09:12:22 INFO DAGScheduler: Parents of final stage: List(ShuffleMapStage 1)
[2024-10-03T09:12:22.017+0000] {spark_submit.py:488} INFO - 24/10/03 09:12:22 INFO DAGScheduler: Missing parents: List()
[2024-10-03T09:12:22.020+0000] {spark_submit.py:488} INFO - 24/10/03 09:12:22 INFO DAGScheduler: Submitting ResultStage 2 (MapPartitionsRDD[11] at showString at NativeMethodAccessorImpl.java:0), which has no missing parents
[2024-10-03T09:12:22.054+0000] {spark_submit.py:488} INFO - 24/10/03 09:12:22 INFO MemoryStore: Block broadcast_1 stored as values in memory (estimated size 35.5 KiB, free 434.3 MiB)
[2024-10-03T09:12:22.066+0000] {spark_submit.py:488} INFO - 24/10/03 09:12:22 INFO MemoryStore: Block broadcast_1_piece0 stored as bytes in memory (estimated size 17.3 KiB, free 434.3 MiB)
[2024-10-03T09:12:22.068+0000] {spark_submit.py:488} INFO - 24/10/03 09:12:22 INFO BlockManagerInfo: Added broadcast_1_piece0 in memory on 8c0d519f07a3:42501 (size: 17.3 KiB, free: 434.4 MiB)
[2024-10-03T09:12:22.069+0000] {spark_submit.py:488} INFO - 24/10/03 09:12:22 INFO SparkContext: Created broadcast 1 from broadcast at DAGScheduler.scala:1585
[2024-10-03T09:12:22.072+0000] {spark_submit.py:488} INFO - 24/10/03 09:12:22 INFO DAGScheduler: Submitting 1 missing tasks from ResultStage 2 (MapPartitionsRDD[11] at showString at NativeMethodAccessorImpl.java:0) (first 15 tasks are for partitions Vector(0))
[2024-10-03T09:12:22.073+0000] {spark_submit.py:488} INFO - 24/10/03 09:12:22 INFO TaskSchedulerImpl: Adding task set 2.0 with 1 tasks resource profile 0
[2024-10-03T09:12:22.085+0000] {spark_submit.py:488} INFO - 24/10/03 09:12:22 INFO TaskSetManager: Starting task 0.0 in stage 2.0 (TID 2) (172.20.0.9, executor 0, partition 0, NODE_LOCAL, 9003 bytes)
[2024-10-03T09:12:22.135+0000] {spark_submit.py:488} INFO - 24/10/03 09:12:22 INFO BlockManagerInfo: Added broadcast_1_piece0 in memory on 172.20.0.9:44613 (size: 17.3 KiB, free: 434.4 MiB)
[2024-10-03T09:12:22.335+0000] {spark_submit.py:488} INFO - 24/10/03 09:12:22 INFO MapOutputTrackerMasterEndpoint: Asked to send map output locations for shuffle 0 to 172.20.0.9:49482
[2024-10-03T09:12:23.026+0000] {spark_submit.py:488} INFO - 24/10/03 09:12:23 INFO TaskSetManager: Finished task 0.0 in stage 2.0 (TID 2) in 946 ms on 172.20.0.9 (executor 0) (1/1)
[2024-10-03T09:12:23.035+0000] {spark_submit.py:488} INFO - 24/10/03 09:12:23 INFO TaskSchedulerImpl: Removed TaskSet 2.0, whose tasks have all completed, from pool
[2024-10-03T09:12:23.037+0000] {spark_submit.py:488} INFO - 24/10/03 09:12:23 INFO DAGScheduler: ResultStage 2 (showString at NativeMethodAccessorImpl.java:0) finished in 0.992 s
[2024-10-03T09:12:23.055+0000] {spark_submit.py:488} INFO - 24/10/03 09:12:23 INFO DAGScheduler: Job 1 is finished. Cancelling potential speculative or zombie tasks for this job
[2024-10-03T09:12:23.058+0000] {spark_submit.py:488} INFO - 24/10/03 09:12:23 INFO TaskSchedulerImpl: Killing all running tasks in stage 2: Stage finished
[2024-10-03T09:12:23.072+0000] {spark_submit.py:488} INFO - 24/10/03 09:12:23 INFO DAGScheduler: Job 1 finished: showString at NativeMethodAccessorImpl.java:0, took 1.060870 s
[2024-10-03T09:12:23.327+0000] {spark_submit.py:488} INFO - 24/10/03 09:12:23 INFO BlockManagerInfo: Removed broadcast_0_piece0 on 8c0d519f07a3:42501 in memory (size: 14.1 KiB, free: 434.4 MiB)
[2024-10-03T09:12:23.335+0000] {spark_submit.py:488} INFO - 24/10/03 09:12:23 INFO BlockManagerInfo: Removed broadcast_0_piece0 on 172.20.0.9:44613 in memory (size: 14.1 KiB, free: 434.4 MiB)
[2024-10-03T09:12:23.358+0000] {spark_submit.py:488} INFO - 24/10/03 09:12:23 INFO BlockManagerInfo: Removed broadcast_1_piece0 on 8c0d519f07a3:42501 in memory (size: 17.3 KiB, free: 434.4 MiB)
[2024-10-03T09:12:23.369+0000] {spark_submit.py:488} INFO - 24/10/03 09:12:23 INFO BlockManagerInfo: Removed broadcast_1_piece0 on 172.20.0.9:44613 in memory (size: 17.3 KiB, free: 434.4 MiB)
[2024-10-03T09:12:26.093+0000] {spark_submit.py:488} INFO - 24/10/03 09:12:26 INFO CodeGenerator: Code generated in 69.338699 ms
[2024-10-03T09:12:26.139+0000] {spark_submit.py:488} INFO - +-----------+-------------+
[2024-10-03T09:12:26.140+0000] {spark_submit.py:488} INFO - |category_nk|category_name|
[2024-10-03T09:12:26.140+0000] {spark_submit.py:488} INFO - +-----------+-------------+
[2024-10-03T09:12:26.141+0000] {spark_submit.py:488} INFO - |          1|       Action|
[2024-10-03T09:12:26.142+0000] {spark_submit.py:488} INFO - |          2|    Animation|
[2024-10-03T09:12:26.142+0000] {spark_submit.py:488} INFO - |          3|     Children|
[2024-10-03T09:12:26.143+0000] {spark_submit.py:488} INFO - |          4|     Classics|
[2024-10-03T09:12:26.144+0000] {spark_submit.py:488} INFO - |          5|       Comedy|
[2024-10-03T09:12:26.144+0000] {spark_submit.py:488} INFO - +-----------+-------------+
[2024-10-03T09:12:26.145+0000] {spark_submit.py:488} INFO - only showing top 5 rows
[2024-10-03T09:12:26.145+0000] {spark_submit.py:488} INFO - 
[2024-10-03T09:12:26.520+0000] {spark_submit.py:488} INFO - 24/10/03 09:12:26 INFO CodeGenerator: Code generated in 151.474697 ms
[2024-10-03T09:12:26.546+0000] {spark_submit.py:488} INFO - 24/10/03 09:12:26 INFO DAGScheduler: Registering RDD 13 (count at NativeMethodAccessorImpl.java:0) as input to shuffle 1
[2024-10-03T09:12:26.552+0000] {spark_submit.py:488} INFO - 24/10/03 09:12:26 INFO DAGScheduler: Got map stage job 2 (count at NativeMethodAccessorImpl.java:0) with 2 output partitions
[2024-10-03T09:12:26.553+0000] {spark_submit.py:488} INFO - 24/10/03 09:12:26 INFO DAGScheduler: Final stage: ShuffleMapStage 3 (count at NativeMethodAccessorImpl.java:0)
[2024-10-03T09:12:26.554+0000] {spark_submit.py:488} INFO - 24/10/03 09:12:26 INFO DAGScheduler: Parents of final stage: List()
[2024-10-03T09:12:26.556+0000] {spark_submit.py:488} INFO - 24/10/03 09:12:26 INFO DAGScheduler: Missing parents: List()
[2024-10-03T09:12:26.560+0000] {spark_submit.py:488} INFO - 24/10/03 09:12:26 INFO DAGScheduler: Submitting ShuffleMapStage 3 (MapPartitionsRDD[13] at count at NativeMethodAccessorImpl.java:0), which has no missing parents
[2024-10-03T09:12:26.568+0000] {spark_submit.py:488} INFO - 24/10/03 09:12:26 INFO MemoryStore: Block broadcast_2 stored as values in memory (estimated size 34.3 KiB, free 434.4 MiB)
[2024-10-03T09:12:26.593+0000] {spark_submit.py:488} INFO - 24/10/03 09:12:26 INFO MemoryStore: Block broadcast_2_piece0 stored as bytes in memory (estimated size 16.5 KiB, free 434.4 MiB)
[2024-10-03T09:12:26.598+0000] {spark_submit.py:488} INFO - 24/10/03 09:12:26 INFO BlockManagerInfo: Added broadcast_2_piece0 in memory on 8c0d519f07a3:42501 (size: 16.5 KiB, free: 434.4 MiB)
[2024-10-03T09:12:26.602+0000] {spark_submit.py:488} INFO - 24/10/03 09:12:26 INFO SparkContext: Created broadcast 2 from broadcast at DAGScheduler.scala:1585
[2024-10-03T09:12:26.605+0000] {spark_submit.py:488} INFO - 24/10/03 09:12:26 INFO DAGScheduler: Submitting 2 missing tasks from ShuffleMapStage 3 (MapPartitionsRDD[13] at count at NativeMethodAccessorImpl.java:0) (first 15 tasks are for partitions Vector(0, 1))
[2024-10-03T09:12:26.605+0000] {spark_submit.py:488} INFO - 24/10/03 09:12:26 INFO TaskSchedulerImpl: Adding task set 3.0 with 2 tasks resource profile 0
[2024-10-03T09:12:26.614+0000] {spark_submit.py:488} INFO - 24/10/03 09:12:26 INFO TaskSetManager: Starting task 0.0 in stage 3.0 (TID 3) (172.20.0.9, executor 0, partition 0, PROCESS_LOCAL, 9185 bytes)
[2024-10-03T09:12:26.615+0000] {spark_submit.py:488} INFO - 24/10/03 09:12:26 INFO TaskSetManager: Starting task 1.0 in stage 3.0 (TID 4) (172.20.0.9, executor 0, partition 1, PROCESS_LOCAL, 9170 bytes)
[2024-10-03T09:12:26.686+0000] {spark_submit.py:488} INFO - 24/10/03 09:12:26 INFO BlockManagerInfo: Added broadcast_2_piece0 in memory on 172.20.0.9:44613 (size: 16.5 KiB, free: 434.4 MiB)
[2024-10-03T09:12:26.969+0000] {spark_submit.py:488} INFO - 24/10/03 09:12:26 INFO TaskSetManager: Finished task 1.0 in stage 3.0 (TID 4) in 358 ms on 172.20.0.9 (executor 0) (1/2)
[2024-10-03T09:12:26.975+0000] {spark_submit.py:488} INFO - 24/10/03 09:12:26 INFO TaskSetManager: Finished task 0.0 in stage 3.0 (TID 3) in 365 ms on 172.20.0.9 (executor 0) (2/2)
[2024-10-03T09:12:26.976+0000] {spark_submit.py:488} INFO - 24/10/03 09:12:26 INFO TaskSchedulerImpl: Removed TaskSet 3.0, whose tasks have all completed, from pool
[2024-10-03T09:12:26.984+0000] {spark_submit.py:488} INFO - 24/10/03 09:12:26 INFO DAGScheduler: ShuffleMapStage 3 (count at NativeMethodAccessorImpl.java:0) finished in 0.419 s
[2024-10-03T09:12:26.992+0000] {spark_submit.py:488} INFO - 24/10/03 09:12:26 INFO DAGScheduler: looking for newly runnable stages
[2024-10-03T09:12:26.993+0000] {spark_submit.py:488} INFO - 24/10/03 09:12:26 INFO DAGScheduler: running: Set()
[2024-10-03T09:12:26.993+0000] {spark_submit.py:488} INFO - 24/10/03 09:12:26 INFO DAGScheduler: waiting: Set()
[2024-10-03T09:12:26.994+0000] {spark_submit.py:488} INFO - 24/10/03 09:12:26 INFO DAGScheduler: failed: Set()
[2024-10-03T09:12:26.997+0000] {spark_submit.py:488} INFO - 24/10/03 09:12:26 INFO ShufflePartitionsUtil: For shuffle(1), advisory target size: 67108864, actual target size 1048576, minimum partition size: 1048576
[2024-10-03T09:12:27.107+0000] {spark_submit.py:488} INFO - 24/10/03 09:12:27 INFO CodeGenerator: Code generated in 59.916299 ms
[2024-10-03T09:12:27.143+0000] {spark_submit.py:488} INFO - 24/10/03 09:12:27 INFO DAGScheduler: Registering RDD 16 (count at NativeMethodAccessorImpl.java:0) as input to shuffle 2
[2024-10-03T09:12:27.144+0000] {spark_submit.py:488} INFO - 24/10/03 09:12:27 INFO DAGScheduler: Got map stage job 3 (count at NativeMethodAccessorImpl.java:0) with 1 output partitions
[2024-10-03T09:12:27.147+0000] {spark_submit.py:488} INFO - 24/10/03 09:12:27 INFO DAGScheduler: Final stage: ShuffleMapStage 5 (count at NativeMethodAccessorImpl.java:0)
[2024-10-03T09:12:27.148+0000] {spark_submit.py:488} INFO - 24/10/03 09:12:27 INFO DAGScheduler: Parents of final stage: List(ShuffleMapStage 4)
[2024-10-03T09:12:27.149+0000] {spark_submit.py:488} INFO - 24/10/03 09:12:27 INFO DAGScheduler: Missing parents: List()
[2024-10-03T09:12:27.153+0000] {spark_submit.py:488} INFO - 24/10/03 09:12:27 INFO DAGScheduler: Submitting ShuffleMapStage 5 (MapPartitionsRDD[16] at count at NativeMethodAccessorImpl.java:0), which has no missing parents
[2024-10-03T09:12:27.171+0000] {spark_submit.py:488} INFO - 24/10/03 09:12:27 INFO MemoryStore: Block broadcast_3 stored as values in memory (estimated size 44.5 KiB, free 434.3 MiB)
[2024-10-03T09:12:27.176+0000] {spark_submit.py:488} INFO - 24/10/03 09:12:27 INFO MemoryStore: Block broadcast_3_piece0 stored as bytes in memory (estimated size 21.0 KiB, free 434.3 MiB)
[2024-10-03T09:12:27.176+0000] {spark_submit.py:488} INFO - 24/10/03 09:12:27 INFO BlockManagerInfo: Added broadcast_3_piece0 in memory on 8c0d519f07a3:42501 (size: 21.0 KiB, free: 434.4 MiB)
[2024-10-03T09:12:27.177+0000] {spark_submit.py:488} INFO - 24/10/03 09:12:27 INFO SparkContext: Created broadcast 3 from broadcast at DAGScheduler.scala:1585
[2024-10-03T09:12:27.179+0000] {spark_submit.py:488} INFO - 24/10/03 09:12:27 INFO DAGScheduler: Submitting 1 missing tasks from ShuffleMapStage 5 (MapPartitionsRDD[16] at count at NativeMethodAccessorImpl.java:0) (first 15 tasks are for partitions Vector(0))
[2024-10-03T09:12:27.179+0000] {spark_submit.py:488} INFO - 24/10/03 09:12:27 INFO TaskSchedulerImpl: Adding task set 5.0 with 1 tasks resource profile 0
[2024-10-03T09:12:27.181+0000] {spark_submit.py:488} INFO - 24/10/03 09:12:27 INFO TaskSetManager: Starting task 0.0 in stage 5.0 (TID 5) (172.20.0.9, executor 0, partition 0, NODE_LOCAL, 8992 bytes)
[2024-10-03T09:12:27.204+0000] {spark_submit.py:488} INFO - 24/10/03 09:12:27 INFO BlockManagerInfo: Added broadcast_3_piece0 in memory on 172.20.0.9:44613 (size: 21.0 KiB, free: 434.4 MiB)
[2024-10-03T09:12:27.244+0000] {spark_submit.py:488} INFO - 24/10/03 09:12:27 INFO MapOutputTrackerMasterEndpoint: Asked to send map output locations for shuffle 1 to 172.20.0.9:49482
[2024-10-03T09:12:27.370+0000] {spark_submit.py:488} INFO - 24/10/03 09:12:27 INFO TaskSetManager: Finished task 0.0 in stage 5.0 (TID 5) in 189 ms on 172.20.0.9 (executor 0) (1/1)
[2024-10-03T09:12:27.370+0000] {spark_submit.py:488} INFO - 24/10/03 09:12:27 INFO TaskSchedulerImpl: Removed TaskSet 5.0, whose tasks have all completed, from pool
[2024-10-03T09:12:27.373+0000] {spark_submit.py:488} INFO - 24/10/03 09:12:27 INFO DAGScheduler: ShuffleMapStage 5 (count at NativeMethodAccessorImpl.java:0) finished in 0.209 s
[2024-10-03T09:12:27.374+0000] {spark_submit.py:488} INFO - 24/10/03 09:12:27 INFO DAGScheduler: looking for newly runnable stages
[2024-10-03T09:12:27.374+0000] {spark_submit.py:488} INFO - 24/10/03 09:12:27 INFO DAGScheduler: running: Set()
[2024-10-03T09:12:27.375+0000] {spark_submit.py:488} INFO - 24/10/03 09:12:27 INFO DAGScheduler: waiting: Set()
[2024-10-03T09:12:27.375+0000] {spark_submit.py:488} INFO - 24/10/03 09:12:27 INFO DAGScheduler: failed: Set()
[2024-10-03T09:12:27.413+0000] {spark_submit.py:488} INFO - 24/10/03 09:12:27 INFO CodeGenerator: Code generated in 15.2935 ms
[2024-10-03T09:12:27.444+0000] {spark_submit.py:488} INFO - 24/10/03 09:12:27 INFO SparkContext: Starting job: count at NativeMethodAccessorImpl.java:0
[2024-10-03T09:12:27.447+0000] {spark_submit.py:488} INFO - 24/10/03 09:12:27 INFO DAGScheduler: Got job 4 (count at NativeMethodAccessorImpl.java:0) with 1 output partitions
[2024-10-03T09:12:27.447+0000] {spark_submit.py:488} INFO - 24/10/03 09:12:27 INFO DAGScheduler: Final stage: ResultStage 8 (count at NativeMethodAccessorImpl.java:0)
[2024-10-03T09:12:27.448+0000] {spark_submit.py:488} INFO - 24/10/03 09:12:27 INFO DAGScheduler: Parents of final stage: List(ShuffleMapStage 7)
[2024-10-03T09:12:27.448+0000] {spark_submit.py:488} INFO - 24/10/03 09:12:27 INFO DAGScheduler: Missing parents: List()
[2024-10-03T09:12:27.449+0000] {spark_submit.py:488} INFO - 24/10/03 09:12:27 INFO DAGScheduler: Submitting ResultStage 8 (MapPartitionsRDD[19] at count at NativeMethodAccessorImpl.java:0), which has no missing parents
[2024-10-03T09:12:27.455+0000] {spark_submit.py:488} INFO - 24/10/03 09:12:27 INFO MemoryStore: Block broadcast_4 stored as values in memory (estimated size 12.5 KiB, free 434.3 MiB)
[2024-10-03T09:12:27.459+0000] {spark_submit.py:488} INFO - 24/10/03 09:12:27 INFO MemoryStore: Block broadcast_4_piece0 stored as bytes in memory (estimated size 5.9 KiB, free 434.3 MiB)
[2024-10-03T09:12:27.461+0000] {spark_submit.py:488} INFO - 24/10/03 09:12:27 INFO BlockManagerInfo: Added broadcast_4_piece0 in memory on 8c0d519f07a3:42501 (size: 5.9 KiB, free: 434.4 MiB)
[2024-10-03T09:12:27.462+0000] {spark_submit.py:488} INFO - 24/10/03 09:12:27 INFO SparkContext: Created broadcast 4 from broadcast at DAGScheduler.scala:1585
[2024-10-03T09:12:27.463+0000] {spark_submit.py:488} INFO - 24/10/03 09:12:27 INFO DAGScheduler: Submitting 1 missing tasks from ResultStage 8 (MapPartitionsRDD[19] at count at NativeMethodAccessorImpl.java:0) (first 15 tasks are for partitions Vector(0))
[2024-10-03T09:12:27.464+0000] {spark_submit.py:488} INFO - 24/10/03 09:12:27 INFO TaskSchedulerImpl: Adding task set 8.0 with 1 tasks resource profile 0
[2024-10-03T09:12:27.466+0000] {spark_submit.py:488} INFO - 24/10/03 09:12:27 INFO TaskSetManager: Starting task 0.0 in stage 8.0 (TID 6) (172.20.0.9, executor 0, partition 0, NODE_LOCAL, 9003 bytes)
[2024-10-03T09:12:27.490+0000] {spark_submit.py:488} INFO - 24/10/03 09:12:27 INFO BlockManagerInfo: Added broadcast_4_piece0 in memory on 172.20.0.9:44613 (size: 5.9 KiB, free: 434.4 MiB)
[2024-10-03T09:12:27.503+0000] {spark_submit.py:488} INFO - 24/10/03 09:12:27 INFO MapOutputTrackerMasterEndpoint: Asked to send map output locations for shuffle 2 to 172.20.0.9:49482
[2024-10-03T09:12:27.559+0000] {spark_submit.py:488} INFO - 24/10/03 09:12:27 INFO TaskSetManager: Finished task 0.0 in stage 8.0 (TID 6) in 92 ms on 172.20.0.9 (executor 0) (1/1)
[2024-10-03T09:12:27.562+0000] {spark_submit.py:488} INFO - 24/10/03 09:12:27 INFO TaskSchedulerImpl: Removed TaskSet 8.0, whose tasks have all completed, from pool
[2024-10-03T09:12:27.563+0000] {spark_submit.py:488} INFO - 24/10/03 09:12:27 INFO DAGScheduler: ResultStage 8 (count at NativeMethodAccessorImpl.java:0) finished in 0.110 s
[2024-10-03T09:12:27.563+0000] {spark_submit.py:488} INFO - 24/10/03 09:12:27 INFO DAGScheduler: Job 4 is finished. Cancelling potential speculative or zombie tasks for this job
[2024-10-03T09:12:27.564+0000] {spark_submit.py:488} INFO - 24/10/03 09:12:27 INFO TaskSchedulerImpl: Killing all running tasks in stage 8: Stage finished
[2024-10-03T09:12:27.564+0000] {spark_submit.py:488} INFO - 24/10/03 09:12:27 INFO DAGScheduler: Job 4 finished: count at NativeMethodAccessorImpl.java:0, took 0.119266 s
[2024-10-03T09:12:27.570+0000] {spark_submit.py:488} INFO - DF COUNT 16
[2024-10-03T09:12:27.663+0000] {spark_submit.py:488} INFO - 24/10/03 09:12:27 INFO DAGScheduler: Registering RDD 21 (count at NativeMethodAccessorImpl.java:0) as input to shuffle 3
[2024-10-03T09:12:27.663+0000] {spark_submit.py:488} INFO - 24/10/03 09:12:27 INFO DAGScheduler: Got map stage job 5 (count at NativeMethodAccessorImpl.java:0) with 2 output partitions
[2024-10-03T09:12:27.664+0000] {spark_submit.py:488} INFO - 24/10/03 09:12:27 INFO DAGScheduler: Final stage: ShuffleMapStage 9 (count at NativeMethodAccessorImpl.java:0)
[2024-10-03T09:12:27.665+0000] {spark_submit.py:488} INFO - 24/10/03 09:12:27 INFO DAGScheduler: Parents of final stage: List()
[2024-10-03T09:12:27.666+0000] {spark_submit.py:488} INFO - 24/10/03 09:12:27 INFO DAGScheduler: Missing parents: List()
[2024-10-03T09:12:27.674+0000] {spark_submit.py:488} INFO - 24/10/03 09:12:27 INFO DAGScheduler: Submitting ShuffleMapStage 9 (MapPartitionsRDD[21] at count at NativeMethodAccessorImpl.java:0), which has no missing parents
[2024-10-03T09:12:27.679+0000] {spark_submit.py:488} INFO - 24/10/03 09:12:27 INFO MemoryStore: Block broadcast_5 stored as values in memory (estimated size 34.3 KiB, free 434.2 MiB)
[2024-10-03T09:12:27.690+0000] {spark_submit.py:488} INFO - 24/10/03 09:12:27 INFO MemoryStore: Block broadcast_5_piece0 stored as bytes in memory (estimated size 16.5 KiB, free 434.2 MiB)
[2024-10-03T09:12:27.696+0000] {spark_submit.py:488} INFO - 24/10/03 09:12:27 INFO BlockManagerInfo: Removed broadcast_3_piece0 on 8c0d519f07a3:42501 in memory (size: 21.0 KiB, free: 434.4 MiB)
[2024-10-03T09:12:27.701+0000] {spark_submit.py:488} INFO - 24/10/03 09:12:27 INFO BlockManagerInfo: Added broadcast_5_piece0 in memory on 8c0d519f07a3:42501 (size: 16.5 KiB, free: 434.4 MiB)
[2024-10-03T09:12:27.708+0000] {spark_submit.py:488} INFO - 24/10/03 09:12:27 INFO SparkContext: Created broadcast 5 from broadcast at DAGScheduler.scala:1585
[2024-10-03T09:12:27.717+0000] {spark_submit.py:488} INFO - 24/10/03 09:12:27 INFO DAGScheduler: Submitting 2 missing tasks from ShuffleMapStage 9 (MapPartitionsRDD[21] at count at NativeMethodAccessorImpl.java:0) (first 15 tasks are for partitions Vector(0, 1))
[2024-10-03T09:12:27.717+0000] {spark_submit.py:488} INFO - 24/10/03 09:12:27 INFO TaskSchedulerImpl: Adding task set 9.0 with 2 tasks resource profile 0
[2024-10-03T09:12:27.718+0000] {spark_submit.py:488} INFO - 24/10/03 09:12:27 INFO BlockManagerInfo: Removed broadcast_3_piece0 on 172.20.0.9:44613 in memory (size: 21.0 KiB, free: 434.4 MiB)
[2024-10-03T09:12:27.722+0000] {spark_submit.py:488} INFO - 24/10/03 09:12:27 INFO TaskSetManager: Starting task 0.0 in stage 9.0 (TID 7) (172.20.0.9, executor 0, partition 0, PROCESS_LOCAL, 9185 bytes)
[2024-10-03T09:12:27.724+0000] {spark_submit.py:488} INFO - 24/10/03 09:12:27 INFO TaskSetManager: Starting task 1.0 in stage 9.0 (TID 8) (172.20.0.9, executor 0, partition 1, PROCESS_LOCAL, 9170 bytes)
[2024-10-03T09:12:27.768+0000] {spark_submit.py:488} INFO - 24/10/03 09:12:27 INFO BlockManagerInfo: Removed broadcast_4_piece0 on 8c0d519f07a3:42501 in memory (size: 5.9 KiB, free: 434.4 MiB)
[2024-10-03T09:12:27.793+0000] {spark_submit.py:488} INFO - 24/10/03 09:12:27 INFO BlockManagerInfo: Removed broadcast_4_piece0 on 172.20.0.9:44613 in memory (size: 5.9 KiB, free: 434.4 MiB)
[2024-10-03T09:12:27.811+0000] {spark_submit.py:488} INFO - 24/10/03 09:12:27 INFO BlockManagerInfo: Added broadcast_5_piece0 in memory on 172.20.0.9:44613 (size: 16.5 KiB, free: 434.4 MiB)
[2024-10-03T09:12:27.854+0000] {spark_submit.py:488} INFO - 24/10/03 09:12:27 INFO BlockManagerInfo: Removed broadcast_2_piece0 on 172.20.0.9:44613 in memory (size: 16.5 KiB, free: 434.4 MiB)
[2024-10-03T09:12:27.864+0000] {spark_submit.py:488} INFO - 24/10/03 09:12:27 INFO BlockManagerInfo: Removed broadcast_2_piece0 on 8c0d519f07a3:42501 in memory (size: 16.5 KiB, free: 434.4 MiB)
[2024-10-03T09:12:28.094+0000] {spark_submit.py:488} INFO - 24/10/03 09:12:28 INFO TaskSetManager: Finished task 0.0 in stage 9.0 (TID 7) in 371 ms on 172.20.0.9 (executor 0) (1/2)
[2024-10-03T09:12:28.122+0000] {spark_submit.py:488} INFO - 24/10/03 09:12:28 INFO TaskSetManager: Finished task 1.0 in stage 9.0 (TID 8) in 399 ms on 172.20.0.9 (executor 0) (2/2)
[2024-10-03T09:12:28.123+0000] {spark_submit.py:488} INFO - 24/10/03 09:12:28 INFO TaskSchedulerImpl: Removed TaskSet 9.0, whose tasks have all completed, from pool
[2024-10-03T09:12:28.131+0000] {spark_submit.py:488} INFO - 24/10/03 09:12:28 INFO DAGScheduler: ShuffleMapStage 9 (count at NativeMethodAccessorImpl.java:0) finished in 0.455 s
[2024-10-03T09:12:28.132+0000] {spark_submit.py:488} INFO - 24/10/03 09:12:28 INFO DAGScheduler: looking for newly runnable stages
[2024-10-03T09:12:28.133+0000] {spark_submit.py:488} INFO - 24/10/03 09:12:28 INFO DAGScheduler: running: Set()
[2024-10-03T09:12:28.134+0000] {spark_submit.py:488} INFO - 24/10/03 09:12:28 INFO DAGScheduler: waiting: Set()
[2024-10-03T09:12:28.135+0000] {spark_submit.py:488} INFO - 24/10/03 09:12:28 INFO DAGScheduler: failed: Set()
[2024-10-03T09:12:28.167+0000] {spark_submit.py:488} INFO - 24/10/03 09:12:28 INFO ShufflePartitionsUtil: For shuffle(3), advisory target size: 67108864, actual target size 1048576, minimum partition size: 1048576
[2024-10-03T09:12:28.252+0000] {spark_submit.py:488} INFO - 24/10/03 09:12:28 INFO BlockManagerInfo: Removed broadcast_5_piece0 on 8c0d519f07a3:42501 in memory (size: 16.5 KiB, free: 434.4 MiB)
[2024-10-03T09:12:28.282+0000] {spark_submit.py:488} INFO - 24/10/03 09:12:28 INFO BlockManagerInfo: Removed broadcast_5_piece0 on 172.20.0.9:44613 in memory (size: 16.5 KiB, free: 434.4 MiB)
[2024-10-03T09:12:28.444+0000] {spark_submit.py:488} INFO - 24/10/03 09:12:28 INFO DAGScheduler: Registering RDD 24 (count at NativeMethodAccessorImpl.java:0) as input to shuffle 4
[2024-10-03T09:12:28.446+0000] {spark_submit.py:488} INFO - 24/10/03 09:12:28 INFO DAGScheduler: Got map stage job 6 (count at NativeMethodAccessorImpl.java:0) with 1 output partitions
[2024-10-03T09:12:28.455+0000] {spark_submit.py:488} INFO - 24/10/03 09:12:28 INFO DAGScheduler: Final stage: ShuffleMapStage 11 (count at NativeMethodAccessorImpl.java:0)
[2024-10-03T09:12:28.460+0000] {spark_submit.py:488} INFO - 24/10/03 09:12:28 INFO DAGScheduler: Parents of final stage: List(ShuffleMapStage 10)
[2024-10-03T09:12:28.461+0000] {spark_submit.py:488} INFO - 24/10/03 09:12:28 INFO DAGScheduler: Missing parents: List()
[2024-10-03T09:12:28.464+0000] {spark_submit.py:488} INFO - 24/10/03 09:12:28 INFO DAGScheduler: Submitting ShuffleMapStage 11 (MapPartitionsRDD[24] at count at NativeMethodAccessorImpl.java:0), which has no missing parents
[2024-10-03T09:12:28.550+0000] {spark_submit.py:488} INFO - 24/10/03 09:12:28 INFO MemoryStore: Block broadcast_6 stored as values in memory (estimated size 44.5 KiB, free 434.4 MiB)
[2024-10-03T09:12:28.599+0000] {spark_submit.py:488} INFO - 24/10/03 09:12:28 INFO MemoryStore: Block broadcast_6_piece0 stored as bytes in memory (estimated size 21.0 KiB, free 434.3 MiB)
[2024-10-03T09:12:28.606+0000] {spark_submit.py:488} INFO - 24/10/03 09:12:28 INFO BlockManagerInfo: Added broadcast_6_piece0 in memory on 8c0d519f07a3:42501 (size: 21.0 KiB, free: 434.4 MiB)
[2024-10-03T09:12:28.608+0000] {spark_submit.py:488} INFO - 24/10/03 09:12:28 INFO SparkContext: Created broadcast 6 from broadcast at DAGScheduler.scala:1585
[2024-10-03T09:12:28.622+0000] {spark_submit.py:488} INFO - 24/10/03 09:12:28 INFO DAGScheduler: Submitting 1 missing tasks from ShuffleMapStage 11 (MapPartitionsRDD[24] at count at NativeMethodAccessorImpl.java:0) (first 15 tasks are for partitions Vector(0))
[2024-10-03T09:12:28.623+0000] {spark_submit.py:488} INFO - 24/10/03 09:12:28 INFO TaskSchedulerImpl: Adding task set 11.0 with 1 tasks resource profile 0
[2024-10-03T09:12:28.635+0000] {spark_submit.py:488} INFO - 24/10/03 09:12:28 INFO TaskSetManager: Starting task 0.0 in stage 11.0 (TID 9) (172.20.0.9, executor 0, partition 0, NODE_LOCAL, 8992 bytes)
[2024-10-03T09:12:28.709+0000] {spark_submit.py:488} INFO - 24/10/03 09:12:28 INFO BlockManagerInfo: Added broadcast_6_piece0 in memory on 172.20.0.9:44613 (size: 21.0 KiB, free: 434.4 MiB)
[2024-10-03T09:12:28.869+0000] {spark_submit.py:488} INFO - 24/10/03 09:12:28 INFO MapOutputTrackerMasterEndpoint: Asked to send map output locations for shuffle 3 to 172.20.0.9:49482
[2024-10-03T09:12:29.288+0000] {spark_submit.py:488} INFO - 24/10/03 09:12:29 INFO TaskSetManager: Finished task 0.0 in stage 11.0 (TID 9) in 665 ms on 172.20.0.9 (executor 0) (1/1)
[2024-10-03T09:12:29.289+0000] {spark_submit.py:488} INFO - 24/10/03 09:12:29 INFO TaskSchedulerImpl: Removed TaskSet 11.0, whose tasks have all completed, from pool
[2024-10-03T09:12:29.299+0000] {spark_submit.py:488} INFO - 24/10/03 09:12:29 INFO DAGScheduler: ShuffleMapStage 11 (count at NativeMethodAccessorImpl.java:0) finished in 0.764 s
[2024-10-03T09:12:29.299+0000] {spark_submit.py:488} INFO - 24/10/03 09:12:29 INFO DAGScheduler: looking for newly runnable stages
[2024-10-03T09:12:29.300+0000] {spark_submit.py:488} INFO - 24/10/03 09:12:29 INFO DAGScheduler: running: Set()
[2024-10-03T09:12:29.300+0000] {spark_submit.py:488} INFO - 24/10/03 09:12:29 INFO DAGScheduler: waiting: Set()
[2024-10-03T09:12:29.300+0000] {spark_submit.py:488} INFO - 24/10/03 09:12:29 INFO DAGScheduler: failed: Set()
[2024-10-03T09:12:29.388+0000] {spark_submit.py:488} INFO - 24/10/03 09:12:29 INFO SparkContext: Starting job: count at NativeMethodAccessorImpl.java:0
[2024-10-03T09:12:29.392+0000] {spark_submit.py:488} INFO - 24/10/03 09:12:29 INFO DAGScheduler: Got job 7 (count at NativeMethodAccessorImpl.java:0) with 1 output partitions
[2024-10-03T09:12:29.393+0000] {spark_submit.py:488} INFO - 24/10/03 09:12:29 INFO DAGScheduler: Final stage: ResultStage 14 (count at NativeMethodAccessorImpl.java:0)
[2024-10-03T09:12:29.394+0000] {spark_submit.py:488} INFO - 24/10/03 09:12:29 INFO DAGScheduler: Parents of final stage: List(ShuffleMapStage 13)
[2024-10-03T09:12:29.395+0000] {spark_submit.py:488} INFO - 24/10/03 09:12:29 INFO DAGScheduler: Missing parents: List()
[2024-10-03T09:12:29.403+0000] {spark_submit.py:488} INFO - 24/10/03 09:12:29 INFO DAGScheduler: Submitting ResultStage 14 (MapPartitionsRDD[27] at count at NativeMethodAccessorImpl.java:0), which has no missing parents
[2024-10-03T09:12:29.408+0000] {spark_submit.py:488} INFO - 24/10/03 09:12:29 INFO MemoryStore: Block broadcast_7 stored as values in memory (estimated size 12.5 KiB, free 434.3 MiB)
[2024-10-03T09:12:29.412+0000] {spark_submit.py:488} INFO - 24/10/03 09:12:29 INFO MemoryStore: Block broadcast_7_piece0 stored as bytes in memory (estimated size 5.9 KiB, free 434.3 MiB)
[2024-10-03T09:12:29.415+0000] {spark_submit.py:488} INFO - 24/10/03 09:12:29 INFO BlockManagerInfo: Added broadcast_7_piece0 in memory on 8c0d519f07a3:42501 (size: 5.9 KiB, free: 434.4 MiB)
[2024-10-03T09:12:29.418+0000] {spark_submit.py:488} INFO - 24/10/03 09:12:29 INFO SparkContext: Created broadcast 7 from broadcast at DAGScheduler.scala:1585
[2024-10-03T09:12:29.422+0000] {spark_submit.py:488} INFO - 24/10/03 09:12:29 INFO DAGScheduler: Submitting 1 missing tasks from ResultStage 14 (MapPartitionsRDD[27] at count at NativeMethodAccessorImpl.java:0) (first 15 tasks are for partitions Vector(0))
[2024-10-03T09:12:29.422+0000] {spark_submit.py:488} INFO - 24/10/03 09:12:29 INFO TaskSchedulerImpl: Adding task set 14.0 with 1 tasks resource profile 0
[2024-10-03T09:12:29.426+0000] {spark_submit.py:488} INFO - 24/10/03 09:12:29 INFO TaskSetManager: Starting task 0.0 in stage 14.0 (TID 10) (172.20.0.9, executor 0, partition 0, NODE_LOCAL, 9003 bytes)
[2024-10-03T09:12:29.464+0000] {spark_submit.py:488} INFO - 24/10/03 09:12:29 INFO BlockManagerInfo: Added broadcast_7_piece0 in memory on 172.20.0.9:44613 (size: 5.9 KiB, free: 434.4 MiB)
[2024-10-03T09:12:29.488+0000] {spark_submit.py:488} INFO - 24/10/03 09:12:29 INFO MapOutputTrackerMasterEndpoint: Asked to send map output locations for shuffle 4 to 172.20.0.9:49482
[2024-10-03T09:12:29.527+0000] {spark_submit.py:488} INFO - 24/10/03 09:12:29 INFO TaskSetManager: Finished task 0.0 in stage 14.0 (TID 10) in 102 ms on 172.20.0.9 (executor 0) (1/1)
[2024-10-03T09:12:29.528+0000] {spark_submit.py:488} INFO - 24/10/03 09:12:29 INFO TaskSchedulerImpl: Removed TaskSet 14.0, whose tasks have all completed, from pool
[2024-10-03T09:12:29.533+0000] {spark_submit.py:488} INFO - 24/10/03 09:12:29 INFO DAGScheduler: ResultStage 14 (count at NativeMethodAccessorImpl.java:0) finished in 0.127 s
[2024-10-03T09:12:29.534+0000] {spark_submit.py:488} INFO - 24/10/03 09:12:29 INFO DAGScheduler: Job 7 is finished. Cancelling potential speculative or zombie tasks for this job
[2024-10-03T09:12:29.534+0000] {spark_submit.py:488} INFO - 24/10/03 09:12:29 INFO TaskSchedulerImpl: Killing all running tasks in stage 14: Stage finished
[2024-10-03T09:12:29.535+0000] {spark_submit.py:488} INFO - 24/10/03 09:12:29 INFO DAGScheduler: Job 7 finished: count at NativeMethodAccessorImpl.java:0, took 0.143200 s
[2024-10-03T09:12:29.997+0000] {spark_submit.py:488} INFO - 24/10/03 09:12:29 INFO DAGScheduler: Registering RDD 30 (csv at NativeMethodAccessorImpl.java:0) as input to shuffle 5
[2024-10-03T09:12:30.011+0000] {spark_submit.py:488} INFO - 24/10/03 09:12:30 INFO DAGScheduler: Got map stage job 8 (csv at NativeMethodAccessorImpl.java:0) with 2 output partitions
[2024-10-03T09:12:30.013+0000] {spark_submit.py:488} INFO - 24/10/03 09:12:30 INFO DAGScheduler: Final stage: ShuffleMapStage 15 (csv at NativeMethodAccessorImpl.java:0)
[2024-10-03T09:12:30.025+0000] {spark_submit.py:488} INFO - 24/10/03 09:12:30 INFO DAGScheduler: Parents of final stage: List()
[2024-10-03T09:12:30.027+0000] {spark_submit.py:488} INFO - 24/10/03 09:12:30 INFO DAGScheduler: Missing parents: List()
[2024-10-03T09:12:30.048+0000] {spark_submit.py:488} INFO - 24/10/03 09:12:30 INFO DAGScheduler: Submitting ShuffleMapStage 15 (MapPartitionsRDD[30] at csv at NativeMethodAccessorImpl.java:0), which has no missing parents
[2024-10-03T09:12:30.073+0000] {spark_submit.py:488} INFO - 24/10/03 09:12:30 INFO MemoryStore: Block broadcast_8 stored as values in memory (estimated size 29.2 KiB, free 434.3 MiB)
[2024-10-03T09:12:30.091+0000] {spark_submit.py:488} INFO - 24/10/03 09:12:30 INFO MemoryStore: Block broadcast_8_piece0 stored as bytes in memory (estimated size 14.1 KiB, free 434.3 MiB)
[2024-10-03T09:12:30.106+0000] {spark_submit.py:488} INFO - 24/10/03 09:12:30 INFO BlockManagerInfo: Added broadcast_8_piece0 in memory on 8c0d519f07a3:42501 (size: 14.1 KiB, free: 434.4 MiB)
[2024-10-03T09:12:30.123+0000] {spark_submit.py:488} INFO - 24/10/03 09:12:30 INFO SparkContext: Created broadcast 8 from broadcast at DAGScheduler.scala:1585
[2024-10-03T09:12:30.124+0000] {spark_submit.py:488} INFO - 24/10/03 09:12:30 INFO DAGScheduler: Submitting 2 missing tasks from ShuffleMapStage 15 (MapPartitionsRDD[30] at csv at NativeMethodAccessorImpl.java:0) (first 15 tasks are for partitions Vector(0, 1))
[2024-10-03T09:12:30.137+0000] {spark_submit.py:488} INFO - 24/10/03 09:12:30 INFO TaskSchedulerImpl: Adding task set 15.0 with 2 tasks resource profile 0
[2024-10-03T09:12:30.154+0000] {spark_submit.py:488} INFO - 24/10/03 09:12:30 INFO TaskSetManager: Starting task 0.0 in stage 15.0 (TID 11) (172.20.0.9, executor 0, partition 0, PROCESS_LOCAL, 9185 bytes)
[2024-10-03T09:12:30.169+0000] {spark_submit.py:488} INFO - 24/10/03 09:12:30 INFO TaskSetManager: Starting task 1.0 in stage 15.0 (TID 12) (172.20.0.9, executor 0, partition 1, PROCESS_LOCAL, 9170 bytes)
[2024-10-03T09:12:30.361+0000] {spark_submit.py:488} INFO - 24/10/03 09:12:30 INFO BlockManagerInfo: Added broadcast_8_piece0 in memory on 172.20.0.9:44613 (size: 14.1 KiB, free: 434.4 MiB)
[2024-10-03T09:12:31.635+0000] {spark_submit.py:488} INFO - 24/10/03 09:12:31 INFO TaskSetManager: Finished task 0.0 in stage 15.0 (TID 11) in 1506 ms on 172.20.0.9 (executor 0) (1/2)
[2024-10-03T09:12:31.663+0000] {spark_submit.py:488} INFO - 24/10/03 09:12:31 INFO TaskSetManager: Finished task 1.0 in stage 15.0 (TID 12) in 1504 ms on 172.20.0.9 (executor 0) (2/2)
[2024-10-03T09:12:31.665+0000] {spark_submit.py:488} INFO - 24/10/03 09:12:31 INFO TaskSchedulerImpl: Removed TaskSet 15.0, whose tasks have all completed, from pool
[2024-10-03T09:12:31.668+0000] {spark_submit.py:488} INFO - 24/10/03 09:12:31 INFO DAGScheduler: ShuffleMapStage 15 (csv at NativeMethodAccessorImpl.java:0) finished in 1.613 s
[2024-10-03T09:12:31.670+0000] {spark_submit.py:488} INFO - 24/10/03 09:12:31 INFO DAGScheduler: looking for newly runnable stages
[2024-10-03T09:12:31.679+0000] {spark_submit.py:488} INFO - 24/10/03 09:12:31 INFO DAGScheduler: running: Set()
[2024-10-03T09:12:31.681+0000] {spark_submit.py:488} INFO - 24/10/03 09:12:31 INFO DAGScheduler: waiting: Set()
[2024-10-03T09:12:31.683+0000] {spark_submit.py:488} INFO - 24/10/03 09:12:31 INFO DAGScheduler: failed: Set()
[2024-10-03T09:12:31.722+0000] {spark_submit.py:488} INFO - 24/10/03 09:12:31 INFO ShufflePartitionsUtil: For shuffle(5), advisory target size: 67108864, actual target size 1048576, minimum partition size: 1048576
[2024-10-03T09:12:32.076+0000] {spark_submit.py:488} INFO - 24/10/03 09:12:32 INFO FileOutputCommitter: File Output Committer Algorithm version is 1
[2024-10-03T09:12:32.077+0000] {spark_submit.py:488} INFO - 24/10/03 09:12:32 INFO FileOutputCommitter: FileOutputCommitter skip cleanup _temporary folders under output directory:false, ignore cleanup failures: false
[2024-10-03T09:12:32.080+0000] {spark_submit.py:488} INFO - 24/10/03 09:12:32 INFO SQLHadoopMapReduceCommitProtocol: Using output committer class org.apache.hadoop.mapreduce.lib.output.FileOutputCommitter
[2024-10-03T09:12:32.136+0000] {spark_submit.py:488} INFO - 24/10/03 09:12:32 INFO SparkContext: Starting job: csv at NativeMethodAccessorImpl.java:0
[2024-10-03T09:12:32.139+0000] {spark_submit.py:488} INFO - 24/10/03 09:12:32 INFO DAGScheduler: Got job 9 (csv at NativeMethodAccessorImpl.java:0) with 1 output partitions
[2024-10-03T09:12:32.139+0000] {spark_submit.py:488} INFO - 24/10/03 09:12:32 INFO DAGScheduler: Final stage: ResultStage 17 (csv at NativeMethodAccessorImpl.java:0)
[2024-10-03T09:12:32.140+0000] {spark_submit.py:488} INFO - 24/10/03 09:12:32 INFO DAGScheduler: Parents of final stage: List(ShuffleMapStage 16)
[2024-10-03T09:12:32.141+0000] {spark_submit.py:488} INFO - 24/10/03 09:12:32 INFO DAGScheduler: Missing parents: List()
[2024-10-03T09:12:32.142+0000] {spark_submit.py:488} INFO - 24/10/03 09:12:32 INFO DAGScheduler: Submitting ResultStage 17 (MapPartitionsRDD[34] at csv at NativeMethodAccessorImpl.java:0), which has no missing parents
[2024-10-03T09:12:32.287+0000] {spark_submit.py:488} INFO - 24/10/03 09:12:32 INFO MemoryStore: Block broadcast_9 stored as values in memory (estimated size 236.4 KiB, free 434.0 MiB)
[2024-10-03T09:12:32.294+0000] {spark_submit.py:488} INFO - 24/10/03 09:12:32 INFO MemoryStore: Block broadcast_9_piece0 stored as bytes in memory (estimated size 88.1 KiB, free 434.0 MiB)
[2024-10-03T09:12:32.297+0000] {spark_submit.py:488} INFO - 24/10/03 09:12:32 INFO BlockManagerInfo: Added broadcast_9_piece0 in memory on 8c0d519f07a3:42501 (size: 88.1 KiB, free: 434.3 MiB)
[2024-10-03T09:12:32.299+0000] {spark_submit.py:488} INFO - 24/10/03 09:12:32 INFO SparkContext: Created broadcast 9 from broadcast at DAGScheduler.scala:1585
[2024-10-03T09:12:32.301+0000] {spark_submit.py:488} INFO - 24/10/03 09:12:32 INFO DAGScheduler: Submitting 1 missing tasks from ResultStage 17 (MapPartitionsRDD[34] at csv at NativeMethodAccessorImpl.java:0) (first 15 tasks are for partitions Vector(0))
[2024-10-03T09:12:32.301+0000] {spark_submit.py:488} INFO - 24/10/03 09:12:32 INFO TaskSchedulerImpl: Adding task set 17.0 with 1 tasks resource profile 0
[2024-10-03T09:12:32.305+0000] {spark_submit.py:488} INFO - 24/10/03 09:12:32 INFO TaskSetManager: Starting task 0.0 in stage 17.0 (TID 13) (172.20.0.9, executor 0, partition 0, NODE_LOCAL, 9003 bytes)
[2024-10-03T09:12:32.373+0000] {spark_submit.py:488} INFO - 24/10/03 09:12:32 INFO BlockManagerInfo: Added broadcast_9_piece0 in memory on 172.20.0.9:44613 (size: 88.1 KiB, free: 434.3 MiB)
[2024-10-03T09:12:32.758+0000] {spark_submit.py:488} INFO - 24/10/03 09:12:32 INFO MapOutputTrackerMasterEndpoint: Asked to send map output locations for shuffle 5 to 172.20.0.9:49482
[2024-10-03T09:12:33.210+0000] {spark_submit.py:488} INFO - 24/10/03 09:12:33 INFO TaskSetManager: Finished task 0.0 in stage 17.0 (TID 13) in 905 ms on 172.20.0.9 (executor 0) (1/1)
[2024-10-03T09:12:33.211+0000] {spark_submit.py:488} INFO - 24/10/03 09:12:33 INFO TaskSchedulerImpl: Removed TaskSet 17.0, whose tasks have all completed, from pool
[2024-10-03T09:12:33.213+0000] {spark_submit.py:488} INFO - 24/10/03 09:12:33 INFO DAGScheduler: ResultStage 17 (csv at NativeMethodAccessorImpl.java:0) finished in 1.065 s
[2024-10-03T09:12:33.214+0000] {spark_submit.py:488} INFO - 24/10/03 09:12:33 INFO DAGScheduler: Job 9 is finished. Cancelling potential speculative or zombie tasks for this job
[2024-10-03T09:12:33.214+0000] {spark_submit.py:488} INFO - 24/10/03 09:12:33 INFO TaskSchedulerImpl: Killing all running tasks in stage 17: Stage finished
[2024-10-03T09:12:33.215+0000] {spark_submit.py:488} INFO - 24/10/03 09:12:33 INFO DAGScheduler: Job 9 finished: csv at NativeMethodAccessorImpl.java:0, took 1.079013 s
[2024-10-03T09:12:33.218+0000] {spark_submit.py:488} INFO - 24/10/03 09:12:33 INFO FileFormatWriter: Start to commit write Job 5b315b68-1ad9-4a01-b891-0b7fe6040ea6.
[2024-10-03T09:12:33.264+0000] {spark_submit.py:488} INFO - 24/10/03 09:12:33 INFO FileFormatWriter: Write Job 5b315b68-1ad9-4a01-b891-0b7fe6040ea6 committed. Elapsed time: 44 ms.
[2024-10-03T09:12:33.271+0000] {spark_submit.py:488} INFO - 24/10/03 09:12:33 INFO FileFormatWriter: Finished processing stats for write job 5b315b68-1ad9-4a01-b891-0b7fe6040ea6.
[2024-10-03T09:12:33.277+0000] {spark_submit.py:488} INFO - Files in temporary directory after writing CSV:
[2024-10-03T09:12:33.277+0000] {spark_submit.py:488} INFO - ['liblz4-java-9680403425497048683.so.lck', 'categories.csvsssss', 'blockmgr-1e5a1407-b836-4712-b22a-b1e55676dddc', 'spark-a1c75c27-ffc2-4097-8a44-67da1cb34290', '2029240f6d1128be89ddc32729463129', 'hsperfdata_***', 'spark-6c05981c-1c60-4973-b975-33fe0bc469a8', 'pymp-v5_ofel_', 'tmp5sau2kqa', 'categories.csv', 'liblz4-java-9680403425497048683.so', 'hsperfdata_root']
[2024-10-03T09:12:33.278+0000] {spark_submit.py:488} INFO - Traceback (most recent call last):
[2024-10-03T09:12:33.279+0000] {spark_submit.py:488} INFO - File "/opt/***/dags/etl_pipeline/tasks/warehouse/components/extract_transform.py", line 67, in _categories
[2024-10-03T09:12:33.280+0000] {spark_submit.py:488} INFO - raise AirflowException("No part files found in the directory after writing CSV.")
[2024-10-03T09:12:33.281+0000] {spark_submit.py:488} INFO - ***.exceptions.AirflowException: No part files found in the directory after writing CSV.
[2024-10-03T09:12:33.281+0000] {spark_submit.py:488} INFO - 
[2024-10-03T09:12:33.282+0000] {spark_submit.py:488} INFO - During handling of the above exception, another exception occurred:
[2024-10-03T09:12:33.282+0000] {spark_submit.py:488} INFO - 
[2024-10-03T09:12:33.283+0000] {spark_submit.py:488} INFO - Traceback (most recent call last):
[2024-10-03T09:12:33.284+0000] {spark_submit.py:488} INFO - File "/opt/***/dags/etl_pipeline/tasks/warehouse/components/extract_transform.py", line 84, in <module>
[2024-10-03T09:12:33.287+0000] {spark_submit.py:488} INFO - ExtractTransform._categories(incremental, date)
[2024-10-03T09:12:33.287+0000] {spark_submit.py:488} INFO - File "/opt/***/dags/etl_pipeline/tasks/warehouse/components/extract_transform.py", line 72, in _categories
[2024-10-03T09:12:33.288+0000] {spark_submit.py:488} INFO - raise AirflowException(f"Error when extracting and transforming data from categories: {e}")
[2024-10-03T09:12:33.288+0000] {spark_submit.py:488} INFO - ***.exceptions.AirflowException: Error when extracting and transforming data from categories: No part files found in the directory after writing CSV.
[2024-10-03T09:12:33.289+0000] {spark_submit.py:488} INFO - [2024-10-03T09:12:33.281+0000] {clientserver.py:543} INFO - Closing down clientserver connection
[2024-10-03T09:12:34.001+0000] {spark_submit.py:488} INFO - 24/10/03 09:12:34 INFO SparkContext: Invoking stop() from shutdown hook
[2024-10-03T09:12:34.002+0000] {spark_submit.py:488} INFO - 24/10/03 09:12:34 INFO SparkContext: SparkContext is stopping with exitCode 0.
[2024-10-03T09:12:34.017+0000] {spark_submit.py:488} INFO - 24/10/03 09:12:34 INFO SparkUI: Stopped Spark web UI at http://8c0d519f07a3:4040
[2024-10-03T09:12:34.022+0000] {spark_submit.py:488} INFO - 24/10/03 09:12:34 INFO StandaloneSchedulerBackend: Shutting down all executors
[2024-10-03T09:12:34.023+0000] {spark_submit.py:488} INFO - 24/10/03 09:12:34 INFO StandaloneSchedulerBackend$StandaloneDriverEndpoint: Asking each executor to shut down
[2024-10-03T09:12:34.066+0000] {spark_submit.py:488} INFO - 24/10/03 09:12:34 INFO MapOutputTrackerMasterEndpoint: MapOutputTrackerMasterEndpoint stopped!
[2024-10-03T09:12:34.120+0000] {spark_submit.py:488} INFO - 24/10/03 09:12:34 INFO MemoryStore: MemoryStore cleared
[2024-10-03T09:12:34.122+0000] {spark_submit.py:488} INFO - 24/10/03 09:12:34 INFO BlockManager: BlockManager stopped
[2024-10-03T09:12:34.129+0000] {spark_submit.py:488} INFO - 24/10/03 09:12:34 INFO BlockManagerMaster: BlockManagerMaster stopped
[2024-10-03T09:12:34.135+0000] {spark_submit.py:488} INFO - 24/10/03 09:12:34 INFO OutputCommitCoordinator$OutputCommitCoordinatorEndpoint: OutputCommitCoordinator stopped!
[2024-10-03T09:12:34.154+0000] {spark_submit.py:488} INFO - 24/10/03 09:12:34 INFO SparkContext: Successfully stopped SparkContext
[2024-10-03T09:12:34.155+0000] {spark_submit.py:488} INFO - 24/10/03 09:12:34 INFO ShutdownHookManager: Shutdown hook called
[2024-10-03T09:12:34.157+0000] {spark_submit.py:488} INFO - 24/10/03 09:12:34 INFO ShutdownHookManager: Deleting directory /tmp/spark-6c05981c-1c60-4973-b975-33fe0bc469a8
[2024-10-03T09:12:34.163+0000] {spark_submit.py:488} INFO - 24/10/03 09:12:34 INFO ShutdownHookManager: Deleting directory /tmp/spark-a1c75c27-ffc2-4097-8a44-67da1cb34290
[2024-10-03T09:12:34.169+0000] {spark_submit.py:488} INFO - 24/10/03 09:12:34 INFO ShutdownHookManager: Deleting directory /tmp/spark-6c05981c-1c60-4973-b975-33fe0bc469a8/pyspark-2dbf8b5e-dd6c-4f88-86c0-f254f355b6f2
[2024-10-03T09:12:34.267+0000] {taskinstance.py:3310} ERROR - Task failed with exception
Traceback (most recent call last):
  File "/home/airflow/.local/lib/python3.12/site-packages/airflow/models/taskinstance.py", line 767, in _execute_task
    result = _execute_callable(context=context, **execute_callable_kwargs)
             ^^^^^^^^^^^^^^^^^^^^^^^^^^^^^^^^^^^^^^^^^^^^^^^^^^^^^^^^^^^^^
  File "/home/airflow/.local/lib/python3.12/site-packages/airflow/models/taskinstance.py", line 733, in _execute_callable
    return ExecutionCallableRunner(
           ^^^^^^^^^^^^^^^^^^^^^^^^
  File "/home/airflow/.local/lib/python3.12/site-packages/airflow/utils/operator_helpers.py", line 252, in run
    return self.func(*args, **kwargs)
           ^^^^^^^^^^^^^^^^^^^^^^^^^^
  File "/home/airflow/.local/lib/python3.12/site-packages/airflow/models/baseoperator.py", line 406, in wrapper
    return func(self, *args, **kwargs)
           ^^^^^^^^^^^^^^^^^^^^^^^^^^^
  File "/home/airflow/.local/lib/python3.12/site-packages/airflow/providers/apache/spark/operators/spark_submit.py", line 157, in execute
    self._hook.submit(self._application)
  File "/home/airflow/.local/lib/python3.12/site-packages/airflow/providers/apache/spark/hooks/spark_submit.py", line 419, in submit
    raise AirflowException(
airflow.exceptions.AirflowException: Cannot execute: spark-submit --master spark://spark-master:7077 --name arrow-spark dags/etl_pipeline/tasks/warehouse/components/extract_transform.py categories False 2024-10-03. Error code is: 1.
[2024-10-03T09:12:34.276+0000] {taskinstance.py:1225} INFO - Marking task as FAILED. dag_id=etl_pipeline, task_id=warehouse.step_1.extract_transform.categories, run_id=manual__2024-10-03T08:41:55.857004+00:00, execution_date=20241003T084155, start_date=20241003T091152, end_date=20241003T091234
[2024-10-03T09:12:34.277+0000] {taskinstance.py:1563} INFO - Executing callback at index 0: slack_notifier
[2024-10-03T09:12:34.281+0000] {baseoperator.py:405} WARNING - SlackWebhookOperator.execute cannot be called outside TaskInstance!
[2024-10-03T09:12:34.286+0000] {logging_mixin.py:190} WARNING - /home/***/.local/lib/python3.12/site-packages/***/providers/slack/hooks/slack_webhook.py:42 UserWarning: You cannot override the default channel (chosen by the user who installed your app), username, or icon when you're using Incoming Webhooks to post messages. Instead, these values will always inherit from the associated Slack app configuration. See: https://api.slack.com/messaging/webhooks#advanced_message_formatting. It is possible to change this values only in Legacy Slack Integration Incoming Webhook: https://api.slack.com/legacy/custom-integrations/messaging/webhooks#legacy-customizations
[2024-10-03T09:12:34.300+0000] {base.py:84} INFO - Retrieving connection 'slack_notifier'
[2024-10-03T09:12:35.775+0000] {taskinstance.py:340} INFO - ::group::Post task execution logs
[2024-10-03T09:12:35.776+0000] {standard_task_runner.py:124} ERROR - Failed to execute job 13650 for task warehouse.step_1.extract_transform.categories (Cannot execute: spark-submit --master spark://spark-master:7077 --name arrow-spark dags/etl_pipeline/tasks/warehouse/components/extract_transform.py categories False 2024-10-03. Error code is: 1.; 47408)
Traceback (most recent call last):
  File "/home/airflow/.local/lib/python3.12/site-packages/airflow/task/task_runner/standard_task_runner.py", line 117, in _start_by_fork
    ret = args.func(args, dag=self.dag)
          ^^^^^^^^^^^^^^^^^^^^^^^^^^^^^
  File "/home/airflow/.local/lib/python3.12/site-packages/airflow/cli/cli_config.py", line 49, in command
    return func(*args, **kwargs)
           ^^^^^^^^^^^^^^^^^^^^^
  File "/home/airflow/.local/lib/python3.12/site-packages/airflow/utils/cli.py", line 115, in wrapper
    return f(*args, **kwargs)
           ^^^^^^^^^^^^^^^^^^
  File "/home/airflow/.local/lib/python3.12/site-packages/airflow/cli/commands/task_command.py", line 483, in task_run
    task_return_code = _run_task_by_selected_method(args, _dag, ti)
                       ^^^^^^^^^^^^^^^^^^^^^^^^^^^^^^^^^^^^^^^^^^^^
  File "/home/airflow/.local/lib/python3.12/site-packages/airflow/cli/commands/task_command.py", line 256, in _run_task_by_selected_method
    return _run_raw_task(args, ti)
           ^^^^^^^^^^^^^^^^^^^^^^^
  File "/home/airflow/.local/lib/python3.12/site-packages/airflow/cli/commands/task_command.py", line 341, in _run_raw_task
    return ti._run_raw_task(
           ^^^^^^^^^^^^^^^^^
  File "/home/airflow/.local/lib/python3.12/site-packages/airflow/utils/session.py", line 97, in wrapper
    return func(*args, session=session, **kwargs)
           ^^^^^^^^^^^^^^^^^^^^^^^^^^^^^^^^^^^^^^
  File "/home/airflow/.local/lib/python3.12/site-packages/airflow/models/taskinstance.py", line 3004, in _run_raw_task
    return _run_raw_task(
           ^^^^^^^^^^^^^^
  File "/home/airflow/.local/lib/python3.12/site-packages/airflow/models/taskinstance.py", line 273, in _run_raw_task
    TaskInstance._execute_task_with_callbacks(
  File "/home/airflow/.local/lib/python3.12/site-packages/airflow/models/taskinstance.py", line 3158, in _execute_task_with_callbacks
    result = self._execute_task(context, task_orig)
             ^^^^^^^^^^^^^^^^^^^^^^^^^^^^^^^^^^^^^^
  File "/home/airflow/.local/lib/python3.12/site-packages/airflow/models/taskinstance.py", line 3182, in _execute_task
    return _execute_task(self, context, task_orig)
           ^^^^^^^^^^^^^^^^^^^^^^^^^^^^^^^^^^^^^^^
  File "/home/airflow/.local/lib/python3.12/site-packages/airflow/models/taskinstance.py", line 767, in _execute_task
    result = _execute_callable(context=context, **execute_callable_kwargs)
             ^^^^^^^^^^^^^^^^^^^^^^^^^^^^^^^^^^^^^^^^^^^^^^^^^^^^^^^^^^^^^
  File "/home/airflow/.local/lib/python3.12/site-packages/airflow/models/taskinstance.py", line 733, in _execute_callable
    return ExecutionCallableRunner(
           ^^^^^^^^^^^^^^^^^^^^^^^^
  File "/home/airflow/.local/lib/python3.12/site-packages/airflow/utils/operator_helpers.py", line 252, in run
    return self.func(*args, **kwargs)
           ^^^^^^^^^^^^^^^^^^^^^^^^^^
  File "/home/airflow/.local/lib/python3.12/site-packages/airflow/models/baseoperator.py", line 406, in wrapper
    return func(self, *args, **kwargs)
           ^^^^^^^^^^^^^^^^^^^^^^^^^^^
  File "/home/airflow/.local/lib/python3.12/site-packages/airflow/providers/apache/spark/operators/spark_submit.py", line 157, in execute
    self._hook.submit(self._application)
  File "/home/airflow/.local/lib/python3.12/site-packages/airflow/providers/apache/spark/hooks/spark_submit.py", line 419, in submit
    raise AirflowException(
airflow.exceptions.AirflowException: Cannot execute: spark-submit --master spark://spark-master:7077 --name arrow-spark dags/etl_pipeline/tasks/warehouse/components/extract_transform.py categories False 2024-10-03. Error code is: 1.
[2024-10-03T09:12:35.839+0000] {local_task_job_runner.py:266} INFO - Task exited with return code 1
[2024-10-03T09:12:35.881+0000] {taskinstance.py:3900} INFO - 0 downstream tasks scheduled from follow-on schedule check
[2024-10-03T09:12:35.884+0000] {local_task_job_runner.py:245} INFO - ::endgroup::
