[2024-10-03T09:40:54.182+0000] {local_task_job_runner.py:123} INFO - ::group::Pre task execution logs
[2024-10-03T09:40:54.213+0000] {taskinstance.py:2612} INFO - Dependencies all met for dep_context=non-requeueable deps ti=<TaskInstance: etl_pipeline.warehouse.step_1.extract_transform.categories manual__2024-10-03T08:41:55.857004+00:00 [queued]>
[2024-10-03T09:40:54.232+0000] {taskinstance.py:2612} INFO - Dependencies all met for dep_context=requeueable deps ti=<TaskInstance: etl_pipeline.warehouse.step_1.extract_transform.categories manual__2024-10-03T08:41:55.857004+00:00 [queued]>
[2024-10-03T09:40:54.233+0000] {taskinstance.py:2865} INFO - Starting attempt 18 of 18
[2024-10-03T09:40:54.264+0000] {taskinstance.py:2888} INFO - Executing <Task(SparkSubmitOperator): warehouse.step_1.extract_transform.categories> on 2024-10-03 08:41:55.857004+00:00
[2024-10-03T09:40:54.281+0000] {standard_task_runner.py:104} INFO - Running: ['***', 'tasks', 'run', 'etl_pipeline', 'warehouse.step_1.extract_transform.categories', 'manual__2024-10-03T08:41:55.857004+00:00', '--job-id', '13661', '--raw', '--subdir', 'DAGS_FOLDER/etl_pipeline/run.py', '--cfg-path', '/tmp/tmpljyqppwe']
[2024-10-03T09:40:54.287+0000] {standard_task_runner.py:105} INFO - Job 13661: Subtask warehouse.step_1.extract_transform.categories
[2024-10-03T09:40:54.289+0000] {logging_mixin.py:190} WARNING - /home/***/.local/lib/python3.12/site-packages/***/task/task_runner/standard_task_runner.py:70 DeprecationWarning: This process (pid=1855) is multi-threaded, use of fork() may lead to deadlocks in the child.
[2024-10-03T09:40:54.290+0000] {standard_task_runner.py:72} INFO - Started process 1857 to run task
[2024-10-03T09:40:54.396+0000] {task_command.py:467} INFO - Running <TaskInstance: etl_pipeline.warehouse.step_1.extract_transform.categories manual__2024-10-03T08:41:55.857004+00:00 [running]> on host a834a36ffdc9
[2024-10-03T09:40:54.538+0000] {taskinstance.py:3131} INFO - Exporting env vars: AIRFLOW_CTX_DAG_OWNER='***' AIRFLOW_CTX_DAG_ID='etl_pipeline' AIRFLOW_CTX_TASK_ID='warehouse.step_1.extract_transform.categories' AIRFLOW_CTX_EXECUTION_DATE='2024-10-03T08:41:55.857004+00:00' AIRFLOW_CTX_TRY_NUMBER='18' AIRFLOW_CTX_DAG_RUN_ID='manual__2024-10-03T08:41:55.857004+00:00'
[2024-10-03T09:40:54.539+0000] {taskinstance.py:731} INFO - ::endgroup::
[2024-10-03T09:40:54.557+0000] {base.py:84} INFO - Retrieving connection 'spark-conn'
[2024-10-03T09:40:54.558+0000] {spark_submit.py:335} INFO - Spark-Submit cmd: spark-submit --master spark://spark-master:7077 --name arrow-spark dags/etl_pipeline/tasks/warehouse/components/extract_transform.py categories False 2024-10-03
[2024-10-03T09:40:54.610+0000] {spark_submit.py:488} INFO - /home/***/.local/lib/python3.12/site-packages/pyspark/bin/load-spark-env.sh: line 68: ps: command not found
[2024-10-03T09:41:02.397+0000] {spark_submit.py:488} INFO - 24/10/03 09:41:02 INFO SparkContext: Running Spark version 3.5.3
[2024-10-03T09:41:02.401+0000] {spark_submit.py:488} INFO - 24/10/03 09:41:02 INFO SparkContext: OS info Linux, 5.15.153.1-microsoft-standard-WSL2, amd64
[2024-10-03T09:41:02.401+0000] {spark_submit.py:488} INFO - 24/10/03 09:41:02 INFO SparkContext: Java version 17.0.12
[2024-10-03T09:41:02.489+0000] {spark_submit.py:488} INFO - 24/10/03 09:41:02 WARN NativeCodeLoader: Unable to load native-hadoop library for your platform... using builtin-java classes where applicable
[2024-10-03T09:41:02.670+0000] {spark_submit.py:488} INFO - 24/10/03 09:41:02 INFO ResourceUtils: ==============================================================
[2024-10-03T09:41:02.672+0000] {spark_submit.py:488} INFO - 24/10/03 09:41:02 INFO ResourceUtils: No custom resources configured for spark.driver.
[2024-10-03T09:41:02.673+0000] {spark_submit.py:488} INFO - 24/10/03 09:41:02 INFO ResourceUtils: ==============================================================
[2024-10-03T09:41:02.674+0000] {spark_submit.py:488} INFO - 24/10/03 09:41:02 INFO SparkContext: Submitted application: MinioTest
[2024-10-03T09:41:02.726+0000] {spark_submit.py:488} INFO - 24/10/03 09:41:02 INFO ResourceProfile: Default ResourceProfile created, executor resources: Map(memory -> name: memory, amount: 1024, script: , vendor: , offHeap -> name: offHeap, amount: 0, script: , vendor: ), task resources: Map(cpus -> name: cpus, amount: 1.0)
[2024-10-03T09:41:02.743+0000] {spark_submit.py:488} INFO - 24/10/03 09:41:02 INFO ResourceProfile: Limiting resource is cpu
[2024-10-03T09:41:02.745+0000] {spark_submit.py:488} INFO - 24/10/03 09:41:02 INFO ResourceProfileManager: Added ResourceProfile id: 0
[2024-10-03T09:41:02.840+0000] {spark_submit.py:488} INFO - 24/10/03 09:41:02 INFO SecurityManager: Changing view acls to: ***
[2024-10-03T09:41:02.841+0000] {spark_submit.py:488} INFO - 24/10/03 09:41:02 INFO SecurityManager: Changing modify acls to: ***
[2024-10-03T09:41:02.842+0000] {spark_submit.py:488} INFO - 24/10/03 09:41:02 INFO SecurityManager: Changing view acls groups to:
[2024-10-03T09:41:02.843+0000] {spark_submit.py:488} INFO - 24/10/03 09:41:02 INFO SecurityManager: Changing modify acls groups to:
[2024-10-03T09:41:02.845+0000] {spark_submit.py:488} INFO - 24/10/03 09:41:02 INFO SecurityManager: SecurityManager: authentication disabled; ui acls disabled; users with view permissions: ***; groups with view permissions: EMPTY; users with modify permissions: ***; groups with modify permissions: EMPTY
[2024-10-03T09:41:03.218+0000] {spark_submit.py:488} INFO - 24/10/03 09:41:03 INFO Utils: Successfully started service 'sparkDriver' on port 46095.
[2024-10-03T09:41:03.261+0000] {spark_submit.py:488} INFO - 24/10/03 09:41:03 INFO SparkEnv: Registering MapOutputTracker
[2024-10-03T09:41:03.314+0000] {spark_submit.py:488} INFO - 24/10/03 09:41:03 INFO SparkEnv: Registering BlockManagerMaster
[2024-10-03T09:41:03.343+0000] {spark_submit.py:488} INFO - 24/10/03 09:41:03 INFO BlockManagerMasterEndpoint: Using org.apache.spark.storage.DefaultTopologyMapper for getting topology information
[2024-10-03T09:41:03.344+0000] {spark_submit.py:488} INFO - 24/10/03 09:41:03 INFO BlockManagerMasterEndpoint: BlockManagerMasterEndpoint up
[2024-10-03T09:41:03.352+0000] {spark_submit.py:488} INFO - 24/10/03 09:41:03 INFO SparkEnv: Registering BlockManagerMasterHeartbeat
[2024-10-03T09:41:03.380+0000] {spark_submit.py:488} INFO - 24/10/03 09:41:03 INFO DiskBlockManager: Created local directory at /tmp/blockmgr-33392d52-a948-4568-b310-6efed9cabb75
[2024-10-03T09:41:03.409+0000] {spark_submit.py:488} INFO - 24/10/03 09:41:03 INFO MemoryStore: MemoryStore started with capacity 434.4 MiB
[2024-10-03T09:41:03.440+0000] {spark_submit.py:488} INFO - 24/10/03 09:41:03 INFO SparkEnv: Registering OutputCommitCoordinator
[2024-10-03T09:41:03.681+0000] {spark_submit.py:488} INFO - 24/10/03 09:41:03 INFO JettyUtils: Start Jetty 0.0.0.0:4040 for SparkUI
[2024-10-03T09:41:03.779+0000] {spark_submit.py:488} INFO - 24/10/03 09:41:03 INFO Utils: Successfully started service 'SparkUI' on port 4040.
[2024-10-03T09:41:04.005+0000] {spark_submit.py:488} INFO - 24/10/03 09:41:04 INFO StandaloneAppClient$ClientEndpoint: Connecting to master spark://spark-master:7077...
[2024-10-03T09:41:04.112+0000] {spark_submit.py:488} INFO - 24/10/03 09:41:04 INFO TransportClientFactory: Successfully created connection to spark-master/172.20.0.4:7077 after 66 ms (0 ms spent in bootstraps)
[2024-10-03T09:41:04.270+0000] {spark_submit.py:488} INFO - 24/10/03 09:41:04 INFO StandaloneSchedulerBackend: Connected to Spark cluster with app ID app-20241003094104-0003
[2024-10-03T09:41:04.279+0000] {spark_submit.py:488} INFO - 24/10/03 09:41:04 INFO StandaloneAppClient$ClientEndpoint: Executor added: app-20241003094104-0003/0 on worker-20241003093005-172.20.0.9-36725 (172.20.0.9:36725) with 2 core(s)
[2024-10-03T09:41:04.286+0000] {spark_submit.py:488} INFO - 24/10/03 09:41:04 INFO StandaloneSchedulerBackend: Granted executor ID app-20241003094104-0003/0 on hostPort 172.20.0.9:36725 with 2 core(s), 1024.0 MiB RAM
[2024-10-03T09:41:04.296+0000] {spark_submit.py:488} INFO - 24/10/03 09:41:04 INFO Utils: Successfully started service 'org.apache.spark.network.netty.NettyBlockTransferService' on port 40747.
[2024-10-03T09:41:04.297+0000] {spark_submit.py:488} INFO - 24/10/03 09:41:04 INFO NettyBlockTransferService: Server created on a834a36ffdc9:40747
[2024-10-03T09:41:04.301+0000] {spark_submit.py:488} INFO - 24/10/03 09:41:04 INFO BlockManager: Using org.apache.spark.storage.RandomBlockReplicationPolicy for block replication policy
[2024-10-03T09:41:04.312+0000] {spark_submit.py:488} INFO - 24/10/03 09:41:04 INFO BlockManagerMaster: Registering BlockManager BlockManagerId(driver, a834a36ffdc9, 40747, None)
[2024-10-03T09:41:04.321+0000] {spark_submit.py:488} INFO - 24/10/03 09:41:04 INFO BlockManagerMasterEndpoint: Registering block manager a834a36ffdc9:40747 with 434.4 MiB RAM, BlockManagerId(driver, a834a36ffdc9, 40747, None)
[2024-10-03T09:41:04.326+0000] {spark_submit.py:488} INFO - 24/10/03 09:41:04 INFO BlockManagerMaster: Registered BlockManager BlockManagerId(driver, a834a36ffdc9, 40747, None)
[2024-10-03T09:41:04.329+0000] {spark_submit.py:488} INFO - 24/10/03 09:41:04 INFO BlockManager: Initialized BlockManager: BlockManagerId(driver, a834a36ffdc9, 40747, None)
[2024-10-03T09:41:04.362+0000] {spark_submit.py:488} INFO - 24/10/03 09:41:04 INFO StandaloneAppClient$ClientEndpoint: Executor updated: app-20241003094104-0003/0 is now RUNNING
[2024-10-03T09:41:04.953+0000] {spark_submit.py:488} INFO - 24/10/03 09:41:04 INFO StandaloneSchedulerBackend: SchedulerBackend is ready for scheduling beginning after reached minRegisteredResourcesRatio: 0.0
[2024-10-03T09:41:06.812+0000] {spark_submit.py:488} INFO - [2024-10-03T09:41:06.809+0000] {base.py:84} INFO - Retrieving connection 'staging_db'
[2024-10-03T09:41:06.829+0000] {spark_submit.py:488} INFO - ['category', 'categoryname', 'created_at']
[2024-10-03T09:41:06.830+0000] {spark_submit.py:488} INFO - [(1, 'Action', datetime.datetime(2004, 3, 1, 0, 0)), (2, 'Animation', datetime.datetime(2004, 3, 1, 0, 0)), (3, 'Children', datetime.datetime(2004, 3, 1, 0, 0)), (4, 'Classics', datetime.datetime(2004, 3, 1, 0, 0)), (5, 'Comedy', datetime.datetime(2004, 3, 1, 0, 0)), (6, 'Documentary', datetime.datetime(2004, 3, 1, 0, 0)), (7, 'Drama', datetime.datetime(2004, 3, 1, 0, 0)), (8, 'Family', datetime.datetime(2004, 3, 1, 0, 0)), (9, 'Foreign', datetime.datetime(2004, 3, 1, 0, 0)), (10, 'Games', datetime.datetime(2004, 3, 1, 0, 0)), (11, 'Horror', datetime.datetime(2004, 3, 1, 0, 0)), (12, 'Music', datetime.datetime(2004, 3, 1, 0, 0)), (13, 'New', datetime.datetime(2004, 3, 1, 0, 0)), (14, 'Sci-Fi', datetime.datetime(2004, 3, 1, 0, 0)), (15, 'Sports', datetime.datetime(2004, 3, 1, 0, 0)), (16, 'Travel', datetime.datetime(2004, 3, 1, 0, 0))]
[2024-10-03T09:41:06.954+0000] {spark_submit.py:488} INFO - 24/10/03 09:41:06 INFO SharedState: Setting hive.metastore.warehouse.dir ('null') to the value of spark.sql.warehouse.dir.
[2024-10-03T09:41:06.972+0000] {spark_submit.py:488} INFO - 24/10/03 09:41:06 INFO SharedState: Warehouse path is 'file:/opt/***/spark-warehouse'.
[2024-10-03T09:41:09.972+0000] {spark_submit.py:488} INFO - 24/10/03 09:41:09 INFO StandaloneSchedulerBackend$StandaloneDriverEndpoint: Registered executor NettyRpcEndpointRef(spark-client://Executor) (172.20.0.9:56442) with ID 0,  ResourceProfileId 0
[2024-10-03T09:41:10.109+0000] {spark_submit.py:488} INFO - 24/10/03 09:41:10 INFO BlockManagerMasterEndpoint: Registering block manager 172.20.0.9:33999 with 434.4 MiB RAM, BlockManagerId(0, 172.20.0.9, 33999, None)
[2024-10-03T09:41:10.910+0000] {spark_submit.py:488} INFO - DataFrame content before writing to CSV:
[2024-10-03T09:41:12.367+0000] {spark_submit.py:488} INFO - 24/10/03 09:41:12 INFO CodeGenerator: Code generated in 352.493906 ms
[2024-10-03T09:41:12.528+0000] {spark_submit.py:488} INFO - 24/10/03 09:41:12 INFO DAGScheduler: Registering RDD 7 (showString at NativeMethodAccessorImpl.java:0) as input to shuffle 0
[2024-10-03T09:41:12.535+0000] {spark_submit.py:488} INFO - 24/10/03 09:41:12 INFO DAGScheduler: Got map stage job 0 (showString at NativeMethodAccessorImpl.java:0) with 2 output partitions
[2024-10-03T09:41:12.536+0000] {spark_submit.py:488} INFO - 24/10/03 09:41:12 INFO DAGScheduler: Final stage: ShuffleMapStage 0 (showString at NativeMethodAccessorImpl.java:0)
[2024-10-03T09:41:12.537+0000] {spark_submit.py:488} INFO - 24/10/03 09:41:12 INFO DAGScheduler: Parents of final stage: List()
[2024-10-03T09:41:12.538+0000] {spark_submit.py:488} INFO - 24/10/03 09:41:12 INFO DAGScheduler: Missing parents: List()
[2024-10-03T09:41:12.544+0000] {spark_submit.py:488} INFO - 24/10/03 09:41:12 INFO DAGScheduler: Submitting ShuffleMapStage 0 (MapPartitionsRDD[7] at showString at NativeMethodAccessorImpl.java:0), which has no missing parents
[2024-10-03T09:41:12.651+0000] {spark_submit.py:488} INFO - 24/10/03 09:41:12 INFO MemoryStore: Block broadcast_0 stored as values in memory (estimated size 29.2 KiB, free 434.4 MiB)
[2024-10-03T09:41:12.687+0000] {spark_submit.py:488} INFO - 24/10/03 09:41:12 INFO MemoryStore: Block broadcast_0_piece0 stored as bytes in memory (estimated size 14.1 KiB, free 434.4 MiB)
[2024-10-03T09:41:12.690+0000] {spark_submit.py:488} INFO - 24/10/03 09:41:12 INFO BlockManagerInfo: Added broadcast_0_piece0 in memory on a834a36ffdc9:40747 (size: 14.1 KiB, free: 434.4 MiB)
[2024-10-03T09:41:12.696+0000] {spark_submit.py:488} INFO - 24/10/03 09:41:12 INFO SparkContext: Created broadcast 0 from broadcast at DAGScheduler.scala:1585
[2024-10-03T09:41:12.719+0000] {spark_submit.py:488} INFO - 24/10/03 09:41:12 INFO DAGScheduler: Submitting 2 missing tasks from ShuffleMapStage 0 (MapPartitionsRDD[7] at showString at NativeMethodAccessorImpl.java:0) (first 15 tasks are for partitions Vector(0, 1))
[2024-10-03T09:41:12.720+0000] {spark_submit.py:488} INFO - 24/10/03 09:41:12 INFO TaskSchedulerImpl: Adding task set 0.0 with 2 tasks resource profile 0
[2024-10-03T09:41:12.757+0000] {spark_submit.py:488} INFO - 24/10/03 09:41:12 INFO TaskSetManager: Starting task 0.0 in stage 0.0 (TID 0) (172.20.0.9, executor 0, partition 0, PROCESS_LOCAL, 9185 bytes)
[2024-10-03T09:41:12.763+0000] {spark_submit.py:488} INFO - 24/10/03 09:41:12 INFO TaskSetManager: Starting task 1.0 in stage 0.0 (TID 1) (172.20.0.9, executor 0, partition 1, PROCESS_LOCAL, 9170 bytes)
[2024-10-03T09:41:13.151+0000] {spark_submit.py:488} INFO - 24/10/03 09:41:13 INFO BlockManagerInfo: Added broadcast_0_piece0 in memory on 172.20.0.9:33999 (size: 14.1 KiB, free: 434.4 MiB)
[2024-10-03T09:41:16.434+0000] {spark_submit.py:488} INFO - 24/10/03 09:41:16 INFO TaskSetManager: Finished task 1.0 in stage 0.0 (TID 1) in 3670 ms on 172.20.0.9 (executor 0) (1/2)
[2024-10-03T09:41:16.436+0000] {spark_submit.py:488} INFO - 24/10/03 09:41:16 INFO TaskSetManager: Finished task 0.0 in stage 0.0 (TID 0) in 3697 ms on 172.20.0.9 (executor 0) (2/2)
[2024-10-03T09:41:16.439+0000] {spark_submit.py:488} INFO - 24/10/03 09:41:16 INFO TaskSchedulerImpl: Removed TaskSet 0.0, whose tasks have all completed, from pool
[2024-10-03T09:41:16.445+0000] {spark_submit.py:488} INFO - 24/10/03 09:41:16 INFO PythonAccumulatorV2: Connected to AccumulatorServer at host: 127.0.0.1 port: 60499
[2024-10-03T09:41:16.455+0000] {spark_submit.py:488} INFO - 24/10/03 09:41:16 INFO DAGScheduler: ShuffleMapStage 0 (showString at NativeMethodAccessorImpl.java:0) finished in 3.898 s
[2024-10-03T09:41:16.456+0000] {spark_submit.py:488} INFO - 24/10/03 09:41:16 INFO DAGScheduler: looking for newly runnable stages
[2024-10-03T09:41:16.457+0000] {spark_submit.py:488} INFO - 24/10/03 09:41:16 INFO DAGScheduler: running: Set()
[2024-10-03T09:41:16.458+0000] {spark_submit.py:488} INFO - 24/10/03 09:41:16 INFO DAGScheduler: waiting: Set()
[2024-10-03T09:41:16.459+0000] {spark_submit.py:488} INFO - 24/10/03 09:41:16 INFO DAGScheduler: failed: Set()
[2024-10-03T09:41:16.511+0000] {spark_submit.py:488} INFO - 24/10/03 09:41:16 INFO ShufflePartitionsUtil: For shuffle(0), advisory target size: 67108864, actual target size 1048576, minimum partition size: 1048576
[2024-10-03T09:41:16.581+0000] {spark_submit.py:488} INFO - 24/10/03 09:41:16 INFO CodeGenerator: Code generated in 23.458101 ms
[2024-10-03T09:41:16.653+0000] {spark_submit.py:488} INFO - 24/10/03 09:41:16 INFO SparkContext: Starting job: showString at NativeMethodAccessorImpl.java:0
[2024-10-03T09:41:16.659+0000] {spark_submit.py:488} INFO - 24/10/03 09:41:16 INFO DAGScheduler: Got job 1 (showString at NativeMethodAccessorImpl.java:0) with 1 output partitions
[2024-10-03T09:41:16.659+0000] {spark_submit.py:488} INFO - 24/10/03 09:41:16 INFO DAGScheduler: Final stage: ResultStage 2 (showString at NativeMethodAccessorImpl.java:0)
[2024-10-03T09:41:16.660+0000] {spark_submit.py:488} INFO - 24/10/03 09:41:16 INFO DAGScheduler: Parents of final stage: List(ShuffleMapStage 1)
[2024-10-03T09:41:16.661+0000] {spark_submit.py:488} INFO - 24/10/03 09:41:16 INFO DAGScheduler: Missing parents: List()
[2024-10-03T09:41:16.664+0000] {spark_submit.py:488} INFO - 24/10/03 09:41:16 INFO DAGScheduler: Submitting ResultStage 2 (MapPartitionsRDD[11] at showString at NativeMethodAccessorImpl.java:0), which has no missing parents
[2024-10-03T09:41:16.696+0000] {spark_submit.py:488} INFO - 24/10/03 09:41:16 INFO MemoryStore: Block broadcast_1 stored as values in memory (estimated size 35.5 KiB, free 434.3 MiB)
[2024-10-03T09:41:16.700+0000] {spark_submit.py:488} INFO - 24/10/03 09:41:16 INFO MemoryStore: Block broadcast_1_piece0 stored as bytes in memory (estimated size 17.3 KiB, free 434.3 MiB)
[2024-10-03T09:41:16.702+0000] {spark_submit.py:488} INFO - 24/10/03 09:41:16 INFO BlockManagerInfo: Added broadcast_1_piece0 in memory on a834a36ffdc9:40747 (size: 17.3 KiB, free: 434.4 MiB)
[2024-10-03T09:41:16.703+0000] {spark_submit.py:488} INFO - 24/10/03 09:41:16 INFO SparkContext: Created broadcast 1 from broadcast at DAGScheduler.scala:1585
[2024-10-03T09:41:16.707+0000] {spark_submit.py:488} INFO - 24/10/03 09:41:16 INFO DAGScheduler: Submitting 1 missing tasks from ResultStage 2 (MapPartitionsRDD[11] at showString at NativeMethodAccessorImpl.java:0) (first 15 tasks are for partitions Vector(0))
[2024-10-03T09:41:16.707+0000] {spark_submit.py:488} INFO - 24/10/03 09:41:16 INFO TaskSchedulerImpl: Adding task set 2.0 with 1 tasks resource profile 0
[2024-10-03T09:41:16.720+0000] {spark_submit.py:488} INFO - 24/10/03 09:41:16 INFO TaskSetManager: Starting task 0.0 in stage 2.0 (TID 2) (172.20.0.9, executor 0, partition 0, NODE_LOCAL, 9003 bytes)
[2024-10-03T09:41:16.761+0000] {spark_submit.py:488} INFO - 24/10/03 09:41:16 INFO BlockManagerInfo: Added broadcast_1_piece0 in memory on 172.20.0.9:33999 (size: 17.3 KiB, free: 434.4 MiB)
[2024-10-03T09:41:16.960+0000] {spark_submit.py:488} INFO - 24/10/03 09:41:16 INFO MapOutputTrackerMasterEndpoint: Asked to send map output locations for shuffle 0 to 172.20.0.9:56442
[2024-10-03T09:41:17.500+0000] {spark_submit.py:488} INFO - 24/10/03 09:41:17 INFO TaskSetManager: Finished task 0.0 in stage 2.0 (TID 2) in 784 ms on 172.20.0.9 (executor 0) (1/1)
[2024-10-03T09:41:17.502+0000] {spark_submit.py:488} INFO - 24/10/03 09:41:17 INFO TaskSchedulerImpl: Removed TaskSet 2.0, whose tasks have all completed, from pool
[2024-10-03T09:41:17.508+0000] {spark_submit.py:488} INFO - 24/10/03 09:41:17 INFO DAGScheduler: ResultStage 2 (showString at NativeMethodAccessorImpl.java:0) finished in 0.819 s
[2024-10-03T09:41:17.511+0000] {spark_submit.py:488} INFO - 24/10/03 09:41:17 INFO DAGScheduler: Job 1 is finished. Cancelling potential speculative or zombie tasks for this job
[2024-10-03T09:41:17.515+0000] {spark_submit.py:488} INFO - 24/10/03 09:41:17 INFO TaskSchedulerImpl: Killing all running tasks in stage 2: Stage finished
[2024-10-03T09:41:17.526+0000] {spark_submit.py:488} INFO - 24/10/03 09:41:17 INFO DAGScheduler: Job 1 finished: showString at NativeMethodAccessorImpl.java:0, took 0.869593 s
[2024-10-03T09:41:17.739+0000] {spark_submit.py:488} INFO - 24/10/03 09:41:17 INFO BlockManagerInfo: Removed broadcast_0_piece0 on a834a36ffdc9:40747 in memory (size: 14.1 KiB, free: 434.4 MiB)
[2024-10-03T09:41:17.754+0000] {spark_submit.py:488} INFO - 24/10/03 09:41:17 INFO BlockManagerInfo: Removed broadcast_0_piece0 on 172.20.0.9:33999 in memory (size: 14.1 KiB, free: 434.4 MiB)
[2024-10-03T09:41:17.788+0000] {spark_submit.py:488} INFO - 24/10/03 09:41:17 INFO BlockManagerInfo: Removed broadcast_1_piece0 on a834a36ffdc9:40747 in memory (size: 17.3 KiB, free: 434.4 MiB)
[2024-10-03T09:41:17.796+0000] {spark_submit.py:488} INFO - 24/10/03 09:41:17 INFO BlockManagerInfo: Removed broadcast_1_piece0 on 172.20.0.9:33999 in memory (size: 17.3 KiB, free: 434.4 MiB)
[2024-10-03T09:41:19.442+0000] {spark_submit.py:488} INFO - 24/10/03 09:41:19 INFO CodeGenerator: Code generated in 25.284301 ms
[2024-10-03T09:41:19.458+0000] {spark_submit.py:488} INFO - +-----------+-------------+
[2024-10-03T09:41:19.458+0000] {spark_submit.py:488} INFO - |category_nk|category_name|
[2024-10-03T09:41:19.459+0000] {spark_submit.py:488} INFO - +-----------+-------------+
[2024-10-03T09:41:19.460+0000] {spark_submit.py:488} INFO - |          1|       Action|
[2024-10-03T09:41:19.460+0000] {spark_submit.py:488} INFO - |          2|    Animation|
[2024-10-03T09:41:19.461+0000] {spark_submit.py:488} INFO - |          3|     Children|
[2024-10-03T09:41:19.462+0000] {spark_submit.py:488} INFO - |          4|     Classics|
[2024-10-03T09:41:19.462+0000] {spark_submit.py:488} INFO - |          5|       Comedy|
[2024-10-03T09:41:19.464+0000] {spark_submit.py:488} INFO - +-----------+-------------+
[2024-10-03T09:41:19.465+0000] {spark_submit.py:488} INFO - only showing top 5 rows
[2024-10-03T09:41:19.466+0000] {spark_submit.py:488} INFO - 
[2024-10-03T09:41:19.750+0000] {spark_submit.py:488} INFO - 24/10/03 09:41:19 INFO CodeGenerator: Code generated in 126.306003 ms
[2024-10-03T09:41:19.764+0000] {spark_submit.py:488} INFO - 24/10/03 09:41:19 INFO DAGScheduler: Registering RDD 13 (count at NativeMethodAccessorImpl.java:0) as input to shuffle 1
[2024-10-03T09:41:19.765+0000] {spark_submit.py:488} INFO - 24/10/03 09:41:19 INFO DAGScheduler: Got map stage job 2 (count at NativeMethodAccessorImpl.java:0) with 2 output partitions
[2024-10-03T09:41:19.766+0000] {spark_submit.py:488} INFO - 24/10/03 09:41:19 INFO DAGScheduler: Final stage: ShuffleMapStage 3 (count at NativeMethodAccessorImpl.java:0)
[2024-10-03T09:41:19.766+0000] {spark_submit.py:488} INFO - 24/10/03 09:41:19 INFO DAGScheduler: Parents of final stage: List()
[2024-10-03T09:41:19.767+0000] {spark_submit.py:488} INFO - 24/10/03 09:41:19 INFO DAGScheduler: Missing parents: List()
[2024-10-03T09:41:19.768+0000] {spark_submit.py:488} INFO - 24/10/03 09:41:19 INFO DAGScheduler: Submitting ShuffleMapStage 3 (MapPartitionsRDD[13] at count at NativeMethodAccessorImpl.java:0), which has no missing parents
[2024-10-03T09:41:19.774+0000] {spark_submit.py:488} INFO - 24/10/03 09:41:19 INFO MemoryStore: Block broadcast_2 stored as values in memory (estimated size 34.3 KiB, free 434.4 MiB)
[2024-10-03T09:41:19.779+0000] {spark_submit.py:488} INFO - 24/10/03 09:41:19 INFO MemoryStore: Block broadcast_2_piece0 stored as bytes in memory (estimated size 16.5 KiB, free 434.4 MiB)
[2024-10-03T09:41:19.783+0000] {spark_submit.py:488} INFO - 24/10/03 09:41:19 INFO BlockManagerInfo: Added broadcast_2_piece0 in memory on a834a36ffdc9:40747 (size: 16.5 KiB, free: 434.4 MiB)
[2024-10-03T09:41:19.784+0000] {spark_submit.py:488} INFO - 24/10/03 09:41:19 INFO SparkContext: Created broadcast 2 from broadcast at DAGScheduler.scala:1585
[2024-10-03T09:41:19.786+0000] {spark_submit.py:488} INFO - 24/10/03 09:41:19 INFO DAGScheduler: Submitting 2 missing tasks from ShuffleMapStage 3 (MapPartitionsRDD[13] at count at NativeMethodAccessorImpl.java:0) (first 15 tasks are for partitions Vector(0, 1))
[2024-10-03T09:41:19.787+0000] {spark_submit.py:488} INFO - 24/10/03 09:41:19 INFO TaskSchedulerImpl: Adding task set 3.0 with 2 tasks resource profile 0
[2024-10-03T09:41:19.789+0000] {spark_submit.py:488} INFO - 24/10/03 09:41:19 INFO TaskSetManager: Starting task 0.0 in stage 3.0 (TID 3) (172.20.0.9, executor 0, partition 0, PROCESS_LOCAL, 9185 bytes)
[2024-10-03T09:41:19.790+0000] {spark_submit.py:488} INFO - 24/10/03 09:41:19 INFO TaskSetManager: Starting task 1.0 in stage 3.0 (TID 4) (172.20.0.9, executor 0, partition 1, PROCESS_LOCAL, 9170 bytes)
[2024-10-03T09:41:19.817+0000] {spark_submit.py:488} INFO - 24/10/03 09:41:19 INFO BlockManagerInfo: Added broadcast_2_piece0 in memory on 172.20.0.9:33999 (size: 16.5 KiB, free: 434.4 MiB)
[2024-10-03T09:41:20.467+0000] {spark_submit.py:488} INFO - 24/10/03 09:41:20 INFO TaskSetManager: Finished task 1.0 in stage 3.0 (TID 4) in 677 ms on 172.20.0.9 (executor 0) (1/2)
[2024-10-03T09:41:20.468+0000] {spark_submit.py:488} INFO - 24/10/03 09:41:20 INFO TaskSetManager: Finished task 0.0 in stage 3.0 (TID 3) in 679 ms on 172.20.0.9 (executor 0) (2/2)
[2024-10-03T09:41:20.469+0000] {spark_submit.py:488} INFO - 24/10/03 09:41:20 INFO TaskSchedulerImpl: Removed TaskSet 3.0, whose tasks have all completed, from pool
[2024-10-03T09:41:20.473+0000] {spark_submit.py:488} INFO - 24/10/03 09:41:20 INFO DAGScheduler: ShuffleMapStage 3 (count at NativeMethodAccessorImpl.java:0) finished in 0.702 s
[2024-10-03T09:41:20.474+0000] {spark_submit.py:488} INFO - 24/10/03 09:41:20 INFO DAGScheduler: looking for newly runnable stages
[2024-10-03T09:41:20.474+0000] {spark_submit.py:488} INFO - 24/10/03 09:41:20 INFO DAGScheduler: running: Set()
[2024-10-03T09:41:20.475+0000] {spark_submit.py:488} INFO - 24/10/03 09:41:20 INFO DAGScheduler: waiting: Set()
[2024-10-03T09:41:20.476+0000] {spark_submit.py:488} INFO - 24/10/03 09:41:20 INFO DAGScheduler: failed: Set()
[2024-10-03T09:41:20.486+0000] {spark_submit.py:488} INFO - 24/10/03 09:41:20 INFO ShufflePartitionsUtil: For shuffle(1), advisory target size: 67108864, actual target size 1048576, minimum partition size: 1048576
[2024-10-03T09:41:20.607+0000] {spark_submit.py:488} INFO - 24/10/03 09:41:20 INFO CodeGenerator: Code generated in 78.755902 ms
[2024-10-03T09:41:20.640+0000] {spark_submit.py:488} INFO - 24/10/03 09:41:20 INFO DAGScheduler: Registering RDD 16 (count at NativeMethodAccessorImpl.java:0) as input to shuffle 2
[2024-10-03T09:41:20.641+0000] {spark_submit.py:488} INFO - 24/10/03 09:41:20 INFO DAGScheduler: Got map stage job 3 (count at NativeMethodAccessorImpl.java:0) with 1 output partitions
[2024-10-03T09:41:20.642+0000] {spark_submit.py:488} INFO - 24/10/03 09:41:20 INFO DAGScheduler: Final stage: ShuffleMapStage 5 (count at NativeMethodAccessorImpl.java:0)
[2024-10-03T09:41:20.642+0000] {spark_submit.py:488} INFO - 24/10/03 09:41:20 INFO DAGScheduler: Parents of final stage: List(ShuffleMapStage 4)
[2024-10-03T09:41:20.643+0000] {spark_submit.py:488} INFO - 24/10/03 09:41:20 INFO DAGScheduler: Missing parents: List()
[2024-10-03T09:41:20.644+0000] {spark_submit.py:488} INFO - 24/10/03 09:41:20 INFO DAGScheduler: Submitting ShuffleMapStage 5 (MapPartitionsRDD[16] at count at NativeMethodAccessorImpl.java:0), which has no missing parents
[2024-10-03T09:41:20.668+0000] {spark_submit.py:488} INFO - 24/10/03 09:41:20 INFO MemoryStore: Block broadcast_3 stored as values in memory (estimated size 44.5 KiB, free 434.3 MiB)
[2024-10-03T09:41:20.672+0000] {spark_submit.py:488} INFO - 24/10/03 09:41:20 INFO MemoryStore: Block broadcast_3_piece0 stored as bytes in memory (estimated size 20.9 KiB, free 434.3 MiB)
[2024-10-03T09:41:20.674+0000] {spark_submit.py:488} INFO - 24/10/03 09:41:20 INFO BlockManagerInfo: Added broadcast_3_piece0 in memory on a834a36ffdc9:40747 (size: 20.9 KiB, free: 434.4 MiB)
[2024-10-03T09:41:20.675+0000] {spark_submit.py:488} INFO - 24/10/03 09:41:20 INFO SparkContext: Created broadcast 3 from broadcast at DAGScheduler.scala:1585
[2024-10-03T09:41:20.677+0000] {spark_submit.py:488} INFO - 24/10/03 09:41:20 INFO DAGScheduler: Submitting 1 missing tasks from ShuffleMapStage 5 (MapPartitionsRDD[16] at count at NativeMethodAccessorImpl.java:0) (first 15 tasks are for partitions Vector(0))
[2024-10-03T09:41:20.679+0000] {spark_submit.py:488} INFO - 24/10/03 09:41:20 INFO TaskSchedulerImpl: Adding task set 5.0 with 1 tasks resource profile 0
[2024-10-03T09:41:20.682+0000] {spark_submit.py:488} INFO - 24/10/03 09:41:20 INFO TaskSetManager: Starting task 0.0 in stage 5.0 (TID 5) (172.20.0.9, executor 0, partition 0, NODE_LOCAL, 8992 bytes)
[2024-10-03T09:41:20.737+0000] {spark_submit.py:488} INFO - 24/10/03 09:41:20 INFO BlockManagerInfo: Added broadcast_3_piece0 in memory on 172.20.0.9:33999 (size: 20.9 KiB, free: 434.4 MiB)
[2024-10-03T09:41:20.801+0000] {spark_submit.py:488} INFO - 24/10/03 09:41:20 INFO MapOutputTrackerMasterEndpoint: Asked to send map output locations for shuffle 1 to 172.20.0.9:56442
[2024-10-03T09:41:20.978+0000] {spark_submit.py:488} INFO - 24/10/03 09:41:20 INFO TaskSetManager: Finished task 0.0 in stage 5.0 (TID 5) in 294 ms on 172.20.0.9 (executor 0) (1/1)
[2024-10-03T09:41:20.979+0000] {spark_submit.py:488} INFO - 24/10/03 09:41:20 INFO TaskSchedulerImpl: Removed TaskSet 5.0, whose tasks have all completed, from pool
[2024-10-03T09:41:20.987+0000] {spark_submit.py:488} INFO - 24/10/03 09:41:20 INFO DAGScheduler: ShuffleMapStage 5 (count at NativeMethodAccessorImpl.java:0) finished in 0.331 s
[2024-10-03T09:41:20.988+0000] {spark_submit.py:488} INFO - 24/10/03 09:41:20 INFO DAGScheduler: looking for newly runnable stages
[2024-10-03T09:41:20.989+0000] {spark_submit.py:488} INFO - 24/10/03 09:41:20 INFO DAGScheduler: running: Set()
[2024-10-03T09:41:20.991+0000] {spark_submit.py:488} INFO - 24/10/03 09:41:20 INFO DAGScheduler: waiting: Set()
[2024-10-03T09:41:20.992+0000] {spark_submit.py:488} INFO - 24/10/03 09:41:20 INFO DAGScheduler: failed: Set()
[2024-10-03T09:41:21.073+0000] {spark_submit.py:488} INFO - 24/10/03 09:41:21 INFO CodeGenerator: Code generated in 31.233101 ms
[2024-10-03T09:41:21.109+0000] {spark_submit.py:488} INFO - 24/10/03 09:41:21 INFO SparkContext: Starting job: count at NativeMethodAccessorImpl.java:0
[2024-10-03T09:41:21.114+0000] {spark_submit.py:488} INFO - 24/10/03 09:41:21 INFO DAGScheduler: Got job 4 (count at NativeMethodAccessorImpl.java:0) with 1 output partitions
[2024-10-03T09:41:21.115+0000] {spark_submit.py:488} INFO - 24/10/03 09:41:21 INFO DAGScheduler: Final stage: ResultStage 8 (count at NativeMethodAccessorImpl.java:0)
[2024-10-03T09:41:21.116+0000] {spark_submit.py:488} INFO - 24/10/03 09:41:21 INFO DAGScheduler: Parents of final stage: List(ShuffleMapStage 7)
[2024-10-03T09:41:21.117+0000] {spark_submit.py:488} INFO - 24/10/03 09:41:21 INFO DAGScheduler: Missing parents: List()
[2024-10-03T09:41:21.124+0000] {spark_submit.py:488} INFO - 24/10/03 09:41:21 INFO DAGScheduler: Submitting ResultStage 8 (MapPartitionsRDD[19] at count at NativeMethodAccessorImpl.java:0), which has no missing parents
[2024-10-03T09:41:21.134+0000] {spark_submit.py:488} INFO - 24/10/03 09:41:21 INFO MemoryStore: Block broadcast_4 stored as values in memory (estimated size 12.5 KiB, free 434.3 MiB)
[2024-10-03T09:41:21.139+0000] {spark_submit.py:488} INFO - 24/10/03 09:41:21 INFO MemoryStore: Block broadcast_4_piece0 stored as bytes in memory (estimated size 5.9 KiB, free 434.3 MiB)
[2024-10-03T09:41:21.141+0000] {spark_submit.py:488} INFO - 24/10/03 09:41:21 INFO BlockManagerInfo: Added broadcast_4_piece0 in memory on a834a36ffdc9:40747 (size: 5.9 KiB, free: 434.4 MiB)
[2024-10-03T09:41:21.143+0000] {spark_submit.py:488} INFO - 24/10/03 09:41:21 INFO SparkContext: Created broadcast 4 from broadcast at DAGScheduler.scala:1585
[2024-10-03T09:41:21.146+0000] {spark_submit.py:488} INFO - 24/10/03 09:41:21 INFO DAGScheduler: Submitting 1 missing tasks from ResultStage 8 (MapPartitionsRDD[19] at count at NativeMethodAccessorImpl.java:0) (first 15 tasks are for partitions Vector(0))
[2024-10-03T09:41:21.147+0000] {spark_submit.py:488} INFO - 24/10/03 09:41:21 INFO TaskSchedulerImpl: Adding task set 8.0 with 1 tasks resource profile 0
[2024-10-03T09:41:21.151+0000] {spark_submit.py:488} INFO - 24/10/03 09:41:21 INFO TaskSetManager: Starting task 0.0 in stage 8.0 (TID 6) (172.20.0.9, executor 0, partition 0, NODE_LOCAL, 9003 bytes)
[2024-10-03T09:41:21.186+0000] {spark_submit.py:488} INFO - 24/10/03 09:41:21 INFO BlockManagerInfo: Added broadcast_4_piece0 in memory on 172.20.0.9:33999 (size: 5.9 KiB, free: 434.4 MiB)
[2024-10-03T09:41:21.200+0000] {spark_submit.py:488} INFO - 24/10/03 09:41:21 INFO MapOutputTrackerMasterEndpoint: Asked to send map output locations for shuffle 2 to 172.20.0.9:56442
[2024-10-03T09:41:21.247+0000] {spark_submit.py:488} INFO - 24/10/03 09:41:21 INFO TaskSetManager: Finished task 0.0 in stage 8.0 (TID 6) in 96 ms on 172.20.0.9 (executor 0) (1/1)
[2024-10-03T09:41:21.248+0000] {spark_submit.py:488} INFO - 24/10/03 09:41:21 INFO TaskSchedulerImpl: Removed TaskSet 8.0, whose tasks have all completed, from pool
[2024-10-03T09:41:21.251+0000] {spark_submit.py:488} INFO - 24/10/03 09:41:21 INFO DAGScheduler: ResultStage 8 (count at NativeMethodAccessorImpl.java:0) finished in 0.124 s
[2024-10-03T09:41:21.252+0000] {spark_submit.py:488} INFO - 24/10/03 09:41:21 INFO DAGScheduler: Job 4 is finished. Cancelling potential speculative or zombie tasks for this job
[2024-10-03T09:41:21.252+0000] {spark_submit.py:488} INFO - 24/10/03 09:41:21 INFO TaskSchedulerImpl: Killing all running tasks in stage 8: Stage finished
[2024-10-03T09:41:21.253+0000] {spark_submit.py:488} INFO - 24/10/03 09:41:21 INFO DAGScheduler: Job 4 finished: count at NativeMethodAccessorImpl.java:0, took 0.144127 s
[2024-10-03T09:41:21.260+0000] {spark_submit.py:488} INFO - DF COUNT 16
[2024-10-03T09:41:21.473+0000] {spark_submit.py:488} INFO - Traceback (most recent call last):
[2024-10-03T09:41:21.473+0000] {spark_submit.py:488} INFO - File "/opt/***/dags/etl_pipeline/tasks/warehouse/components/extract_transform.py", line 64, in _categories
[2024-10-03T09:41:21.474+0000] {spark_submit.py:488} INFO - .save("s3a://transformed-data/categories.vsv")
[2024-10-03T09:41:21.474+0000] {spark_submit.py:488} INFO - ^^^^^^^^^^^^^^^^^^^^^^^^^^^^^^^^^^^^^^^^^^^^^
[2024-10-03T09:41:21.475+0000] {spark_submit.py:488} INFO - File "/home/***/.local/lib/python3.12/site-packages/pyspark/python/lib/pyspark.zip/pyspark/sql/readwriter.py", line 1463, in save
[2024-10-03T09:41:21.476+0000] {spark_submit.py:488} INFO - File "/home/***/.local/lib/python3.12/site-packages/pyspark/python/lib/py4j-0.10.9.7-src.zip/py4j/java_gateway.py", line 1322, in __call__
[2024-10-03T09:41:21.476+0000] {spark_submit.py:488} INFO - File "/home/***/.local/lib/python3.12/site-packages/pyspark/python/lib/pyspark.zip/pyspark/errors/exceptions/captured.py", line 179, in deco
[2024-10-03T09:41:21.477+0000] {spark_submit.py:488} INFO - File "/home/***/.local/lib/python3.12/site-packages/pyspark/python/lib/py4j-0.10.9.7-src.zip/py4j/protocol.py", line 326, in get_return_value
[2024-10-03T09:41:21.477+0000] {spark_submit.py:488} INFO - py4j.protocol.Py4JJavaError: An error occurred while calling o57.save.
[2024-10-03T09:41:21.477+0000] {spark_submit.py:488} INFO - : java.lang.RuntimeException: java.lang.ClassNotFoundException: Class org.apache.hadoop.fs.s3a.S3AFileSystem not found
[2024-10-03T09:41:21.477+0000] {spark_submit.py:488} INFO - at org.apache.hadoop.conf.Configuration.getClass(Configuration.java:2688)
[2024-10-03T09:41:21.478+0000] {spark_submit.py:488} INFO - at org.apache.hadoop.fs.FileSystem.getFileSystemClass(FileSystem.java:3431)
[2024-10-03T09:41:21.478+0000] {spark_submit.py:488} INFO - at org.apache.hadoop.fs.FileSystem.createFileSystem(FileSystem.java:3466)
[2024-10-03T09:41:21.479+0000] {spark_submit.py:488} INFO - at org.apache.hadoop.fs.FileSystem.access$300(FileSystem.java:174)
[2024-10-03T09:41:21.479+0000] {spark_submit.py:488} INFO - at org.apache.hadoop.fs.FileSystem$Cache.getInternal(FileSystem.java:3574)
[2024-10-03T09:41:21.479+0000] {spark_submit.py:488} INFO - at org.apache.hadoop.fs.FileSystem$Cache.get(FileSystem.java:3521)
[2024-10-03T09:41:21.480+0000] {spark_submit.py:488} INFO - at org.apache.hadoop.fs.FileSystem.get(FileSystem.java:540)
[2024-10-03T09:41:21.480+0000] {spark_submit.py:488} INFO - at org.apache.hadoop.fs.Path.getFileSystem(Path.java:365)
[2024-10-03T09:41:21.481+0000] {spark_submit.py:488} INFO - at org.apache.spark.sql.execution.datasources.DataSource.planForWritingFileFormat(DataSource.scala:454)
[2024-10-03T09:41:21.481+0000] {spark_submit.py:488} INFO - at org.apache.spark.sql.execution.datasources.DataSource.planForWriting(DataSource.scala:530)
[2024-10-03T09:41:21.481+0000] {spark_submit.py:488} INFO - at org.apache.spark.sql.DataFrameWriter.saveToV1Source(DataFrameWriter.scala:391)
[2024-10-03T09:41:21.482+0000] {spark_submit.py:488} INFO - at org.apache.spark.sql.DataFrameWriter.saveInternal(DataFrameWriter.scala:364)
[2024-10-03T09:41:21.482+0000] {spark_submit.py:488} INFO - at org.apache.spark.sql.DataFrameWriter.save(DataFrameWriter.scala:243)
[2024-10-03T09:41:21.482+0000] {spark_submit.py:488} INFO - at java.base/jdk.internal.reflect.NativeMethodAccessorImpl.invoke0(Native Method)
[2024-10-03T09:41:21.482+0000] {spark_submit.py:488} INFO - at java.base/jdk.internal.reflect.NativeMethodAccessorImpl.invoke(NativeMethodAccessorImpl.java:77)
[2024-10-03T09:41:21.483+0000] {spark_submit.py:488} INFO - at java.base/jdk.internal.reflect.DelegatingMethodAccessorImpl.invoke(DelegatingMethodAccessorImpl.java:43)
[2024-10-03T09:41:21.483+0000] {spark_submit.py:488} INFO - at java.base/java.lang.reflect.Method.invoke(Method.java:569)
[2024-10-03T09:41:21.483+0000] {spark_submit.py:488} INFO - at py4j.reflection.MethodInvoker.invoke(MethodInvoker.java:244)
[2024-10-03T09:41:21.483+0000] {spark_submit.py:488} INFO - at py4j.reflection.ReflectionEngine.invoke(ReflectionEngine.java:374)
[2024-10-03T09:41:21.484+0000] {spark_submit.py:488} INFO - at py4j.Gateway.invoke(Gateway.java:282)
[2024-10-03T09:41:21.484+0000] {spark_submit.py:488} INFO - at py4j.commands.AbstractCommand.invokeMethod(AbstractCommand.java:132)
[2024-10-03T09:41:21.484+0000] {spark_submit.py:488} INFO - at py4j.commands.CallCommand.execute(CallCommand.java:79)
[2024-10-03T09:41:21.484+0000] {spark_submit.py:488} INFO - at py4j.ClientServerConnection.waitForCommands(ClientServerConnection.java:182)
[2024-10-03T09:41:21.484+0000] {spark_submit.py:488} INFO - at py4j.ClientServerConnection.run(ClientServerConnection.java:106)
[2024-10-03T09:41:21.485+0000] {spark_submit.py:488} INFO - at java.base/java.lang.Thread.run(Thread.java:840)
[2024-10-03T09:41:21.485+0000] {spark_submit.py:488} INFO - Caused by: java.lang.ClassNotFoundException: Class org.apache.hadoop.fs.s3a.S3AFileSystem not found
[2024-10-03T09:41:21.485+0000] {spark_submit.py:488} INFO - at org.apache.hadoop.conf.Configuration.getClassByName(Configuration.java:2592)
[2024-10-03T09:41:21.485+0000] {spark_submit.py:488} INFO - at org.apache.hadoop.conf.Configuration.getClass(Configuration.java:2686)
[2024-10-03T09:41:21.486+0000] {spark_submit.py:488} INFO - ... 24 more
[2024-10-03T09:41:21.486+0000] {spark_submit.py:488} INFO - 
[2024-10-03T09:41:21.486+0000] {spark_submit.py:488} INFO - 
[2024-10-03T09:41:21.487+0000] {spark_submit.py:488} INFO - During handling of the above exception, another exception occurred:
[2024-10-03T09:41:21.487+0000] {spark_submit.py:488} INFO - 
[2024-10-03T09:41:21.487+0000] {spark_submit.py:488} INFO - Traceback (most recent call last):
[2024-10-03T09:41:21.487+0000] {spark_submit.py:488} INFO - File "/opt/***/dags/etl_pipeline/tasks/warehouse/components/extract_transform.py", line 100, in <module>
[2024-10-03T09:41:21.487+0000] {spark_submit.py:488} INFO - ExtractTransform._categories(incremental, date)
[2024-10-03T09:41:21.488+0000] {spark_submit.py:488} INFO - File "/opt/***/dags/etl_pipeline/tasks/warehouse/components/extract_transform.py", line 88, in _categories
[2024-10-03T09:41:21.488+0000] {spark_submit.py:488} INFO - raise AirflowException(f"Error when extracting and transforming data from categories: {e}")
[2024-10-03T09:41:21.488+0000] {spark_submit.py:488} INFO - ***.exceptions.AirflowException: Error when extracting and transforming data from categories: An error occurred while calling o57.save.
[2024-10-03T09:41:21.489+0000] {spark_submit.py:488} INFO - : java.lang.RuntimeException: java.lang.ClassNotFoundException: Class org.apache.hadoop.fs.s3a.S3AFileSystem not found
[2024-10-03T09:41:21.489+0000] {spark_submit.py:488} INFO - at org.apache.hadoop.conf.Configuration.getClass(Configuration.java:2688)
[2024-10-03T09:41:21.489+0000] {spark_submit.py:488} INFO - at org.apache.hadoop.fs.FileSystem.getFileSystemClass(FileSystem.java:3431)
[2024-10-03T09:41:21.489+0000] {spark_submit.py:488} INFO - at org.apache.hadoop.fs.FileSystem.createFileSystem(FileSystem.java:3466)
[2024-10-03T09:41:21.490+0000] {spark_submit.py:488} INFO - at org.apache.hadoop.fs.FileSystem.access$300(FileSystem.java:174)
[2024-10-03T09:41:21.490+0000] {spark_submit.py:488} INFO - at org.apache.hadoop.fs.FileSystem$Cache.getInternal(FileSystem.java:3574)
[2024-10-03T09:41:21.490+0000] {spark_submit.py:488} INFO - at org.apache.hadoop.fs.FileSystem$Cache.get(FileSystem.java:3521)
[2024-10-03T09:41:21.491+0000] {spark_submit.py:488} INFO - at org.apache.hadoop.fs.FileSystem.get(FileSystem.java:540)
[2024-10-03T09:41:21.491+0000] {spark_submit.py:488} INFO - at org.apache.hadoop.fs.Path.getFileSystem(Path.java:365)
[2024-10-03T09:41:21.491+0000] {spark_submit.py:488} INFO - at org.apache.spark.sql.execution.datasources.DataSource.planForWritingFileFormat(DataSource.scala:454)
[2024-10-03T09:41:21.491+0000] {spark_submit.py:488} INFO - at org.apache.spark.sql.execution.datasources.DataSource.planForWriting(DataSource.scala:530)
[2024-10-03T09:41:21.492+0000] {spark_submit.py:488} INFO - at org.apache.spark.sql.DataFrameWriter.saveToV1Source(DataFrameWriter.scala:391)
[2024-10-03T09:41:21.492+0000] {spark_submit.py:488} INFO - at org.apache.spark.sql.DataFrameWriter.saveInternal(DataFrameWriter.scala:364)
[2024-10-03T09:41:21.492+0000] {spark_submit.py:488} INFO - at org.apache.spark.sql.DataFrameWriter.save(DataFrameWriter.scala:243)
[2024-10-03T09:41:21.492+0000] {spark_submit.py:488} INFO - at java.base/jdk.internal.reflect.NativeMethodAccessorImpl.invoke0(Native Method)
[2024-10-03T09:41:21.492+0000] {spark_submit.py:488} INFO - at java.base/jdk.internal.reflect.NativeMethodAccessorImpl.invoke(NativeMethodAccessorImpl.java:77)
[2024-10-03T09:41:21.493+0000] {spark_submit.py:488} INFO - at java.base/jdk.internal.reflect.DelegatingMethodAccessorImpl.invoke(DelegatingMethodAccessorImpl.java:43)
[2024-10-03T09:41:21.493+0000] {spark_submit.py:488} INFO - at java.base/java.lang.reflect.Method.invoke(Method.java:569)
[2024-10-03T09:41:21.493+0000] {spark_submit.py:488} INFO - at py4j.reflection.MethodInvoker.invoke(MethodInvoker.java:244)
[2024-10-03T09:41:21.493+0000] {spark_submit.py:488} INFO - at py4j.reflection.ReflectionEngine.invoke(ReflectionEngine.java:374)
[2024-10-03T09:41:21.494+0000] {spark_submit.py:488} INFO - at py4j.Gateway.invoke(Gateway.java:282)
[2024-10-03T09:41:21.494+0000] {spark_submit.py:488} INFO - at py4j.commands.AbstractCommand.invokeMethod(AbstractCommand.java:132)
[2024-10-03T09:41:21.494+0000] {spark_submit.py:488} INFO - at py4j.commands.CallCommand.execute(CallCommand.java:79)
[2024-10-03T09:41:21.495+0000] {spark_submit.py:488} INFO - at py4j.ClientServerConnection.waitForCommands(ClientServerConnection.java:182)
[2024-10-03T09:41:21.496+0000] {spark_submit.py:488} INFO - at py4j.ClientServerConnection.run(ClientServerConnection.java:106)
[2024-10-03T09:41:21.497+0000] {spark_submit.py:488} INFO - at java.base/java.lang.Thread.run(Thread.java:840)
[2024-10-03T09:41:21.497+0000] {spark_submit.py:488} INFO - Caused by: java.lang.ClassNotFoundException: Class org.apache.hadoop.fs.s3a.S3AFileSystem not found
[2024-10-03T09:41:21.498+0000] {spark_submit.py:488} INFO - at org.apache.hadoop.conf.Configuration.getClassByName(Configuration.java:2592)
[2024-10-03T09:41:21.498+0000] {spark_submit.py:488} INFO - at org.apache.hadoop.conf.Configuration.getClass(Configuration.java:2686)
[2024-10-03T09:41:21.499+0000] {spark_submit.py:488} INFO - ... 24 more
[2024-10-03T09:41:21.499+0000] {spark_submit.py:488} INFO - 
[2024-10-03T09:41:21.500+0000] {spark_submit.py:488} INFO - [2024-10-03T09:41:21.477+0000] {clientserver.py:543} INFO - Closing down clientserver connection
[2024-10-03T09:41:22.176+0000] {spark_submit.py:488} INFO - 24/10/03 09:41:22 INFO SparkContext: Invoking stop() from shutdown hook
[2024-10-03T09:41:22.177+0000] {spark_submit.py:488} INFO - 24/10/03 09:41:22 INFO SparkContext: SparkContext is stopping with exitCode 0.
[2024-10-03T09:41:22.193+0000] {spark_submit.py:488} INFO - 24/10/03 09:41:22 INFO SparkUI: Stopped Spark web UI at http://a834a36ffdc9:4040
[2024-10-03T09:41:22.199+0000] {spark_submit.py:488} INFO - 24/10/03 09:41:22 INFO StandaloneSchedulerBackend: Shutting down all executors
[2024-10-03T09:41:22.200+0000] {spark_submit.py:488} INFO - 24/10/03 09:41:22 INFO StandaloneSchedulerBackend$StandaloneDriverEndpoint: Asking each executor to shut down
[2024-10-03T09:41:22.240+0000] {spark_submit.py:488} INFO - 24/10/03 09:41:22 INFO MapOutputTrackerMasterEndpoint: MapOutputTrackerMasterEndpoint stopped!
[2024-10-03T09:41:22.287+0000] {spark_submit.py:488} INFO - 24/10/03 09:41:22 INFO MemoryStore: MemoryStore cleared
[2024-10-03T09:41:22.288+0000] {spark_submit.py:488} INFO - 24/10/03 09:41:22 INFO BlockManager: BlockManager stopped
[2024-10-03T09:41:22.293+0000] {spark_submit.py:488} INFO - 24/10/03 09:41:22 INFO BlockManagerMaster: BlockManagerMaster stopped
[2024-10-03T09:41:22.299+0000] {spark_submit.py:488} INFO - 24/10/03 09:41:22 INFO OutputCommitCoordinator$OutputCommitCoordinatorEndpoint: OutputCommitCoordinator stopped!
[2024-10-03T09:41:22.319+0000] {spark_submit.py:488} INFO - 24/10/03 09:41:22 INFO SparkContext: Successfully stopped SparkContext
[2024-10-03T09:41:22.321+0000] {spark_submit.py:488} INFO - 24/10/03 09:41:22 INFO ShutdownHookManager: Shutdown hook called
[2024-10-03T09:41:22.323+0000] {spark_submit.py:488} INFO - 24/10/03 09:41:22 INFO ShutdownHookManager: Deleting directory /tmp/spark-b13df984-da32-4b20-8737-14f52bfd372f/pyspark-395f4b68-2f1b-4a01-895f-f7f691b270a5
[2024-10-03T09:41:22.329+0000] {spark_submit.py:488} INFO - 24/10/03 09:41:22 INFO ShutdownHookManager: Deleting directory /tmp/spark-b13df984-da32-4b20-8737-14f52bfd372f
[2024-10-03T09:41:22.335+0000] {spark_submit.py:488} INFO - 24/10/03 09:41:22 INFO ShutdownHookManager: Deleting directory /tmp/spark-bb346347-c969-436b-a2db-6b34ef891e3d
[2024-10-03T09:41:22.426+0000] {taskinstance.py:3310} ERROR - Task failed with exception
Traceback (most recent call last):
  File "/home/airflow/.local/lib/python3.12/site-packages/airflow/models/taskinstance.py", line 767, in _execute_task
    result = _execute_callable(context=context, **execute_callable_kwargs)
             ^^^^^^^^^^^^^^^^^^^^^^^^^^^^^^^^^^^^^^^^^^^^^^^^^^^^^^^^^^^^^
  File "/home/airflow/.local/lib/python3.12/site-packages/airflow/models/taskinstance.py", line 733, in _execute_callable
    return ExecutionCallableRunner(
           ^^^^^^^^^^^^^^^^^^^^^^^^
  File "/home/airflow/.local/lib/python3.12/site-packages/airflow/utils/operator_helpers.py", line 252, in run
    return self.func(*args, **kwargs)
           ^^^^^^^^^^^^^^^^^^^^^^^^^^
  File "/home/airflow/.local/lib/python3.12/site-packages/airflow/models/baseoperator.py", line 406, in wrapper
    return func(self, *args, **kwargs)
           ^^^^^^^^^^^^^^^^^^^^^^^^^^^
  File "/home/airflow/.local/lib/python3.12/site-packages/airflow/providers/apache/spark/operators/spark_submit.py", line 157, in execute
    self._hook.submit(self._application)
  File "/home/airflow/.local/lib/python3.12/site-packages/airflow/providers/apache/spark/hooks/spark_submit.py", line 419, in submit
    raise AirflowException(
airflow.exceptions.AirflowException: Cannot execute: spark-submit --master spark://spark-master:7077 --name arrow-spark dags/etl_pipeline/tasks/warehouse/components/extract_transform.py categories False 2024-10-03. Error code is: 1.
[2024-10-03T09:41:22.437+0000] {taskinstance.py:1225} INFO - Marking task as FAILED. dag_id=etl_pipeline, task_id=warehouse.step_1.extract_transform.categories, run_id=manual__2024-10-03T08:41:55.857004+00:00, execution_date=20241003T084155, start_date=20241003T094054, end_date=20241003T094122
[2024-10-03T09:41:22.438+0000] {taskinstance.py:1563} INFO - Executing callback at index 0: slack_notifier
[2024-10-03T09:41:22.442+0000] {baseoperator.py:405} WARNING - SlackWebhookOperator.execute cannot be called outside TaskInstance!
[2024-10-03T09:41:22.454+0000] {logging_mixin.py:190} WARNING - /home/***/.local/lib/python3.12/site-packages/***/providers/slack/hooks/slack_webhook.py:42 UserWarning: You cannot override the default channel (chosen by the user who installed your app), username, or icon when you're using Incoming Webhooks to post messages. Instead, these values will always inherit from the associated Slack app configuration. See: https://api.slack.com/messaging/webhooks#advanced_message_formatting. It is possible to change this values only in Legacy Slack Integration Incoming Webhook: https://api.slack.com/legacy/custom-integrations/messaging/webhooks#legacy-customizations
[2024-10-03T09:41:22.464+0000] {base.py:84} INFO - Retrieving connection 'slack_notifier'
[2024-10-03T09:41:22.913+0000] {taskinstance.py:340} INFO - ::group::Post task execution logs
[2024-10-03T09:41:22.915+0000] {standard_task_runner.py:124} ERROR - Failed to execute job 13661 for task warehouse.step_1.extract_transform.categories (Cannot execute: spark-submit --master spark://spark-master:7077 --name arrow-spark dags/etl_pipeline/tasks/warehouse/components/extract_transform.py categories False 2024-10-03. Error code is: 1.; 1857)
Traceback (most recent call last):
  File "/home/airflow/.local/lib/python3.12/site-packages/airflow/task/task_runner/standard_task_runner.py", line 117, in _start_by_fork
    ret = args.func(args, dag=self.dag)
          ^^^^^^^^^^^^^^^^^^^^^^^^^^^^^
  File "/home/airflow/.local/lib/python3.12/site-packages/airflow/cli/cli_config.py", line 49, in command
    return func(*args, **kwargs)
           ^^^^^^^^^^^^^^^^^^^^^
  File "/home/airflow/.local/lib/python3.12/site-packages/airflow/utils/cli.py", line 115, in wrapper
    return f(*args, **kwargs)
           ^^^^^^^^^^^^^^^^^^
  File "/home/airflow/.local/lib/python3.12/site-packages/airflow/cli/commands/task_command.py", line 483, in task_run
    task_return_code = _run_task_by_selected_method(args, _dag, ti)
                       ^^^^^^^^^^^^^^^^^^^^^^^^^^^^^^^^^^^^^^^^^^^^
  File "/home/airflow/.local/lib/python3.12/site-packages/airflow/cli/commands/task_command.py", line 256, in _run_task_by_selected_method
    return _run_raw_task(args, ti)
           ^^^^^^^^^^^^^^^^^^^^^^^
  File "/home/airflow/.local/lib/python3.12/site-packages/airflow/cli/commands/task_command.py", line 341, in _run_raw_task
    return ti._run_raw_task(
           ^^^^^^^^^^^^^^^^^
  File "/home/airflow/.local/lib/python3.12/site-packages/airflow/utils/session.py", line 97, in wrapper
    return func(*args, session=session, **kwargs)
           ^^^^^^^^^^^^^^^^^^^^^^^^^^^^^^^^^^^^^^
  File "/home/airflow/.local/lib/python3.12/site-packages/airflow/models/taskinstance.py", line 3004, in _run_raw_task
    return _run_raw_task(
           ^^^^^^^^^^^^^^
  File "/home/airflow/.local/lib/python3.12/site-packages/airflow/models/taskinstance.py", line 273, in _run_raw_task
    TaskInstance._execute_task_with_callbacks(
  File "/home/airflow/.local/lib/python3.12/site-packages/airflow/models/taskinstance.py", line 3158, in _execute_task_with_callbacks
    result = self._execute_task(context, task_orig)
             ^^^^^^^^^^^^^^^^^^^^^^^^^^^^^^^^^^^^^^
  File "/home/airflow/.local/lib/python3.12/site-packages/airflow/models/taskinstance.py", line 3182, in _execute_task
    return _execute_task(self, context, task_orig)
           ^^^^^^^^^^^^^^^^^^^^^^^^^^^^^^^^^^^^^^^
  File "/home/airflow/.local/lib/python3.12/site-packages/airflow/models/taskinstance.py", line 767, in _execute_task
    result = _execute_callable(context=context, **execute_callable_kwargs)
             ^^^^^^^^^^^^^^^^^^^^^^^^^^^^^^^^^^^^^^^^^^^^^^^^^^^^^^^^^^^^^
  File "/home/airflow/.local/lib/python3.12/site-packages/airflow/models/taskinstance.py", line 733, in _execute_callable
    return ExecutionCallableRunner(
           ^^^^^^^^^^^^^^^^^^^^^^^^
  File "/home/airflow/.local/lib/python3.12/site-packages/airflow/utils/operator_helpers.py", line 252, in run
    return self.func(*args, **kwargs)
           ^^^^^^^^^^^^^^^^^^^^^^^^^^
  File "/home/airflow/.local/lib/python3.12/site-packages/airflow/models/baseoperator.py", line 406, in wrapper
    return func(self, *args, **kwargs)
           ^^^^^^^^^^^^^^^^^^^^^^^^^^^
  File "/home/airflow/.local/lib/python3.12/site-packages/airflow/providers/apache/spark/operators/spark_submit.py", line 157, in execute
    self._hook.submit(self._application)
  File "/home/airflow/.local/lib/python3.12/site-packages/airflow/providers/apache/spark/hooks/spark_submit.py", line 419, in submit
    raise AirflowException(
airflow.exceptions.AirflowException: Cannot execute: spark-submit --master spark://spark-master:7077 --name arrow-spark dags/etl_pipeline/tasks/warehouse/components/extract_transform.py categories False 2024-10-03. Error code is: 1.
[2024-10-03T09:41:22.971+0000] {local_task_job_runner.py:266} INFO - Task exited with return code 1
[2024-10-03T09:41:23.002+0000] {taskinstance.py:3900} INFO - 0 downstream tasks scheduled from follow-on schedule check
[2024-10-03T09:41:23.006+0000] {local_task_job_runner.py:245} INFO - ::endgroup::
