[2024-10-03T10:25:34.003+0000] {local_task_job_runner.py:123} INFO - ::group::Pre task execution logs
[2024-10-03T10:25:34.027+0000] {taskinstance.py:2612} INFO - Dependencies all met for dep_context=non-requeueable deps ti=<TaskInstance: etl_pipeline.warehouse.step_1.extract_transform.categories manual__2024-10-03T08:41:55.857004+00:00 [queued]>
[2024-10-03T10:25:34.038+0000] {taskinstance.py:2612} INFO - Dependencies all met for dep_context=requeueable deps ti=<TaskInstance: etl_pipeline.warehouse.step_1.extract_transform.categories manual__2024-10-03T08:41:55.857004+00:00 [queued]>
[2024-10-03T10:25:34.038+0000] {taskinstance.py:2865} INFO - Starting attempt 22 of 22
[2024-10-03T10:25:34.057+0000] {taskinstance.py:2888} INFO - Executing <Task(SparkSubmitOperator): warehouse.step_1.extract_transform.categories> on 2024-10-03 08:41:55.857004+00:00
[2024-10-03T10:25:34.069+0000] {standard_task_runner.py:104} INFO - Running: ['***', 'tasks', 'run', 'etl_pipeline', 'warehouse.step_1.extract_transform.categories', 'manual__2024-10-03T08:41:55.857004+00:00', '--job-id', '13669', '--raw', '--subdir', 'DAGS_FOLDER/etl_pipeline/run.py', '--cfg-path', '/tmp/tmp1owm2z2q']
[2024-10-03T10:25:34.072+0000] {standard_task_runner.py:105} INFO - Job 13669: Subtask warehouse.step_1.extract_transform.categories
[2024-10-03T10:25:34.074+0000] {logging_mixin.py:190} WARNING - /home/***/.local/lib/python3.12/site-packages/***/task/task_runner/standard_task_runner.py:70 DeprecationWarning: This process (pid=4566) is multi-threaded, use of fork() may lead to deadlocks in the child.
[2024-10-03T10:25:34.076+0000] {standard_task_runner.py:72} INFO - Started process 4571 to run task
[2024-10-03T10:25:34.149+0000] {task_command.py:467} INFO - Running <TaskInstance: etl_pipeline.warehouse.step_1.extract_transform.categories manual__2024-10-03T08:41:55.857004+00:00 [running]> on host d9608c166c23
[2024-10-03T10:25:34.284+0000] {taskinstance.py:3131} INFO - Exporting env vars: AIRFLOW_CTX_DAG_OWNER='***' AIRFLOW_CTX_DAG_ID='etl_pipeline' AIRFLOW_CTX_TASK_ID='warehouse.step_1.extract_transform.categories' AIRFLOW_CTX_EXECUTION_DATE='2024-10-03T08:41:55.857004+00:00' AIRFLOW_CTX_TRY_NUMBER='22' AIRFLOW_CTX_DAG_RUN_ID='manual__2024-10-03T08:41:55.857004+00:00'
[2024-10-03T10:25:34.286+0000] {taskinstance.py:731} INFO - ::endgroup::
[2024-10-03T10:25:34.301+0000] {base.py:84} INFO - Retrieving connection 'spark-conn'
[2024-10-03T10:25:34.302+0000] {spark_submit.py:335} INFO - Spark-Submit cmd: spark-submit --master spark://spark-master:7077 --name arrow-spark dags/etl_pipeline/tasks/warehouse/components/extract_transform.py categories False 2024-10-03
[2024-10-03T10:25:34.352+0000] {spark_submit.py:488} INFO - /home/***/.local/lib/python3.12/site-packages/pyspark/bin/load-spark-env.sh: line 68: ps: command not found
[2024-10-03T10:25:41.450+0000] {spark_submit.py:488} INFO - 24/10/03 10:25:41 INFO SparkContext: Running Spark version 3.5.3
[2024-10-03T10:25:41.453+0000] {spark_submit.py:488} INFO - 24/10/03 10:25:41 INFO SparkContext: OS info Linux, 5.15.153.1-microsoft-standard-WSL2, amd64
[2024-10-03T10:25:41.454+0000] {spark_submit.py:488} INFO - 24/10/03 10:25:41 INFO SparkContext: Java version 17.0.12
[2024-10-03T10:25:41.538+0000] {spark_submit.py:488} INFO - 24/10/03 10:25:41 WARN NativeCodeLoader: Unable to load native-hadoop library for your platform... using builtin-java classes where applicable
[2024-10-03T10:25:41.747+0000] {spark_submit.py:488} INFO - 24/10/03 10:25:41 INFO ResourceUtils: ==============================================================
[2024-10-03T10:25:41.748+0000] {spark_submit.py:488} INFO - 24/10/03 10:25:41 INFO ResourceUtils: No custom resources configured for spark.driver.
[2024-10-03T10:25:41.749+0000] {spark_submit.py:488} INFO - 24/10/03 10:25:41 INFO ResourceUtils: ==============================================================
[2024-10-03T10:25:41.750+0000] {spark_submit.py:488} INFO - 24/10/03 10:25:41 INFO SparkContext: Submitted application: ETL Pipeline - Categories
[2024-10-03T10:25:41.817+0000] {spark_submit.py:488} INFO - 24/10/03 10:25:41 INFO ResourceProfile: Default ResourceProfile created, executor resources: Map(memory -> name: memory, amount: 1024, script: , vendor: , offHeap -> name: offHeap, amount: 0, script: , vendor: ), task resources: Map(cpus -> name: cpus, amount: 1.0)
[2024-10-03T10:25:41.847+0000] {spark_submit.py:488} INFO - 24/10/03 10:25:41 INFO ResourceProfile: Limiting resource is cpu
[2024-10-03T10:25:41.850+0000] {spark_submit.py:488} INFO - 24/10/03 10:25:41 INFO ResourceProfileManager: Added ResourceProfile id: 0
[2024-10-03T10:25:41.968+0000] {spark_submit.py:488} INFO - 24/10/03 10:25:41 INFO SecurityManager: Changing view acls to: ***
[2024-10-03T10:25:41.969+0000] {spark_submit.py:488} INFO - 24/10/03 10:25:41 INFO SecurityManager: Changing modify acls to: ***
[2024-10-03T10:25:41.971+0000] {spark_submit.py:488} INFO - 24/10/03 10:25:41 INFO SecurityManager: Changing view acls groups to:
[2024-10-03T10:25:41.975+0000] {spark_submit.py:488} INFO - 24/10/03 10:25:41 INFO SecurityManager: Changing modify acls groups to:
[2024-10-03T10:25:41.977+0000] {spark_submit.py:488} INFO - 24/10/03 10:25:41 INFO SecurityManager: SecurityManager: authentication disabled; ui acls disabled; users with view permissions: ***; groups with view permissions: EMPTY; users with modify permissions: ***; groups with modify permissions: EMPTY
[2024-10-03T10:25:42.373+0000] {spark_submit.py:488} INFO - 24/10/03 10:25:42 INFO Utils: Successfully started service 'sparkDriver' on port 45293.
[2024-10-03T10:25:42.409+0000] {spark_submit.py:488} INFO - 24/10/03 10:25:42 INFO SparkEnv: Registering MapOutputTracker
[2024-10-03T10:25:42.460+0000] {spark_submit.py:488} INFO - 24/10/03 10:25:42 INFO SparkEnv: Registering BlockManagerMaster
[2024-10-03T10:25:42.488+0000] {spark_submit.py:488} INFO - 24/10/03 10:25:42 INFO BlockManagerMasterEndpoint: Using org.apache.spark.storage.DefaultTopologyMapper for getting topology information
[2024-10-03T10:25:42.490+0000] {spark_submit.py:488} INFO - 24/10/03 10:25:42 INFO BlockManagerMasterEndpoint: BlockManagerMasterEndpoint up
[2024-10-03T10:25:42.495+0000] {spark_submit.py:488} INFO - 24/10/03 10:25:42 INFO SparkEnv: Registering BlockManagerMasterHeartbeat
[2024-10-03T10:25:42.523+0000] {spark_submit.py:488} INFO - 24/10/03 10:25:42 INFO DiskBlockManager: Created local directory at /tmp/blockmgr-e9300ac6-6b43-4bc1-ac61-7a78fb1d5cb0
[2024-10-03T10:25:42.547+0000] {spark_submit.py:488} INFO - 24/10/03 10:25:42 INFO MemoryStore: MemoryStore started with capacity 434.4 MiB
[2024-10-03T10:25:42.575+0000] {spark_submit.py:488} INFO - 24/10/03 10:25:42 INFO SparkEnv: Registering OutputCommitCoordinator
[2024-10-03T10:25:42.760+0000] {spark_submit.py:488} INFO - 24/10/03 10:25:42 INFO JettyUtils: Start Jetty 0.0.0.0:4040 for SparkUI
[2024-10-03T10:25:42.834+0000] {spark_submit.py:488} INFO - 24/10/03 10:25:42 INFO Utils: Successfully started service 'SparkUI' on port 4040.
[2024-10-03T10:25:43.062+0000] {spark_submit.py:488} INFO - 24/10/03 10:25:43 INFO StandaloneAppClient$ClientEndpoint: Connecting to master spark://spark-master:7077...
[2024-10-03T10:25:43.127+0000] {spark_submit.py:488} INFO - 24/10/03 10:25:43 INFO TransportClientFactory: Successfully created connection to spark-master/172.20.0.2:7077 after 36 ms (0 ms spent in bootstraps)
[2024-10-03T10:25:43.263+0000] {spark_submit.py:488} INFO - 24/10/03 10:25:43 INFO StandaloneSchedulerBackend: Connected to Spark cluster with app ID app-20241003102543-0003
[2024-10-03T10:25:43.269+0000] {spark_submit.py:488} INFO - 24/10/03 10:25:43 INFO StandaloneAppClient$ClientEndpoint: Executor added: app-20241003102543-0003/0 on worker-20241003094638-172.20.0.10-38773 (172.20.0.10:38773) with 2 core(s)
[2024-10-03T10:25:43.279+0000] {spark_submit.py:488} INFO - 24/10/03 10:25:43 INFO StandaloneSchedulerBackend: Granted executor ID app-20241003102543-0003/0 on hostPort 172.20.0.10:38773 with 2 core(s), 1024.0 MiB RAM
[2024-10-03T10:25:43.285+0000] {spark_submit.py:488} INFO - 24/10/03 10:25:43 INFO Utils: Successfully started service 'org.apache.spark.network.netty.NettyBlockTransferService' on port 40541.
[2024-10-03T10:25:43.286+0000] {spark_submit.py:488} INFO - 24/10/03 10:25:43 INFO NettyBlockTransferService: Server created on d9608c166c23:40541
[2024-10-03T10:25:43.291+0000] {spark_submit.py:488} INFO - 24/10/03 10:25:43 INFO BlockManager: Using org.apache.spark.storage.RandomBlockReplicationPolicy for block replication policy
[2024-10-03T10:25:43.300+0000] {spark_submit.py:488} INFO - 24/10/03 10:25:43 INFO BlockManagerMaster: Registering BlockManager BlockManagerId(driver, d9608c166c23, 40541, None)
[2024-10-03T10:25:43.304+0000] {spark_submit.py:488} INFO - 24/10/03 10:25:43 INFO BlockManagerMasterEndpoint: Registering block manager d9608c166c23:40541 with 434.4 MiB RAM, BlockManagerId(driver, d9608c166c23, 40541, None)
[2024-10-03T10:25:43.308+0000] {spark_submit.py:488} INFO - 24/10/03 10:25:43 INFO BlockManagerMaster: Registered BlockManager BlockManagerId(driver, d9608c166c23, 40541, None)
[2024-10-03T10:25:43.311+0000] {spark_submit.py:488} INFO - 24/10/03 10:25:43 INFO BlockManager: Initialized BlockManager: BlockManagerId(driver, d9608c166c23, 40541, None)
[2024-10-03T10:25:43.350+0000] {spark_submit.py:488} INFO - 24/10/03 10:25:43 INFO StandaloneAppClient$ClientEndpoint: Executor updated: app-20241003102543-0003/0 is now RUNNING
[2024-10-03T10:25:43.869+0000] {spark_submit.py:488} INFO - 24/10/03 10:25:43 INFO StandaloneSchedulerBackend: SchedulerBackend is ready for scheduling beginning after reached minRegisteredResourcesRatio: 0.0
[2024-10-03T10:25:45.421+0000] {spark_submit.py:488} INFO - [2024-10-03T10:25:45.419+0000] {base.py:84} INFO - Retrieving connection 'staging_db'
[2024-10-03T10:25:45.441+0000] {spark_submit.py:488} INFO - ['category', 'categoryname', 'created_at']
[2024-10-03T10:25:45.442+0000] {spark_submit.py:488} INFO - [(1, 'Action', datetime.datetime(2004, 3, 1, 0, 0)), (2, 'Animation', datetime.datetime(2004, 3, 1, 0, 0)), (3, 'Children', datetime.datetime(2004, 3, 1, 0, 0)), (4, 'Classics', datetime.datetime(2004, 3, 1, 0, 0)), (5, 'Comedy', datetime.datetime(2004, 3, 1, 0, 0)), (6, 'Documentary', datetime.datetime(2004, 3, 1, 0, 0)), (7, 'Drama', datetime.datetime(2004, 3, 1, 0, 0)), (8, 'Family', datetime.datetime(2004, 3, 1, 0, 0)), (9, 'Foreign', datetime.datetime(2004, 3, 1, 0, 0)), (10, 'Games', datetime.datetime(2004, 3, 1, 0, 0)), (11, 'Horror', datetime.datetime(2004, 3, 1, 0, 0)), (12, 'Music', datetime.datetime(2004, 3, 1, 0, 0)), (13, 'New', datetime.datetime(2004, 3, 1, 0, 0)), (14, 'Sci-Fi', datetime.datetime(2004, 3, 1, 0, 0)), (15, 'Sports', datetime.datetime(2004, 3, 1, 0, 0)), (16, 'Travel', datetime.datetime(2004, 3, 1, 0, 0))]
[2024-10-03T10:25:45.529+0000] {spark_submit.py:488} INFO - 24/10/03 10:25:45 INFO SharedState: Setting hive.metastore.warehouse.dir ('null') to the value of spark.sql.warehouse.dir.
[2024-10-03T10:25:45.541+0000] {spark_submit.py:488} INFO - 24/10/03 10:25:45 INFO SharedState: Warehouse path is 'file:/opt/***/spark-warehouse'.
[2024-10-03T10:25:48.348+0000] {spark_submit.py:488} INFO - 24/10/03 10:25:48 INFO StandaloneSchedulerBackend$StandaloneDriverEndpoint: Registered executor NettyRpcEndpointRef(spark-client://Executor) (172.20.0.10:58326) with ID 0,  ResourceProfileId 0
[2024-10-03T10:25:48.550+0000] {spark_submit.py:488} INFO - 24/10/03 10:25:48 INFO BlockManagerMasterEndpoint: Registering block manager 172.20.0.10:44363 with 434.4 MiB RAM, BlockManagerId(0, 172.20.0.10, 44363, None)
[2024-10-03T10:25:50.455+0000] {spark_submit.py:488} INFO - DataFrame content before writing to CSV:
[2024-10-03T10:25:52.677+0000] {spark_submit.py:488} INFO - 24/10/03 10:25:52 INFO CodeGenerator: Code generated in 356.58631 ms
[2024-10-03T10:25:52.826+0000] {spark_submit.py:488} INFO - 24/10/03 10:25:52 INFO DAGScheduler: Registering RDD 7 (showString at NativeMethodAccessorImpl.java:0) as input to shuffle 0
[2024-10-03T10:25:52.830+0000] {spark_submit.py:488} INFO - 24/10/03 10:25:52 INFO DAGScheduler: Got map stage job 0 (showString at NativeMethodAccessorImpl.java:0) with 2 output partitions
[2024-10-03T10:25:52.831+0000] {spark_submit.py:488} INFO - 24/10/03 10:25:52 INFO DAGScheduler: Final stage: ShuffleMapStage 0 (showString at NativeMethodAccessorImpl.java:0)
[2024-10-03T10:25:52.832+0000] {spark_submit.py:488} INFO - 24/10/03 10:25:52 INFO DAGScheduler: Parents of final stage: List()
[2024-10-03T10:25:52.835+0000] {spark_submit.py:488} INFO - 24/10/03 10:25:52 INFO DAGScheduler: Missing parents: List()
[2024-10-03T10:25:52.840+0000] {spark_submit.py:488} INFO - 24/10/03 10:25:52 INFO DAGScheduler: Submitting ShuffleMapStage 0 (MapPartitionsRDD[7] at showString at NativeMethodAccessorImpl.java:0), which has no missing parents
[2024-10-03T10:25:52.960+0000] {spark_submit.py:488} INFO - 24/10/03 10:25:52 INFO MemoryStore: Block broadcast_0 stored as values in memory (estimated size 29.2 KiB, free 434.4 MiB)
[2024-10-03T10:25:53.006+0000] {spark_submit.py:488} INFO - 24/10/03 10:25:53 INFO MemoryStore: Block broadcast_0_piece0 stored as bytes in memory (estimated size 14.1 KiB, free 434.4 MiB)
[2024-10-03T10:25:53.009+0000] {spark_submit.py:488} INFO - 24/10/03 10:25:53 INFO BlockManagerInfo: Added broadcast_0_piece0 in memory on d9608c166c23:40541 (size: 14.1 KiB, free: 434.4 MiB)
[2024-10-03T10:25:53.014+0000] {spark_submit.py:488} INFO - 24/10/03 10:25:53 INFO SparkContext: Created broadcast 0 from broadcast at DAGScheduler.scala:1585
[2024-10-03T10:25:53.032+0000] {spark_submit.py:488} INFO - 24/10/03 10:25:53 INFO DAGScheduler: Submitting 2 missing tasks from ShuffleMapStage 0 (MapPartitionsRDD[7] at showString at NativeMethodAccessorImpl.java:0) (first 15 tasks are for partitions Vector(0, 1))
[2024-10-03T10:25:53.033+0000] {spark_submit.py:488} INFO - 24/10/03 10:25:53 INFO TaskSchedulerImpl: Adding task set 0.0 with 2 tasks resource profile 0
[2024-10-03T10:25:53.073+0000] {spark_submit.py:488} INFO - 24/10/03 10:25:53 INFO TaskSetManager: Starting task 0.0 in stage 0.0 (TID 0) (172.20.0.10, executor 0, partition 0, PROCESS_LOCAL, 9185 bytes)
[2024-10-03T10:25:53.078+0000] {spark_submit.py:488} INFO - 24/10/03 10:25:53 INFO TaskSetManager: Starting task 1.0 in stage 0.0 (TID 1) (172.20.0.10, executor 0, partition 1, PROCESS_LOCAL, 9170 bytes)
[2024-10-03T10:25:53.400+0000] {spark_submit.py:488} INFO - 24/10/03 10:25:53 INFO BlockManagerInfo: Added broadcast_0_piece0 in memory on 172.20.0.10:44363 (size: 14.1 KiB, free: 434.4 MiB)
[2024-10-03T10:25:56.387+0000] {spark_submit.py:488} INFO - 24/10/03 10:25:56 INFO TaskSetManager: Finished task 0.0 in stage 0.0 (TID 0) in 3328 ms on 172.20.0.10 (executor 0) (1/2)
[2024-10-03T10:25:56.389+0000] {spark_submit.py:488} INFO - 24/10/03 10:25:56 INFO TaskSetManager: Finished task 1.0 in stage 0.0 (TID 1) in 3312 ms on 172.20.0.10 (executor 0) (2/2)
[2024-10-03T10:25:56.392+0000] {spark_submit.py:488} INFO - 24/10/03 10:25:56 INFO TaskSchedulerImpl: Removed TaskSet 0.0, whose tasks have all completed, from pool
[2024-10-03T10:25:56.400+0000] {spark_submit.py:488} INFO - 24/10/03 10:25:56 INFO PythonAccumulatorV2: Connected to AccumulatorServer at host: 127.0.0.1 port: 40283
[2024-10-03T10:25:56.416+0000] {spark_submit.py:488} INFO - 24/10/03 10:25:56 INFO DAGScheduler: ShuffleMapStage 0 (showString at NativeMethodAccessorImpl.java:0) finished in 3.553 s
[2024-10-03T10:25:56.417+0000] {spark_submit.py:488} INFO - 24/10/03 10:25:56 INFO DAGScheduler: looking for newly runnable stages
[2024-10-03T10:25:56.418+0000] {spark_submit.py:488} INFO - 24/10/03 10:25:56 INFO DAGScheduler: running: Set()
[2024-10-03T10:25:56.420+0000] {spark_submit.py:488} INFO - 24/10/03 10:25:56 INFO DAGScheduler: waiting: Set()
[2024-10-03T10:25:56.422+0000] {spark_submit.py:488} INFO - 24/10/03 10:25:56 INFO DAGScheduler: failed: Set()
[2024-10-03T10:25:56.489+0000] {spark_submit.py:488} INFO - 24/10/03 10:25:56 INFO ShufflePartitionsUtil: For shuffle(0), advisory target size: 67108864, actual target size 1048576, minimum partition size: 1048576
[2024-10-03T10:25:56.560+0000] {spark_submit.py:488} INFO - 24/10/03 10:25:56 INFO CodeGenerator: Code generated in 22.218104 ms
[2024-10-03T10:25:56.623+0000] {spark_submit.py:488} INFO - 24/10/03 10:25:56 INFO SparkContext: Starting job: showString at NativeMethodAccessorImpl.java:0
[2024-10-03T10:25:56.632+0000] {spark_submit.py:488} INFO - 24/10/03 10:25:56 INFO DAGScheduler: Got job 1 (showString at NativeMethodAccessorImpl.java:0) with 1 output partitions
[2024-10-03T10:25:56.633+0000] {spark_submit.py:488} INFO - 24/10/03 10:25:56 INFO DAGScheduler: Final stage: ResultStage 2 (showString at NativeMethodAccessorImpl.java:0)
[2024-10-03T10:25:56.634+0000] {spark_submit.py:488} INFO - 24/10/03 10:25:56 INFO DAGScheduler: Parents of final stage: List(ShuffleMapStage 1)
[2024-10-03T10:25:56.636+0000] {spark_submit.py:488} INFO - 24/10/03 10:25:56 INFO DAGScheduler: Missing parents: List()
[2024-10-03T10:25:56.639+0000] {spark_submit.py:488} INFO - 24/10/03 10:25:56 INFO DAGScheduler: Submitting ResultStage 2 (MapPartitionsRDD[11] at showString at NativeMethodAccessorImpl.java:0), which has no missing parents
[2024-10-03T10:25:56.670+0000] {spark_submit.py:488} INFO - 24/10/03 10:25:56 INFO MemoryStore: Block broadcast_1 stored as values in memory (estimated size 35.5 KiB, free 434.3 MiB)
[2024-10-03T10:25:56.682+0000] {spark_submit.py:488} INFO - 24/10/03 10:25:56 INFO MemoryStore: Block broadcast_1_piece0 stored as bytes in memory (estimated size 17.3 KiB, free 434.3 MiB)
[2024-10-03T10:25:56.686+0000] {spark_submit.py:488} INFO - 24/10/03 10:25:56 INFO BlockManagerInfo: Added broadcast_1_piece0 in memory on d9608c166c23:40541 (size: 17.3 KiB, free: 434.4 MiB)
[2024-10-03T10:25:56.689+0000] {spark_submit.py:488} INFO - 24/10/03 10:25:56 INFO SparkContext: Created broadcast 1 from broadcast at DAGScheduler.scala:1585
[2024-10-03T10:25:56.694+0000] {spark_submit.py:488} INFO - 24/10/03 10:25:56 INFO DAGScheduler: Submitting 1 missing tasks from ResultStage 2 (MapPartitionsRDD[11] at showString at NativeMethodAccessorImpl.java:0) (first 15 tasks are for partitions Vector(0))
[2024-10-03T10:25:56.696+0000] {spark_submit.py:488} INFO - 24/10/03 10:25:56 INFO TaskSchedulerImpl: Adding task set 2.0 with 1 tasks resource profile 0
[2024-10-03T10:25:56.712+0000] {spark_submit.py:488} INFO - 24/10/03 10:25:56 INFO TaskSetManager: Starting task 0.0 in stage 2.0 (TID 2) (172.20.0.10, executor 0, partition 0, NODE_LOCAL, 9003 bytes)
[2024-10-03T10:25:56.738+0000] {spark_submit.py:488} INFO - 24/10/03 10:25:56 INFO BlockManagerInfo: Removed broadcast_0_piece0 on d9608c166c23:40541 in memory (size: 14.1 KiB, free: 434.4 MiB)
[2024-10-03T10:25:56.745+0000] {spark_submit.py:488} INFO - 24/10/03 10:25:56 INFO BlockManagerInfo: Removed broadcast_0_piece0 on 172.20.0.10:44363 in memory (size: 14.1 KiB, free: 434.4 MiB)
[2024-10-03T10:25:56.788+0000] {spark_submit.py:488} INFO - 24/10/03 10:25:56 INFO BlockManagerInfo: Added broadcast_1_piece0 in memory on 172.20.0.10:44363 (size: 17.3 KiB, free: 434.4 MiB)
[2024-10-03T10:25:56.966+0000] {spark_submit.py:488} INFO - 24/10/03 10:25:56 INFO MapOutputTrackerMasterEndpoint: Asked to send map output locations for shuffle 0 to 172.20.0.10:58326
[2024-10-03T10:25:57.412+0000] {spark_submit.py:488} INFO - 24/10/03 10:25:57 INFO TaskSetManager: Finished task 0.0 in stage 2.0 (TID 2) in 707 ms on 172.20.0.10 (executor 0) (1/1)
[2024-10-03T10:25:57.413+0000] {spark_submit.py:488} INFO - 24/10/03 10:25:57 INFO TaskSchedulerImpl: Removed TaskSet 2.0, whose tasks have all completed, from pool
[2024-10-03T10:25:57.418+0000] {spark_submit.py:488} INFO - 24/10/03 10:25:57 INFO DAGScheduler: ResultStage 2 (showString at NativeMethodAccessorImpl.java:0) finished in 0.758 s
[2024-10-03T10:25:57.419+0000] {spark_submit.py:488} INFO - 24/10/03 10:25:57 INFO DAGScheduler: Job 1 is finished. Cancelling potential speculative or zombie tasks for this job
[2024-10-03T10:25:57.420+0000] {spark_submit.py:488} INFO - 24/10/03 10:25:57 INFO TaskSchedulerImpl: Killing all running tasks in stage 2: Stage finished
[2024-10-03T10:25:57.423+0000] {spark_submit.py:488} INFO - 24/10/03 10:25:57 INFO DAGScheduler: Job 1 finished: showString at NativeMethodAccessorImpl.java:0, took 0.798467 s
[2024-10-03T10:25:58.595+0000] {spark_submit.py:488} INFO - 24/10/03 10:25:58 INFO BlockManagerInfo: Removed broadcast_1_piece0 on d9608c166c23:40541 in memory (size: 17.3 KiB, free: 434.4 MiB)
[2024-10-03T10:25:58.600+0000] {spark_submit.py:488} INFO - 24/10/03 10:25:58 INFO BlockManagerInfo: Removed broadcast_1_piece0 on 172.20.0.10:44363 in memory (size: 17.3 KiB, free: 434.4 MiB)
[2024-10-03T10:25:59.384+0000] {spark_submit.py:488} INFO - 24/10/03 10:25:59 INFO CodeGenerator: Code generated in 44.991209 ms
[2024-10-03T10:25:59.427+0000] {spark_submit.py:488} INFO - +-----------+-------------+
[2024-10-03T10:25:59.428+0000] {spark_submit.py:488} INFO - |category_nk|category_name|
[2024-10-03T10:25:59.429+0000] {spark_submit.py:488} INFO - +-----------+-------------+
[2024-10-03T10:25:59.430+0000] {spark_submit.py:488} INFO - |          1|       Action|
[2024-10-03T10:25:59.430+0000] {spark_submit.py:488} INFO - |          2|    Animation|
[2024-10-03T10:25:59.431+0000] {spark_submit.py:488} INFO - |          3|     Children|
[2024-10-03T10:25:59.435+0000] {spark_submit.py:488} INFO - |          4|     Classics|
[2024-10-03T10:25:59.436+0000] {spark_submit.py:488} INFO - |          5|       Comedy|
[2024-10-03T10:25:59.437+0000] {spark_submit.py:488} INFO - +-----------+-------------+
[2024-10-03T10:25:59.437+0000] {spark_submit.py:488} INFO - only showing top 5 rows
[2024-10-03T10:25:59.438+0000] {spark_submit.py:488} INFO - 
[2024-10-03T10:25:59.899+0000] {spark_submit.py:488} INFO - 24/10/03 10:25:59 INFO CodeGenerator: Code generated in 176.744734 ms
[2024-10-03T10:25:59.920+0000] {spark_submit.py:488} INFO - 24/10/03 10:25:59 INFO DAGScheduler: Registering RDD 13 (count at NativeMethodAccessorImpl.java:0) as input to shuffle 1
[2024-10-03T10:25:59.921+0000] {spark_submit.py:488} INFO - 24/10/03 10:25:59 INFO DAGScheduler: Got map stage job 2 (count at NativeMethodAccessorImpl.java:0) with 2 output partitions
[2024-10-03T10:25:59.922+0000] {spark_submit.py:488} INFO - 24/10/03 10:25:59 INFO DAGScheduler: Final stage: ShuffleMapStage 3 (count at NativeMethodAccessorImpl.java:0)
[2024-10-03T10:25:59.922+0000] {spark_submit.py:488} INFO - 24/10/03 10:25:59 INFO DAGScheduler: Parents of final stage: List()
[2024-10-03T10:25:59.923+0000] {spark_submit.py:488} INFO - 24/10/03 10:25:59 INFO DAGScheduler: Missing parents: List()
[2024-10-03T10:25:59.925+0000] {spark_submit.py:488} INFO - 24/10/03 10:25:59 INFO DAGScheduler: Submitting ShuffleMapStage 3 (MapPartitionsRDD[13] at count at NativeMethodAccessorImpl.java:0), which has no missing parents
[2024-10-03T10:25:59.933+0000] {spark_submit.py:488} INFO - 24/10/03 10:25:59 INFO MemoryStore: Block broadcast_2 stored as values in memory (estimated size 34.3 KiB, free 434.4 MiB)
[2024-10-03T10:25:59.948+0000] {spark_submit.py:488} INFO - 24/10/03 10:25:59 INFO MemoryStore: Block broadcast_2_piece0 stored as bytes in memory (estimated size 16.5 KiB, free 434.4 MiB)
[2024-10-03T10:25:59.950+0000] {spark_submit.py:488} INFO - 24/10/03 10:25:59 INFO BlockManagerInfo: Added broadcast_2_piece0 in memory on d9608c166c23:40541 (size: 16.5 KiB, free: 434.4 MiB)
[2024-10-03T10:25:59.953+0000] {spark_submit.py:488} INFO - 24/10/03 10:25:59 INFO SparkContext: Created broadcast 2 from broadcast at DAGScheduler.scala:1585
[2024-10-03T10:25:59.955+0000] {spark_submit.py:488} INFO - 24/10/03 10:25:59 INFO DAGScheduler: Submitting 2 missing tasks from ShuffleMapStage 3 (MapPartitionsRDD[13] at count at NativeMethodAccessorImpl.java:0) (first 15 tasks are for partitions Vector(0, 1))
[2024-10-03T10:25:59.956+0000] {spark_submit.py:488} INFO - 24/10/03 10:25:59 INFO TaskSchedulerImpl: Adding task set 3.0 with 2 tasks resource profile 0
[2024-10-03T10:25:59.959+0000] {spark_submit.py:488} INFO - 24/10/03 10:25:59 INFO TaskSetManager: Starting task 0.0 in stage 3.0 (TID 3) (172.20.0.10, executor 0, partition 0, PROCESS_LOCAL, 9185 bytes)
[2024-10-03T10:25:59.968+0000] {spark_submit.py:488} INFO - 24/10/03 10:25:59 INFO TaskSetManager: Starting task 1.0 in stage 3.0 (TID 4) (172.20.0.10, executor 0, partition 1, PROCESS_LOCAL, 9170 bytes)
[2024-10-03T10:26:00.018+0000] {spark_submit.py:488} INFO - 24/10/03 10:26:00 INFO BlockManagerInfo: Added broadcast_2_piece0 in memory on 172.20.0.10:44363 (size: 16.5 KiB, free: 434.4 MiB)
[2024-10-03T10:26:00.426+0000] {spark_submit.py:488} INFO - 24/10/03 10:26:00 INFO TaskSetManager: Finished task 1.0 in stage 3.0 (TID 4) in 464 ms on 172.20.0.10 (executor 0) (1/2)
[2024-10-03T10:26:00.432+0000] {spark_submit.py:488} INFO - 24/10/03 10:26:00 INFO TaskSetManager: Finished task 0.0 in stage 3.0 (TID 3) in 473 ms on 172.20.0.10 (executor 0) (2/2)
[2024-10-03T10:26:00.433+0000] {spark_submit.py:488} INFO - 24/10/03 10:26:00 INFO TaskSchedulerImpl: Removed TaskSet 3.0, whose tasks have all completed, from pool
[2024-10-03T10:26:00.437+0000] {spark_submit.py:488} INFO - 24/10/03 10:26:00 INFO DAGScheduler: ShuffleMapStage 3 (count at NativeMethodAccessorImpl.java:0) finished in 0.508 s
[2024-10-03T10:26:00.438+0000] {spark_submit.py:488} INFO - 24/10/03 10:26:00 INFO DAGScheduler: looking for newly runnable stages
[2024-10-03T10:26:00.440+0000] {spark_submit.py:488} INFO - 24/10/03 10:26:00 INFO DAGScheduler: running: Set()
[2024-10-03T10:26:00.442+0000] {spark_submit.py:488} INFO - 24/10/03 10:26:00 INFO DAGScheduler: waiting: Set()
[2024-10-03T10:26:00.444+0000] {spark_submit.py:488} INFO - 24/10/03 10:26:00 INFO DAGScheduler: failed: Set()
[2024-10-03T10:26:00.462+0000] {spark_submit.py:488} INFO - 24/10/03 10:26:00 INFO ShufflePartitionsUtil: For shuffle(1), advisory target size: 67108864, actual target size 1048576, minimum partition size: 1048576
[2024-10-03T10:26:00.646+0000] {spark_submit.py:488} INFO - 24/10/03 10:26:00 INFO CodeGenerator: Code generated in 115.733522 ms
[2024-10-03T10:26:00.687+0000] {spark_submit.py:488} INFO - 24/10/03 10:26:00 INFO DAGScheduler: Registering RDD 16 (count at NativeMethodAccessorImpl.java:0) as input to shuffle 2
[2024-10-03T10:26:00.688+0000] {spark_submit.py:488} INFO - 24/10/03 10:26:00 INFO DAGScheduler: Got map stage job 3 (count at NativeMethodAccessorImpl.java:0) with 1 output partitions
[2024-10-03T10:26:00.690+0000] {spark_submit.py:488} INFO - 24/10/03 10:26:00 INFO DAGScheduler: Final stage: ShuffleMapStage 5 (count at NativeMethodAccessorImpl.java:0)
[2024-10-03T10:26:00.692+0000] {spark_submit.py:488} INFO - 24/10/03 10:26:00 INFO DAGScheduler: Parents of final stage: List(ShuffleMapStage 4)
[2024-10-03T10:26:00.692+0000] {spark_submit.py:488} INFO - 24/10/03 10:26:00 INFO DAGScheduler: Missing parents: List()
[2024-10-03T10:26:00.693+0000] {spark_submit.py:488} INFO - 24/10/03 10:26:00 INFO DAGScheduler: Submitting ShuffleMapStage 5 (MapPartitionsRDD[16] at count at NativeMethodAccessorImpl.java:0), which has no missing parents
[2024-10-03T10:26:00.717+0000] {spark_submit.py:488} INFO - 24/10/03 10:26:00 INFO MemoryStore: Block broadcast_3 stored as values in memory (estimated size 44.5 KiB, free 434.3 MiB)
[2024-10-03T10:26:00.737+0000] {spark_submit.py:488} INFO - 24/10/03 10:26:00 INFO MemoryStore: Block broadcast_3_piece0 stored as bytes in memory (estimated size 21.0 KiB, free 434.3 MiB)
[2024-10-03T10:26:00.737+0000] {spark_submit.py:488} INFO - 24/10/03 10:26:00 INFO BlockManagerInfo: Added broadcast_3_piece0 in memory on d9608c166c23:40541 (size: 21.0 KiB, free: 434.4 MiB)
[2024-10-03T10:26:00.738+0000] {spark_submit.py:488} INFO - 24/10/03 10:26:00 INFO SparkContext: Created broadcast 3 from broadcast at DAGScheduler.scala:1585
[2024-10-03T10:26:00.739+0000] {spark_submit.py:488} INFO - 24/10/03 10:26:00 INFO DAGScheduler: Submitting 1 missing tasks from ShuffleMapStage 5 (MapPartitionsRDD[16] at count at NativeMethodAccessorImpl.java:0) (first 15 tasks are for partitions Vector(0))
[2024-10-03T10:26:00.743+0000] {spark_submit.py:488} INFO - 24/10/03 10:26:00 INFO TaskSchedulerImpl: Adding task set 5.0 with 1 tasks resource profile 0
[2024-10-03T10:26:00.746+0000] {spark_submit.py:488} INFO - 24/10/03 10:26:00 INFO TaskSetManager: Starting task 0.0 in stage 5.0 (TID 5) (172.20.0.10, executor 0, partition 0, NODE_LOCAL, 8992 bytes)
[2024-10-03T10:26:00.755+0000] {spark_submit.py:488} INFO - 24/10/03 10:26:00 INFO BlockManagerInfo: Removed broadcast_2_piece0 on 172.20.0.10:44363 in memory (size: 16.5 KiB, free: 434.4 MiB)
[2024-10-03T10:26:00.763+0000] {spark_submit.py:488} INFO - 24/10/03 10:26:00 INFO BlockManagerInfo: Removed broadcast_2_piece0 on d9608c166c23:40541 in memory (size: 16.5 KiB, free: 434.4 MiB)
[2024-10-03T10:26:00.832+0000] {spark_submit.py:488} INFO - 24/10/03 10:26:00 INFO BlockManagerInfo: Added broadcast_3_piece0 in memory on 172.20.0.10:44363 (size: 21.0 KiB, free: 434.4 MiB)
[2024-10-03T10:26:00.926+0000] {spark_submit.py:488} INFO - 24/10/03 10:26:00 INFO MapOutputTrackerMasterEndpoint: Asked to send map output locations for shuffle 1 to 172.20.0.10:58326
[2024-10-03T10:26:01.168+0000] {spark_submit.py:488} INFO - 24/10/03 10:26:01 INFO TaskSetManager: Finished task 0.0 in stage 5.0 (TID 5) in 420 ms on 172.20.0.10 (executor 0) (1/1)
[2024-10-03T10:26:01.171+0000] {spark_submit.py:488} INFO - 24/10/03 10:26:01 INFO TaskSchedulerImpl: Removed TaskSet 5.0, whose tasks have all completed, from pool
[2024-10-03T10:26:01.194+0000] {spark_submit.py:488} INFO - 24/10/03 10:26:01 INFO DAGScheduler: ShuffleMapStage 5 (count at NativeMethodAccessorImpl.java:0) finished in 0.488 s
[2024-10-03T10:26:01.196+0000] {spark_submit.py:488} INFO - 24/10/03 10:26:01 INFO DAGScheduler: looking for newly runnable stages
[2024-10-03T10:26:01.197+0000] {spark_submit.py:488} INFO - 24/10/03 10:26:01 INFO DAGScheduler: running: Set()
[2024-10-03T10:26:01.199+0000] {spark_submit.py:488} INFO - 24/10/03 10:26:01 INFO DAGScheduler: waiting: Set()
[2024-10-03T10:26:01.200+0000] {spark_submit.py:488} INFO - 24/10/03 10:26:01 INFO DAGScheduler: failed: Set()
[2024-10-03T10:26:01.372+0000] {spark_submit.py:488} INFO - 24/10/03 10:26:01 INFO CodeGenerator: Code generated in 70.549713 ms
[2024-10-03T10:26:01.443+0000] {spark_submit.py:488} INFO - 24/10/03 10:26:01 INFO SparkContext: Starting job: count at NativeMethodAccessorImpl.java:0
[2024-10-03T10:26:01.459+0000] {spark_submit.py:488} INFO - 24/10/03 10:26:01 INFO DAGScheduler: Got job 4 (count at NativeMethodAccessorImpl.java:0) with 1 output partitions
[2024-10-03T10:26:01.465+0000] {spark_submit.py:488} INFO - 24/10/03 10:26:01 INFO DAGScheduler: Final stage: ResultStage 8 (count at NativeMethodAccessorImpl.java:0)
[2024-10-03T10:26:01.468+0000] {spark_submit.py:488} INFO - 24/10/03 10:26:01 INFO DAGScheduler: Parents of final stage: List(ShuffleMapStage 7)
[2024-10-03T10:26:01.470+0000] {spark_submit.py:488} INFO - 24/10/03 10:26:01 INFO DAGScheduler: Missing parents: List()
[2024-10-03T10:26:01.495+0000] {spark_submit.py:488} INFO - 24/10/03 10:26:01 INFO DAGScheduler: Submitting ResultStage 8 (MapPartitionsRDD[19] at count at NativeMethodAccessorImpl.java:0), which has no missing parents
[2024-10-03T10:26:01.508+0000] {spark_submit.py:488} INFO - 24/10/03 10:26:01 INFO MemoryStore: Block broadcast_4 stored as values in memory (estimated size 12.5 KiB, free 434.3 MiB)
[2024-10-03T10:26:01.550+0000] {spark_submit.py:488} INFO - 24/10/03 10:26:01 INFO MemoryStore: Block broadcast_4_piece0 stored as bytes in memory (estimated size 5.9 KiB, free 434.3 MiB)
[2024-10-03T10:26:01.565+0000] {spark_submit.py:488} INFO - 24/10/03 10:26:01 INFO BlockManagerInfo: Added broadcast_4_piece0 in memory on d9608c166c23:40541 (size: 5.9 KiB, free: 434.4 MiB)
[2024-10-03T10:26:01.568+0000] {spark_submit.py:488} INFO - 24/10/03 10:26:01 INFO SparkContext: Created broadcast 4 from broadcast at DAGScheduler.scala:1585
[2024-10-03T10:26:01.589+0000] {spark_submit.py:488} INFO - 24/10/03 10:26:01 INFO DAGScheduler: Submitting 1 missing tasks from ResultStage 8 (MapPartitionsRDD[19] at count at NativeMethodAccessorImpl.java:0) (first 15 tasks are for partitions Vector(0))
[2024-10-03T10:26:01.590+0000] {spark_submit.py:488} INFO - 24/10/03 10:26:01 INFO TaskSchedulerImpl: Adding task set 8.0 with 1 tasks resource profile 0
[2024-10-03T10:26:01.594+0000] {spark_submit.py:488} INFO - 24/10/03 10:26:01 INFO BlockManagerInfo: Removed broadcast_3_piece0 on d9608c166c23:40541 in memory (size: 21.0 KiB, free: 434.4 MiB)
[2024-10-03T10:26:01.597+0000] {spark_submit.py:488} INFO - 24/10/03 10:26:01 INFO TaskSetManager: Starting task 0.0 in stage 8.0 (TID 6) (172.20.0.10, executor 0, partition 0, NODE_LOCAL, 9003 bytes)
[2024-10-03T10:26:01.600+0000] {spark_submit.py:488} INFO - 24/10/03 10:26:01 INFO BlockManagerInfo: Removed broadcast_3_piece0 on 172.20.0.10:44363 in memory (size: 21.0 KiB, free: 434.4 MiB)
[2024-10-03T10:26:01.769+0000] {spark_submit.py:488} INFO - 24/10/03 10:26:01 INFO BlockManagerInfo: Added broadcast_4_piece0 in memory on 172.20.0.10:44363 (size: 5.9 KiB, free: 434.4 MiB)
[2024-10-03T10:26:01.839+0000] {spark_submit.py:488} INFO - 24/10/03 10:26:01 INFO MapOutputTrackerMasterEndpoint: Asked to send map output locations for shuffle 2 to 172.20.0.10:58326
[2024-10-03T10:26:02.088+0000] {spark_submit.py:488} INFO - 24/10/03 10:26:02 INFO TaskSetManager: Finished task 0.0 in stage 8.0 (TID 6) in 491 ms on 172.20.0.10 (executor 0) (1/1)
[2024-10-03T10:26:02.092+0000] {spark_submit.py:488} INFO - 24/10/03 10:26:02 INFO TaskSchedulerImpl: Removed TaskSet 8.0, whose tasks have all completed, from pool
[2024-10-03T10:26:02.099+0000] {spark_submit.py:488} INFO - 24/10/03 10:26:02 INFO DAGScheduler: ResultStage 8 (count at NativeMethodAccessorImpl.java:0) finished in 0.608 s
[2024-10-03T10:26:02.104+0000] {spark_submit.py:488} INFO - 24/10/03 10:26:02 INFO DAGScheduler: Job 4 is finished. Cancelling potential speculative or zombie tasks for this job
[2024-10-03T10:26:02.108+0000] {spark_submit.py:488} INFO - 24/10/03 10:26:02 INFO TaskSchedulerImpl: Killing all running tasks in stage 8: Stage finished
[2024-10-03T10:26:02.109+0000] {spark_submit.py:488} INFO - 24/10/03 10:26:02 INFO DAGScheduler: Job 4 finished: count at NativeMethodAccessorImpl.java:0, took 0.652017 s
[2024-10-03T10:26:02.124+0000] {spark_submit.py:488} INFO - DF COUNT 16
[2024-10-03T10:26:02.682+0000] {spark_submit.py:488} INFO - 24/10/03 10:26:02 INFO DAGScheduler: Registering RDD 22 (csv at NativeMethodAccessorImpl.java:0) as input to shuffle 3
[2024-10-03T10:26:02.684+0000] {spark_submit.py:488} INFO - 24/10/03 10:26:02 INFO DAGScheduler: Got map stage job 5 (csv at NativeMethodAccessorImpl.java:0) with 2 output partitions
[2024-10-03T10:26:02.685+0000] {spark_submit.py:488} INFO - 24/10/03 10:26:02 INFO DAGScheduler: Final stage: ShuffleMapStage 9 (csv at NativeMethodAccessorImpl.java:0)
[2024-10-03T10:26:02.685+0000] {spark_submit.py:488} INFO - 24/10/03 10:26:02 INFO DAGScheduler: Parents of final stage: List()
[2024-10-03T10:26:02.686+0000] {spark_submit.py:488} INFO - 24/10/03 10:26:02 INFO DAGScheduler: Missing parents: List()
[2024-10-03T10:26:02.693+0000] {spark_submit.py:488} INFO - 24/10/03 10:26:02 INFO DAGScheduler: Submitting ShuffleMapStage 9 (MapPartitionsRDD[22] at csv at NativeMethodAccessorImpl.java:0), which has no missing parents
[2024-10-03T10:26:02.700+0000] {spark_submit.py:488} INFO - 24/10/03 10:26:02 INFO MemoryStore: Block broadcast_5 stored as values in memory (estimated size 29.2 KiB, free 434.4 MiB)
[2024-10-03T10:26:02.719+0000] {spark_submit.py:488} INFO - 24/10/03 10:26:02 INFO MemoryStore: Block broadcast_5_piece0 stored as bytes in memory (estimated size 14.1 KiB, free 434.3 MiB)
[2024-10-03T10:26:02.732+0000] {spark_submit.py:488} INFO - 24/10/03 10:26:02 INFO BlockManagerInfo: Added broadcast_5_piece0 in memory on d9608c166c23:40541 (size: 14.1 KiB, free: 434.4 MiB)
[2024-10-03T10:26:02.741+0000] {spark_submit.py:488} INFO - 24/10/03 10:26:02 INFO SparkContext: Created broadcast 5 from broadcast at DAGScheduler.scala:1585
[2024-10-03T10:26:02.750+0000] {spark_submit.py:488} INFO - 24/10/03 10:26:02 INFO DAGScheduler: Submitting 2 missing tasks from ShuffleMapStage 9 (MapPartitionsRDD[22] at csv at NativeMethodAccessorImpl.java:0) (first 15 tasks are for partitions Vector(0, 1))
[2024-10-03T10:26:02.754+0000] {spark_submit.py:488} INFO - 24/10/03 10:26:02 INFO TaskSchedulerImpl: Adding task set 9.0 with 2 tasks resource profile 0
[2024-10-03T10:26:02.760+0000] {spark_submit.py:488} INFO - 24/10/03 10:26:02 INFO TaskSetManager: Starting task 0.0 in stage 9.0 (TID 7) (172.20.0.10, executor 0, partition 0, PROCESS_LOCAL, 9185 bytes)
[2024-10-03T10:26:02.770+0000] {spark_submit.py:488} INFO - 24/10/03 10:26:02 INFO TaskSetManager: Starting task 1.0 in stage 9.0 (TID 8) (172.20.0.10, executor 0, partition 1, PROCESS_LOCAL, 9170 bytes)
[2024-10-03T10:26:02.793+0000] {spark_submit.py:488} INFO - 24/10/03 10:26:02 INFO BlockManagerInfo: Removed broadcast_4_piece0 on 172.20.0.10:44363 in memory (size: 5.9 KiB, free: 434.4 MiB)
[2024-10-03T10:26:02.799+0000] {spark_submit.py:488} INFO - 24/10/03 10:26:02 INFO BlockManagerInfo: Removed broadcast_4_piece0 on d9608c166c23:40541 in memory (size: 5.9 KiB, free: 434.4 MiB)
[2024-10-03T10:26:02.913+0000] {spark_submit.py:488} INFO - 24/10/03 10:26:02 INFO BlockManagerInfo: Added broadcast_5_piece0 in memory on 172.20.0.10:44363 (size: 14.1 KiB, free: 434.4 MiB)
[2024-10-03T10:26:03.301+0000] {spark_submit.py:488} INFO - 24/10/03 10:26:03 INFO TaskSetManager: Finished task 1.0 in stage 9.0 (TID 8) in 540 ms on 172.20.0.10 (executor 0) (1/2)
[2024-10-03T10:26:03.318+0000] {spark_submit.py:488} INFO - 24/10/03 10:26:03 INFO TaskSetManager: Finished task 0.0 in stage 9.0 (TID 7) in 560 ms on 172.20.0.10 (executor 0) (2/2)
[2024-10-03T10:26:03.319+0000] {spark_submit.py:488} INFO - 24/10/03 10:26:03 INFO TaskSchedulerImpl: Removed TaskSet 9.0, whose tasks have all completed, from pool
[2024-10-03T10:26:03.321+0000] {spark_submit.py:488} INFO - 24/10/03 10:26:03 INFO DAGScheduler: ShuffleMapStage 9 (csv at NativeMethodAccessorImpl.java:0) finished in 0.626 s
[2024-10-03T10:26:03.321+0000] {spark_submit.py:488} INFO - 24/10/03 10:26:03 INFO DAGScheduler: looking for newly runnable stages
[2024-10-03T10:26:03.322+0000] {spark_submit.py:488} INFO - 24/10/03 10:26:03 INFO DAGScheduler: running: Set()
[2024-10-03T10:26:03.323+0000] {spark_submit.py:488} INFO - 24/10/03 10:26:03 INFO DAGScheduler: waiting: Set()
[2024-10-03T10:26:03.323+0000] {spark_submit.py:488} INFO - 24/10/03 10:26:03 INFO DAGScheduler: failed: Set()
[2024-10-03T10:26:03.332+0000] {spark_submit.py:488} INFO - 24/10/03 10:26:03 INFO ShufflePartitionsUtil: For shuffle(3), advisory target size: 67108864, actual target size 1048576, minimum partition size: 1048576
[2024-10-03T10:26:03.431+0000] {spark_submit.py:488} INFO - 24/10/03 10:26:03 INFO FileOutputCommitter: File Output Committer Algorithm version is 1
[2024-10-03T10:26:03.431+0000] {spark_submit.py:488} INFO - 24/10/03 10:26:03 INFO FileOutputCommitter: FileOutputCommitter skip cleanup _temporary folders under output directory:false, ignore cleanup failures: false
[2024-10-03T10:26:03.433+0000] {spark_submit.py:488} INFO - 24/10/03 10:26:03 INFO SQLHadoopMapReduceCommitProtocol: Using output committer class org.apache.hadoop.mapreduce.lib.output.FileOutputCommitter
[2024-10-03T10:26:03.469+0000] {spark_submit.py:488} INFO - 24/10/03 10:26:03 INFO SparkContext: Starting job: csv at NativeMethodAccessorImpl.java:0
[2024-10-03T10:26:03.471+0000] {spark_submit.py:488} INFO - 24/10/03 10:26:03 INFO DAGScheduler: Got job 6 (csv at NativeMethodAccessorImpl.java:0) with 1 output partitions
[2024-10-03T10:26:03.471+0000] {spark_submit.py:488} INFO - 24/10/03 10:26:03 INFO DAGScheduler: Final stage: ResultStage 11 (csv at NativeMethodAccessorImpl.java:0)
[2024-10-03T10:26:03.472+0000] {spark_submit.py:488} INFO - 24/10/03 10:26:03 INFO DAGScheduler: Parents of final stage: List(ShuffleMapStage 10)
[2024-10-03T10:26:03.472+0000] {spark_submit.py:488} INFO - 24/10/03 10:26:03 INFO DAGScheduler: Missing parents: List()
[2024-10-03T10:26:03.472+0000] {spark_submit.py:488} INFO - 24/10/03 10:26:03 INFO DAGScheduler: Submitting ResultStage 11 (MapPartitionsRDD[26] at csv at NativeMethodAccessorImpl.java:0), which has no missing parents
[2024-10-03T10:26:03.551+0000] {spark_submit.py:488} INFO - 24/10/03 10:26:03 INFO MemoryStore: Block broadcast_6 stored as values in memory (estimated size 238.1 KiB, free 434.1 MiB)
[2024-10-03T10:26:03.563+0000] {spark_submit.py:488} INFO - 24/10/03 10:26:03 INFO MemoryStore: Block broadcast_6_piece0 stored as bytes in memory (estimated size 89.1 KiB, free 434.1 MiB)
[2024-10-03T10:26:03.564+0000] {spark_submit.py:488} INFO - 24/10/03 10:26:03 INFO BlockManagerInfo: Removed broadcast_5_piece0 on d9608c166c23:40541 in memory (size: 14.1 KiB, free: 434.4 MiB)
[2024-10-03T10:26:03.565+0000] {spark_submit.py:488} INFO - 24/10/03 10:26:03 INFO BlockManagerInfo: Added broadcast_6_piece0 in memory on d9608c166c23:40541 (size: 89.1 KiB, free: 434.3 MiB)
[2024-10-03T10:26:03.566+0000] {spark_submit.py:488} INFO - 24/10/03 10:26:03 INFO SparkContext: Created broadcast 6 from broadcast at DAGScheduler.scala:1585
[2024-10-03T10:26:03.568+0000] {spark_submit.py:488} INFO - 24/10/03 10:26:03 INFO DAGScheduler: Submitting 1 missing tasks from ResultStage 11 (MapPartitionsRDD[26] at csv at NativeMethodAccessorImpl.java:0) (first 15 tasks are for partitions Vector(0))
[2024-10-03T10:26:03.569+0000] {spark_submit.py:488} INFO - 24/10/03 10:26:03 INFO TaskSchedulerImpl: Adding task set 11.0 with 1 tasks resource profile 0
[2024-10-03T10:26:03.572+0000] {spark_submit.py:488} INFO - 24/10/03 10:26:03 INFO BlockManagerInfo: Removed broadcast_5_piece0 on 172.20.0.10:44363 in memory (size: 14.1 KiB, free: 434.4 MiB)
[2024-10-03T10:26:03.572+0000] {spark_submit.py:488} INFO - 24/10/03 10:26:03 INFO TaskSetManager: Starting task 0.0 in stage 11.0 (TID 9) (172.20.0.10, executor 0, partition 0, NODE_LOCAL, 9003 bytes)
[2024-10-03T10:26:03.608+0000] {spark_submit.py:488} INFO - 24/10/03 10:26:03 INFO BlockManagerInfo: Added broadcast_6_piece0 in memory on 172.20.0.10:44363 (size: 89.1 KiB, free: 434.3 MiB)
[2024-10-03T10:26:03.769+0000] {spark_submit.py:488} INFO - 24/10/03 10:26:03 INFO MapOutputTrackerMasterEndpoint: Asked to send map output locations for shuffle 3 to 172.20.0.10:58326
[2024-10-03T10:26:04.380+0000] {spark_submit.py:488} INFO - 24/10/03 10:26:04 INFO TaskSetManager: Finished task 0.0 in stage 11.0 (TID 9) in 809 ms on 172.20.0.10 (executor 0) (1/1)
[2024-10-03T10:26:04.382+0000] {spark_submit.py:488} INFO - 24/10/03 10:26:04 INFO TaskSchedulerImpl: Removed TaskSet 11.0, whose tasks have all completed, from pool
[2024-10-03T10:26:04.384+0000] {spark_submit.py:488} INFO - 24/10/03 10:26:04 INFO DAGScheduler: ResultStage 11 (csv at NativeMethodAccessorImpl.java:0) finished in 0.906 s
[2024-10-03T10:26:04.385+0000] {spark_submit.py:488} INFO - 24/10/03 10:26:04 INFO DAGScheduler: Job 6 is finished. Cancelling potential speculative or zombie tasks for this job
[2024-10-03T10:26:04.386+0000] {spark_submit.py:488} INFO - 24/10/03 10:26:04 INFO TaskSchedulerImpl: Killing all running tasks in stage 11: Stage finished
[2024-10-03T10:26:04.388+0000] {spark_submit.py:488} INFO - 24/10/03 10:26:04 INFO DAGScheduler: Job 6 finished: csv at NativeMethodAccessorImpl.java:0, took 0.918247 s
[2024-10-03T10:26:04.391+0000] {spark_submit.py:488} INFO - 24/10/03 10:26:04 INFO FileFormatWriter: Start to commit write Job 0258da36-fb8a-4b8e-a181-b82a9e35a111.
[2024-10-03T10:26:04.424+0000] {spark_submit.py:488} INFO - 24/10/03 10:26:04 INFO FileFormatWriter: Write Job 0258da36-fb8a-4b8e-a181-b82a9e35a111 committed. Elapsed time: 31 ms.
[2024-10-03T10:26:04.430+0000] {spark_submit.py:488} INFO - 24/10/03 10:26:04 INFO FileFormatWriter: Finished processing stats for write job 0258da36-fb8a-4b8e-a181-b82a9e35a111.
[2024-10-03T10:26:04.434+0000] {spark_submit.py:488} INFO - Traceback (most recent call last):
[2024-10-03T10:26:04.436+0000] {spark_submit.py:488} INFO - File "/opt/***/dags/etl_pipeline/tasks/warehouse/components/extract_transform.py", line 62, in _categories
[2024-10-03T10:26:04.437+0000] {spark_submit.py:488} INFO - CustomMinio._put_csv_from_file(tmpfile.name, 'transformed-data', object_name)
[2024-10-03T10:26:04.438+0000] {spark_submit.py:488} INFO - File "/opt/***/dags/helper/minio.py", line 63, in _put_csv_from_file
[2024-10-03T10:26:04.438+0000] {spark_submit.py:488} INFO - with open(file_path, 'rb') as file:
[2024-10-03T10:26:04.439+0000] {spark_submit.py:488} INFO - ^^^^^^^^^^^^^^^^^^^^^
[2024-10-03T10:26:04.440+0000] {spark_submit.py:488} INFO - IsADirectoryError: [Errno 21] Is a directory: '/tmp/tmp46k8bixo.csv'
[2024-10-03T10:26:04.440+0000] {spark_submit.py:488} INFO - 
[2024-10-03T10:26:04.441+0000] {spark_submit.py:488} INFO - During handling of the above exception, another exception occurred:
[2024-10-03T10:26:04.441+0000] {spark_submit.py:488} INFO - 
[2024-10-03T10:26:04.442+0000] {spark_submit.py:488} INFO - Traceback (most recent call last):
[2024-10-03T10:26:04.442+0000] {spark_submit.py:488} INFO - File "/opt/***/dags/etl_pipeline/tasks/warehouse/components/extract_transform.py", line 82, in <module>
[2024-10-03T10:26:04.443+0000] {spark_submit.py:488} INFO - ExtractTransform._categories(incremental, date)
[2024-10-03T10:26:04.444+0000] {spark_submit.py:488} INFO - File "/opt/***/dags/etl_pipeline/tasks/warehouse/components/extract_transform.py", line 70, in _categories
[2024-10-03T10:26:04.445+0000] {spark_submit.py:488} INFO - raise AirflowException(f"Error when extracting and transforming data from categories: {e}")
[2024-10-03T10:26:04.445+0000] {spark_submit.py:488} INFO - ***.exceptions.AirflowException: Error when extracting and transforming data from categories: [Errno 21] Is a directory: '/tmp/tmp46k8bixo.csv'
[2024-10-03T10:26:04.446+0000] {spark_submit.py:488} INFO - [2024-10-03T10:26:04.436+0000] {clientserver.py:543} INFO - Closing down clientserver connection
[2024-10-03T10:26:04.954+0000] {spark_submit.py:488} INFO - 24/10/03 10:26:04 INFO SparkContext: Invoking stop() from shutdown hook
[2024-10-03T10:26:04.955+0000] {spark_submit.py:488} INFO - 24/10/03 10:26:04 INFO SparkContext: SparkContext is stopping with exitCode 0.
[2024-10-03T10:26:04.969+0000] {spark_submit.py:488} INFO - 24/10/03 10:26:04 INFO SparkUI: Stopped Spark web UI at http://d9608c166c23:4040
[2024-10-03T10:26:04.975+0000] {spark_submit.py:488} INFO - 24/10/03 10:26:04 INFO StandaloneSchedulerBackend: Shutting down all executors
[2024-10-03T10:26:04.976+0000] {spark_submit.py:488} INFO - 24/10/03 10:26:04 INFO StandaloneSchedulerBackend$StandaloneDriverEndpoint: Asking each executor to shut down
[2024-10-03T10:26:05.007+0000] {spark_submit.py:488} INFO - 24/10/03 10:26:05 INFO MapOutputTrackerMasterEndpoint: MapOutputTrackerMasterEndpoint stopped!
[2024-10-03T10:26:05.052+0000] {spark_submit.py:488} INFO - 24/10/03 10:26:05 INFO MemoryStore: MemoryStore cleared
[2024-10-03T10:26:05.054+0000] {spark_submit.py:488} INFO - 24/10/03 10:26:05 INFO BlockManager: BlockManager stopped
[2024-10-03T10:26:05.059+0000] {spark_submit.py:488} INFO - 24/10/03 10:26:05 INFO BlockManagerMaster: BlockManagerMaster stopped
[2024-10-03T10:26:05.067+0000] {spark_submit.py:488} INFO - 24/10/03 10:26:05 INFO OutputCommitCoordinator$OutputCommitCoordinatorEndpoint: OutputCommitCoordinator stopped!
[2024-10-03T10:26:05.087+0000] {spark_submit.py:488} INFO - 24/10/03 10:26:05 INFO SparkContext: Successfully stopped SparkContext
[2024-10-03T10:26:05.088+0000] {spark_submit.py:488} INFO - 24/10/03 10:26:05 INFO ShutdownHookManager: Shutdown hook called
[2024-10-03T10:26:05.090+0000] {spark_submit.py:488} INFO - 24/10/03 10:26:05 INFO ShutdownHookManager: Deleting directory /tmp/spark-ac54fe8a-6088-4094-8f21-9f3e568d0cb3
[2024-10-03T10:26:05.096+0000] {spark_submit.py:488} INFO - 24/10/03 10:26:05 INFO ShutdownHookManager: Deleting directory /tmp/spark-e86df158-73e7-4905-a421-aa2e7070e95c
[2024-10-03T10:26:05.103+0000] {spark_submit.py:488} INFO - 24/10/03 10:26:05 INFO ShutdownHookManager: Deleting directory /tmp/spark-e86df158-73e7-4905-a421-aa2e7070e95c/pyspark-5edfa341-b954-4a0e-8bb1-344d8269d4b2
[2024-10-03T10:26:05.207+0000] {taskinstance.py:3310} ERROR - Task failed with exception
Traceback (most recent call last):
  File "/home/airflow/.local/lib/python3.12/site-packages/airflow/models/taskinstance.py", line 767, in _execute_task
    result = _execute_callable(context=context, **execute_callable_kwargs)
             ^^^^^^^^^^^^^^^^^^^^^^^^^^^^^^^^^^^^^^^^^^^^^^^^^^^^^^^^^^^^^
  File "/home/airflow/.local/lib/python3.12/site-packages/airflow/models/taskinstance.py", line 733, in _execute_callable
    return ExecutionCallableRunner(
           ^^^^^^^^^^^^^^^^^^^^^^^^
  File "/home/airflow/.local/lib/python3.12/site-packages/airflow/utils/operator_helpers.py", line 252, in run
    return self.func(*args, **kwargs)
           ^^^^^^^^^^^^^^^^^^^^^^^^^^
  File "/home/airflow/.local/lib/python3.12/site-packages/airflow/models/baseoperator.py", line 406, in wrapper
    return func(self, *args, **kwargs)
           ^^^^^^^^^^^^^^^^^^^^^^^^^^^
  File "/home/airflow/.local/lib/python3.12/site-packages/airflow/providers/apache/spark/operators/spark_submit.py", line 157, in execute
    self._hook.submit(self._application)
  File "/home/airflow/.local/lib/python3.12/site-packages/airflow/providers/apache/spark/hooks/spark_submit.py", line 419, in submit
    raise AirflowException(
airflow.exceptions.AirflowException: Cannot execute: spark-submit --master spark://spark-master:7077 --name arrow-spark dags/etl_pipeline/tasks/warehouse/components/extract_transform.py categories False 2024-10-03. Error code is: 1.
[2024-10-03T10:26:05.214+0000] {taskinstance.py:1225} INFO - Marking task as FAILED. dag_id=etl_pipeline, task_id=warehouse.step_1.extract_transform.categories, run_id=manual__2024-10-03T08:41:55.857004+00:00, execution_date=20241003T084155, start_date=20241003T102534, end_date=20241003T102605
[2024-10-03T10:26:05.215+0000] {taskinstance.py:1563} INFO - Executing callback at index 0: slack_notifier
[2024-10-03T10:26:05.218+0000] {baseoperator.py:405} WARNING - SlackWebhookOperator.execute cannot be called outside TaskInstance!
[2024-10-03T10:26:05.226+0000] {logging_mixin.py:190} WARNING - /home/***/.local/lib/python3.12/site-packages/***/providers/slack/hooks/slack_webhook.py:42 UserWarning: You cannot override the default channel (chosen by the user who installed your app), username, or icon when you're using Incoming Webhooks to post messages. Instead, these values will always inherit from the associated Slack app configuration. See: https://api.slack.com/messaging/webhooks#advanced_message_formatting. It is possible to change this values only in Legacy Slack Integration Incoming Webhook: https://api.slack.com/legacy/custom-integrations/messaging/webhooks#legacy-customizations
[2024-10-03T10:26:05.245+0000] {base.py:84} INFO - Retrieving connection 'slack_notifier'
[2024-10-03T10:26:05.952+0000] {taskinstance.py:340} INFO - ::group::Post task execution logs
[2024-10-03T10:26:05.953+0000] {standard_task_runner.py:124} ERROR - Failed to execute job 13669 for task warehouse.step_1.extract_transform.categories (Cannot execute: spark-submit --master spark://spark-master:7077 --name arrow-spark dags/etl_pipeline/tasks/warehouse/components/extract_transform.py categories False 2024-10-03. Error code is: 1.; 4571)
Traceback (most recent call last):
  File "/home/airflow/.local/lib/python3.12/site-packages/airflow/task/task_runner/standard_task_runner.py", line 117, in _start_by_fork
    ret = args.func(args, dag=self.dag)
          ^^^^^^^^^^^^^^^^^^^^^^^^^^^^^
  File "/home/airflow/.local/lib/python3.12/site-packages/airflow/cli/cli_config.py", line 49, in command
    return func(*args, **kwargs)
           ^^^^^^^^^^^^^^^^^^^^^
  File "/home/airflow/.local/lib/python3.12/site-packages/airflow/utils/cli.py", line 115, in wrapper
    return f(*args, **kwargs)
           ^^^^^^^^^^^^^^^^^^
  File "/home/airflow/.local/lib/python3.12/site-packages/airflow/cli/commands/task_command.py", line 483, in task_run
    task_return_code = _run_task_by_selected_method(args, _dag, ti)
                       ^^^^^^^^^^^^^^^^^^^^^^^^^^^^^^^^^^^^^^^^^^^^
  File "/home/airflow/.local/lib/python3.12/site-packages/airflow/cli/commands/task_command.py", line 256, in _run_task_by_selected_method
    return _run_raw_task(args, ti)
           ^^^^^^^^^^^^^^^^^^^^^^^
  File "/home/airflow/.local/lib/python3.12/site-packages/airflow/cli/commands/task_command.py", line 341, in _run_raw_task
    return ti._run_raw_task(
           ^^^^^^^^^^^^^^^^^
  File "/home/airflow/.local/lib/python3.12/site-packages/airflow/utils/session.py", line 97, in wrapper
    return func(*args, session=session, **kwargs)
           ^^^^^^^^^^^^^^^^^^^^^^^^^^^^^^^^^^^^^^
  File "/home/airflow/.local/lib/python3.12/site-packages/airflow/models/taskinstance.py", line 3004, in _run_raw_task
    return _run_raw_task(
           ^^^^^^^^^^^^^^
  File "/home/airflow/.local/lib/python3.12/site-packages/airflow/models/taskinstance.py", line 273, in _run_raw_task
    TaskInstance._execute_task_with_callbacks(
  File "/home/airflow/.local/lib/python3.12/site-packages/airflow/models/taskinstance.py", line 3158, in _execute_task_with_callbacks
    result = self._execute_task(context, task_orig)
             ^^^^^^^^^^^^^^^^^^^^^^^^^^^^^^^^^^^^^^
  File "/home/airflow/.local/lib/python3.12/site-packages/airflow/models/taskinstance.py", line 3182, in _execute_task
    return _execute_task(self, context, task_orig)
           ^^^^^^^^^^^^^^^^^^^^^^^^^^^^^^^^^^^^^^^
  File "/home/airflow/.local/lib/python3.12/site-packages/airflow/models/taskinstance.py", line 767, in _execute_task
    result = _execute_callable(context=context, **execute_callable_kwargs)
             ^^^^^^^^^^^^^^^^^^^^^^^^^^^^^^^^^^^^^^^^^^^^^^^^^^^^^^^^^^^^^
  File "/home/airflow/.local/lib/python3.12/site-packages/airflow/models/taskinstance.py", line 733, in _execute_callable
    return ExecutionCallableRunner(
           ^^^^^^^^^^^^^^^^^^^^^^^^
  File "/home/airflow/.local/lib/python3.12/site-packages/airflow/utils/operator_helpers.py", line 252, in run
    return self.func(*args, **kwargs)
           ^^^^^^^^^^^^^^^^^^^^^^^^^^
  File "/home/airflow/.local/lib/python3.12/site-packages/airflow/models/baseoperator.py", line 406, in wrapper
    return func(self, *args, **kwargs)
           ^^^^^^^^^^^^^^^^^^^^^^^^^^^
  File "/home/airflow/.local/lib/python3.12/site-packages/airflow/providers/apache/spark/operators/spark_submit.py", line 157, in execute
    self._hook.submit(self._application)
  File "/home/airflow/.local/lib/python3.12/site-packages/airflow/providers/apache/spark/hooks/spark_submit.py", line 419, in submit
    raise AirflowException(
airflow.exceptions.AirflowException: Cannot execute: spark-submit --master spark://spark-master:7077 --name arrow-spark dags/etl_pipeline/tasks/warehouse/components/extract_transform.py categories False 2024-10-03. Error code is: 1.
[2024-10-03T10:26:06.002+0000] {local_task_job_runner.py:266} INFO - Task exited with return code 1
[2024-10-03T10:26:06.041+0000] {taskinstance.py:3900} INFO - 0 downstream tasks scheduled from follow-on schedule check
[2024-10-03T10:26:06.044+0000] {local_task_job_runner.py:245} INFO - ::endgroup::
