[2024-10-03T08:45:16.754+0000] {local_task_job_runner.py:123} INFO - ::group::Pre task execution logs
[2024-10-03T08:45:16.783+0000] {taskinstance.py:2612} INFO - Dependencies all met for dep_context=non-requeueable deps ti=<TaskInstance: etl_pipeline.warehouse.step_1.extract_transform.categories manual__2024-10-03T08:41:55.857004+00:00 [queued]>
[2024-10-03T08:45:16.798+0000] {taskinstance.py:2612} INFO - Dependencies all met for dep_context=requeueable deps ti=<TaskInstance: etl_pipeline.warehouse.step_1.extract_transform.categories manual__2024-10-03T08:41:55.857004+00:00 [queued]>
[2024-10-03T08:45:16.798+0000] {taskinstance.py:2865} INFO - Starting attempt 1 of 1
[2024-10-03T08:45:16.816+0000] {taskinstance.py:2888} INFO - Executing <Task(SparkSubmitOperator): warehouse.step_1.extract_transform.categories> on 2024-10-03 08:41:55.857004+00:00
[2024-10-03T08:45:16.829+0000] {logging_mixin.py:190} WARNING - /home/***/.local/lib/python3.12/site-packages/***/task/task_runner/standard_task_runner.py:70 DeprecationWarning: This process (pid=42706) is multi-threaded, use of fork() may lead to deadlocks in the child.
[2024-10-03T08:45:16.832+0000] {standard_task_runner.py:72} INFO - Started process 42708 to run task
[2024-10-03T08:45:16.828+0000] {standard_task_runner.py:104} INFO - Running: ['***', 'tasks', 'run', 'etl_pipeline', 'warehouse.step_1.extract_transform.categories', 'manual__2024-10-03T08:41:55.857004+00:00', '--job-id', '13642', '--raw', '--subdir', 'DAGS_FOLDER/etl_pipeline/run.py', '--cfg-path', '/tmp/tmpsppyna1e']
[2024-10-03T08:45:16.833+0000] {standard_task_runner.py:105} INFO - Job 13642: Subtask warehouse.step_1.extract_transform.categories
[2024-10-03T08:45:16.911+0000] {task_command.py:467} INFO - Running <TaskInstance: etl_pipeline.warehouse.step_1.extract_transform.categories manual__2024-10-03T08:41:55.857004+00:00 [running]> on host 8c0d519f07a3
[2024-10-03T08:45:17.044+0000] {taskinstance.py:3131} INFO - Exporting env vars: AIRFLOW_CTX_DAG_OWNER='***' AIRFLOW_CTX_DAG_ID='etl_pipeline' AIRFLOW_CTX_TASK_ID='warehouse.step_1.extract_transform.categories' AIRFLOW_CTX_EXECUTION_DATE='2024-10-03T08:41:55.857004+00:00' AIRFLOW_CTX_TRY_NUMBER='1' AIRFLOW_CTX_DAG_RUN_ID='manual__2024-10-03T08:41:55.857004+00:00'
[2024-10-03T08:45:17.046+0000] {taskinstance.py:731} INFO - ::endgroup::
[2024-10-03T08:45:17.064+0000] {base.py:84} INFO - Retrieving connection 'spark-conn'
[2024-10-03T08:45:17.065+0000] {spark_submit.py:335} INFO - Spark-Submit cmd: spark-submit --master spark://spark-master:7077 --name arrow-spark dags/etl_pipeline/tasks/warehouse/components/extract_transform.py categories False 2024-10-03
[2024-10-03T08:45:17.130+0000] {spark_submit.py:488} INFO - /home/***/.local/lib/python3.12/site-packages/pyspark/bin/load-spark-env.sh: line 68: ps: command not found
[2024-10-03T08:45:24.298+0000] {spark_submit.py:488} INFO - 24/10/03 08:45:24 INFO SparkContext: Running Spark version 3.5.3
[2024-10-03T08:45:24.301+0000] {spark_submit.py:488} INFO - 24/10/03 08:45:24 INFO SparkContext: OS info Linux, 5.15.153.1-microsoft-standard-WSL2, amd64
[2024-10-03T08:45:24.302+0000] {spark_submit.py:488} INFO - 24/10/03 08:45:24 INFO SparkContext: Java version 17.0.12
[2024-10-03T08:45:24.437+0000] {spark_submit.py:488} INFO - 24/10/03 08:45:24 WARN NativeCodeLoader: Unable to load native-hadoop library for your platform... using builtin-java classes where applicable
[2024-10-03T08:45:24.681+0000] {spark_submit.py:488} INFO - 24/10/03 08:45:24 INFO ResourceUtils: ==============================================================
[2024-10-03T08:45:24.683+0000] {spark_submit.py:488} INFO - 24/10/03 08:45:24 INFO ResourceUtils: No custom resources configured for spark.driver.
[2024-10-03T08:45:24.684+0000] {spark_submit.py:488} INFO - 24/10/03 08:45:24 INFO ResourceUtils: ==============================================================
[2024-10-03T08:45:24.685+0000] {spark_submit.py:488} INFO - 24/10/03 08:45:24 INFO SparkContext: Submitted application: Extract Transform - categories
[2024-10-03T08:45:24.730+0000] {spark_submit.py:488} INFO - 24/10/03 08:45:24 INFO ResourceProfile: Default ResourceProfile created, executor resources: Map(memory -> name: memory, amount: 1024, script: , vendor: , offHeap -> name: offHeap, amount: 0, script: , vendor: ), task resources: Map(cpus -> name: cpus, amount: 1.0)
[2024-10-03T08:45:24.743+0000] {spark_submit.py:488} INFO - 24/10/03 08:45:24 INFO ResourceProfile: Limiting resource is cpu
[2024-10-03T08:45:24.746+0000] {spark_submit.py:488} INFO - 24/10/03 08:45:24 INFO ResourceProfileManager: Added ResourceProfile id: 0
[2024-10-03T08:45:24.830+0000] {spark_submit.py:488} INFO - 24/10/03 08:45:24 INFO SecurityManager: Changing view acls to: ***
[2024-10-03T08:45:24.831+0000] {spark_submit.py:488} INFO - 24/10/03 08:45:24 INFO SecurityManager: Changing modify acls to: ***
[2024-10-03T08:45:24.834+0000] {spark_submit.py:488} INFO - 24/10/03 08:45:24 INFO SecurityManager: Changing view acls groups to:
[2024-10-03T08:45:24.836+0000] {spark_submit.py:488} INFO - 24/10/03 08:45:24 INFO SecurityManager: Changing modify acls groups to:
[2024-10-03T08:45:24.837+0000] {spark_submit.py:488} INFO - 24/10/03 08:45:24 INFO SecurityManager: SecurityManager: authentication disabled; ui acls disabled; users with view permissions: ***; groups with view permissions: EMPTY; users with modify permissions: ***; groups with modify permissions: EMPTY
[2024-10-03T08:45:25.393+0000] {spark_submit.py:488} INFO - 24/10/03 08:45:25 INFO Utils: Successfully started service 'sparkDriver' on port 39801.
[2024-10-03T08:45:25.475+0000] {spark_submit.py:488} INFO - 24/10/03 08:45:25 INFO SparkEnv: Registering MapOutputTracker
[2024-10-03T08:45:25.592+0000] {spark_submit.py:488} INFO - 24/10/03 08:45:25 INFO SparkEnv: Registering BlockManagerMaster
[2024-10-03T08:45:25.647+0000] {spark_submit.py:488} INFO - 24/10/03 08:45:25 INFO BlockManagerMasterEndpoint: Using org.apache.spark.storage.DefaultTopologyMapper for getting topology information
[2024-10-03T08:45:25.648+0000] {spark_submit.py:488} INFO - 24/10/03 08:45:25 INFO BlockManagerMasterEndpoint: BlockManagerMasterEndpoint up
[2024-10-03T08:45:25.666+0000] {spark_submit.py:488} INFO - 24/10/03 08:45:25 INFO SparkEnv: Registering BlockManagerMasterHeartbeat
[2024-10-03T08:45:25.712+0000] {spark_submit.py:488} INFO - 24/10/03 08:45:25 INFO DiskBlockManager: Created local directory at /tmp/blockmgr-07e73ad8-c535-4802-b70b-ea6c3fb641f9
[2024-10-03T08:45:25.789+0000] {spark_submit.py:488} INFO - 24/10/03 08:45:25 INFO MemoryStore: MemoryStore started with capacity 434.4 MiB
[2024-10-03T08:45:25.833+0000] {spark_submit.py:488} INFO - 24/10/03 08:45:25 INFO SparkEnv: Registering OutputCommitCoordinator
[2024-10-03T08:45:26.038+0000] {spark_submit.py:488} INFO - 24/10/03 08:45:26 INFO JettyUtils: Start Jetty 0.0.0.0:4040 for SparkUI
[2024-10-03T08:45:26.137+0000] {spark_submit.py:488} INFO - 24/10/03 08:45:26 INFO Utils: Successfully started service 'SparkUI' on port 4040.
[2024-10-03T08:45:26.384+0000] {spark_submit.py:488} INFO - 24/10/03 08:45:26 INFO StandaloneAppClient$ClientEndpoint: Connecting to master spark://spark-master:7077...
[2024-10-03T08:45:26.497+0000] {spark_submit.py:488} INFO - 24/10/03 08:45:26 INFO TransportClientFactory: Successfully created connection to spark-master/172.20.0.2:7077 after 71 ms (0 ms spent in bootstraps)
[2024-10-03T08:45:26.693+0000] {spark_submit.py:488} INFO - 24/10/03 08:45:26 INFO StandaloneSchedulerBackend: Connected to Spark cluster with app ID app-20241003084526-0048
[2024-10-03T08:45:26.697+0000] {spark_submit.py:488} INFO - 24/10/03 08:45:26 INFO StandaloneAppClient$ClientEndpoint: Executor added: app-20241003084526-0048/0 on worker-20241003061731-172.20.0.9-38803 (172.20.0.9:38803) with 2 core(s)
[2024-10-03T08:45:26.702+0000] {spark_submit.py:488} INFO - 24/10/03 08:45:26 INFO StandaloneSchedulerBackend: Granted executor ID app-20241003084526-0048/0 on hostPort 172.20.0.9:38803 with 2 core(s), 1024.0 MiB RAM
[2024-10-03T08:45:26.721+0000] {spark_submit.py:488} INFO - 24/10/03 08:45:26 INFO Utils: Successfully started service 'org.apache.spark.network.netty.NettyBlockTransferService' on port 40043.
[2024-10-03T08:45:26.722+0000] {spark_submit.py:488} INFO - 24/10/03 08:45:26 INFO NettyBlockTransferService: Server created on 8c0d519f07a3:40043
[2024-10-03T08:45:26.727+0000] {spark_submit.py:488} INFO - 24/10/03 08:45:26 INFO BlockManager: Using org.apache.spark.storage.RandomBlockReplicationPolicy for block replication policy
[2024-10-03T08:45:26.744+0000] {spark_submit.py:488} INFO - 24/10/03 08:45:26 INFO BlockManagerMaster: Registering BlockManager BlockManagerId(driver, 8c0d519f07a3, 40043, None)
[2024-10-03T08:45:26.752+0000] {spark_submit.py:488} INFO - 24/10/03 08:45:26 INFO BlockManagerMasterEndpoint: Registering block manager 8c0d519f07a3:40043 with 434.4 MiB RAM, BlockManagerId(driver, 8c0d519f07a3, 40043, None)
[2024-10-03T08:45:26.758+0000] {spark_submit.py:488} INFO - 24/10/03 08:45:26 INFO BlockManagerMaster: Registered BlockManager BlockManagerId(driver, 8c0d519f07a3, 40043, None)
[2024-10-03T08:45:26.764+0000] {spark_submit.py:488} INFO - 24/10/03 08:45:26 INFO BlockManager: Initialized BlockManager: BlockManagerId(driver, 8c0d519f07a3, 40043, None)
[2024-10-03T08:45:26.839+0000] {spark_submit.py:488} INFO - 24/10/03 08:45:26 INFO StandaloneAppClient$ClientEndpoint: Executor updated: app-20241003084526-0048/0 is now RUNNING
[2024-10-03T08:45:27.657+0000] {spark_submit.py:488} INFO - 24/10/03 08:45:27 INFO StandaloneSchedulerBackend: SchedulerBackend is ready for scheduling beginning after reached minRegisteredResourcesRatio: 0.0
[2024-10-03T08:45:30.399+0000] {spark_submit.py:488} INFO - [2024-10-03T08:45:30.396+0000] {base.py:84} INFO - Retrieving connection 'staging_db'
[2024-10-03T08:45:30.577+0000] {spark_submit.py:488} INFO - 24/10/03 08:45:30 INFO SharedState: Setting hive.metastore.warehouse.dir ('null') to the value of spark.sql.warehouse.dir.
[2024-10-03T08:45:30.598+0000] {spark_submit.py:488} INFO - 24/10/03 08:45:30 INFO SharedState: Warehouse path is 'file:/opt/***/spark-warehouse'.
[2024-10-03T08:45:34.806+0000] {spark_submit.py:488} INFO - 24/10/03 08:45:34 INFO StandaloneSchedulerBackend$StandaloneDriverEndpoint: Registered executor NettyRpcEndpointRef(spark-client://Executor) (172.20.0.9:59100) with ID 0,  ResourceProfileId 0
[2024-10-03T08:45:35.112+0000] {spark_submit.py:488} INFO - 24/10/03 08:45:35 INFO BlockManagerMasterEndpoint: Registering block manager 172.20.0.9:34467 with 434.4 MiB RAM, BlockManagerId(0, 172.20.0.9, 34467, None)
[2024-10-03T08:45:36.109+0000] {spark_submit.py:488} INFO - DataFrame content before writing to CSV:
[2024-10-03T08:45:37.755+0000] {spark_submit.py:488} INFO - 24/10/03 08:45:37 INFO CodeGenerator: Code generated in 489.732385 ms
[2024-10-03T08:45:37.929+0000] {spark_submit.py:488} INFO - 24/10/03 08:45:37 INFO DAGScheduler: Registering RDD 7 (showString at NativeMethodAccessorImpl.java:0) as input to shuffle 0
[2024-10-03T08:45:37.940+0000] {spark_submit.py:488} INFO - 24/10/03 08:45:37 INFO DAGScheduler: Got map stage job 0 (showString at NativeMethodAccessorImpl.java:0) with 2 output partitions
[2024-10-03T08:45:37.941+0000] {spark_submit.py:488} INFO - 24/10/03 08:45:37 INFO DAGScheduler: Final stage: ShuffleMapStage 0 (showString at NativeMethodAccessorImpl.java:0)
[2024-10-03T08:45:37.944+0000] {spark_submit.py:488} INFO - 24/10/03 08:45:37 INFO DAGScheduler: Parents of final stage: List()
[2024-10-03T08:45:37.949+0000] {spark_submit.py:488} INFO - 24/10/03 08:45:37 INFO DAGScheduler: Missing parents: List()
[2024-10-03T08:45:37.962+0000] {spark_submit.py:488} INFO - 24/10/03 08:45:37 INFO DAGScheduler: Submitting ShuffleMapStage 0 (MapPartitionsRDD[7] at showString at NativeMethodAccessorImpl.java:0), which has no missing parents
[2024-10-03T08:45:38.110+0000] {spark_submit.py:488} INFO - 24/10/03 08:45:38 INFO MemoryStore: Block broadcast_0 stored as values in memory (estimated size 29.2 KiB, free 434.4 MiB)
[2024-10-03T08:45:38.167+0000] {spark_submit.py:488} INFO - 24/10/03 08:45:38 INFO MemoryStore: Block broadcast_0_piece0 stored as bytes in memory (estimated size 14.1 KiB, free 434.4 MiB)
[2024-10-03T08:45:38.179+0000] {spark_submit.py:488} INFO - 24/10/03 08:45:38 INFO BlockManagerInfo: Added broadcast_0_piece0 in memory on 8c0d519f07a3:40043 (size: 14.1 KiB, free: 434.4 MiB)
[2024-10-03T08:45:38.183+0000] {spark_submit.py:488} INFO - 24/10/03 08:45:38 INFO SparkContext: Created broadcast 0 from broadcast at DAGScheduler.scala:1585
[2024-10-03T08:45:38.208+0000] {spark_submit.py:488} INFO - 24/10/03 08:45:38 INFO DAGScheduler: Submitting 2 missing tasks from ShuffleMapStage 0 (MapPartitionsRDD[7] at showString at NativeMethodAccessorImpl.java:0) (first 15 tasks are for partitions Vector(0, 1))
[2024-10-03T08:45:38.210+0000] {spark_submit.py:488} INFO - 24/10/03 08:45:38 INFO TaskSchedulerImpl: Adding task set 0.0 with 2 tasks resource profile 0
[2024-10-03T08:45:38.259+0000] {spark_submit.py:488} INFO - 24/10/03 08:45:38 INFO TaskSetManager: Starting task 0.0 in stage 0.0 (TID 0) (172.20.0.9, executor 0, partition 0, PROCESS_LOCAL, 9185 bytes)
[2024-10-03T08:45:38.267+0000] {spark_submit.py:488} INFO - 24/10/03 08:45:38 INFO TaskSetManager: Starting task 1.0 in stage 0.0 (TID 1) (172.20.0.9, executor 0, partition 1, PROCESS_LOCAL, 9170 bytes)
[2024-10-03T08:45:38.880+0000] {spark_submit.py:488} INFO - 24/10/03 08:45:38 INFO BlockManagerInfo: Added broadcast_0_piece0 in memory on 172.20.0.9:34467 (size: 14.1 KiB, free: 434.4 MiB)
[2024-10-03T08:45:42.726+0000] {spark_submit.py:488} INFO - 24/10/03 08:45:42 INFO TaskSetManager: Finished task 1.0 in stage 0.0 (TID 1) in 4457 ms on 172.20.0.9 (executor 0) (1/2)
[2024-10-03T08:45:42.729+0000] {spark_submit.py:488} INFO - 24/10/03 08:45:42 INFO TaskSetManager: Finished task 0.0 in stage 0.0 (TID 0) in 4493 ms on 172.20.0.9 (executor 0) (2/2)
[2024-10-03T08:45:42.731+0000] {spark_submit.py:488} INFO - 24/10/03 08:45:42 INFO TaskSchedulerImpl: Removed TaskSet 0.0, whose tasks have all completed, from pool
[2024-10-03T08:45:42.746+0000] {spark_submit.py:488} INFO - 24/10/03 08:45:42 INFO PythonAccumulatorV2: Connected to AccumulatorServer at host: 127.0.0.1 port: 39607
[2024-10-03T08:45:42.760+0000] {spark_submit.py:488} INFO - 24/10/03 08:45:42 INFO DAGScheduler: ShuffleMapStage 0 (showString at NativeMethodAccessorImpl.java:0) finished in 4.777 s
[2024-10-03T08:45:42.762+0000] {spark_submit.py:488} INFO - 24/10/03 08:45:42 INFO DAGScheduler: looking for newly runnable stages
[2024-10-03T08:45:42.764+0000] {spark_submit.py:488} INFO - 24/10/03 08:45:42 INFO DAGScheduler: running: Set()
[2024-10-03T08:45:42.768+0000] {spark_submit.py:488} INFO - 24/10/03 08:45:42 INFO DAGScheduler: waiting: Set()
[2024-10-03T08:45:42.769+0000] {spark_submit.py:488} INFO - 24/10/03 08:45:42 INFO DAGScheduler: failed: Set()
[2024-10-03T08:45:42.830+0000] {spark_submit.py:488} INFO - 24/10/03 08:45:42 INFO ShufflePartitionsUtil: For shuffle(0), advisory target size: 67108864, actual target size 1048576, minimum partition size: 1048576
[2024-10-03T08:45:42.912+0000] {spark_submit.py:488} INFO - 24/10/03 08:45:42 INFO CodeGenerator: Code generated in 26.656296 ms
[2024-10-03T08:45:43.000+0000] {spark_submit.py:488} INFO - 24/10/03 08:45:43 INFO SparkContext: Starting job: showString at NativeMethodAccessorImpl.java:0
[2024-10-03T08:45:43.012+0000] {spark_submit.py:488} INFO - 24/10/03 08:45:43 INFO DAGScheduler: Got job 1 (showString at NativeMethodAccessorImpl.java:0) with 1 output partitions
[2024-10-03T08:45:43.013+0000] {spark_submit.py:488} INFO - 24/10/03 08:45:43 INFO DAGScheduler: Final stage: ResultStage 2 (showString at NativeMethodAccessorImpl.java:0)
[2024-10-03T08:45:43.014+0000] {spark_submit.py:488} INFO - 24/10/03 08:45:43 INFO DAGScheduler: Parents of final stage: List(ShuffleMapStage 1)
[2024-10-03T08:45:43.016+0000] {spark_submit.py:488} INFO - 24/10/03 08:45:43 INFO DAGScheduler: Missing parents: List()
[2024-10-03T08:45:43.020+0000] {spark_submit.py:488} INFO - 24/10/03 08:45:43 INFO DAGScheduler: Submitting ResultStage 2 (MapPartitionsRDD[11] at showString at NativeMethodAccessorImpl.java:0), which has no missing parents
[2024-10-03T08:45:43.055+0000] {spark_submit.py:488} INFO - 24/10/03 08:45:43 INFO MemoryStore: Block broadcast_1 stored as values in memory (estimated size 35.6 KiB, free 434.3 MiB)
[2024-10-03T08:45:43.069+0000] {spark_submit.py:488} INFO - 24/10/03 08:45:43 INFO MemoryStore: Block broadcast_1_piece0 stored as bytes in memory (estimated size 17.3 KiB, free 434.3 MiB)
[2024-10-03T08:45:43.074+0000] {spark_submit.py:488} INFO - 24/10/03 08:45:43 INFO BlockManagerInfo: Added broadcast_1_piece0 in memory on 8c0d519f07a3:40043 (size: 17.3 KiB, free: 434.4 MiB)
[2024-10-03T08:45:43.077+0000] {spark_submit.py:488} INFO - 24/10/03 08:45:43 INFO SparkContext: Created broadcast 1 from broadcast at DAGScheduler.scala:1585
[2024-10-03T08:45:43.082+0000] {spark_submit.py:488} INFO - 24/10/03 08:45:43 INFO DAGScheduler: Submitting 1 missing tasks from ResultStage 2 (MapPartitionsRDD[11] at showString at NativeMethodAccessorImpl.java:0) (first 15 tasks are for partitions Vector(0))
[2024-10-03T08:45:43.083+0000] {spark_submit.py:488} INFO - 24/10/03 08:45:43 INFO TaskSchedulerImpl: Adding task set 2.0 with 1 tasks resource profile 0
[2024-10-03T08:45:43.103+0000] {spark_submit.py:488} INFO - 24/10/03 08:45:43 INFO TaskSetManager: Starting task 0.0 in stage 2.0 (TID 2) (172.20.0.9, executor 0, partition 0, NODE_LOCAL, 9003 bytes)
[2024-10-03T08:45:43.150+0000] {spark_submit.py:488} INFO - 24/10/03 08:45:43 INFO BlockManagerInfo: Removed broadcast_0_piece0 on 172.20.0.9:34467 in memory (size: 14.1 KiB, free: 434.4 MiB)
[2024-10-03T08:45:43.151+0000] {spark_submit.py:488} INFO - 24/10/03 08:45:43 INFO BlockManagerInfo: Removed broadcast_0_piece0 on 8c0d519f07a3:40043 in memory (size: 14.1 KiB, free: 434.4 MiB)
[2024-10-03T08:45:43.175+0000] {spark_submit.py:488} INFO - 24/10/03 08:45:43 INFO BlockManagerInfo: Added broadcast_1_piece0 in memory on 172.20.0.9:34467 (size: 17.3 KiB, free: 434.4 MiB)
[2024-10-03T08:45:43.358+0000] {spark_submit.py:488} INFO - 24/10/03 08:45:43 INFO MapOutputTrackerMasterEndpoint: Asked to send map output locations for shuffle 0 to 172.20.0.9:59100
[2024-10-03T08:45:44.148+0000] {spark_submit.py:488} INFO - 24/10/03 08:45:44 INFO TaskSetManager: Finished task 0.0 in stage 2.0 (TID 2) in 1052 ms on 172.20.0.9 (executor 0) (1/1)
[2024-10-03T08:45:44.155+0000] {spark_submit.py:488} INFO - 24/10/03 08:45:44 INFO TaskSchedulerImpl: Removed TaskSet 2.0, whose tasks have all completed, from pool
[2024-10-03T08:45:44.157+0000] {spark_submit.py:488} INFO - 24/10/03 08:45:44 INFO DAGScheduler: ResultStage 2 (showString at NativeMethodAccessorImpl.java:0) finished in 1.109 s
[2024-10-03T08:45:44.161+0000] {spark_submit.py:488} INFO - 24/10/03 08:45:44 INFO DAGScheduler: Job 1 is finished. Cancelling potential speculative or zombie tasks for this job
[2024-10-03T08:45:44.164+0000] {spark_submit.py:488} INFO - 24/10/03 08:45:44 INFO TaskSchedulerImpl: Killing all running tasks in stage 2: Stage finished
[2024-10-03T08:45:44.185+0000] {spark_submit.py:488} INFO - 24/10/03 08:45:44 INFO DAGScheduler: Job 1 finished: showString at NativeMethodAccessorImpl.java:0, took 1.176941 s
[2024-10-03T08:45:45.361+0000] {spark_submit.py:488} INFO - 24/10/03 08:45:45 INFO BlockManagerInfo: Removed broadcast_1_piece0 on 8c0d519f07a3:40043 in memory (size: 17.3 KiB, free: 434.4 MiB)
[2024-10-03T08:45:45.369+0000] {spark_submit.py:488} INFO - 24/10/03 08:45:45 INFO BlockManagerInfo: Removed broadcast_1_piece0 on 172.20.0.9:34467 in memory (size: 17.3 KiB, free: 434.4 MiB)
[2024-10-03T08:45:45.812+0000] {spark_submit.py:488} INFO - 24/10/03 08:45:45 INFO CodeGenerator: Code generated in 23.417397 ms
[2024-10-03T08:45:45.836+0000] {spark_submit.py:488} INFO - +-----------+-------------+
[2024-10-03T08:45:45.836+0000] {spark_submit.py:488} INFO - |category_nk|category_name|
[2024-10-03T08:45:45.837+0000] {spark_submit.py:488} INFO - +-----------+-------------+
[2024-10-03T08:45:45.838+0000] {spark_submit.py:488} INFO - |          1|       Action|
[2024-10-03T08:45:45.838+0000] {spark_submit.py:488} INFO - |          2|    Animation|
[2024-10-03T08:45:45.839+0000] {spark_submit.py:488} INFO - |          3|     Children|
[2024-10-03T08:45:45.840+0000] {spark_submit.py:488} INFO - |          4|     Classics|
[2024-10-03T08:45:45.840+0000] {spark_submit.py:488} INFO - |          5|       Comedy|
[2024-10-03T08:45:45.841+0000] {spark_submit.py:488} INFO - |          6|  Documentary|
[2024-10-03T08:45:45.842+0000] {spark_submit.py:488} INFO - |          7|        Drama|
[2024-10-03T08:45:45.842+0000] {spark_submit.py:488} INFO - |          8|       Family|
[2024-10-03T08:45:45.843+0000] {spark_submit.py:488} INFO - |          9|      Foreign|
[2024-10-03T08:45:45.844+0000] {spark_submit.py:488} INFO - |         10|        Games|
[2024-10-03T08:45:45.844+0000] {spark_submit.py:488} INFO - |         11|       Horror|
[2024-10-03T08:45:45.845+0000] {spark_submit.py:488} INFO - |         12|        Music|
[2024-10-03T08:45:45.847+0000] {spark_submit.py:488} INFO - |         13|          New|
[2024-10-03T08:45:45.847+0000] {spark_submit.py:488} INFO - |         14|       Sci-Fi|
[2024-10-03T08:45:45.848+0000] {spark_submit.py:488} INFO - |         15|       Sports|
[2024-10-03T08:45:45.849+0000] {spark_submit.py:488} INFO - |         16|       Travel|
[2024-10-03T08:45:45.849+0000] {spark_submit.py:488} INFO - +-----------+-------------+
[2024-10-03T08:45:45.851+0000] {spark_submit.py:488} INFO - 
[2024-10-03T08:45:46.176+0000] {spark_submit.py:488} INFO - 24/10/03 08:45:46 INFO CodeGenerator: Code generated in 147.43068 ms
[2024-10-03T08:45:46.196+0000] {spark_submit.py:488} INFO - 24/10/03 08:45:46 INFO DAGScheduler: Registering RDD 13 (count at NativeMethodAccessorImpl.java:0) as input to shuffle 1
[2024-10-03T08:45:46.197+0000] {spark_submit.py:488} INFO - 24/10/03 08:45:46 INFO DAGScheduler: Got map stage job 2 (count at NativeMethodAccessorImpl.java:0) with 2 output partitions
[2024-10-03T08:45:46.198+0000] {spark_submit.py:488} INFO - 24/10/03 08:45:46 INFO DAGScheduler: Final stage: ShuffleMapStage 3 (count at NativeMethodAccessorImpl.java:0)
[2024-10-03T08:45:46.199+0000] {spark_submit.py:488} INFO - 24/10/03 08:45:46 INFO DAGScheduler: Parents of final stage: List()
[2024-10-03T08:45:46.199+0000] {spark_submit.py:488} INFO - 24/10/03 08:45:46 INFO DAGScheduler: Missing parents: List()
[2024-10-03T08:45:46.200+0000] {spark_submit.py:488} INFO - 24/10/03 08:45:46 INFO DAGScheduler: Submitting ShuffleMapStage 3 (MapPartitionsRDD[13] at count at NativeMethodAccessorImpl.java:0), which has no missing parents
[2024-10-03T08:45:46.209+0000] {spark_submit.py:488} INFO - 24/10/03 08:45:46 INFO MemoryStore: Block broadcast_2 stored as values in memory (estimated size 34.3 KiB, free 434.4 MiB)
[2024-10-03T08:45:46.226+0000] {spark_submit.py:488} INFO - 24/10/03 08:45:46 INFO MemoryStore: Block broadcast_2_piece0 stored as bytes in memory (estimated size 16.5 KiB, free 434.4 MiB)
[2024-10-03T08:45:46.228+0000] {spark_submit.py:488} INFO - 24/10/03 08:45:46 INFO BlockManagerInfo: Added broadcast_2_piece0 in memory on 8c0d519f07a3:40043 (size: 16.5 KiB, free: 434.4 MiB)
[2024-10-03T08:45:46.230+0000] {spark_submit.py:488} INFO - 24/10/03 08:45:46 INFO SparkContext: Created broadcast 2 from broadcast at DAGScheduler.scala:1585
[2024-10-03T08:45:46.232+0000] {spark_submit.py:488} INFO - 24/10/03 08:45:46 INFO DAGScheduler: Submitting 2 missing tasks from ShuffleMapStage 3 (MapPartitionsRDD[13] at count at NativeMethodAccessorImpl.java:0) (first 15 tasks are for partitions Vector(0, 1))
[2024-10-03T08:45:46.232+0000] {spark_submit.py:488} INFO - 24/10/03 08:45:46 INFO TaskSchedulerImpl: Adding task set 3.0 with 2 tasks resource profile 0
[2024-10-03T08:45:46.235+0000] {spark_submit.py:488} INFO - 24/10/03 08:45:46 INFO TaskSetManager: Starting task 0.0 in stage 3.0 (TID 3) (172.20.0.9, executor 0, partition 0, PROCESS_LOCAL, 9185 bytes)
[2024-10-03T08:45:46.240+0000] {spark_submit.py:488} INFO - 24/10/03 08:45:46 INFO TaskSetManager: Starting task 1.0 in stage 3.0 (TID 4) (172.20.0.9, executor 0, partition 1, PROCESS_LOCAL, 9170 bytes)
[2024-10-03T08:45:46.283+0000] {spark_submit.py:488} INFO - 24/10/03 08:45:46 INFO BlockManagerInfo: Added broadcast_2_piece0 in memory on 172.20.0.9:34467 (size: 16.5 KiB, free: 434.4 MiB)
[2024-10-03T08:45:46.634+0000] {spark_submit.py:488} INFO - 24/10/03 08:45:46 INFO TaskSetManager: Finished task 0.0 in stage 3.0 (TID 3) in 399 ms on 172.20.0.9 (executor 0) (1/2)
[2024-10-03T08:45:46.641+0000] {spark_submit.py:488} INFO - 24/10/03 08:45:46 INFO TaskSetManager: Finished task 1.0 in stage 3.0 (TID 4) in 406 ms on 172.20.0.9 (executor 0) (2/2)
[2024-10-03T08:45:46.642+0000] {spark_submit.py:488} INFO - 24/10/03 08:45:46 INFO TaskSchedulerImpl: Removed TaskSet 3.0, whose tasks have all completed, from pool
[2024-10-03T08:45:46.646+0000] {spark_submit.py:488} INFO - 24/10/03 08:45:46 INFO DAGScheduler: ShuffleMapStage 3 (count at NativeMethodAccessorImpl.java:0) finished in 0.441 s
[2024-10-03T08:45:46.648+0000] {spark_submit.py:488} INFO - 24/10/03 08:45:46 INFO DAGScheduler: looking for newly runnable stages
[2024-10-03T08:45:46.649+0000] {spark_submit.py:488} INFO - 24/10/03 08:45:46 INFO DAGScheduler: running: Set()
[2024-10-03T08:45:46.650+0000] {spark_submit.py:488} INFO - 24/10/03 08:45:46 INFO DAGScheduler: waiting: Set()
[2024-10-03T08:45:46.652+0000] {spark_submit.py:488} INFO - 24/10/03 08:45:46 INFO DAGScheduler: failed: Set()
[2024-10-03T08:45:46.660+0000] {spark_submit.py:488} INFO - 24/10/03 08:45:46 INFO ShufflePartitionsUtil: For shuffle(1), advisory target size: 67108864, actual target size 1048576, minimum partition size: 1048576
[2024-10-03T08:45:46.823+0000] {spark_submit.py:488} INFO - 24/10/03 08:45:46 INFO CodeGenerator: Code generated in 96.571987 ms
[2024-10-03T08:45:46.852+0000] {spark_submit.py:488} INFO - 24/10/03 08:45:46 INFO DAGScheduler: Registering RDD 16 (count at NativeMethodAccessorImpl.java:0) as input to shuffle 2
[2024-10-03T08:45:46.853+0000] {spark_submit.py:488} INFO - 24/10/03 08:45:46 INFO DAGScheduler: Got map stage job 3 (count at NativeMethodAccessorImpl.java:0) with 1 output partitions
[2024-10-03T08:45:46.854+0000] {spark_submit.py:488} INFO - 24/10/03 08:45:46 INFO DAGScheduler: Final stage: ShuffleMapStage 5 (count at NativeMethodAccessorImpl.java:0)
[2024-10-03T08:45:46.854+0000] {spark_submit.py:488} INFO - 24/10/03 08:45:46 INFO DAGScheduler: Parents of final stage: List(ShuffleMapStage 4)
[2024-10-03T08:45:46.855+0000] {spark_submit.py:488} INFO - 24/10/03 08:45:46 INFO DAGScheduler: Missing parents: List()
[2024-10-03T08:45:46.855+0000] {spark_submit.py:488} INFO - 24/10/03 08:45:46 INFO DAGScheduler: Submitting ShuffleMapStage 5 (MapPartitionsRDD[16] at count at NativeMethodAccessorImpl.java:0), which has no missing parents
[2024-10-03T08:45:46.872+0000] {spark_submit.py:488} INFO - 24/10/03 08:45:46 INFO MemoryStore: Block broadcast_3 stored as values in memory (estimated size 44.5 KiB, free 434.3 MiB)
[2024-10-03T08:45:46.887+0000] {spark_submit.py:488} INFO - 24/10/03 08:45:46 INFO MemoryStore: Block broadcast_3_piece0 stored as bytes in memory (estimated size 20.9 KiB, free 434.3 MiB)
[2024-10-03T08:45:46.890+0000] {spark_submit.py:488} INFO - 24/10/03 08:45:46 INFO BlockManagerInfo: Added broadcast_3_piece0 in memory on 8c0d519f07a3:40043 (size: 20.9 KiB, free: 434.4 MiB)
[2024-10-03T08:45:46.893+0000] {spark_submit.py:488} INFO - 24/10/03 08:45:46 INFO BlockManagerInfo: Removed broadcast_2_piece0 on 8c0d519f07a3:40043 in memory (size: 16.5 KiB, free: 434.4 MiB)
[2024-10-03T08:45:46.895+0000] {spark_submit.py:488} INFO - 24/10/03 08:45:46 INFO SparkContext: Created broadcast 3 from broadcast at DAGScheduler.scala:1585
[2024-10-03T08:45:46.896+0000] {spark_submit.py:488} INFO - 24/10/03 08:45:46 INFO DAGScheduler: Submitting 1 missing tasks from ShuffleMapStage 5 (MapPartitionsRDD[16] at count at NativeMethodAccessorImpl.java:0) (first 15 tasks are for partitions Vector(0))
[2024-10-03T08:45:46.897+0000] {spark_submit.py:488} INFO - 24/10/03 08:45:46 INFO TaskSchedulerImpl: Adding task set 5.0 with 1 tasks resource profile 0
[2024-10-03T08:45:46.902+0000] {spark_submit.py:488} INFO - 24/10/03 08:45:46 INFO BlockManagerInfo: Removed broadcast_2_piece0 on 172.20.0.9:34467 in memory (size: 16.5 KiB, free: 434.4 MiB)
[2024-10-03T08:45:46.904+0000] {spark_submit.py:488} INFO - 24/10/03 08:45:46 INFO TaskSetManager: Starting task 0.0 in stage 5.0 (TID 5) (172.20.0.9, executor 0, partition 0, NODE_LOCAL, 8992 bytes)
[2024-10-03T08:45:46.978+0000] {spark_submit.py:488} INFO - 24/10/03 08:45:46 INFO BlockManagerInfo: Added broadcast_3_piece0 in memory on 172.20.0.9:34467 (size: 20.9 KiB, free: 434.4 MiB)
[2024-10-03T08:45:47.064+0000] {spark_submit.py:488} INFO - 24/10/03 08:45:47 INFO MapOutputTrackerMasterEndpoint: Asked to send map output locations for shuffle 1 to 172.20.0.9:59100
[2024-10-03T08:45:47.229+0000] {spark_submit.py:488} INFO - 24/10/03 08:45:47 INFO TaskSetManager: Finished task 0.0 in stage 5.0 (TID 5) in 327 ms on 172.20.0.9 (executor 0) (1/1)
[2024-10-03T08:45:47.231+0000] {spark_submit.py:488} INFO - 24/10/03 08:45:47 INFO TaskSchedulerImpl: Removed TaskSet 5.0, whose tasks have all completed, from pool
[2024-10-03T08:45:47.239+0000] {spark_submit.py:488} INFO - 24/10/03 08:45:47 INFO DAGScheduler: ShuffleMapStage 5 (count at NativeMethodAccessorImpl.java:0) finished in 0.374 s
[2024-10-03T08:45:47.240+0000] {spark_submit.py:488} INFO - 24/10/03 08:45:47 INFO DAGScheduler: looking for newly runnable stages
[2024-10-03T08:45:47.242+0000] {spark_submit.py:488} INFO - 24/10/03 08:45:47 INFO DAGScheduler: running: Set()
[2024-10-03T08:45:47.243+0000] {spark_submit.py:488} INFO - 24/10/03 08:45:47 INFO DAGScheduler: waiting: Set()
[2024-10-03T08:45:47.244+0000] {spark_submit.py:488} INFO - 24/10/03 08:45:47 INFO DAGScheduler: failed: Set()
[2024-10-03T08:45:47.299+0000] {spark_submit.py:488} INFO - 24/10/03 08:45:47 INFO CodeGenerator: Code generated in 19.956798 ms
[2024-10-03T08:45:47.324+0000] {spark_submit.py:488} INFO - 24/10/03 08:45:47 INFO SparkContext: Starting job: count at NativeMethodAccessorImpl.java:0
[2024-10-03T08:45:47.327+0000] {spark_submit.py:488} INFO - 24/10/03 08:45:47 INFO DAGScheduler: Got job 4 (count at NativeMethodAccessorImpl.java:0) with 1 output partitions
[2024-10-03T08:45:47.329+0000] {spark_submit.py:488} INFO - 24/10/03 08:45:47 INFO DAGScheduler: Final stage: ResultStage 8 (count at NativeMethodAccessorImpl.java:0)
[2024-10-03T08:45:47.330+0000] {spark_submit.py:488} INFO - 24/10/03 08:45:47 INFO DAGScheduler: Parents of final stage: List(ShuffleMapStage 7)
[2024-10-03T08:45:47.331+0000] {spark_submit.py:488} INFO - 24/10/03 08:45:47 INFO DAGScheduler: Missing parents: List()
[2024-10-03T08:45:47.332+0000] {spark_submit.py:488} INFO - 24/10/03 08:45:47 INFO DAGScheduler: Submitting ResultStage 8 (MapPartitionsRDD[19] at count at NativeMethodAccessorImpl.java:0), which has no missing parents
[2024-10-03T08:45:47.337+0000] {spark_submit.py:488} INFO - 24/10/03 08:45:47 INFO MemoryStore: Block broadcast_4 stored as values in memory (estimated size 12.5 KiB, free 434.3 MiB)
[2024-10-03T08:45:47.346+0000] {spark_submit.py:488} INFO - 24/10/03 08:45:47 INFO MemoryStore: Block broadcast_4_piece0 stored as bytes in memory (estimated size 5.9 KiB, free 434.3 MiB)
[2024-10-03T08:45:47.348+0000] {spark_submit.py:488} INFO - 24/10/03 08:45:47 INFO BlockManagerInfo: Added broadcast_4_piece0 in memory on 8c0d519f07a3:40043 (size: 5.9 KiB, free: 434.4 MiB)
[2024-10-03T08:45:47.351+0000] {spark_submit.py:488} INFO - 24/10/03 08:45:47 INFO SparkContext: Created broadcast 4 from broadcast at DAGScheduler.scala:1585
[2024-10-03T08:45:47.353+0000] {spark_submit.py:488} INFO - 24/10/03 08:45:47 INFO BlockManagerInfo: Removed broadcast_3_piece0 on 8c0d519f07a3:40043 in memory (size: 20.9 KiB, free: 434.4 MiB)
[2024-10-03T08:45:47.360+0000] {spark_submit.py:488} INFO - 24/10/03 08:45:47 INFO DAGScheduler: Submitting 1 missing tasks from ResultStage 8 (MapPartitionsRDD[19] at count at NativeMethodAccessorImpl.java:0) (first 15 tasks are for partitions Vector(0))
[2024-10-03T08:45:47.361+0000] {spark_submit.py:488} INFO - 24/10/03 08:45:47 INFO TaskSchedulerImpl: Adding task set 8.0 with 1 tasks resource profile 0
[2024-10-03T08:45:47.364+0000] {spark_submit.py:488} INFO - 24/10/03 08:45:47 INFO BlockManagerInfo: Removed broadcast_3_piece0 on 172.20.0.9:34467 in memory (size: 20.9 KiB, free: 434.4 MiB)
[2024-10-03T08:45:47.366+0000] {spark_submit.py:488} INFO - 24/10/03 08:45:47 INFO TaskSetManager: Starting task 0.0 in stage 8.0 (TID 6) (172.20.0.9, executor 0, partition 0, NODE_LOCAL, 9003 bytes)
[2024-10-03T08:45:47.422+0000] {spark_submit.py:488} INFO - 24/10/03 08:45:47 INFO BlockManagerInfo: Added broadcast_4_piece0 in memory on 172.20.0.9:34467 (size: 5.9 KiB, free: 434.4 MiB)
[2024-10-03T08:45:47.447+0000] {spark_submit.py:488} INFO - 24/10/03 08:45:47 INFO MapOutputTrackerMasterEndpoint: Asked to send map output locations for shuffle 2 to 172.20.0.9:59100
[2024-10-03T08:45:47.507+0000] {spark_submit.py:488} INFO - 24/10/03 08:45:47 INFO TaskSetManager: Finished task 0.0 in stage 8.0 (TID 6) in 142 ms on 172.20.0.9 (executor 0) (1/1)
[2024-10-03T08:45:47.508+0000] {spark_submit.py:488} INFO - 24/10/03 08:45:47 INFO TaskSchedulerImpl: Removed TaskSet 8.0, whose tasks have all completed, from pool
[2024-10-03T08:45:47.511+0000] {spark_submit.py:488} INFO - 24/10/03 08:45:47 INFO DAGScheduler: ResultStage 8 (count at NativeMethodAccessorImpl.java:0) finished in 0.179 s
[2024-10-03T08:45:47.512+0000] {spark_submit.py:488} INFO - 24/10/03 08:45:47 INFO DAGScheduler: Job 4 is finished. Cancelling potential speculative or zombie tasks for this job
[2024-10-03T08:45:47.513+0000] {spark_submit.py:488} INFO - 24/10/03 08:45:47 INFO TaskSchedulerImpl: Killing all running tasks in stage 8: Stage finished
[2024-10-03T08:45:47.514+0000] {spark_submit.py:488} INFO - 24/10/03 08:45:47 INFO DAGScheduler: Job 4 finished: count at NativeMethodAccessorImpl.java:0, took 0.188812 s
[2024-10-03T08:45:47.746+0000] {spark_submit.py:488} INFO - 24/10/03 08:45:47 INFO DAGScheduler: Registering RDD 22 (csv at NativeMethodAccessorImpl.java:0) as input to shuffle 3
[2024-10-03T08:45:47.746+0000] {spark_submit.py:488} INFO - 24/10/03 08:45:47 INFO DAGScheduler: Got map stage job 5 (csv at NativeMethodAccessorImpl.java:0) with 2 output partitions
[2024-10-03T08:45:47.747+0000] {spark_submit.py:488} INFO - 24/10/03 08:45:47 INFO DAGScheduler: Final stage: ShuffleMapStage 9 (csv at NativeMethodAccessorImpl.java:0)
[2024-10-03T08:45:47.747+0000] {spark_submit.py:488} INFO - 24/10/03 08:45:47 INFO DAGScheduler: Parents of final stage: List()
[2024-10-03T08:45:47.748+0000] {spark_submit.py:488} INFO - 24/10/03 08:45:47 INFO DAGScheduler: Missing parents: List()
[2024-10-03T08:45:47.749+0000] {spark_submit.py:488} INFO - 24/10/03 08:45:47 INFO DAGScheduler: Submitting ShuffleMapStage 9 (MapPartitionsRDD[22] at csv at NativeMethodAccessorImpl.java:0), which has no missing parents
[2024-10-03T08:45:47.759+0000] {spark_submit.py:488} INFO - 24/10/03 08:45:47 INFO MemoryStore: Block broadcast_5 stored as values in memory (estimated size 29.2 KiB, free 434.4 MiB)
[2024-10-03T08:45:47.781+0000] {spark_submit.py:488} INFO - 24/10/03 08:45:47 INFO MemoryStore: Block broadcast_5_piece0 stored as bytes in memory (estimated size 14.1 KiB, free 434.3 MiB)
[2024-10-03T08:45:47.786+0000] {spark_submit.py:488} INFO - 24/10/03 08:45:47 INFO BlockManagerInfo: Added broadcast_5_piece0 in memory on 8c0d519f07a3:40043 (size: 14.1 KiB, free: 434.4 MiB)
[2024-10-03T08:45:47.789+0000] {spark_submit.py:488} INFO - 24/10/03 08:45:47 INFO SparkContext: Created broadcast 5 from broadcast at DAGScheduler.scala:1585
[2024-10-03T08:45:47.792+0000] {spark_submit.py:488} INFO - 24/10/03 08:45:47 INFO DAGScheduler: Submitting 2 missing tasks from ShuffleMapStage 9 (MapPartitionsRDD[22] at csv at NativeMethodAccessorImpl.java:0) (first 15 tasks are for partitions Vector(0, 1))
[2024-10-03T08:45:47.794+0000] {spark_submit.py:488} INFO - 24/10/03 08:45:47 INFO TaskSchedulerImpl: Adding task set 9.0 with 2 tasks resource profile 0
[2024-10-03T08:45:47.796+0000] {spark_submit.py:488} INFO - 24/10/03 08:45:47 INFO BlockManagerInfo: Removed broadcast_4_piece0 on 8c0d519f07a3:40043 in memory (size: 5.9 KiB, free: 434.4 MiB)
[2024-10-03T08:45:47.799+0000] {spark_submit.py:488} INFO - 24/10/03 08:45:47 INFO TaskSetManager: Starting task 0.0 in stage 9.0 (TID 7) (172.20.0.9, executor 0, partition 0, PROCESS_LOCAL, 9185 bytes)
[2024-10-03T08:45:47.804+0000] {spark_submit.py:488} INFO - 24/10/03 08:45:47 INFO TaskSetManager: Starting task 1.0 in stage 9.0 (TID 8) (172.20.0.9, executor 0, partition 1, PROCESS_LOCAL, 9170 bytes)
[2024-10-03T08:45:47.814+0000] {spark_submit.py:488} INFO - 24/10/03 08:45:47 INFO BlockManagerInfo: Removed broadcast_4_piece0 on 172.20.0.9:34467 in memory (size: 5.9 KiB, free: 434.4 MiB)
[2024-10-03T08:45:47.869+0000] {spark_submit.py:488} INFO - 24/10/03 08:45:47 INFO BlockManagerInfo: Added broadcast_5_piece0 in memory on 172.20.0.9:34467 (size: 14.1 KiB, free: 434.4 MiB)
[2024-10-03T08:45:48.160+0000] {spark_submit.py:488} INFO - 24/10/03 08:45:48 INFO TaskSetManager: Finished task 1.0 in stage 9.0 (TID 8) in 360 ms on 172.20.0.9 (executor 0) (1/2)
[2024-10-03T08:45:48.177+0000] {spark_submit.py:488} INFO - 24/10/03 08:45:48 INFO TaskSetManager: Finished task 0.0 in stage 9.0 (TID 7) in 378 ms on 172.20.0.9 (executor 0) (2/2)
[2024-10-03T08:45:48.178+0000] {spark_submit.py:488} INFO - 24/10/03 08:45:48 INFO TaskSchedulerImpl: Removed TaskSet 9.0, whose tasks have all completed, from pool
[2024-10-03T08:45:48.179+0000] {spark_submit.py:488} INFO - 24/10/03 08:45:48 INFO DAGScheduler: ShuffleMapStage 9 (csv at NativeMethodAccessorImpl.java:0) finished in 0.426 s
[2024-10-03T08:45:48.181+0000] {spark_submit.py:488} INFO - 24/10/03 08:45:48 INFO DAGScheduler: looking for newly runnable stages
[2024-10-03T08:45:48.182+0000] {spark_submit.py:488} INFO - 24/10/03 08:45:48 INFO DAGScheduler: running: Set()
[2024-10-03T08:45:48.182+0000] {spark_submit.py:488} INFO - 24/10/03 08:45:48 INFO DAGScheduler: waiting: Set()
[2024-10-03T08:45:48.183+0000] {spark_submit.py:488} INFO - 24/10/03 08:45:48 INFO DAGScheduler: failed: Set()
[2024-10-03T08:45:48.192+0000] {spark_submit.py:488} INFO - 24/10/03 08:45:48 INFO ShufflePartitionsUtil: For shuffle(3), advisory target size: 67108864, actual target size 1048576, minimum partition size: 1048576
[2024-10-03T08:45:48.319+0000] {spark_submit.py:488} INFO - 24/10/03 08:45:48 INFO FileOutputCommitter: File Output Committer Algorithm version is 1
[2024-10-03T08:45:48.320+0000] {spark_submit.py:488} INFO - 24/10/03 08:45:48 INFO FileOutputCommitter: FileOutputCommitter skip cleanup _temporary folders under output directory:false, ignore cleanup failures: false
[2024-10-03T08:45:48.322+0000] {spark_submit.py:488} INFO - 24/10/03 08:45:48 INFO SQLHadoopMapReduceCommitProtocol: Using output committer class org.apache.hadoop.mapreduce.lib.output.FileOutputCommitter
[2024-10-03T08:45:48.367+0000] {spark_submit.py:488} INFO - 24/10/03 08:45:48 INFO SparkContext: Starting job: csv at NativeMethodAccessorImpl.java:0
[2024-10-03T08:45:48.370+0000] {spark_submit.py:488} INFO - 24/10/03 08:45:48 INFO DAGScheduler: Got job 6 (csv at NativeMethodAccessorImpl.java:0) with 1 output partitions
[2024-10-03T08:45:48.371+0000] {spark_submit.py:488} INFO - 24/10/03 08:45:48 INFO DAGScheduler: Final stage: ResultStage 11 (csv at NativeMethodAccessorImpl.java:0)
[2024-10-03T08:45:48.371+0000] {spark_submit.py:488} INFO - 24/10/03 08:45:48 INFO DAGScheduler: Parents of final stage: List(ShuffleMapStage 10)
[2024-10-03T08:45:48.372+0000] {spark_submit.py:488} INFO - 24/10/03 08:45:48 INFO DAGScheduler: Missing parents: List()
[2024-10-03T08:45:48.372+0000] {spark_submit.py:488} INFO - 24/10/03 08:45:48 INFO DAGScheduler: Submitting ResultStage 11 (MapPartitionsRDD[26] at csv at NativeMethodAccessorImpl.java:0), which has no missing parents
[2024-10-03T08:45:48.474+0000] {spark_submit.py:488} INFO - 24/10/03 08:45:48 INFO MemoryStore: Block broadcast_6 stored as values in memory (estimated size 236.4 KiB, free 434.1 MiB)
[2024-10-03T08:45:48.486+0000] {spark_submit.py:488} INFO - 24/10/03 08:45:48 INFO MemoryStore: Block broadcast_6_piece0 stored as bytes in memory (estimated size 88.2 KiB, free 434.0 MiB)
[2024-10-03T08:45:48.487+0000] {spark_submit.py:488} INFO - 24/10/03 08:45:48 INFO BlockManagerInfo: Added broadcast_6_piece0 in memory on 8c0d519f07a3:40043 (size: 88.2 KiB, free: 434.3 MiB)
[2024-10-03T08:45:48.488+0000] {spark_submit.py:488} INFO - 24/10/03 08:45:48 INFO SparkContext: Created broadcast 6 from broadcast at DAGScheduler.scala:1585
[2024-10-03T08:45:48.491+0000] {spark_submit.py:488} INFO - 24/10/03 08:45:48 INFO DAGScheduler: Submitting 1 missing tasks from ResultStage 11 (MapPartitionsRDD[26] at csv at NativeMethodAccessorImpl.java:0) (first 15 tasks are for partitions Vector(0))
[2024-10-03T08:45:48.491+0000] {spark_submit.py:488} INFO - 24/10/03 08:45:48 INFO TaskSchedulerImpl: Adding task set 11.0 with 1 tasks resource profile 0
[2024-10-03T08:45:48.495+0000] {spark_submit.py:488} INFO - 24/10/03 08:45:48 INFO TaskSetManager: Starting task 0.0 in stage 11.0 (TID 9) (172.20.0.9, executor 0, partition 0, NODE_LOCAL, 9003 bytes)
[2024-10-03T08:45:48.498+0000] {spark_submit.py:488} INFO - 24/10/03 08:45:48 INFO BlockManagerInfo: Removed broadcast_5_piece0 on 172.20.0.9:34467 in memory (size: 14.1 KiB, free: 434.4 MiB)
[2024-10-03T08:45:48.544+0000] {spark_submit.py:488} INFO - 24/10/03 08:45:48 INFO BlockManagerInfo: Removed broadcast_5_piece0 on 8c0d519f07a3:40043 in memory (size: 14.1 KiB, free: 434.3 MiB)
[2024-10-03T08:45:48.575+0000] {spark_submit.py:488} INFO - 24/10/03 08:45:48 INFO BlockManagerInfo: Added broadcast_6_piece0 in memory on 172.20.0.9:34467 (size: 88.2 KiB, free: 434.3 MiB)
[2024-10-03T08:45:48.712+0000] {spark_submit.py:488} INFO - 24/10/03 08:45:48 INFO MapOutputTrackerMasterEndpoint: Asked to send map output locations for shuffle 3 to 172.20.0.9:59100
[2024-10-03T08:45:49.316+0000] {spark_submit.py:488} INFO - 24/10/03 08:45:49 INFO TaskSetManager: Finished task 0.0 in stage 11.0 (TID 9) in 822 ms on 172.20.0.9 (executor 0) (1/1)
[2024-10-03T08:45:49.318+0000] {spark_submit.py:488} INFO - 24/10/03 08:45:49 INFO TaskSchedulerImpl: Removed TaskSet 11.0, whose tasks have all completed, from pool
[2024-10-03T08:45:49.320+0000] {spark_submit.py:488} INFO - 24/10/03 08:45:49 INFO DAGScheduler: ResultStage 11 (csv at NativeMethodAccessorImpl.java:0) finished in 0.940 s
[2024-10-03T08:45:49.322+0000] {spark_submit.py:488} INFO - 24/10/03 08:45:49 INFO DAGScheduler: Job 6 is finished. Cancelling potential speculative or zombie tasks for this job
[2024-10-03T08:45:49.323+0000] {spark_submit.py:488} INFO - 24/10/03 08:45:49 INFO TaskSchedulerImpl: Killing all running tasks in stage 11: Stage finished
[2024-10-03T08:45:49.326+0000] {spark_submit.py:488} INFO - 24/10/03 08:45:49 INFO DAGScheduler: Job 6 finished: csv at NativeMethodAccessorImpl.java:0, took 0.958213 s
[2024-10-03T08:45:49.329+0000] {spark_submit.py:488} INFO - 24/10/03 08:45:49 INFO FileFormatWriter: Start to commit write Job 3f7329e8-8b10-466b-b2bf-f7cb6ce0df5d.
[2024-10-03T08:45:49.369+0000] {spark_submit.py:488} INFO - 24/10/03 08:45:49 INFO FileFormatWriter: Write Job 3f7329e8-8b10-466b-b2bf-f7cb6ce0df5d committed. Elapsed time: 36 ms.
[2024-10-03T08:45:49.376+0000] {spark_submit.py:488} INFO - 24/10/03 08:45:49 INFO FileFormatWriter: Finished processing stats for write job 3f7329e8-8b10-466b-b2bf-f7cb6ce0df5d.
[2024-10-03T08:45:49.380+0000] {spark_submit.py:488} INFO - Files in temporary directory after writing CSV:
[2024-10-03T08:45:49.381+0000] {spark_submit.py:488} INFO - ['_SUCCESS', '._SUCCESS.crc']
[2024-10-03T08:45:49.381+0000] {spark_submit.py:488} INFO - CSV buffer content before uploading to Minio:
[2024-10-03T08:45:49.382+0000] {spark_submit.py:488} INFO - 
[2024-10-03T08:45:49.391+0000] {spark_submit.py:488} INFO - [2024-10-03T08:45:49.390+0000] {base.py:84} INFO - Retrieving connection 'minio'
[2024-10-03T08:45:49.413+0000] {spark_submit.py:488} INFO - [2024-10-03T08:45:49.413+0000] {base.py:84} INFO - Retrieving connection 'minio'
[2024-10-03T08:45:49.421+0000] {spark_submit.py:488} INFO - Traceback (most recent call last):
[2024-10-03T08:45:49.422+0000] {spark_submit.py:488} INFO - File "/opt/***/dags/etl_pipeline/tasks/warehouse/components/extract_transform.py", line 71, in _categories
[2024-10-03T08:45:49.422+0000] {spark_submit.py:488} INFO - df = CustomMinio._get_dataframe('transformed-data', object_name)
[2024-10-03T08:45:49.422+0000] {spark_submit.py:488} INFO - ^^^^^^^^^^^^^^^^^^^^^^^^^^^^^^^^^^^^^^^^^^^^^^^^^^^^^^^^^^^
[2024-10-03T08:45:49.422+0000] {spark_submit.py:488} INFO - File "/opt/***/dags/helper/minio.py", line 84, in _get_dataframe
[2024-10-03T08:45:49.423+0000] {spark_submit.py:488} INFO - df = pd.read_csv(data)
[2024-10-03T08:45:49.423+0000] {spark_submit.py:488} INFO - ^^^^^^^^^^^^^^^^^
[2024-10-03T08:45:49.423+0000] {spark_submit.py:488} INFO - File "/home/***/.local/lib/python3.12/site-packages/pandas/io/parsers/readers.py", line 948, in read_csv
[2024-10-03T08:45:49.423+0000] {spark_submit.py:488} INFO - return _read(filepath_or_buffer, kwds)
[2024-10-03T08:45:49.424+0000] {spark_submit.py:488} INFO - ^^^^^^^^^^^^^^^^^^^^^^^^^^^^^^^
[2024-10-03T08:45:49.424+0000] {spark_submit.py:488} INFO - File "/home/***/.local/lib/python3.12/site-packages/pandas/io/parsers/readers.py", line 611, in _read
[2024-10-03T08:45:49.424+0000] {spark_submit.py:488} INFO - parser = TextFileReader(filepath_or_buffer, **kwds)
[2024-10-03T08:45:49.425+0000] {spark_submit.py:488} INFO - ^^^^^^^^^^^^^^^^^^^^^^^^^^^^^^^^^^^^^^^^^^
[2024-10-03T08:45:49.425+0000] {spark_submit.py:488} INFO - File "/home/***/.local/lib/python3.12/site-packages/pandas/io/parsers/readers.py", line 1448, in __init__
[2024-10-03T08:45:49.426+0000] {spark_submit.py:488} INFO - self._engine = self._make_engine(f, self.engine)
[2024-10-03T08:45:49.426+0000] {spark_submit.py:488} INFO - ^^^^^^^^^^^^^^^^^^^^^^^^^^^^^^^^^
[2024-10-03T08:45:49.427+0000] {spark_submit.py:488} INFO - File "/home/***/.local/lib/python3.12/site-packages/pandas/io/parsers/readers.py", line 1723, in _make_engine
[2024-10-03T08:45:49.427+0000] {spark_submit.py:488} INFO - return mapping[engine](f, **self.options)
[2024-10-03T08:45:49.427+0000] {spark_submit.py:488} INFO - ^^^^^^^^^^^^^^^^^^^^^^^^^^^^^^^^^^
[2024-10-03T08:45:49.428+0000] {spark_submit.py:488} INFO - File "/home/***/.local/lib/python3.12/site-packages/pandas/io/parsers/c_parser_wrapper.py", line 93, in __init__
[2024-10-03T08:45:49.428+0000] {spark_submit.py:488} INFO - self._reader = parsers.TextReader(src, **kwds)
[2024-10-03T08:45:49.428+0000] {spark_submit.py:488} INFO - ^^^^^^^^^^^^^^^^^^^^^^^^^^^^^^^
[2024-10-03T08:45:49.429+0000] {spark_submit.py:488} INFO - File "parsers.pyx", line 586, in pandas._libs.parsers.TextReader.__cinit__
[2024-10-03T08:45:49.429+0000] {spark_submit.py:488} INFO - pandas.errors.EmptyDataError: No columns to parse from file
[2024-10-03T08:45:49.429+0000] {spark_submit.py:488} INFO - 
[2024-10-03T08:45:49.429+0000] {spark_submit.py:488} INFO - During handling of the above exception, another exception occurred:
[2024-10-03T08:45:49.430+0000] {spark_submit.py:488} INFO - 
[2024-10-03T08:45:49.430+0000] {spark_submit.py:488} INFO - Traceback (most recent call last):
[2024-10-03T08:45:49.430+0000] {spark_submit.py:488} INFO - File "/opt/***/dags/etl_pipeline/tasks/warehouse/components/extract_transform.py", line 89, in <module>
[2024-10-03T08:45:49.430+0000] {spark_submit.py:488} INFO - ExtractTransform._categories(incremental, date)
[2024-10-03T08:45:49.431+0000] {spark_submit.py:488} INFO - File "/opt/***/dags/etl_pipeline/tasks/warehouse/components/extract_transform.py", line 77, in _categories
[2024-10-03T08:45:49.431+0000] {spark_submit.py:488} INFO - raise AirflowException(f"Error when extracting and transforming data from categories: {e}")
[2024-10-03T08:45:49.431+0000] {spark_submit.py:488} INFO - ***.exceptions.AirflowException: Error when extracting and transforming data from categories: No columns to parse from file
[2024-10-03T08:45:49.431+0000] {spark_submit.py:488} INFO - [2024-10-03T08:45:49.426+0000] {clientserver.py:543} INFO - Closing down clientserver connection
[2024-10-03T08:45:49.906+0000] {spark_submit.py:488} INFO - 24/10/03 08:45:49 INFO SparkContext: Invoking stop() from shutdown hook
[2024-10-03T08:45:49.907+0000] {spark_submit.py:488} INFO - 24/10/03 08:45:49 INFO SparkContext: SparkContext is stopping with exitCode 0.
[2024-10-03T08:45:49.918+0000] {spark_submit.py:488} INFO - 24/10/03 08:45:49 INFO SparkUI: Stopped Spark web UI at http://8c0d519f07a3:4040
[2024-10-03T08:45:49.924+0000] {spark_submit.py:488} INFO - 24/10/03 08:45:49 INFO StandaloneSchedulerBackend: Shutting down all executors
[2024-10-03T08:45:49.924+0000] {spark_submit.py:488} INFO - 24/10/03 08:45:49 INFO StandaloneSchedulerBackend$StandaloneDriverEndpoint: Asking each executor to shut down
[2024-10-03T08:45:49.963+0000] {spark_submit.py:488} INFO - 24/10/03 08:45:49 INFO MapOutputTrackerMasterEndpoint: MapOutputTrackerMasterEndpoint stopped!
[2024-10-03T08:45:50.001+0000] {spark_submit.py:488} INFO - 24/10/03 08:45:50 INFO MemoryStore: MemoryStore cleared
[2024-10-03T08:45:50.002+0000] {spark_submit.py:488} INFO - 24/10/03 08:45:50 INFO BlockManager: BlockManager stopped
[2024-10-03T08:45:50.006+0000] {spark_submit.py:488} INFO - 24/10/03 08:45:50 INFO BlockManagerMaster: BlockManagerMaster stopped
[2024-10-03T08:45:50.010+0000] {spark_submit.py:488} INFO - 24/10/03 08:45:50 INFO OutputCommitCoordinator$OutputCommitCoordinatorEndpoint: OutputCommitCoordinator stopped!
[2024-10-03T08:45:50.028+0000] {spark_submit.py:488} INFO - 24/10/03 08:45:50 INFO SparkContext: Successfully stopped SparkContext
[2024-10-03T08:45:50.028+0000] {spark_submit.py:488} INFO - 24/10/03 08:45:50 INFO ShutdownHookManager: Shutdown hook called
[2024-10-03T08:45:50.029+0000] {spark_submit.py:488} INFO - 24/10/03 08:45:50 INFO ShutdownHookManager: Deleting directory /tmp/spark-28fd8143-b843-46dc-b154-bd318ad77ec2
[2024-10-03T08:45:50.035+0000] {spark_submit.py:488} INFO - 24/10/03 08:45:50 INFO ShutdownHookManager: Deleting directory /tmp/spark-28fd8143-b843-46dc-b154-bd318ad77ec2/pyspark-7f4ea9a4-9e9a-4f3a-87b5-8079d90dc105
[2024-10-03T08:45:50.039+0000] {spark_submit.py:488} INFO - 24/10/03 08:45:50 INFO ShutdownHookManager: Deleting directory /tmp/spark-3ccd77ec-8597-439d-b6c5-7e1775ebc757
[2024-10-03T08:45:50.125+0000] {taskinstance.py:3310} ERROR - Task failed with exception
Traceback (most recent call last):
  File "/home/airflow/.local/lib/python3.12/site-packages/airflow/models/taskinstance.py", line 767, in _execute_task
    result = _execute_callable(context=context, **execute_callable_kwargs)
             ^^^^^^^^^^^^^^^^^^^^^^^^^^^^^^^^^^^^^^^^^^^^^^^^^^^^^^^^^^^^^
  File "/home/airflow/.local/lib/python3.12/site-packages/airflow/models/taskinstance.py", line 733, in _execute_callable
    return ExecutionCallableRunner(
           ^^^^^^^^^^^^^^^^^^^^^^^^
  File "/home/airflow/.local/lib/python3.12/site-packages/airflow/utils/operator_helpers.py", line 252, in run
    return self.func(*args, **kwargs)
           ^^^^^^^^^^^^^^^^^^^^^^^^^^
  File "/home/airflow/.local/lib/python3.12/site-packages/airflow/models/baseoperator.py", line 406, in wrapper
    return func(self, *args, **kwargs)
           ^^^^^^^^^^^^^^^^^^^^^^^^^^^
  File "/home/airflow/.local/lib/python3.12/site-packages/airflow/providers/apache/spark/operators/spark_submit.py", line 157, in execute
    self._hook.submit(self._application)
  File "/home/airflow/.local/lib/python3.12/site-packages/airflow/providers/apache/spark/hooks/spark_submit.py", line 419, in submit
    raise AirflowException(
airflow.exceptions.AirflowException: Cannot execute: spark-submit --master spark://spark-master:7077 --name arrow-spark dags/etl_pipeline/tasks/warehouse/components/extract_transform.py categories False 2024-10-03. Error code is: 1.
[2024-10-03T08:45:50.131+0000] {taskinstance.py:1225} INFO - Marking task as FAILED. dag_id=etl_pipeline, task_id=warehouse.step_1.extract_transform.categories, run_id=manual__2024-10-03T08:41:55.857004+00:00, execution_date=20241003T084155, start_date=20241003T084516, end_date=20241003T084550
[2024-10-03T08:45:50.133+0000] {taskinstance.py:1563} INFO - Executing callback at index 0: slack_notifier
[2024-10-03T08:45:50.137+0000] {baseoperator.py:405} WARNING - SlackWebhookOperator.execute cannot be called outside TaskInstance!
[2024-10-03T08:45:50.141+0000] {logging_mixin.py:190} WARNING - /home/***/.local/lib/python3.12/site-packages/***/providers/slack/hooks/slack_webhook.py:42 UserWarning: You cannot override the default channel (chosen by the user who installed your app), username, or icon when you're using Incoming Webhooks to post messages. Instead, these values will always inherit from the associated Slack app configuration. See: https://api.slack.com/messaging/webhooks#advanced_message_formatting. It is possible to change this values only in Legacy Slack Integration Incoming Webhook: https://api.slack.com/legacy/custom-integrations/messaging/webhooks#legacy-customizations
[2024-10-03T08:45:50.149+0000] {base.py:84} INFO - Retrieving connection 'slack_notifier'
[2024-10-03T08:45:51.179+0000] {taskinstance.py:340} INFO - ::group::Post task execution logs
[2024-10-03T08:45:51.179+0000] {standard_task_runner.py:124} ERROR - Failed to execute job 13642 for task warehouse.step_1.extract_transform.categories (Cannot execute: spark-submit --master spark://spark-master:7077 --name arrow-spark dags/etl_pipeline/tasks/warehouse/components/extract_transform.py categories False 2024-10-03. Error code is: 1.; 42708)
Traceback (most recent call last):
  File "/home/airflow/.local/lib/python3.12/site-packages/airflow/task/task_runner/standard_task_runner.py", line 117, in _start_by_fork
    ret = args.func(args, dag=self.dag)
          ^^^^^^^^^^^^^^^^^^^^^^^^^^^^^
  File "/home/airflow/.local/lib/python3.12/site-packages/airflow/cli/cli_config.py", line 49, in command
    return func(*args, **kwargs)
           ^^^^^^^^^^^^^^^^^^^^^
  File "/home/airflow/.local/lib/python3.12/site-packages/airflow/utils/cli.py", line 115, in wrapper
    return f(*args, **kwargs)
           ^^^^^^^^^^^^^^^^^^
  File "/home/airflow/.local/lib/python3.12/site-packages/airflow/cli/commands/task_command.py", line 483, in task_run
    task_return_code = _run_task_by_selected_method(args, _dag, ti)
                       ^^^^^^^^^^^^^^^^^^^^^^^^^^^^^^^^^^^^^^^^^^^^
  File "/home/airflow/.local/lib/python3.12/site-packages/airflow/cli/commands/task_command.py", line 256, in _run_task_by_selected_method
    return _run_raw_task(args, ti)
           ^^^^^^^^^^^^^^^^^^^^^^^
  File "/home/airflow/.local/lib/python3.12/site-packages/airflow/cli/commands/task_command.py", line 341, in _run_raw_task
    return ti._run_raw_task(
           ^^^^^^^^^^^^^^^^^
  File "/home/airflow/.local/lib/python3.12/site-packages/airflow/utils/session.py", line 97, in wrapper
    return func(*args, session=session, **kwargs)
           ^^^^^^^^^^^^^^^^^^^^^^^^^^^^^^^^^^^^^^
  File "/home/airflow/.local/lib/python3.12/site-packages/airflow/models/taskinstance.py", line 3004, in _run_raw_task
    return _run_raw_task(
           ^^^^^^^^^^^^^^
  File "/home/airflow/.local/lib/python3.12/site-packages/airflow/models/taskinstance.py", line 273, in _run_raw_task
    TaskInstance._execute_task_with_callbacks(
  File "/home/airflow/.local/lib/python3.12/site-packages/airflow/models/taskinstance.py", line 3158, in _execute_task_with_callbacks
    result = self._execute_task(context, task_orig)
             ^^^^^^^^^^^^^^^^^^^^^^^^^^^^^^^^^^^^^^
  File "/home/airflow/.local/lib/python3.12/site-packages/airflow/models/taskinstance.py", line 3182, in _execute_task
    return _execute_task(self, context, task_orig)
           ^^^^^^^^^^^^^^^^^^^^^^^^^^^^^^^^^^^^^^^
  File "/home/airflow/.local/lib/python3.12/site-packages/airflow/models/taskinstance.py", line 767, in _execute_task
    result = _execute_callable(context=context, **execute_callable_kwargs)
             ^^^^^^^^^^^^^^^^^^^^^^^^^^^^^^^^^^^^^^^^^^^^^^^^^^^^^^^^^^^^^
  File "/home/airflow/.local/lib/python3.12/site-packages/airflow/models/taskinstance.py", line 733, in _execute_callable
    return ExecutionCallableRunner(
           ^^^^^^^^^^^^^^^^^^^^^^^^
  File "/home/airflow/.local/lib/python3.12/site-packages/airflow/utils/operator_helpers.py", line 252, in run
    return self.func(*args, **kwargs)
           ^^^^^^^^^^^^^^^^^^^^^^^^^^
  File "/home/airflow/.local/lib/python3.12/site-packages/airflow/models/baseoperator.py", line 406, in wrapper
    return func(self, *args, **kwargs)
           ^^^^^^^^^^^^^^^^^^^^^^^^^^^
  File "/home/airflow/.local/lib/python3.12/site-packages/airflow/providers/apache/spark/operators/spark_submit.py", line 157, in execute
    self._hook.submit(self._application)
  File "/home/airflow/.local/lib/python3.12/site-packages/airflow/providers/apache/spark/hooks/spark_submit.py", line 419, in submit
    raise AirflowException(
airflow.exceptions.AirflowException: Cannot execute: spark-submit --master spark://spark-master:7077 --name arrow-spark dags/etl_pipeline/tasks/warehouse/components/extract_transform.py categories False 2024-10-03. Error code is: 1.
[2024-10-03T08:45:51.237+0000] {local_task_job_runner.py:266} INFO - Task exited with return code 1
[2024-10-03T08:45:51.285+0000] {taskinstance.py:3900} INFO - 0 downstream tasks scheduled from follow-on schedule check
[2024-10-03T08:45:51.289+0000] {local_task_job_runner.py:245} INFO - ::endgroup::
