[2024-10-03T10:44:08.304+0000] {local_task_job_runner.py:123} INFO - ::group::Pre task execution logs
[2024-10-03T10:44:08.348+0000] {taskinstance.py:2612} INFO - Dependencies all met for dep_context=non-requeueable deps ti=<TaskInstance: etl_pipeline.warehouse.step_1.extract_transform.categories manual__2024-10-03T08:41:55.857004+00:00 [queued]>
[2024-10-03T10:44:08.370+0000] {taskinstance.py:2612} INFO - Dependencies all met for dep_context=requeueable deps ti=<TaskInstance: etl_pipeline.warehouse.step_1.extract_transform.categories manual__2024-10-03T08:41:55.857004+00:00 [queued]>
[2024-10-03T10:44:08.371+0000] {taskinstance.py:2865} INFO - Starting attempt 25 of 25
[2024-10-03T10:44:08.405+0000] {taskinstance.py:2888} INFO - Executing <Task(SparkSubmitOperator): warehouse.step_1.extract_transform.categories> on 2024-10-03 08:41:55.857004+00:00
[2024-10-03T10:44:08.426+0000] {standard_task_runner.py:104} INFO - Running: ['***', 'tasks', 'run', 'etl_pipeline', 'warehouse.step_1.extract_transform.categories', 'manual__2024-10-03T08:41:55.857004+00:00', '--job-id', '13672', '--raw', '--subdir', 'DAGS_FOLDER/etl_pipeline/run.py', '--cfg-path', '/tmp/tmpoptom4p_']
[2024-10-03T10:44:08.432+0000] {standard_task_runner.py:105} INFO - Job 13672: Subtask warehouse.step_1.extract_transform.categories
[2024-10-03T10:44:08.437+0000] {logging_mixin.py:190} WARNING - /home/***/.local/lib/python3.12/site-packages/***/task/task_runner/standard_task_runner.py:70 DeprecationWarning: This process (pid=7124) is multi-threaded, use of fork() may lead to deadlocks in the child.
[2024-10-03T10:44:08.439+0000] {standard_task_runner.py:72} INFO - Started process 7126 to run task
[2024-10-03T10:44:08.570+0000] {task_command.py:467} INFO - Running <TaskInstance: etl_pipeline.warehouse.step_1.extract_transform.categories manual__2024-10-03T08:41:55.857004+00:00 [running]> on host d9608c166c23
[2024-10-03T10:44:08.803+0000] {taskinstance.py:3131} INFO - Exporting env vars: AIRFLOW_CTX_DAG_OWNER='***' AIRFLOW_CTX_DAG_ID='etl_pipeline' AIRFLOW_CTX_TASK_ID='warehouse.step_1.extract_transform.categories' AIRFLOW_CTX_EXECUTION_DATE='2024-10-03T08:41:55.857004+00:00' AIRFLOW_CTX_TRY_NUMBER='25' AIRFLOW_CTX_DAG_RUN_ID='manual__2024-10-03T08:41:55.857004+00:00'
[2024-10-03T10:44:08.806+0000] {taskinstance.py:731} INFO - ::endgroup::
[2024-10-03T10:44:08.833+0000] {base.py:84} INFO - Retrieving connection 'spark-conn'
[2024-10-03T10:44:08.836+0000] {spark_submit.py:335} INFO - Spark-Submit cmd: spark-submit --master spark://spark-master:7077 --packages org.apache.hadoop:hadoop-aws:3.3.1,com.amazonaws:aws-java-sdk-bundle:1.11.901 --name arrow-spark dags/etl_pipeline/tasks/warehouse/components/extract_transform.py categories False 2024-10-03
[2024-10-03T10:44:08.925+0000] {spark_submit.py:488} INFO - /home/***/.local/lib/python3.12/site-packages/pyspark/bin/load-spark-env.sh: line 68: ps: command not found
[2024-10-03T10:44:14.178+0000] {spark_submit.py:488} INFO - :: loading settings :: url = jar:file:/home/***/.local/lib/python3.12/site-packages/pyspark/jars/ivy-2.5.1.jar!/org/apache/ivy/core/settings/ivysettings.xml
[2024-10-03T10:44:14.479+0000] {spark_submit.py:488} INFO - Ivy Default Cache set to: /home/***/.ivy2/cache
[2024-10-03T10:44:14.480+0000] {spark_submit.py:488} INFO - The jars for the packages stored in: /home/***/.ivy2/jars
[2024-10-03T10:44:14.492+0000] {spark_submit.py:488} INFO - org.apache.hadoop#hadoop-aws added as a dependency
[2024-10-03T10:44:14.493+0000] {spark_submit.py:488} INFO - com.amazonaws#aws-java-sdk-bundle added as a dependency
[2024-10-03T10:44:14.496+0000] {spark_submit.py:488} INFO - :: resolving dependencies :: org.apache.spark#spark-submit-parent-867ceb96-04d2-46bc-9430-ebe6752c2597;1.0
[2024-10-03T10:44:14.497+0000] {spark_submit.py:488} INFO - confs: [default]
[2024-10-03T10:44:15.040+0000] {spark_submit.py:488} INFO - found org.apache.hadoop#hadoop-aws;3.3.1 in central
[2024-10-03T10:44:15.134+0000] {spark_submit.py:488} INFO - found com.amazonaws#aws-java-sdk-bundle;1.11.901 in central
[2024-10-03T10:44:15.220+0000] {spark_submit.py:488} INFO - found org.wildfly.openssl#wildfly-openssl;1.0.7.Final in central
[2024-10-03T10:44:15.285+0000] {spark_submit.py:488} INFO - :: resolution report :: resolve 760ms :: artifacts dl 28ms
[2024-10-03T10:44:15.286+0000] {spark_submit.py:488} INFO - :: modules in use:
[2024-10-03T10:44:15.287+0000] {spark_submit.py:488} INFO - com.amazonaws#aws-java-sdk-bundle;1.11.901 from central in [default]
[2024-10-03T10:44:15.288+0000] {spark_submit.py:488} INFO - org.apache.hadoop#hadoop-aws;3.3.1 from central in [default]
[2024-10-03T10:44:15.288+0000] {spark_submit.py:488} INFO - org.wildfly.openssl#wildfly-openssl;1.0.7.Final from central in [default]
[2024-10-03T10:44:15.289+0000] {spark_submit.py:488} INFO - ---------------------------------------------------------------------
[2024-10-03T10:44:15.289+0000] {spark_submit.py:488} INFO - |                  |            modules            ||   artifacts   |
[2024-10-03T10:44:15.291+0000] {spark_submit.py:488} INFO - |       conf       | number| search|dwnlded|evicted|| number|dwnlded|
[2024-10-03T10:44:15.292+0000] {spark_submit.py:488} INFO - ---------------------------------------------------------------------
[2024-10-03T10:44:15.292+0000] {spark_submit.py:488} INFO - |      default     |   3   |   0   |   0   |   0   ||   3   |   0   |
[2024-10-03T10:44:15.293+0000] {spark_submit.py:488} INFO - ---------------------------------------------------------------------
[2024-10-03T10:44:15.303+0000] {spark_submit.py:488} INFO - :: retrieving :: org.apache.spark#spark-submit-parent-867ceb96-04d2-46bc-9430-ebe6752c2597
[2024-10-03T10:44:15.304+0000] {spark_submit.py:488} INFO - confs: [default]
[2024-10-03T10:44:15.323+0000] {spark_submit.py:488} INFO - 0 artifacts copied, 3 already retrieved (0kB/20ms)
[2024-10-03T10:44:15.891+0000] {spark_submit.py:488} INFO - 24/10/03 10:44:15 WARN NativeCodeLoader: Unable to load native-hadoop library for your platform... using builtin-java classes where applicable
[2024-10-03T10:44:29.941+0000] {spark_submit.py:488} INFO - 24/10/03 10:44:29 INFO SparkContext: Running Spark version 3.5.3
[2024-10-03T10:44:29.943+0000] {spark_submit.py:488} INFO - 24/10/03 10:44:29 INFO SparkContext: OS info Linux, 5.15.153.1-microsoft-standard-WSL2, amd64
[2024-10-03T10:44:29.946+0000] {spark_submit.py:488} INFO - 24/10/03 10:44:29 INFO SparkContext: Java version 17.0.12
[2024-10-03T10:44:30.040+0000] {spark_submit.py:488} INFO - 24/10/03 10:44:30 INFO ResourceUtils: ==============================================================
[2024-10-03T10:44:30.042+0000] {spark_submit.py:488} INFO - 24/10/03 10:44:30 INFO ResourceUtils: No custom resources configured for spark.driver.
[2024-10-03T10:44:30.043+0000] {spark_submit.py:488} INFO - 24/10/03 10:44:30 INFO ResourceUtils: ==============================================================
[2024-10-03T10:44:30.044+0000] {spark_submit.py:488} INFO - 24/10/03 10:44:30 INFO SparkContext: Submitted application: ETL Pipeline - Categories
[2024-10-03T10:44:30.121+0000] {spark_submit.py:488} INFO - 24/10/03 10:44:30 INFO ResourceProfile: Default ResourceProfile created, executor resources: Map(memory -> name: memory, amount: 1024, script: , vendor: , offHeap -> name: offHeap, amount: 0, script: , vendor: ), task resources: Map(cpus -> name: cpus, amount: 1.0)
[2024-10-03T10:44:30.161+0000] {spark_submit.py:488} INFO - 24/10/03 10:44:30 INFO ResourceProfile: Limiting resource is cpu
[2024-10-03T10:44:30.171+0000] {spark_submit.py:488} INFO - 24/10/03 10:44:30 INFO ResourceProfileManager: Added ResourceProfile id: 0
[2024-10-03T10:44:30.473+0000] {spark_submit.py:488} INFO - 24/10/03 10:44:30 INFO SecurityManager: Changing view acls to: ***
[2024-10-03T10:44:30.486+0000] {spark_submit.py:488} INFO - 24/10/03 10:44:30 INFO SecurityManager: Changing modify acls to: ***
[2024-10-03T10:44:30.487+0000] {spark_submit.py:488} INFO - 24/10/03 10:44:30 INFO SecurityManager: Changing view acls groups to:
[2024-10-03T10:44:30.491+0000] {spark_submit.py:488} INFO - 24/10/03 10:44:30 INFO SecurityManager: Changing modify acls groups to:
[2024-10-03T10:44:30.492+0000] {spark_submit.py:488} INFO - 24/10/03 10:44:30 INFO SecurityManager: SecurityManager: authentication disabled; ui acls disabled; users with view permissions: ***; groups with view permissions: EMPTY; users with modify permissions: ***; groups with modify permissions: EMPTY
[2024-10-03T10:44:31.393+0000] {spark_submit.py:488} INFO - 24/10/03 10:44:31 INFO Utils: Successfully started service 'sparkDriver' on port 40291.
[2024-10-03T10:44:31.492+0000] {spark_submit.py:488} INFO - 24/10/03 10:44:31 INFO SparkEnv: Registering MapOutputTracker
[2024-10-03T10:44:31.634+0000] {spark_submit.py:488} INFO - 24/10/03 10:44:31 INFO SparkEnv: Registering BlockManagerMaster
[2024-10-03T10:44:31.686+0000] {spark_submit.py:488} INFO - 24/10/03 10:44:31 INFO BlockManagerMasterEndpoint: Using org.apache.spark.storage.DefaultTopologyMapper for getting topology information
[2024-10-03T10:44:31.688+0000] {spark_submit.py:488} INFO - 24/10/03 10:44:31 INFO BlockManagerMasterEndpoint: BlockManagerMasterEndpoint up
[2024-10-03T10:44:31.702+0000] {spark_submit.py:488} INFO - 24/10/03 10:44:31 INFO SparkEnv: Registering BlockManagerMasterHeartbeat
[2024-10-03T10:44:31.791+0000] {spark_submit.py:488} INFO - 24/10/03 10:44:31 INFO DiskBlockManager: Created local directory at /tmp/blockmgr-3069e579-0edf-4006-9c30-fd56128fa182
[2024-10-03T10:44:31.848+0000] {spark_submit.py:488} INFO - 24/10/03 10:44:31 INFO MemoryStore: MemoryStore started with capacity 434.4 MiB
[2024-10-03T10:44:31.887+0000] {spark_submit.py:488} INFO - 24/10/03 10:44:31 INFO SparkEnv: Registering OutputCommitCoordinator
[2024-10-03T10:44:32.320+0000] {spark_submit.py:488} INFO - 24/10/03 10:44:32 INFO JettyUtils: Start Jetty 0.0.0.0:4040 for SparkUI
[2024-10-03T10:44:32.509+0000] {spark_submit.py:488} INFO - 24/10/03 10:44:32 INFO Utils: Successfully started service 'SparkUI' on port 4040.
[2024-10-03T10:44:32.677+0000] {spark_submit.py:488} INFO - 24/10/03 10:44:32 INFO SparkContext: Added JAR file:///home/***/.ivy2/jars/org.apache.hadoop_hadoop-aws-3.3.1.jar at spark://d9608c166c23:40291/jars/org.apache.hadoop_hadoop-aws-3.3.1.jar with timestamp 1727952269921
[2024-10-03T10:44:32.679+0000] {spark_submit.py:488} INFO - 24/10/03 10:44:32 INFO SparkContext: Added JAR file:///home/***/.ivy2/jars/com.amazonaws_aws-java-sdk-bundle-1.11.901.jar at spark://d9608c166c23:40291/jars/com.amazonaws_aws-java-sdk-bundle-1.11.901.jar with timestamp 1727952269921
[2024-10-03T10:44:32.680+0000] {spark_submit.py:488} INFO - 24/10/03 10:44:32 INFO SparkContext: Added JAR file:///home/***/.ivy2/jars/org.wildfly.openssl_wildfly-openssl-1.0.7.Final.jar at spark://d9608c166c23:40291/jars/org.wildfly.openssl_wildfly-openssl-1.0.7.Final.jar with timestamp 1727952269921
[2024-10-03T10:44:32.699+0000] {spark_submit.py:488} INFO - 24/10/03 10:44:32 INFO SparkContext: Added file file:///home/***/.ivy2/jars/org.apache.hadoop_hadoop-aws-3.3.1.jar at spark://d9608c166c23:40291/files/org.apache.hadoop_hadoop-aws-3.3.1.jar with timestamp 1727952269921
[2024-10-03T10:44:32.703+0000] {spark_submit.py:488} INFO - 24/10/03 10:44:32 INFO Utils: Copying /home/***/.ivy2/jars/org.apache.hadoop_hadoop-aws-3.3.1.jar to /tmp/spark-cb9b6df4-2fcc-443c-a685-eef6a64a97bb/userFiles-e81d91ae-9c61-45f9-a097-a3246f295f18/org.apache.hadoop_hadoop-aws-3.3.1.jar
[2024-10-03T10:44:32.740+0000] {spark_submit.py:488} INFO - 24/10/03 10:44:32 INFO SparkContext: Added file file:///home/***/.ivy2/jars/com.amazonaws_aws-java-sdk-bundle-1.11.901.jar at spark://d9608c166c23:40291/files/com.amazonaws_aws-java-sdk-bundle-1.11.901.jar with timestamp 1727952269921
[2024-10-03T10:44:32.741+0000] {spark_submit.py:488} INFO - 24/10/03 10:44:32 INFO Utils: Copying /home/***/.ivy2/jars/com.amazonaws_aws-java-sdk-bundle-1.11.901.jar to /tmp/spark-cb9b6df4-2fcc-443c-a685-eef6a64a97bb/userFiles-e81d91ae-9c61-45f9-a097-a3246f295f18/com.amazonaws_aws-java-sdk-bundle-1.11.901.jar
[2024-10-03T10:44:33.294+0000] {spark_submit.py:488} INFO - 24/10/03 10:44:33 INFO SparkContext: Added file file:///home/***/.ivy2/jars/org.wildfly.openssl_wildfly-openssl-1.0.7.Final.jar at spark://d9608c166c23:40291/files/org.wildfly.openssl_wildfly-openssl-1.0.7.Final.jar with timestamp 1727952269921
[2024-10-03T10:44:33.295+0000] {spark_submit.py:488} INFO - 24/10/03 10:44:33 INFO Utils: Copying /home/***/.ivy2/jars/org.wildfly.openssl_wildfly-openssl-1.0.7.Final.jar to /tmp/spark-cb9b6df4-2fcc-443c-a685-eef6a64a97bb/userFiles-e81d91ae-9c61-45f9-a097-a3246f295f18/org.wildfly.openssl_wildfly-openssl-1.0.7.Final.jar
[2024-10-03T10:44:33.483+0000] {spark_submit.py:488} INFO - 24/10/03 10:44:33 INFO StandaloneAppClient$ClientEndpoint: Connecting to master spark://spark-master:7077...
[2024-10-03T10:44:33.606+0000] {spark_submit.py:488} INFO - 24/10/03 10:44:33 INFO TransportClientFactory: Successfully created connection to spark-master/172.20.0.2:7077 after 84 ms (0 ms spent in bootstraps)
[2024-10-03T10:44:33.988+0000] {spark_submit.py:488} INFO - 24/10/03 10:44:33 INFO StandaloneSchedulerBackend: Connected to Spark cluster with app ID app-20241003104433-0006
[2024-10-03T10:44:33.992+0000] {spark_submit.py:488} INFO - 24/10/03 10:44:33 INFO StandaloneAppClient$ClientEndpoint: Executor added: app-20241003104433-0006/0 on worker-20241003094638-172.20.0.10-38773 (172.20.0.10:38773) with 2 core(s)
[2024-10-03T10:44:33.996+0000] {spark_submit.py:488} INFO - 24/10/03 10:44:33 INFO StandaloneSchedulerBackend: Granted executor ID app-20241003104433-0006/0 on hostPort 172.20.0.10:38773 with 2 core(s), 1024.0 MiB RAM
[2024-10-03T10:44:34.028+0000] {spark_submit.py:488} INFO - 24/10/03 10:44:34 INFO Utils: Successfully started service 'org.apache.spark.network.netty.NettyBlockTransferService' on port 45299.
[2024-10-03T10:44:34.033+0000] {spark_submit.py:488} INFO - 24/10/03 10:44:34 INFO NettyBlockTransferService: Server created on d9608c166c23:45299
[2024-10-03T10:44:34.038+0000] {spark_submit.py:488} INFO - 24/10/03 10:44:34 INFO BlockManager: Using org.apache.spark.storage.RandomBlockReplicationPolicy for block replication policy
[2024-10-03T10:44:34.068+0000] {spark_submit.py:488} INFO - 24/10/03 10:44:34 INFO BlockManagerMaster: Registering BlockManager BlockManagerId(driver, d9608c166c23, 45299, None)
[2024-10-03T10:44:34.082+0000] {spark_submit.py:488} INFO - 24/10/03 10:44:34 INFO BlockManagerMasterEndpoint: Registering block manager d9608c166c23:45299 with 434.4 MiB RAM, BlockManagerId(driver, d9608c166c23, 45299, None)
[2024-10-03T10:44:34.092+0000] {spark_submit.py:488} INFO - 24/10/03 10:44:34 INFO BlockManagerMaster: Registered BlockManager BlockManagerId(driver, d9608c166c23, 45299, None)
[2024-10-03T10:44:34.096+0000] {spark_submit.py:488} INFO - 24/10/03 10:44:34 INFO BlockManager: Initialized BlockManager: BlockManagerId(driver, d9608c166c23, 45299, None)
[2024-10-03T10:44:34.219+0000] {spark_submit.py:488} INFO - 24/10/03 10:44:34 INFO StandaloneAppClient$ClientEndpoint: Executor updated: app-20241003104433-0006/0 is now RUNNING
[2024-10-03T10:44:35.082+0000] {spark_submit.py:488} INFO - 24/10/03 10:44:35 INFO StandaloneSchedulerBackend: SchedulerBackend is ready for scheduling beginning after reached minRegisteredResourcesRatio: 0.0
[2024-10-03T10:44:43.553+0000] {spark_submit.py:488} INFO - 24/10/03 10:44:43 INFO StandaloneSchedulerBackend$StandaloneDriverEndpoint: Registered executor NettyRpcEndpointRef(spark-client://Executor) (172.20.0.10:44228) with ID 0,  ResourceProfileId 0
[2024-10-03T10:44:43.946+0000] {spark_submit.py:488} INFO - [2024-10-03T10:44:43.942+0000] {base.py:84} INFO - Retrieving connection 'staging_db'
[2024-10-03T10:44:44.001+0000] {spark_submit.py:488} INFO - ['category', 'categoryname', 'created_at']
[2024-10-03T10:44:44.008+0000] {spark_submit.py:488} INFO - [(1, 'Action', datetime.datetime(2004, 3, 1, 0, 0)), (2, 'Animation', datetime.datetime(2004, 3, 1, 0, 0)), (3, 'Children', datetime.datetime(2004, 3, 1, 0, 0)), (4, 'Classics', datetime.datetime(2004, 3, 1, 0, 0)), (5, 'Comedy', datetime.datetime(2004, 3, 1, 0, 0)), (6, 'Documentary', datetime.datetime(2004, 3, 1, 0, 0)), (7, 'Drama', datetime.datetime(2004, 3, 1, 0, 0)), (8, 'Family', datetime.datetime(2004, 3, 1, 0, 0)), (9, 'Foreign', datetime.datetime(2004, 3, 1, 0, 0)), (10, 'Games', datetime.datetime(2004, 3, 1, 0, 0)), (11, 'Horror', datetime.datetime(2004, 3, 1, 0, 0)), (12, 'Music', datetime.datetime(2004, 3, 1, 0, 0)), (13, 'New', datetime.datetime(2004, 3, 1, 0, 0)), (14, 'Sci-Fi', datetime.datetime(2004, 3, 1, 0, 0)), (15, 'Sports', datetime.datetime(2004, 3, 1, 0, 0)), (16, 'Travel', datetime.datetime(2004, 3, 1, 0, 0))]
[2024-10-03T10:44:44.033+0000] {spark_submit.py:488} INFO - 24/10/03 10:44:44 INFO BlockManagerMasterEndpoint: Registering block manager 172.20.0.10:46109 with 434.4 MiB RAM, BlockManagerId(0, 172.20.0.10, 46109, None)
[2024-10-03T10:44:44.043+0000] {spark_submit.py:488} INFO - 24/10/03 10:44:44 INFO SharedState: Setting hive.metastore.warehouse.dir ('null') to the value of spark.sql.warehouse.dir.
[2024-10-03T10:44:44.062+0000] {spark_submit.py:488} INFO - 24/10/03 10:44:44 INFO SharedState: Warehouse path is 'file:/opt/***/spark-warehouse'.
[2024-10-03T10:44:52.493+0000] {spark_submit.py:488} INFO - DataFrame content before writing to CSV:
[2024-10-03T10:44:55.263+0000] {spark_submit.py:488} INFO - 24/10/03 10:44:55 INFO CodeGenerator: Code generated in 734.617103 ms
[2024-10-03T10:44:55.540+0000] {spark_submit.py:488} INFO - 24/10/03 10:44:55 INFO DAGScheduler: Registering RDD 7 (showString at NativeMethodAccessorImpl.java:0) as input to shuffle 0
[2024-10-03T10:44:55.551+0000] {spark_submit.py:488} INFO - 24/10/03 10:44:55 INFO DAGScheduler: Got map stage job 0 (showString at NativeMethodAccessorImpl.java:0) with 2 output partitions
[2024-10-03T10:44:55.553+0000] {spark_submit.py:488} INFO - 24/10/03 10:44:55 INFO DAGScheduler: Final stage: ShuffleMapStage 0 (showString at NativeMethodAccessorImpl.java:0)
[2024-10-03T10:44:55.555+0000] {spark_submit.py:488} INFO - 24/10/03 10:44:55 INFO DAGScheduler: Parents of final stage: List()
[2024-10-03T10:44:55.559+0000] {spark_submit.py:488} INFO - 24/10/03 10:44:55 INFO DAGScheduler: Missing parents: List()
[2024-10-03T10:44:55.567+0000] {spark_submit.py:488} INFO - 24/10/03 10:44:55 INFO DAGScheduler: Submitting ShuffleMapStage 0 (MapPartitionsRDD[7] at showString at NativeMethodAccessorImpl.java:0), which has no missing parents
[2024-10-03T10:44:55.748+0000] {spark_submit.py:488} INFO - 24/10/03 10:44:55 INFO MemoryStore: Block broadcast_0 stored as values in memory (estimated size 29.3 KiB, free 434.4 MiB)
[2024-10-03T10:44:55.820+0000] {spark_submit.py:488} INFO - 24/10/03 10:44:55 INFO MemoryStore: Block broadcast_0_piece0 stored as bytes in memory (estimated size 14.3 KiB, free 434.4 MiB)
[2024-10-03T10:44:55.826+0000] {spark_submit.py:488} INFO - 24/10/03 10:44:55 INFO BlockManagerInfo: Added broadcast_0_piece0 in memory on d9608c166c23:45299 (size: 14.3 KiB, free: 434.4 MiB)
[2024-10-03T10:44:55.834+0000] {spark_submit.py:488} INFO - 24/10/03 10:44:55 INFO SparkContext: Created broadcast 0 from broadcast at DAGScheduler.scala:1585
[2024-10-03T10:44:55.880+0000] {spark_submit.py:488} INFO - 24/10/03 10:44:55 INFO DAGScheduler: Submitting 2 missing tasks from ShuffleMapStage 0 (MapPartitionsRDD[7] at showString at NativeMethodAccessorImpl.java:0) (first 15 tasks are for partitions Vector(0, 1))
[2024-10-03T10:44:55.884+0000] {spark_submit.py:488} INFO - 24/10/03 10:44:55 INFO TaskSchedulerImpl: Adding task set 0.0 with 2 tasks resource profile 0
[2024-10-03T10:44:55.972+0000] {spark_submit.py:488} INFO - 24/10/03 10:44:55 INFO TaskSetManager: Starting task 0.0 in stage 0.0 (TID 0) (172.20.0.10, executor 0, partition 0, PROCESS_LOCAL, 9915 bytes)
[2024-10-03T10:44:55.994+0000] {spark_submit.py:488} INFO - 24/10/03 10:44:55 INFO TaskSetManager: Starting task 1.0 in stage 0.0 (TID 1) (172.20.0.10, executor 0, partition 1, PROCESS_LOCAL, 9900 bytes)
[2024-10-03T10:44:56.799+0000] {spark_submit.py:488} INFO - 24/10/03 10:44:56 INFO BlockManagerInfo: Added broadcast_0_piece0 in memory on 172.20.0.10:46109 (size: 14.3 KiB, free: 434.4 MiB)
[2024-10-03T10:45:03.152+0000] {spark_submit.py:488} INFO - 24/10/03 10:45:03 INFO TaskSetManager: Finished task 1.0 in stage 0.0 (TID 1) in 7156 ms on 172.20.0.10 (executor 0) (1/2)
[2024-10-03T10:45:03.162+0000] {spark_submit.py:488} INFO - 24/10/03 10:45:03 INFO TaskSetManager: Finished task 0.0 in stage 0.0 (TID 0) in 7237 ms on 172.20.0.10 (executor 0) (2/2)
[2024-10-03T10:45:03.165+0000] {spark_submit.py:488} INFO - 24/10/03 10:45:03 INFO TaskSchedulerImpl: Removed TaskSet 0.0, whose tasks have all completed, from pool
[2024-10-03T10:45:03.183+0000] {spark_submit.py:488} INFO - 24/10/03 10:45:03 INFO PythonAccumulatorV2: Connected to AccumulatorServer at host: 127.0.0.1 port: 36841
[2024-10-03T10:45:03.206+0000] {spark_submit.py:488} INFO - 24/10/03 10:45:03 INFO DAGScheduler: ShuffleMapStage 0 (showString at NativeMethodAccessorImpl.java:0) finished in 7.613 s
[2024-10-03T10:45:03.207+0000] {spark_submit.py:488} INFO - 24/10/03 10:45:03 INFO DAGScheduler: looking for newly runnable stages
[2024-10-03T10:45:03.210+0000] {spark_submit.py:488} INFO - 24/10/03 10:45:03 INFO DAGScheduler: running: Set()
[2024-10-03T10:45:03.215+0000] {spark_submit.py:488} INFO - 24/10/03 10:45:03 INFO DAGScheduler: waiting: Set()
[2024-10-03T10:45:03.218+0000] {spark_submit.py:488} INFO - 24/10/03 10:45:03 INFO DAGScheduler: failed: Set()
[2024-10-03T10:45:03.325+0000] {spark_submit.py:488} INFO - 24/10/03 10:45:03 INFO ShufflePartitionsUtil: For shuffle(0), advisory target size: 67108864, actual target size 1048576, minimum partition size: 1048576
[2024-10-03T10:45:03.504+0000] {spark_submit.py:488} INFO - 24/10/03 10:45:03 INFO CodeGenerator: Code generated in 55.8921 ms
[2024-10-03T10:45:03.806+0000] {spark_submit.py:488} INFO - 24/10/03 10:45:03 INFO SparkContext: Starting job: showString at NativeMethodAccessorImpl.java:0
[2024-10-03T10:45:03.827+0000] {spark_submit.py:488} INFO - 24/10/03 10:45:03 INFO DAGScheduler: Got job 1 (showString at NativeMethodAccessorImpl.java:0) with 1 output partitions
[2024-10-03T10:45:03.831+0000] {spark_submit.py:488} INFO - 24/10/03 10:45:03 INFO DAGScheduler: Final stage: ResultStage 2 (showString at NativeMethodAccessorImpl.java:0)
[2024-10-03T10:45:03.836+0000] {spark_submit.py:488} INFO - 24/10/03 10:45:03 INFO DAGScheduler: Parents of final stage: List(ShuffleMapStage 1)
[2024-10-03T10:45:03.841+0000] {spark_submit.py:488} INFO - 24/10/03 10:45:03 INFO DAGScheduler: Missing parents: List()
[2024-10-03T10:45:03.847+0000] {spark_submit.py:488} INFO - 24/10/03 10:45:03 INFO DAGScheduler: Submitting ResultStage 2 (MapPartitionsRDD[11] at showString at NativeMethodAccessorImpl.java:0), which has no missing parents
[2024-10-03T10:45:03.948+0000] {spark_submit.py:488} INFO - 24/10/03 10:45:03 INFO MemoryStore: Block broadcast_1 stored as values in memory (estimated size 35.7 KiB, free 434.3 MiB)
[2024-10-03T10:45:03.969+0000] {spark_submit.py:488} INFO - 24/10/03 10:45:03 INFO MemoryStore: Block broadcast_1_piece0 stored as bytes in memory (estimated size 17.5 KiB, free 434.3 MiB)
[2024-10-03T10:45:03.972+0000] {spark_submit.py:488} INFO - 24/10/03 10:45:03 INFO BlockManagerInfo: Added broadcast_1_piece0 in memory on d9608c166c23:45299 (size: 17.5 KiB, free: 434.4 MiB)
[2024-10-03T10:45:03.973+0000] {spark_submit.py:488} INFO - 24/10/03 10:45:03 INFO SparkContext: Created broadcast 1 from broadcast at DAGScheduler.scala:1585
[2024-10-03T10:45:03.979+0000] {spark_submit.py:488} INFO - 24/10/03 10:45:03 INFO DAGScheduler: Submitting 1 missing tasks from ResultStage 2 (MapPartitionsRDD[11] at showString at NativeMethodAccessorImpl.java:0) (first 15 tasks are for partitions Vector(0))
[2024-10-03T10:45:03.980+0000] {spark_submit.py:488} INFO - 24/10/03 10:45:03 INFO TaskSchedulerImpl: Adding task set 2.0 with 1 tasks resource profile 0
[2024-10-03T10:45:04.017+0000] {spark_submit.py:488} INFO - 24/10/03 10:45:04 INFO TaskSetManager: Starting task 0.0 in stage 2.0 (TID 2) (172.20.0.10, executor 0, partition 0, NODE_LOCAL, 9733 bytes)
[2024-10-03T10:45:04.122+0000] {spark_submit.py:488} INFO - 24/10/03 10:45:04 INFO BlockManagerInfo: Removed broadcast_0_piece0 on 172.20.0.10:46109 in memory (size: 14.3 KiB, free: 434.4 MiB)
[2024-10-03T10:45:04.156+0000] {spark_submit.py:488} INFO - 24/10/03 10:45:04 INFO BlockManagerInfo: Removed broadcast_0_piece0 on d9608c166c23:45299 in memory (size: 14.3 KiB, free: 434.4 MiB)
[2024-10-03T10:45:04.184+0000] {spark_submit.py:488} INFO - 24/10/03 10:45:04 INFO BlockManagerInfo: Added broadcast_1_piece0 in memory on 172.20.0.10:46109 (size: 17.5 KiB, free: 434.4 MiB)
[2024-10-03T10:45:04.689+0000] {spark_submit.py:488} INFO - 24/10/03 10:45:04 INFO MapOutputTrackerMasterEndpoint: Asked to send map output locations for shuffle 0 to 172.20.0.10:44228
[2024-10-03T10:45:05.776+0000] {spark_submit.py:488} INFO - 24/10/03 10:45:05 INFO TaskSetManager: Finished task 0.0 in stage 2.0 (TID 2) in 1771 ms on 172.20.0.10 (executor 0) (1/1)
[2024-10-03T10:45:05.786+0000] {spark_submit.py:488} INFO - 24/10/03 10:45:05 INFO DAGScheduler: ResultStage 2 (showString at NativeMethodAccessorImpl.java:0) finished in 1.856 s
[2024-10-03T10:45:05.794+0000] {spark_submit.py:488} INFO - 24/10/03 10:45:05 INFO TaskSchedulerImpl: Removed TaskSet 2.0, whose tasks have all completed, from pool
[2024-10-03T10:45:05.801+0000] {spark_submit.py:488} INFO - 24/10/03 10:45:05 INFO DAGScheduler: Job 1 is finished. Cancelling potential speculative or zombie tasks for this job
[2024-10-03T10:45:05.804+0000] {spark_submit.py:488} INFO - 24/10/03 10:45:05 INFO TaskSchedulerImpl: Killing all running tasks in stage 2: Stage finished
[2024-10-03T10:45:05.823+0000] {spark_submit.py:488} INFO - 24/10/03 10:45:05 INFO DAGScheduler: Job 1 finished: showString at NativeMethodAccessorImpl.java:0, took 2.016366 s
[2024-10-03T10:45:09.450+0000] {spark_submit.py:488} INFO - 24/10/03 10:45:09 INFO BlockManagerInfo: Removed broadcast_1_piece0 on d9608c166c23:45299 in memory (size: 17.5 KiB, free: 434.4 MiB)
[2024-10-03T10:45:09.462+0000] {spark_submit.py:488} INFO - 24/10/03 10:45:09 INFO BlockManagerInfo: Removed broadcast_1_piece0 on 172.20.0.10:46109 in memory (size: 17.5 KiB, free: 434.4 MiB)
[2024-10-03T10:45:10.233+0000] {spark_submit.py:488} INFO - 24/10/03 10:45:10 INFO CodeGenerator: Code generated in 37.4321 ms
[2024-10-03T10:45:10.270+0000] {spark_submit.py:488} INFO - +-----------+-------------+
[2024-10-03T10:45:10.271+0000] {spark_submit.py:488} INFO - |category_nk|category_name|
[2024-10-03T10:45:10.271+0000] {spark_submit.py:488} INFO - +-----------+-------------+
[2024-10-03T10:45:10.272+0000] {spark_submit.py:488} INFO - |          1|       Action|
[2024-10-03T10:45:10.273+0000] {spark_submit.py:488} INFO - |          2|    Animation|
[2024-10-03T10:45:10.274+0000] {spark_submit.py:488} INFO - |          3|     Children|
[2024-10-03T10:45:10.275+0000] {spark_submit.py:488} INFO - |          4|     Classics|
[2024-10-03T10:45:10.276+0000] {spark_submit.py:488} INFO - |          5|       Comedy|
[2024-10-03T10:45:10.277+0000] {spark_submit.py:488} INFO - +-----------+-------------+
[2024-10-03T10:45:10.278+0000] {spark_submit.py:488} INFO - only showing top 5 rows
[2024-10-03T10:45:10.278+0000] {spark_submit.py:488} INFO - 
[2024-10-03T10:45:10.816+0000] {spark_submit.py:488} INFO - 24/10/03 10:45:10 INFO CodeGenerator: Code generated in 197.020101 ms
[2024-10-03T10:45:10.840+0000] {spark_submit.py:488} INFO - 24/10/03 10:45:10 INFO DAGScheduler: Registering RDD 13 (count at NativeMethodAccessorImpl.java:0) as input to shuffle 1
[2024-10-03T10:45:10.841+0000] {spark_submit.py:488} INFO - 24/10/03 10:45:10 INFO DAGScheduler: Got map stage job 2 (count at NativeMethodAccessorImpl.java:0) with 2 output partitions
[2024-10-03T10:45:10.842+0000] {spark_submit.py:488} INFO - 24/10/03 10:45:10 INFO DAGScheduler: Final stage: ShuffleMapStage 3 (count at NativeMethodAccessorImpl.java:0)
[2024-10-03T10:45:10.843+0000] {spark_submit.py:488} INFO - 24/10/03 10:45:10 INFO DAGScheduler: Parents of final stage: List()
[2024-10-03T10:45:10.843+0000] {spark_submit.py:488} INFO - 24/10/03 10:45:10 INFO DAGScheduler: Missing parents: List()
[2024-10-03T10:45:10.845+0000] {spark_submit.py:488} INFO - 24/10/03 10:45:10 INFO DAGScheduler: Submitting ShuffleMapStage 3 (MapPartitionsRDD[13] at count at NativeMethodAccessorImpl.java:0), which has no missing parents
[2024-10-03T10:45:10.857+0000] {spark_submit.py:488} INFO - 24/10/03 10:45:10 INFO MemoryStore: Block broadcast_2 stored as values in memory (estimated size 34.4 KiB, free 434.4 MiB)
[2024-10-03T10:45:10.873+0000] {spark_submit.py:488} INFO - 24/10/03 10:45:10 INFO MemoryStore: Block broadcast_2_piece0 stored as bytes in memory (estimated size 16.6 KiB, free 434.4 MiB)
[2024-10-03T10:45:10.889+0000] {spark_submit.py:488} INFO - 24/10/03 10:45:10 INFO BlockManagerInfo: Added broadcast_2_piece0 in memory on d9608c166c23:45299 (size: 16.6 KiB, free: 434.4 MiB)
[2024-10-03T10:45:10.891+0000] {spark_submit.py:488} INFO - 24/10/03 10:45:10 INFO SparkContext: Created broadcast 2 from broadcast at DAGScheduler.scala:1585
[2024-10-03T10:45:10.893+0000] {spark_submit.py:488} INFO - 24/10/03 10:45:10 INFO DAGScheduler: Submitting 2 missing tasks from ShuffleMapStage 3 (MapPartitionsRDD[13] at count at NativeMethodAccessorImpl.java:0) (first 15 tasks are for partitions Vector(0, 1))
[2024-10-03T10:45:10.894+0000] {spark_submit.py:488} INFO - 24/10/03 10:45:10 INFO TaskSchedulerImpl: Adding task set 3.0 with 2 tasks resource profile 0
[2024-10-03T10:45:10.897+0000] {spark_submit.py:488} INFO - 24/10/03 10:45:10 INFO TaskSetManager: Starting task 0.0 in stage 3.0 (TID 3) (172.20.0.10, executor 0, partition 0, PROCESS_LOCAL, 9915 bytes)
[2024-10-03T10:45:10.899+0000] {spark_submit.py:488} INFO - 24/10/03 10:45:10 INFO TaskSetManager: Starting task 1.0 in stage 3.0 (TID 4) (172.20.0.10, executor 0, partition 1, PROCESS_LOCAL, 9900 bytes)
[2024-10-03T10:45:10.984+0000] {spark_submit.py:488} INFO - 24/10/03 10:45:10 INFO BlockManagerInfo: Added broadcast_2_piece0 in memory on 172.20.0.10:46109 (size: 16.6 KiB, free: 434.4 MiB)
[2024-10-03T10:45:11.651+0000] {spark_submit.py:488} INFO - 24/10/03 10:45:11 INFO TaskSetManager: Finished task 1.0 in stage 3.0 (TID 4) in 751 ms on 172.20.0.10 (executor 0) (1/2)
[2024-10-03T10:45:11.660+0000] {spark_submit.py:488} INFO - 24/10/03 10:45:11 INFO TaskSetManager: Finished task 0.0 in stage 3.0 (TID 3) in 763 ms on 172.20.0.10 (executor 0) (2/2)
[2024-10-03T10:45:11.661+0000] {spark_submit.py:488} INFO - 24/10/03 10:45:11 INFO TaskSchedulerImpl: Removed TaskSet 3.0, whose tasks have all completed, from pool
[2024-10-03T10:45:11.679+0000] {spark_submit.py:488} INFO - 24/10/03 10:45:11 INFO DAGScheduler: ShuffleMapStage 3 (count at NativeMethodAccessorImpl.java:0) finished in 0.829 s
[2024-10-03T10:45:11.680+0000] {spark_submit.py:488} INFO - 24/10/03 10:45:11 INFO DAGScheduler: looking for newly runnable stages
[2024-10-03T10:45:11.681+0000] {spark_submit.py:488} INFO - 24/10/03 10:45:11 INFO DAGScheduler: running: Set()
[2024-10-03T10:45:11.682+0000] {spark_submit.py:488} INFO - 24/10/03 10:45:11 INFO DAGScheduler: waiting: Set()
[2024-10-03T10:45:11.682+0000] {spark_submit.py:488} INFO - 24/10/03 10:45:11 INFO DAGScheduler: failed: Set()
[2024-10-03T10:45:11.706+0000] {spark_submit.py:488} INFO - 24/10/03 10:45:11 INFO ShufflePartitionsUtil: For shuffle(1), advisory target size: 67108864, actual target size 1048576, minimum partition size: 1048576
[2024-10-03T10:45:11.972+0000] {spark_submit.py:488} INFO - 24/10/03 10:45:11 INFO CodeGenerator: Code generated in 134.036201 ms
[2024-10-03T10:45:12.035+0000] {spark_submit.py:488} INFO - 24/10/03 10:45:12 INFO DAGScheduler: Registering RDD 16 (count at NativeMethodAccessorImpl.java:0) as input to shuffle 2
[2024-10-03T10:45:12.036+0000] {spark_submit.py:488} INFO - 24/10/03 10:45:12 INFO DAGScheduler: Got map stage job 3 (count at NativeMethodAccessorImpl.java:0) with 1 output partitions
[2024-10-03T10:45:12.037+0000] {spark_submit.py:488} INFO - 24/10/03 10:45:12 INFO DAGScheduler: Final stage: ShuffleMapStage 5 (count at NativeMethodAccessorImpl.java:0)
[2024-10-03T10:45:12.038+0000] {spark_submit.py:488} INFO - 24/10/03 10:45:12 INFO DAGScheduler: Parents of final stage: List(ShuffleMapStage 4)
[2024-10-03T10:45:12.039+0000] {spark_submit.py:488} INFO - 24/10/03 10:45:12 INFO DAGScheduler: Missing parents: List()
[2024-10-03T10:45:12.041+0000] {spark_submit.py:488} INFO - 24/10/03 10:45:12 INFO DAGScheduler: Submitting ShuffleMapStage 5 (MapPartitionsRDD[16] at count at NativeMethodAccessorImpl.java:0), which has no missing parents
[2024-10-03T10:45:12.089+0000] {spark_submit.py:488} INFO - 24/10/03 10:45:12 INFO MemoryStore: Block broadcast_3 stored as values in memory (estimated size 44.6 KiB, free 434.3 MiB)
[2024-10-03T10:45:12.107+0000] {spark_submit.py:488} INFO - 24/10/03 10:45:12 INFO MemoryStore: Block broadcast_3_piece0 stored as bytes in memory (estimated size 21.1 KiB, free 434.3 MiB)
[2024-10-03T10:45:12.112+0000] {spark_submit.py:488} INFO - 24/10/03 10:45:12 INFO BlockManagerInfo: Added broadcast_3_piece0 in memory on d9608c166c23:45299 (size: 21.1 KiB, free: 434.4 MiB)
[2024-10-03T10:45:12.120+0000] {spark_submit.py:488} INFO - 24/10/03 10:45:12 INFO BlockManagerInfo: Removed broadcast_2_piece0 on d9608c166c23:45299 in memory (size: 16.6 KiB, free: 434.4 MiB)
[2024-10-03T10:45:12.132+0000] {spark_submit.py:488} INFO - 24/10/03 10:45:12 INFO BlockManagerInfo: Removed broadcast_2_piece0 on 172.20.0.10:46109 in memory (size: 16.6 KiB, free: 434.4 MiB)
[2024-10-03T10:45:12.136+0000] {spark_submit.py:488} INFO - 24/10/03 10:45:12 INFO SparkContext: Created broadcast 3 from broadcast at DAGScheduler.scala:1585
[2024-10-03T10:45:12.143+0000] {spark_submit.py:488} INFO - 24/10/03 10:45:12 INFO DAGScheduler: Submitting 1 missing tasks from ShuffleMapStage 5 (MapPartitionsRDD[16] at count at NativeMethodAccessorImpl.java:0) (first 15 tasks are for partitions Vector(0))
[2024-10-03T10:45:12.144+0000] {spark_submit.py:488} INFO - 24/10/03 10:45:12 INFO TaskSchedulerImpl: Adding task set 5.0 with 1 tasks resource profile 0
[2024-10-03T10:45:12.152+0000] {spark_submit.py:488} INFO - 24/10/03 10:45:12 INFO TaskSetManager: Starting task 0.0 in stage 5.0 (TID 5) (172.20.0.10, executor 0, partition 0, NODE_LOCAL, 9722 bytes)
[2024-10-03T10:45:12.218+0000] {spark_submit.py:488} INFO - 24/10/03 10:45:12 INFO BlockManagerInfo: Added broadcast_3_piece0 in memory on 172.20.0.10:46109 (size: 21.1 KiB, free: 434.4 MiB)
[2024-10-03T10:45:12.345+0000] {spark_submit.py:488} INFO - 24/10/03 10:45:12 INFO MapOutputTrackerMasterEndpoint: Asked to send map output locations for shuffle 1 to 172.20.0.10:44228
[2024-10-03T10:45:12.715+0000] {spark_submit.py:488} INFO - 24/10/03 10:45:12 INFO TaskSetManager: Finished task 0.0 in stage 5.0 (TID 5) in 568 ms on 172.20.0.10 (executor 0) (1/1)
[2024-10-03T10:45:12.717+0000] {spark_submit.py:488} INFO - 24/10/03 10:45:12 INFO TaskSchedulerImpl: Removed TaskSet 5.0, whose tasks have all completed, from pool
[2024-10-03T10:45:12.727+0000] {spark_submit.py:488} INFO - 24/10/03 10:45:12 INFO DAGScheduler: ShuffleMapStage 5 (count at NativeMethodAccessorImpl.java:0) finished in 0.666 s
[2024-10-03T10:45:12.734+0000] {spark_submit.py:488} INFO - 24/10/03 10:45:12 INFO DAGScheduler: looking for newly runnable stages
[2024-10-03T10:45:12.735+0000] {spark_submit.py:488} INFO - 24/10/03 10:45:12 INFO DAGScheduler: running: Set()
[2024-10-03T10:45:12.735+0000] {spark_submit.py:488} INFO - 24/10/03 10:45:12 INFO DAGScheduler: waiting: Set()
[2024-10-03T10:45:12.736+0000] {spark_submit.py:488} INFO - 24/10/03 10:45:12 INFO DAGScheduler: failed: Set()
[2024-10-03T10:45:12.840+0000] {spark_submit.py:488} INFO - 24/10/03 10:45:12 INFO CodeGenerator: Code generated in 35.7698 ms
[2024-10-03T10:45:12.886+0000] {spark_submit.py:488} INFO - 24/10/03 10:45:12 INFO SparkContext: Starting job: count at NativeMethodAccessorImpl.java:0
[2024-10-03T10:45:12.893+0000] {spark_submit.py:488} INFO - 24/10/03 10:45:12 INFO DAGScheduler: Got job 4 (count at NativeMethodAccessorImpl.java:0) with 1 output partitions
[2024-10-03T10:45:12.894+0000] {spark_submit.py:488} INFO - 24/10/03 10:45:12 INFO DAGScheduler: Final stage: ResultStage 8 (count at NativeMethodAccessorImpl.java:0)
[2024-10-03T10:45:12.895+0000] {spark_submit.py:488} INFO - 24/10/03 10:45:12 INFO DAGScheduler: Parents of final stage: List(ShuffleMapStage 7)
[2024-10-03T10:45:12.895+0000] {spark_submit.py:488} INFO - 24/10/03 10:45:12 INFO DAGScheduler: Missing parents: List()
[2024-10-03T10:45:12.896+0000] {spark_submit.py:488} INFO - 24/10/03 10:45:12 INFO DAGScheduler: Submitting ResultStage 8 (MapPartitionsRDD[19] at count at NativeMethodAccessorImpl.java:0), which has no missing parents
[2024-10-03T10:45:12.910+0000] {spark_submit.py:488} INFO - 24/10/03 10:45:12 INFO MemoryStore: Block broadcast_4 stored as values in memory (estimated size 12.5 KiB, free 434.3 MiB)
[2024-10-03T10:45:12.928+0000] {spark_submit.py:488} INFO - 24/10/03 10:45:12 INFO MemoryStore: Block broadcast_4_piece0 stored as bytes in memory (estimated size 5.9 KiB, free 434.3 MiB)
[2024-10-03T10:45:12.933+0000] {spark_submit.py:488} INFO - 24/10/03 10:45:12 INFO BlockManagerInfo: Removed broadcast_3_piece0 on d9608c166c23:45299 in memory (size: 21.1 KiB, free: 434.4 MiB)
[2024-10-03T10:45:12.948+0000] {spark_submit.py:488} INFO - 24/10/03 10:45:12 INFO BlockManagerInfo: Added broadcast_4_piece0 in memory on d9608c166c23:45299 (size: 5.9 KiB, free: 434.4 MiB)
[2024-10-03T10:45:12.950+0000] {spark_submit.py:488} INFO - 24/10/03 10:45:12 INFO BlockManagerInfo: Removed broadcast_3_piece0 on 172.20.0.10:46109 in memory (size: 21.1 KiB, free: 434.4 MiB)
[2024-10-03T10:45:12.961+0000] {spark_submit.py:488} INFO - 24/10/03 10:45:12 INFO SparkContext: Created broadcast 4 from broadcast at DAGScheduler.scala:1585
[2024-10-03T10:45:12.963+0000] {spark_submit.py:488} INFO - 24/10/03 10:45:12 INFO DAGScheduler: Submitting 1 missing tasks from ResultStage 8 (MapPartitionsRDD[19] at count at NativeMethodAccessorImpl.java:0) (first 15 tasks are for partitions Vector(0))
[2024-10-03T10:45:12.965+0000] {spark_submit.py:488} INFO - 24/10/03 10:45:12 INFO TaskSchedulerImpl: Adding task set 8.0 with 1 tasks resource profile 0
[2024-10-03T10:45:12.968+0000] {spark_submit.py:488} INFO - 24/10/03 10:45:12 INFO TaskSetManager: Starting task 0.0 in stage 8.0 (TID 6) (172.20.0.10, executor 0, partition 0, NODE_LOCAL, 9733 bytes)
[2024-10-03T10:45:13.023+0000] {spark_submit.py:488} INFO - 24/10/03 10:45:13 INFO BlockManagerInfo: Added broadcast_4_piece0 in memory on 172.20.0.10:46109 (size: 5.9 KiB, free: 434.4 MiB)
[2024-10-03T10:45:13.053+0000] {spark_submit.py:488} INFO - 24/10/03 10:45:13 INFO MapOutputTrackerMasterEndpoint: Asked to send map output locations for shuffle 2 to 172.20.0.10:44228
[2024-10-03T10:45:13.159+0000] {spark_submit.py:488} INFO - 24/10/03 10:45:13 INFO TaskSetManager: Finished task 0.0 in stage 8.0 (TID 6) in 207 ms on 172.20.0.10 (executor 0) (1/1)
[2024-10-03T10:45:13.162+0000] {spark_submit.py:488} INFO - 24/10/03 10:45:13 INFO TaskSchedulerImpl: Removed TaskSet 8.0, whose tasks have all completed, from pool
[2024-10-03T10:45:13.176+0000] {spark_submit.py:488} INFO - 24/10/03 10:45:13 INFO DAGScheduler: ResultStage 8 (count at NativeMethodAccessorImpl.java:0) finished in 0.265 s
[2024-10-03T10:45:13.178+0000] {spark_submit.py:488} INFO - 24/10/03 10:45:13 INFO DAGScheduler: Job 4 is finished. Cancelling potential speculative or zombie tasks for this job
[2024-10-03T10:45:13.179+0000] {spark_submit.py:488} INFO - 24/10/03 10:45:13 INFO TaskSchedulerImpl: Killing all running tasks in stage 8: Stage finished
[2024-10-03T10:45:13.183+0000] {spark_submit.py:488} INFO - 24/10/03 10:45:13 INFO DAGScheduler: Job 4 finished: count at NativeMethodAccessorImpl.java:0, took 0.287309 s
[2024-10-03T10:45:13.204+0000] {spark_submit.py:488} INFO - DF COUNT 16
[2024-10-03T10:45:14.134+0000] {spark_submit.py:488} INFO - 24/10/03 10:45:14 WARN MetricsConfig: Cannot locate configuration: tried hadoop-metrics2-s3a-file-system.properties,hadoop-metrics2.properties
[2024-10-03T10:45:14.195+0000] {spark_submit.py:488} INFO - 24/10/03 10:45:14 INFO MetricsSystemImpl: Scheduled Metric snapshot period at 10 second(s).
[2024-10-03T10:45:14.196+0000] {spark_submit.py:488} INFO - 24/10/03 10:45:14 INFO MetricsSystemImpl: s3a-file-system metrics system started
[2024-10-03T10:45:16.107+0000] {spark_submit.py:488} INFO - 24/10/03 10:45:16 INFO BlockManagerInfo: Removed broadcast_4_piece0 on d9608c166c23:45299 in memory (size: 5.9 KiB, free: 434.4 MiB)
[2024-10-03T10:45:16.134+0000] {spark_submit.py:488} INFO - 24/10/03 10:45:16 INFO BlockManagerInfo: Removed broadcast_4_piece0 on 172.20.0.10:46109 in memory (size: 5.9 KiB, free: 434.4 MiB)
[2024-10-03T10:45:17.539+0000] {spark_submit.py:488} INFO - 24/10/03 10:45:17 INFO DAGScheduler: Registering RDD 22 (save at NativeMethodAccessorImpl.java:0) as input to shuffle 3
[2024-10-03T10:45:17.540+0000] {spark_submit.py:488} INFO - 24/10/03 10:45:17 INFO DAGScheduler: Got map stage job 5 (save at NativeMethodAccessorImpl.java:0) with 2 output partitions
[2024-10-03T10:45:17.541+0000] {spark_submit.py:488} INFO - 24/10/03 10:45:17 INFO DAGScheduler: Final stage: ShuffleMapStage 9 (save at NativeMethodAccessorImpl.java:0)
[2024-10-03T10:45:17.547+0000] {spark_submit.py:488} INFO - 24/10/03 10:45:17 INFO DAGScheduler: Parents of final stage: List()
[2024-10-03T10:45:17.551+0000] {spark_submit.py:488} INFO - 24/10/03 10:45:17 INFO DAGScheduler: Missing parents: List()
[2024-10-03T10:45:17.551+0000] {spark_submit.py:488} INFO - 24/10/03 10:45:17 INFO DAGScheduler: Submitting ShuffleMapStage 9 (MapPartitionsRDD[22] at save at NativeMethodAccessorImpl.java:0), which has no missing parents
[2024-10-03T10:45:17.559+0000] {spark_submit.py:488} INFO - 24/10/03 10:45:17 INFO MemoryStore: Block broadcast_5 stored as values in memory (estimated size 29.3 KiB, free 434.4 MiB)
[2024-10-03T10:45:17.593+0000] {spark_submit.py:488} INFO - 24/10/03 10:45:17 INFO MemoryStore: Block broadcast_5_piece0 stored as bytes in memory (estimated size 14.3 KiB, free 434.4 MiB)
[2024-10-03T10:45:17.598+0000] {spark_submit.py:488} INFO - 24/10/03 10:45:17 INFO BlockManagerInfo: Added broadcast_5_piece0 in memory on d9608c166c23:45299 (size: 14.3 KiB, free: 434.4 MiB)
[2024-10-03T10:45:17.600+0000] {spark_submit.py:488} INFO - 24/10/03 10:45:17 INFO SparkContext: Created broadcast 5 from broadcast at DAGScheduler.scala:1585
[2024-10-03T10:45:17.601+0000] {spark_submit.py:488} INFO - 24/10/03 10:45:17 INFO DAGScheduler: Submitting 2 missing tasks from ShuffleMapStage 9 (MapPartitionsRDD[22] at save at NativeMethodAccessorImpl.java:0) (first 15 tasks are for partitions Vector(0, 1))
[2024-10-03T10:45:17.602+0000] {spark_submit.py:488} INFO - 24/10/03 10:45:17 INFO TaskSchedulerImpl: Adding task set 9.0 with 2 tasks resource profile 0
[2024-10-03T10:45:17.612+0000] {spark_submit.py:488} INFO - 24/10/03 10:45:17 INFO TaskSetManager: Starting task 0.0 in stage 9.0 (TID 7) (172.20.0.10, executor 0, partition 0, PROCESS_LOCAL, 9915 bytes)
[2024-10-03T10:45:17.617+0000] {spark_submit.py:488} INFO - 24/10/03 10:45:17 INFO TaskSetManager: Starting task 1.0 in stage 9.0 (TID 8) (172.20.0.10, executor 0, partition 1, PROCESS_LOCAL, 9900 bytes)
[2024-10-03T10:45:17.691+0000] {spark_submit.py:488} INFO - 24/10/03 10:45:17 INFO BlockManagerInfo: Added broadcast_5_piece0 in memory on 172.20.0.10:46109 (size: 14.3 KiB, free: 434.4 MiB)
[2024-10-03T10:45:18.415+0000] {spark_submit.py:488} INFO - 24/10/03 10:45:18 INFO TaskSetManager: Finished task 0.0 in stage 9.0 (TID 7) in 800 ms on 172.20.0.10 (executor 0) (1/2)
[2024-10-03T10:45:18.538+0000] {spark_submit.py:488} INFO - 24/10/03 10:45:18 INFO TaskSetManager: Finished task 1.0 in stage 9.0 (TID 8) in 925 ms on 172.20.0.10 (executor 0) (2/2)
[2024-10-03T10:45:18.539+0000] {spark_submit.py:488} INFO - 24/10/03 10:45:18 INFO TaskSchedulerImpl: Removed TaskSet 9.0, whose tasks have all completed, from pool
[2024-10-03T10:45:18.545+0000] {spark_submit.py:488} INFO - 24/10/03 10:45:18 INFO DAGScheduler: ShuffleMapStage 9 (save at NativeMethodAccessorImpl.java:0) finished in 0.990 s
[2024-10-03T10:45:18.560+0000] {spark_submit.py:488} INFO - 24/10/03 10:45:18 INFO DAGScheduler: looking for newly runnable stages
[2024-10-03T10:45:18.561+0000] {spark_submit.py:488} INFO - 24/10/03 10:45:18 INFO DAGScheduler: running: Set()
[2024-10-03T10:45:18.562+0000] {spark_submit.py:488} INFO - 24/10/03 10:45:18 INFO DAGScheduler: waiting: Set()
[2024-10-03T10:45:18.564+0000] {spark_submit.py:488} INFO - 24/10/03 10:45:18 INFO DAGScheduler: failed: Set()
[2024-10-03T10:45:18.595+0000] {spark_submit.py:488} INFO - 24/10/03 10:45:18 INFO ShufflePartitionsUtil: For shuffle(3), advisory target size: 67108864, actual target size 1048576, minimum partition size: 1048576
[2024-10-03T10:45:20.011+0000] {spark_submit.py:488} INFO - 24/10/03 10:45:20 WARN AbstractS3ACommitterFactory: Using standard FileOutputCommitter to commit work. This is slow and potentially unsafe.
[2024-10-03T10:45:20.013+0000] {spark_submit.py:488} INFO - 24/10/03 10:45:20 INFO FileOutputCommitter: File Output Committer Algorithm version is 1
[2024-10-03T10:45:20.014+0000] {spark_submit.py:488} INFO - 24/10/03 10:45:20 INFO FileOutputCommitter: FileOutputCommitter skip cleanup _temporary folders under output directory:false, ignore cleanup failures: false
[2024-10-03T10:45:20.016+0000] {spark_submit.py:488} INFO - 24/10/03 10:45:20 INFO AbstractS3ACommitterFactory: Using Committer FileOutputCommitter{PathOutputCommitter{context=TaskAttemptContextImpl{JobContextImpl{jobId=job_202410031045193605696655841675871_0000}; taskId=attempt_202410031045193605696655841675871_0000_m_000000_0, status=''}; org.apache.hadoop.mapreduce.lib.output.FileOutputCommitter@53470b7d}; outputPath=s3a://transformed-data/categories, workPath=s3a://transformed-data/categories/_temporary/0/_temporary/attempt_202410031045193605696655841675871_0000_m_000000_0, algorithmVersion=1, skipCleanup=false, ignoreCleanupFailures=false} for s3a://transformed-data/categories
[2024-10-03T10:45:20.021+0000] {spark_submit.py:488} INFO - 24/10/03 10:45:20 INFO SQLHadoopMapReduceCommitProtocol: Using output committer class org.apache.hadoop.mapreduce.lib.output.FileOutputCommitter
[2024-10-03T10:45:20.493+0000] {spark_submit.py:488} INFO - 24/10/03 10:45:20 INFO SparkContext: Starting job: save at NativeMethodAccessorImpl.java:0
[2024-10-03T10:45:20.497+0000] {spark_submit.py:488} INFO - 24/10/03 10:45:20 INFO DAGScheduler: Got job 6 (save at NativeMethodAccessorImpl.java:0) with 1 output partitions
[2024-10-03T10:45:20.498+0000] {spark_submit.py:488} INFO - 24/10/03 10:45:20 INFO DAGScheduler: Final stage: ResultStage 11 (save at NativeMethodAccessorImpl.java:0)
[2024-10-03T10:45:20.498+0000] {spark_submit.py:488} INFO - 24/10/03 10:45:20 INFO DAGScheduler: Parents of final stage: List(ShuffleMapStage 10)
[2024-10-03T10:45:20.499+0000] {spark_submit.py:488} INFO - 24/10/03 10:45:20 INFO DAGScheduler: Missing parents: List()
[2024-10-03T10:45:20.500+0000] {spark_submit.py:488} INFO - 24/10/03 10:45:20 INFO DAGScheduler: Submitting ResultStage 11 (MapPartitionsRDD[26] at save at NativeMethodAccessorImpl.java:0), which has no missing parents
[2024-10-03T10:45:20.685+0000] {spark_submit.py:488} INFO - 24/10/03 10:45:20 INFO MemoryStore: Block broadcast_6 stored as values in memory (estimated size 241.4 KiB, free 434.1 MiB)
[2024-10-03T10:45:20.711+0000] {spark_submit.py:488} INFO - 24/10/03 10:45:20 INFO MemoryStore: Block broadcast_6_piece0 stored as bytes in memory (estimated size 90.7 KiB, free 434.0 MiB)
[2024-10-03T10:45:20.721+0000] {spark_submit.py:488} INFO - 24/10/03 10:45:20 INFO BlockManagerInfo: Added broadcast_6_piece0 in memory on d9608c166c23:45299 (size: 90.7 KiB, free: 434.3 MiB)
[2024-10-03T10:45:20.724+0000] {spark_submit.py:488} INFO - 24/10/03 10:45:20 INFO SparkContext: Created broadcast 6 from broadcast at DAGScheduler.scala:1585
[2024-10-03T10:45:20.726+0000] {spark_submit.py:488} INFO - 24/10/03 10:45:20 INFO BlockManagerInfo: Removed broadcast_5_piece0 on 172.20.0.10:46109 in memory (size: 14.3 KiB, free: 434.4 MiB)
[2024-10-03T10:45:20.727+0000] {spark_submit.py:488} INFO - 24/10/03 10:45:20 INFO DAGScheduler: Submitting 1 missing tasks from ResultStage 11 (MapPartitionsRDD[26] at save at NativeMethodAccessorImpl.java:0) (first 15 tasks are for partitions Vector(0))
[2024-10-03T10:45:20.729+0000] {spark_submit.py:488} INFO - 24/10/03 10:45:20 INFO TaskSchedulerImpl: Adding task set 11.0 with 1 tasks resource profile 0
[2024-10-03T10:45:20.730+0000] {spark_submit.py:488} INFO - 24/10/03 10:45:20 INFO TaskSetManager: Starting task 0.0 in stage 11.0 (TID 9) (172.20.0.10, executor 0, partition 0, NODE_LOCAL, 9733 bytes)
[2024-10-03T10:45:20.752+0000] {spark_submit.py:488} INFO - 24/10/03 10:45:20 INFO BlockManagerInfo: Removed broadcast_5_piece0 on d9608c166c23:45299 in memory (size: 14.3 KiB, free: 434.3 MiB)
[2024-10-03T10:45:20.839+0000] {spark_submit.py:488} INFO - 24/10/03 10:45:20 INFO BlockManagerInfo: Added broadcast_6_piece0 in memory on 172.20.0.10:46109 (size: 90.7 KiB, free: 434.3 MiB)
[2024-10-03T10:45:21.403+0000] {spark_submit.py:488} INFO - 24/10/03 10:45:21 INFO MapOutputTrackerMasterEndpoint: Asked to send map output locations for shuffle 3 to 172.20.0.10:44228
[2024-10-03T10:45:29.079+0000] {spark_submit.py:488} INFO - 24/10/03 10:45:29 INFO TaskSetManager: Finished task 0.0 in stage 11.0 (TID 9) in 8349 ms on 172.20.0.10 (executor 0) (1/1)
[2024-10-03T10:45:29.080+0000] {spark_submit.py:488} INFO - 24/10/03 10:45:29 INFO TaskSchedulerImpl: Removed TaskSet 11.0, whose tasks have all completed, from pool
[2024-10-03T10:45:29.083+0000] {spark_submit.py:488} INFO - 24/10/03 10:45:29 INFO DAGScheduler: ResultStage 11 (save at NativeMethodAccessorImpl.java:0) finished in 8.566 s
[2024-10-03T10:45:29.085+0000] {spark_submit.py:488} INFO - 24/10/03 10:45:29 INFO DAGScheduler: Job 6 is finished. Cancelling potential speculative or zombie tasks for this job
[2024-10-03T10:45:29.086+0000] {spark_submit.py:488} INFO - 24/10/03 10:45:29 INFO TaskSchedulerImpl: Killing all running tasks in stage 11: Stage finished
[2024-10-03T10:45:29.092+0000] {spark_submit.py:488} INFO - 24/10/03 10:45:29 INFO DAGScheduler: Job 6 finished: save at NativeMethodAccessorImpl.java:0, took 8.597354 s
[2024-10-03T10:45:29.099+0000] {spark_submit.py:488} INFO - 24/10/03 10:45:29 INFO FileFormatWriter: Start to commit write Job 4fbcb7dc-8920-4b25-b0b5-3743eedc6a4b.
[2024-10-03T10:45:29.857+0000] {spark_submit.py:488} INFO - 24/10/03 10:45:29 INFO FileFormatWriter: Write Job 4fbcb7dc-8920-4b25-b0b5-3743eedc6a4b committed. Elapsed time: 747 ms.
[2024-10-03T10:45:29.871+0000] {spark_submit.py:488} INFO - 24/10/03 10:45:29 INFO FileFormatWriter: Finished processing stats for write job 4fbcb7dc-8920-4b25-b0b5-3743eedc6a4b.
[2024-10-03T10:45:29.889+0000] {spark_submit.py:488} INFO - 24/10/03 10:45:29 INFO SparkContext: SparkContext is stopping with exitCode 0.
[2024-10-03T10:45:29.940+0000] {spark_submit.py:488} INFO - 24/10/03 10:45:29 INFO SparkUI: Stopped Spark web UI at http://d9608c166c23:4040
[2024-10-03T10:45:29.966+0000] {spark_submit.py:488} INFO - 24/10/03 10:45:29 INFO StandaloneSchedulerBackend: Shutting down all executors
[2024-10-03T10:45:29.967+0000] {spark_submit.py:488} INFO - 24/10/03 10:45:29 INFO StandaloneSchedulerBackend$StandaloneDriverEndpoint: Asking each executor to shut down
[2024-10-03T10:45:30.067+0000] {spark_submit.py:488} INFO - 24/10/03 10:45:30 INFO MapOutputTrackerMasterEndpoint: MapOutputTrackerMasterEndpoint stopped!
[2024-10-03T10:45:30.267+0000] {spark_submit.py:488} INFO - 24/10/03 10:45:30 INFO MemoryStore: MemoryStore cleared
[2024-10-03T10:45:30.274+0000] {spark_submit.py:488} INFO - 24/10/03 10:45:30 INFO BlockManager: BlockManager stopped
[2024-10-03T10:45:30.310+0000] {spark_submit.py:488} INFO - 24/10/03 10:45:30 INFO BlockManagerMaster: BlockManagerMaster stopped
[2024-10-03T10:45:30.348+0000] {spark_submit.py:488} INFO - 24/10/03 10:45:30 INFO OutputCommitCoordinator$OutputCommitCoordinatorEndpoint: OutputCommitCoordinator stopped!
[2024-10-03T10:45:30.522+0000] {spark_submit.py:488} INFO - 24/10/03 10:45:30 INFO SparkContext: Successfully stopped SparkContext
[2024-10-03T10:45:31.096+0000] {spark_submit.py:488} INFO - [2024-10-03T10:45:31.095+0000] {clientserver.py:543} INFO - Closing down clientserver connection
[2024-10-03T10:45:33.101+0000] {spark_submit.py:488} INFO - 24/10/03 10:45:33 INFO ShutdownHookManager: Shutdown hook called
[2024-10-03T10:45:33.103+0000] {spark_submit.py:488} INFO - 24/10/03 10:45:33 INFO ShutdownHookManager: Deleting directory /tmp/spark-31a70b99-0ee8-40a4-824c-6da449faf1d1
[2024-10-03T10:45:33.109+0000] {spark_submit.py:488} INFO - 24/10/03 10:45:33 INFO ShutdownHookManager: Deleting directory /tmp/spark-cb9b6df4-2fcc-443c-a685-eef6a64a97bb
[2024-10-03T10:45:33.129+0000] {spark_submit.py:488} INFO - 24/10/03 10:45:33 INFO ShutdownHookManager: Deleting directory /tmp/spark-cb9b6df4-2fcc-443c-a685-eef6a64a97bb/pyspark-3f8486b0-ef3d-47dc-94c3-1e14f0a0c315
[2024-10-03T10:45:33.139+0000] {spark_submit.py:488} INFO - 24/10/03 10:45:33 INFO MetricsSystemImpl: Stopping s3a-file-system metrics system...
[2024-10-03T10:45:33.143+0000] {spark_submit.py:488} INFO - 24/10/03 10:45:33 INFO MetricsSystemImpl: s3a-file-system metrics system stopped.
[2024-10-03T10:45:33.143+0000] {spark_submit.py:488} INFO - 24/10/03 10:45:33 INFO MetricsSystemImpl: s3a-file-system metrics system shutdown complete.
[2024-10-03T10:45:33.291+0000] {taskinstance.py:340} INFO - ::group::Post task execution logs
[2024-10-03T10:45:33.292+0000] {taskinstance.py:352} INFO - Marking task as SUCCESS. dag_id=etl_pipeline, task_id=warehouse.step_1.extract_transform.categories, run_id=manual__2024-10-03T08:41:55.857004+00:00, execution_date=20241003T084155, start_date=20241003T104408, end_date=20241003T104533
[2024-10-03T10:45:33.373+0000] {local_task_job_runner.py:266} INFO - Task exited with return code 0
[2024-10-03T10:45:33.426+0000] {taskinstance.py:3900} INFO - 0 downstream tasks scheduled from follow-on schedule check
[2024-10-03T10:45:33.434+0000] {local_task_job_runner.py:245} INFO - ::endgroup::
[2024-10-03T10:45:33.468+0000] {standard_task_runner.py:217} INFO - Process not found (most likely exited), stop collecting metrics
