[2024-10-03T10:40:15.404+0000] {local_task_job_runner.py:123} INFO - ::group::Pre task execution logs
[2024-10-03T10:40:15.459+0000] {taskinstance.py:2612} INFO - Dependencies all met for dep_context=non-requeueable deps ti=<TaskInstance: etl_pipeline.warehouse.step_1.extract_transform.categories manual__2024-10-03T08:41:55.857004+00:00 [queued]>
[2024-10-03T10:40:15.493+0000] {taskinstance.py:2612} INFO - Dependencies all met for dep_context=requeueable deps ti=<TaskInstance: etl_pipeline.warehouse.step_1.extract_transform.categories manual__2024-10-03T08:41:55.857004+00:00 [queued]>
[2024-10-03T10:40:15.494+0000] {taskinstance.py:2865} INFO - Starting attempt 24 of 24
[2024-10-03T10:40:15.554+0000] {taskinstance.py:2888} INFO - Executing <Task(SparkSubmitOperator): warehouse.step_1.extract_transform.categories> on 2024-10-03 08:41:55.857004+00:00
[2024-10-03T10:40:15.580+0000] {standard_task_runner.py:104} INFO - Running: ['***', 'tasks', 'run', 'etl_pipeline', 'warehouse.step_1.extract_transform.categories', 'manual__2024-10-03T08:41:55.857004+00:00', '--job-id', '13671', '--raw', '--subdir', 'DAGS_FOLDER/etl_pipeline/run.py', '--cfg-path', '/tmp/tmpm85qade1']
[2024-10-03T10:40:15.594+0000] {standard_task_runner.py:105} INFO - Job 13671: Subtask warehouse.step_1.extract_transform.categories
[2024-10-03T10:40:15.592+0000] {logging_mixin.py:190} WARNING - /home/***/.local/lib/python3.12/site-packages/***/task/task_runner/standard_task_runner.py:70 DeprecationWarning: This process (pid=6493) is multi-threaded, use of fork() may lead to deadlocks in the child.
[2024-10-03T10:40:15.596+0000] {standard_task_runner.py:72} INFO - Started process 6495 to run task
[2024-10-03T10:40:15.771+0000] {task_command.py:467} INFO - Running <TaskInstance: etl_pipeline.warehouse.step_1.extract_transform.categories manual__2024-10-03T08:41:55.857004+00:00 [running]> on host d9608c166c23
[2024-10-03T10:40:16.077+0000] {taskinstance.py:3131} INFO - Exporting env vars: AIRFLOW_CTX_DAG_OWNER='***' AIRFLOW_CTX_DAG_ID='etl_pipeline' AIRFLOW_CTX_TASK_ID='warehouse.step_1.extract_transform.categories' AIRFLOW_CTX_EXECUTION_DATE='2024-10-03T08:41:55.857004+00:00' AIRFLOW_CTX_TRY_NUMBER='24' AIRFLOW_CTX_DAG_RUN_ID='manual__2024-10-03T08:41:55.857004+00:00'
[2024-10-03T10:40:16.080+0000] {taskinstance.py:731} INFO - ::endgroup::
[2024-10-03T10:40:16.111+0000] {base.py:84} INFO - Retrieving connection 'spark-conn'
[2024-10-03T10:40:16.114+0000] {spark_submit.py:335} INFO - Spark-Submit cmd: spark-submit --master spark://spark-master:7077 --packages org.apache.hadoop:hadoop-aws:3.3.1,com.amazonaws:aws-java-sdk-bundle:1.11.901 --name arrow-spark dags/etl_pipeline/tasks/warehouse/components/extract_transform.py categories False 2024-10-03
[2024-10-03T10:40:16.222+0000] {spark_submit.py:488} INFO - /home/***/.local/lib/python3.12/site-packages/pyspark/bin/load-spark-env.sh: line 68: ps: command not found
[2024-10-03T10:40:20.974+0000] {spark_submit.py:488} INFO - :: loading settings :: url = jar:file:/home/***/.local/lib/python3.12/site-packages/pyspark/jars/ivy-2.5.1.jar!/org/apache/ivy/core/settings/ivysettings.xml
[2024-10-03T10:40:21.200+0000] {spark_submit.py:488} INFO - Ivy Default Cache set to: /home/***/.ivy2/cache
[2024-10-03T10:40:21.201+0000] {spark_submit.py:488} INFO - The jars for the packages stored in: /home/***/.ivy2/jars
[2024-10-03T10:40:21.216+0000] {spark_submit.py:488} INFO - org.apache.hadoop#hadoop-aws added as a dependency
[2024-10-03T10:40:21.217+0000] {spark_submit.py:488} INFO - com.amazonaws#aws-java-sdk-bundle added as a dependency
[2024-10-03T10:40:21.218+0000] {spark_submit.py:488} INFO - :: resolving dependencies :: org.apache.spark#spark-submit-parent-47d12a57-1bd2-4c9d-8722-205c41f93a35;1.0
[2024-10-03T10:40:21.219+0000] {spark_submit.py:488} INFO - confs: [default]
[2024-10-03T10:40:21.807+0000] {spark_submit.py:488} INFO - found org.apache.hadoop#hadoop-aws;3.3.1 in central
[2024-10-03T10:40:21.899+0000] {spark_submit.py:488} INFO - found com.amazonaws#aws-java-sdk-bundle;1.11.901 in central
[2024-10-03T10:40:21.996+0000] {spark_submit.py:488} INFO - found org.wildfly.openssl#wildfly-openssl;1.0.7.Final in central
[2024-10-03T10:40:22.074+0000] {spark_submit.py:488} INFO - :: resolution report :: resolve 815ms :: artifacts dl 40ms
[2024-10-03T10:40:22.076+0000] {spark_submit.py:488} INFO - :: modules in use:
[2024-10-03T10:40:22.080+0000] {spark_submit.py:488} INFO - com.amazonaws#aws-java-sdk-bundle;1.11.901 from central in [default]
[2024-10-03T10:40:22.081+0000] {spark_submit.py:488} INFO - org.apache.hadoop#hadoop-aws;3.3.1 from central in [default]
[2024-10-03T10:40:22.082+0000] {spark_submit.py:488} INFO - org.wildfly.openssl#wildfly-openssl;1.0.7.Final from central in [default]
[2024-10-03T10:40:22.082+0000] {spark_submit.py:488} INFO - ---------------------------------------------------------------------
[2024-10-03T10:40:22.083+0000] {spark_submit.py:488} INFO - |                  |            modules            ||   artifacts   |
[2024-10-03T10:40:22.084+0000] {spark_submit.py:488} INFO - |       conf       | number| search|dwnlded|evicted|| number|dwnlded|
[2024-10-03T10:40:22.085+0000] {spark_submit.py:488} INFO - ---------------------------------------------------------------------
[2024-10-03T10:40:22.086+0000] {spark_submit.py:488} INFO - |      default     |   3   |   0   |   0   |   0   ||   3   |   0   |
[2024-10-03T10:40:22.086+0000] {spark_submit.py:488} INFO - ---------------------------------------------------------------------
[2024-10-03T10:40:22.090+0000] {spark_submit.py:488} INFO - :: retrieving :: org.apache.spark#spark-submit-parent-47d12a57-1bd2-4c9d-8722-205c41f93a35
[2024-10-03T10:40:22.091+0000] {spark_submit.py:488} INFO - confs: [default]
[2024-10-03T10:40:22.124+0000] {spark_submit.py:488} INFO - 0 artifacts copied, 3 already retrieved (0kB/33ms)
[2024-10-03T10:40:22.995+0000] {spark_submit.py:488} INFO - 24/10/03 10:40:22 WARN NativeCodeLoader: Unable to load native-hadoop library for your platform... using builtin-java classes where applicable
[2024-10-03T10:40:36.783+0000] {spark_submit.py:488} INFO - 24/10/03 10:40:36 INFO SparkContext: Running Spark version 3.5.3
[2024-10-03T10:40:36.786+0000] {spark_submit.py:488} INFO - 24/10/03 10:40:36 INFO SparkContext: OS info Linux, 5.15.153.1-microsoft-standard-WSL2, amd64
[2024-10-03T10:40:36.789+0000] {spark_submit.py:488} INFO - 24/10/03 10:40:36 INFO SparkContext: Java version 17.0.12
[2024-10-03T10:40:36.897+0000] {spark_submit.py:488} INFO - 24/10/03 10:40:36 INFO ResourceUtils: ==============================================================
[2024-10-03T10:40:36.898+0000] {spark_submit.py:488} INFO - 24/10/03 10:40:36 INFO ResourceUtils: No custom resources configured for spark.driver.
[2024-10-03T10:40:36.911+0000] {spark_submit.py:488} INFO - 24/10/03 10:40:36 INFO ResourceUtils: ==============================================================
[2024-10-03T10:40:36.912+0000] {spark_submit.py:488} INFO - 24/10/03 10:40:36 INFO SparkContext: Submitted application: ETL Pipeline - Categories
[2024-10-03T10:40:37.023+0000] {spark_submit.py:488} INFO - 24/10/03 10:40:37 INFO ResourceProfile: Default ResourceProfile created, executor resources: Map(memory -> name: memory, amount: 1024, script: , vendor: , offHeap -> name: offHeap, amount: 0, script: , vendor: ), task resources: Map(cpus -> name: cpus, amount: 1.0)
[2024-10-03T10:40:37.082+0000] {spark_submit.py:488} INFO - 24/10/03 10:40:37 INFO ResourceProfile: Limiting resource is cpu
[2024-10-03T10:40:37.084+0000] {spark_submit.py:488} INFO - 24/10/03 10:40:37 INFO ResourceProfileManager: Added ResourceProfile id: 0
[2024-10-03T10:40:37.311+0000] {spark_submit.py:488} INFO - 24/10/03 10:40:37 INFO SecurityManager: Changing view acls to: ***
[2024-10-03T10:40:37.312+0000] {spark_submit.py:488} INFO - 24/10/03 10:40:37 INFO SecurityManager: Changing modify acls to: ***
[2024-10-03T10:40:37.314+0000] {spark_submit.py:488} INFO - 24/10/03 10:40:37 INFO SecurityManager: Changing view acls groups to:
[2024-10-03T10:40:37.327+0000] {spark_submit.py:488} INFO - 24/10/03 10:40:37 INFO SecurityManager: Changing modify acls groups to:
[2024-10-03T10:40:37.328+0000] {spark_submit.py:488} INFO - 24/10/03 10:40:37 INFO SecurityManager: SecurityManager: authentication disabled; ui acls disabled; users with view permissions: ***; groups with view permissions: EMPTY; users with modify permissions: ***; groups with modify permissions: EMPTY
[2024-10-03T10:40:38.114+0000] {spark_submit.py:488} INFO - 24/10/03 10:40:38 INFO Utils: Successfully started service 'sparkDriver' on port 40525.
[2024-10-03T10:40:38.201+0000] {spark_submit.py:488} INFO - 24/10/03 10:40:38 INFO SparkEnv: Registering MapOutputTracker
[2024-10-03T10:40:38.348+0000] {spark_submit.py:488} INFO - 24/10/03 10:40:38 INFO SparkEnv: Registering BlockManagerMaster
[2024-10-03T10:40:38.418+0000] {spark_submit.py:488} INFO - 24/10/03 10:40:38 INFO BlockManagerMasterEndpoint: Using org.apache.spark.storage.DefaultTopologyMapper for getting topology information
[2024-10-03T10:40:38.423+0000] {spark_submit.py:488} INFO - 24/10/03 10:40:38 INFO BlockManagerMasterEndpoint: BlockManagerMasterEndpoint up
[2024-10-03T10:40:38.434+0000] {spark_submit.py:488} INFO - 24/10/03 10:40:38 INFO SparkEnv: Registering BlockManagerMasterHeartbeat
[2024-10-03T10:40:38.498+0000] {spark_submit.py:488} INFO - 24/10/03 10:40:38 INFO DiskBlockManager: Created local directory at /tmp/blockmgr-65319e6c-8a21-4dec-887f-7298bd6a56fd
[2024-10-03T10:40:38.550+0000] {spark_submit.py:488} INFO - 24/10/03 10:40:38 INFO MemoryStore: MemoryStore started with capacity 434.4 MiB
[2024-10-03T10:40:38.607+0000] {spark_submit.py:488} INFO - 24/10/03 10:40:38 INFO SparkEnv: Registering OutputCommitCoordinator
[2024-10-03T10:40:39.001+0000] {spark_submit.py:488} INFO - 24/10/03 10:40:39 INFO JettyUtils: Start Jetty 0.0.0.0:4040 for SparkUI
[2024-10-03T10:40:39.139+0000] {spark_submit.py:488} INFO - 24/10/03 10:40:39 INFO Utils: Successfully started service 'SparkUI' on port 4040.
[2024-10-03T10:40:39.239+0000] {spark_submit.py:488} INFO - 24/10/03 10:40:39 INFO SparkContext: Added JAR file:///home/***/.ivy2/jars/org.apache.hadoop_hadoop-aws-3.3.1.jar at spark://d9608c166c23:40525/jars/org.apache.hadoop_hadoop-aws-3.3.1.jar with timestamp 1727952036763
[2024-10-03T10:40:39.239+0000] {spark_submit.py:488} INFO - 24/10/03 10:40:39 INFO SparkContext: Added JAR file:///home/***/.ivy2/jars/com.amazonaws_aws-java-sdk-bundle-1.11.901.jar at spark://d9608c166c23:40525/jars/com.amazonaws_aws-java-sdk-bundle-1.11.901.jar with timestamp 1727952036763
[2024-10-03T10:40:39.240+0000] {spark_submit.py:488} INFO - 24/10/03 10:40:39 INFO SparkContext: Added JAR file:///home/***/.ivy2/jars/org.wildfly.openssl_wildfly-openssl-1.0.7.Final.jar at spark://d9608c166c23:40525/jars/org.wildfly.openssl_wildfly-openssl-1.0.7.Final.jar with timestamp 1727952036763
[2024-10-03T10:40:39.255+0000] {spark_submit.py:488} INFO - 24/10/03 10:40:39 INFO SparkContext: Added file file:///home/***/.ivy2/jars/org.apache.hadoop_hadoop-aws-3.3.1.jar at spark://d9608c166c23:40525/files/org.apache.hadoop_hadoop-aws-3.3.1.jar with timestamp 1727952036763
[2024-10-03T10:40:39.259+0000] {spark_submit.py:488} INFO - 24/10/03 10:40:39 INFO Utils: Copying /home/***/.ivy2/jars/org.apache.hadoop_hadoop-aws-3.3.1.jar to /tmp/spark-60352ccb-00ab-4f97-95ff-679a99b05d41/userFiles-1d65d3ca-e586-431b-afa9-2d3fe8589ecb/org.apache.hadoop_hadoop-aws-3.3.1.jar
[2024-10-03T10:40:39.286+0000] {spark_submit.py:488} INFO - 24/10/03 10:40:39 INFO SparkContext: Added file file:///home/***/.ivy2/jars/com.amazonaws_aws-java-sdk-bundle-1.11.901.jar at spark://d9608c166c23:40525/files/com.amazonaws_aws-java-sdk-bundle-1.11.901.jar with timestamp 1727952036763
[2024-10-03T10:40:39.287+0000] {spark_submit.py:488} INFO - 24/10/03 10:40:39 INFO Utils: Copying /home/***/.ivy2/jars/com.amazonaws_aws-java-sdk-bundle-1.11.901.jar to /tmp/spark-60352ccb-00ab-4f97-95ff-679a99b05d41/userFiles-1d65d3ca-e586-431b-afa9-2d3fe8589ecb/com.amazonaws_aws-java-sdk-bundle-1.11.901.jar
[2024-10-03T10:40:40.243+0000] {spark_submit.py:488} INFO - 24/10/03 10:40:40 INFO SparkContext: Added file file:///home/***/.ivy2/jars/org.wildfly.openssl_wildfly-openssl-1.0.7.Final.jar at spark://d9608c166c23:40525/files/org.wildfly.openssl_wildfly-openssl-1.0.7.Final.jar with timestamp 1727952036763
[2024-10-03T10:40:40.244+0000] {spark_submit.py:488} INFO - 24/10/03 10:40:40 INFO Utils: Copying /home/***/.ivy2/jars/org.wildfly.openssl_wildfly-openssl-1.0.7.Final.jar to /tmp/spark-60352ccb-00ab-4f97-95ff-679a99b05d41/userFiles-1d65d3ca-e586-431b-afa9-2d3fe8589ecb/org.wildfly.openssl_wildfly-openssl-1.0.7.Final.jar
[2024-10-03T10:40:40.455+0000] {spark_submit.py:488} INFO - 24/10/03 10:40:40 INFO StandaloneAppClient$ClientEndpoint: Connecting to master spark://spark-master:7077...
[2024-10-03T10:40:40.591+0000] {spark_submit.py:488} INFO - 24/10/03 10:40:40 INFO TransportClientFactory: Successfully created connection to spark-master/172.20.0.2:7077 after 86 ms (0 ms spent in bootstraps)
[2024-10-03T10:40:40.872+0000] {spark_submit.py:488} INFO - 24/10/03 10:40:40 INFO StandaloneSchedulerBackend: Connected to Spark cluster with app ID app-20241003104040-0005
[2024-10-03T10:40:40.880+0000] {spark_submit.py:488} INFO - 24/10/03 10:40:40 INFO StandaloneAppClient$ClientEndpoint: Executor added: app-20241003104040-0005/0 on worker-20241003094638-172.20.0.10-38773 (172.20.0.10:38773) with 2 core(s)
[2024-10-03T10:40:40.885+0000] {spark_submit.py:488} INFO - 24/10/03 10:40:40 INFO StandaloneSchedulerBackend: Granted executor ID app-20241003104040-0005/0 on hostPort 172.20.0.10:38773 with 2 core(s), 1024.0 MiB RAM
[2024-10-03T10:40:40.903+0000] {spark_submit.py:488} INFO - 24/10/03 10:40:40 INFO Utils: Successfully started service 'org.apache.spark.network.netty.NettyBlockTransferService' on port 34869.
[2024-10-03T10:40:40.905+0000] {spark_submit.py:488} INFO - 24/10/03 10:40:40 INFO NettyBlockTransferService: Server created on d9608c166c23:34869
[2024-10-03T10:40:40.909+0000] {spark_submit.py:488} INFO - 24/10/03 10:40:40 INFO BlockManager: Using org.apache.spark.storage.RandomBlockReplicationPolicy for block replication policy
[2024-10-03T10:40:40.929+0000] {spark_submit.py:488} INFO - 24/10/03 10:40:40 INFO BlockManagerMaster: Registering BlockManager BlockManagerId(driver, d9608c166c23, 34869, None)
[2024-10-03T10:40:40.936+0000] {spark_submit.py:488} INFO - 24/10/03 10:40:40 INFO BlockManagerMasterEndpoint: Registering block manager d9608c166c23:34869 with 434.4 MiB RAM, BlockManagerId(driver, d9608c166c23, 34869, None)
[2024-10-03T10:40:40.940+0000] {spark_submit.py:488} INFO - 24/10/03 10:40:40 INFO BlockManagerMaster: Registered BlockManager BlockManagerId(driver, d9608c166c23, 34869, None)
[2024-10-03T10:40:40.942+0000] {spark_submit.py:488} INFO - 24/10/03 10:40:40 INFO BlockManager: Initialized BlockManager: BlockManagerId(driver, d9608c166c23, 34869, None)
[2024-10-03T10:40:41.017+0000] {spark_submit.py:488} INFO - 24/10/03 10:40:41 INFO StandaloneAppClient$ClientEndpoint: Executor updated: app-20241003104040-0005/0 is now RUNNING
[2024-10-03T10:40:42.302+0000] {spark_submit.py:488} INFO - 24/10/03 10:40:42 INFO StandaloneSchedulerBackend: SchedulerBackend is ready for scheduling beginning after reached minRegisteredResourcesRatio: 0.0
[2024-10-03T10:40:51.019+0000] {spark_submit.py:488} INFO - 24/10/03 10:40:51 INFO StandaloneSchedulerBackend$StandaloneDriverEndpoint: Registered executor NettyRpcEndpointRef(spark-client://Executor) (172.20.0.10:47510) with ID 0,  ResourceProfileId 0
[2024-10-03T10:40:51.323+0000] {spark_submit.py:488} INFO - 24/10/03 10:40:51 INFO BlockManagerMasterEndpoint: Registering block manager 172.20.0.10:34885 with 434.4 MiB RAM, BlockManagerId(0, 172.20.0.10, 34885, None)
[2024-10-03T10:40:51.909+0000] {spark_submit.py:488} INFO - [2024-10-03T10:40:51.905+0000] {base.py:84} INFO - Retrieving connection 'staging_db'
[2024-10-03T10:40:51.938+0000] {spark_submit.py:488} INFO - ['category', 'categoryname', 'created_at']
[2024-10-03T10:40:51.939+0000] {spark_submit.py:488} INFO - [(1, 'Action', datetime.datetime(2004, 3, 1, 0, 0)), (2, 'Animation', datetime.datetime(2004, 3, 1, 0, 0)), (3, 'Children', datetime.datetime(2004, 3, 1, 0, 0)), (4, 'Classics', datetime.datetime(2004, 3, 1, 0, 0)), (5, 'Comedy', datetime.datetime(2004, 3, 1, 0, 0)), (6, 'Documentary', datetime.datetime(2004, 3, 1, 0, 0)), (7, 'Drama', datetime.datetime(2004, 3, 1, 0, 0)), (8, 'Family', datetime.datetime(2004, 3, 1, 0, 0)), (9, 'Foreign', datetime.datetime(2004, 3, 1, 0, 0)), (10, 'Games', datetime.datetime(2004, 3, 1, 0, 0)), (11, 'Horror', datetime.datetime(2004, 3, 1, 0, 0)), (12, 'Music', datetime.datetime(2004, 3, 1, 0, 0)), (13, 'New', datetime.datetime(2004, 3, 1, 0, 0)), (14, 'Sci-Fi', datetime.datetime(2004, 3, 1, 0, 0)), (15, 'Sports', datetime.datetime(2004, 3, 1, 0, 0)), (16, 'Travel', datetime.datetime(2004, 3, 1, 0, 0))]
[2024-10-03T10:40:51.968+0000] {spark_submit.py:488} INFO - 24/10/03 10:40:51 INFO SharedState: Setting hive.metastore.warehouse.dir ('null') to the value of spark.sql.warehouse.dir.
[2024-10-03T10:40:51.981+0000] {spark_submit.py:488} INFO - 24/10/03 10:40:51 INFO SharedState: Warehouse path is 'file:/opt/***/spark-warehouse'.
[2024-10-03T10:40:59.804+0000] {spark_submit.py:488} INFO - DataFrame content before writing to CSV:
[2024-10-03T10:41:02.460+0000] {spark_submit.py:488} INFO - 24/10/03 10:41:02 INFO CodeGenerator: Code generated in 667.971571 ms
[2024-10-03T10:41:02.810+0000] {spark_submit.py:488} INFO - 24/10/03 10:41:02 INFO DAGScheduler: Registering RDD 7 (showString at NativeMethodAccessorImpl.java:0) as input to shuffle 0
[2024-10-03T10:41:02.823+0000] {spark_submit.py:488} INFO - 24/10/03 10:41:02 INFO DAGScheduler: Got map stage job 0 (showString at NativeMethodAccessorImpl.java:0) with 2 output partitions
[2024-10-03T10:41:02.825+0000] {spark_submit.py:488} INFO - 24/10/03 10:41:02 INFO DAGScheduler: Final stage: ShuffleMapStage 0 (showString at NativeMethodAccessorImpl.java:0)
[2024-10-03T10:41:02.826+0000] {spark_submit.py:488} INFO - 24/10/03 10:41:02 INFO DAGScheduler: Parents of final stage: List()
[2024-10-03T10:41:02.830+0000] {spark_submit.py:488} INFO - 24/10/03 10:41:02 INFO DAGScheduler: Missing parents: List()
[2024-10-03T10:41:02.844+0000] {spark_submit.py:488} INFO - 24/10/03 10:41:02 INFO DAGScheduler: Submitting ShuffleMapStage 0 (MapPartitionsRDD[7] at showString at NativeMethodAccessorImpl.java:0), which has no missing parents
[2024-10-03T10:41:03.068+0000] {spark_submit.py:488} INFO - 24/10/03 10:41:03 INFO MemoryStore: Block broadcast_0 stored as values in memory (estimated size 29.3 KiB, free 434.4 MiB)
[2024-10-03T10:41:03.176+0000] {spark_submit.py:488} INFO - 24/10/03 10:41:03 INFO MemoryStore: Block broadcast_0_piece0 stored as bytes in memory (estimated size 14.3 KiB, free 434.4 MiB)
[2024-10-03T10:41:03.197+0000] {spark_submit.py:488} INFO - 24/10/03 10:41:03 INFO BlockManagerInfo: Added broadcast_0_piece0 in memory on d9608c166c23:34869 (size: 14.3 KiB, free: 434.4 MiB)
[2024-10-03T10:41:03.219+0000] {spark_submit.py:488} INFO - 24/10/03 10:41:03 INFO SparkContext: Created broadcast 0 from broadcast at DAGScheduler.scala:1585
[2024-10-03T10:41:03.275+0000] {spark_submit.py:488} INFO - 24/10/03 10:41:03 INFO DAGScheduler: Submitting 2 missing tasks from ShuffleMapStage 0 (MapPartitionsRDD[7] at showString at NativeMethodAccessorImpl.java:0) (first 15 tasks are for partitions Vector(0, 1))
[2024-10-03T10:41:03.279+0000] {spark_submit.py:488} INFO - 24/10/03 10:41:03 INFO TaskSchedulerImpl: Adding task set 0.0 with 2 tasks resource profile 0
[2024-10-03T10:41:03.370+0000] {spark_submit.py:488} INFO - 24/10/03 10:41:03 INFO TaskSetManager: Starting task 0.0 in stage 0.0 (TID 0) (172.20.0.10, executor 0, partition 0, PROCESS_LOCAL, 9915 bytes)
[2024-10-03T10:41:03.380+0000] {spark_submit.py:488} INFO - 24/10/03 10:41:03 INFO TaskSetManager: Starting task 1.0 in stage 0.0 (TID 1) (172.20.0.10, executor 0, partition 1, PROCESS_LOCAL, 9900 bytes)
[2024-10-03T10:41:04.076+0000] {spark_submit.py:488} INFO - 24/10/03 10:41:04 INFO BlockManagerInfo: Added broadcast_0_piece0 in memory on 172.20.0.10:34885 (size: 14.3 KiB, free: 434.4 MiB)
[2024-10-03T10:41:12.614+0000] {spark_submit.py:488} INFO - 24/10/03 10:41:12 INFO TaskSetManager: Finished task 0.0 in stage 0.0 (TID 0) in 9273 ms on 172.20.0.10 (executor 0) (1/2)
[2024-10-03T10:41:12.617+0000] {spark_submit.py:488} INFO - 24/10/03 10:41:12 INFO TaskSetManager: Finished task 1.0 in stage 0.0 (TID 1) in 9239 ms on 172.20.0.10 (executor 0) (2/2)
[2024-10-03T10:41:12.619+0000] {spark_submit.py:488} INFO - 24/10/03 10:41:12 INFO TaskSchedulerImpl: Removed TaskSet 0.0, whose tasks have all completed, from pool
[2024-10-03T10:41:12.630+0000] {spark_submit.py:488} INFO - 24/10/03 10:41:12 INFO PythonAccumulatorV2: Connected to AccumulatorServer at host: 127.0.0.1 port: 57397
[2024-10-03T10:41:12.644+0000] {spark_submit.py:488} INFO - 24/10/03 10:41:12 INFO DAGScheduler: ShuffleMapStage 0 (showString at NativeMethodAccessorImpl.java:0) finished in 9.773 s
[2024-10-03T10:41:12.646+0000] {spark_submit.py:488} INFO - 24/10/03 10:41:12 INFO DAGScheduler: looking for newly runnable stages
[2024-10-03T10:41:12.649+0000] {spark_submit.py:488} INFO - 24/10/03 10:41:12 INFO DAGScheduler: running: Set()
[2024-10-03T10:41:12.651+0000] {spark_submit.py:488} INFO - 24/10/03 10:41:12 INFO DAGScheduler: waiting: Set()
[2024-10-03T10:41:12.652+0000] {spark_submit.py:488} INFO - 24/10/03 10:41:12 INFO DAGScheduler: failed: Set()
[2024-10-03T10:41:12.748+0000] {spark_submit.py:488} INFO - 24/10/03 10:41:12 INFO ShufflePartitionsUtil: For shuffle(0), advisory target size: 67108864, actual target size 1048576, minimum partition size: 1048576
[2024-10-03T10:41:12.931+0000] {spark_submit.py:488} INFO - 24/10/03 10:41:12 INFO CodeGenerator: Code generated in 78.874692 ms
[2024-10-03T10:41:13.045+0000] {spark_submit.py:488} INFO - 24/10/03 10:41:13 INFO SparkContext: Starting job: showString at NativeMethodAccessorImpl.java:0
[2024-10-03T10:41:13.055+0000] {spark_submit.py:488} INFO - 24/10/03 10:41:13 INFO DAGScheduler: Got job 1 (showString at NativeMethodAccessorImpl.java:0) with 1 output partitions
[2024-10-03T10:41:13.057+0000] {spark_submit.py:488} INFO - 24/10/03 10:41:13 INFO DAGScheduler: Final stage: ResultStage 2 (showString at NativeMethodAccessorImpl.java:0)
[2024-10-03T10:41:13.058+0000] {spark_submit.py:488} INFO - 24/10/03 10:41:13 INFO DAGScheduler: Parents of final stage: List(ShuffleMapStage 1)
[2024-10-03T10:41:13.060+0000] {spark_submit.py:488} INFO - 24/10/03 10:41:13 INFO DAGScheduler: Missing parents: List()
[2024-10-03T10:41:13.064+0000] {spark_submit.py:488} INFO - 24/10/03 10:41:13 INFO DAGScheduler: Submitting ResultStage 2 (MapPartitionsRDD[11] at showString at NativeMethodAccessorImpl.java:0), which has no missing parents
[2024-10-03T10:41:13.118+0000] {spark_submit.py:488} INFO - 24/10/03 10:41:13 INFO MemoryStore: Block broadcast_1 stored as values in memory (estimated size 35.7 KiB, free 434.3 MiB)
[2024-10-03T10:41:13.131+0000] {spark_submit.py:488} INFO - 24/10/03 10:41:13 INFO MemoryStore: Block broadcast_1_piece0 stored as bytes in memory (estimated size 17.5 KiB, free 434.3 MiB)
[2024-10-03T10:41:13.133+0000] {spark_submit.py:488} INFO - 24/10/03 10:41:13 INFO BlockManagerInfo: Added broadcast_1_piece0 in memory on d9608c166c23:34869 (size: 17.5 KiB, free: 434.4 MiB)
[2024-10-03T10:41:13.135+0000] {spark_submit.py:488} INFO - 24/10/03 10:41:13 INFO SparkContext: Created broadcast 1 from broadcast at DAGScheduler.scala:1585
[2024-10-03T10:41:13.139+0000] {spark_submit.py:488} INFO - 24/10/03 10:41:13 INFO DAGScheduler: Submitting 1 missing tasks from ResultStage 2 (MapPartitionsRDD[11] at showString at NativeMethodAccessorImpl.java:0) (first 15 tasks are for partitions Vector(0))
[2024-10-03T10:41:13.139+0000] {spark_submit.py:488} INFO - 24/10/03 10:41:13 INFO TaskSchedulerImpl: Adding task set 2.0 with 1 tasks resource profile 0
[2024-10-03T10:41:13.159+0000] {spark_submit.py:488} INFO - 24/10/03 10:41:13 INFO TaskSetManager: Starting task 0.0 in stage 2.0 (TID 2) (172.20.0.10, executor 0, partition 0, NODE_LOCAL, 9733 bytes)
[2024-10-03T10:41:13.198+0000] {spark_submit.py:488} INFO - 24/10/03 10:41:13 INFO BlockManagerInfo: Removed broadcast_0_piece0 on d9608c166c23:34869 in memory (size: 14.3 KiB, free: 434.4 MiB)
[2024-10-03T10:41:13.239+0000] {spark_submit.py:488} INFO - 24/10/03 10:41:13 INFO BlockManagerInfo: Removed broadcast_0_piece0 on 172.20.0.10:34885 in memory (size: 14.3 KiB, free: 434.4 MiB)
[2024-10-03T10:41:13.258+0000] {spark_submit.py:488} INFO - 24/10/03 10:41:13 INFO BlockManagerInfo: Added broadcast_1_piece0 in memory on 172.20.0.10:34885 (size: 17.5 KiB, free: 434.4 MiB)
[2024-10-03T10:41:13.582+0000] {spark_submit.py:488} INFO - 24/10/03 10:41:13 INFO MapOutputTrackerMasterEndpoint: Asked to send map output locations for shuffle 0 to 172.20.0.10:47510
[2024-10-03T10:41:14.768+0000] {spark_submit.py:488} INFO - 24/10/03 10:41:14 INFO TaskSetManager: Finished task 0.0 in stage 2.0 (TID 2) in 1614 ms on 172.20.0.10 (executor 0) (1/1)
[2024-10-03T10:41:14.769+0000] {spark_submit.py:488} INFO - 24/10/03 10:41:14 INFO TaskSchedulerImpl: Removed TaskSet 2.0, whose tasks have all completed, from pool
[2024-10-03T10:41:14.783+0000] {spark_submit.py:488} INFO - 24/10/03 10:41:14 INFO DAGScheduler: ResultStage 2 (showString at NativeMethodAccessorImpl.java:0) finished in 1.682 s
[2024-10-03T10:41:14.800+0000] {spark_submit.py:488} INFO - 24/10/03 10:41:14 INFO DAGScheduler: Job 1 is finished. Cancelling potential speculative or zombie tasks for this job
[2024-10-03T10:41:14.815+0000] {spark_submit.py:488} INFO - 24/10/03 10:41:14 INFO TaskSchedulerImpl: Killing all running tasks in stage 2: Stage finished
[2024-10-03T10:41:14.824+0000] {spark_submit.py:488} INFO - 24/10/03 10:41:14 INFO DAGScheduler: Job 1 finished: showString at NativeMethodAccessorImpl.java:0, took 1.776502 s
[2024-10-03T10:41:18.856+0000] {spark_submit.py:488} INFO - 24/10/03 10:41:18 INFO BlockManagerInfo: Removed broadcast_1_piece0 on d9608c166c23:34869 in memory (size: 17.5 KiB, free: 434.4 MiB)
[2024-10-03T10:41:18.897+0000] {spark_submit.py:488} INFO - 24/10/03 10:41:18 INFO BlockManagerInfo: Removed broadcast_1_piece0 on 172.20.0.10:34885 in memory (size: 17.5 KiB, free: 434.4 MiB)
[2024-10-03T10:41:19.994+0000] {spark_submit.py:488} INFO - 24/10/03 10:41:19 INFO CodeGenerator: Code generated in 58.968695 ms
[2024-10-03T10:41:20.036+0000] {spark_submit.py:488} INFO - +-----------+-------------+
[2024-10-03T10:41:20.037+0000] {spark_submit.py:488} INFO - |category_nk|category_name|
[2024-10-03T10:41:20.038+0000] {spark_submit.py:488} INFO - +-----------+-------------+
[2024-10-03T10:41:20.039+0000] {spark_submit.py:488} INFO - |          1|       Action|
[2024-10-03T10:41:20.039+0000] {spark_submit.py:488} INFO - |          2|    Animation|
[2024-10-03T10:41:20.040+0000] {spark_submit.py:488} INFO - |          3|     Children|
[2024-10-03T10:41:20.041+0000] {spark_submit.py:488} INFO - |          4|     Classics|
[2024-10-03T10:41:20.041+0000] {spark_submit.py:488} INFO - |          5|       Comedy|
[2024-10-03T10:41:20.042+0000] {spark_submit.py:488} INFO - +-----------+-------------+
[2024-10-03T10:41:20.043+0000] {spark_submit.py:488} INFO - only showing top 5 rows
[2024-10-03T10:41:20.043+0000] {spark_submit.py:488} INFO - 
[2024-10-03T10:41:20.661+0000] {spark_submit.py:488} INFO - 24/10/03 10:41:20 INFO CodeGenerator: Code generated in 214.470282 ms
[2024-10-03T10:41:20.691+0000] {spark_submit.py:488} INFO - 24/10/03 10:41:20 INFO DAGScheduler: Registering RDD 13 (count at NativeMethodAccessorImpl.java:0) as input to shuffle 1
[2024-10-03T10:41:20.692+0000] {spark_submit.py:488} INFO - 24/10/03 10:41:20 INFO DAGScheduler: Got map stage job 2 (count at NativeMethodAccessorImpl.java:0) with 2 output partitions
[2024-10-03T10:41:20.693+0000] {spark_submit.py:488} INFO - 24/10/03 10:41:20 INFO DAGScheduler: Final stage: ShuffleMapStage 3 (count at NativeMethodAccessorImpl.java:0)
[2024-10-03T10:41:20.694+0000] {spark_submit.py:488} INFO - 24/10/03 10:41:20 INFO DAGScheduler: Parents of final stage: List()
[2024-10-03T10:41:20.695+0000] {spark_submit.py:488} INFO - 24/10/03 10:41:20 INFO DAGScheduler: Missing parents: List()
[2024-10-03T10:41:20.697+0000] {spark_submit.py:488} INFO - 24/10/03 10:41:20 INFO DAGScheduler: Submitting ShuffleMapStage 3 (MapPartitionsRDD[13] at count at NativeMethodAccessorImpl.java:0), which has no missing parents
[2024-10-03T10:41:20.716+0000] {spark_submit.py:488} INFO - 24/10/03 10:41:20 INFO MemoryStore: Block broadcast_2 stored as values in memory (estimated size 34.4 KiB, free 434.4 MiB)
[2024-10-03T10:41:20.749+0000] {spark_submit.py:488} INFO - 24/10/03 10:41:20 INFO MemoryStore: Block broadcast_2_piece0 stored as bytes in memory (estimated size 16.6 KiB, free 434.4 MiB)
[2024-10-03T10:41:20.751+0000] {spark_submit.py:488} INFO - 24/10/03 10:41:20 INFO BlockManagerInfo: Added broadcast_2_piece0 in memory on d9608c166c23:34869 (size: 16.6 KiB, free: 434.4 MiB)
[2024-10-03T10:41:20.753+0000] {spark_submit.py:488} INFO - 24/10/03 10:41:20 INFO SparkContext: Created broadcast 2 from broadcast at DAGScheduler.scala:1585
[2024-10-03T10:41:20.755+0000] {spark_submit.py:488} INFO - 24/10/03 10:41:20 INFO DAGScheduler: Submitting 2 missing tasks from ShuffleMapStage 3 (MapPartitionsRDD[13] at count at NativeMethodAccessorImpl.java:0) (first 15 tasks are for partitions Vector(0, 1))
[2024-10-03T10:41:20.756+0000] {spark_submit.py:488} INFO - 24/10/03 10:41:20 INFO TaskSchedulerImpl: Adding task set 3.0 with 2 tasks resource profile 0
[2024-10-03T10:41:20.759+0000] {spark_submit.py:488} INFO - 24/10/03 10:41:20 INFO TaskSetManager: Starting task 0.0 in stage 3.0 (TID 3) (172.20.0.10, executor 0, partition 0, PROCESS_LOCAL, 9915 bytes)
[2024-10-03T10:41:20.762+0000] {spark_submit.py:488} INFO - 24/10/03 10:41:20 INFO TaskSetManager: Starting task 1.0 in stage 3.0 (TID 4) (172.20.0.10, executor 0, partition 1, PROCESS_LOCAL, 9900 bytes)
[2024-10-03T10:41:20.814+0000] {spark_submit.py:488} INFO - 24/10/03 10:41:20 INFO BlockManagerInfo: Added broadcast_2_piece0 in memory on 172.20.0.10:34885 (size: 16.6 KiB, free: 434.4 MiB)
[2024-10-03T10:41:21.375+0000] {spark_submit.py:488} INFO - 24/10/03 10:41:21 INFO TaskSetManager: Finished task 1.0 in stage 3.0 (TID 4) in 615 ms on 172.20.0.10 (executor 0) (1/2)
[2024-10-03T10:41:21.387+0000] {spark_submit.py:488} INFO - 24/10/03 10:41:21 INFO TaskSetManager: Finished task 0.0 in stage 3.0 (TID 3) in 623 ms on 172.20.0.10 (executor 0) (2/2)
[2024-10-03T10:41:21.400+0000] {spark_submit.py:488} INFO - 24/10/03 10:41:21 INFO TaskSchedulerImpl: Removed TaskSet 3.0, whose tasks have all completed, from pool
[2024-10-03T10:41:21.402+0000] {spark_submit.py:488} INFO - 24/10/03 10:41:21 INFO DAGScheduler: ShuffleMapStage 3 (count at NativeMethodAccessorImpl.java:0) finished in 0.684 s
[2024-10-03T10:41:21.403+0000] {spark_submit.py:488} INFO - 24/10/03 10:41:21 INFO DAGScheduler: looking for newly runnable stages
[2024-10-03T10:41:21.404+0000] {spark_submit.py:488} INFO - 24/10/03 10:41:21 INFO DAGScheduler: running: Set()
[2024-10-03T10:41:21.404+0000] {spark_submit.py:488} INFO - 24/10/03 10:41:21 INFO DAGScheduler: waiting: Set()
[2024-10-03T10:41:21.405+0000] {spark_submit.py:488} INFO - 24/10/03 10:41:21 INFO DAGScheduler: failed: Set()
[2024-10-03T10:41:21.443+0000] {spark_submit.py:488} INFO - 24/10/03 10:41:21 INFO ShufflePartitionsUtil: For shuffle(1), advisory target size: 67108864, actual target size 1048576, minimum partition size: 1048576
[2024-10-03T10:41:21.810+0000] {spark_submit.py:488} INFO - 24/10/03 10:41:21 INFO CodeGenerator: Code generated in 205.690784 ms
[2024-10-03T10:41:21.876+0000] {spark_submit.py:488} INFO - 24/10/03 10:41:21 INFO DAGScheduler: Registering RDD 16 (count at NativeMethodAccessorImpl.java:0) as input to shuffle 2
[2024-10-03T10:41:21.877+0000] {spark_submit.py:488} INFO - 24/10/03 10:41:21 INFO DAGScheduler: Got map stage job 3 (count at NativeMethodAccessorImpl.java:0) with 1 output partitions
[2024-10-03T10:41:21.877+0000] {spark_submit.py:488} INFO - 24/10/03 10:41:21 INFO DAGScheduler: Final stage: ShuffleMapStage 5 (count at NativeMethodAccessorImpl.java:0)
[2024-10-03T10:41:21.878+0000] {spark_submit.py:488} INFO - 24/10/03 10:41:21 INFO DAGScheduler: Parents of final stage: List(ShuffleMapStage 4)
[2024-10-03T10:41:21.880+0000] {spark_submit.py:488} INFO - 24/10/03 10:41:21 INFO DAGScheduler: Missing parents: List()
[2024-10-03T10:41:21.893+0000] {spark_submit.py:488} INFO - 24/10/03 10:41:21 INFO DAGScheduler: Submitting ShuffleMapStage 5 (MapPartitionsRDD[16] at count at NativeMethodAccessorImpl.java:0), which has no missing parents
[2024-10-03T10:41:21.943+0000] {spark_submit.py:488} INFO - 24/10/03 10:41:21 INFO MemoryStore: Block broadcast_3 stored as values in memory (estimated size 44.6 KiB, free 434.3 MiB)
[2024-10-03T10:41:21.985+0000] {spark_submit.py:488} INFO - 24/10/03 10:41:21 INFO MemoryStore: Block broadcast_3_piece0 stored as bytes in memory (estimated size 21.1 KiB, free 434.3 MiB)
[2024-10-03T10:41:21.987+0000] {spark_submit.py:488} INFO - 24/10/03 10:41:21 INFO BlockManagerInfo: Added broadcast_3_piece0 in memory on d9608c166c23:34869 (size: 21.1 KiB, free: 434.4 MiB)
[2024-10-03T10:41:21.990+0000] {spark_submit.py:488} INFO - 24/10/03 10:41:21 INFO SparkContext: Created broadcast 3 from broadcast at DAGScheduler.scala:1585
[2024-10-03T10:41:21.994+0000] {spark_submit.py:488} INFO - 24/10/03 10:41:21 INFO DAGScheduler: Submitting 1 missing tasks from ShuffleMapStage 5 (MapPartitionsRDD[16] at count at NativeMethodAccessorImpl.java:0) (first 15 tasks are for partitions Vector(0))
[2024-10-03T10:41:21.997+0000] {spark_submit.py:488} INFO - 24/10/03 10:41:21 INFO TaskSchedulerImpl: Adding task set 5.0 with 1 tasks resource profile 0
[2024-10-03T10:41:22.006+0000] {spark_submit.py:488} INFO - 24/10/03 10:41:22 INFO BlockManagerInfo: Removed broadcast_2_piece0 on 172.20.0.10:34885 in memory (size: 16.6 KiB, free: 434.4 MiB)
[2024-10-03T10:41:22.008+0000] {spark_submit.py:488} INFO - 24/10/03 10:41:22 INFO TaskSetManager: Starting task 0.0 in stage 5.0 (TID 5) (172.20.0.10, executor 0, partition 0, NODE_LOCAL, 9722 bytes)
[2024-10-03T10:41:22.028+0000] {spark_submit.py:488} INFO - 24/10/03 10:41:22 INFO BlockManagerInfo: Removed broadcast_2_piece0 on d9608c166c23:34869 in memory (size: 16.6 KiB, free: 434.4 MiB)
[2024-10-03T10:41:22.185+0000] {spark_submit.py:488} INFO - 24/10/03 10:41:22 INFO BlockManagerInfo: Added broadcast_3_piece0 in memory on 172.20.0.10:34885 (size: 21.1 KiB, free: 434.4 MiB)
[2024-10-03T10:41:22.365+0000] {spark_submit.py:488} INFO - 24/10/03 10:41:22 INFO MapOutputTrackerMasterEndpoint: Asked to send map output locations for shuffle 1 to 172.20.0.10:47510
[2024-10-03T10:41:22.855+0000] {spark_submit.py:488} INFO - 24/10/03 10:41:22 INFO TaskSetManager: Finished task 0.0 in stage 5.0 (TID 5) in 843 ms on 172.20.0.10 (executor 0) (1/1)
[2024-10-03T10:41:22.857+0000] {spark_submit.py:488} INFO - 24/10/03 10:41:22 INFO TaskSchedulerImpl: Removed TaskSet 5.0, whose tasks have all completed, from pool
[2024-10-03T10:41:22.867+0000] {spark_submit.py:488} INFO - 24/10/03 10:41:22 INFO DAGScheduler: ShuffleMapStage 5 (count at NativeMethodAccessorImpl.java:0) finished in 0.952 s
[2024-10-03T10:41:22.872+0000] {spark_submit.py:488} INFO - 24/10/03 10:41:22 INFO DAGScheduler: looking for newly runnable stages
[2024-10-03T10:41:22.878+0000] {spark_submit.py:488} INFO - 24/10/03 10:41:22 INFO DAGScheduler: running: Set()
[2024-10-03T10:41:22.882+0000] {spark_submit.py:488} INFO - 24/10/03 10:41:22 INFO DAGScheduler: waiting: Set()
[2024-10-03T10:41:22.885+0000] {spark_submit.py:488} INFO - 24/10/03 10:41:22 INFO DAGScheduler: failed: Set()
[2024-10-03T10:41:23.032+0000] {spark_submit.py:488} INFO - 24/10/03 10:41:23 INFO CodeGenerator: Code generated in 67.140795 ms
[2024-10-03T10:41:23.080+0000] {spark_submit.py:488} INFO - 24/10/03 10:41:23 INFO SparkContext: Starting job: count at NativeMethodAccessorImpl.java:0
[2024-10-03T10:41:23.090+0000] {spark_submit.py:488} INFO - 24/10/03 10:41:23 INFO DAGScheduler: Got job 4 (count at NativeMethodAccessorImpl.java:0) with 1 output partitions
[2024-10-03T10:41:23.091+0000] {spark_submit.py:488} INFO - 24/10/03 10:41:23 INFO DAGScheduler: Final stage: ResultStage 8 (count at NativeMethodAccessorImpl.java:0)
[2024-10-03T10:41:23.092+0000] {spark_submit.py:488} INFO - 24/10/03 10:41:23 INFO DAGScheduler: Parents of final stage: List(ShuffleMapStage 7)
[2024-10-03T10:41:23.092+0000] {spark_submit.py:488} INFO - 24/10/03 10:41:23 INFO DAGScheduler: Missing parents: List()
[2024-10-03T10:41:23.094+0000] {spark_submit.py:488} INFO - 24/10/03 10:41:23 INFO DAGScheduler: Submitting ResultStage 8 (MapPartitionsRDD[19] at count at NativeMethodAccessorImpl.java:0), which has no missing parents
[2024-10-03T10:41:23.105+0000] {spark_submit.py:488} INFO - 24/10/03 10:41:23 INFO MemoryStore: Block broadcast_4 stored as values in memory (estimated size 12.5 KiB, free 434.3 MiB)
[2024-10-03T10:41:23.120+0000] {spark_submit.py:488} INFO - 24/10/03 10:41:23 INFO MemoryStore: Block broadcast_4_piece0 stored as bytes in memory (estimated size 5.9 KiB, free 434.3 MiB)
[2024-10-03T10:41:23.128+0000] {spark_submit.py:488} INFO - 24/10/03 10:41:23 INFO BlockManagerInfo: Added broadcast_4_piece0 in memory on d9608c166c23:34869 (size: 5.9 KiB, free: 434.4 MiB)
[2024-10-03T10:41:23.132+0000] {spark_submit.py:488} INFO - 24/10/03 10:41:23 INFO SparkContext: Created broadcast 4 from broadcast at DAGScheduler.scala:1585
[2024-10-03T10:41:23.133+0000] {spark_submit.py:488} INFO - 24/10/03 10:41:23 INFO BlockManagerInfo: Removed broadcast_3_piece0 on d9608c166c23:34869 in memory (size: 21.1 KiB, free: 434.4 MiB)
[2024-10-03T10:41:23.136+0000] {spark_submit.py:488} INFO - 24/10/03 10:41:23 INFO DAGScheduler: Submitting 1 missing tasks from ResultStage 8 (MapPartitionsRDD[19] at count at NativeMethodAccessorImpl.java:0) (first 15 tasks are for partitions Vector(0))
[2024-10-03T10:41:23.137+0000] {spark_submit.py:488} INFO - 24/10/03 10:41:23 INFO TaskSchedulerImpl: Adding task set 8.0 with 1 tasks resource profile 0
[2024-10-03T10:41:23.139+0000] {spark_submit.py:488} INFO - 24/10/03 10:41:23 INFO BlockManagerInfo: Removed broadcast_3_piece0 on 172.20.0.10:34885 in memory (size: 21.1 KiB, free: 434.4 MiB)
[2024-10-03T10:41:23.149+0000] {spark_submit.py:488} INFO - 24/10/03 10:41:23 INFO TaskSetManager: Starting task 0.0 in stage 8.0 (TID 6) (172.20.0.10, executor 0, partition 0, NODE_LOCAL, 9733 bytes)
[2024-10-03T10:41:23.222+0000] {spark_submit.py:488} INFO - 24/10/03 10:41:23 INFO BlockManagerInfo: Added broadcast_4_piece0 in memory on 172.20.0.10:34885 (size: 5.9 KiB, free: 434.4 MiB)
[2024-10-03T10:41:23.265+0000] {spark_submit.py:488} INFO - 24/10/03 10:41:23 INFO MapOutputTrackerMasterEndpoint: Asked to send map output locations for shuffle 2 to 172.20.0.10:47510
[2024-10-03T10:41:23.362+0000] {spark_submit.py:488} INFO - 24/10/03 10:41:23 INFO TaskSetManager: Finished task 0.0 in stage 8.0 (TID 6) in 220 ms on 172.20.0.10 (executor 0) (1/1)
[2024-10-03T10:41:23.364+0000] {spark_submit.py:488} INFO - 24/10/03 10:41:23 INFO TaskSchedulerImpl: Removed TaskSet 8.0, whose tasks have all completed, from pool
[2024-10-03T10:41:23.374+0000] {spark_submit.py:488} INFO - 24/10/03 10:41:23 INFO DAGScheduler: ResultStage 8 (count at NativeMethodAccessorImpl.java:0) finished in 0.273 s
[2024-10-03T10:41:23.375+0000] {spark_submit.py:488} INFO - 24/10/03 10:41:23 INFO DAGScheduler: Job 4 is finished. Cancelling potential speculative or zombie tasks for this job
[2024-10-03T10:41:23.376+0000] {spark_submit.py:488} INFO - 24/10/03 10:41:23 INFO TaskSchedulerImpl: Killing all running tasks in stage 8: Stage finished
[2024-10-03T10:41:23.378+0000] {spark_submit.py:488} INFO - 24/10/03 10:41:23 INFO DAGScheduler: Job 4 finished: count at NativeMethodAccessorImpl.java:0, took 0.293684 s
[2024-10-03T10:41:23.393+0000] {spark_submit.py:488} INFO - DF COUNT 16
[2024-10-03T10:41:24.178+0000] {spark_submit.py:488} INFO - 24/10/03 10:41:24 WARN MetricsConfig: Cannot locate configuration: tried hadoop-metrics2-s3a-file-system.properties,hadoop-metrics2.properties
[2024-10-03T10:41:24.256+0000] {spark_submit.py:488} INFO - 24/10/03 10:41:24 INFO MetricsSystemImpl: Scheduled Metric snapshot period at 10 second(s).
[2024-10-03T10:41:24.257+0000] {spark_submit.py:488} INFO - 24/10/03 10:41:24 INFO MetricsSystemImpl: s3a-file-system metrics system started
[2024-10-03T10:41:25.986+0000] {spark_submit.py:488} INFO - 24/10/03 10:41:25 INFO BlockManagerInfo: Removed broadcast_4_piece0 on d9608c166c23:34869 in memory (size: 5.9 KiB, free: 434.4 MiB)
[2024-10-03T10:41:25.996+0000] {spark_submit.py:488} INFO - 24/10/03 10:41:25 INFO BlockManagerInfo: Removed broadcast_4_piece0 on 172.20.0.10:34885 in memory (size: 5.9 KiB, free: 434.4 MiB)
[2024-10-03T10:41:27.771+0000] {spark_submit.py:488} INFO - 24/10/03 10:41:27 INFO DAGScheduler: Registering RDD 22 (save at NativeMethodAccessorImpl.java:0) as input to shuffle 3
[2024-10-03T10:41:27.772+0000] {spark_submit.py:488} INFO - 24/10/03 10:41:27 INFO DAGScheduler: Got map stage job 5 (save at NativeMethodAccessorImpl.java:0) with 2 output partitions
[2024-10-03T10:41:27.772+0000] {spark_submit.py:488} INFO - 24/10/03 10:41:27 INFO DAGScheduler: Final stage: ShuffleMapStage 9 (save at NativeMethodAccessorImpl.java:0)
[2024-10-03T10:41:27.773+0000] {spark_submit.py:488} INFO - 24/10/03 10:41:27 INFO DAGScheduler: Parents of final stage: List()
[2024-10-03T10:41:27.774+0000] {spark_submit.py:488} INFO - 24/10/03 10:41:27 INFO DAGScheduler: Missing parents: List()
[2024-10-03T10:41:27.775+0000] {spark_submit.py:488} INFO - 24/10/03 10:41:27 INFO DAGScheduler: Submitting ShuffleMapStage 9 (MapPartitionsRDD[22] at save at NativeMethodAccessorImpl.java:0), which has no missing parents
[2024-10-03T10:41:27.793+0000] {spark_submit.py:488} INFO - 24/10/03 10:41:27 INFO MemoryStore: Block broadcast_5 stored as values in memory (estimated size 29.3 KiB, free 434.4 MiB)
[2024-10-03T10:41:27.824+0000] {spark_submit.py:488} INFO - 24/10/03 10:41:27 INFO MemoryStore: Block broadcast_5_piece0 stored as bytes in memory (estimated size 14.3 KiB, free 434.4 MiB)
[2024-10-03T10:41:27.830+0000] {spark_submit.py:488} INFO - 24/10/03 10:41:27 INFO BlockManagerInfo: Added broadcast_5_piece0 in memory on d9608c166c23:34869 (size: 14.3 KiB, free: 434.4 MiB)
[2024-10-03T10:41:27.833+0000] {spark_submit.py:488} INFO - 24/10/03 10:41:27 INFO SparkContext: Created broadcast 5 from broadcast at DAGScheduler.scala:1585
[2024-10-03T10:41:27.837+0000] {spark_submit.py:488} INFO - 24/10/03 10:41:27 INFO DAGScheduler: Submitting 2 missing tasks from ShuffleMapStage 9 (MapPartitionsRDD[22] at save at NativeMethodAccessorImpl.java:0) (first 15 tasks are for partitions Vector(0, 1))
[2024-10-03T10:41:27.839+0000] {spark_submit.py:488} INFO - 24/10/03 10:41:27 INFO TaskSchedulerImpl: Adding task set 9.0 with 2 tasks resource profile 0
[2024-10-03T10:41:27.846+0000] {spark_submit.py:488} INFO - 24/10/03 10:41:27 INFO TaskSetManager: Starting task 0.0 in stage 9.0 (TID 7) (172.20.0.10, executor 0, partition 0, PROCESS_LOCAL, 9915 bytes)
[2024-10-03T10:41:27.875+0000] {spark_submit.py:488} INFO - 24/10/03 10:41:27 INFO TaskSetManager: Starting task 1.0 in stage 9.0 (TID 8) (172.20.0.10, executor 0, partition 1, PROCESS_LOCAL, 9900 bytes)
[2024-10-03T10:41:27.924+0000] {spark_submit.py:488} INFO - 24/10/03 10:41:27 INFO BlockManagerInfo: Added broadcast_5_piece0 in memory on 172.20.0.10:34885 (size: 14.3 KiB, free: 434.4 MiB)
[2024-10-03T10:41:28.529+0000] {spark_submit.py:488} INFO - 24/10/03 10:41:28 INFO TaskSetManager: Finished task 0.0 in stage 9.0 (TID 7) in 684 ms on 172.20.0.10 (executor 0) (1/2)
[2024-10-03T10:41:28.564+0000] {spark_submit.py:488} INFO - 24/10/03 10:41:28 INFO TaskSetManager: Finished task 1.0 in stage 9.0 (TID 8) in 717 ms on 172.20.0.10 (executor 0) (2/2)
[2024-10-03T10:41:28.569+0000] {spark_submit.py:488} INFO - 24/10/03 10:41:28 INFO TaskSchedulerImpl: Removed TaskSet 9.0, whose tasks have all completed, from pool
[2024-10-03T10:41:28.578+0000] {spark_submit.py:488} INFO - 24/10/03 10:41:28 INFO DAGScheduler: ShuffleMapStage 9 (save at NativeMethodAccessorImpl.java:0) finished in 0.791 s
[2024-10-03T10:41:28.582+0000] {spark_submit.py:488} INFO - 24/10/03 10:41:28 INFO DAGScheduler: looking for newly runnable stages
[2024-10-03T10:41:28.583+0000] {spark_submit.py:488} INFO - 24/10/03 10:41:28 INFO DAGScheduler: running: Set()
[2024-10-03T10:41:28.584+0000] {spark_submit.py:488} INFO - 24/10/03 10:41:28 INFO DAGScheduler: waiting: Set()
[2024-10-03T10:41:28.585+0000] {spark_submit.py:488} INFO - 24/10/03 10:41:28 INFO DAGScheduler: failed: Set()
[2024-10-03T10:41:28.599+0000] {spark_submit.py:488} INFO - 24/10/03 10:41:28 INFO ShufflePartitionsUtil: For shuffle(3), advisory target size: 67108864, actual target size 1048576, minimum partition size: 1048576
[2024-10-03T10:41:29.999+0000] {spark_submit.py:488} INFO - 24/10/03 10:41:29 WARN AbstractS3ACommitterFactory: Using standard FileOutputCommitter to commit work. This is slow and potentially unsafe.
[2024-10-03T10:41:30.004+0000] {spark_submit.py:488} INFO - 24/10/03 10:41:30 INFO FileOutputCommitter: File Output Committer Algorithm version is 1
[2024-10-03T10:41:30.005+0000] {spark_submit.py:488} INFO - 24/10/03 10:41:30 INFO FileOutputCommitter: FileOutputCommitter skip cleanup _temporary folders under output directory:false, ignore cleanup failures: false
[2024-10-03T10:41:30.010+0000] {spark_submit.py:488} INFO - 24/10/03 10:41:30 INFO AbstractS3ACommitterFactory: Using Committer FileOutputCommitter{PathOutputCommitter{context=TaskAttemptContextImpl{JobContextImpl{jobId=job_202410031041295570529458162344045_0000}; taskId=attempt_202410031041295570529458162344045_0000_m_000000_0, status=''}; org.apache.hadoop.mapreduce.lib.output.FileOutputCommitter@29b189d3}; outputPath=s3a://transformed-data/categories.csv, workPath=s3a://transformed-data/categories.csv/_temporary/0/_temporary/attempt_202410031041295570529458162344045_0000_m_000000_0, algorithmVersion=1, skipCleanup=false, ignoreCleanupFailures=false} for s3a://transformed-data/categories.csv
[2024-10-03T10:41:30.012+0000] {spark_submit.py:488} INFO - 24/10/03 10:41:30 INFO SQLHadoopMapReduceCommitProtocol: Using output committer class org.apache.hadoop.mapreduce.lib.output.FileOutputCommitter
[2024-10-03T10:41:30.793+0000] {spark_submit.py:488} INFO - 24/10/03 10:41:30 INFO SparkContext: Starting job: save at NativeMethodAccessorImpl.java:0
[2024-10-03T10:41:30.801+0000] {spark_submit.py:488} INFO - 24/10/03 10:41:30 INFO DAGScheduler: Got job 6 (save at NativeMethodAccessorImpl.java:0) with 1 output partitions
[2024-10-03T10:41:30.802+0000] {spark_submit.py:488} INFO - 24/10/03 10:41:30 INFO DAGScheduler: Final stage: ResultStage 11 (save at NativeMethodAccessorImpl.java:0)
[2024-10-03T10:41:30.802+0000] {spark_submit.py:488} INFO - 24/10/03 10:41:30 INFO DAGScheduler: Parents of final stage: List(ShuffleMapStage 10)
[2024-10-03T10:41:30.803+0000] {spark_submit.py:488} INFO - 24/10/03 10:41:30 INFO DAGScheduler: Missing parents: List()
[2024-10-03T10:41:30.804+0000] {spark_submit.py:488} INFO - 24/10/03 10:41:30 INFO DAGScheduler: Submitting ResultStage 11 (MapPartitionsRDD[26] at save at NativeMethodAccessorImpl.java:0), which has no missing parents
[2024-10-03T10:41:30.964+0000] {spark_submit.py:488} INFO - 24/10/03 10:41:30 INFO MemoryStore: Block broadcast_6 stored as values in memory (estimated size 241.4 KiB, free 434.1 MiB)
[2024-10-03T10:41:30.980+0000] {spark_submit.py:488} INFO - 24/10/03 10:41:30 INFO MemoryStore: Block broadcast_6_piece0 stored as bytes in memory (estimated size 90.7 KiB, free 434.0 MiB)
[2024-10-03T10:41:30.984+0000] {spark_submit.py:488} INFO - 24/10/03 10:41:30 INFO BlockManagerInfo: Added broadcast_6_piece0 in memory on d9608c166c23:34869 (size: 90.7 KiB, free: 434.3 MiB)
[2024-10-03T10:41:30.987+0000] {spark_submit.py:488} INFO - 24/10/03 10:41:30 INFO SparkContext: Created broadcast 6 from broadcast at DAGScheduler.scala:1585
[2024-10-03T10:41:30.989+0000] {spark_submit.py:488} INFO - 24/10/03 10:41:30 INFO BlockManagerInfo: Removed broadcast_5_piece0 on d9608c166c23:34869 in memory (size: 14.3 KiB, free: 434.3 MiB)
[2024-10-03T10:41:30.990+0000] {spark_submit.py:488} INFO - 24/10/03 10:41:30 INFO DAGScheduler: Submitting 1 missing tasks from ResultStage 11 (MapPartitionsRDD[26] at save at NativeMethodAccessorImpl.java:0) (first 15 tasks are for partitions Vector(0))
[2024-10-03T10:41:30.991+0000] {spark_submit.py:488} INFO - 24/10/03 10:41:30 INFO TaskSchedulerImpl: Adding task set 11.0 with 1 tasks resource profile 0
[2024-10-03T10:41:31.003+0000] {spark_submit.py:488} INFO - 24/10/03 10:41:30 INFO BlockManagerInfo: Removed broadcast_5_piece0 on 172.20.0.10:34885 in memory (size: 14.3 KiB, free: 434.4 MiB)
[2024-10-03T10:41:31.016+0000] {spark_submit.py:488} INFO - 24/10/03 10:41:31 INFO TaskSetManager: Starting task 0.0 in stage 11.0 (TID 9) (172.20.0.10, executor 0, partition 0, NODE_LOCAL, 9733 bytes)
[2024-10-03T10:41:31.193+0000] {spark_submit.py:488} INFO - 24/10/03 10:41:31 INFO BlockManagerInfo: Added broadcast_6_piece0 in memory on 172.20.0.10:34885 (size: 90.7 KiB, free: 434.3 MiB)
[2024-10-03T10:41:31.695+0000] {spark_submit.py:488} INFO - 24/10/03 10:41:31 INFO MapOutputTrackerMasterEndpoint: Asked to send map output locations for shuffle 3 to 172.20.0.10:47510
[2024-10-03T10:41:38.120+0000] {spark_submit.py:488} INFO - 24/10/03 10:41:38 INFO TaskSetManager: Finished task 0.0 in stage 11.0 (TID 9) in 7105 ms on 172.20.0.10 (executor 0) (1/1)
[2024-10-03T10:41:38.121+0000] {spark_submit.py:488} INFO - 24/10/03 10:41:38 INFO TaskSchedulerImpl: Removed TaskSet 11.0, whose tasks have all completed, from pool
[2024-10-03T10:41:38.124+0000] {spark_submit.py:488} INFO - 24/10/03 10:41:38 INFO DAGScheduler: ResultStage 11 (save at NativeMethodAccessorImpl.java:0) finished in 7.310 s
[2024-10-03T10:41:38.125+0000] {spark_submit.py:488} INFO - 24/10/03 10:41:38 INFO DAGScheduler: Job 6 is finished. Cancelling potential speculative or zombie tasks for this job
[2024-10-03T10:41:38.126+0000] {spark_submit.py:488} INFO - 24/10/03 10:41:38 INFO TaskSchedulerImpl: Killing all running tasks in stage 11: Stage finished
[2024-10-03T10:41:38.128+0000] {spark_submit.py:488} INFO - 24/10/03 10:41:38 INFO DAGScheduler: Job 6 finished: save at NativeMethodAccessorImpl.java:0, took 7.333439 s
[2024-10-03T10:41:38.134+0000] {spark_submit.py:488} INFO - 24/10/03 10:41:38 INFO FileFormatWriter: Start to commit write Job eb0bd381-bd70-45f7-b046-8f7bfe02736e.
[2024-10-03T10:41:38.900+0000] {spark_submit.py:488} INFO - 24/10/03 10:41:38 INFO FileFormatWriter: Write Job eb0bd381-bd70-45f7-b046-8f7bfe02736e committed. Elapsed time: 761 ms.
[2024-10-03T10:41:38.916+0000] {spark_submit.py:488} INFO - 24/10/03 10:41:38 INFO FileFormatWriter: Finished processing stats for write job eb0bd381-bd70-45f7-b046-8f7bfe02736e.
[2024-10-03T10:41:38.937+0000] {spark_submit.py:488} INFO - 24/10/03 10:41:38 INFO SparkContext: SparkContext is stopping with exitCode 0.
[2024-10-03T10:41:38.984+0000] {spark_submit.py:488} INFO - 24/10/03 10:41:38 INFO SparkUI: Stopped Spark web UI at http://d9608c166c23:4040
[2024-10-03T10:41:39.009+0000] {spark_submit.py:488} INFO - 24/10/03 10:41:39 INFO StandaloneSchedulerBackend: Shutting down all executors
[2024-10-03T10:41:39.012+0000] {spark_submit.py:488} INFO - 24/10/03 10:41:39 INFO StandaloneSchedulerBackend$StandaloneDriverEndpoint: Asking each executor to shut down
[2024-10-03T10:41:39.167+0000] {spark_submit.py:488} INFO - 24/10/03 10:41:39 INFO MapOutputTrackerMasterEndpoint: MapOutputTrackerMasterEndpoint stopped!
[2024-10-03T10:41:39.278+0000] {spark_submit.py:488} INFO - 24/10/03 10:41:39 INFO MemoryStore: MemoryStore cleared
[2024-10-03T10:41:39.281+0000] {spark_submit.py:488} INFO - 24/10/03 10:41:39 INFO BlockManager: BlockManager stopped
[2024-10-03T10:41:39.301+0000] {spark_submit.py:488} INFO - 24/10/03 10:41:39 INFO BlockManagerMaster: BlockManagerMaster stopped
[2024-10-03T10:41:39.335+0000] {spark_submit.py:488} INFO - 24/10/03 10:41:39 INFO OutputCommitCoordinator$OutputCommitCoordinatorEndpoint: OutputCommitCoordinator stopped!
[2024-10-03T10:41:39.540+0000] {spark_submit.py:488} INFO - 24/10/03 10:41:39 INFO SparkContext: Successfully stopped SparkContext
[2024-10-03T10:41:40.134+0000] {spark_submit.py:488} INFO - [2024-10-03T10:41:40.133+0000] {clientserver.py:543} INFO - Closing down clientserver connection
[2024-10-03T10:41:42.111+0000] {spark_submit.py:488} INFO - 24/10/03 10:41:42 INFO ShutdownHookManager: Shutdown hook called
[2024-10-03T10:41:42.113+0000] {spark_submit.py:488} INFO - 24/10/03 10:41:42 INFO ShutdownHookManager: Deleting directory /tmp/spark-ae9b469b-968f-40fb-9864-3afb8e4af8bb
[2024-10-03T10:41:42.119+0000] {spark_submit.py:488} INFO - 24/10/03 10:41:42 INFO ShutdownHookManager: Deleting directory /tmp/spark-60352ccb-00ab-4f97-95ff-679a99b05d41
[2024-10-03T10:41:42.125+0000] {spark_submit.py:488} INFO - 24/10/03 10:41:42 INFO ShutdownHookManager: Deleting directory /tmp/spark-60352ccb-00ab-4f97-95ff-679a99b05d41/pyspark-67ce81ea-c060-4363-a7cd-64b941bca9d3
[2024-10-03T10:41:42.136+0000] {spark_submit.py:488} INFO - 24/10/03 10:41:42 INFO MetricsSystemImpl: Stopping s3a-file-system metrics system...
[2024-10-03T10:41:42.137+0000] {spark_submit.py:488} INFO - 24/10/03 10:41:42 INFO MetricsSystemImpl: s3a-file-system metrics system stopped.
[2024-10-03T10:41:42.137+0000] {spark_submit.py:488} INFO - 24/10/03 10:41:42 INFO MetricsSystemImpl: s3a-file-system metrics system shutdown complete.
[2024-10-03T10:41:42.279+0000] {taskinstance.py:340} INFO - ::group::Post task execution logs
[2024-10-03T10:41:42.280+0000] {taskinstance.py:352} INFO - Marking task as SUCCESS. dag_id=etl_pipeline, task_id=warehouse.step_1.extract_transform.categories, run_id=manual__2024-10-03T08:41:55.857004+00:00, execution_date=20241003T084155, start_date=20241003T104015, end_date=20241003T104142
[2024-10-03T10:41:42.374+0000] {local_task_job_runner.py:266} INFO - Task exited with return code 0
[2024-10-03T10:41:42.420+0000] {taskinstance.py:3900} INFO - 0 downstream tasks scheduled from follow-on schedule check
[2024-10-03T10:41:42.425+0000] {local_task_job_runner.py:245} INFO - ::endgroup::
