[2024-10-03T09:26:48.515+0000] {local_task_job_runner.py:123} INFO - ::group::Pre task execution logs
[2024-10-03T09:26:48.552+0000] {taskinstance.py:2612} INFO - Dependencies all met for dep_context=non-requeueable deps ti=<TaskInstance: etl_pipeline.warehouse.step_1.extract_transform.categories manual__2024-10-03T08:41:55.857004+00:00 [queued]>
[2024-10-03T09:26:48.569+0000] {taskinstance.py:2612} INFO - Dependencies all met for dep_context=requeueable deps ti=<TaskInstance: etl_pipeline.warehouse.step_1.extract_transform.categories manual__2024-10-03T08:41:55.857004+00:00 [queued]>
[2024-10-03T09:26:48.570+0000] {taskinstance.py:2865} INFO - Starting attempt 14 of 14
[2024-10-03T09:26:48.596+0000] {taskinstance.py:2888} INFO - Executing <Task(SparkSubmitOperator): warehouse.step_1.extract_transform.categories> on 2024-10-03 08:41:55.857004+00:00
[2024-10-03T09:26:48.611+0000] {logging_mixin.py:190} WARNING - /home/***/.local/lib/python3.12/site-packages/***/task/task_runner/standard_task_runner.py:70 DeprecationWarning: This process (pid=50273) is multi-threaded, use of fork() may lead to deadlocks in the child.
[2024-10-03T09:26:48.613+0000] {standard_task_runner.py:72} INFO - Started process 50281 to run task
[2024-10-03T09:26:48.611+0000] {standard_task_runner.py:104} INFO - Running: ['***', 'tasks', 'run', 'etl_pipeline', 'warehouse.step_1.extract_transform.categories', 'manual__2024-10-03T08:41:55.857004+00:00', '--job-id', '13655', '--raw', '--subdir', 'DAGS_FOLDER/etl_pipeline/run.py', '--cfg-path', '/tmp/tmp8fifauv5']
[2024-10-03T09:26:48.615+0000] {standard_task_runner.py:105} INFO - Job 13655: Subtask warehouse.step_1.extract_transform.categories
[2024-10-03T09:26:48.711+0000] {task_command.py:467} INFO - Running <TaskInstance: etl_pipeline.warehouse.step_1.extract_transform.categories manual__2024-10-03T08:41:55.857004+00:00 [running]> on host 8c0d519f07a3
[2024-10-03T09:26:48.889+0000] {taskinstance.py:3131} INFO - Exporting env vars: AIRFLOW_CTX_DAG_OWNER='***' AIRFLOW_CTX_DAG_ID='etl_pipeline' AIRFLOW_CTX_TASK_ID='warehouse.step_1.extract_transform.categories' AIRFLOW_CTX_EXECUTION_DATE='2024-10-03T08:41:55.857004+00:00' AIRFLOW_CTX_TRY_NUMBER='14' AIRFLOW_CTX_DAG_RUN_ID='manual__2024-10-03T08:41:55.857004+00:00'
[2024-10-03T09:26:48.891+0000] {taskinstance.py:731} INFO - ::endgroup::
[2024-10-03T09:26:48.914+0000] {base.py:84} INFO - Retrieving connection 'spark-conn'
[2024-10-03T09:26:48.916+0000] {spark_submit.py:335} INFO - Spark-Submit cmd: spark-submit --master spark://spark-master:7077 --name arrow-spark dags/etl_pipeline/tasks/warehouse/components/extract_transform.py categories False 2024-10-03
[2024-10-03T09:26:48.985+0000] {spark_submit.py:488} INFO - /home/***/.local/lib/python3.12/site-packages/pyspark/bin/load-spark-env.sh: line 68: ps: command not found
[2024-10-03T09:26:57.630+0000] {spark_submit.py:488} INFO - 24/10/03 09:26:57 INFO SparkContext: Running Spark version 3.5.3
[2024-10-03T09:26:57.636+0000] {spark_submit.py:488} INFO - 24/10/03 09:26:57 INFO SparkContext: OS info Linux, 5.15.153.1-microsoft-standard-WSL2, amd64
[2024-10-03T09:26:57.637+0000] {spark_submit.py:488} INFO - 24/10/03 09:26:57 INFO SparkContext: Java version 17.0.12
[2024-10-03T09:26:57.760+0000] {spark_submit.py:488} INFO - 24/10/03 09:26:57 WARN NativeCodeLoader: Unable to load native-hadoop library for your platform... using builtin-java classes where applicable
[2024-10-03T09:26:57.977+0000] {spark_submit.py:488} INFO - 24/10/03 09:26:57 INFO ResourceUtils: ==============================================================
[2024-10-03T09:26:57.978+0000] {spark_submit.py:488} INFO - 24/10/03 09:26:57 INFO ResourceUtils: No custom resources configured for spark.driver.
[2024-10-03T09:26:57.979+0000] {spark_submit.py:488} INFO - 24/10/03 09:26:57 INFO ResourceUtils: ==============================================================
[2024-10-03T09:26:57.980+0000] {spark_submit.py:488} INFO - 24/10/03 09:26:57 INFO SparkContext: Submitted application: Extract Transform - categories
[2024-10-03T09:26:58.025+0000] {spark_submit.py:488} INFO - 24/10/03 09:26:58 INFO ResourceProfile: Default ResourceProfile created, executor resources: Map(memory -> name: memory, amount: 1024, script: , vendor: , offHeap -> name: offHeap, amount: 0, script: , vendor: ), task resources: Map(cpus -> name: cpus, amount: 1.0)
[2024-10-03T09:26:58.041+0000] {spark_submit.py:488} INFO - 24/10/03 09:26:58 INFO ResourceProfile: Limiting resource is cpu
[2024-10-03T09:26:58.043+0000] {spark_submit.py:488} INFO - 24/10/03 09:26:58 INFO ResourceProfileManager: Added ResourceProfile id: 0
[2024-10-03T09:26:58.151+0000] {spark_submit.py:488} INFO - 24/10/03 09:26:58 INFO SecurityManager: Changing view acls to: ***
[2024-10-03T09:26:58.153+0000] {spark_submit.py:488} INFO - 24/10/03 09:26:58 INFO SecurityManager: Changing modify acls to: ***
[2024-10-03T09:26:58.156+0000] {spark_submit.py:488} INFO - 24/10/03 09:26:58 INFO SecurityManager: Changing view acls groups to:
[2024-10-03T09:26:58.158+0000] {spark_submit.py:488} INFO - 24/10/03 09:26:58 INFO SecurityManager: Changing modify acls groups to:
[2024-10-03T09:26:58.160+0000] {spark_submit.py:488} INFO - 24/10/03 09:26:58 INFO SecurityManager: SecurityManager: authentication disabled; ui acls disabled; users with view permissions: ***; groups with view permissions: EMPTY; users with modify permissions: ***; groups with modify permissions: EMPTY
[2024-10-03T09:26:58.667+0000] {spark_submit.py:488} INFO - 24/10/03 09:26:58 INFO Utils: Successfully started service 'sparkDriver' on port 45497.
[2024-10-03T09:26:58.720+0000] {spark_submit.py:488} INFO - 24/10/03 09:26:58 INFO SparkEnv: Registering MapOutputTracker
[2024-10-03T09:26:58.783+0000] {spark_submit.py:488} INFO - 24/10/03 09:26:58 INFO SparkEnv: Registering BlockManagerMaster
[2024-10-03T09:26:58.816+0000] {spark_submit.py:488} INFO - 24/10/03 09:26:58 INFO BlockManagerMasterEndpoint: Using org.apache.spark.storage.DefaultTopologyMapper for getting topology information
[2024-10-03T09:26:58.818+0000] {spark_submit.py:488} INFO - 24/10/03 09:26:58 INFO BlockManagerMasterEndpoint: BlockManagerMasterEndpoint up
[2024-10-03T09:26:58.825+0000] {spark_submit.py:488} INFO - 24/10/03 09:26:58 INFO SparkEnv: Registering BlockManagerMasterHeartbeat
[2024-10-03T09:26:58.861+0000] {spark_submit.py:488} INFO - 24/10/03 09:26:58 INFO DiskBlockManager: Created local directory at /tmp/blockmgr-45f2fb89-04f6-47c9-a403-f6fd739b606f
[2024-10-03T09:26:58.883+0000] {spark_submit.py:488} INFO - 24/10/03 09:26:58 INFO MemoryStore: MemoryStore started with capacity 434.4 MiB
[2024-10-03T09:26:58.914+0000] {spark_submit.py:488} INFO - 24/10/03 09:26:58 INFO SparkEnv: Registering OutputCommitCoordinator
[2024-10-03T09:26:59.178+0000] {spark_submit.py:488} INFO - 24/10/03 09:26:59 INFO JettyUtils: Start Jetty 0.0.0.0:4040 for SparkUI
[2024-10-03T09:26:59.318+0000] {spark_submit.py:488} INFO - 24/10/03 09:26:59 INFO Utils: Successfully started service 'SparkUI' on port 4040.
[2024-10-03T09:26:59.567+0000] {spark_submit.py:488} INFO - 24/10/03 09:26:59 INFO StandaloneAppClient$ClientEndpoint: Connecting to master spark://spark-master:7077...
[2024-10-03T09:26:59.662+0000] {spark_submit.py:488} INFO - 24/10/03 09:26:59 INFO TransportClientFactory: Successfully created connection to spark-master/172.20.0.2:7077 after 56 ms (0 ms spent in bootstraps)
[2024-10-03T09:26:59.864+0000] {spark_submit.py:488} INFO - 24/10/03 09:26:59 INFO StandaloneSchedulerBackend: Connected to Spark cluster with app ID app-20241003092659-0061
[2024-10-03T09:26:59.878+0000] {spark_submit.py:488} INFO - 24/10/03 09:26:59 INFO StandaloneAppClient$ClientEndpoint: Executor added: app-20241003092659-0061/0 on worker-20241003061731-172.20.0.9-38803 (172.20.0.9:38803) with 2 core(s)
[2024-10-03T09:26:59.891+0000] {spark_submit.py:488} INFO - 24/10/03 09:26:59 INFO StandaloneSchedulerBackend: Granted executor ID app-20241003092659-0061/0 on hostPort 172.20.0.9:38803 with 2 core(s), 1024.0 MiB RAM
[2024-10-03T09:26:59.898+0000] {spark_submit.py:488} INFO - 24/10/03 09:26:59 INFO Utils: Successfully started service 'org.apache.spark.network.netty.NettyBlockTransferService' on port 44123.
[2024-10-03T09:26:59.899+0000] {spark_submit.py:488} INFO - 24/10/03 09:26:59 INFO NettyBlockTransferService: Server created on 8c0d519f07a3:44123
[2024-10-03T09:26:59.910+0000] {spark_submit.py:488} INFO - 24/10/03 09:26:59 INFO BlockManager: Using org.apache.spark.storage.RandomBlockReplicationPolicy for block replication policy
[2024-10-03T09:26:59.941+0000] {spark_submit.py:488} INFO - 24/10/03 09:26:59 INFO BlockManagerMaster: Registering BlockManager BlockManagerId(driver, 8c0d519f07a3, 44123, None)
[2024-10-03T09:26:59.956+0000] {spark_submit.py:488} INFO - 24/10/03 09:26:59 INFO BlockManagerMasterEndpoint: Registering block manager 8c0d519f07a3:44123 with 434.4 MiB RAM, BlockManagerId(driver, 8c0d519f07a3, 44123, None)
[2024-10-03T09:26:59.965+0000] {spark_submit.py:488} INFO - 24/10/03 09:26:59 INFO BlockManagerMaster: Registered BlockManager BlockManagerId(driver, 8c0d519f07a3, 44123, None)
[2024-10-03T09:26:59.972+0000] {spark_submit.py:488} INFO - 24/10/03 09:26:59 INFO BlockManager: Initialized BlockManager: BlockManagerId(driver, 8c0d519f07a3, 44123, None)
[2024-10-03T09:27:00.053+0000] {spark_submit.py:488} INFO - 24/10/03 09:27:00 INFO StandaloneAppClient$ClientEndpoint: Executor updated: app-20241003092659-0061/0 is now RUNNING
[2024-10-03T09:27:00.789+0000] {spark_submit.py:488} INFO - 24/10/03 09:27:00 INFO StandaloneSchedulerBackend: SchedulerBackend is ready for scheduling beginning after reached minRegisteredResourcesRatio: 0.0
[2024-10-03T09:27:03.185+0000] {spark_submit.py:488} INFO - [2024-10-03T09:27:03.182+0000] {base.py:84} INFO - Retrieving connection 'staging_db'
[2024-10-03T09:27:03.214+0000] {spark_submit.py:488} INFO - ['category', 'categoryname', 'created_at']
[2024-10-03T09:27:03.215+0000] {spark_submit.py:488} INFO - [(1, 'Action', datetime.datetime(2004, 3, 1, 0, 0)), (2, 'Animation', datetime.datetime(2004, 3, 1, 0, 0)), (3, 'Children', datetime.datetime(2004, 3, 1, 0, 0)), (4, 'Classics', datetime.datetime(2004, 3, 1, 0, 0)), (5, 'Comedy', datetime.datetime(2004, 3, 1, 0, 0)), (6, 'Documentary', datetime.datetime(2004, 3, 1, 0, 0)), (7, 'Drama', datetime.datetime(2004, 3, 1, 0, 0)), (8, 'Family', datetime.datetime(2004, 3, 1, 0, 0)), (9, 'Foreign', datetime.datetime(2004, 3, 1, 0, 0)), (10, 'Games', datetime.datetime(2004, 3, 1, 0, 0)), (11, 'Horror', datetime.datetime(2004, 3, 1, 0, 0)), (12, 'Music', datetime.datetime(2004, 3, 1, 0, 0)), (13, 'New', datetime.datetime(2004, 3, 1, 0, 0)), (14, 'Sci-Fi', datetime.datetime(2004, 3, 1, 0, 0)), (15, 'Sports', datetime.datetime(2004, 3, 1, 0, 0)), (16, 'Travel', datetime.datetime(2004, 3, 1, 0, 0))]
[2024-10-03T09:27:03.397+0000] {spark_submit.py:488} INFO - 24/10/03 09:27:03 INFO SharedState: Setting hive.metastore.warehouse.dir ('null') to the value of spark.sql.warehouse.dir.
[2024-10-03T09:27:03.424+0000] {spark_submit.py:488} INFO - 24/10/03 09:27:03 INFO SharedState: Warehouse path is 'file:/opt/***/spark-warehouse'.
[2024-10-03T09:27:07.979+0000] {spark_submit.py:488} INFO - 24/10/03 09:27:07 INFO StandaloneSchedulerBackend$StandaloneDriverEndpoint: Registered executor NettyRpcEndpointRef(spark-client://Executor) (172.20.0.9:58828) with ID 0,  ResourceProfileId 0
[2024-10-03T09:27:08.192+0000] {spark_submit.py:488} INFO - 24/10/03 09:27:08 INFO BlockManagerMasterEndpoint: Registering block manager 172.20.0.9:42329 with 434.4 MiB RAM, BlockManagerId(0, 172.20.0.9, 42329, None)
[2024-10-03T09:27:09.202+0000] {spark_submit.py:488} INFO - DataFrame content before writing to CSV:
[2024-10-03T09:27:11.031+0000] {spark_submit.py:488} INFO - 24/10/03 09:27:11 INFO CodeGenerator: Code generated in 599.486701 ms
[2024-10-03T09:27:11.225+0000] {spark_submit.py:488} INFO - 24/10/03 09:27:11 INFO DAGScheduler: Registering RDD 7 (showString at NativeMethodAccessorImpl.java:0) as input to shuffle 0
[2024-10-03T09:27:11.230+0000] {spark_submit.py:488} INFO - 24/10/03 09:27:11 INFO DAGScheduler: Got map stage job 0 (showString at NativeMethodAccessorImpl.java:0) with 2 output partitions
[2024-10-03T09:27:11.231+0000] {spark_submit.py:488} INFO - 24/10/03 09:27:11 INFO DAGScheduler: Final stage: ShuffleMapStage 0 (showString at NativeMethodAccessorImpl.java:0)
[2024-10-03T09:27:11.233+0000] {spark_submit.py:488} INFO - 24/10/03 09:27:11 INFO DAGScheduler: Parents of final stage: List()
[2024-10-03T09:27:11.236+0000] {spark_submit.py:488} INFO - 24/10/03 09:27:11 INFO DAGScheduler: Missing parents: List()
[2024-10-03T09:27:11.242+0000] {spark_submit.py:488} INFO - 24/10/03 09:27:11 INFO DAGScheduler: Submitting ShuffleMapStage 0 (MapPartitionsRDD[7] at showString at NativeMethodAccessorImpl.java:0), which has no missing parents
[2024-10-03T09:27:11.368+0000] {spark_submit.py:488} INFO - 24/10/03 09:27:11 INFO MemoryStore: Block broadcast_0 stored as values in memory (estimated size 29.2 KiB, free 434.4 MiB)
[2024-10-03T09:27:11.427+0000] {spark_submit.py:488} INFO - 24/10/03 09:27:11 INFO MemoryStore: Block broadcast_0_piece0 stored as bytes in memory (estimated size 14.1 KiB, free 434.4 MiB)
[2024-10-03T09:27:11.432+0000] {spark_submit.py:488} INFO - 24/10/03 09:27:11 INFO BlockManagerInfo: Added broadcast_0_piece0 in memory on 8c0d519f07a3:44123 (size: 14.1 KiB, free: 434.4 MiB)
[2024-10-03T09:27:11.439+0000] {spark_submit.py:488} INFO - 24/10/03 09:27:11 INFO SparkContext: Created broadcast 0 from broadcast at DAGScheduler.scala:1585
[2024-10-03T09:27:11.465+0000] {spark_submit.py:488} INFO - 24/10/03 09:27:11 INFO DAGScheduler: Submitting 2 missing tasks from ShuffleMapStage 0 (MapPartitionsRDD[7] at showString at NativeMethodAccessorImpl.java:0) (first 15 tasks are for partitions Vector(0, 1))
[2024-10-03T09:27:11.468+0000] {spark_submit.py:488} INFO - 24/10/03 09:27:11 INFO TaskSchedulerImpl: Adding task set 0.0 with 2 tasks resource profile 0
[2024-10-03T09:27:11.514+0000] {spark_submit.py:488} INFO - 24/10/03 09:27:11 INFO TaskSetManager: Starting task 0.0 in stage 0.0 (TID 0) (172.20.0.9, executor 0, partition 0, PROCESS_LOCAL, 9185 bytes)
[2024-10-03T09:27:11.522+0000] {spark_submit.py:488} INFO - 24/10/03 09:27:11 INFO TaskSetManager: Starting task 1.0 in stage 0.0 (TID 1) (172.20.0.9, executor 0, partition 1, PROCESS_LOCAL, 9170 bytes)
[2024-10-03T09:27:12.036+0000] {spark_submit.py:488} INFO - 24/10/03 09:27:12 INFO BlockManagerInfo: Added broadcast_0_piece0 in memory on 172.20.0.9:42329 (size: 14.1 KiB, free: 434.4 MiB)
[2024-10-03T09:27:15.890+0000] {spark_submit.py:488} INFO - 24/10/03 09:27:15 INFO TaskSetManager: Finished task 0.0 in stage 0.0 (TID 0) in 4396 ms on 172.20.0.9 (executor 0) (1/2)
[2024-10-03T09:27:15.893+0000] {spark_submit.py:488} INFO - 24/10/03 09:27:15 INFO TaskSetManager: Finished task 1.0 in stage 0.0 (TID 1) in 4372 ms on 172.20.0.9 (executor 0) (2/2)
[2024-10-03T09:27:15.895+0000] {spark_submit.py:488} INFO - 24/10/03 09:27:15 INFO TaskSchedulerImpl: Removed TaskSet 0.0, whose tasks have all completed, from pool
[2024-10-03T09:27:15.904+0000] {spark_submit.py:488} INFO - 24/10/03 09:27:15 INFO PythonAccumulatorV2: Connected to AccumulatorServer at host: 127.0.0.1 port: 36583
[2024-10-03T09:27:15.916+0000] {spark_submit.py:488} INFO - 24/10/03 09:27:15 INFO DAGScheduler: ShuffleMapStage 0 (showString at NativeMethodAccessorImpl.java:0) finished in 4.657 s
[2024-10-03T09:27:15.917+0000] {spark_submit.py:488} INFO - 24/10/03 09:27:15 INFO DAGScheduler: looking for newly runnable stages
[2024-10-03T09:27:15.919+0000] {spark_submit.py:488} INFO - 24/10/03 09:27:15 INFO DAGScheduler: running: Set()
[2024-10-03T09:27:15.919+0000] {spark_submit.py:488} INFO - 24/10/03 09:27:15 INFO DAGScheduler: waiting: Set()
[2024-10-03T09:27:15.921+0000] {spark_submit.py:488} INFO - 24/10/03 09:27:15 INFO DAGScheduler: failed: Set()
[2024-10-03T09:27:15.975+0000] {spark_submit.py:488} INFO - 24/10/03 09:27:15 INFO ShufflePartitionsUtil: For shuffle(0), advisory target size: 67108864, actual target size 1048576, minimum partition size: 1048576
[2024-10-03T09:27:16.068+0000] {spark_submit.py:488} INFO - 24/10/03 09:27:16 INFO CodeGenerator: Code generated in 33.91 ms
[2024-10-03T09:27:16.156+0000] {spark_submit.py:488} INFO - 24/10/03 09:27:16 INFO SparkContext: Starting job: showString at NativeMethodAccessorImpl.java:0
[2024-10-03T09:27:16.171+0000] {spark_submit.py:488} INFO - 24/10/03 09:27:16 INFO DAGScheduler: Got job 1 (showString at NativeMethodAccessorImpl.java:0) with 1 output partitions
[2024-10-03T09:27:16.172+0000] {spark_submit.py:488} INFO - 24/10/03 09:27:16 INFO DAGScheduler: Final stage: ResultStage 2 (showString at NativeMethodAccessorImpl.java:0)
[2024-10-03T09:27:16.172+0000] {spark_submit.py:488} INFO - 24/10/03 09:27:16 INFO DAGScheduler: Parents of final stage: List(ShuffleMapStage 1)
[2024-10-03T09:27:16.173+0000] {spark_submit.py:488} INFO - 24/10/03 09:27:16 INFO DAGScheduler: Missing parents: List()
[2024-10-03T09:27:16.183+0000] {spark_submit.py:488} INFO - 24/10/03 09:27:16 INFO DAGScheduler: Submitting ResultStage 2 (MapPartitionsRDD[11] at showString at NativeMethodAccessorImpl.java:0), which has no missing parents
[2024-10-03T09:27:16.230+0000] {spark_submit.py:488} INFO - 24/10/03 09:27:16 INFO MemoryStore: Block broadcast_1 stored as values in memory (estimated size 35.5 KiB, free 434.3 MiB)
[2024-10-03T09:27:16.250+0000] {spark_submit.py:488} INFO - 24/10/03 09:27:16 INFO MemoryStore: Block broadcast_1_piece0 stored as bytes in memory (estimated size 17.3 KiB, free 434.3 MiB)
[2024-10-03T09:27:16.251+0000] {spark_submit.py:488} INFO - 24/10/03 09:27:16 INFO BlockManagerInfo: Added broadcast_1_piece0 in memory on 8c0d519f07a3:44123 (size: 17.3 KiB, free: 434.4 MiB)
[2024-10-03T09:27:16.253+0000] {spark_submit.py:488} INFO - 24/10/03 09:27:16 INFO SparkContext: Created broadcast 1 from broadcast at DAGScheduler.scala:1585
[2024-10-03T09:27:16.258+0000] {spark_submit.py:488} INFO - 24/10/03 09:27:16 INFO DAGScheduler: Submitting 1 missing tasks from ResultStage 2 (MapPartitionsRDD[11] at showString at NativeMethodAccessorImpl.java:0) (first 15 tasks are for partitions Vector(0))
[2024-10-03T09:27:16.260+0000] {spark_submit.py:488} INFO - 24/10/03 09:27:16 INFO TaskSchedulerImpl: Adding task set 2.0 with 1 tasks resource profile 0
[2024-10-03T09:27:16.280+0000] {spark_submit.py:488} INFO - 24/10/03 09:27:16 INFO TaskSetManager: Starting task 0.0 in stage 2.0 (TID 2) (172.20.0.9, executor 0, partition 0, NODE_LOCAL, 9003 bytes)
[2024-10-03T09:27:16.318+0000] {spark_submit.py:488} INFO - 24/10/03 09:27:16 INFO BlockManagerInfo: Removed broadcast_0_piece0 on 8c0d519f07a3:44123 in memory (size: 14.1 KiB, free: 434.4 MiB)
[2024-10-03T09:27:16.322+0000] {spark_submit.py:488} INFO - 24/10/03 09:27:16 INFO BlockManagerInfo: Removed broadcast_0_piece0 on 172.20.0.9:42329 in memory (size: 14.1 KiB, free: 434.4 MiB)
[2024-10-03T09:27:16.361+0000] {spark_submit.py:488} INFO - 24/10/03 09:27:16 INFO BlockManagerInfo: Added broadcast_1_piece0 in memory on 172.20.0.9:42329 (size: 17.3 KiB, free: 434.4 MiB)
[2024-10-03T09:27:16.550+0000] {spark_submit.py:488} INFO - 24/10/03 09:27:16 INFO MapOutputTrackerMasterEndpoint: Asked to send map output locations for shuffle 0 to 172.20.0.9:58828
[2024-10-03T09:27:16.990+0000] {spark_submit.py:488} INFO - 24/10/03 09:27:16 INFO TaskSetManager: Finished task 0.0 in stage 2.0 (TID 2) in 721 ms on 172.20.0.9 (executor 0) (1/1)
[2024-10-03T09:27:16.992+0000] {spark_submit.py:488} INFO - 24/10/03 09:27:16 INFO TaskSchedulerImpl: Removed TaskSet 2.0, whose tasks have all completed, from pool
[2024-10-03T09:27:16.996+0000] {spark_submit.py:488} INFO - 24/10/03 09:27:16 INFO DAGScheduler: ResultStage 2 (showString at NativeMethodAccessorImpl.java:0) finished in 0.784 s
[2024-10-03T09:27:17.002+0000] {spark_submit.py:488} INFO - 24/10/03 09:27:17 INFO DAGScheduler: Job 1 is finished. Cancelling potential speculative or zombie tasks for this job
[2024-10-03T09:27:17.003+0000] {spark_submit.py:488} INFO - 24/10/03 09:27:17 INFO TaskSchedulerImpl: Killing all running tasks in stage 2: Stage finished
[2024-10-03T09:27:17.006+0000] {spark_submit.py:488} INFO - 24/10/03 09:27:17 INFO DAGScheduler: Job 1 finished: showString at NativeMethodAccessorImpl.java:0, took 0.849208 s
[2024-10-03T09:27:18.562+0000] {spark_submit.py:488} INFO - 24/10/03 09:27:18 INFO BlockManagerInfo: Removed broadcast_1_piece0 on 8c0d519f07a3:44123 in memory (size: 17.3 KiB, free: 434.4 MiB)
[2024-10-03T09:27:18.570+0000] {spark_submit.py:488} INFO - 24/10/03 09:27:18 INFO BlockManagerInfo: Removed broadcast_1_piece0 on 172.20.0.9:42329 in memory (size: 17.3 KiB, free: 434.4 MiB)
[2024-10-03T09:27:19.135+0000] {spark_submit.py:488} INFO - 24/10/03 09:27:19 INFO CodeGenerator: Code generated in 35.1889 ms
[2024-10-03T09:27:19.153+0000] {spark_submit.py:488} INFO - +-----------+-------------+
[2024-10-03T09:27:19.155+0000] {spark_submit.py:488} INFO - |category_nk|category_name|
[2024-10-03T09:27:19.156+0000] {spark_submit.py:488} INFO - +-----------+-------------+
[2024-10-03T09:27:19.156+0000] {spark_submit.py:488} INFO - |          1|       Action|
[2024-10-03T09:27:19.157+0000] {spark_submit.py:488} INFO - |          2|    Animation|
[2024-10-03T09:27:19.158+0000] {spark_submit.py:488} INFO - |          3|     Children|
[2024-10-03T09:27:19.158+0000] {spark_submit.py:488} INFO - |          4|     Classics|
[2024-10-03T09:27:19.159+0000] {spark_submit.py:488} INFO - |          5|       Comedy|
[2024-10-03T09:27:19.160+0000] {spark_submit.py:488} INFO - +-----------+-------------+
[2024-10-03T09:27:19.160+0000] {spark_submit.py:488} INFO - only showing top 5 rows
[2024-10-03T09:27:19.161+0000] {spark_submit.py:488} INFO - 
[2024-10-03T09:27:19.492+0000] {spark_submit.py:488} INFO - 24/10/03 09:27:19 INFO CodeGenerator: Code generated in 122.506799 ms
[2024-10-03T09:27:19.515+0000] {spark_submit.py:488} INFO - 24/10/03 09:27:19 INFO DAGScheduler: Registering RDD 13 (count at NativeMethodAccessorImpl.java:0) as input to shuffle 1
[2024-10-03T09:27:19.516+0000] {spark_submit.py:488} INFO - 24/10/03 09:27:19 INFO DAGScheduler: Got map stage job 2 (count at NativeMethodAccessorImpl.java:0) with 2 output partitions
[2024-10-03T09:27:19.517+0000] {spark_submit.py:488} INFO - 24/10/03 09:27:19 INFO DAGScheduler: Final stage: ShuffleMapStage 3 (count at NativeMethodAccessorImpl.java:0)
[2024-10-03T09:27:19.518+0000] {spark_submit.py:488} INFO - 24/10/03 09:27:19 INFO DAGScheduler: Parents of final stage: List()
[2024-10-03T09:27:19.518+0000] {spark_submit.py:488} INFO - 24/10/03 09:27:19 INFO DAGScheduler: Missing parents: List()
[2024-10-03T09:27:19.519+0000] {spark_submit.py:488} INFO - 24/10/03 09:27:19 INFO DAGScheduler: Submitting ShuffleMapStage 3 (MapPartitionsRDD[13] at count at NativeMethodAccessorImpl.java:0), which has no missing parents
[2024-10-03T09:27:19.529+0000] {spark_submit.py:488} INFO - 24/10/03 09:27:19 INFO MemoryStore: Block broadcast_2 stored as values in memory (estimated size 34.3 KiB, free 434.4 MiB)
[2024-10-03T09:27:19.547+0000] {spark_submit.py:488} INFO - 24/10/03 09:27:19 INFO MemoryStore: Block broadcast_2_piece0 stored as bytes in memory (estimated size 16.5 KiB, free 434.4 MiB)
[2024-10-03T09:27:19.552+0000] {spark_submit.py:488} INFO - 24/10/03 09:27:19 INFO BlockManagerInfo: Added broadcast_2_piece0 in memory on 8c0d519f07a3:44123 (size: 16.5 KiB, free: 434.4 MiB)
[2024-10-03T09:27:19.554+0000] {spark_submit.py:488} INFO - 24/10/03 09:27:19 INFO SparkContext: Created broadcast 2 from broadcast at DAGScheduler.scala:1585
[2024-10-03T09:27:19.556+0000] {spark_submit.py:488} INFO - 24/10/03 09:27:19 INFO DAGScheduler: Submitting 2 missing tasks from ShuffleMapStage 3 (MapPartitionsRDD[13] at count at NativeMethodAccessorImpl.java:0) (first 15 tasks are for partitions Vector(0, 1))
[2024-10-03T09:27:19.557+0000] {spark_submit.py:488} INFO - 24/10/03 09:27:19 INFO TaskSchedulerImpl: Adding task set 3.0 with 2 tasks resource profile 0
[2024-10-03T09:27:19.560+0000] {spark_submit.py:488} INFO - 24/10/03 09:27:19 INFO TaskSetManager: Starting task 0.0 in stage 3.0 (TID 3) (172.20.0.9, executor 0, partition 0, PROCESS_LOCAL, 9185 bytes)
[2024-10-03T09:27:19.563+0000] {spark_submit.py:488} INFO - 24/10/03 09:27:19 INFO TaskSetManager: Starting task 1.0 in stage 3.0 (TID 4) (172.20.0.9, executor 0, partition 1, PROCESS_LOCAL, 9170 bytes)
[2024-10-03T09:27:19.631+0000] {spark_submit.py:488} INFO - 24/10/03 09:27:19 INFO BlockManagerInfo: Added broadcast_2_piece0 in memory on 172.20.0.9:42329 (size: 16.5 KiB, free: 434.4 MiB)
[2024-10-03T09:27:20.016+0000] {spark_submit.py:488} INFO - 24/10/03 09:27:20 INFO TaskSetManager: Finished task 1.0 in stage 3.0 (TID 4) in 454 ms on 172.20.0.9 (executor 0) (1/2)
[2024-10-03T09:27:20.031+0000] {spark_submit.py:488} INFO - 24/10/03 09:27:20 INFO TaskSetManager: Finished task 0.0 in stage 3.0 (TID 3) in 471 ms on 172.20.0.9 (executor 0) (2/2)
[2024-10-03T09:27:20.032+0000] {spark_submit.py:488} INFO - 24/10/03 09:27:20 INFO TaskSchedulerImpl: Removed TaskSet 3.0, whose tasks have all completed, from pool
[2024-10-03T09:27:20.035+0000] {spark_submit.py:488} INFO - 24/10/03 09:27:20 INFO DAGScheduler: ShuffleMapStage 3 (count at NativeMethodAccessorImpl.java:0) finished in 0.512 s
[2024-10-03T09:27:20.036+0000] {spark_submit.py:488} INFO - 24/10/03 09:27:20 INFO DAGScheduler: looking for newly runnable stages
[2024-10-03T09:27:20.036+0000] {spark_submit.py:488} INFO - 24/10/03 09:27:20 INFO DAGScheduler: running: Set()
[2024-10-03T09:27:20.037+0000] {spark_submit.py:488} INFO - 24/10/03 09:27:20 INFO DAGScheduler: waiting: Set()
[2024-10-03T09:27:20.037+0000] {spark_submit.py:488} INFO - 24/10/03 09:27:20 INFO DAGScheduler: failed: Set()
[2024-10-03T09:27:20.053+0000] {spark_submit.py:488} INFO - 24/10/03 09:27:20 INFO ShufflePartitionsUtil: For shuffle(1), advisory target size: 67108864, actual target size 1048576, minimum partition size: 1048576
[2024-10-03T09:27:20.242+0000] {spark_submit.py:488} INFO - 24/10/03 09:27:20 INFO CodeGenerator: Code generated in 118.6055 ms
[2024-10-03T09:27:20.319+0000] {spark_submit.py:488} INFO - 24/10/03 09:27:20 INFO DAGScheduler: Registering RDD 16 (count at NativeMethodAccessorImpl.java:0) as input to shuffle 2
[2024-10-03T09:27:20.321+0000] {spark_submit.py:488} INFO - 24/10/03 09:27:20 INFO DAGScheduler: Got map stage job 3 (count at NativeMethodAccessorImpl.java:0) with 1 output partitions
[2024-10-03T09:27:20.322+0000] {spark_submit.py:488} INFO - 24/10/03 09:27:20 INFO DAGScheduler: Final stage: ShuffleMapStage 5 (count at NativeMethodAccessorImpl.java:0)
[2024-10-03T09:27:20.324+0000] {spark_submit.py:488} INFO - 24/10/03 09:27:20 INFO DAGScheduler: Parents of final stage: List(ShuffleMapStage 4)
[2024-10-03T09:27:20.336+0000] {spark_submit.py:488} INFO - 24/10/03 09:27:20 INFO DAGScheduler: Missing parents: List()
[2024-10-03T09:27:20.338+0000] {spark_submit.py:488} INFO - 24/10/03 09:27:20 INFO DAGScheduler: Submitting ShuffleMapStage 5 (MapPartitionsRDD[16] at count at NativeMethodAccessorImpl.java:0), which has no missing parents
[2024-10-03T09:27:20.374+0000] {spark_submit.py:488} INFO - 24/10/03 09:27:20 INFO MemoryStore: Block broadcast_3 stored as values in memory (estimated size 44.5 KiB, free 434.3 MiB)
[2024-10-03T09:27:20.381+0000] {spark_submit.py:488} INFO - 24/10/03 09:27:20 INFO MemoryStore: Block broadcast_3_piece0 stored as bytes in memory (estimated size 21.0 KiB, free 434.3 MiB)
[2024-10-03T09:27:20.391+0000] {spark_submit.py:488} INFO - 24/10/03 09:27:20 INFO BlockManagerInfo: Added broadcast_3_piece0 in memory on 8c0d519f07a3:44123 (size: 21.0 KiB, free: 434.4 MiB)
[2024-10-03T09:27:20.392+0000] {spark_submit.py:488} INFO - 24/10/03 09:27:20 INFO SparkContext: Created broadcast 3 from broadcast at DAGScheduler.scala:1585
[2024-10-03T09:27:20.394+0000] {spark_submit.py:488} INFO - 24/10/03 09:27:20 INFO DAGScheduler: Submitting 1 missing tasks from ShuffleMapStage 5 (MapPartitionsRDD[16] at count at NativeMethodAccessorImpl.java:0) (first 15 tasks are for partitions Vector(0))
[2024-10-03T09:27:20.401+0000] {spark_submit.py:488} INFO - 24/10/03 09:27:20 INFO TaskSchedulerImpl: Adding task set 5.0 with 1 tasks resource profile 0
[2024-10-03T09:27:20.407+0000] {spark_submit.py:488} INFO - 24/10/03 09:27:20 INFO TaskSetManager: Starting task 0.0 in stage 5.0 (TID 5) (172.20.0.9, executor 0, partition 0, NODE_LOCAL, 8992 bytes)
[2024-10-03T09:27:20.478+0000] {spark_submit.py:488} INFO - 24/10/03 09:27:20 INFO BlockManagerInfo: Added broadcast_3_piece0 in memory on 172.20.0.9:42329 (size: 21.0 KiB, free: 434.4 MiB)
[2024-10-03T09:27:20.590+0000] {spark_submit.py:488} INFO - 24/10/03 09:27:20 INFO MapOutputTrackerMasterEndpoint: Asked to send map output locations for shuffle 1 to 172.20.0.9:58828
[2024-10-03T09:27:20.788+0000] {spark_submit.py:488} INFO - 24/10/03 09:27:20 INFO TaskSetManager: Finished task 0.0 in stage 5.0 (TID 5) in 384 ms on 172.20.0.9 (executor 0) (1/1)
[2024-10-03T09:27:20.789+0000] {spark_submit.py:488} INFO - 24/10/03 09:27:20 INFO TaskSchedulerImpl: Removed TaskSet 5.0, whose tasks have all completed, from pool
[2024-10-03T09:27:20.792+0000] {spark_submit.py:488} INFO - 24/10/03 09:27:20 INFO DAGScheduler: ShuffleMapStage 5 (count at NativeMethodAccessorImpl.java:0) finished in 0.439 s
[2024-10-03T09:27:20.794+0000] {spark_submit.py:488} INFO - 24/10/03 09:27:20 INFO DAGScheduler: looking for newly runnable stages
[2024-10-03T09:27:20.798+0000] {spark_submit.py:488} INFO - 24/10/03 09:27:20 INFO DAGScheduler: running: Set()
[2024-10-03T09:27:20.799+0000] {spark_submit.py:488} INFO - 24/10/03 09:27:20 INFO DAGScheduler: waiting: Set()
[2024-10-03T09:27:20.800+0000] {spark_submit.py:488} INFO - 24/10/03 09:27:20 INFO DAGScheduler: failed: Set()
[2024-10-03T09:27:20.859+0000] {spark_submit.py:488} INFO - 24/10/03 09:27:20 INFO CodeGenerator: Code generated in 23.427799 ms
[2024-10-03T09:27:20.901+0000] {spark_submit.py:488} INFO - 24/10/03 09:27:20 INFO SparkContext: Starting job: count at NativeMethodAccessorImpl.java:0
[2024-10-03T09:27:20.907+0000] {spark_submit.py:488} INFO - 24/10/03 09:27:20 INFO DAGScheduler: Got job 4 (count at NativeMethodAccessorImpl.java:0) with 1 output partitions
[2024-10-03T09:27:20.908+0000] {spark_submit.py:488} INFO - 24/10/03 09:27:20 INFO DAGScheduler: Final stage: ResultStage 8 (count at NativeMethodAccessorImpl.java:0)
[2024-10-03T09:27:20.908+0000] {spark_submit.py:488} INFO - 24/10/03 09:27:20 INFO DAGScheduler: Parents of final stage: List(ShuffleMapStage 7)
[2024-10-03T09:27:20.909+0000] {spark_submit.py:488} INFO - 24/10/03 09:27:20 INFO DAGScheduler: Missing parents: List()
[2024-10-03T09:27:20.910+0000] {spark_submit.py:488} INFO - 24/10/03 09:27:20 INFO DAGScheduler: Submitting ResultStage 8 (MapPartitionsRDD[19] at count at NativeMethodAccessorImpl.java:0), which has no missing parents
[2024-10-03T09:27:20.923+0000] {spark_submit.py:488} INFO - 24/10/03 09:27:20 INFO MemoryStore: Block broadcast_4 stored as values in memory (estimated size 12.5 KiB, free 434.3 MiB)
[2024-10-03T09:27:20.928+0000] {spark_submit.py:488} INFO - 24/10/03 09:27:20 INFO MemoryStore: Block broadcast_4_piece0 stored as bytes in memory (estimated size 5.9 KiB, free 434.3 MiB)
[2024-10-03T09:27:20.937+0000] {spark_submit.py:488} INFO - 24/10/03 09:27:20 INFO BlockManagerInfo: Added broadcast_4_piece0 in memory on 8c0d519f07a3:44123 (size: 5.9 KiB, free: 434.4 MiB)
[2024-10-03T09:27:20.939+0000] {spark_submit.py:488} INFO - 24/10/03 09:27:20 INFO SparkContext: Created broadcast 4 from broadcast at DAGScheduler.scala:1585
[2024-10-03T09:27:20.941+0000] {spark_submit.py:488} INFO - 24/10/03 09:27:20 INFO DAGScheduler: Submitting 1 missing tasks from ResultStage 8 (MapPartitionsRDD[19] at count at NativeMethodAccessorImpl.java:0) (first 15 tasks are for partitions Vector(0))
[2024-10-03T09:27:20.942+0000] {spark_submit.py:488} INFO - 24/10/03 09:27:20 INFO TaskSchedulerImpl: Adding task set 8.0 with 1 tasks resource profile 0
[2024-10-03T09:27:20.947+0000] {spark_submit.py:488} INFO - 24/10/03 09:27:20 INFO TaskSetManager: Starting task 0.0 in stage 8.0 (TID 6) (172.20.0.9, executor 0, partition 0, NODE_LOCAL, 9003 bytes)
[2024-10-03T09:27:21.000+0000] {spark_submit.py:488} INFO - 24/10/03 09:27:20 INFO BlockManagerInfo: Added broadcast_4_piece0 in memory on 172.20.0.9:42329 (size: 5.9 KiB, free: 434.4 MiB)
[2024-10-03T09:27:21.023+0000] {spark_submit.py:488} INFO - 24/10/03 09:27:21 INFO MapOutputTrackerMasterEndpoint: Asked to send map output locations for shuffle 2 to 172.20.0.9:58828
[2024-10-03T09:27:21.160+0000] {spark_submit.py:488} INFO - 24/10/03 09:27:21 INFO TaskSetManager: Finished task 0.0 in stage 8.0 (TID 6) in 215 ms on 172.20.0.9 (executor 0) (1/1)
[2024-10-03T09:27:21.161+0000] {spark_submit.py:488} INFO - 24/10/03 09:27:21 INFO TaskSchedulerImpl: Removed TaskSet 8.0, whose tasks have all completed, from pool
[2024-10-03T09:27:21.163+0000] {spark_submit.py:488} INFO - 24/10/03 09:27:21 INFO DAGScheduler: ResultStage 8 (count at NativeMethodAccessorImpl.java:0) finished in 0.250 s
[2024-10-03T09:27:21.166+0000] {spark_submit.py:488} INFO - 24/10/03 09:27:21 INFO DAGScheduler: Job 4 is finished. Cancelling potential speculative or zombie tasks for this job
[2024-10-03T09:27:21.167+0000] {spark_submit.py:488} INFO - 24/10/03 09:27:21 INFO TaskSchedulerImpl: Killing all running tasks in stage 8: Stage finished
[2024-10-03T09:27:21.168+0000] {spark_submit.py:488} INFO - 24/10/03 09:27:21 INFO DAGScheduler: Job 4 finished: count at NativeMethodAccessorImpl.java:0, took 0.264070 s
[2024-10-03T09:27:21.180+0000] {spark_submit.py:488} INFO - DF COUNT 16
[2024-10-03T09:27:21.522+0000] {spark_submit.py:488} INFO - 24/10/03 09:27:21 INFO BlockManagerInfo: Removed broadcast_3_piece0 on 8c0d519f07a3:44123 in memory (size: 21.0 KiB, free: 434.4 MiB)
[2024-10-03T09:27:21.528+0000] {spark_submit.py:488} INFO - Traceback (most recent call last):
[2024-10-03T09:27:21.528+0000] {spark_submit.py:488} INFO - File "/opt/***/dags/etl_pipeline/tasks/warehouse/components/extract_transform.py", line 60, in _categories
[2024-10-03T09:27:21.535+0000] {spark_submit.py:488} INFO - .save("s3a://transformed-data/categories.vsv")
[2024-10-03T09:27:21.536+0000] {spark_submit.py:488} INFO - ^^^^^^^^^^^^^^^^^^^^^^^^^^^^^^^^^^^^^^^^^^^^^
[2024-10-03T09:27:21.536+0000] {spark_submit.py:488} INFO - File "/home/***/.local/lib/python3.12/site-packages/pyspark/python/lib/pyspark.zip/pyspark/sql/readwriter.py", line 1463, in save
[2024-10-03T09:27:21.537+0000] {spark_submit.py:488} INFO - File "/home/***/.local/lib/python3.12/site-packages/pyspark/python/lib/py4j-0.10.9.7-src.zip/py4j/java_gateway.py", line 1322, in __call__
[2024-10-03T09:27:21.538+0000] {spark_submit.py:488} INFO - File "/home/***/.local/lib/python3.12/site-packages/pyspark/python/lib/pyspark.zip/pyspark/errors/exceptions/captured.py", line 179, in deco
[2024-10-03T09:27:21.538+0000] {spark_submit.py:488} INFO - File "/home/***/.local/lib/python3.12/site-packages/pyspark/python/lib/py4j-0.10.9.7-src.zip/py4j/protocol.py", line 326, in get_return_value
[2024-10-03T09:27:21.541+0000] {spark_submit.py:488} INFO - py4j.protocol.Py4JJavaError24/10/03 09:27:21 INFO BlockManagerInfo: Removed broadcast_3_piece0 on 172.20.0.9:42329 in memory (size: 21.0 KiB, free: 434.4 MiB)
[2024-10-03T09:27:21.542+0000] {spark_submit.py:488} INFO - : An error occurred while calling o62.save.
[2024-10-03T09:27:21.543+0000] {spark_submit.py:488} INFO - : java.lang.RuntimeException: java.lang.ClassNotFoundException: Class org.apache.hadoop.fs.s3a.S3AFileSystem not found
[2024-10-03T09:27:21.543+0000] {spark_submit.py:488} INFO - at org.apache.hadoop.conf.Configuration.getClass(Configuration.java:2688)
[2024-10-03T09:27:21.544+0000] {spark_submit.py:488} INFO - at org.apache.hadoop.fs.FileSystem.getFileSystemClass(FileSystem.java:3431)
[2024-10-03T09:27:21.544+0000] {spark_submit.py:488} INFO - at org.apache.hadoop.fs.FileSystem.createFileSystem(FileSystem.java:3466)
[2024-10-03T09:27:21.545+0000] {spark_submit.py:488} INFO - at org.apache.hadoop.fs.FileSystem.access$300(FileSystem.java:174)
[2024-10-03T09:27:21.546+0000] {spark_submit.py:488} INFO - at org.apache.hadoop.fs.FileSystem$Cache.getInternal(FileSystem.java:3574)
[2024-10-03T09:27:21.549+0000] {spark_submit.py:488} INFO - at org.apache.hadoop.fs.FileSystem$Cache.get(FileSystem.java:3521)
[2024-10-03T09:27:21.550+0000] {spark_submit.py:488} INFO - at org.apache.hadoop.fs.FileSystem.get(FileSystem.java:540)
[2024-10-03T09:27:21.551+0000] {spark_submit.py:488} INFO - at org.apache.hadoop.fs.Path.getFileSystem(Path.java:365)
[2024-10-03T09:27:21.551+0000] {spark_submit.py:488} INFO - at org.apache.spark.sql.execution.datasources.DataSource.planForWritingFileFormat(DataSource.scala:454)
[2024-10-03T09:27:21.552+0000] {spark_submit.py:488} INFO - at org.apache.spark.sql.execution.datasources.DataSource.planForWriting(DataSource.scala:530)
[2024-10-03T09:27:21.552+0000] {spark_submit.py:488} INFO - at org.apache.spark.sql.DataFrameWriter.saveToV1Source(DataFrameWriter.scala:391)
[2024-10-03T09:27:21.553+0000] {spark_submit.py:488} INFO - at org.apache.spark.sql.DataFrameWriter.saveInternal(DataFrameWriter.scala:364)
[2024-10-03T09:27:21.553+0000] {spark_submit.py:488} INFO - at org.apache.spark.sql.DataFrameWriter.save(DataFrameWriter.scala:243)
[2024-10-03T09:27:21.553+0000] {spark_submit.py:488} INFO - at java.base/jdk.internal.reflect.NativeMethodAccessorImpl.invoke0(Native Method)
[2024-10-03T09:27:21.554+0000] {spark_submit.py:488} INFO - at java.base/jdk.internal.reflect.NativeMethodAccessorImpl.invoke(NativeMethodAccessorImpl.java:77)
[2024-10-03T09:27:21.554+0000] {spark_submit.py:488} INFO - at java.base/jdk.internal.reflect.DelegatingMethodAccessorImpl.invoke(DelegatingMethodAccessorImpl.java:43)
[2024-10-03T09:27:21.555+0000] {spark_submit.py:488} INFO - at java.base/java.lang.reflect.Method.invoke(Method.java:569)
[2024-10-03T09:27:21.555+0000] {spark_submit.py:488} INFO - at py4j.reflection.MethodInvoker.invoke(MethodInvoker.java:244)
[2024-10-03T09:27:21.556+0000] {spark_submit.py:488} INFO - at py4j.reflection.ReflectionEngine.invoke(ReflectionEngine.java:374)
[2024-10-03T09:27:21.557+0000] {spark_submit.py:488} INFO - at py4j.Gateway.invoke(Gateway.java:282)
[2024-10-03T09:27:21.557+0000] {spark_submit.py:488} INFO - at py4j.commands.AbstractCommand.invokeMethod(AbstractCommand.java:132)
[2024-10-03T09:27:21.560+0000] {spark_submit.py:488} INFO - at py4j.commands.CallCommand.execute(CallCommand.java:79)
[2024-10-03T09:27:21.561+0000] {spark_submit.py:488} INFO - at py4j.ClientServerConnection.waitForCommands(ClientServerConnection.java:182)
[2024-10-03T09:27:21.562+0000] {spark_submit.py:488} INFO - at py4j.ClientServerConnection.run(ClientServerConnection.java:106)
[2024-10-03T09:27:21.564+0000] {spark_submit.py:488} INFO - at java.base/java.lang.Thread.run(Thread.java:840)
[2024-10-03T09:27:21.565+0000] {spark_submit.py:488} INFO - Caused by: java.lang.ClassNotFoundException: Class org.apache.hadoop.fs.s3a.S3AFileSystem not found
[2024-10-03T09:27:21.566+0000] {spark_submit.py:488} INFO - at org.apache.hadoop.conf.Configuration.getClassByName(Configuration.java:2592)
[2024-10-03T09:27:21.566+0000] {spark_submit.py:488} INFO - at org.apache.hadoop.conf.Configuration.getClass(Configuration.java:2686)
[2024-10-03T09:27:21.567+0000] {spark_submit.py:488} INFO - ... 24 more
[2024-10-03T09:27:21.567+0000] {spark_submit.py:488} INFO - 
[2024-10-03T09:27:21.568+0000] {spark_submit.py:488} INFO - 
[2024-10-03T09:27:21.569+0000] {spark_submit.py:488} INFO - During handling of the above exception, another exception occurred:
[2024-10-03T09:27:21.569+0000] {spark_submit.py:488} INFO - 
[2024-10-03T09:27:21.569+0000] {spark_submit.py:488} INFO - Traceback (most recent call last):
[2024-10-03T09:27:21.570+0000] {spark_submit.py:488} INFO - File "/opt/***/dags/etl_pipeline/tasks/warehouse/components/extract_transform.py", line 96, in <module>
[2024-10-03T09:27:21.572+0000] {spark_submit.py:488} INFO - ExtractTransform._categories(incremental, date)
[2024-10-03T09:27:21.573+0000] {spark_submit.py:488} INFO - File "/opt/***/dags/etl_pipeline/tasks/warehouse/components/extract_transform.py", line 84, in _categories
[2024-10-03T09:27:21.575+0000] {spark_submit.py:488} INFO - raise AirflowException(f"Error when extracting and transforming data from categories: {e}")
[2024-10-03T09:27:21.576+0000] {spark_submit.py:488} INFO - ***.exceptions.AirflowException: Error when extracting and transforming data from categories: An error occurred while calling o62.save.
[2024-10-03T09:27:21.578+0000] {spark_submit.py:488} INFO - : java.lang.RuntimeException: java.lang.ClassNotFoundException: Class org.apache.hadoop.fs.s3a.S3AFileSystem not found
[2024-10-03T09:27:21.579+0000] {spark_submit.py:488} INFO - at org.apache.hadoop.conf.Configuration.getClass(Configuration.java:2688)
[2024-10-03T09:27:21.583+0000] {spark_submit.py:488} INFO - at org.apache.hadoop.fs.FileSystem.getFileSystemClass(FileSystem.java:3431)
[2024-10-03T09:27:21.584+0000] {spark_submit.py:488} INFO - at org.apache.hadoop.fs.FileSystem.createFileSystem(FileSystem.java:3466)
[2024-10-03T09:27:21.585+0000] {spark_submit.py:488} INFO - at org.apache.hadoop.fs.FileSystem.access$300(FileSystem.java:174)
[2024-10-03T09:27:21.585+0000] {spark_submit.py:488} INFO - at org.apache.hadoop.fs.FileSystem$Cache.getInternal(FileSystem.java:3574)
[2024-10-03T09:27:21.586+0000] {spark_submit.py:488} INFO - at org.apache.hadoop.fs.FileSystem$Cache.get(FileSystem.java:3521)
[2024-10-03T09:27:21.587+0000] {spark_submit.py:488} INFO - at org.apache.hadoop.fs.FileSystem.get(FileSystem.java:540)
[2024-10-03T09:27:21.587+0000] {spark_submit.py:488} INFO - at org.apache.hadoop.fs.Path.getFileSystem(Path.java:365)
[2024-10-03T09:27:21.588+0000] {spark_submit.py:488} INFO - at org.apache.spark.sql.execution.datasources.DataSource.planForWritingFileFormat(DataSource.scala:454)
[2024-10-03T09:27:21.589+0000] {spark_submit.py:488} INFO - at org.apache.spark.sql.execution.datasources.DataSource.planForWriting(DataSource.scala:530)
[2024-10-03T09:27:21.590+0000] {spark_submit.py:488} INFO - at org.apache.spark.sql.DataFrameWriter.saveToV1Source(DataFrameWriter.scala:391)
[2024-10-03T09:27:21.590+0000] {spark_submit.py:488} INFO - at org.apache.spark.sql.DataFrameWriter.saveInternal(DataFrameWriter.scala:364)
[2024-10-03T09:27:21.591+0000] {spark_submit.py:488} INFO - at org.apache.spark.sql.DataFrameWriter.save(DataFrameWriter.scala:243)
[2024-10-03T09:27:21.591+0000] {spark_submit.py:488} INFO - at java.base/jdk.internal.reflect.NativeMethodAccessorImpl.invoke0(Native Method)
[2024-10-03T09:27:21.592+0000] {spark_submit.py:488} INFO - at java.base/jdk.internal.reflect.NativeMethodAccessorImpl.invoke(NativeMethodAccessorImpl.java:77)
[2024-10-03T09:27:21.592+0000] {spark_submit.py:488} INFO - at java.base/jdk.internal.reflect.DelegatingMethodAccessorImpl.invoke(DelegatingMethodAccessorImpl.java:43)
[2024-10-03T09:27:21.593+0000] {spark_submit.py:488} INFO - at java.base/java.lang.reflect.Method.invoke(Method.java:569)
[2024-10-03T09:27:21.593+0000] {spark_submit.py:488} INFO - at py4j.reflection.MethodInvoker.invoke(MethodInvoker.java:244)
[2024-10-03T09:27:21.594+0000] {spark_submit.py:488} INFO - at py4j.reflection.ReflectionEngine.invoke(ReflectionEngine.java:374)
[2024-10-03T09:27:21.595+0000] {spark_submit.py:488} INFO - at py4j.Gateway.invoke(Gateway.java:282)
[2024-10-03T09:27:21.596+0000] {spark_submit.py:488} INFO - at py4j.commands.AbstractCommand.invokeMethod(AbstractCommand.java:132)
[2024-10-03T09:27:21.599+0000] {spark_submit.py:488} INFO - at py4j.commands.CallCommand.execute(CallCommand.java:79)
[2024-10-03T09:27:21.599+0000] {spark_submit.py:488} INFO - at py4j.ClientServerConnection.waitForCommands(ClientServerConnection.java:182)
[2024-10-03T09:27:21.600+0000] {spark_submit.py:488} INFO - at py4j.ClientServerConnection.run(ClientServerConnection.java:106)
[2024-10-03T09:27:21.601+0000] {spark_submit.py:488} INFO - at java.base/java.lang.Thread.run(Thread.java:840)
[2024-10-03T09:27:21.601+0000] {spark_submit.py:488} INFO - Caused by: java.lang.ClassNotFoundException: Class org.apache.hadoop.fs.s3a.S3AFileSystem not found
[2024-10-03T09:27:21.602+0000] {spark_submit.py:488} INFO - at org.apache.hadoop.conf.Configuration.getClassByName(Configuration.java:2592)
[2024-10-03T09:27:21.602+0000] {spark_submit.py:488} INFO - at org.apache.hadoop.conf.Configuration.getClass(Configuration.java:2686)
[2024-10-03T09:27:21.603+0000] {spark_submit.py:488} INFO - ... 24 more
[2024-10-03T09:27:21.603+0000] {spark_submit.py:488} INFO - 
[2024-10-03T09:27:21.603+0000] {spark_submit.py:488} INFO - [2024-10-03T09:27:21.532+0000] {clientserver.py:543} INFO - Closing down clientserver connection
[2024-10-03T09:27:21.604+0000] {spark_submit.py:488} INFO - 24/10/03 09:27:21 INFO BlockManagerInfo: Removed broadcast_2_piece0 on 8c0d519f07a3:44123 in memory (size: 16.5 KiB, free: 434.4 MiB)
[2024-10-03T09:27:21.604+0000] {spark_submit.py:488} INFO - 24/10/03 09:27:21 INFO BlockManagerInfo: Removed broadcast_2_piece0 on 172.20.0.9:42329 in memory (size: 16.5 KiB, free: 434.4 MiB)
[2024-10-03T09:27:21.605+0000] {spark_submit.py:488} INFO - 24/10/03 09:27:21 INFO BlockManagerInfo: Removed broadcast_4_piece0 on 8c0d519f07a3:44123 in memory (size: 5.9 KiB, free: 434.4 MiB)
[2024-10-03T09:27:21.612+0000] {spark_submit.py:488} INFO - 24/10/03 09:27:21 INFO BlockManagerInfo: Removed broadcast_4_piece0 on 172.20.0.9:42329 in memory (size: 5.9 KiB, free: 434.4 MiB)
[2024-10-03T09:27:22.348+0000] {spark_submit.py:488} INFO - 24/10/03 09:27:22 INFO SparkContext: Invoking stop() from shutdown hook
[2024-10-03T09:27:22.349+0000] {spark_submit.py:488} INFO - 24/10/03 09:27:22 INFO SparkContext: SparkContext is stopping with exitCode 0.
[2024-10-03T09:27:22.371+0000] {spark_submit.py:488} INFO - 24/10/03 09:27:22 INFO SparkUI: Stopped Spark web UI at http://8c0d519f07a3:4040
[2024-10-03T09:27:22.383+0000] {spark_submit.py:488} INFO - 24/10/03 09:27:22 INFO StandaloneSchedulerBackend: Shutting down all executors
[2024-10-03T09:27:22.385+0000] {spark_submit.py:488} INFO - 24/10/03 09:27:22 INFO StandaloneSchedulerBackend$StandaloneDriverEndpoint: Asking each executor to shut down
[2024-10-03T09:27:22.447+0000] {spark_submit.py:488} INFO - 24/10/03 09:27:22 INFO MapOutputTrackerMasterEndpoint: MapOutputTrackerMasterEndpoint stopped!
[2024-10-03T09:27:22.475+0000] {spark_submit.py:488} INFO - 24/10/03 09:27:22 INFO MemoryStore: MemoryStore cleared
[2024-10-03T09:27:22.477+0000] {spark_submit.py:488} INFO - 24/10/03 09:27:22 INFO BlockManager: BlockManager stopped
[2024-10-03T09:27:22.483+0000] {spark_submit.py:488} INFO - 24/10/03 09:27:22 INFO BlockManagerMaster: BlockManagerMaster stopped
[2024-10-03T09:27:22.487+0000] {spark_submit.py:488} INFO - 24/10/03 09:27:22 INFO OutputCommitCoordinator$OutputCommitCoordinatorEndpoint: OutputCommitCoordinator stopped!
[2024-10-03T09:27:22.505+0000] {spark_submit.py:488} INFO - 24/10/03 09:27:22 INFO SparkContext: Successfully stopped SparkContext
[2024-10-03T09:27:22.506+0000] {spark_submit.py:488} INFO - 24/10/03 09:27:22 INFO ShutdownHookManager: Shutdown hook called
[2024-10-03T09:27:22.507+0000] {spark_submit.py:488} INFO - 24/10/03 09:27:22 INFO ShutdownHookManager: Deleting directory /tmp/spark-729e2376-3ccc-4df0-8709-136a959be85b
[2024-10-03T09:27:22.513+0000] {spark_submit.py:488} INFO - 24/10/03 09:27:22 INFO ShutdownHookManager: Deleting directory /tmp/spark-cd0bcc01-fba2-4b61-921c-6add6565d05d
[2024-10-03T09:27:22.519+0000] {spark_submit.py:488} INFO - 24/10/03 09:27:22 INFO ShutdownHookManager: Deleting directory /tmp/spark-cd0bcc01-fba2-4b61-921c-6add6565d05d/pyspark-68608d96-1124-4147-89cd-a689da25e114
[2024-10-03T09:27:22.604+0000] {taskinstance.py:3310} ERROR - Task failed with exception
Traceback (most recent call last):
  File "/home/airflow/.local/lib/python3.12/site-packages/airflow/models/taskinstance.py", line 767, in _execute_task
    result = _execute_callable(context=context, **execute_callable_kwargs)
             ^^^^^^^^^^^^^^^^^^^^^^^^^^^^^^^^^^^^^^^^^^^^^^^^^^^^^^^^^^^^^
  File "/home/airflow/.local/lib/python3.12/site-packages/airflow/models/taskinstance.py", line 733, in _execute_callable
    return ExecutionCallableRunner(
           ^^^^^^^^^^^^^^^^^^^^^^^^
  File "/home/airflow/.local/lib/python3.12/site-packages/airflow/utils/operator_helpers.py", line 252, in run
    return self.func(*args, **kwargs)
           ^^^^^^^^^^^^^^^^^^^^^^^^^^
  File "/home/airflow/.local/lib/python3.12/site-packages/airflow/models/baseoperator.py", line 406, in wrapper
    return func(self, *args, **kwargs)
           ^^^^^^^^^^^^^^^^^^^^^^^^^^^
  File "/home/airflow/.local/lib/python3.12/site-packages/airflow/providers/apache/spark/operators/spark_submit.py", line 157, in execute
    self._hook.submit(self._application)
  File "/home/airflow/.local/lib/python3.12/site-packages/airflow/providers/apache/spark/hooks/spark_submit.py", line 419, in submit
    raise AirflowException(
airflow.exceptions.AirflowException: Cannot execute: spark-submit --master spark://spark-master:7077 --name arrow-spark dags/etl_pipeline/tasks/warehouse/components/extract_transform.py categories False 2024-10-03. Error code is: 1.
[2024-10-03T09:27:22.612+0000] {taskinstance.py:1225} INFO - Marking task as FAILED. dag_id=etl_pipeline, task_id=warehouse.step_1.extract_transform.categories, run_id=manual__2024-10-03T08:41:55.857004+00:00, execution_date=20241003T084155, start_date=20241003T092648, end_date=20241003T092722
[2024-10-03T09:27:22.613+0000] {taskinstance.py:1563} INFO - Executing callback at index 0: slack_notifier
[2024-10-03T09:27:22.617+0000] {baseoperator.py:405} WARNING - SlackWebhookOperator.execute cannot be called outside TaskInstance!
[2024-10-03T09:27:22.621+0000] {logging_mixin.py:190} WARNING - /home/***/.local/lib/python3.12/site-packages/***/providers/slack/hooks/slack_webhook.py:42 UserWarning: You cannot override the default channel (chosen by the user who installed your app), username, or icon when you're using Incoming Webhooks to post messages. Instead, these values will always inherit from the associated Slack app configuration. See: https://api.slack.com/messaging/webhooks#advanced_message_formatting. It is possible to change this values only in Legacy Slack Integration Incoming Webhook: https://api.slack.com/legacy/custom-integrations/messaging/webhooks#legacy-customizations
[2024-10-03T09:27:22.631+0000] {base.py:84} INFO - Retrieving connection 'slack_notifier'
[2024-10-03T09:27:23.083+0000] {taskinstance.py:340} INFO - ::group::Post task execution logs
[2024-10-03T09:27:23.084+0000] {standard_task_runner.py:124} ERROR - Failed to execute job 13655 for task warehouse.step_1.extract_transform.categories (Cannot execute: spark-submit --master spark://spark-master:7077 --name arrow-spark dags/etl_pipeline/tasks/warehouse/components/extract_transform.py categories False 2024-10-03. Error code is: 1.; 50281)
Traceback (most recent call last):
  File "/home/airflow/.local/lib/python3.12/site-packages/airflow/task/task_runner/standard_task_runner.py", line 117, in _start_by_fork
    ret = args.func(args, dag=self.dag)
          ^^^^^^^^^^^^^^^^^^^^^^^^^^^^^
  File "/home/airflow/.local/lib/python3.12/site-packages/airflow/cli/cli_config.py", line 49, in command
    return func(*args, **kwargs)
           ^^^^^^^^^^^^^^^^^^^^^
  File "/home/airflow/.local/lib/python3.12/site-packages/airflow/utils/cli.py", line 115, in wrapper
    return f(*args, **kwargs)
           ^^^^^^^^^^^^^^^^^^
  File "/home/airflow/.local/lib/python3.12/site-packages/airflow/cli/commands/task_command.py", line 483, in task_run
    task_return_code = _run_task_by_selected_method(args, _dag, ti)
                       ^^^^^^^^^^^^^^^^^^^^^^^^^^^^^^^^^^^^^^^^^^^^
  File "/home/airflow/.local/lib/python3.12/site-packages/airflow/cli/commands/task_command.py", line 256, in _run_task_by_selected_method
    return _run_raw_task(args, ti)
           ^^^^^^^^^^^^^^^^^^^^^^^
  File "/home/airflow/.local/lib/python3.12/site-packages/airflow/cli/commands/task_command.py", line 341, in _run_raw_task
    return ti._run_raw_task(
           ^^^^^^^^^^^^^^^^^
  File "/home/airflow/.local/lib/python3.12/site-packages/airflow/utils/session.py", line 97, in wrapper
    return func(*args, session=session, **kwargs)
           ^^^^^^^^^^^^^^^^^^^^^^^^^^^^^^^^^^^^^^
  File "/home/airflow/.local/lib/python3.12/site-packages/airflow/models/taskinstance.py", line 3004, in _run_raw_task
    return _run_raw_task(
           ^^^^^^^^^^^^^^
  File "/home/airflow/.local/lib/python3.12/site-packages/airflow/models/taskinstance.py", line 273, in _run_raw_task
    TaskInstance._execute_task_with_callbacks(
  File "/home/airflow/.local/lib/python3.12/site-packages/airflow/models/taskinstance.py", line 3158, in _execute_task_with_callbacks
    result = self._execute_task(context, task_orig)
             ^^^^^^^^^^^^^^^^^^^^^^^^^^^^^^^^^^^^^^
  File "/home/airflow/.local/lib/python3.12/site-packages/airflow/models/taskinstance.py", line 3182, in _execute_task
    return _execute_task(self, context, task_orig)
           ^^^^^^^^^^^^^^^^^^^^^^^^^^^^^^^^^^^^^^^
  File "/home/airflow/.local/lib/python3.12/site-packages/airflow/models/taskinstance.py", line 767, in _execute_task
    result = _execute_callable(context=context, **execute_callable_kwargs)
             ^^^^^^^^^^^^^^^^^^^^^^^^^^^^^^^^^^^^^^^^^^^^^^^^^^^^^^^^^^^^^
  File "/home/airflow/.local/lib/python3.12/site-packages/airflow/models/taskinstance.py", line 733, in _execute_callable
    return ExecutionCallableRunner(
           ^^^^^^^^^^^^^^^^^^^^^^^^
  File "/home/airflow/.local/lib/python3.12/site-packages/airflow/utils/operator_helpers.py", line 252, in run
    return self.func(*args, **kwargs)
           ^^^^^^^^^^^^^^^^^^^^^^^^^^
  File "/home/airflow/.local/lib/python3.12/site-packages/airflow/models/baseoperator.py", line 406, in wrapper
    return func(self, *args, **kwargs)
           ^^^^^^^^^^^^^^^^^^^^^^^^^^^
  File "/home/airflow/.local/lib/python3.12/site-packages/airflow/providers/apache/spark/operators/spark_submit.py", line 157, in execute
    self._hook.submit(self._application)
  File "/home/airflow/.local/lib/python3.12/site-packages/airflow/providers/apache/spark/hooks/spark_submit.py", line 419, in submit
    raise AirflowException(
airflow.exceptions.AirflowException: Cannot execute: spark-submit --master spark://spark-master:7077 --name arrow-spark dags/etl_pipeline/tasks/warehouse/components/extract_transform.py categories False 2024-10-03. Error code is: 1.
[2024-10-03T09:27:23.115+0000] {local_task_job_runner.py:266} INFO - Task exited with return code 1
[2024-10-03T09:27:23.139+0000] {local_task_job_runner.py:245} INFO - ::endgroup::
