[2024-10-03T10:28:08.123+0000] {local_task_job_runner.py:123} INFO - ::group::Pre task execution logs
[2024-10-03T10:28:08.167+0000] {taskinstance.py:2612} INFO - Dependencies all met for dep_context=non-requeueable deps ti=<TaskInstance: etl_pipeline.warehouse.step_1.extract_transform.categories manual__2024-10-03T08:41:55.857004+00:00 [queued]>
[2024-10-03T10:28:08.187+0000] {taskinstance.py:2612} INFO - Dependencies all met for dep_context=requeueable deps ti=<TaskInstance: etl_pipeline.warehouse.step_1.extract_transform.categories manual__2024-10-03T08:41:55.857004+00:00 [queued]>
[2024-10-03T10:28:08.188+0000] {taskinstance.py:2865} INFO - Starting attempt 23 of 23
[2024-10-03T10:28:08.228+0000] {taskinstance.py:2888} INFO - Executing <Task(SparkSubmitOperator): warehouse.step_1.extract_transform.categories> on 2024-10-03 08:41:55.857004+00:00
[2024-10-03T10:28:08.245+0000] {standard_task_runner.py:104} INFO - Running: ['***', 'tasks', 'run', 'etl_pipeline', 'warehouse.step_1.extract_transform.categories', 'manual__2024-10-03T08:41:55.857004+00:00', '--job-id', '13670', '--raw', '--subdir', 'DAGS_FOLDER/etl_pipeline/run.py', '--cfg-path', '/tmp/tmp8n01lniq']
[2024-10-03T10:28:08.252+0000] {standard_task_runner.py:105} INFO - Job 13670: Subtask warehouse.step_1.extract_transform.categories
[2024-10-03T10:28:08.256+0000] {logging_mixin.py:190} WARNING - /home/***/.local/lib/python3.12/site-packages/***/task/task_runner/standard_task_runner.py:70 DeprecationWarning: This process (pid=5083) is multi-threaded, use of fork() may lead to deadlocks in the child.
[2024-10-03T10:28:08.257+0000] {standard_task_runner.py:72} INFO - Started process 5085 to run task
[2024-10-03T10:28:08.374+0000] {task_command.py:467} INFO - Running <TaskInstance: etl_pipeline.warehouse.step_1.extract_transform.categories manual__2024-10-03T08:41:55.857004+00:00 [running]> on host d9608c166c23
[2024-10-03T10:28:08.611+0000] {taskinstance.py:3131} INFO - Exporting env vars: AIRFLOW_CTX_DAG_OWNER='***' AIRFLOW_CTX_DAG_ID='etl_pipeline' AIRFLOW_CTX_TASK_ID='warehouse.step_1.extract_transform.categories' AIRFLOW_CTX_EXECUTION_DATE='2024-10-03T08:41:55.857004+00:00' AIRFLOW_CTX_TRY_NUMBER='23' AIRFLOW_CTX_DAG_RUN_ID='manual__2024-10-03T08:41:55.857004+00:00'
[2024-10-03T10:28:08.613+0000] {taskinstance.py:731} INFO - ::endgroup::
[2024-10-03T10:28:08.632+0000] {base.py:84} INFO - Retrieving connection 'spark-conn'
[2024-10-03T10:28:08.633+0000] {spark_submit.py:335} INFO - Spark-Submit cmd: spark-submit --master spark://spark-master:7077 --packages org.apache.hadoop:hadoop-aws:3.3.1,com.amazonaws:aws-java-sdk-bundle:1.11.901 --name arrow-spark dags/etl_pipeline/tasks/warehouse/components/extract_transform.py categories False 2024-10-03
[2024-10-03T10:28:08.687+0000] {spark_submit.py:488} INFO - /home/***/.local/lib/python3.12/site-packages/pyspark/bin/load-spark-env.sh: line 68: ps: command not found
[2024-10-03T10:28:11.584+0000] {spark_submit.py:488} INFO - :: loading settings :: url = jar:file:/home/***/.local/lib/python3.12/site-packages/pyspark/jars/ivy-2.5.1.jar!/org/apache/ivy/core/settings/ivysettings.xml
[2024-10-03T10:28:11.776+0000] {spark_submit.py:488} INFO - Ivy Default Cache set to: /home/***/.ivy2/cache
[2024-10-03T10:28:11.777+0000] {spark_submit.py:488} INFO - The jars for the packages stored in: /home/***/.ivy2/jars
[2024-10-03T10:28:11.786+0000] {spark_submit.py:488} INFO - org.apache.hadoop#hadoop-aws added as a dependency
[2024-10-03T10:28:11.787+0000] {spark_submit.py:488} INFO - com.amazonaws#aws-java-sdk-bundle added as a dependency
[2024-10-03T10:28:11.788+0000] {spark_submit.py:488} INFO - :: resolving dependencies :: org.apache.spark#spark-submit-parent-5bdf7e6b-c234-48e7-8114-55b2d76e9642;1.0
[2024-10-03T10:28:11.788+0000] {spark_submit.py:488} INFO - confs: [default]
[2024-10-03T10:28:20.042+0000] {spark_submit.py:488} INFO - found org.apache.hadoop#hadoop-aws;3.3.1 in central
[2024-10-03T10:28:22.697+0000] {spark_submit.py:488} INFO - found com.amazonaws#aws-java-sdk-bundle;1.11.901 in central
[2024-10-03T10:28:27.526+0000] {spark_submit.py:488} INFO - found org.wildfly.openssl#wildfly-openssl;1.0.7.Final in central
[2024-10-03T10:28:27.772+0000] {spark_submit.py:488} INFO - downloading https://repo1.maven.org/maven2/org/apache/hadoop/hadoop-aws/3.3.1/hadoop-aws-3.3.1.jar ...
[2024-10-03T10:28:31.985+0000] {spark_submit.py:488} INFO - [SUCCESSFUL ] org.apache.hadoop#hadoop-aws;3.3.1!hadoop-aws.jar (4438ms)
[2024-10-03T10:28:32.188+0000] {spark_submit.py:488} INFO - downloading https://repo1.maven.org/maven2/com/amazonaws/aws-java-sdk-bundle/1.11.901/aws-java-sdk-bundle-1.11.901.jar ...
[2024-10-03T10:29:07.875+0000] {spark_submit.py:488} INFO - [SUCCESSFUL ] com.amazonaws#aws-java-sdk-bundle;1.11.901!aws-java-sdk-bundle.jar (35884ms)
[2024-10-03T10:29:08.112+0000] {spark_submit.py:488} INFO - downloading https://repo1.maven.org/maven2/org/wildfly/openssl/wildfly-openssl/1.0.7.Final/wildfly-openssl-1.0.7.Final.jar ...
[2024-10-03T10:29:08.361+0000] {spark_submit.py:488} INFO - [SUCCESSFUL ] org.wildfly.openssl#wildfly-openssl;1.0.7.Final!wildfly-openssl.jar (478ms)
[2024-10-03T10:29:08.363+0000] {spark_submit.py:488} INFO - :: resolution report :: resolve 15756ms :: artifacts dl 40819ms
[2024-10-03T10:29:08.364+0000] {spark_submit.py:488} INFO - :: modules in use:
[2024-10-03T10:29:08.365+0000] {spark_submit.py:488} INFO - com.amazonaws#aws-java-sdk-bundle;1.11.901 from central in [default]
[2024-10-03T10:29:08.365+0000] {spark_submit.py:488} INFO - org.apache.hadoop#hadoop-aws;3.3.1 from central in [default]
[2024-10-03T10:29:08.366+0000] {spark_submit.py:488} INFO - org.wildfly.openssl#wildfly-openssl;1.0.7.Final from central in [default]
[2024-10-03T10:29:08.366+0000] {spark_submit.py:488} INFO - ---------------------------------------------------------------------
[2024-10-03T10:29:08.367+0000] {spark_submit.py:488} INFO - |                  |            modules            ||   artifacts   |
[2024-10-03T10:29:08.368+0000] {spark_submit.py:488} INFO - |       conf       | number| search|dwnlded|evicted|| number|dwnlded|
[2024-10-03T10:29:08.369+0000] {spark_submit.py:488} INFO - ---------------------------------------------------------------------
[2024-10-03T10:29:08.369+0000] {spark_submit.py:488} INFO - |      default     |   3   |   3   |   3   |   0   ||   3   |   3   |
[2024-10-03T10:29:08.370+0000] {spark_submit.py:488} INFO - ---------------------------------------------------------------------
[2024-10-03T10:29:08.373+0000] {spark_submit.py:488} INFO - :: retrieving :: org.apache.spark#spark-submit-parent-5bdf7e6b-c234-48e7-8114-55b2d76e9642
[2024-10-03T10:29:08.374+0000] {spark_submit.py:488} INFO - confs: [default]
[2024-10-03T10:29:08.863+0000] {spark_submit.py:488} INFO - 3 artifacts copied, 0 already retrieved (189078kB/490ms)
[2024-10-03T10:29:09.178+0000] {spark_submit.py:488} INFO - 24/10/03 10:29:09 WARN NativeCodeLoader: Unable to load native-hadoop library for your platform... using builtin-java classes where applicable
[2024-10-03T10:29:15.515+0000] {spark_submit.py:488} INFO - 24/10/03 10:29:15 INFO SparkContext: Running Spark version 3.5.3
[2024-10-03T10:29:15.518+0000] {spark_submit.py:488} INFO - 24/10/03 10:29:15 INFO SparkContext: OS info Linux, 5.15.153.1-microsoft-standard-WSL2, amd64
[2024-10-03T10:29:15.520+0000] {spark_submit.py:488} INFO - 24/10/03 10:29:15 INFO SparkContext: Java version 17.0.12
[2024-10-03T10:29:15.593+0000] {spark_submit.py:488} INFO - 24/10/03 10:29:15 INFO ResourceUtils: ==============================================================
[2024-10-03T10:29:15.594+0000] {spark_submit.py:488} INFO - 24/10/03 10:29:15 INFO ResourceUtils: No custom resources configured for spark.driver.
[2024-10-03T10:29:15.595+0000] {spark_submit.py:488} INFO - 24/10/03 10:29:15 INFO ResourceUtils: ==============================================================
[2024-10-03T10:29:15.597+0000] {spark_submit.py:488} INFO - 24/10/03 10:29:15 INFO SparkContext: Submitted application: ETL Pipeline - Categories
[2024-10-03T10:29:15.674+0000] {spark_submit.py:488} INFO - 24/10/03 10:29:15 INFO ResourceProfile: Default ResourceProfile created, executor resources: Map(memory -> name: memory, amount: 1024, script: , vendor: , offHeap -> name: offHeap, amount: 0, script: , vendor: ), task resources: Map(cpus -> name: cpus, amount: 1.0)
[2024-10-03T10:29:15.703+0000] {spark_submit.py:488} INFO - 24/10/03 10:29:15 INFO ResourceProfile: Limiting resource is cpu
[2024-10-03T10:29:15.705+0000] {spark_submit.py:488} INFO - 24/10/03 10:29:15 INFO ResourceProfileManager: Added ResourceProfile id: 0
[2024-10-03T10:29:15.844+0000] {spark_submit.py:488} INFO - 24/10/03 10:29:15 INFO SecurityManager: Changing view acls to: ***
[2024-10-03T10:29:15.845+0000] {spark_submit.py:488} INFO - 24/10/03 10:29:15 INFO SecurityManager: Changing modify acls to: ***
[2024-10-03T10:29:15.846+0000] {spark_submit.py:488} INFO - 24/10/03 10:29:15 INFO SecurityManager: Changing view acls groups to:
[2024-10-03T10:29:15.848+0000] {spark_submit.py:488} INFO - 24/10/03 10:29:15 INFO SecurityManager: Changing modify acls groups to:
[2024-10-03T10:29:15.849+0000] {spark_submit.py:488} INFO - 24/10/03 10:29:15 INFO SecurityManager: SecurityManager: authentication disabled; ui acls disabled; users with view permissions: ***; groups with view permissions: EMPTY; users with modify permissions: ***; groups with modify permissions: EMPTY
[2024-10-03T10:29:16.437+0000] {spark_submit.py:488} INFO - 24/10/03 10:29:16 INFO Utils: Successfully started service 'sparkDriver' on port 43181.
[2024-10-03T10:29:16.512+0000] {spark_submit.py:488} INFO - 24/10/03 10:29:16 INFO SparkEnv: Registering MapOutputTracker
[2024-10-03T10:29:16.608+0000] {spark_submit.py:488} INFO - 24/10/03 10:29:16 INFO SparkEnv: Registering BlockManagerMaster
[2024-10-03T10:29:16.665+0000] {spark_submit.py:488} INFO - 24/10/03 10:29:16 INFO BlockManagerMasterEndpoint: Using org.apache.spark.storage.DefaultTopologyMapper for getting topology information
[2024-10-03T10:29:16.667+0000] {spark_submit.py:488} INFO - 24/10/03 10:29:16 INFO BlockManagerMasterEndpoint: BlockManagerMasterEndpoint up
[2024-10-03T10:29:16.677+0000] {spark_submit.py:488} INFO - 24/10/03 10:29:16 INFO SparkEnv: Registering BlockManagerMasterHeartbeat
[2024-10-03T10:29:16.724+0000] {spark_submit.py:488} INFO - 24/10/03 10:29:16 INFO DiskBlockManager: Created local directory at /tmp/blockmgr-e5cb10e8-d628-47d2-a051-124acd4d0e0c
[2024-10-03T10:29:16.760+0000] {spark_submit.py:488} INFO - 24/10/03 10:29:16 INFO MemoryStore: MemoryStore started with capacity 434.4 MiB
[2024-10-03T10:29:16.788+0000] {spark_submit.py:488} INFO - 24/10/03 10:29:16 INFO SparkEnv: Registering OutputCommitCoordinator
[2024-10-03T10:29:17.003+0000] {spark_submit.py:488} INFO - 24/10/03 10:29:17 INFO JettyUtils: Start Jetty 0.0.0.0:4040 for SparkUI
[2024-10-03T10:29:17.105+0000] {spark_submit.py:488} INFO - 24/10/03 10:29:17 INFO Utils: Successfully started service 'SparkUI' on port 4040.
[2024-10-03T10:29:17.171+0000] {spark_submit.py:488} INFO - 24/10/03 10:29:17 INFO SparkContext: Added JAR file:///home/***/.ivy2/jars/org.apache.hadoop_hadoop-aws-3.3.1.jar at spark://d9608c166c23:43181/jars/org.apache.hadoop_hadoop-aws-3.3.1.jar with timestamp 1727951355492
[2024-10-03T10:29:17.172+0000] {spark_submit.py:488} INFO - 24/10/03 10:29:17 INFO SparkContext: Added JAR file:///home/***/.ivy2/jars/com.amazonaws_aws-java-sdk-bundle-1.11.901.jar at spark://d9608c166c23:43181/jars/com.amazonaws_aws-java-sdk-bundle-1.11.901.jar with timestamp 1727951355492
[2024-10-03T10:29:17.173+0000] {spark_submit.py:488} INFO - 24/10/03 10:29:17 INFO SparkContext: Added JAR file:///home/***/.ivy2/jars/org.wildfly.openssl_wildfly-openssl-1.0.7.Final.jar at spark://d9608c166c23:43181/jars/org.wildfly.openssl_wildfly-openssl-1.0.7.Final.jar with timestamp 1727951355492
[2024-10-03T10:29:17.178+0000] {spark_submit.py:488} INFO - 24/10/03 10:29:17 INFO SparkContext: Added file file:///home/***/.ivy2/jars/org.apache.hadoop_hadoop-aws-3.3.1.jar at spark://d9608c166c23:43181/files/org.apache.hadoop_hadoop-aws-3.3.1.jar with timestamp 1727951355492
[2024-10-03T10:29:17.180+0000] {spark_submit.py:488} INFO - 24/10/03 10:29:17 INFO Utils: Copying /home/***/.ivy2/jars/org.apache.hadoop_hadoop-aws-3.3.1.jar to /tmp/spark-27a584f0-fc7e-4763-b802-fad12c151e7c/userFiles-6ec02aa1-d4d1-42f7-b9c7-95552d2fceb8/org.apache.hadoop_hadoop-aws-3.3.1.jar
[2024-10-03T10:29:17.194+0000] {spark_submit.py:488} INFO - 24/10/03 10:29:17 INFO SparkContext: Added file file:///home/***/.ivy2/jars/com.amazonaws_aws-java-sdk-bundle-1.11.901.jar at spark://d9608c166c23:43181/files/com.amazonaws_aws-java-sdk-bundle-1.11.901.jar with timestamp 1727951355492
[2024-10-03T10:29:17.195+0000] {spark_submit.py:488} INFO - 24/10/03 10:29:17 INFO Utils: Copying /home/***/.ivy2/jars/com.amazonaws_aws-java-sdk-bundle-1.11.901.jar to /tmp/spark-27a584f0-fc7e-4763-b802-fad12c151e7c/userFiles-6ec02aa1-d4d1-42f7-b9c7-95552d2fceb8/com.amazonaws_aws-java-sdk-bundle-1.11.901.jar
[2024-10-03T10:29:17.480+0000] {spark_submit.py:488} INFO - 24/10/03 10:29:17 INFO SparkContext: Added file file:///home/***/.ivy2/jars/org.wildfly.openssl_wildfly-openssl-1.0.7.Final.jar at spark://d9608c166c23:43181/files/org.wildfly.openssl_wildfly-openssl-1.0.7.Final.jar with timestamp 1727951355492
[2024-10-03T10:29:17.481+0000] {spark_submit.py:488} INFO - 24/10/03 10:29:17 INFO Utils: Copying /home/***/.ivy2/jars/org.wildfly.openssl_wildfly-openssl-1.0.7.Final.jar to /tmp/spark-27a584f0-fc7e-4763-b802-fad12c151e7c/userFiles-6ec02aa1-d4d1-42f7-b9c7-95552d2fceb8/org.wildfly.openssl_wildfly-openssl-1.0.7.Final.jar
[2024-10-03T10:29:17.579+0000] {spark_submit.py:488} INFO - 24/10/03 10:29:17 INFO StandaloneAppClient$ClientEndpoint: Connecting to master spark://spark-master:7077...
[2024-10-03T10:29:17.639+0000] {spark_submit.py:488} INFO - 24/10/03 10:29:17 INFO TransportClientFactory: Successfully created connection to spark-master/172.20.0.2:7077 after 38 ms (0 ms spent in bootstraps)
[2024-10-03T10:29:17.789+0000] {spark_submit.py:488} INFO - 24/10/03 10:29:17 INFO StandaloneSchedulerBackend: Connected to Spark cluster with app ID app-20241003102917-0004
[2024-10-03T10:29:17.793+0000] {spark_submit.py:488} INFO - 24/10/03 10:29:17 INFO StandaloneAppClient$ClientEndpoint: Executor added: app-20241003102917-0004/0 on worker-20241003094638-172.20.0.10-38773 (172.20.0.10:38773) with 2 core(s)
[2024-10-03T10:29:17.798+0000] {spark_submit.py:488} INFO - 24/10/03 10:29:17 INFO StandaloneSchedulerBackend: Granted executor ID app-20241003102917-0004/0 on hostPort 172.20.0.10:38773 with 2 core(s), 1024.0 MiB RAM
[2024-10-03T10:29:17.810+0000] {spark_submit.py:488} INFO - 24/10/03 10:29:17 INFO Utils: Successfully started service 'org.apache.spark.network.netty.NettyBlockTransferService' on port 40221.
[2024-10-03T10:29:17.810+0000] {spark_submit.py:488} INFO - 24/10/03 10:29:17 INFO NettyBlockTransferService: Server created on d9608c166c23:40221
[2024-10-03T10:29:17.814+0000] {spark_submit.py:488} INFO - 24/10/03 10:29:17 INFO BlockManager: Using org.apache.spark.storage.RandomBlockReplicationPolicy for block replication policy
[2024-10-03T10:29:17.828+0000] {spark_submit.py:488} INFO - 24/10/03 10:29:17 INFO BlockManagerMaster: Registering BlockManager BlockManagerId(driver, d9608c166c23, 40221, None)
[2024-10-03T10:29:17.835+0000] {spark_submit.py:488} INFO - 24/10/03 10:29:17 INFO BlockManagerMasterEndpoint: Registering block manager d9608c166c23:40221 with 434.4 MiB RAM, BlockManagerId(driver, d9608c166c23, 40221, None)
[2024-10-03T10:29:17.839+0000] {spark_submit.py:488} INFO - 24/10/03 10:29:17 INFO BlockManagerMaster: Registered BlockManager BlockManagerId(driver, d9608c166c23, 40221, None)
[2024-10-03T10:29:17.842+0000] {spark_submit.py:488} INFO - 24/10/03 10:29:17 INFO BlockManager: Initialized BlockManager: BlockManagerId(driver, d9608c166c23, 40221, None)
[2024-10-03T10:29:17.887+0000] {spark_submit.py:488} INFO - 24/10/03 10:29:17 INFO StandaloneAppClient$ClientEndpoint: Executor updated: app-20241003102917-0004/0 is now RUNNING
[2024-10-03T10:29:18.293+0000] {spark_submit.py:488} INFO - 24/10/03 10:29:18 INFO StandaloneSchedulerBackend: SchedulerBackend is ready for scheduling beginning after reached minRegisteredResourcesRatio: 0.0
[2024-10-03T10:29:21.783+0000] {spark_submit.py:488} INFO - 24/10/03 10:29:21 INFO StandaloneSchedulerBackend$StandaloneDriverEndpoint: Registered executor NettyRpcEndpointRef(spark-client://Executor) (172.20.0.10:39234) with ID 0,  ResourceProfileId 0
[2024-10-03T10:29:21.910+0000] {spark_submit.py:488} INFO - 24/10/03 10:29:21 INFO BlockManagerMasterEndpoint: Registering block manager 172.20.0.10:42635 with 434.4 MiB RAM, BlockManagerId(0, 172.20.0.10, 42635, None)
[2024-10-03T10:29:22.256+0000] {spark_submit.py:488} INFO - [2024-10-03T10:29:22.253+0000] {base.py:84} INFO - Retrieving connection 'staging_db'
[2024-10-03T10:29:22.284+0000] {spark_submit.py:488} INFO - ['category', 'categoryname', 'created_at']
[2024-10-03T10:29:22.285+0000] {spark_submit.py:488} INFO - [(1, 'Action', datetime.datetime(2004, 3, 1, 0, 0)), (2, 'Animation', datetime.datetime(2004, 3, 1, 0, 0)), (3, 'Children', datetime.datetime(2004, 3, 1, 0, 0)), (4, 'Classics', datetime.datetime(2004, 3, 1, 0, 0)), (5, 'Comedy', datetime.datetime(2004, 3, 1, 0, 0)), (6, 'Documentary', datetime.datetime(2004, 3, 1, 0, 0)), (7, 'Drama', datetime.datetime(2004, 3, 1, 0, 0)), (8, 'Family', datetime.datetime(2004, 3, 1, 0, 0)), (9, 'Foreign', datetime.datetime(2004, 3, 1, 0, 0)), (10, 'Games', datetime.datetime(2004, 3, 1, 0, 0)), (11, 'Horror', datetime.datetime(2004, 3, 1, 0, 0)), (12, 'Music', datetime.datetime(2004, 3, 1, 0, 0)), (13, 'New', datetime.datetime(2004, 3, 1, 0, 0)), (14, 'Sci-Fi', datetime.datetime(2004, 3, 1, 0, 0)), (15, 'Sports', datetime.datetime(2004, 3, 1, 0, 0)), (16, 'Travel', datetime.datetime(2004, 3, 1, 0, 0))]
[2024-10-03T10:29:22.299+0000] {spark_submit.py:488} INFO - 24/10/03 10:29:22 INFO SharedState: Setting hive.metastore.warehouse.dir ('null') to the value of spark.sql.warehouse.dir.
[2024-10-03T10:29:22.306+0000] {spark_submit.py:488} INFO - 24/10/03 10:29:22 INFO SharedState: Warehouse path is 'file:/opt/***/spark-warehouse'.
[2024-10-03T10:29:25.991+0000] {spark_submit.py:488} INFO - DataFrame content before writing to CSV:
[2024-10-03T10:29:26.948+0000] {spark_submit.py:488} INFO - 24/10/03 10:29:26 INFO CodeGenerator: Code generated in 323.4796 ms
[2024-10-03T10:29:27.103+0000] {spark_submit.py:488} INFO - 24/10/03 10:29:27 INFO DAGScheduler: Registering RDD 7 (showString at NativeMethodAccessorImpl.java:0) as input to shuffle 0
[2024-10-03T10:29:27.109+0000] {spark_submit.py:488} INFO - 24/10/03 10:29:27 INFO DAGScheduler: Got map stage job 0 (showString at NativeMethodAccessorImpl.java:0) with 2 output partitions
[2024-10-03T10:29:27.110+0000] {spark_submit.py:488} INFO - 24/10/03 10:29:27 INFO DAGScheduler: Final stage: ShuffleMapStage 0 (showString at NativeMethodAccessorImpl.java:0)
[2024-10-03T10:29:27.110+0000] {spark_submit.py:488} INFO - 24/10/03 10:29:27 INFO DAGScheduler: Parents of final stage: List()
[2024-10-03T10:29:27.112+0000] {spark_submit.py:488} INFO - 24/10/03 10:29:27 INFO DAGScheduler: Missing parents: List()
[2024-10-03T10:29:27.118+0000] {spark_submit.py:488} INFO - 24/10/03 10:29:27 INFO DAGScheduler: Submitting ShuffleMapStage 0 (MapPartitionsRDD[7] at showString at NativeMethodAccessorImpl.java:0), which has no missing parents
[2024-10-03T10:29:27.264+0000] {spark_submit.py:488} INFO - 24/10/03 10:29:27 INFO MemoryStore: Block broadcast_0 stored as values in memory (estimated size 29.3 KiB, free 434.4 MiB)
[2024-10-03T10:29:27.307+0000] {spark_submit.py:488} INFO - 24/10/03 10:29:27 INFO MemoryStore: Block broadcast_0_piece0 stored as bytes in memory (estimated size 14.3 KiB, free 434.4 MiB)
[2024-10-03T10:29:27.311+0000] {spark_submit.py:488} INFO - 24/10/03 10:29:27 INFO BlockManagerInfo: Added broadcast_0_piece0 in memory on d9608c166c23:40221 (size: 14.3 KiB, free: 434.4 MiB)
[2024-10-03T10:29:27.315+0000] {spark_submit.py:488} INFO - 24/10/03 10:29:27 INFO SparkContext: Created broadcast 0 from broadcast at DAGScheduler.scala:1585
[2024-10-03T10:29:27.332+0000] {spark_submit.py:488} INFO - 24/10/03 10:29:27 INFO DAGScheduler: Submitting 2 missing tasks from ShuffleMapStage 0 (MapPartitionsRDD[7] at showString at NativeMethodAccessorImpl.java:0) (first 15 tasks are for partitions Vector(0, 1))
[2024-10-03T10:29:27.333+0000] {spark_submit.py:488} INFO - 24/10/03 10:29:27 INFO TaskSchedulerImpl: Adding task set 0.0 with 2 tasks resource profile 0
[2024-10-03T10:29:27.379+0000] {spark_submit.py:488} INFO - 24/10/03 10:29:27 INFO TaskSetManager: Starting task 0.0 in stage 0.0 (TID 0) (172.20.0.10, executor 0, partition 0, PROCESS_LOCAL, 9915 bytes)
[2024-10-03T10:29:27.387+0000] {spark_submit.py:488} INFO - 24/10/03 10:29:27 INFO TaskSetManager: Starting task 1.0 in stage 0.0 (TID 1) (172.20.0.10, executor 0, partition 1, PROCESS_LOCAL, 9900 bytes)
[2024-10-03T10:29:27.729+0000] {spark_submit.py:488} INFO - 24/10/03 10:29:27 INFO BlockManagerInfo: Added broadcast_0_piece0 in memory on 172.20.0.10:42635 (size: 14.3 KiB, free: 434.4 MiB)
[2024-10-03T10:29:30.219+0000] {spark_submit.py:488} INFO - 24/10/03 10:29:30 INFO TaskSetManager: Finished task 1.0 in stage 0.0 (TID 1) in 2831 ms on 172.20.0.10 (executor 0) (1/2)
[2024-10-03T10:29:30.222+0000] {spark_submit.py:488} INFO - 24/10/03 10:29:30 INFO TaskSetManager: Finished task 0.0 in stage 0.0 (TID 0) in 2865 ms on 172.20.0.10 (executor 0) (2/2)
[2024-10-03T10:29:30.225+0000] {spark_submit.py:488} INFO - 24/10/03 10:29:30 INFO TaskSchedulerImpl: Removed TaskSet 0.0, whose tasks have all completed, from pool
[2024-10-03T10:29:30.233+0000] {spark_submit.py:488} INFO - 24/10/03 10:29:30 INFO PythonAccumulatorV2: Connected to AccumulatorServer at host: 127.0.0.1 port: 34701
[2024-10-03T10:29:30.248+0000] {spark_submit.py:488} INFO - 24/10/03 10:29:30 INFO DAGScheduler: ShuffleMapStage 0 (showString at NativeMethodAccessorImpl.java:0) finished in 3.114 s
[2024-10-03T10:29:30.255+0000] {spark_submit.py:488} INFO - 24/10/03 10:29:30 INFO DAGScheduler: looking for newly runnable stages
[2024-10-03T10:29:30.257+0000] {spark_submit.py:488} INFO - 24/10/03 10:29:30 INFO DAGScheduler: running: Set()
[2024-10-03T10:29:30.260+0000] {spark_submit.py:488} INFO - 24/10/03 10:29:30 INFO DAGScheduler: waiting: Set()
[2024-10-03T10:29:30.262+0000] {spark_submit.py:488} INFO - 24/10/03 10:29:30 INFO DAGScheduler: failed: Set()
[2024-10-03T10:29:30.340+0000] {spark_submit.py:488} INFO - 24/10/03 10:29:30 INFO ShufflePartitionsUtil: For shuffle(0), advisory target size: 67108864, actual target size 1048576, minimum partition size: 1048576
[2024-10-03T10:29:30.429+0000] {spark_submit.py:488} INFO - 24/10/03 10:29:30 INFO CodeGenerator: Code generated in 24.048703 ms
[2024-10-03T10:29:30.522+0000] {spark_submit.py:488} INFO - 24/10/03 10:29:30 INFO SparkContext: Starting job: showString at NativeMethodAccessorImpl.java:0
[2024-10-03T10:29:30.529+0000] {spark_submit.py:488} INFO - 24/10/03 10:29:30 INFO DAGScheduler: Got job 1 (showString at NativeMethodAccessorImpl.java:0) with 1 output partitions
[2024-10-03T10:29:30.530+0000] {spark_submit.py:488} INFO - 24/10/03 10:29:30 INFO DAGScheduler: Final stage: ResultStage 2 (showString at NativeMethodAccessorImpl.java:0)
[2024-10-03T10:29:30.530+0000] {spark_submit.py:488} INFO - 24/10/03 10:29:30 INFO DAGScheduler: Parents of final stage: List(ShuffleMapStage 1)
[2024-10-03T10:29:30.532+0000] {spark_submit.py:488} INFO - 24/10/03 10:29:30 INFO DAGScheduler: Missing parents: List()
[2024-10-03T10:29:30.536+0000] {spark_submit.py:488} INFO - 24/10/03 10:29:30 INFO DAGScheduler: Submitting ResultStage 2 (MapPartitionsRDD[11] at showString at NativeMethodAccessorImpl.java:0), which has no missing parents
[2024-10-03T10:29:30.597+0000] {spark_submit.py:488} INFO - 24/10/03 10:29:30 INFO MemoryStore: Block broadcast_1 stored as values in memory (estimated size 35.7 KiB, free 434.3 MiB)
[2024-10-03T10:29:30.612+0000] {spark_submit.py:488} INFO - 24/10/03 10:29:30 INFO MemoryStore: Block broadcast_1_piece0 stored as bytes in memory (estimated size 17.5 KiB, free 434.3 MiB)
[2024-10-03T10:29:30.613+0000] {spark_submit.py:488} INFO - 24/10/03 10:29:30 INFO BlockManagerInfo: Added broadcast_1_piece0 in memory on d9608c166c23:40221 (size: 17.5 KiB, free: 434.4 MiB)
[2024-10-03T10:29:30.620+0000] {spark_submit.py:488} INFO - 24/10/03 10:29:30 INFO SparkContext: Created broadcast 1 from broadcast at DAGScheduler.scala:1585
[2024-10-03T10:29:30.620+0000] {spark_submit.py:488} INFO - 24/10/03 10:29:30 INFO DAGScheduler: Submitting 1 missing tasks from ResultStage 2 (MapPartitionsRDD[11] at showString at NativeMethodAccessorImpl.java:0) (first 15 tasks are for partitions Vector(0))
[2024-10-03T10:29:30.621+0000] {spark_submit.py:488} INFO - 24/10/03 10:29:30 INFO TaskSchedulerImpl: Adding task set 2.0 with 1 tasks resource profile 0
[2024-10-03T10:29:30.629+0000] {spark_submit.py:488} INFO - 24/10/03 10:29:30 INFO TaskSetManager: Starting task 0.0 in stage 2.0 (TID 2) (172.20.0.10, executor 0, partition 0, NODE_LOCAL, 9733 bytes)
[2024-10-03T10:29:30.659+0000] {spark_submit.py:488} INFO - 24/10/03 10:29:30 INFO BlockManagerInfo: Removed broadcast_0_piece0 on d9608c166c23:40221 in memory (size: 14.3 KiB, free: 434.4 MiB)
[2024-10-03T10:29:30.683+0000] {spark_submit.py:488} INFO - 24/10/03 10:29:30 INFO BlockManagerInfo: Added broadcast_1_piece0 in memory on 172.20.0.10:42635 (size: 17.5 KiB, free: 434.4 MiB)
[2024-10-03T10:29:30.692+0000] {spark_submit.py:488} INFO - 24/10/03 10:29:30 INFO BlockManagerInfo: Removed broadcast_0_piece0 on 172.20.0.10:42635 in memory (size: 14.3 KiB, free: 434.4 MiB)
[2024-10-03T10:29:30.875+0000] {spark_submit.py:488} INFO - 24/10/03 10:29:30 INFO MapOutputTrackerMasterEndpoint: Asked to send map output locations for shuffle 0 to 172.20.0.10:39234
[2024-10-03T10:29:31.323+0000] {spark_submit.py:488} INFO - 24/10/03 10:29:31 INFO TaskSetManager: Finished task 0.0 in stage 2.0 (TID 2) in 697 ms on 172.20.0.10 (executor 0) (1/1)
[2024-10-03T10:29:31.324+0000] {spark_submit.py:488} INFO - 24/10/03 10:29:31 INFO TaskSchedulerImpl: Removed TaskSet 2.0, whose tasks have all completed, from pool
[2024-10-03T10:29:31.328+0000] {spark_submit.py:488} INFO - 24/10/03 10:29:31 INFO DAGScheduler: ResultStage 2 (showString at NativeMethodAccessorImpl.java:0) finished in 0.744 s
[2024-10-03T10:29:31.330+0000] {spark_submit.py:488} INFO - 24/10/03 10:29:31 INFO DAGScheduler: Job 1 is finished. Cancelling potential speculative or zombie tasks for this job
[2024-10-03T10:29:31.331+0000] {spark_submit.py:488} INFO - 24/10/03 10:29:31 INFO TaskSchedulerImpl: Killing all running tasks in stage 2: Stage finished
[2024-10-03T10:29:31.334+0000] {spark_submit.py:488} INFO - 24/10/03 10:29:31 INFO DAGScheduler: Job 1 finished: showString at NativeMethodAccessorImpl.java:0, took 0.811422 s
[2024-10-03T10:29:32.632+0000] {spark_submit.py:488} INFO - 24/10/03 10:29:32 INFO CodeGenerator: Code generated in 19.941202 ms
[2024-10-03T10:29:32.645+0000] {spark_submit.py:488} INFO - +-----------+-------------+
[2024-10-03T10:29:32.645+0000] {spark_submit.py:488} INFO - |category_nk|category_name|
[2024-10-03T10:29:32.646+0000] {spark_submit.py:488} INFO - +-----------+-------------+
[2024-10-03T10:29:32.646+0000] {spark_submit.py:488} INFO - |          1|       Action|
[2024-10-03T10:29:32.646+0000] {spark_submit.py:488} INFO - |          2|    Animation|
[2024-10-03T10:29:32.647+0000] {spark_submit.py:488} INFO - |          3|     Children|
[2024-10-03T10:29:32.647+0000] {spark_submit.py:488} INFO - |          4|     Classics|
[2024-10-03T10:29:32.648+0000] {spark_submit.py:488} INFO - |          5|       Comedy|
[2024-10-03T10:29:32.648+0000] {spark_submit.py:488} INFO - +-----------+-------------+
[2024-10-03T10:29:32.648+0000] {spark_submit.py:488} INFO - only showing top 5 rows
[2024-10-03T10:29:32.649+0000] {spark_submit.py:488} INFO - 
[2024-10-03T10:29:32.704+0000] {spark_submit.py:488} INFO - 24/10/03 10:29:32 INFO BlockManagerInfo: Removed broadcast_1_piece0 on d9608c166c23:40221 in memory (size: 17.5 KiB, free: 434.4 MiB)
[2024-10-03T10:29:32.707+0000] {spark_submit.py:488} INFO - 24/10/03 10:29:32 INFO BlockManagerInfo: Removed broadcast_1_piece0 on 172.20.0.10:42635 in memory (size: 17.5 KiB, free: 434.4 MiB)
[2024-10-03T10:29:32.830+0000] {spark_submit.py:488} INFO - 24/10/03 10:29:32 INFO CodeGenerator: Code generated in 64.511206 ms
[2024-10-03T10:29:32.841+0000] {spark_submit.py:488} INFO - 24/10/03 10:29:32 INFO DAGScheduler: Registering RDD 13 (count at NativeMethodAccessorImpl.java:0) as input to shuffle 1
[2024-10-03T10:29:32.841+0000] {spark_submit.py:488} INFO - 24/10/03 10:29:32 INFO DAGScheduler: Got map stage job 2 (count at NativeMethodAccessorImpl.java:0) with 2 output partitions
[2024-10-03T10:29:32.842+0000] {spark_submit.py:488} INFO - 24/10/03 10:29:32 INFO DAGScheduler: Final stage: ShuffleMapStage 3 (count at NativeMethodAccessorImpl.java:0)
[2024-10-03T10:29:32.843+0000] {spark_submit.py:488} INFO - 24/10/03 10:29:32 INFO DAGScheduler: Parents of final stage: List()
[2024-10-03T10:29:32.843+0000] {spark_submit.py:488} INFO - 24/10/03 10:29:32 INFO DAGScheduler: Missing parents: List()
[2024-10-03T10:29:32.844+0000] {spark_submit.py:488} INFO - 24/10/03 10:29:32 INFO DAGScheduler: Submitting ShuffleMapStage 3 (MapPartitionsRDD[13] at count at NativeMethodAccessorImpl.java:0), which has no missing parents
[2024-10-03T10:29:32.849+0000] {spark_submit.py:488} INFO - 24/10/03 10:29:32 INFO MemoryStore: Block broadcast_2 stored as values in memory (estimated size 34.4 KiB, free 434.4 MiB)
[2024-10-03T10:29:32.860+0000] {spark_submit.py:488} INFO - 24/10/03 10:29:32 INFO MemoryStore: Block broadcast_2_piece0 stored as bytes in memory (estimated size 16.6 KiB, free 434.4 MiB)
[2024-10-03T10:29:32.861+0000] {spark_submit.py:488} INFO - 24/10/03 10:29:32 INFO BlockManagerInfo: Added broadcast_2_piece0 in memory on d9608c166c23:40221 (size: 16.6 KiB, free: 434.4 MiB)
[2024-10-03T10:29:32.862+0000] {spark_submit.py:488} INFO - 24/10/03 10:29:32 INFO SparkContext: Created broadcast 2 from broadcast at DAGScheduler.scala:1585
[2024-10-03T10:29:32.863+0000] {spark_submit.py:488} INFO - 24/10/03 10:29:32 INFO DAGScheduler: Submitting 2 missing tasks from ShuffleMapStage 3 (MapPartitionsRDD[13] at count at NativeMethodAccessorImpl.java:0) (first 15 tasks are for partitions Vector(0, 1))
[2024-10-03T10:29:32.864+0000] {spark_submit.py:488} INFO - 24/10/03 10:29:32 INFO TaskSchedulerImpl: Adding task set 3.0 with 2 tasks resource profile 0
[2024-10-03T10:29:32.866+0000] {spark_submit.py:488} INFO - 24/10/03 10:29:32 INFO TaskSetManager: Starting task 0.0 in stage 3.0 (TID 3) (172.20.0.10, executor 0, partition 0, PROCESS_LOCAL, 9915 bytes)
[2024-10-03T10:29:32.867+0000] {spark_submit.py:488} INFO - 24/10/03 10:29:32 INFO TaskSetManager: Starting task 1.0 in stage 3.0 (TID 4) (172.20.0.10, executor 0, partition 1, PROCESS_LOCAL, 9900 bytes)
[2024-10-03T10:29:32.892+0000] {spark_submit.py:488} INFO - 24/10/03 10:29:32 INFO BlockManagerInfo: Added broadcast_2_piece0 in memory on 172.20.0.10:42635 (size: 16.6 KiB, free: 434.4 MiB)
[2024-10-03T10:29:33.192+0000] {spark_submit.py:488} INFO - 24/10/03 10:29:33 INFO TaskSetManager: Finished task 0.0 in stage 3.0 (TID 3) in 327 ms on 172.20.0.10 (executor 0) (1/2)
[2024-10-03T10:29:33.194+0000] {spark_submit.py:488} INFO - 24/10/03 10:29:33 INFO TaskSetManager: Finished task 1.0 in stage 3.0 (TID 4) in 327 ms on 172.20.0.10 (executor 0) (2/2)
[2024-10-03T10:29:33.200+0000] {spark_submit.py:488} INFO - 24/10/03 10:29:33 INFO TaskSchedulerImpl: Removed TaskSet 3.0, whose tasks have all completed, from pool
[2024-10-03T10:29:33.200+0000] {spark_submit.py:488} INFO - 24/10/03 10:29:33 INFO DAGScheduler: ShuffleMapStage 3 (count at NativeMethodAccessorImpl.java:0) finished in 0.353 s
[2024-10-03T10:29:33.201+0000] {spark_submit.py:488} INFO - 24/10/03 10:29:33 INFO DAGScheduler: looking for newly runnable stages
[2024-10-03T10:29:33.201+0000] {spark_submit.py:488} INFO - 24/10/03 10:29:33 INFO DAGScheduler: running: Set()
[2024-10-03T10:29:33.202+0000] {spark_submit.py:488} INFO - 24/10/03 10:29:33 INFO DAGScheduler: waiting: Set()
[2024-10-03T10:29:33.202+0000] {spark_submit.py:488} INFO - 24/10/03 10:29:33 INFO DAGScheduler: failed: Set()
[2024-10-03T10:29:33.217+0000] {spark_submit.py:488} INFO - 24/10/03 10:29:33 INFO ShufflePartitionsUtil: For shuffle(1), advisory target size: 67108864, actual target size 1048576, minimum partition size: 1048576
[2024-10-03T10:29:33.312+0000] {spark_submit.py:488} INFO - 24/10/03 10:29:33 INFO CodeGenerator: Code generated in 53.909705 ms
[2024-10-03T10:29:33.335+0000] {spark_submit.py:488} INFO - 24/10/03 10:29:33 INFO DAGScheduler: Registering RDD 16 (count at NativeMethodAccessorImpl.java:0) as input to shuffle 2
[2024-10-03T10:29:33.336+0000] {spark_submit.py:488} INFO - 24/10/03 10:29:33 INFO DAGScheduler: Got map stage job 3 (count at NativeMethodAccessorImpl.java:0) with 1 output partitions
[2024-10-03T10:29:33.336+0000] {spark_submit.py:488} INFO - 24/10/03 10:29:33 INFO DAGScheduler: Final stage: ShuffleMapStage 5 (count at NativeMethodAccessorImpl.java:0)
[2024-10-03T10:29:33.336+0000] {spark_submit.py:488} INFO - 24/10/03 10:29:33 INFO DAGScheduler: Parents of final stage: List(ShuffleMapStage 4)
[2024-10-03T10:29:33.337+0000] {spark_submit.py:488} INFO - 24/10/03 10:29:33 INFO DAGScheduler: Missing parents: List()
[2024-10-03T10:29:33.338+0000] {spark_submit.py:488} INFO - 24/10/03 10:29:33 INFO DAGScheduler: Submitting ShuffleMapStage 5 (MapPartitionsRDD[16] at count at NativeMethodAccessorImpl.java:0), which has no missing parents
[2024-10-03T10:29:33.354+0000] {spark_submit.py:488} INFO - 24/10/03 10:29:33 INFO MemoryStore: Block broadcast_3 stored as values in memory (estimated size 44.6 KiB, free 434.3 MiB)
[2024-10-03T10:29:33.362+0000] {spark_submit.py:488} INFO - 24/10/03 10:29:33 INFO MemoryStore: Block broadcast_3_piece0 stored as bytes in memory (estimated size 21.1 KiB, free 434.3 MiB)
[2024-10-03T10:29:33.363+0000] {spark_submit.py:488} INFO - 24/10/03 10:29:33 INFO BlockManagerInfo: Added broadcast_3_piece0 in memory on d9608c166c23:40221 (size: 21.1 KiB, free: 434.4 MiB)
[2024-10-03T10:29:33.365+0000] {spark_submit.py:488} INFO - 24/10/03 10:29:33 INFO SparkContext: Created broadcast 3 from broadcast at DAGScheduler.scala:1585
[2024-10-03T10:29:33.367+0000] {spark_submit.py:488} INFO - 24/10/03 10:29:33 INFO DAGScheduler: Submitting 1 missing tasks from ShuffleMapStage 5 (MapPartitionsRDD[16] at count at NativeMethodAccessorImpl.java:0) (first 15 tasks are for partitions Vector(0))
[2024-10-03T10:29:33.367+0000] {spark_submit.py:488} INFO - 24/10/03 10:29:33 INFO TaskSchedulerImpl: Adding task set 5.0 with 1 tasks resource profile 0
[2024-10-03T10:29:33.368+0000] {spark_submit.py:488} INFO - 24/10/03 10:29:33 INFO BlockManagerInfo: Removed broadcast_2_piece0 on d9608c166c23:40221 in memory (size: 16.6 KiB, free: 434.4 MiB)
[2024-10-03T10:29:33.370+0000] {spark_submit.py:488} INFO - 24/10/03 10:29:33 INFO TaskSetManager: Starting task 0.0 in stage 5.0 (TID 5) (172.20.0.10, executor 0, partition 0, NODE_LOCAL, 9722 bytes)
[2024-10-03T10:29:33.373+0000] {spark_submit.py:488} INFO - 24/10/03 10:29:33 INFO BlockManagerInfo: Removed broadcast_2_piece0 on 172.20.0.10:42635 in memory (size: 16.6 KiB, free: 434.4 MiB)
[2024-10-03T10:29:33.401+0000] {spark_submit.py:488} INFO - 24/10/03 10:29:33 INFO BlockManagerInfo: Added broadcast_3_piece0 in memory on 172.20.0.10:42635 (size: 21.1 KiB, free: 434.4 MiB)
[2024-10-03T10:29:33.444+0000] {spark_submit.py:488} INFO - 24/10/03 10:29:33 INFO MapOutputTrackerMasterEndpoint: Asked to send map output locations for shuffle 1 to 172.20.0.10:39234
[2024-10-03T10:29:33.538+0000] {spark_submit.py:488} INFO - 24/10/03 10:29:33 INFO TaskSetManager: Finished task 0.0 in stage 5.0 (TID 5) in 168 ms on 172.20.0.10 (executor 0) (1/1)
[2024-10-03T10:29:33.539+0000] {spark_submit.py:488} INFO - 24/10/03 10:29:33 INFO TaskSchedulerImpl: Removed TaskSet 5.0, whose tasks have all completed, from pool
[2024-10-03T10:29:33.543+0000] {spark_submit.py:488} INFO - 24/10/03 10:29:33 INFO DAGScheduler: ShuffleMapStage 5 (count at NativeMethodAccessorImpl.java:0) finished in 0.197 s
[2024-10-03T10:29:33.548+0000] {spark_submit.py:488} INFO - 24/10/03 10:29:33 INFO DAGScheduler: looking for newly runnable stages
[2024-10-03T10:29:33.549+0000] {spark_submit.py:488} INFO - 24/10/03 10:29:33 INFO DAGScheduler: running: Set()
[2024-10-03T10:29:33.549+0000] {spark_submit.py:488} INFO - 24/10/03 10:29:33 INFO DAGScheduler: waiting: Set()
[2024-10-03T10:29:33.550+0000] {spark_submit.py:488} INFO - 24/10/03 10:29:33 INFO DAGScheduler: failed: Set()
[2024-10-03T10:29:33.596+0000] {spark_submit.py:488} INFO - 24/10/03 10:29:33 INFO CodeGenerator: Code generated in 27.450303 ms
[2024-10-03T10:29:33.632+0000] {spark_submit.py:488} INFO - 24/10/03 10:29:33 INFO SparkContext: Starting job: count at NativeMethodAccessorImpl.java:0
[2024-10-03T10:29:33.640+0000] {spark_submit.py:488} INFO - 24/10/03 10:29:33 INFO DAGScheduler: Got job 4 (count at NativeMethodAccessorImpl.java:0) with 1 output partitions
[2024-10-03T10:29:33.640+0000] {spark_submit.py:488} INFO - 24/10/03 10:29:33 INFO DAGScheduler: Final stage: ResultStage 8 (count at NativeMethodAccessorImpl.java:0)
[2024-10-03T10:29:33.641+0000] {spark_submit.py:488} INFO - 24/10/03 10:29:33 INFO DAGScheduler: Parents of final stage: List(ShuffleMapStage 7)
[2024-10-03T10:29:33.641+0000] {spark_submit.py:488} INFO - 24/10/03 10:29:33 INFO DAGScheduler: Missing parents: List()
[2024-10-03T10:29:33.647+0000] {spark_submit.py:488} INFO - 24/10/03 10:29:33 INFO DAGScheduler: Submitting ResultStage 8 (MapPartitionsRDD[19] at count at NativeMethodAccessorImpl.java:0), which has no missing parents
[2024-10-03T10:29:33.655+0000] {spark_submit.py:488} INFO - 24/10/03 10:29:33 INFO MemoryStore: Block broadcast_4 stored as values in memory (estimated size 12.5 KiB, free 434.3 MiB)
[2024-10-03T10:29:33.670+0000] {spark_submit.py:488} INFO - 24/10/03 10:29:33 INFO MemoryStore: Block broadcast_4_piece0 stored as bytes in memory (estimated size 5.9 KiB, free 434.3 MiB)
[2024-10-03T10:29:33.671+0000] {spark_submit.py:488} INFO - 24/10/03 10:29:33 INFO BlockManagerInfo: Added broadcast_4_piece0 in memory on d9608c166c23:40221 (size: 5.9 KiB, free: 434.4 MiB)
[2024-10-03T10:29:33.678+0000] {spark_submit.py:488} INFO - 24/10/03 10:29:33 INFO SparkContext: Created broadcast 4 from broadcast at DAGScheduler.scala:1585
[2024-10-03T10:29:33.679+0000] {spark_submit.py:488} INFO - 24/10/03 10:29:33 INFO BlockManagerInfo: Removed broadcast_3_piece0 on d9608c166c23:40221 in memory (size: 21.1 KiB, free: 434.4 MiB)
[2024-10-03T10:29:33.680+0000] {spark_submit.py:488} INFO - 24/10/03 10:29:33 INFO DAGScheduler: Submitting 1 missing tasks from ResultStage 8 (MapPartitionsRDD[19] at count at NativeMethodAccessorImpl.java:0) (first 15 tasks are for partitions Vector(0))
[2024-10-03T10:29:33.681+0000] {spark_submit.py:488} INFO - 24/10/03 10:29:33 INFO TaskSchedulerImpl: Adding task set 8.0 with 1 tasks resource profile 0
[2024-10-03T10:29:33.681+0000] {spark_submit.py:488} INFO - 24/10/03 10:29:33 INFO TaskSetManager: Starting task 0.0 in stage 8.0 (TID 6) (172.20.0.10, executor 0, partition 0, NODE_LOCAL, 9733 bytes)
[2024-10-03T10:29:33.689+0000] {spark_submit.py:488} INFO - 24/10/03 10:29:33 INFO BlockManagerInfo: Removed broadcast_3_piece0 on 172.20.0.10:42635 in memory (size: 21.1 KiB, free: 434.4 MiB)
[2024-10-03T10:29:33.727+0000] {spark_submit.py:488} INFO - 24/10/03 10:29:33 INFO BlockManagerInfo: Added broadcast_4_piece0 in memory on 172.20.0.10:42635 (size: 5.9 KiB, free: 434.4 MiB)
[2024-10-03T10:29:33.746+0000] {spark_submit.py:488} INFO - 24/10/03 10:29:33 INFO MapOutputTrackerMasterEndpoint: Asked to send map output locations for shuffle 2 to 172.20.0.10:39234
[2024-10-03T10:29:33.827+0000] {spark_submit.py:488} INFO - 24/10/03 10:29:33 INFO TaskSetManager: Finished task 0.0 in stage 8.0 (TID 6) in 147 ms on 172.20.0.10 (executor 0) (1/1)
[2024-10-03T10:29:33.835+0000] {spark_submit.py:488} INFO - 24/10/03 10:29:33 INFO TaskSchedulerImpl: Removed TaskSet 8.0, whose tasks have all completed, from pool
[2024-10-03T10:29:33.836+0000] {spark_submit.py:488} INFO - 24/10/03 10:29:33 INFO DAGScheduler: ResultStage 8 (count at NativeMethodAccessorImpl.java:0) finished in 0.181 s
[2024-10-03T10:29:33.837+0000] {spark_submit.py:488} INFO - 24/10/03 10:29:33 INFO DAGScheduler: Job 4 is finished. Cancelling potential speculative or zombie tasks for this job
[2024-10-03T10:29:33.838+0000] {spark_submit.py:488} INFO - 24/10/03 10:29:33 INFO TaskSchedulerImpl: Killing all running tasks in stage 8: Stage finished
[2024-10-03T10:29:33.839+0000] {spark_submit.py:488} INFO - 24/10/03 10:29:33 INFO DAGScheduler: Job 4 finished: count at NativeMethodAccessorImpl.java:0, took 0.199459 s
[2024-10-03T10:29:33.840+0000] {spark_submit.py:488} INFO - DF COUNT 16
[2024-10-03T10:29:34.142+0000] {spark_submit.py:488} INFO - 24/10/03 10:29:34 WARN MetricsConfig: Cannot locate configuration: tried hadoop-metrics2-s3a-file-system.properties,hadoop-metrics2.properties
[2024-10-03T10:29:34.176+0000] {spark_submit.py:488} INFO - 24/10/03 10:29:34 INFO MetricsSystemImpl: Scheduled Metric snapshot period at 10 second(s).
[2024-10-03T10:29:34.177+0000] {spark_submit.py:488} INFO - 24/10/03 10:29:34 INFO MetricsSystemImpl: s3a-file-system metrics system started
[2024-10-03T10:29:35.834+0000] {spark_submit.py:488} INFO - 24/10/03 10:29:35 INFO BlockManagerInfo: Removed broadcast_4_piece0 on d9608c166c23:40221 in memory (size: 5.9 KiB, free: 434.4 MiB)
[2024-10-03T10:29:35.838+0000] {spark_submit.py:488} INFO - 24/10/03 10:29:35 INFO BlockManagerInfo: Removed broadcast_4_piece0 on 172.20.0.10:42635 in memory (size: 5.9 KiB, free: 434.4 MiB)
[2024-10-03T10:29:36.023+0000] {spark_submit.py:488} INFO - 24/10/03 10:29:36 INFO DAGScheduler: Registering RDD 22 (save at NativeMethodAccessorImpl.java:0) as input to shuffle 3
[2024-10-03T10:29:36.024+0000] {spark_submit.py:488} INFO - 24/10/03 10:29:36 INFO DAGScheduler: Got map stage job 5 (save at NativeMethodAccessorImpl.java:0) with 2 output partitions
[2024-10-03T10:29:36.024+0000] {spark_submit.py:488} INFO - 24/10/03 10:29:36 INFO DAGScheduler: Final stage: ShuffleMapStage 9 (save at NativeMethodAccessorImpl.java:0)
[2024-10-03T10:29:36.025+0000] {spark_submit.py:488} INFO - 24/10/03 10:29:36 INFO DAGScheduler: Parents of final stage: List()
[2024-10-03T10:29:36.025+0000] {spark_submit.py:488} INFO - 24/10/03 10:29:36 INFO DAGScheduler: Missing parents: List()
[2024-10-03T10:29:36.026+0000] {spark_submit.py:488} INFO - 24/10/03 10:29:36 INFO DAGScheduler: Submitting ShuffleMapStage 9 (MapPartitionsRDD[22] at save at NativeMethodAccessorImpl.java:0), which has no missing parents
[2024-10-03T10:29:36.032+0000] {spark_submit.py:488} INFO - 24/10/03 10:29:36 INFO MemoryStore: Block broadcast_5 stored as values in memory (estimated size 29.3 KiB, free 434.4 MiB)
[2024-10-03T10:29:36.045+0000] {spark_submit.py:488} INFO - 24/10/03 10:29:36 INFO MemoryStore: Block broadcast_5_piece0 stored as bytes in memory (estimated size 14.3 KiB, free 434.4 MiB)
[2024-10-03T10:29:36.059+0000] {spark_submit.py:488} INFO - 24/10/03 10:29:36 INFO BlockManagerInfo: Added broadcast_5_piece0 in memory on d9608c166c23:40221 (size: 14.3 KiB, free: 434.4 MiB)
[2024-10-03T10:29:36.061+0000] {spark_submit.py:488} INFO - 24/10/03 10:29:36 INFO SparkContext: Created broadcast 5 from broadcast at DAGScheduler.scala:1585
[2024-10-03T10:29:36.062+0000] {spark_submit.py:488} INFO - 24/10/03 10:29:36 INFO DAGScheduler: Submitting 2 missing tasks from ShuffleMapStage 9 (MapPartitionsRDD[22] at save at NativeMethodAccessorImpl.java:0) (first 15 tasks are for partitions Vector(0, 1))
[2024-10-03T10:29:36.063+0000] {spark_submit.py:488} INFO - 24/10/03 10:29:36 INFO TaskSchedulerImpl: Adding task set 9.0 with 2 tasks resource profile 0
[2024-10-03T10:29:36.066+0000] {spark_submit.py:488} INFO - 24/10/03 10:29:36 INFO TaskSetManager: Starting task 0.0 in stage 9.0 (TID 7) (172.20.0.10, executor 0, partition 0, PROCESS_LOCAL, 9915 bytes)
[2024-10-03T10:29:36.067+0000] {spark_submit.py:488} INFO - 24/10/03 10:29:36 INFO TaskSetManager: Starting task 1.0 in stage 9.0 (TID 8) (172.20.0.10, executor 0, partition 1, PROCESS_LOCAL, 9900 bytes)
[2024-10-03T10:29:36.106+0000] {spark_submit.py:488} INFO - 24/10/03 10:29:36 INFO BlockManagerInfo: Added broadcast_5_piece0 in memory on 172.20.0.10:42635 (size: 14.3 KiB, free: 434.4 MiB)
[2024-10-03T10:29:36.393+0000] {spark_submit.py:488} INFO - 24/10/03 10:29:36 INFO TaskSetManager: Finished task 0.0 in stage 9.0 (TID 7) in 327 ms on 172.20.0.10 (executor 0) (1/2)
[2024-10-03T10:29:36.405+0000] {spark_submit.py:488} INFO - 24/10/03 10:29:36 INFO TaskSetManager: Finished task 1.0 in stage 9.0 (TID 8) in 338 ms on 172.20.0.10 (executor 0) (2/2)
[2024-10-03T10:29:36.405+0000] {spark_submit.py:488} INFO - 24/10/03 10:29:36 INFO TaskSchedulerImpl: Removed TaskSet 9.0, whose tasks have all completed, from pool
[2024-10-03T10:29:36.407+0000] {spark_submit.py:488} INFO - 24/10/03 10:29:36 INFO DAGScheduler: ShuffleMapStage 9 (save at NativeMethodAccessorImpl.java:0) finished in 0.378 s
[2024-10-03T10:29:36.408+0000] {spark_submit.py:488} INFO - 24/10/03 10:29:36 INFO DAGScheduler: looking for newly runnable stages
[2024-10-03T10:29:36.409+0000] {spark_submit.py:488} INFO - 24/10/03 10:29:36 INFO DAGScheduler: running: Set()
[2024-10-03T10:29:36.409+0000] {spark_submit.py:488} INFO - 24/10/03 10:29:36 INFO DAGScheduler: waiting: Set()
[2024-10-03T10:29:36.409+0000] {spark_submit.py:488} INFO - 24/10/03 10:29:36 INFO DAGScheduler: failed: Set()
[2024-10-03T10:29:36.416+0000] {spark_submit.py:488} INFO - 24/10/03 10:29:36 INFO ShufflePartitionsUtil: For shuffle(3), advisory target size: 67108864, actual target size 1048576, minimum partition size: 1048576
[2024-10-03T10:29:36.897+0000] {spark_submit.py:488} INFO - Traceback (most recent call last):
[2024-10-03T10:29:36.898+0000] {spark_submit.py:488} INFO - File "/opt/***/dags/etl_pipeline/tasks/warehouse/components/extract_transform.py", line 60, in _categories
[2024-10-03T10:29:36.898+0000] {spark_submit.py:488} INFO - .save("s3a://transformed-data/categories.csv")
[2024-10-03T10:29:36.898+0000] {spark_submit.py:488} INFO - ^^^^^^^^^^^^^^^^^^^^^^^^^^^^^^^^^^^^^^^^^^^^^
[2024-10-03T10:29:36.899+0000] {spark_submit.py:488} INFO - File "/home/***/.local/lib/python3.12/site-packages/pyspark/python/lib/pyspark.zip/pyspark/sql/readwriter.py", line 1463, in save
[2024-10-03T10:29:36.899+0000] {spark_submit.py:488} INFO - File "/home/***/.local/lib/python3.12/site-packages/pyspark/python/lib/py4j-0.10.9.7-src.zip/py4j/java_gateway.py", line 1322, in __call__
[2024-10-03T10:29:36.899+0000] {spark_submit.py:488} INFO - File "/home/***/.local/lib/python3.12/site-packages/pyspark/python/lib/pyspark.zip/pyspark/errors/exceptions/captured.py", line 185, in deco
[2024-10-03T10:29:36.904+0000] {spark_submit.py:488} INFO - pyspark.errors.exceptions.captured.AnalysisException: [PATH_ALREADY_EXISTS] Path s3a://transformed-data/categories.csv already exists. Set mode as "overwrite" to overwrite the existing path.
[2024-10-03T10:29:36.905+0000] {spark_submit.py:488} INFO - 
[2024-10-03T10:29:36.905+0000] {spark_submit.py:488} INFO - During handling of the above exception, another exception occurred:
[2024-10-03T10:29:36.905+0000] {spark_submit.py:488} INFO - 
[2024-10-03T10:29:36.906+0000] {spark_submit.py:488} INFO - Traceback (most recent call last):
[2024-10-03T10:29:36.906+0000] {spark_submit.py:488} INFO - File "/opt/***/dags/etl_pipeline/tasks/warehouse/components/extract_transform.py", line 77, in <module>
[2024-10-03T10:29:36.907+0000] {spark_submit.py:488} INFO - ExtractTransform._categories(incremental, date)
[2024-10-03T10:29:36.908+0000] {spark_submit.py:488} INFO - File "/opt/***/dags/etl_pipeline/tasks/warehouse/components/extract_transform.py", line 65, in _categories
[2024-10-03T10:29:36.908+0000] {spark_submit.py:488} INFO - raise AirflowException(f"Error when extracting and transforming data from categories: {e}")
[2024-10-03T10:29:36.909+0000] {spark_submit.py:488} INFO - ***.exceptions.AirflowException: Error when extracting and transforming data from categories: [PATH_ALREADY_EXISTS] Path s3a://transformed-data/categories.csv already exists. Set mode as "overwrite" to overwrite the existing path.
[2024-10-03T10:29:36.909+0000] {spark_submit.py:488} INFO - [2024-10-03T10:29:36.905+0000] {clientserver.py:543} INFO - Closing down clientserver connection
[2024-10-03T10:29:37.721+0000] {spark_submit.py:488} INFO - 24/10/03 10:29:37 INFO SparkContext: Invoking stop() from shutdown hook
[2024-10-03T10:29:37.721+0000] {spark_submit.py:488} INFO - 24/10/03 10:29:37 INFO SparkContext: SparkContext is stopping with exitCode 0.
[2024-10-03T10:29:37.731+0000] {spark_submit.py:488} INFO - 24/10/03 10:29:37 INFO SparkUI: Stopped Spark web UI at http://d9608c166c23:4040
[2024-10-03T10:29:37.735+0000] {spark_submit.py:488} INFO - 24/10/03 10:29:37 INFO StandaloneSchedulerBackend: Shutting down all executors
[2024-10-03T10:29:37.735+0000] {spark_submit.py:488} INFO - 24/10/03 10:29:37 INFO StandaloneSchedulerBackend$StandaloneDriverEndpoint: Asking each executor to shut down
[2024-10-03T10:29:37.761+0000] {spark_submit.py:488} INFO - 24/10/03 10:29:37 INFO MapOutputTrackerMasterEndpoint: MapOutputTrackerMasterEndpoint stopped!
[2024-10-03T10:29:37.796+0000] {spark_submit.py:488} INFO - 24/10/03 10:29:37 INFO MemoryStore: MemoryStore cleared
[2024-10-03T10:29:37.797+0000] {spark_submit.py:488} INFO - 24/10/03 10:29:37 INFO BlockManager: BlockManager stopped
[2024-10-03T10:29:37.801+0000] {spark_submit.py:488} INFO - 24/10/03 10:29:37 INFO BlockManagerMaster: BlockManagerMaster stopped
[2024-10-03T10:29:37.809+0000] {spark_submit.py:488} INFO - 24/10/03 10:29:37 INFO OutputCommitCoordinator$OutputCommitCoordinatorEndpoint: OutputCommitCoordinator stopped!
[2024-10-03T10:29:37.852+0000] {spark_submit.py:488} INFO - 24/10/03 10:29:37 INFO SparkContext: Successfully stopped SparkContext
[2024-10-03T10:29:37.852+0000] {spark_submit.py:488} INFO - 24/10/03 10:29:37 INFO ShutdownHookManager: Shutdown hook called
[2024-10-03T10:29:37.853+0000] {spark_submit.py:488} INFO - 24/10/03 10:29:37 INFO ShutdownHookManager: Deleting directory /tmp/spark-27a584f0-fc7e-4763-b802-fad12c151e7c/pyspark-af186206-5c76-4c17-b278-4315858d137d
[2024-10-03T10:29:37.856+0000] {spark_submit.py:488} INFO - 24/10/03 10:29:37 INFO ShutdownHookManager: Deleting directory /tmp/spark-27a584f0-fc7e-4763-b802-fad12c151e7c
[2024-10-03T10:29:37.861+0000] {spark_submit.py:488} INFO - 24/10/03 10:29:37 INFO ShutdownHookManager: Deleting directory /tmp/spark-f0f92213-1109-4f21-8b7a-ca1d06f0f359
[2024-10-03T10:29:37.867+0000] {spark_submit.py:488} INFO - 24/10/03 10:29:37 INFO MetricsSystemImpl: Stopping s3a-file-system metrics system...
[2024-10-03T10:29:37.868+0000] {spark_submit.py:488} INFO - 24/10/03 10:29:37 INFO MetricsSystemImpl: s3a-file-system metrics system stopped.
[2024-10-03T10:29:37.868+0000] {spark_submit.py:488} INFO - 24/10/03 10:29:37 INFO MetricsSystemImpl: s3a-file-system metrics system shutdown complete.
[2024-10-03T10:29:37.933+0000] {taskinstance.py:3310} ERROR - Task failed with exception
Traceback (most recent call last):
  File "/home/airflow/.local/lib/python3.12/site-packages/airflow/models/taskinstance.py", line 767, in _execute_task
    result = _execute_callable(context=context, **execute_callable_kwargs)
             ^^^^^^^^^^^^^^^^^^^^^^^^^^^^^^^^^^^^^^^^^^^^^^^^^^^^^^^^^^^^^
  File "/home/airflow/.local/lib/python3.12/site-packages/airflow/models/taskinstance.py", line 733, in _execute_callable
    return ExecutionCallableRunner(
           ^^^^^^^^^^^^^^^^^^^^^^^^
  File "/home/airflow/.local/lib/python3.12/site-packages/airflow/utils/operator_helpers.py", line 252, in run
    return self.func(*args, **kwargs)
           ^^^^^^^^^^^^^^^^^^^^^^^^^^
  File "/home/airflow/.local/lib/python3.12/site-packages/airflow/models/baseoperator.py", line 406, in wrapper
    return func(self, *args, **kwargs)
           ^^^^^^^^^^^^^^^^^^^^^^^^^^^
  File "/home/airflow/.local/lib/python3.12/site-packages/airflow/providers/apache/spark/operators/spark_submit.py", line 157, in execute
    self._hook.submit(self._application)
  File "/home/airflow/.local/lib/python3.12/site-packages/airflow/providers/apache/spark/hooks/spark_submit.py", line 419, in submit
    raise AirflowException(
airflow.exceptions.AirflowException: Cannot execute: spark-submit --master spark://spark-master:7077 --packages org.apache.hadoop:hadoop-aws:3.3.1,com.amazonaws:aws-java-sdk-bundle:1.11.901 --name arrow-spark dags/etl_pipeline/tasks/warehouse/components/extract_transform.py categories False 2024-10-03. Error code is: 1.
[2024-10-03T10:29:37.938+0000] {taskinstance.py:1225} INFO - Marking task as FAILED. dag_id=etl_pipeline, task_id=warehouse.step_1.extract_transform.categories, run_id=manual__2024-10-03T08:41:55.857004+00:00, execution_date=20241003T084155, start_date=20241003T102808, end_date=20241003T102937
[2024-10-03T10:29:37.939+0000] {taskinstance.py:1563} INFO - Executing callback at index 0: slack_notifier
[2024-10-03T10:29:37.941+0000] {baseoperator.py:405} WARNING - SlackWebhookOperator.execute cannot be called outside TaskInstance!
[2024-10-03T10:29:37.947+0000] {logging_mixin.py:190} WARNING - /home/***/.local/lib/python3.12/site-packages/***/providers/slack/hooks/slack_webhook.py:42 UserWarning: You cannot override the default channel (chosen by the user who installed your app), username, or icon when you're using Incoming Webhooks to post messages. Instead, these values will always inherit from the associated Slack app configuration. See: https://api.slack.com/messaging/webhooks#advanced_message_formatting. It is possible to change this values only in Legacy Slack Integration Incoming Webhook: https://api.slack.com/legacy/custom-integrations/messaging/webhooks#legacy-customizations
[2024-10-03T10:29:37.955+0000] {base.py:84} INFO - Retrieving connection 'slack_notifier'
[2024-10-03T10:29:39.567+0000] {taskinstance.py:340} INFO - ::group::Post task execution logs
[2024-10-03T10:29:39.568+0000] {standard_task_runner.py:124} ERROR - Failed to execute job 13670 for task warehouse.step_1.extract_transform.categories (Cannot execute: spark-submit --master spark://spark-master:7077 --packages org.apache.hadoop:hadoop-aws:3.3.1,com.amazonaws:aws-java-sdk-bundle:1.11.901 --name arrow-spark dags/etl_pipeline/tasks/warehouse/components/extract_transform.py categories False 2024-10-03. Error code is: 1.; 5085)
Traceback (most recent call last):
  File "/home/airflow/.local/lib/python3.12/site-packages/airflow/task/task_runner/standard_task_runner.py", line 117, in _start_by_fork
    ret = args.func(args, dag=self.dag)
          ^^^^^^^^^^^^^^^^^^^^^^^^^^^^^
  File "/home/airflow/.local/lib/python3.12/site-packages/airflow/cli/cli_config.py", line 49, in command
    return func(*args, **kwargs)
           ^^^^^^^^^^^^^^^^^^^^^
  File "/home/airflow/.local/lib/python3.12/site-packages/airflow/utils/cli.py", line 115, in wrapper
    return f(*args, **kwargs)
           ^^^^^^^^^^^^^^^^^^
  File "/home/airflow/.local/lib/python3.12/site-packages/airflow/cli/commands/task_command.py", line 483, in task_run
    task_return_code = _run_task_by_selected_method(args, _dag, ti)
                       ^^^^^^^^^^^^^^^^^^^^^^^^^^^^^^^^^^^^^^^^^^^^
  File "/home/airflow/.local/lib/python3.12/site-packages/airflow/cli/commands/task_command.py", line 256, in _run_task_by_selected_method
    return _run_raw_task(args, ti)
           ^^^^^^^^^^^^^^^^^^^^^^^
  File "/home/airflow/.local/lib/python3.12/site-packages/airflow/cli/commands/task_command.py", line 341, in _run_raw_task
    return ti._run_raw_task(
           ^^^^^^^^^^^^^^^^^
  File "/home/airflow/.local/lib/python3.12/site-packages/airflow/utils/session.py", line 97, in wrapper
    return func(*args, session=session, **kwargs)
           ^^^^^^^^^^^^^^^^^^^^^^^^^^^^^^^^^^^^^^
  File "/home/airflow/.local/lib/python3.12/site-packages/airflow/models/taskinstance.py", line 3004, in _run_raw_task
    return _run_raw_task(
           ^^^^^^^^^^^^^^
  File "/home/airflow/.local/lib/python3.12/site-packages/airflow/models/taskinstance.py", line 273, in _run_raw_task
    TaskInstance._execute_task_with_callbacks(
  File "/home/airflow/.local/lib/python3.12/site-packages/airflow/models/taskinstance.py", line 3158, in _execute_task_with_callbacks
    result = self._execute_task(context, task_orig)
             ^^^^^^^^^^^^^^^^^^^^^^^^^^^^^^^^^^^^^^
  File "/home/airflow/.local/lib/python3.12/site-packages/airflow/models/taskinstance.py", line 3182, in _execute_task
    return _execute_task(self, context, task_orig)
           ^^^^^^^^^^^^^^^^^^^^^^^^^^^^^^^^^^^^^^^
  File "/home/airflow/.local/lib/python3.12/site-packages/airflow/models/taskinstance.py", line 767, in _execute_task
    result = _execute_callable(context=context, **execute_callable_kwargs)
             ^^^^^^^^^^^^^^^^^^^^^^^^^^^^^^^^^^^^^^^^^^^^^^^^^^^^^^^^^^^^^
  File "/home/airflow/.local/lib/python3.12/site-packages/airflow/models/taskinstance.py", line 733, in _execute_callable
    return ExecutionCallableRunner(
           ^^^^^^^^^^^^^^^^^^^^^^^^
  File "/home/airflow/.local/lib/python3.12/site-packages/airflow/utils/operator_helpers.py", line 252, in run
    return self.func(*args, **kwargs)
           ^^^^^^^^^^^^^^^^^^^^^^^^^^
  File "/home/airflow/.local/lib/python3.12/site-packages/airflow/models/baseoperator.py", line 406, in wrapper
    return func(self, *args, **kwargs)
           ^^^^^^^^^^^^^^^^^^^^^^^^^^^
  File "/home/airflow/.local/lib/python3.12/site-packages/airflow/providers/apache/spark/operators/spark_submit.py", line 157, in execute
    self._hook.submit(self._application)
  File "/home/airflow/.local/lib/python3.12/site-packages/airflow/providers/apache/spark/hooks/spark_submit.py", line 419, in submit
    raise AirflowException(
airflow.exceptions.AirflowException: Cannot execute: spark-submit --master spark://spark-master:7077 --packages org.apache.hadoop:hadoop-aws:3.3.1,com.amazonaws:aws-java-sdk-bundle:1.11.901 --name arrow-spark dags/etl_pipeline/tasks/warehouse/components/extract_transform.py categories False 2024-10-03. Error code is: 1.
[2024-10-03T10:29:39.598+0000] {local_task_job_runner.py:266} INFO - Task exited with return code 1
[2024-10-03T10:29:39.634+0000] {taskinstance.py:3900} INFO - 0 downstream tasks scheduled from follow-on schedule check
[2024-10-03T10:29:39.638+0000] {local_task_job_runner.py:245} INFO - ::endgroup::
