[2024-09-25T07:46:04.770+0000] {processor.py:186} INFO - Started process (PID=80) to work on /opt/airflow/dags/profiling_quality_pipeline/tasks/extract.py
[2024-09-25T07:46:04.772+0000] {processor.py:914} INFO - Processing file /opt/airflow/dags/profiling_quality_pipeline/tasks/extract.py for tasks to queue
[2024-09-25T07:46:04.779+0000] {logging_mixin.py:190} INFO - [2024-09-25T07:46:04.777+0000] {dagbag.py:588} INFO - Filling up the DagBag from /opt/airflow/dags/profiling_quality_pipeline/tasks/extract.py
[2024-09-25T07:46:04.792+0000] {logging_mixin.py:190} INFO - [2024-09-25T07:46:04.789+0000] {dagbag.py:387} ERROR - Failed to import: /opt/airflow/dags/profiling_quality_pipeline/tasks/extract.py
Traceback (most recent call last):
  File "/home/airflow/.local/lib/python3.12/site-packages/airflow/models/dagbag.py", line 383, in parse
    loader.exec_module(new_module)
  File "<frozen importlib._bootstrap_external>", line 995, in exec_module
  File "<frozen importlib._bootstrap>", line 488, in _call_with_frames_removed
  File "/opt/airflow/dags/profiling_quality_pipeline/tasks/extract.py", line 2, in <module>
    from helper.minio import MinioClient
  File "/opt/airflow/dags/helper/minio.py", line 2, in <module>
    from minio import Minio
ModuleNotFoundError: No module named 'minio'
[2024-09-25T07:46:04.794+0000] {processor.py:927} WARNING - No viable dags retrieved from /opt/airflow/dags/profiling_quality_pipeline/tasks/extract.py
[2024-09-25T07:46:04.856+0000] {processor.py:208} INFO - Processing /opt/airflow/dags/profiling_quality_pipeline/tasks/extract.py took 0.112 seconds
[2024-09-25T07:46:35.249+0000] {processor.py:186} INFO - Started process (PID=96) to work on /opt/airflow/dags/profiling_quality_pipeline/tasks/extract.py
[2024-09-25T07:46:35.251+0000] {processor.py:914} INFO - Processing file /opt/airflow/dags/profiling_quality_pipeline/tasks/extract.py for tasks to queue
[2024-09-25T07:46:35.257+0000] {logging_mixin.py:190} INFO - [2024-09-25T07:46:35.256+0000] {dagbag.py:588} INFO - Filling up the DagBag from /opt/airflow/dags/profiling_quality_pipeline/tasks/extract.py
[2024-09-25T07:46:35.267+0000] {logging_mixin.py:190} INFO - [2024-09-25T07:46:35.264+0000] {dagbag.py:387} ERROR - Failed to import: /opt/airflow/dags/profiling_quality_pipeline/tasks/extract.py
Traceback (most recent call last):
  File "/home/airflow/.local/lib/python3.12/site-packages/airflow/models/dagbag.py", line 383, in parse
    loader.exec_module(new_module)
  File "<frozen importlib._bootstrap_external>", line 995, in exec_module
  File "<frozen importlib._bootstrap>", line 488, in _call_with_frames_removed
  File "/opt/airflow/dags/profiling_quality_pipeline/tasks/extract.py", line 2, in <module>
    from helper.minio import MinioClient
  File "/opt/airflow/dags/helper/minio.py", line 2, in <module>
    from minio import Minio
ModuleNotFoundError: No module named 'minio'
[2024-09-25T07:46:35.268+0000] {processor.py:927} WARNING - No viable dags retrieved from /opt/airflow/dags/profiling_quality_pipeline/tasks/extract.py
[2024-09-25T07:46:35.313+0000] {processor.py:208} INFO - Processing /opt/airflow/dags/profiling_quality_pipeline/tasks/extract.py took 0.081 seconds
[2024-09-25T07:47:06.306+0000] {processor.py:186} INFO - Started process (PID=115) to work on /opt/airflow/dags/profiling_quality_pipeline/tasks/extract.py
[2024-09-25T07:47:06.309+0000] {processor.py:914} INFO - Processing file /opt/airflow/dags/profiling_quality_pipeline/tasks/extract.py for tasks to queue
[2024-09-25T07:47:06.317+0000] {logging_mixin.py:190} INFO - [2024-09-25T07:47:06.315+0000] {dagbag.py:588} INFO - Filling up the DagBag from /opt/airflow/dags/profiling_quality_pipeline/tasks/extract.py
[2024-09-25T07:47:06.332+0000] {logging_mixin.py:190} INFO - [2024-09-25T07:47:06.327+0000] {dagbag.py:387} ERROR - Failed to import: /opt/airflow/dags/profiling_quality_pipeline/tasks/extract.py
Traceback (most recent call last):
  File "/home/airflow/.local/lib/python3.12/site-packages/airflow/models/dagbag.py", line 383, in parse
    loader.exec_module(new_module)
  File "<frozen importlib._bootstrap_external>", line 995, in exec_module
  File "<frozen importlib._bootstrap>", line 488, in _call_with_frames_removed
  File "/opt/airflow/dags/profiling_quality_pipeline/tasks/extract.py", line 2, in <module>
    from helper.minio import MinioClient
  File "/opt/airflow/dags/helper/minio.py", line 2, in <module>
    from minio import Minio
ModuleNotFoundError: No module named 'minio'
[2024-09-25T07:47:06.334+0000] {processor.py:927} WARNING - No viable dags retrieved from /opt/airflow/dags/profiling_quality_pipeline/tasks/extract.py
[2024-09-25T07:47:06.414+0000] {processor.py:208} INFO - Processing /opt/airflow/dags/profiling_quality_pipeline/tasks/extract.py took 0.133 seconds
[2024-09-25T07:47:37.015+0000] {processor.py:186} INFO - Started process (PID=133) to work on /opt/airflow/dags/profiling_quality_pipeline/tasks/extract.py
[2024-09-25T07:47:37.018+0000] {processor.py:914} INFO - Processing file /opt/airflow/dags/profiling_quality_pipeline/tasks/extract.py for tasks to queue
[2024-09-25T07:47:37.023+0000] {logging_mixin.py:190} INFO - [2024-09-25T07:47:37.023+0000] {dagbag.py:588} INFO - Filling up the DagBag from /opt/airflow/dags/profiling_quality_pipeline/tasks/extract.py
[2024-09-25T07:47:37.032+0000] {logging_mixin.py:190} INFO - [2024-09-25T07:47:37.030+0000] {dagbag.py:387} ERROR - Failed to import: /opt/airflow/dags/profiling_quality_pipeline/tasks/extract.py
Traceback (most recent call last):
  File "/home/airflow/.local/lib/python3.12/site-packages/airflow/models/dagbag.py", line 383, in parse
    loader.exec_module(new_module)
  File "<frozen importlib._bootstrap_external>", line 995, in exec_module
  File "<frozen importlib._bootstrap>", line 488, in _call_with_frames_removed
  File "/opt/airflow/dags/profiling_quality_pipeline/tasks/extract.py", line 2, in <module>
    from helper.minio import MinioClient
  File "/opt/airflow/dags/helper/minio.py", line 2, in <module>
    from minio import Minio
ModuleNotFoundError: No module named 'minio'
[2024-09-25T07:47:37.034+0000] {processor.py:927} WARNING - No viable dags retrieved from /opt/airflow/dags/profiling_quality_pipeline/tasks/extract.py
[2024-09-25T07:47:37.077+0000] {processor.py:208} INFO - Processing /opt/airflow/dags/profiling_quality_pipeline/tasks/extract.py took 0.077 seconds
[2024-09-25T07:48:07.635+0000] {processor.py:186} INFO - Started process (PID=151) to work on /opt/airflow/dags/profiling_quality_pipeline/tasks/extract.py
[2024-09-25T07:48:07.637+0000] {processor.py:914} INFO - Processing file /opt/airflow/dags/profiling_quality_pipeline/tasks/extract.py for tasks to queue
[2024-09-25T07:48:07.642+0000] {logging_mixin.py:190} INFO - [2024-09-25T07:48:07.642+0000] {dagbag.py:588} INFO - Filling up the DagBag from /opt/airflow/dags/profiling_quality_pipeline/tasks/extract.py
[2024-09-25T07:48:07.652+0000] {logging_mixin.py:190} INFO - [2024-09-25T07:48:07.649+0000] {dagbag.py:387} ERROR - Failed to import: /opt/airflow/dags/profiling_quality_pipeline/tasks/extract.py
Traceback (most recent call last):
  File "/home/airflow/.local/lib/python3.12/site-packages/airflow/models/dagbag.py", line 383, in parse
    loader.exec_module(new_module)
  File "<frozen importlib._bootstrap_external>", line 995, in exec_module
  File "<frozen importlib._bootstrap>", line 488, in _call_with_frames_removed
  File "/opt/airflow/dags/profiling_quality_pipeline/tasks/extract.py", line 2, in <module>
    from helper.minio import MinioClient
  File "/opt/airflow/dags/helper/minio.py", line 2, in <module>
    from minio import Minio
ModuleNotFoundError: No module named 'minio'
[2024-09-25T07:48:07.654+0000] {processor.py:927} WARNING - No viable dags retrieved from /opt/airflow/dags/profiling_quality_pipeline/tasks/extract.py
[2024-09-25T07:48:07.696+0000] {processor.py:208} INFO - Processing /opt/airflow/dags/profiling_quality_pipeline/tasks/extract.py took 0.075 seconds
[2024-09-25T07:48:38.451+0000] {processor.py:186} INFO - Started process (PID=169) to work on /opt/airflow/dags/profiling_quality_pipeline/tasks/extract.py
[2024-09-25T07:48:38.453+0000] {processor.py:914} INFO - Processing file /opt/airflow/dags/profiling_quality_pipeline/tasks/extract.py for tasks to queue
[2024-09-25T07:48:38.458+0000] {logging_mixin.py:190} INFO - [2024-09-25T07:48:38.457+0000] {dagbag.py:588} INFO - Filling up the DagBag from /opt/airflow/dags/profiling_quality_pipeline/tasks/extract.py
[2024-09-25T07:48:38.466+0000] {logging_mixin.py:190} INFO - [2024-09-25T07:48:38.464+0000] {dagbag.py:387} ERROR - Failed to import: /opt/airflow/dags/profiling_quality_pipeline/tasks/extract.py
Traceback (most recent call last):
  File "/home/airflow/.local/lib/python3.12/site-packages/airflow/models/dagbag.py", line 383, in parse
    loader.exec_module(new_module)
  File "<frozen importlib._bootstrap_external>", line 995, in exec_module
  File "<frozen importlib._bootstrap>", line 488, in _call_with_frames_removed
  File "/opt/airflow/dags/profiling_quality_pipeline/tasks/extract.py", line 2, in <module>
    from helper.minio import MinioClient
  File "/opt/airflow/dags/helper/minio.py", line 2, in <module>
    from minio import Minio
ModuleNotFoundError: No module named 'minio'
[2024-09-25T07:48:38.468+0000] {processor.py:927} WARNING - No viable dags retrieved from /opt/airflow/dags/profiling_quality_pipeline/tasks/extract.py
[2024-09-25T07:48:38.509+0000] {processor.py:208} INFO - Processing /opt/airflow/dags/profiling_quality_pipeline/tasks/extract.py took 0.073 seconds
[2024-09-25T07:49:09.137+0000] {processor.py:186} INFO - Started process (PID=187) to work on /opt/airflow/dags/profiling_quality_pipeline/tasks/extract.py
[2024-09-25T07:49:09.140+0000] {processor.py:914} INFO - Processing file /opt/airflow/dags/profiling_quality_pipeline/tasks/extract.py for tasks to queue
[2024-09-25T07:49:09.145+0000] {logging_mixin.py:190} INFO - [2024-09-25T07:49:09.144+0000] {dagbag.py:588} INFO - Filling up the DagBag from /opt/airflow/dags/profiling_quality_pipeline/tasks/extract.py
[2024-09-25T07:49:09.157+0000] {logging_mixin.py:190} INFO - [2024-09-25T07:49:09.153+0000] {dagbag.py:387} ERROR - Failed to import: /opt/airflow/dags/profiling_quality_pipeline/tasks/extract.py
Traceback (most recent call last):
  File "/home/airflow/.local/lib/python3.12/site-packages/airflow/models/dagbag.py", line 383, in parse
    loader.exec_module(new_module)
  File "<frozen importlib._bootstrap_external>", line 995, in exec_module
  File "<frozen importlib._bootstrap>", line 488, in _call_with_frames_removed
  File "/opt/airflow/dags/profiling_quality_pipeline/tasks/extract.py", line 2, in <module>
    from helper.minio import MinioClient
  File "/opt/airflow/dags/helper/minio.py", line 2, in <module>
    from minio import Minio
ModuleNotFoundError: No module named 'minio'
[2024-09-25T07:49:09.158+0000] {processor.py:927} WARNING - No viable dags retrieved from /opt/airflow/dags/profiling_quality_pipeline/tasks/extract.py
[2024-09-25T07:49:09.205+0000] {processor.py:208} INFO - Processing /opt/airflow/dags/profiling_quality_pipeline/tasks/extract.py took 0.084 seconds
[2024-09-25T07:49:40.299+0000] {processor.py:186} INFO - Started process (PID=205) to work on /opt/airflow/dags/profiling_quality_pipeline/tasks/extract.py
[2024-09-25T07:49:40.302+0000] {processor.py:914} INFO - Processing file /opt/airflow/dags/profiling_quality_pipeline/tasks/extract.py for tasks to queue
[2024-09-25T07:49:40.309+0000] {logging_mixin.py:190} INFO - [2024-09-25T07:49:40.308+0000] {dagbag.py:588} INFO - Filling up the DagBag from /opt/airflow/dags/profiling_quality_pipeline/tasks/extract.py
[2024-09-25T07:49:40.321+0000] {logging_mixin.py:190} INFO - [2024-09-25T07:49:40.317+0000] {dagbag.py:387} ERROR - Failed to import: /opt/airflow/dags/profiling_quality_pipeline/tasks/extract.py
Traceback (most recent call last):
  File "/home/airflow/.local/lib/python3.12/site-packages/airflow/models/dagbag.py", line 383, in parse
    loader.exec_module(new_module)
  File "<frozen importlib._bootstrap_external>", line 995, in exec_module
  File "<frozen importlib._bootstrap>", line 488, in _call_with_frames_removed
  File "/opt/airflow/dags/profiling_quality_pipeline/tasks/extract.py", line 2, in <module>
    from helper.minio import MinioClient
  File "/opt/airflow/dags/helper/minio.py", line 2, in <module>
    from minio import Minio
ModuleNotFoundError: No module named 'minio'
[2024-09-25T07:49:40.323+0000] {processor.py:927} WARNING - No viable dags retrieved from /opt/airflow/dags/profiling_quality_pipeline/tasks/extract.py
[2024-09-25T07:49:40.381+0000] {processor.py:208} INFO - Processing /opt/airflow/dags/profiling_quality_pipeline/tasks/extract.py took 0.104 seconds
[2024-09-25T07:50:11.119+0000] {processor.py:186} INFO - Started process (PID=223) to work on /opt/airflow/dags/profiling_quality_pipeline/tasks/extract.py
[2024-09-25T07:50:11.122+0000] {processor.py:914} INFO - Processing file /opt/airflow/dags/profiling_quality_pipeline/tasks/extract.py for tasks to queue
[2024-09-25T07:50:11.128+0000] {logging_mixin.py:190} INFO - [2024-09-25T07:50:11.127+0000] {dagbag.py:588} INFO - Filling up the DagBag from /opt/airflow/dags/profiling_quality_pipeline/tasks/extract.py
[2024-09-25T07:50:11.140+0000] {logging_mixin.py:190} INFO - [2024-09-25T07:50:11.136+0000] {dagbag.py:387} ERROR - Failed to import: /opt/airflow/dags/profiling_quality_pipeline/tasks/extract.py
Traceback (most recent call last):
  File "/home/airflow/.local/lib/python3.12/site-packages/airflow/models/dagbag.py", line 383, in parse
    loader.exec_module(new_module)
  File "<frozen importlib._bootstrap_external>", line 995, in exec_module
  File "<frozen importlib._bootstrap>", line 488, in _call_with_frames_removed
  File "/opt/airflow/dags/profiling_quality_pipeline/tasks/extract.py", line 2, in <module>
    from helper.minio import MinioClient
  File "/opt/airflow/dags/helper/minio.py", line 2, in <module>
    from minio import Minio
ModuleNotFoundError: No module named 'minio'
[2024-09-25T07:50:11.142+0000] {processor.py:927} WARNING - No viable dags retrieved from /opt/airflow/dags/profiling_quality_pipeline/tasks/extract.py
[2024-09-25T07:50:11.196+0000] {processor.py:208} INFO - Processing /opt/airflow/dags/profiling_quality_pipeline/tasks/extract.py took 0.095 seconds
[2024-09-25T07:57:33.590+0000] {processor.py:186} INFO - Started process (PID=83) to work on /opt/airflow/dags/profiling_quality_pipeline/tasks/extract.py
[2024-09-25T07:57:33.592+0000] {processor.py:914} INFO - Processing file /opt/airflow/dags/profiling_quality_pipeline/tasks/extract.py for tasks to queue
[2024-09-25T07:57:33.600+0000] {logging_mixin.py:190} INFO - [2024-09-25T07:57:33.599+0000] {dagbag.py:588} INFO - Filling up the DagBag from /opt/airflow/dags/profiling_quality_pipeline/tasks/extract.py
[2024-09-25T07:57:35.231+0000] {processor.py:927} WARNING - No viable dags retrieved from /opt/airflow/dags/profiling_quality_pipeline/tasks/extract.py
[2024-09-25T07:57:35.275+0000] {processor.py:208} INFO - Processing /opt/airflow/dags/profiling_quality_pipeline/tasks/extract.py took 1.705 seconds
[2024-09-25T07:58:05.623+0000] {processor.py:186} INFO - Started process (PID=108) to work on /opt/airflow/dags/profiling_quality_pipeline/tasks/extract.py
[2024-09-25T07:58:05.625+0000] {processor.py:914} INFO - Processing file /opt/airflow/dags/profiling_quality_pipeline/tasks/extract.py for tasks to queue
[2024-09-25T07:58:05.631+0000] {logging_mixin.py:190} INFO - [2024-09-25T07:58:05.630+0000] {dagbag.py:588} INFO - Filling up the DagBag from /opt/airflow/dags/profiling_quality_pipeline/tasks/extract.py
[2024-09-25T07:58:06.640+0000] {processor.py:927} WARNING - No viable dags retrieved from /opt/airflow/dags/profiling_quality_pipeline/tasks/extract.py
[2024-09-25T07:58:06.668+0000] {processor.py:208} INFO - Processing /opt/airflow/dags/profiling_quality_pipeline/tasks/extract.py took 1.060 seconds
[2024-09-25T07:58:37.653+0000] {processor.py:186} INFO - Started process (PID=133) to work on /opt/airflow/dags/profiling_quality_pipeline/tasks/extract.py
[2024-09-25T07:58:37.658+0000] {processor.py:914} INFO - Processing file /opt/airflow/dags/profiling_quality_pipeline/tasks/extract.py for tasks to queue
[2024-09-25T07:58:37.665+0000] {logging_mixin.py:190} INFO - [2024-09-25T07:58:37.664+0000] {dagbag.py:588} INFO - Filling up the DagBag from /opt/airflow/dags/profiling_quality_pipeline/tasks/extract.py
[2024-09-25T07:58:39.111+0000] {processor.py:927} WARNING - No viable dags retrieved from /opt/airflow/dags/profiling_quality_pipeline/tasks/extract.py
[2024-09-25T07:58:39.142+0000] {processor.py:208} INFO - Processing /opt/airflow/dags/profiling_quality_pipeline/tasks/extract.py took 1.510 seconds
[2024-09-25T07:59:09.896+0000] {processor.py:186} INFO - Started process (PID=158) to work on /opt/airflow/dags/profiling_quality_pipeline/tasks/extract.py
[2024-09-25T07:59:09.901+0000] {processor.py:914} INFO - Processing file /opt/airflow/dags/profiling_quality_pipeline/tasks/extract.py for tasks to queue
[2024-09-25T07:59:09.908+0000] {logging_mixin.py:190} INFO - [2024-09-25T07:59:09.907+0000] {dagbag.py:588} INFO - Filling up the DagBag from /opt/airflow/dags/profiling_quality_pipeline/tasks/extract.py
[2024-09-25T07:59:11.289+0000] {processor.py:927} WARNING - No viable dags retrieved from /opt/airflow/dags/profiling_quality_pipeline/tasks/extract.py
[2024-09-25T07:59:11.320+0000] {processor.py:208} INFO - Processing /opt/airflow/dags/profiling_quality_pipeline/tasks/extract.py took 1.449 seconds
[2024-09-25T07:59:41.516+0000] {processor.py:186} INFO - Started process (PID=183) to work on /opt/airflow/dags/profiling_quality_pipeline/tasks/extract.py
[2024-09-25T07:59:41.518+0000] {processor.py:914} INFO - Processing file /opt/airflow/dags/profiling_quality_pipeline/tasks/extract.py for tasks to queue
[2024-09-25T07:59:41.524+0000] {logging_mixin.py:190} INFO - [2024-09-25T07:59:41.523+0000] {dagbag.py:588} INFO - Filling up the DagBag from /opt/airflow/dags/profiling_quality_pipeline/tasks/extract.py
[2024-09-25T07:59:42.605+0000] {processor.py:927} WARNING - No viable dags retrieved from /opt/airflow/dags/profiling_quality_pipeline/tasks/extract.py
[2024-09-25T07:59:42.633+0000] {processor.py:208} INFO - Processing /opt/airflow/dags/profiling_quality_pipeline/tasks/extract.py took 1.132 seconds
[2024-09-25T08:00:12.816+0000] {processor.py:186} INFO - Started process (PID=208) to work on /opt/airflow/dags/profiling_quality_pipeline/tasks/extract.py
[2024-09-25T08:00:12.819+0000] {processor.py:914} INFO - Processing file /opt/airflow/dags/profiling_quality_pipeline/tasks/extract.py for tasks to queue
[2024-09-25T08:00:12.825+0000] {logging_mixin.py:190} INFO - [2024-09-25T08:00:12.824+0000] {dagbag.py:588} INFO - Filling up the DagBag from /opt/airflow/dags/profiling_quality_pipeline/tasks/extract.py
[2024-09-25T08:00:13.948+0000] {processor.py:927} WARNING - No viable dags retrieved from /opt/airflow/dags/profiling_quality_pipeline/tasks/extract.py
[2024-09-25T08:00:13.975+0000] {processor.py:208} INFO - Processing /opt/airflow/dags/profiling_quality_pipeline/tasks/extract.py took 1.175 seconds
[2024-09-25T08:00:44.703+0000] {processor.py:186} INFO - Started process (PID=239) to work on /opt/airflow/dags/profiling_quality_pipeline/tasks/extract.py
[2024-09-25T08:00:44.706+0000] {processor.py:914} INFO - Processing file /opt/airflow/dags/profiling_quality_pipeline/tasks/extract.py for tasks to queue
[2024-09-25T08:00:44.712+0000] {logging_mixin.py:190} INFO - [2024-09-25T08:00:44.711+0000] {dagbag.py:588} INFO - Filling up the DagBag from /opt/airflow/dags/profiling_quality_pipeline/tasks/extract.py
[2024-09-25T08:00:45.902+0000] {processor.py:927} WARNING - No viable dags retrieved from /opt/airflow/dags/profiling_quality_pipeline/tasks/extract.py
[2024-09-25T08:00:45.928+0000] {processor.py:208} INFO - Processing /opt/airflow/dags/profiling_quality_pipeline/tasks/extract.py took 1.241 seconds
[2024-09-25T08:01:16.788+0000] {processor.py:186} INFO - Started process (PID=265) to work on /opt/airflow/dags/profiling_quality_pipeline/tasks/extract.py
[2024-09-25T08:01:16.791+0000] {processor.py:914} INFO - Processing file /opt/airflow/dags/profiling_quality_pipeline/tasks/extract.py for tasks to queue
[2024-09-25T08:01:16.797+0000] {logging_mixin.py:190} INFO - [2024-09-25T08:01:16.796+0000] {dagbag.py:588} INFO - Filling up the DagBag from /opt/airflow/dags/profiling_quality_pipeline/tasks/extract.py
[2024-09-25T08:01:17.848+0000] {processor.py:927} WARNING - No viable dags retrieved from /opt/airflow/dags/profiling_quality_pipeline/tasks/extract.py
[2024-09-25T08:01:17.876+0000] {processor.py:208} INFO - Processing /opt/airflow/dags/profiling_quality_pipeline/tasks/extract.py took 1.105 seconds
[2024-09-25T08:01:48.436+0000] {processor.py:186} INFO - Started process (PID=290) to work on /opt/airflow/dags/profiling_quality_pipeline/tasks/extract.py
[2024-09-25T08:01:48.439+0000] {processor.py:914} INFO - Processing file /opt/airflow/dags/profiling_quality_pipeline/tasks/extract.py for tasks to queue
[2024-09-25T08:01:48.446+0000] {logging_mixin.py:190} INFO - [2024-09-25T08:01:48.445+0000] {dagbag.py:588} INFO - Filling up the DagBag from /opt/airflow/dags/profiling_quality_pipeline/tasks/extract.py
[2024-09-25T08:01:49.493+0000] {processor.py:927} WARNING - No viable dags retrieved from /opt/airflow/dags/profiling_quality_pipeline/tasks/extract.py
[2024-09-25T08:01:49.518+0000] {processor.py:208} INFO - Processing /opt/airflow/dags/profiling_quality_pipeline/tasks/extract.py took 1.101 seconds
[2024-09-25T08:02:21.334+0000] {processor.py:186} INFO - Started process (PID=315) to work on /opt/airflow/dags/profiling_quality_pipeline/tasks/extract.py
[2024-09-25T08:02:21.338+0000] {processor.py:914} INFO - Processing file /opt/airflow/dags/profiling_quality_pipeline/tasks/extract.py for tasks to queue
[2024-09-25T08:02:21.352+0000] {logging_mixin.py:190} INFO - [2024-09-25T08:02:21.350+0000] {dagbag.py:588} INFO - Filling up the DagBag from /opt/airflow/dags/profiling_quality_pipeline/tasks/extract.py
[2024-09-25T08:02:23.405+0000] {processor.py:927} WARNING - No viable dags retrieved from /opt/airflow/dags/profiling_quality_pipeline/tasks/extract.py
[2024-09-25T08:02:23.479+0000] {processor.py:208} INFO - Processing /opt/airflow/dags/profiling_quality_pipeline/tasks/extract.py took 2.182 seconds
[2024-09-25T08:02:53.885+0000] {processor.py:186} INFO - Started process (PID=340) to work on /opt/airflow/dags/profiling_quality_pipeline/tasks/extract.py
[2024-09-25T08:02:53.889+0000] {processor.py:914} INFO - Processing file /opt/airflow/dags/profiling_quality_pipeline/tasks/extract.py for tasks to queue
[2024-09-25T08:02:53.897+0000] {logging_mixin.py:190} INFO - [2024-09-25T08:02:53.897+0000] {dagbag.py:588} INFO - Filling up the DagBag from /opt/airflow/dags/profiling_quality_pipeline/tasks/extract.py
[2024-09-25T08:02:55.172+0000] {processor.py:927} WARNING - No viable dags retrieved from /opt/airflow/dags/profiling_quality_pipeline/tasks/extract.py
[2024-09-25T08:02:55.209+0000] {processor.py:208} INFO - Processing /opt/airflow/dags/profiling_quality_pipeline/tasks/extract.py took 1.345 seconds
[2024-09-25T08:03:25.317+0000] {processor.py:186} INFO - Started process (PID=364) to work on /opt/airflow/dags/profiling_quality_pipeline/tasks/extract.py
[2024-09-25T08:03:25.319+0000] {processor.py:914} INFO - Processing file /opt/airflow/dags/profiling_quality_pipeline/tasks/extract.py for tasks to queue
[2024-09-25T08:03:25.326+0000] {logging_mixin.py:190} INFO - [2024-09-25T08:03:25.325+0000] {dagbag.py:588} INFO - Filling up the DagBag from /opt/airflow/dags/profiling_quality_pipeline/tasks/extract.py
[2024-09-25T08:03:26.381+0000] {processor.py:927} WARNING - No viable dags retrieved from /opt/airflow/dags/profiling_quality_pipeline/tasks/extract.py
[2024-09-25T08:03:26.406+0000] {processor.py:208} INFO - Processing /opt/airflow/dags/profiling_quality_pipeline/tasks/extract.py took 1.105 seconds
[2024-09-25T08:03:57.387+0000] {processor.py:186} INFO - Started process (PID=389) to work on /opt/airflow/dags/profiling_quality_pipeline/tasks/extract.py
[2024-09-25T08:03:57.389+0000] {processor.py:914} INFO - Processing file /opt/airflow/dags/profiling_quality_pipeline/tasks/extract.py for tasks to queue
[2024-09-25T08:03:57.396+0000] {logging_mixin.py:190} INFO - [2024-09-25T08:03:57.394+0000] {dagbag.py:588} INFO - Filling up the DagBag from /opt/airflow/dags/profiling_quality_pipeline/tasks/extract.py
[2024-09-25T08:03:58.455+0000] {processor.py:927} WARNING - No viable dags retrieved from /opt/airflow/dags/profiling_quality_pipeline/tasks/extract.py
[2024-09-25T08:03:58.482+0000] {processor.py:208} INFO - Processing /opt/airflow/dags/profiling_quality_pipeline/tasks/extract.py took 1.111 seconds
[2024-09-25T08:04:28.922+0000] {processor.py:186} INFO - Started process (PID=414) to work on /opt/airflow/dags/profiling_quality_pipeline/tasks/extract.py
[2024-09-25T08:04:28.924+0000] {processor.py:914} INFO - Processing file /opt/airflow/dags/profiling_quality_pipeline/tasks/extract.py for tasks to queue
[2024-09-25T08:04:28.932+0000] {logging_mixin.py:190} INFO - [2024-09-25T08:04:28.930+0000] {dagbag.py:588} INFO - Filling up the DagBag from /opt/airflow/dags/profiling_quality_pipeline/tasks/extract.py
[2024-09-25T08:04:29.998+0000] {processor.py:927} WARNING - No viable dags retrieved from /opt/airflow/dags/profiling_quality_pipeline/tasks/extract.py
[2024-09-25T08:04:30.025+0000] {processor.py:208} INFO - Processing /opt/airflow/dags/profiling_quality_pipeline/tasks/extract.py took 1.118 seconds
[2024-09-25T08:05:00.246+0000] {processor.py:186} INFO - Started process (PID=439) to work on /opt/airflow/dags/profiling_quality_pipeline/tasks/extract.py
[2024-09-25T08:05:00.248+0000] {processor.py:914} INFO - Processing file /opt/airflow/dags/profiling_quality_pipeline/tasks/extract.py for tasks to queue
[2024-09-25T08:05:00.254+0000] {logging_mixin.py:190} INFO - [2024-09-25T08:05:00.253+0000] {dagbag.py:588} INFO - Filling up the DagBag from /opt/airflow/dags/profiling_quality_pipeline/tasks/extract.py
[2024-09-25T08:05:01.343+0000] {processor.py:927} WARNING - No viable dags retrieved from /opt/airflow/dags/profiling_quality_pipeline/tasks/extract.py
[2024-09-25T08:05:01.371+0000] {processor.py:208} INFO - Processing /opt/airflow/dags/profiling_quality_pipeline/tasks/extract.py took 1.141 seconds
[2024-09-25T08:05:31.627+0000] {processor.py:186} INFO - Started process (PID=464) to work on /opt/airflow/dags/profiling_quality_pipeline/tasks/extract.py
[2024-09-25T08:05:31.629+0000] {processor.py:914} INFO - Processing file /opt/airflow/dags/profiling_quality_pipeline/tasks/extract.py for tasks to queue
[2024-09-25T08:05:31.634+0000] {logging_mixin.py:190} INFO - [2024-09-25T08:05:31.634+0000] {dagbag.py:588} INFO - Filling up the DagBag from /opt/airflow/dags/profiling_quality_pipeline/tasks/extract.py
[2024-09-25T08:05:32.722+0000] {processor.py:927} WARNING - No viable dags retrieved from /opt/airflow/dags/profiling_quality_pipeline/tasks/extract.py
[2024-09-25T08:05:32.749+0000] {processor.py:208} INFO - Processing /opt/airflow/dags/profiling_quality_pipeline/tasks/extract.py took 1.136 seconds
[2024-09-25T08:06:03.378+0000] {processor.py:186} INFO - Started process (PID=489) to work on /opt/airflow/dags/profiling_quality_pipeline/tasks/extract.py
[2024-09-25T08:06:03.380+0000] {processor.py:914} INFO - Processing file /opt/airflow/dags/profiling_quality_pipeline/tasks/extract.py for tasks to queue
[2024-09-25T08:06:03.390+0000] {logging_mixin.py:190} INFO - [2024-09-25T08:06:03.389+0000] {dagbag.py:588} INFO - Filling up the DagBag from /opt/airflow/dags/profiling_quality_pipeline/tasks/extract.py
[2024-09-25T08:06:04.632+0000] {processor.py:927} WARNING - No viable dags retrieved from /opt/airflow/dags/profiling_quality_pipeline/tasks/extract.py
[2024-09-25T08:06:04.662+0000] {processor.py:208} INFO - Processing /opt/airflow/dags/profiling_quality_pipeline/tasks/extract.py took 1.302 seconds
[2024-09-25T08:06:35.310+0000] {processor.py:186} INFO - Started process (PID=514) to work on /opt/airflow/dags/profiling_quality_pipeline/tasks/extract.py
[2024-09-25T08:06:35.312+0000] {processor.py:914} INFO - Processing file /opt/airflow/dags/profiling_quality_pipeline/tasks/extract.py for tasks to queue
[2024-09-25T08:06:35.320+0000] {logging_mixin.py:190} INFO - [2024-09-25T08:06:35.319+0000] {dagbag.py:588} INFO - Filling up the DagBag from /opt/airflow/dags/profiling_quality_pipeline/tasks/extract.py
[2024-09-25T08:06:36.654+0000] {processor.py:927} WARNING - No viable dags retrieved from /opt/airflow/dags/profiling_quality_pipeline/tasks/extract.py
[2024-09-25T08:06:36.682+0000] {processor.py:208} INFO - Processing /opt/airflow/dags/profiling_quality_pipeline/tasks/extract.py took 1.389 seconds
[2024-09-25T08:07:06.951+0000] {processor.py:186} INFO - Started process (PID=539) to work on /opt/airflow/dags/profiling_quality_pipeline/tasks/extract.py
[2024-09-25T08:07:06.954+0000] {processor.py:914} INFO - Processing file /opt/airflow/dags/profiling_quality_pipeline/tasks/extract.py for tasks to queue
[2024-09-25T08:07:06.962+0000] {logging_mixin.py:190} INFO - [2024-09-25T08:07:06.961+0000] {dagbag.py:588} INFO - Filling up the DagBag from /opt/airflow/dags/profiling_quality_pipeline/tasks/extract.py
[2024-09-25T08:07:08.333+0000] {processor.py:927} WARNING - No viable dags retrieved from /opt/airflow/dags/profiling_quality_pipeline/tasks/extract.py
[2024-09-25T08:07:08.362+0000] {processor.py:208} INFO - Processing /opt/airflow/dags/profiling_quality_pipeline/tasks/extract.py took 1.430 seconds
[2024-09-25T08:07:39.001+0000] {processor.py:186} INFO - Started process (PID=565) to work on /opt/airflow/dags/profiling_quality_pipeline/tasks/extract.py
[2024-09-25T08:07:39.003+0000] {processor.py:914} INFO - Processing file /opt/airflow/dags/profiling_quality_pipeline/tasks/extract.py for tasks to queue
[2024-09-25T08:07:39.012+0000] {logging_mixin.py:190} INFO - [2024-09-25T08:07:39.011+0000] {dagbag.py:588} INFO - Filling up the DagBag from /opt/airflow/dags/profiling_quality_pipeline/tasks/extract.py
[2024-09-25T08:07:40.492+0000] {processor.py:927} WARNING - No viable dags retrieved from /opt/airflow/dags/profiling_quality_pipeline/tasks/extract.py
[2024-09-25T08:07:40.527+0000] {processor.py:208} INFO - Processing /opt/airflow/dags/profiling_quality_pipeline/tasks/extract.py took 1.553 seconds
[2024-09-25T08:08:11.341+0000] {processor.py:186} INFO - Started process (PID=590) to work on /opt/airflow/dags/profiling_quality_pipeline/tasks/extract.py
[2024-09-25T08:08:11.344+0000] {processor.py:914} INFO - Processing file /opt/airflow/dags/profiling_quality_pipeline/tasks/extract.py for tasks to queue
[2024-09-25T08:08:11.351+0000] {logging_mixin.py:190} INFO - [2024-09-25T08:08:11.350+0000] {dagbag.py:588} INFO - Filling up the DagBag from /opt/airflow/dags/profiling_quality_pipeline/tasks/extract.py
[2024-09-25T08:08:12.347+0000] {processor.py:927} WARNING - No viable dags retrieved from /opt/airflow/dags/profiling_quality_pipeline/tasks/extract.py
[2024-09-25T08:08:12.378+0000] {processor.py:208} INFO - Processing /opt/airflow/dags/profiling_quality_pipeline/tasks/extract.py took 1.049 seconds
[2024-09-25T08:08:43.168+0000] {processor.py:186} INFO - Started process (PID=615) to work on /opt/airflow/dags/profiling_quality_pipeline/tasks/extract.py
[2024-09-25T08:08:43.170+0000] {processor.py:914} INFO - Processing file /opt/airflow/dags/profiling_quality_pipeline/tasks/extract.py for tasks to queue
[2024-09-25T08:08:43.177+0000] {logging_mixin.py:190} INFO - [2024-09-25T08:08:43.176+0000] {dagbag.py:588} INFO - Filling up the DagBag from /opt/airflow/dags/profiling_quality_pipeline/tasks/extract.py
[2024-09-25T08:08:44.194+0000] {processor.py:927} WARNING - No viable dags retrieved from /opt/airflow/dags/profiling_quality_pipeline/tasks/extract.py
[2024-09-25T08:08:44.222+0000] {processor.py:208} INFO - Processing /opt/airflow/dags/profiling_quality_pipeline/tasks/extract.py took 1.069 seconds
[2024-09-25T08:09:14.441+0000] {processor.py:186} INFO - Started process (PID=640) to work on /opt/airflow/dags/profiling_quality_pipeline/tasks/extract.py
[2024-09-25T08:09:14.443+0000] {processor.py:914} INFO - Processing file /opt/airflow/dags/profiling_quality_pipeline/tasks/extract.py for tasks to queue
[2024-09-25T08:09:14.451+0000] {logging_mixin.py:190} INFO - [2024-09-25T08:09:14.450+0000] {dagbag.py:588} INFO - Filling up the DagBag from /opt/airflow/dags/profiling_quality_pipeline/tasks/extract.py
[2024-09-25T08:09:15.554+0000] {processor.py:927} WARNING - No viable dags retrieved from /opt/airflow/dags/profiling_quality_pipeline/tasks/extract.py
[2024-09-25T08:09:15.582+0000] {processor.py:208} INFO - Processing /opt/airflow/dags/profiling_quality_pipeline/tasks/extract.py took 1.157 seconds
[2024-09-25T08:09:45.665+0000] {processor.py:186} INFO - Started process (PID=670) to work on /opt/airflow/dags/profiling_quality_pipeline/tasks/extract.py
[2024-09-25T08:09:45.677+0000] {processor.py:914} INFO - Processing file /opt/airflow/dags/profiling_quality_pipeline/tasks/extract.py for tasks to queue
[2024-09-25T08:09:45.683+0000] {logging_mixin.py:190} INFO - [2024-09-25T08:09:45.682+0000] {dagbag.py:588} INFO - Filling up the DagBag from /opt/airflow/dags/profiling_quality_pipeline/tasks/extract.py
[2024-09-25T08:09:46.727+0000] {processor.py:927} WARNING - No viable dags retrieved from /opt/airflow/dags/profiling_quality_pipeline/tasks/extract.py
[2024-09-25T08:09:46.754+0000] {processor.py:208} INFO - Processing /opt/airflow/dags/profiling_quality_pipeline/tasks/extract.py took 1.107 seconds
[2024-09-25T08:10:16.978+0000] {processor.py:186} INFO - Started process (PID=695) to work on /opt/airflow/dags/profiling_quality_pipeline/tasks/extract.py
[2024-09-25T08:10:16.981+0000] {processor.py:914} INFO - Processing file /opt/airflow/dags/profiling_quality_pipeline/tasks/extract.py for tasks to queue
[2024-09-25T08:10:16.989+0000] {logging_mixin.py:190} INFO - [2024-09-25T08:10:16.988+0000] {dagbag.py:588} INFO - Filling up the DagBag from /opt/airflow/dags/profiling_quality_pipeline/tasks/extract.py
[2024-09-25T08:10:18.288+0000] {processor.py:927} WARNING - No viable dags retrieved from /opt/airflow/dags/profiling_quality_pipeline/tasks/extract.py
[2024-09-25T08:10:18.319+0000] {processor.py:208} INFO - Processing /opt/airflow/dags/profiling_quality_pipeline/tasks/extract.py took 1.364 seconds
[2024-09-25T08:10:49.837+0000] {processor.py:186} INFO - Started process (PID=720) to work on /opt/airflow/dags/profiling_quality_pipeline/tasks/extract.py
[2024-09-25T08:10:49.851+0000] {processor.py:914} INFO - Processing file /opt/airflow/dags/profiling_quality_pipeline/tasks/extract.py for tasks to queue
[2024-09-25T08:10:49.866+0000] {logging_mixin.py:190} INFO - [2024-09-25T08:10:49.864+0000] {dagbag.py:588} INFO - Filling up the DagBag from /opt/airflow/dags/profiling_quality_pipeline/tasks/extract.py
[2024-09-25T08:10:51.709+0000] {processor.py:927} WARNING - No viable dags retrieved from /opt/airflow/dags/profiling_quality_pipeline/tasks/extract.py
[2024-09-25T08:10:51.748+0000] {processor.py:208} INFO - Processing /opt/airflow/dags/profiling_quality_pipeline/tasks/extract.py took 1.937 seconds
[2024-09-25T08:11:23.263+0000] {processor.py:186} INFO - Started process (PID=746) to work on /opt/airflow/dags/profiling_quality_pipeline/tasks/extract.py
[2024-09-25T08:11:23.268+0000] {processor.py:914} INFO - Processing file /opt/airflow/dags/profiling_quality_pipeline/tasks/extract.py for tasks to queue
[2024-09-25T08:11:23.282+0000] {logging_mixin.py:190} INFO - [2024-09-25T08:11:23.279+0000] {dagbag.py:588} INFO - Filling up the DagBag from /opt/airflow/dags/profiling_quality_pipeline/tasks/extract.py
[2024-09-25T08:11:24.582+0000] {processor.py:927} WARNING - No viable dags retrieved from /opt/airflow/dags/profiling_quality_pipeline/tasks/extract.py
[2024-09-25T08:11:24.613+0000] {processor.py:208} INFO - Processing /opt/airflow/dags/profiling_quality_pipeline/tasks/extract.py took 1.379 seconds
[2024-09-25T08:11:54.873+0000] {processor.py:186} INFO - Started process (PID=770) to work on /opt/airflow/dags/profiling_quality_pipeline/tasks/extract.py
[2024-09-25T08:11:54.876+0000] {processor.py:914} INFO - Processing file /opt/airflow/dags/profiling_quality_pipeline/tasks/extract.py for tasks to queue
[2024-09-25T08:11:54.886+0000] {logging_mixin.py:190} INFO - [2024-09-25T08:11:54.885+0000] {dagbag.py:588} INFO - Filling up the DagBag from /opt/airflow/dags/profiling_quality_pipeline/tasks/extract.py
[2024-09-25T08:11:56.800+0000] {processor.py:927} WARNING - No viable dags retrieved from /opt/airflow/dags/profiling_quality_pipeline/tasks/extract.py
[2024-09-25T08:11:56.832+0000] {processor.py:208} INFO - Processing /opt/airflow/dags/profiling_quality_pipeline/tasks/extract.py took 1.978 seconds
[2024-09-25T08:12:27.869+0000] {processor.py:186} INFO - Started process (PID=796) to work on /opt/airflow/dags/profiling_quality_pipeline/tasks/extract.py
[2024-09-25T08:12:27.877+0000] {processor.py:914} INFO - Processing file /opt/airflow/dags/profiling_quality_pipeline/tasks/extract.py for tasks to queue
[2024-09-25T08:12:27.883+0000] {logging_mixin.py:190} INFO - [2024-09-25T08:12:27.882+0000] {dagbag.py:588} INFO - Filling up the DagBag from /opt/airflow/dags/profiling_quality_pipeline/tasks/extract.py
[2024-09-25T08:12:28.901+0000] {processor.py:927} WARNING - No viable dags retrieved from /opt/airflow/dags/profiling_quality_pipeline/tasks/extract.py
[2024-09-25T08:12:28.927+0000] {processor.py:208} INFO - Processing /opt/airflow/dags/profiling_quality_pipeline/tasks/extract.py took 1.079 seconds
[2024-09-25T08:12:59.335+0000] {processor.py:186} INFO - Started process (PID=821) to work on /opt/airflow/dags/profiling_quality_pipeline/tasks/extract.py
[2024-09-25T08:12:59.348+0000] {processor.py:914} INFO - Processing file /opt/airflow/dags/profiling_quality_pipeline/tasks/extract.py for tasks to queue
[2024-09-25T08:12:59.354+0000] {logging_mixin.py:190} INFO - [2024-09-25T08:12:59.354+0000] {dagbag.py:588} INFO - Filling up the DagBag from /opt/airflow/dags/profiling_quality_pipeline/tasks/extract.py
[2024-09-25T08:13:00.344+0000] {processor.py:927} WARNING - No viable dags retrieved from /opt/airflow/dags/profiling_quality_pipeline/tasks/extract.py
[2024-09-25T08:13:00.368+0000] {processor.py:208} INFO - Processing /opt/airflow/dags/profiling_quality_pipeline/tasks/extract.py took 1.048 seconds
[2024-09-25T08:13:30.591+0000] {processor.py:186} INFO - Started process (PID=846) to work on /opt/airflow/dags/profiling_quality_pipeline/tasks/extract.py
[2024-09-25T08:13:30.594+0000] {processor.py:914} INFO - Processing file /opt/airflow/dags/profiling_quality_pipeline/tasks/extract.py for tasks to queue
[2024-09-25T08:13:30.602+0000] {logging_mixin.py:190} INFO - [2024-09-25T08:13:30.601+0000] {dagbag.py:588} INFO - Filling up the DagBag from /opt/airflow/dags/profiling_quality_pipeline/tasks/extract.py
[2024-09-25T08:13:31.803+0000] {processor.py:927} WARNING - No viable dags retrieved from /opt/airflow/dags/profiling_quality_pipeline/tasks/extract.py
[2024-09-25T08:13:31.829+0000] {processor.py:208} INFO - Processing /opt/airflow/dags/profiling_quality_pipeline/tasks/extract.py took 1.255 seconds
[2024-09-25T08:14:02.415+0000] {processor.py:186} INFO - Started process (PID=873) to work on /opt/airflow/dags/profiling_quality_pipeline/tasks/extract.py
[2024-09-25T08:14:02.418+0000] {processor.py:914} INFO - Processing file /opt/airflow/dags/profiling_quality_pipeline/tasks/extract.py for tasks to queue
[2024-09-25T08:14:02.427+0000] {logging_mixin.py:190} INFO - [2024-09-25T08:14:02.426+0000] {dagbag.py:588} INFO - Filling up the DagBag from /opt/airflow/dags/profiling_quality_pipeline/tasks/extract.py
[2024-09-25T08:14:03.348+0000] {processor.py:927} WARNING - No viable dags retrieved from /opt/airflow/dags/profiling_quality_pipeline/tasks/extract.py
[2024-09-25T08:14:03.370+0000] {processor.py:208} INFO - Processing /opt/airflow/dags/profiling_quality_pipeline/tasks/extract.py took 0.970 seconds
[2024-09-25T08:14:34.694+0000] {processor.py:186} INFO - Started process (PID=897) to work on /opt/airflow/dags/profiling_quality_pipeline/tasks/extract.py
[2024-09-25T08:14:34.701+0000] {processor.py:914} INFO - Processing file /opt/airflow/dags/profiling_quality_pipeline/tasks/extract.py for tasks to queue
[2024-09-25T08:14:34.711+0000] {logging_mixin.py:190} INFO - [2024-09-25T08:14:34.710+0000] {dagbag.py:588} INFO - Filling up the DagBag from /opt/airflow/dags/profiling_quality_pipeline/tasks/extract.py
[2024-09-25T08:14:35.947+0000] {processor.py:927} WARNING - No viable dags retrieved from /opt/airflow/dags/profiling_quality_pipeline/tasks/extract.py
[2024-09-25T08:14:35.974+0000] {processor.py:208} INFO - Processing /opt/airflow/dags/profiling_quality_pipeline/tasks/extract.py took 1.303 seconds
[2024-09-25T08:15:06.659+0000] {processor.py:186} INFO - Started process (PID=922) to work on /opt/airflow/dags/profiling_quality_pipeline/tasks/extract.py
[2024-09-25T08:15:06.662+0000] {processor.py:914} INFO - Processing file /opt/airflow/dags/profiling_quality_pipeline/tasks/extract.py for tasks to queue
[2024-09-25T08:15:06.668+0000] {logging_mixin.py:190} INFO - [2024-09-25T08:15:06.668+0000] {dagbag.py:588} INFO - Filling up the DagBag from /opt/airflow/dags/profiling_quality_pipeline/tasks/extract.py
[2024-09-25T08:15:07.959+0000] {processor.py:927} WARNING - No viable dags retrieved from /opt/airflow/dags/profiling_quality_pipeline/tasks/extract.py
[2024-09-25T08:15:07.986+0000] {processor.py:208} INFO - Processing /opt/airflow/dags/profiling_quality_pipeline/tasks/extract.py took 1.352 seconds
[2024-09-25T08:15:38.236+0000] {processor.py:186} INFO - Started process (PID=947) to work on /opt/airflow/dags/profiling_quality_pipeline/tasks/extract.py
[2024-09-25T08:15:38.238+0000] {processor.py:914} INFO - Processing file /opt/airflow/dags/profiling_quality_pipeline/tasks/extract.py for tasks to queue
[2024-09-25T08:15:38.244+0000] {logging_mixin.py:190} INFO - [2024-09-25T08:15:38.243+0000] {dagbag.py:588} INFO - Filling up the DagBag from /opt/airflow/dags/profiling_quality_pipeline/tasks/extract.py
[2024-09-25T08:15:39.292+0000] {processor.py:927} WARNING - No viable dags retrieved from /opt/airflow/dags/profiling_quality_pipeline/tasks/extract.py
[2024-09-25T08:15:39.321+0000] {processor.py:208} INFO - Processing /opt/airflow/dags/profiling_quality_pipeline/tasks/extract.py took 1.100 seconds
[2024-09-25T08:16:09.701+0000] {processor.py:186} INFO - Started process (PID=972) to work on /opt/airflow/dags/profiling_quality_pipeline/tasks/extract.py
[2024-09-25T08:16:09.703+0000] {processor.py:914} INFO - Processing file /opt/airflow/dags/profiling_quality_pipeline/tasks/extract.py for tasks to queue
[2024-09-25T08:16:09.710+0000] {logging_mixin.py:190} INFO - [2024-09-25T08:16:09.709+0000] {dagbag.py:588} INFO - Filling up the DagBag from /opt/airflow/dags/profiling_quality_pipeline/tasks/extract.py
[2024-09-25T08:16:10.798+0000] {processor.py:927} WARNING - No viable dags retrieved from /opt/airflow/dags/profiling_quality_pipeline/tasks/extract.py
[2024-09-25T08:16:10.826+0000] {processor.py:208} INFO - Processing /opt/airflow/dags/profiling_quality_pipeline/tasks/extract.py took 1.143 seconds
[2024-09-25T08:16:42.757+0000] {processor.py:186} INFO - Started process (PID=997) to work on /opt/airflow/dags/profiling_quality_pipeline/tasks/extract.py
[2024-09-25T08:16:42.760+0000] {processor.py:914} INFO - Processing file /opt/airflow/dags/profiling_quality_pipeline/tasks/extract.py for tasks to queue
[2024-09-25T08:16:42.778+0000] {logging_mixin.py:190} INFO - [2024-09-25T08:16:42.777+0000] {dagbag.py:588} INFO - Filling up the DagBag from /opt/airflow/dags/profiling_quality_pipeline/tasks/extract.py
[2024-09-25T08:16:45.320+0000] {processor.py:927} WARNING - No viable dags retrieved from /opt/airflow/dags/profiling_quality_pipeline/tasks/extract.py
[2024-09-25T08:16:45.367+0000] {processor.py:208} INFO - Processing /opt/airflow/dags/profiling_quality_pipeline/tasks/extract.py took 2.658 seconds
[2024-09-25T08:17:16.334+0000] {processor.py:186} INFO - Started process (PID=1022) to work on /opt/airflow/dags/profiling_quality_pipeline/tasks/extract.py
[2024-09-25T08:17:16.337+0000] {processor.py:914} INFO - Processing file /opt/airflow/dags/profiling_quality_pipeline/tasks/extract.py for tasks to queue
[2024-09-25T08:17:16.351+0000] {logging_mixin.py:190} INFO - [2024-09-25T08:17:16.350+0000] {dagbag.py:588} INFO - Filling up the DagBag from /opt/airflow/dags/profiling_quality_pipeline/tasks/extract.py
[2024-09-25T08:17:18.662+0000] {processor.py:927} WARNING - No viable dags retrieved from /opt/airflow/dags/profiling_quality_pipeline/tasks/extract.py
[2024-09-25T08:17:18.718+0000] {processor.py:208} INFO - Processing /opt/airflow/dags/profiling_quality_pipeline/tasks/extract.py took 2.412 seconds
[2024-09-25T08:17:49.504+0000] {processor.py:186} INFO - Started process (PID=1053) to work on /opt/airflow/dags/profiling_quality_pipeline/tasks/extract.py
[2024-09-25T08:17:49.509+0000] {processor.py:914} INFO - Processing file /opt/airflow/dags/profiling_quality_pipeline/tasks/extract.py for tasks to queue
[2024-09-25T08:17:49.517+0000] {logging_mixin.py:190} INFO - [2024-09-25T08:17:49.516+0000] {dagbag.py:588} INFO - Filling up the DagBag from /opt/airflow/dags/profiling_quality_pipeline/tasks/extract.py
[2024-09-25T08:17:51.033+0000] {processor.py:927} WARNING - No viable dags retrieved from /opt/airflow/dags/profiling_quality_pipeline/tasks/extract.py
[2024-09-25T08:17:51.066+0000] {processor.py:208} INFO - Processing /opt/airflow/dags/profiling_quality_pipeline/tasks/extract.py took 1.588 seconds
[2024-09-25T08:18:21.330+0000] {processor.py:186} INFO - Started process (PID=1077) to work on /opt/airflow/dags/profiling_quality_pipeline/tasks/extract.py
[2024-09-25T08:18:21.332+0000] {processor.py:914} INFO - Processing file /opt/airflow/dags/profiling_quality_pipeline/tasks/extract.py for tasks to queue
[2024-09-25T08:18:21.338+0000] {logging_mixin.py:190} INFO - [2024-09-25T08:18:21.337+0000] {dagbag.py:588} INFO - Filling up the DagBag from /opt/airflow/dags/profiling_quality_pipeline/tasks/extract.py
[2024-09-25T08:18:22.919+0000] {processor.py:927} WARNING - No viable dags retrieved from /opt/airflow/dags/profiling_quality_pipeline/tasks/extract.py
[2024-09-25T08:18:22.953+0000] {processor.py:208} INFO - Processing /opt/airflow/dags/profiling_quality_pipeline/tasks/extract.py took 1.642 seconds
[2024-09-25T08:18:53.416+0000] {processor.py:186} INFO - Started process (PID=1102) to work on /opt/airflow/dags/profiling_quality_pipeline/tasks/extract.py
[2024-09-25T08:18:53.443+0000] {processor.py:914} INFO - Processing file /opt/airflow/dags/profiling_quality_pipeline/tasks/extract.py for tasks to queue
[2024-09-25T08:18:53.449+0000] {logging_mixin.py:190} INFO - [2024-09-25T08:18:53.448+0000] {dagbag.py:588} INFO - Filling up the DagBag from /opt/airflow/dags/profiling_quality_pipeline/tasks/extract.py
[2024-09-25T08:18:54.411+0000] {processor.py:927} WARNING - No viable dags retrieved from /opt/airflow/dags/profiling_quality_pipeline/tasks/extract.py
[2024-09-25T08:18:54.438+0000] {processor.py:208} INFO - Processing /opt/airflow/dags/profiling_quality_pipeline/tasks/extract.py took 1.036 seconds
[2024-09-25T08:19:25.073+0000] {processor.py:186} INFO - Started process (PID=1127) to work on /opt/airflow/dags/profiling_quality_pipeline/tasks/extract.py
[2024-09-25T08:19:25.075+0000] {processor.py:914} INFO - Processing file /opt/airflow/dags/profiling_quality_pipeline/tasks/extract.py for tasks to queue
[2024-09-25T08:19:25.080+0000] {logging_mixin.py:190} INFO - [2024-09-25T08:19:25.079+0000] {dagbag.py:588} INFO - Filling up the DagBag from /opt/airflow/dags/profiling_quality_pipeline/tasks/extract.py
[2024-09-25T08:19:26.082+0000] {processor.py:927} WARNING - No viable dags retrieved from /opt/airflow/dags/profiling_quality_pipeline/tasks/extract.py
[2024-09-25T08:19:26.110+0000] {processor.py:208} INFO - Processing /opt/airflow/dags/profiling_quality_pipeline/tasks/extract.py took 1.050 seconds
[2024-09-25T08:19:56.180+0000] {processor.py:186} INFO - Started process (PID=1152) to work on /opt/airflow/dags/profiling_quality_pipeline/tasks/extract.py
[2024-09-25T08:19:56.182+0000] {processor.py:914} INFO - Processing file /opt/airflow/dags/profiling_quality_pipeline/tasks/extract.py for tasks to queue
[2024-09-25T08:19:56.188+0000] {logging_mixin.py:190} INFO - [2024-09-25T08:19:56.187+0000] {dagbag.py:588} INFO - Filling up the DagBag from /opt/airflow/dags/profiling_quality_pipeline/tasks/extract.py
[2024-09-25T08:19:57.113+0000] {processor.py:927} WARNING - No viable dags retrieved from /opt/airflow/dags/profiling_quality_pipeline/tasks/extract.py
[2024-09-25T08:19:57.136+0000] {processor.py:208} INFO - Processing /opt/airflow/dags/profiling_quality_pipeline/tasks/extract.py took 0.969 seconds
[2024-09-25T08:20:27.571+0000] {processor.py:186} INFO - Started process (PID=1177) to work on /opt/airflow/dags/profiling_quality_pipeline/tasks/extract.py
[2024-09-25T08:20:27.574+0000] {processor.py:914} INFO - Processing file /opt/airflow/dags/profiling_quality_pipeline/tasks/extract.py for tasks to queue
[2024-09-25T08:20:27.580+0000] {logging_mixin.py:190} INFO - [2024-09-25T08:20:27.579+0000] {dagbag.py:588} INFO - Filling up the DagBag from /opt/airflow/dags/profiling_quality_pipeline/tasks/extract.py
[2024-09-25T08:20:28.716+0000] {processor.py:927} WARNING - No viable dags retrieved from /opt/airflow/dags/profiling_quality_pipeline/tasks/extract.py
[2024-09-25T08:20:28.740+0000] {processor.py:208} INFO - Processing /opt/airflow/dags/profiling_quality_pipeline/tasks/extract.py took 1.187 seconds
[2024-09-25T08:20:59.221+0000] {processor.py:186} INFO - Started process (PID=1202) to work on /opt/airflow/dags/profiling_quality_pipeline/tasks/extract.py
[2024-09-25T08:20:59.224+0000] {processor.py:914} INFO - Processing file /opt/airflow/dags/profiling_quality_pipeline/tasks/extract.py for tasks to queue
[2024-09-25T08:20:59.229+0000] {logging_mixin.py:190} INFO - [2024-09-25T08:20:59.228+0000] {dagbag.py:588} INFO - Filling up the DagBag from /opt/airflow/dags/profiling_quality_pipeline/tasks/extract.py
[2024-09-25T08:21:00.394+0000] {processor.py:927} WARNING - No viable dags retrieved from /opt/airflow/dags/profiling_quality_pipeline/tasks/extract.py
[2024-09-25T08:21:00.422+0000] {processor.py:208} INFO - Processing /opt/airflow/dags/profiling_quality_pipeline/tasks/extract.py took 1.215 seconds
[2024-09-25T08:21:31.280+0000] {processor.py:186} INFO - Started process (PID=1227) to work on /opt/airflow/dags/profiling_quality_pipeline/tasks/extract.py
[2024-09-25T08:21:31.284+0000] {processor.py:914} INFO - Processing file /opt/airflow/dags/profiling_quality_pipeline/tasks/extract.py for tasks to queue
[2024-09-25T08:21:31.290+0000] {logging_mixin.py:190} INFO - [2024-09-25T08:21:31.289+0000] {dagbag.py:588} INFO - Filling up the DagBag from /opt/airflow/dags/profiling_quality_pipeline/tasks/extract.py
[2024-09-25T08:21:32.562+0000] {processor.py:927} WARNING - No viable dags retrieved from /opt/airflow/dags/profiling_quality_pipeline/tasks/extract.py
[2024-09-25T08:21:32.601+0000] {processor.py:208} INFO - Processing /opt/airflow/dags/profiling_quality_pipeline/tasks/extract.py took 1.339 seconds
[2024-09-25T08:22:03.580+0000] {processor.py:186} INFO - Started process (PID=1252) to work on /opt/airflow/dags/profiling_quality_pipeline/tasks/extract.py
[2024-09-25T08:22:03.583+0000] {processor.py:914} INFO - Processing file /opt/airflow/dags/profiling_quality_pipeline/tasks/extract.py for tasks to queue
[2024-09-25T08:22:03.589+0000] {logging_mixin.py:190} INFO - [2024-09-25T08:22:03.588+0000] {dagbag.py:588} INFO - Filling up the DagBag from /opt/airflow/dags/profiling_quality_pipeline/tasks/extract.py
[2024-09-25T08:22:04.750+0000] {processor.py:927} WARNING - No viable dags retrieved from /opt/airflow/dags/profiling_quality_pipeline/tasks/extract.py
[2024-09-25T08:22:04.775+0000] {processor.py:208} INFO - Processing /opt/airflow/dags/profiling_quality_pipeline/tasks/extract.py took 1.213 seconds
[2024-09-25T08:22:36.195+0000] {processor.py:186} INFO - Started process (PID=1278) to work on /opt/airflow/dags/profiling_quality_pipeline/tasks/extract.py
[2024-09-25T08:22:36.197+0000] {processor.py:914} INFO - Processing file /opt/airflow/dags/profiling_quality_pipeline/tasks/extract.py for tasks to queue
[2024-09-25T08:22:36.205+0000] {logging_mixin.py:190} INFO - [2024-09-25T08:22:36.204+0000] {dagbag.py:588} INFO - Filling up the DagBag from /opt/airflow/dags/profiling_quality_pipeline/tasks/extract.py
[2024-09-25T08:22:37.337+0000] {processor.py:927} WARNING - No viable dags retrieved from /opt/airflow/dags/profiling_quality_pipeline/tasks/extract.py
[2024-09-25T08:22:37.364+0000] {processor.py:208} INFO - Processing /opt/airflow/dags/profiling_quality_pipeline/tasks/extract.py took 1.186 seconds
[2024-09-25T08:23:07.765+0000] {processor.py:186} INFO - Started process (PID=1303) to work on /opt/airflow/dags/profiling_quality_pipeline/tasks/extract.py
[2024-09-25T08:23:07.768+0000] {processor.py:914} INFO - Processing file /opt/airflow/dags/profiling_quality_pipeline/tasks/extract.py for tasks to queue
[2024-09-25T08:23:07.775+0000] {logging_mixin.py:190} INFO - [2024-09-25T08:23:07.774+0000] {dagbag.py:588} INFO - Filling up the DagBag from /opt/airflow/dags/profiling_quality_pipeline/tasks/extract.py
[2024-09-25T08:23:08.876+0000] {processor.py:927} WARNING - No viable dags retrieved from /opt/airflow/dags/profiling_quality_pipeline/tasks/extract.py
[2024-09-25T08:23:08.900+0000] {processor.py:208} INFO - Processing /opt/airflow/dags/profiling_quality_pipeline/tasks/extract.py took 1.152 seconds
