[2024-09-25T07:46:04.914+0000] {processor.py:186} INFO - Started process (PID=81) to work on /opt/airflow/dags/profiling_quality_pipeline/tasks/transform_load.py
[2024-09-25T07:46:04.916+0000] {processor.py:914} INFO - Processing file /opt/airflow/dags/profiling_quality_pipeline/tasks/transform_load.py for tasks to queue
[2024-09-25T07:46:04.922+0000] {logging_mixin.py:190} INFO - [2024-09-25T07:46:04.921+0000] {dagbag.py:588} INFO - Filling up the DagBag from /opt/airflow/dags/profiling_quality_pipeline/tasks/transform_load.py
[2024-09-25T07:46:04.933+0000] {logging_mixin.py:190} INFO - [2024-09-25T07:46:04.930+0000] {dagbag.py:387} ERROR - Failed to import: /opt/airflow/dags/profiling_quality_pipeline/tasks/transform_load.py
Traceback (most recent call last):
  File "/home/airflow/.local/lib/python3.12/site-packages/airflow/models/dagbag.py", line 383, in parse
    loader.exec_module(new_module)
  File "<frozen importlib._bootstrap_external>", line 995, in exec_module
  File "<frozen importlib._bootstrap>", line 488, in _call_with_frames_removed
  File "/opt/airflow/dags/profiling_quality_pipeline/tasks/transform_load.py", line 1, in <module>
    from helper.minio import MinioClient
  File "/opt/airflow/dags/helper/minio.py", line 2, in <module>
    from minio import Minio
ModuleNotFoundError: No module named 'minio'
[2024-09-25T07:46:04.936+0000] {processor.py:927} WARNING - No viable dags retrieved from /opt/airflow/dags/profiling_quality_pipeline/tasks/transform_load.py
[2024-09-25T07:46:04.989+0000] {processor.py:208} INFO - Processing /opt/airflow/dags/profiling_quality_pipeline/tasks/transform_load.py took 0.092 seconds
[2024-09-25T07:46:35.365+0000] {processor.py:186} INFO - Started process (PID=97) to work on /opt/airflow/dags/profiling_quality_pipeline/tasks/transform_load.py
[2024-09-25T07:46:35.367+0000] {processor.py:914} INFO - Processing file /opt/airflow/dags/profiling_quality_pipeline/tasks/transform_load.py for tasks to queue
[2024-09-25T07:46:35.378+0000] {logging_mixin.py:190} INFO - [2024-09-25T07:46:35.376+0000] {dagbag.py:588} INFO - Filling up the DagBag from /opt/airflow/dags/profiling_quality_pipeline/tasks/transform_load.py
[2024-09-25T07:46:35.394+0000] {logging_mixin.py:190} INFO - [2024-09-25T07:46:35.389+0000] {dagbag.py:387} ERROR - Failed to import: /opt/airflow/dags/profiling_quality_pipeline/tasks/transform_load.py
Traceback (most recent call last):
  File "/home/airflow/.local/lib/python3.12/site-packages/airflow/models/dagbag.py", line 383, in parse
    loader.exec_module(new_module)
  File "<frozen importlib._bootstrap_external>", line 995, in exec_module
  File "<frozen importlib._bootstrap>", line 488, in _call_with_frames_removed
  File "/opt/airflow/dags/profiling_quality_pipeline/tasks/transform_load.py", line 1, in <module>
    from helper.minio import MinioClient
  File "/opt/airflow/dags/helper/minio.py", line 2, in <module>
    from minio import Minio
ModuleNotFoundError: No module named 'minio'
[2024-09-25T07:46:35.396+0000] {processor.py:927} WARNING - No viable dags retrieved from /opt/airflow/dags/profiling_quality_pipeline/tasks/transform_load.py
[2024-09-25T07:46:35.476+0000] {processor.py:208} INFO - Processing /opt/airflow/dags/profiling_quality_pipeline/tasks/transform_load.py took 0.129 seconds
[2024-09-25T07:47:06.487+0000] {processor.py:186} INFO - Started process (PID=116) to work on /opt/airflow/dags/profiling_quality_pipeline/tasks/transform_load.py
[2024-09-25T07:47:06.490+0000] {processor.py:914} INFO - Processing file /opt/airflow/dags/profiling_quality_pipeline/tasks/transform_load.py for tasks to queue
[2024-09-25T07:47:06.498+0000] {logging_mixin.py:190} INFO - [2024-09-25T07:47:06.497+0000] {dagbag.py:588} INFO - Filling up the DagBag from /opt/airflow/dags/profiling_quality_pipeline/tasks/transform_load.py
[2024-09-25T07:47:06.510+0000] {logging_mixin.py:190} INFO - [2024-09-25T07:47:06.506+0000] {dagbag.py:387} ERROR - Failed to import: /opt/airflow/dags/profiling_quality_pipeline/tasks/transform_load.py
Traceback (most recent call last):
  File "/home/airflow/.local/lib/python3.12/site-packages/airflow/models/dagbag.py", line 383, in parse
    loader.exec_module(new_module)
  File "<frozen importlib._bootstrap_external>", line 995, in exec_module
  File "<frozen importlib._bootstrap>", line 488, in _call_with_frames_removed
  File "/opt/airflow/dags/profiling_quality_pipeline/tasks/transform_load.py", line 1, in <module>
    from helper.minio import MinioClient
  File "/opt/airflow/dags/helper/minio.py", line 2, in <module>
    from minio import Minio
ModuleNotFoundError: No module named 'minio'
[2024-09-25T07:47:06.512+0000] {processor.py:927} WARNING - No viable dags retrieved from /opt/airflow/dags/profiling_quality_pipeline/tasks/transform_load.py
[2024-09-25T07:47:06.574+0000] {processor.py:208} INFO - Processing /opt/airflow/dags/profiling_quality_pipeline/tasks/transform_load.py took 0.115 seconds
[2024-09-25T07:47:37.137+0000] {processor.py:186} INFO - Started process (PID=134) to work on /opt/airflow/dags/profiling_quality_pipeline/tasks/transform_load.py
[2024-09-25T07:47:37.140+0000] {processor.py:914} INFO - Processing file /opt/airflow/dags/profiling_quality_pipeline/tasks/transform_load.py for tasks to queue
[2024-09-25T07:47:37.146+0000] {logging_mixin.py:190} INFO - [2024-09-25T07:47:37.145+0000] {dagbag.py:588} INFO - Filling up the DagBag from /opt/airflow/dags/profiling_quality_pipeline/tasks/transform_load.py
[2024-09-25T07:47:37.158+0000] {logging_mixin.py:190} INFO - [2024-09-25T07:47:37.154+0000] {dagbag.py:387} ERROR - Failed to import: /opt/airflow/dags/profiling_quality_pipeline/tasks/transform_load.py
Traceback (most recent call last):
  File "/home/airflow/.local/lib/python3.12/site-packages/airflow/models/dagbag.py", line 383, in parse
    loader.exec_module(new_module)
  File "<frozen importlib._bootstrap_external>", line 995, in exec_module
  File "<frozen importlib._bootstrap>", line 488, in _call_with_frames_removed
  File "/opt/airflow/dags/profiling_quality_pipeline/tasks/transform_load.py", line 1, in <module>
    from helper.minio import MinioClient
  File "/opt/airflow/dags/helper/minio.py", line 2, in <module>
    from minio import Minio
ModuleNotFoundError: No module named 'minio'
[2024-09-25T07:47:37.159+0000] {processor.py:927} WARNING - No viable dags retrieved from /opt/airflow/dags/profiling_quality_pipeline/tasks/transform_load.py
[2024-09-25T07:47:37.205+0000] {processor.py:208} INFO - Processing /opt/airflow/dags/profiling_quality_pipeline/tasks/transform_load.py took 0.087 seconds
[2024-09-25T07:48:07.744+0000] {processor.py:186} INFO - Started process (PID=152) to work on /opt/airflow/dags/profiling_quality_pipeline/tasks/transform_load.py
[2024-09-25T07:48:07.747+0000] {processor.py:914} INFO - Processing file /opt/airflow/dags/profiling_quality_pipeline/tasks/transform_load.py for tasks to queue
[2024-09-25T07:48:07.753+0000] {logging_mixin.py:190} INFO - [2024-09-25T07:48:07.752+0000] {dagbag.py:588} INFO - Filling up the DagBag from /opt/airflow/dags/profiling_quality_pipeline/tasks/transform_load.py
[2024-09-25T07:48:07.761+0000] {logging_mixin.py:190} INFO - [2024-09-25T07:48:07.759+0000] {dagbag.py:387} ERROR - Failed to import: /opt/airflow/dags/profiling_quality_pipeline/tasks/transform_load.py
Traceback (most recent call last):
  File "/home/airflow/.local/lib/python3.12/site-packages/airflow/models/dagbag.py", line 383, in parse
    loader.exec_module(new_module)
  File "<frozen importlib._bootstrap_external>", line 995, in exec_module
  File "<frozen importlib._bootstrap>", line 488, in _call_with_frames_removed
  File "/opt/airflow/dags/profiling_quality_pipeline/tasks/transform_load.py", line 1, in <module>
    from helper.minio import MinioClient
  File "/opt/airflow/dags/helper/minio.py", line 2, in <module>
    from minio import Minio
ModuleNotFoundError: No module named 'minio'
[2024-09-25T07:48:07.763+0000] {processor.py:927} WARNING - No viable dags retrieved from /opt/airflow/dags/profiling_quality_pipeline/tasks/transform_load.py
[2024-09-25T07:48:07.801+0000] {processor.py:208} INFO - Processing /opt/airflow/dags/profiling_quality_pipeline/tasks/transform_load.py took 0.074 seconds
[2024-09-25T07:48:38.566+0000] {processor.py:186} INFO - Started process (PID=170) to work on /opt/airflow/dags/profiling_quality_pipeline/tasks/transform_load.py
[2024-09-25T07:48:38.568+0000] {processor.py:914} INFO - Processing file /opt/airflow/dags/profiling_quality_pipeline/tasks/transform_load.py for tasks to queue
[2024-09-25T07:48:38.573+0000] {logging_mixin.py:190} INFO - [2024-09-25T07:48:38.572+0000] {dagbag.py:588} INFO - Filling up the DagBag from /opt/airflow/dags/profiling_quality_pipeline/tasks/transform_load.py
[2024-09-25T07:48:38.583+0000] {logging_mixin.py:190} INFO - [2024-09-25T07:48:38.580+0000] {dagbag.py:387} ERROR - Failed to import: /opt/airflow/dags/profiling_quality_pipeline/tasks/transform_load.py
Traceback (most recent call last):
  File "/home/airflow/.local/lib/python3.12/site-packages/airflow/models/dagbag.py", line 383, in parse
    loader.exec_module(new_module)
  File "<frozen importlib._bootstrap_external>", line 995, in exec_module
  File "<frozen importlib._bootstrap>", line 488, in _call_with_frames_removed
  File "/opt/airflow/dags/profiling_quality_pipeline/tasks/transform_load.py", line 1, in <module>
    from helper.minio import MinioClient
  File "/opt/airflow/dags/helper/minio.py", line 2, in <module>
    from minio import Minio
ModuleNotFoundError: No module named 'minio'
[2024-09-25T07:48:38.584+0000] {processor.py:927} WARNING - No viable dags retrieved from /opt/airflow/dags/profiling_quality_pipeline/tasks/transform_load.py
[2024-09-25T07:48:38.623+0000] {processor.py:208} INFO - Processing /opt/airflow/dags/profiling_quality_pipeline/tasks/transform_load.py took 0.072 seconds
[2024-09-25T07:49:09.262+0000] {processor.py:186} INFO - Started process (PID=188) to work on /opt/airflow/dags/profiling_quality_pipeline/tasks/transform_load.py
[2024-09-25T07:49:09.265+0000] {processor.py:914} INFO - Processing file /opt/airflow/dags/profiling_quality_pipeline/tasks/transform_load.py for tasks to queue
[2024-09-25T07:49:09.271+0000] {logging_mixin.py:190} INFO - [2024-09-25T07:49:09.270+0000] {dagbag.py:588} INFO - Filling up the DagBag from /opt/airflow/dags/profiling_quality_pipeline/tasks/transform_load.py
[2024-09-25T07:49:09.284+0000] {logging_mixin.py:190} INFO - [2024-09-25T07:49:09.279+0000] {dagbag.py:387} ERROR - Failed to import: /opt/airflow/dags/profiling_quality_pipeline/tasks/transform_load.py
Traceback (most recent call last):
  File "/home/airflow/.local/lib/python3.12/site-packages/airflow/models/dagbag.py", line 383, in parse
    loader.exec_module(new_module)
  File "<frozen importlib._bootstrap_external>", line 995, in exec_module
  File "<frozen importlib._bootstrap>", line 488, in _call_with_frames_removed
  File "/opt/airflow/dags/profiling_quality_pipeline/tasks/transform_load.py", line 1, in <module>
    from helper.minio import MinioClient
  File "/opt/airflow/dags/helper/minio.py", line 2, in <module>
    from minio import Minio
ModuleNotFoundError: No module named 'minio'
[2024-09-25T07:49:09.286+0000] {processor.py:927} WARNING - No viable dags retrieved from /opt/airflow/dags/profiling_quality_pipeline/tasks/transform_load.py
[2024-09-25T07:49:09.329+0000] {processor.py:208} INFO - Processing /opt/airflow/dags/profiling_quality_pipeline/tasks/transform_load.py took 0.085 seconds
[2024-09-25T07:49:40.449+0000] {processor.py:186} INFO - Started process (PID=206) to work on /opt/airflow/dags/profiling_quality_pipeline/tasks/transform_load.py
[2024-09-25T07:49:40.452+0000] {processor.py:914} INFO - Processing file /opt/airflow/dags/profiling_quality_pipeline/tasks/transform_load.py for tasks to queue
[2024-09-25T07:49:40.459+0000] {logging_mixin.py:190} INFO - [2024-09-25T07:49:40.458+0000] {dagbag.py:588} INFO - Filling up the DagBag from /opt/airflow/dags/profiling_quality_pipeline/tasks/transform_load.py
[2024-09-25T07:49:40.471+0000] {logging_mixin.py:190} INFO - [2024-09-25T07:49:40.467+0000] {dagbag.py:387} ERROR - Failed to import: /opt/airflow/dags/profiling_quality_pipeline/tasks/transform_load.py
Traceback (most recent call last):
  File "/home/airflow/.local/lib/python3.12/site-packages/airflow/models/dagbag.py", line 383, in parse
    loader.exec_module(new_module)
  File "<frozen importlib._bootstrap_external>", line 995, in exec_module
  File "<frozen importlib._bootstrap>", line 488, in _call_with_frames_removed
  File "/opt/airflow/dags/profiling_quality_pipeline/tasks/transform_load.py", line 1, in <module>
    from helper.minio import MinioClient
  File "/opt/airflow/dags/helper/minio.py", line 2, in <module>
    from minio import Minio
ModuleNotFoundError: No module named 'minio'
[2024-09-25T07:49:40.475+0000] {processor.py:927} WARNING - No viable dags retrieved from /opt/airflow/dags/profiling_quality_pipeline/tasks/transform_load.py
[2024-09-25T07:49:40.541+0000] {processor.py:208} INFO - Processing /opt/airflow/dags/profiling_quality_pipeline/tasks/transform_load.py took 0.116 seconds
[2024-09-25T07:50:11.260+0000] {processor.py:186} INFO - Started process (PID=224) to work on /opt/airflow/dags/profiling_quality_pipeline/tasks/transform_load.py
[2024-09-25T07:50:11.263+0000] {processor.py:914} INFO - Processing file /opt/airflow/dags/profiling_quality_pipeline/tasks/transform_load.py for tasks to queue
[2024-09-25T07:50:11.270+0000] {logging_mixin.py:190} INFO - [2024-09-25T07:50:11.269+0000] {dagbag.py:588} INFO - Filling up the DagBag from /opt/airflow/dags/profiling_quality_pipeline/tasks/transform_load.py
[2024-09-25T07:50:11.279+0000] {logging_mixin.py:190} INFO - [2024-09-25T07:50:11.276+0000] {dagbag.py:387} ERROR - Failed to import: /opt/airflow/dags/profiling_quality_pipeline/tasks/transform_load.py
Traceback (most recent call last):
  File "/home/airflow/.local/lib/python3.12/site-packages/airflow/models/dagbag.py", line 383, in parse
    loader.exec_module(new_module)
  File "<frozen importlib._bootstrap_external>", line 995, in exec_module
  File "<frozen importlib._bootstrap>", line 488, in _call_with_frames_removed
  File "/opt/airflow/dags/profiling_quality_pipeline/tasks/transform_load.py", line 1, in <module>
    from helper.minio import MinioClient
  File "/opt/airflow/dags/helper/minio.py", line 2, in <module>
    from minio import Minio
ModuleNotFoundError: No module named 'minio'
[2024-09-25T07:50:11.281+0000] {processor.py:927} WARNING - No viable dags retrieved from /opt/airflow/dags/profiling_quality_pipeline/tasks/transform_load.py
[2024-09-25T07:50:11.319+0000] {processor.py:208} INFO - Processing /opt/airflow/dags/profiling_quality_pipeline/tasks/transform_load.py took 0.081 seconds
[2024-09-25T07:57:34.303+0000] {processor.py:186} INFO - Started process (PID=84) to work on /opt/airflow/dags/profiling_quality_pipeline/tasks/transform_load.py
[2024-09-25T07:57:34.306+0000] {processor.py:914} INFO - Processing file /opt/airflow/dags/profiling_quality_pipeline/tasks/transform_load.py for tasks to queue
[2024-09-25T07:57:34.313+0000] {logging_mixin.py:190} INFO - [2024-09-25T07:57:34.312+0000] {dagbag.py:588} INFO - Filling up the DagBag from /opt/airflow/dags/profiling_quality_pipeline/tasks/transform_load.py
[2024-09-25T07:57:35.717+0000] {processor.py:927} WARNING - No viable dags retrieved from /opt/airflow/dags/profiling_quality_pipeline/tasks/transform_load.py
[2024-09-25T07:57:35.748+0000] {processor.py:208} INFO - Processing /opt/airflow/dags/profiling_quality_pipeline/tasks/transform_load.py took 1.470 seconds
[2024-09-25T07:58:06.653+0000] {processor.py:186} INFO - Started process (PID=110) to work on /opt/airflow/dags/profiling_quality_pipeline/tasks/transform_load.py
[2024-09-25T07:58:06.655+0000] {processor.py:914} INFO - Processing file /opt/airflow/dags/profiling_quality_pipeline/tasks/transform_load.py for tasks to queue
[2024-09-25T07:58:06.664+0000] {logging_mixin.py:190} INFO - [2024-09-25T07:58:06.662+0000] {dagbag.py:588} INFO - Filling up the DagBag from /opt/airflow/dags/profiling_quality_pipeline/tasks/transform_load.py
[2024-09-25T07:58:07.870+0000] {processor.py:927} WARNING - No viable dags retrieved from /opt/airflow/dags/profiling_quality_pipeline/tasks/transform_load.py
[2024-09-25T07:58:07.904+0000] {processor.py:208} INFO - Processing /opt/airflow/dags/profiling_quality_pipeline/tasks/transform_load.py took 1.266 seconds
[2024-09-25T07:58:38.233+0000] {processor.py:186} INFO - Started process (PID=134) to work on /opt/airflow/dags/profiling_quality_pipeline/tasks/transform_load.py
[2024-09-25T07:58:38.236+0000] {processor.py:914} INFO - Processing file /opt/airflow/dags/profiling_quality_pipeline/tasks/transform_load.py for tasks to queue
[2024-09-25T07:58:38.243+0000] {logging_mixin.py:190} INFO - [2024-09-25T07:58:38.242+0000] {dagbag.py:588} INFO - Filling up the DagBag from /opt/airflow/dags/profiling_quality_pipeline/tasks/transform_load.py
[2024-09-25T07:58:39.545+0000] {processor.py:927} WARNING - No viable dags retrieved from /opt/airflow/dags/profiling_quality_pipeline/tasks/transform_load.py
[2024-09-25T07:58:39.575+0000] {processor.py:208} INFO - Processing /opt/airflow/dags/profiling_quality_pipeline/tasks/transform_load.py took 1.363 seconds
[2024-09-25T07:59:10.004+0000] {processor.py:186} INFO - Started process (PID=159) to work on /opt/airflow/dags/profiling_quality_pipeline/tasks/transform_load.py
[2024-09-25T07:59:10.007+0000] {processor.py:914} INFO - Processing file /opt/airflow/dags/profiling_quality_pipeline/tasks/transform_load.py for tasks to queue
[2024-09-25T07:59:10.014+0000] {logging_mixin.py:190} INFO - [2024-09-25T07:59:10.013+0000] {dagbag.py:588} INFO - Filling up the DagBag from /opt/airflow/dags/profiling_quality_pipeline/tasks/transform_load.py
[2024-09-25T07:59:11.410+0000] {processor.py:927} WARNING - No viable dags retrieved from /opt/airflow/dags/profiling_quality_pipeline/tasks/transform_load.py
[2024-09-25T07:59:11.439+0000] {processor.py:208} INFO - Processing /opt/airflow/dags/profiling_quality_pipeline/tasks/transform_load.py took 1.455 seconds
[2024-09-25T07:59:41.588+0000] {processor.py:186} INFO - Started process (PID=184) to work on /opt/airflow/dags/profiling_quality_pipeline/tasks/transform_load.py
[2024-09-25T07:59:41.590+0000] {processor.py:914} INFO - Processing file /opt/airflow/dags/profiling_quality_pipeline/tasks/transform_load.py for tasks to queue
[2024-09-25T07:59:41.598+0000] {logging_mixin.py:190} INFO - [2024-09-25T07:59:41.597+0000] {dagbag.py:588} INFO - Filling up the DagBag from /opt/airflow/dags/profiling_quality_pipeline/tasks/transform_load.py
[2024-09-25T07:59:42.662+0000] {processor.py:927} WARNING - No viable dags retrieved from /opt/airflow/dags/profiling_quality_pipeline/tasks/transform_load.py
[2024-09-25T07:59:42.688+0000] {processor.py:208} INFO - Processing /opt/airflow/dags/profiling_quality_pipeline/tasks/transform_load.py took 1.117 seconds
[2024-09-25T08:00:13.275+0000] {processor.py:186} INFO - Started process (PID=209) to work on /opt/airflow/dags/profiling_quality_pipeline/tasks/transform_load.py
[2024-09-25T08:00:13.277+0000] {processor.py:914} INFO - Processing file /opt/airflow/dags/profiling_quality_pipeline/tasks/transform_load.py for tasks to queue
[2024-09-25T08:00:13.285+0000] {logging_mixin.py:190} INFO - [2024-09-25T08:00:13.284+0000] {dagbag.py:588} INFO - Filling up the DagBag from /opt/airflow/dags/profiling_quality_pipeline/tasks/transform_load.py
[2024-09-25T08:00:14.353+0000] {processor.py:927} WARNING - No viable dags retrieved from /opt/airflow/dags/profiling_quality_pipeline/tasks/transform_load.py
[2024-09-25T08:00:14.380+0000] {processor.py:208} INFO - Processing /opt/airflow/dags/profiling_quality_pipeline/tasks/transform_load.py took 1.124 seconds
[2024-09-25T08:00:44.741+0000] {processor.py:186} INFO - Started process (PID=240) to work on /opt/airflow/dags/profiling_quality_pipeline/tasks/transform_load.py
[2024-09-25T08:00:44.744+0000] {processor.py:914} INFO - Processing file /opt/airflow/dags/profiling_quality_pipeline/tasks/transform_load.py for tasks to queue
[2024-09-25T08:00:44.749+0000] {logging_mixin.py:190} INFO - [2024-09-25T08:00:44.749+0000] {dagbag.py:588} INFO - Filling up the DagBag from /opt/airflow/dags/profiling_quality_pipeline/tasks/transform_load.py
[2024-09-25T08:00:45.943+0000] {processor.py:927} WARNING - No viable dags retrieved from /opt/airflow/dags/profiling_quality_pipeline/tasks/transform_load.py
[2024-09-25T08:00:45.970+0000] {processor.py:208} INFO - Processing /opt/airflow/dags/profiling_quality_pipeline/tasks/transform_load.py took 1.244 seconds
[2024-09-25T08:01:16.797+0000] {processor.py:186} INFO - Started process (PID=266) to work on /opt/airflow/dags/profiling_quality_pipeline/tasks/transform_load.py
[2024-09-25T08:01:16.799+0000] {processor.py:914} INFO - Processing file /opt/airflow/dags/profiling_quality_pipeline/tasks/transform_load.py for tasks to queue
[2024-09-25T08:01:16.804+0000] {logging_mixin.py:190} INFO - [2024-09-25T08:01:16.804+0000] {dagbag.py:588} INFO - Filling up the DagBag from /opt/airflow/dags/profiling_quality_pipeline/tasks/transform_load.py
[2024-09-25T08:01:17.857+0000] {processor.py:927} WARNING - No viable dags retrieved from /opt/airflow/dags/profiling_quality_pipeline/tasks/transform_load.py
[2024-09-25T08:01:17.883+0000] {processor.py:208} INFO - Processing /opt/airflow/dags/profiling_quality_pipeline/tasks/transform_load.py took 1.102 seconds
[2024-09-25T08:01:48.508+0000] {processor.py:186} INFO - Started process (PID=291) to work on /opt/airflow/dags/profiling_quality_pipeline/tasks/transform_load.py
[2024-09-25T08:01:48.511+0000] {processor.py:914} INFO - Processing file /opt/airflow/dags/profiling_quality_pipeline/tasks/transform_load.py for tasks to queue
[2024-09-25T08:01:48.516+0000] {logging_mixin.py:190} INFO - [2024-09-25T08:01:48.515+0000] {dagbag.py:588} INFO - Filling up the DagBag from /opt/airflow/dags/profiling_quality_pipeline/tasks/transform_load.py
[2024-09-25T08:01:49.554+0000] {processor.py:927} WARNING - No viable dags retrieved from /opt/airflow/dags/profiling_quality_pipeline/tasks/transform_load.py
[2024-09-25T08:01:49.578+0000] {processor.py:208} INFO - Processing /opt/airflow/dags/profiling_quality_pipeline/tasks/transform_load.py took 1.085 seconds
[2024-09-25T08:02:22.536+0000] {processor.py:186} INFO - Started process (PID=317) to work on /opt/airflow/dags/profiling_quality_pipeline/tasks/transform_load.py
[2024-09-25T08:02:22.539+0000] {processor.py:914} INFO - Processing file /opt/airflow/dags/profiling_quality_pipeline/tasks/transform_load.py for tasks to queue
[2024-09-25T08:02:22.548+0000] {logging_mixin.py:190} INFO - [2024-09-25T08:02:22.546+0000] {dagbag.py:588} INFO - Filling up the DagBag from /opt/airflow/dags/profiling_quality_pipeline/tasks/transform_load.py
[2024-09-25T08:02:24.422+0000] {processor.py:927} WARNING - No viable dags retrieved from /opt/airflow/dags/profiling_quality_pipeline/tasks/transform_load.py
[2024-09-25T08:02:24.459+0000] {processor.py:208} INFO - Processing /opt/airflow/dags/profiling_quality_pipeline/tasks/transform_load.py took 1.953 seconds
[2024-09-25T08:02:55.110+0000] {processor.py:186} INFO - Started process (PID=342) to work on /opt/airflow/dags/profiling_quality_pipeline/tasks/transform_load.py
[2024-09-25T08:02:55.112+0000] {processor.py:914} INFO - Processing file /opt/airflow/dags/profiling_quality_pipeline/tasks/transform_load.py for tasks to queue
[2024-09-25T08:02:55.119+0000] {logging_mixin.py:190} INFO - [2024-09-25T08:02:55.119+0000] {dagbag.py:588} INFO - Filling up the DagBag from /opt/airflow/dags/profiling_quality_pipeline/tasks/transform_load.py
[2024-09-25T08:02:56.379+0000] {processor.py:927} WARNING - No viable dags retrieved from /opt/airflow/dags/profiling_quality_pipeline/tasks/transform_load.py
[2024-09-25T08:02:56.412+0000] {processor.py:208} INFO - Processing /opt/airflow/dags/profiling_quality_pipeline/tasks/transform_load.py took 1.319 seconds
[2024-09-25T08:03:27.326+0000] {processor.py:186} INFO - Started process (PID=367) to work on /opt/airflow/dags/profiling_quality_pipeline/tasks/transform_load.py
[2024-09-25T08:03:27.338+0000] {processor.py:914} INFO - Processing file /opt/airflow/dags/profiling_quality_pipeline/tasks/transform_load.py for tasks to queue
[2024-09-25T08:03:27.344+0000] {logging_mixin.py:190} INFO - [2024-09-25T08:03:27.343+0000] {dagbag.py:588} INFO - Filling up the DagBag from /opt/airflow/dags/profiling_quality_pipeline/tasks/transform_load.py
[2024-09-25T08:03:28.355+0000] {processor.py:927} WARNING - No viable dags retrieved from /opt/airflow/dags/profiling_quality_pipeline/tasks/transform_load.py
[2024-09-25T08:03:28.382+0000] {processor.py:208} INFO - Processing /opt/airflow/dags/profiling_quality_pipeline/tasks/transform_load.py took 1.070 seconds
[2024-09-25T08:03:58.547+0000] {processor.py:186} INFO - Started process (PID=393) to work on /opt/airflow/dags/profiling_quality_pipeline/tasks/transform_load.py
[2024-09-25T08:03:58.550+0000] {processor.py:914} INFO - Processing file /opt/airflow/dags/profiling_quality_pipeline/tasks/transform_load.py for tasks to queue
[2024-09-25T08:03:58.555+0000] {logging_mixin.py:190} INFO - [2024-09-25T08:03:58.554+0000] {dagbag.py:588} INFO - Filling up the DagBag from /opt/airflow/dags/profiling_quality_pipeline/tasks/transform_load.py
[2024-09-25T08:03:59.562+0000] {processor.py:927} WARNING - No viable dags retrieved from /opt/airflow/dags/profiling_quality_pipeline/tasks/transform_load.py
[2024-09-25T08:03:59.585+0000] {processor.py:208} INFO - Processing /opt/airflow/dags/profiling_quality_pipeline/tasks/transform_load.py took 1.055 seconds
[2024-09-25T08:04:30.017+0000] {processor.py:186} INFO - Started process (PID=417) to work on /opt/airflow/dags/profiling_quality_pipeline/tasks/transform_load.py
[2024-09-25T08:04:30.019+0000] {processor.py:914} INFO - Processing file /opt/airflow/dags/profiling_quality_pipeline/tasks/transform_load.py for tasks to queue
[2024-09-25T08:04:30.026+0000] {logging_mixin.py:190} INFO - [2024-09-25T08:04:30.026+0000] {dagbag.py:588} INFO - Filling up the DagBag from /opt/airflow/dags/profiling_quality_pipeline/tasks/transform_load.py
[2024-09-25T08:04:31.047+0000] {processor.py:927} WARNING - No viable dags retrieved from /opt/airflow/dags/profiling_quality_pipeline/tasks/transform_load.py
[2024-09-25T08:04:31.077+0000] {processor.py:208} INFO - Processing /opt/airflow/dags/profiling_quality_pipeline/tasks/transform_load.py took 1.079 seconds
[2024-09-25T08:05:01.397+0000] {processor.py:186} INFO - Started process (PID=442) to work on /opt/airflow/dags/profiling_quality_pipeline/tasks/transform_load.py
[2024-09-25T08:05:01.399+0000] {processor.py:914} INFO - Processing file /opt/airflow/dags/profiling_quality_pipeline/tasks/transform_load.py for tasks to queue
[2024-09-25T08:05:01.405+0000] {logging_mixin.py:190} INFO - [2024-09-25T08:05:01.405+0000] {dagbag.py:588} INFO - Filling up the DagBag from /opt/airflow/dags/profiling_quality_pipeline/tasks/transform_load.py
[2024-09-25T08:05:02.538+0000] {processor.py:927} WARNING - No viable dags retrieved from /opt/airflow/dags/profiling_quality_pipeline/tasks/transform_load.py
[2024-09-25T08:05:02.567+0000] {processor.py:208} INFO - Processing /opt/airflow/dags/profiling_quality_pipeline/tasks/transform_load.py took 1.187 seconds
[2024-09-25T08:05:32.815+0000] {processor.py:186} INFO - Started process (PID=468) to work on /opt/airflow/dags/profiling_quality_pipeline/tasks/transform_load.py
[2024-09-25T08:05:32.818+0000] {processor.py:914} INFO - Processing file /opt/airflow/dags/profiling_quality_pipeline/tasks/transform_load.py for tasks to queue
[2024-09-25T08:05:32.824+0000] {logging_mixin.py:190} INFO - [2024-09-25T08:05:32.824+0000] {dagbag.py:588} INFO - Filling up the DagBag from /opt/airflow/dags/profiling_quality_pipeline/tasks/transform_load.py
[2024-09-25T08:05:33.901+0000] {processor.py:927} WARNING - No viable dags retrieved from /opt/airflow/dags/profiling_quality_pipeline/tasks/transform_load.py
[2024-09-25T08:05:33.924+0000] {processor.py:208} INFO - Processing /opt/airflow/dags/profiling_quality_pipeline/tasks/transform_load.py took 1.126 seconds
[2024-09-25T08:06:04.465+0000] {processor.py:186} INFO - Started process (PID=492) to work on /opt/airflow/dags/profiling_quality_pipeline/tasks/transform_load.py
[2024-09-25T08:06:04.467+0000] {processor.py:914} INFO - Processing file /opt/airflow/dags/profiling_quality_pipeline/tasks/transform_load.py for tasks to queue
[2024-09-25T08:06:04.475+0000] {logging_mixin.py:190} INFO - [2024-09-25T08:06:04.474+0000] {dagbag.py:588} INFO - Filling up the DagBag from /opt/airflow/dags/profiling_quality_pipeline/tasks/transform_load.py
[2024-09-25T08:06:05.694+0000] {processor.py:927} WARNING - No viable dags retrieved from /opt/airflow/dags/profiling_quality_pipeline/tasks/transform_load.py
[2024-09-25T08:06:05.720+0000] {processor.py:208} INFO - Processing /opt/airflow/dags/profiling_quality_pipeline/tasks/transform_load.py took 1.273 seconds
[2024-09-25T08:06:36.521+0000] {processor.py:186} INFO - Started process (PID=517) to work on /opt/airflow/dags/profiling_quality_pipeline/tasks/transform_load.py
[2024-09-25T08:06:36.524+0000] {processor.py:914} INFO - Processing file /opt/airflow/dags/profiling_quality_pipeline/tasks/transform_load.py for tasks to queue
[2024-09-25T08:06:36.532+0000] {logging_mixin.py:190} INFO - [2024-09-25T08:06:36.531+0000] {dagbag.py:588} INFO - Filling up the DagBag from /opt/airflow/dags/profiling_quality_pipeline/tasks/transform_load.py
[2024-09-25T08:06:37.741+0000] {processor.py:927} WARNING - No viable dags retrieved from /opt/airflow/dags/profiling_quality_pipeline/tasks/transform_load.py
[2024-09-25T08:06:37.768+0000] {processor.py:208} INFO - Processing /opt/airflow/dags/profiling_quality_pipeline/tasks/transform_load.py took 1.266 seconds
[2024-09-25T08:07:08.302+0000] {processor.py:186} INFO - Started process (PID=542) to work on /opt/airflow/dags/profiling_quality_pipeline/tasks/transform_load.py
[2024-09-25T08:07:08.305+0000] {processor.py:914} INFO - Processing file /opt/airflow/dags/profiling_quality_pipeline/tasks/transform_load.py for tasks to queue
[2024-09-25T08:07:08.313+0000] {logging_mixin.py:190} INFO - [2024-09-25T08:07:08.312+0000] {dagbag.py:588} INFO - Filling up the DagBag from /opt/airflow/dags/profiling_quality_pipeline/tasks/transform_load.py
[2024-09-25T08:07:09.591+0000] {processor.py:927} WARNING - No viable dags retrieved from /opt/airflow/dags/profiling_quality_pipeline/tasks/transform_load.py
[2024-09-25T08:07:09.620+0000] {processor.py:208} INFO - Processing /opt/airflow/dags/profiling_quality_pipeline/tasks/transform_load.py took 1.334 seconds
[2024-09-25T08:07:40.600+0000] {processor.py:186} INFO - Started process (PID=568) to work on /opt/airflow/dags/profiling_quality_pipeline/tasks/transform_load.py
[2024-09-25T08:07:40.603+0000] {processor.py:914} INFO - Processing file /opt/airflow/dags/profiling_quality_pipeline/tasks/transform_load.py for tasks to queue
[2024-09-25T08:07:40.610+0000] {logging_mixin.py:190} INFO - [2024-09-25T08:07:40.609+0000] {dagbag.py:588} INFO - Filling up the DagBag from /opt/airflow/dags/profiling_quality_pipeline/tasks/transform_load.py
[2024-09-25T08:07:42.040+0000] {processor.py:927} WARNING - No viable dags retrieved from /opt/airflow/dags/profiling_quality_pipeline/tasks/transform_load.py
[2024-09-25T08:07:42.068+0000] {processor.py:208} INFO - Processing /opt/airflow/dags/profiling_quality_pipeline/tasks/transform_load.py took 1.489 seconds
[2024-09-25T08:08:12.435+0000] {processor.py:186} INFO - Started process (PID=593) to work on /opt/airflow/dags/profiling_quality_pipeline/tasks/transform_load.py
[2024-09-25T08:08:12.437+0000] {processor.py:914} INFO - Processing file /opt/airflow/dags/profiling_quality_pipeline/tasks/transform_load.py for tasks to queue
[2024-09-25T08:08:12.444+0000] {logging_mixin.py:190} INFO - [2024-09-25T08:08:12.444+0000] {dagbag.py:588} INFO - Filling up the DagBag from /opt/airflow/dags/profiling_quality_pipeline/tasks/transform_load.py
[2024-09-25T08:08:13.519+0000] {processor.py:927} WARNING - No viable dags retrieved from /opt/airflow/dags/profiling_quality_pipeline/tasks/transform_load.py
[2024-09-25T08:08:13.543+0000] {processor.py:208} INFO - Processing /opt/airflow/dags/profiling_quality_pipeline/tasks/transform_load.py took 1.124 seconds
[2024-09-25T08:08:44.280+0000] {processor.py:186} INFO - Started process (PID=618) to work on /opt/airflow/dags/profiling_quality_pipeline/tasks/transform_load.py
[2024-09-25T08:08:44.282+0000] {processor.py:914} INFO - Processing file /opt/airflow/dags/profiling_quality_pipeline/tasks/transform_load.py for tasks to queue
[2024-09-25T08:08:44.289+0000] {logging_mixin.py:190} INFO - [2024-09-25T08:08:44.288+0000] {dagbag.py:588} INFO - Filling up the DagBag from /opt/airflow/dags/profiling_quality_pipeline/tasks/transform_load.py
[2024-09-25T08:08:45.399+0000] {processor.py:927} WARNING - No viable dags retrieved from /opt/airflow/dags/profiling_quality_pipeline/tasks/transform_load.py
[2024-09-25T08:08:45.419+0000] {processor.py:208} INFO - Processing /opt/airflow/dags/profiling_quality_pipeline/tasks/transform_load.py took 1.156 seconds
[2024-09-25T08:09:15.783+0000] {processor.py:186} INFO - Started process (PID=651) to work on /opt/airflow/dags/profiling_quality_pipeline/tasks/transform_load.py
[2024-09-25T08:09:15.785+0000] {processor.py:914} INFO - Processing file /opt/airflow/dags/profiling_quality_pipeline/tasks/transform_load.py for tasks to queue
[2024-09-25T08:09:15.791+0000] {logging_mixin.py:190} INFO - [2024-09-25T08:09:15.790+0000] {dagbag.py:588} INFO - Filling up the DagBag from /opt/airflow/dags/profiling_quality_pipeline/tasks/transform_load.py
[2024-09-25T08:09:16.895+0000] {processor.py:927} WARNING - No viable dags retrieved from /opt/airflow/dags/profiling_quality_pipeline/tasks/transform_load.py
[2024-09-25T08:09:16.920+0000] {processor.py:208} INFO - Processing /opt/airflow/dags/profiling_quality_pipeline/tasks/transform_load.py took 1.153 seconds
[2024-09-25T08:09:47.457+0000] {processor.py:186} INFO - Started process (PID=676) to work on /opt/airflow/dags/profiling_quality_pipeline/tasks/transform_load.py
[2024-09-25T08:09:47.460+0000] {processor.py:914} INFO - Processing file /opt/airflow/dags/profiling_quality_pipeline/tasks/transform_load.py for tasks to queue
[2024-09-25T08:09:47.467+0000] {logging_mixin.py:190} INFO - [2024-09-25T08:09:47.466+0000] {dagbag.py:588} INFO - Filling up the DagBag from /opt/airflow/dags/profiling_quality_pipeline/tasks/transform_load.py
[2024-09-25T08:09:48.463+0000] {processor.py:927} WARNING - No viable dags retrieved from /opt/airflow/dags/profiling_quality_pipeline/tasks/transform_load.py
[2024-09-25T08:09:48.486+0000] {processor.py:208} INFO - Processing /opt/airflow/dags/profiling_quality_pipeline/tasks/transform_load.py took 1.049 seconds
[2024-09-25T08:10:19.359+0000] {processor.py:186} INFO - Started process (PID=702) to work on /opt/airflow/dags/profiling_quality_pipeline/tasks/transform_load.py
[2024-09-25T08:10:19.372+0000] {processor.py:914} INFO - Processing file /opt/airflow/dags/profiling_quality_pipeline/tasks/transform_load.py for tasks to queue
[2024-09-25T08:10:19.380+0000] {logging_mixin.py:190} INFO - [2024-09-25T08:10:19.378+0000] {dagbag.py:588} INFO - Filling up the DagBag from /opt/airflow/dags/profiling_quality_pipeline/tasks/transform_load.py
[2024-09-25T08:10:20.627+0000] {processor.py:927} WARNING - No viable dags retrieved from /opt/airflow/dags/profiling_quality_pipeline/tasks/transform_load.py
[2024-09-25T08:10:20.655+0000] {processor.py:208} INFO - Processing /opt/airflow/dags/profiling_quality_pipeline/tasks/transform_load.py took 1.315 seconds
[2024-09-25T08:10:52.201+0000] {processor.py:186} INFO - Started process (PID=724) to work on /opt/airflow/dags/profiling_quality_pipeline/tasks/transform_load.py
[2024-09-25T08:10:52.203+0000] {processor.py:914} INFO - Processing file /opt/airflow/dags/profiling_quality_pipeline/tasks/transform_load.py for tasks to queue
[2024-09-25T08:10:52.212+0000] {logging_mixin.py:190} INFO - [2024-09-25T08:10:52.211+0000] {dagbag.py:588} INFO - Filling up the DagBag from /opt/airflow/dags/profiling_quality_pipeline/tasks/transform_load.py
[2024-09-25T08:10:54.311+0000] {processor.py:927} WARNING - No viable dags retrieved from /opt/airflow/dags/profiling_quality_pipeline/tasks/transform_load.py
[2024-09-25T08:10:54.371+0000] {processor.py:208} INFO - Processing /opt/airflow/dags/profiling_quality_pipeline/tasks/transform_load.py took 2.199 seconds
[2024-09-25T08:11:24.699+0000] {processor.py:186} INFO - Started process (PID=749) to work on /opt/airflow/dags/profiling_quality_pipeline/tasks/transform_load.py
[2024-09-25T08:11:24.701+0000] {processor.py:914} INFO - Processing file /opt/airflow/dags/profiling_quality_pipeline/tasks/transform_load.py for tasks to queue
[2024-09-25T08:11:24.711+0000] {logging_mixin.py:190} INFO - [2024-09-25T08:11:24.710+0000] {dagbag.py:588} INFO - Filling up the DagBag from /opt/airflow/dags/profiling_quality_pipeline/tasks/transform_load.py
[2024-09-25T08:11:26.561+0000] {processor.py:927} WARNING - No viable dags retrieved from /opt/airflow/dags/profiling_quality_pipeline/tasks/transform_load.py
[2024-09-25T08:11:26.594+0000] {processor.py:208} INFO - Processing /opt/airflow/dags/profiling_quality_pipeline/tasks/transform_load.py took 1.915 seconds
[2024-09-25T08:11:56.946+0000] {processor.py:186} INFO - Started process (PID=774) to work on /opt/airflow/dags/profiling_quality_pipeline/tasks/transform_load.py
[2024-09-25T08:11:56.951+0000] {processor.py:914} INFO - Processing file /opt/airflow/dags/profiling_quality_pipeline/tasks/transform_load.py for tasks to queue
[2024-09-25T08:11:56.959+0000] {logging_mixin.py:190} INFO - [2024-09-25T08:11:56.958+0000] {dagbag.py:588} INFO - Filling up the DagBag from /opt/airflow/dags/profiling_quality_pipeline/tasks/transform_load.py
[2024-09-25T08:11:59.003+0000] {processor.py:927} WARNING - No viable dags retrieved from /opt/airflow/dags/profiling_quality_pipeline/tasks/transform_load.py
[2024-09-25T08:11:59.037+0000] {processor.py:208} INFO - Processing /opt/airflow/dags/profiling_quality_pipeline/tasks/transform_load.py took 2.117 seconds
[2024-09-25T08:12:30.414+0000] {processor.py:186} INFO - Started process (PID=801) to work on /opt/airflow/dags/profiling_quality_pipeline/tasks/transform_load.py
[2024-09-25T08:12:30.416+0000] {processor.py:914} INFO - Processing file /opt/airflow/dags/profiling_quality_pipeline/tasks/transform_load.py for tasks to queue
[2024-09-25T08:12:30.423+0000] {logging_mixin.py:190} INFO - [2024-09-25T08:12:30.422+0000] {dagbag.py:588} INFO - Filling up the DagBag from /opt/airflow/dags/profiling_quality_pipeline/tasks/transform_load.py
[2024-09-25T08:12:31.517+0000] {processor.py:927} WARNING - No viable dags retrieved from /opt/airflow/dags/profiling_quality_pipeline/tasks/transform_load.py
[2024-09-25T08:12:31.554+0000] {processor.py:208} INFO - Processing /opt/airflow/dags/profiling_quality_pipeline/tasks/transform_load.py took 1.154 seconds
[2024-09-25T08:13:01.920+0000] {processor.py:186} INFO - Started process (PID=825) to work on /opt/airflow/dags/profiling_quality_pipeline/tasks/transform_load.py
[2024-09-25T08:13:01.923+0000] {processor.py:914} INFO - Processing file /opt/airflow/dags/profiling_quality_pipeline/tasks/transform_load.py for tasks to queue
[2024-09-25T08:13:01.931+0000] {logging_mixin.py:190} INFO - [2024-09-25T08:13:01.930+0000] {dagbag.py:588} INFO - Filling up the DagBag from /opt/airflow/dags/profiling_quality_pipeline/tasks/transform_load.py
[2024-09-25T08:13:03.097+0000] {processor.py:927} WARNING - No viable dags retrieved from /opt/airflow/dags/profiling_quality_pipeline/tasks/transform_load.py
[2024-09-25T08:13:03.123+0000] {processor.py:208} INFO - Processing /opt/airflow/dags/profiling_quality_pipeline/tasks/transform_load.py took 1.221 seconds
[2024-09-25T08:13:33.612+0000] {processor.py:186} INFO - Started process (PID=850) to work on /opt/airflow/dags/profiling_quality_pipeline/tasks/transform_load.py
[2024-09-25T08:13:33.615+0000] {processor.py:914} INFO - Processing file /opt/airflow/dags/profiling_quality_pipeline/tasks/transform_load.py for tasks to queue
[2024-09-25T08:13:33.623+0000] {logging_mixin.py:190} INFO - [2024-09-25T08:13:33.622+0000] {dagbag.py:588} INFO - Filling up the DagBag from /opt/airflow/dags/profiling_quality_pipeline/tasks/transform_load.py
[2024-09-25T08:13:34.769+0000] {processor.py:927} WARNING - No viable dags retrieved from /opt/airflow/dags/profiling_quality_pipeline/tasks/transform_load.py
[2024-09-25T08:13:34.798+0000] {processor.py:208} INFO - Processing /opt/airflow/dags/profiling_quality_pipeline/tasks/transform_load.py took 1.206 seconds
[2024-09-25T08:14:05.456+0000] {processor.py:186} INFO - Started process (PID=876) to work on /opt/airflow/dags/profiling_quality_pipeline/tasks/transform_load.py
[2024-09-25T08:14:05.458+0000] {processor.py:914} INFO - Processing file /opt/airflow/dags/profiling_quality_pipeline/tasks/transform_load.py for tasks to queue
[2024-09-25T08:14:05.465+0000] {logging_mixin.py:190} INFO - [2024-09-25T08:14:05.464+0000] {dagbag.py:588} INFO - Filling up the DagBag from /opt/airflow/dags/profiling_quality_pipeline/tasks/transform_load.py
[2024-09-25T08:14:06.662+0000] {processor.py:927} WARNING - No viable dags retrieved from /opt/airflow/dags/profiling_quality_pipeline/tasks/transform_load.py
[2024-09-25T08:14:06.696+0000] {processor.py:208} INFO - Processing /opt/airflow/dags/profiling_quality_pipeline/tasks/transform_load.py took 1.258 seconds
[2024-09-25T08:14:37.055+0000] {processor.py:186} INFO - Started process (PID=901) to work on /opt/airflow/dags/profiling_quality_pipeline/tasks/transform_load.py
[2024-09-25T08:14:37.057+0000] {processor.py:914} INFO - Processing file /opt/airflow/dags/profiling_quality_pipeline/tasks/transform_load.py for tasks to queue
[2024-09-25T08:14:37.065+0000] {logging_mixin.py:190} INFO - [2024-09-25T08:14:37.064+0000] {dagbag.py:588} INFO - Filling up the DagBag from /opt/airflow/dags/profiling_quality_pipeline/tasks/transform_load.py
[2024-09-25T08:14:38.076+0000] {processor.py:927} WARNING - No viable dags retrieved from /opt/airflow/dags/profiling_quality_pipeline/tasks/transform_load.py
[2024-09-25T08:14:38.107+0000] {processor.py:208} INFO - Processing /opt/airflow/dags/profiling_quality_pipeline/tasks/transform_load.py took 1.071 seconds
[2024-09-25T08:15:08.780+0000] {processor.py:186} INFO - Started process (PID=926) to work on /opt/airflow/dags/profiling_quality_pipeline/tasks/transform_load.py
[2024-09-25T08:15:08.810+0000] {processor.py:914} INFO - Processing file /opt/airflow/dags/profiling_quality_pipeline/tasks/transform_load.py for tasks to queue
[2024-09-25T08:15:08.816+0000] {logging_mixin.py:190} INFO - [2024-09-25T08:15:08.815+0000] {dagbag.py:588} INFO - Filling up the DagBag from /opt/airflow/dags/profiling_quality_pipeline/tasks/transform_load.py
[2024-09-25T08:15:10.335+0000] {processor.py:927} WARNING - No viable dags retrieved from /opt/airflow/dags/profiling_quality_pipeline/tasks/transform_load.py
[2024-09-25T08:15:10.376+0000] {processor.py:208} INFO - Processing /opt/airflow/dags/profiling_quality_pipeline/tasks/transform_load.py took 1.614 seconds
[2024-09-25T08:15:40.549+0000] {processor.py:186} INFO - Started process (PID=950) to work on /opt/airflow/dags/profiling_quality_pipeline/tasks/transform_load.py
[2024-09-25T08:15:40.561+0000] {processor.py:914} INFO - Processing file /opt/airflow/dags/profiling_quality_pipeline/tasks/transform_load.py for tasks to queue
[2024-09-25T08:15:40.567+0000] {logging_mixin.py:190} INFO - [2024-09-25T08:15:40.566+0000] {dagbag.py:588} INFO - Filling up the DagBag from /opt/airflow/dags/profiling_quality_pipeline/tasks/transform_load.py
[2024-09-25T08:15:41.531+0000] {processor.py:927} WARNING - No viable dags retrieved from /opt/airflow/dags/profiling_quality_pipeline/tasks/transform_load.py
[2024-09-25T08:15:41.556+0000] {processor.py:208} INFO - Processing /opt/airflow/dags/profiling_quality_pipeline/tasks/transform_load.py took 1.020 seconds
[2024-09-25T08:16:11.888+0000] {processor.py:186} INFO - Started process (PID=975) to work on /opt/airflow/dags/profiling_quality_pipeline/tasks/transform_load.py
[2024-09-25T08:16:11.890+0000] {processor.py:914} INFO - Processing file /opt/airflow/dags/profiling_quality_pipeline/tasks/transform_load.py for tasks to queue
[2024-09-25T08:16:11.896+0000] {logging_mixin.py:190} INFO - [2024-09-25T08:16:11.895+0000] {dagbag.py:588} INFO - Filling up the DagBag from /opt/airflow/dags/profiling_quality_pipeline/tasks/transform_load.py
[2024-09-25T08:16:12.818+0000] {processor.py:927} WARNING - No viable dags retrieved from /opt/airflow/dags/profiling_quality_pipeline/tasks/transform_load.py
[2024-09-25T08:16:12.841+0000] {processor.py:208} INFO - Processing /opt/airflow/dags/profiling_quality_pipeline/tasks/transform_load.py took 0.965 seconds
[2024-09-25T08:16:45.474+0000] {processor.py:186} INFO - Started process (PID=1000) to work on /opt/airflow/dags/profiling_quality_pipeline/tasks/transform_load.py
[2024-09-25T08:16:45.477+0000] {processor.py:914} INFO - Processing file /opt/airflow/dags/profiling_quality_pipeline/tasks/transform_load.py for tasks to queue
[2024-09-25T08:16:45.491+0000] {logging_mixin.py:190} INFO - [2024-09-25T08:16:45.490+0000] {dagbag.py:588} INFO - Filling up the DagBag from /opt/airflow/dags/profiling_quality_pipeline/tasks/transform_load.py
[2024-09-25T08:16:48.125+0000] {processor.py:927} WARNING - No viable dags retrieved from /opt/airflow/dags/profiling_quality_pipeline/tasks/transform_load.py
[2024-09-25T08:16:48.174+0000] {processor.py:208} INFO - Processing /opt/airflow/dags/profiling_quality_pipeline/tasks/transform_load.py took 2.732 seconds
[2024-09-25T08:17:18.824+0000] {processor.py:186} INFO - Started process (PID=1031) to work on /opt/airflow/dags/profiling_quality_pipeline/tasks/transform_load.py
[2024-09-25T08:17:18.834+0000] {processor.py:914} INFO - Processing file /opt/airflow/dags/profiling_quality_pipeline/tasks/transform_load.py for tasks to queue
[2024-09-25T08:17:18.841+0000] {logging_mixin.py:190} INFO - [2024-09-25T08:17:18.840+0000] {dagbag.py:588} INFO - Filling up the DagBag from /opt/airflow/dags/profiling_quality_pipeline/tasks/transform_load.py
[2024-09-25T08:17:21.284+0000] {processor.py:927} WARNING - No viable dags retrieved from /opt/airflow/dags/profiling_quality_pipeline/tasks/transform_load.py
[2024-09-25T08:17:21.330+0000] {processor.py:208} INFO - Processing /opt/airflow/dags/profiling_quality_pipeline/tasks/transform_load.py took 2.543 seconds
[2024-09-25T08:17:52.173+0000] {processor.py:186} INFO - Started process (PID=1057) to work on /opt/airflow/dags/profiling_quality_pipeline/tasks/transform_load.py
[2024-09-25T08:17:52.178+0000] {processor.py:914} INFO - Processing file /opt/airflow/dags/profiling_quality_pipeline/tasks/transform_load.py for tasks to queue
[2024-09-25T08:17:52.187+0000] {logging_mixin.py:190} INFO - [2024-09-25T08:17:52.185+0000] {dagbag.py:588} INFO - Filling up the DagBag from /opt/airflow/dags/profiling_quality_pipeline/tasks/transform_load.py
[2024-09-25T08:17:53.712+0000] {processor.py:927} WARNING - No viable dags retrieved from /opt/airflow/dags/profiling_quality_pipeline/tasks/transform_load.py
[2024-09-25T08:17:53.750+0000] {processor.py:208} INFO - Processing /opt/airflow/dags/profiling_quality_pipeline/tasks/transform_load.py took 1.597 seconds
[2024-09-25T08:18:23.940+0000] {processor.py:186} INFO - Started process (PID=1081) to work on /opt/airflow/dags/profiling_quality_pipeline/tasks/transform_load.py
[2024-09-25T08:18:23.942+0000] {processor.py:914} INFO - Processing file /opt/airflow/dags/profiling_quality_pipeline/tasks/transform_load.py for tasks to queue
[2024-09-25T08:18:23.953+0000] {logging_mixin.py:190} INFO - [2024-09-25T08:18:23.947+0000] {dagbag.py:588} INFO - Filling up the DagBag from /opt/airflow/dags/profiling_quality_pipeline/tasks/transform_load.py
[2024-09-25T08:18:26.709+0000] {processor.py:927} WARNING - No viable dags retrieved from /opt/airflow/dags/profiling_quality_pipeline/tasks/transform_load.py
[2024-09-25T08:18:26.759+0000] {processor.py:208} INFO - Processing /opt/airflow/dags/profiling_quality_pipeline/tasks/transform_load.py took 2.838 seconds
[2024-09-25T08:18:57.513+0000] {processor.py:186} INFO - Started process (PID=1106) to work on /opt/airflow/dags/profiling_quality_pipeline/tasks/transform_load.py
[2024-09-25T08:18:57.538+0000] {processor.py:914} INFO - Processing file /opt/airflow/dags/profiling_quality_pipeline/tasks/transform_load.py for tasks to queue
[2024-09-25T08:18:57.545+0000] {logging_mixin.py:190} INFO - [2024-09-25T08:18:57.544+0000] {dagbag.py:588} INFO - Filling up the DagBag from /opt/airflow/dags/profiling_quality_pipeline/tasks/transform_load.py
[2024-09-25T08:18:58.620+0000] {processor.py:927} WARNING - No viable dags retrieved from /opt/airflow/dags/profiling_quality_pipeline/tasks/transform_load.py
[2024-09-25T08:18:58.649+0000] {processor.py:208} INFO - Processing /opt/airflow/dags/profiling_quality_pipeline/tasks/transform_load.py took 1.150 seconds
[2024-09-25T08:19:29.192+0000] {processor.py:186} INFO - Started process (PID=1131) to work on /opt/airflow/dags/profiling_quality_pipeline/tasks/transform_load.py
[2024-09-25T08:19:29.204+0000] {processor.py:914} INFO - Processing file /opt/airflow/dags/profiling_quality_pipeline/tasks/transform_load.py for tasks to queue
[2024-09-25T08:19:29.210+0000] {logging_mixin.py:190} INFO - [2024-09-25T08:19:29.210+0000] {dagbag.py:588} INFO - Filling up the DagBag from /opt/airflow/dags/profiling_quality_pipeline/tasks/transform_load.py
[2024-09-25T08:19:30.173+0000] {processor.py:927} WARNING - No viable dags retrieved from /opt/airflow/dags/profiling_quality_pipeline/tasks/transform_load.py
[2024-09-25T08:19:30.199+0000] {processor.py:208} INFO - Processing /opt/airflow/dags/profiling_quality_pipeline/tasks/transform_load.py took 1.020 seconds
[2024-09-25T08:20:00.373+0000] {processor.py:186} INFO - Started process (PID=1156) to work on /opt/airflow/dags/profiling_quality_pipeline/tasks/transform_load.py
[2024-09-25T08:20:00.375+0000] {processor.py:914} INFO - Processing file /opt/airflow/dags/profiling_quality_pipeline/tasks/transform_load.py for tasks to queue
[2024-09-25T08:20:00.382+0000] {logging_mixin.py:190} INFO - [2024-09-25T08:20:00.381+0000] {dagbag.py:588} INFO - Filling up the DagBag from /opt/airflow/dags/profiling_quality_pipeline/tasks/transform_load.py
[2024-09-25T08:20:01.367+0000] {processor.py:927} WARNING - No viable dags retrieved from /opt/airflow/dags/profiling_quality_pipeline/tasks/transform_load.py
[2024-09-25T08:20:01.393+0000] {processor.py:208} INFO - Processing /opt/airflow/dags/profiling_quality_pipeline/tasks/transform_load.py took 1.036 seconds
[2024-09-25T08:20:31.821+0000] {processor.py:186} INFO - Started process (PID=1181) to work on /opt/airflow/dags/profiling_quality_pipeline/tasks/transform_load.py
[2024-09-25T08:20:31.833+0000] {processor.py:914} INFO - Processing file /opt/airflow/dags/profiling_quality_pipeline/tasks/transform_load.py for tasks to queue
[2024-09-25T08:20:31.839+0000] {logging_mixin.py:190} INFO - [2024-09-25T08:20:31.838+0000] {dagbag.py:588} INFO - Filling up the DagBag from /opt/airflow/dags/profiling_quality_pipeline/tasks/transform_load.py
[2024-09-25T08:20:32.871+0000] {processor.py:927} WARNING - No viable dags retrieved from /opt/airflow/dags/profiling_quality_pipeline/tasks/transform_load.py
[2024-09-25T08:20:32.898+0000] {processor.py:208} INFO - Processing /opt/airflow/dags/profiling_quality_pipeline/tasks/transform_load.py took 1.090 seconds
[2024-09-25T08:21:03.189+0000] {processor.py:186} INFO - Started process (PID=1206) to work on /opt/airflow/dags/profiling_quality_pipeline/tasks/transform_load.py
[2024-09-25T08:21:03.191+0000] {processor.py:914} INFO - Processing file /opt/airflow/dags/profiling_quality_pipeline/tasks/transform_load.py for tasks to queue
[2024-09-25T08:21:03.198+0000] {logging_mixin.py:190} INFO - [2024-09-25T08:21:03.197+0000] {dagbag.py:588} INFO - Filling up the DagBag from /opt/airflow/dags/profiling_quality_pipeline/tasks/transform_load.py
[2024-09-25T08:21:04.445+0000] {processor.py:927} WARNING - No viable dags retrieved from /opt/airflow/dags/profiling_quality_pipeline/tasks/transform_load.py
[2024-09-25T08:21:04.474+0000] {processor.py:208} INFO - Processing /opt/airflow/dags/profiling_quality_pipeline/tasks/transform_load.py took 1.302 seconds
[2024-09-25T08:21:34.934+0000] {processor.py:186} INFO - Started process (PID=1233) to work on /opt/airflow/dags/profiling_quality_pipeline/tasks/transform_load.py
[2024-09-25T08:21:34.936+0000] {processor.py:914} INFO - Processing file /opt/airflow/dags/profiling_quality_pipeline/tasks/transform_load.py for tasks to queue
[2024-09-25T08:21:34.946+0000] {logging_mixin.py:190} INFO - [2024-09-25T08:21:34.944+0000] {dagbag.py:588} INFO - Filling up the DagBag from /opt/airflow/dags/profiling_quality_pipeline/tasks/transform_load.py
[2024-09-25T08:21:36.504+0000] {processor.py:927} WARNING - No viable dags retrieved from /opt/airflow/dags/profiling_quality_pipeline/tasks/transform_load.py
[2024-09-25T08:21:36.533+0000] {processor.py:208} INFO - Processing /opt/airflow/dags/profiling_quality_pipeline/tasks/transform_load.py took 1.618 seconds
[2024-09-25T08:22:06.870+0000] {processor.py:186} INFO - Started process (PID=1258) to work on /opt/airflow/dags/profiling_quality_pipeline/tasks/transform_load.py
[2024-09-25T08:22:06.884+0000] {processor.py:914} INFO - Processing file /opt/airflow/dags/profiling_quality_pipeline/tasks/transform_load.py for tasks to queue
[2024-09-25T08:22:06.890+0000] {logging_mixin.py:190} INFO - [2024-09-25T08:22:06.889+0000] {dagbag.py:588} INFO - Filling up the DagBag from /opt/airflow/dags/profiling_quality_pipeline/tasks/transform_load.py
[2024-09-25T08:22:08.688+0000] {processor.py:927} WARNING - No viable dags retrieved from /opt/airflow/dags/profiling_quality_pipeline/tasks/transform_load.py
[2024-09-25T08:22:08.752+0000] {processor.py:208} INFO - Processing /opt/airflow/dags/profiling_quality_pipeline/tasks/transform_load.py took 1.910 seconds
[2024-09-25T08:22:39.018+0000] {processor.py:186} INFO - Started process (PID=1284) to work on /opt/airflow/dags/profiling_quality_pipeline/tasks/transform_load.py
[2024-09-25T08:22:39.031+0000] {processor.py:914} INFO - Processing file /opt/airflow/dags/profiling_quality_pipeline/tasks/transform_load.py for tasks to queue
[2024-09-25T08:22:39.037+0000] {logging_mixin.py:190} INFO - [2024-09-25T08:22:39.036+0000] {dagbag.py:588} INFO - Filling up the DagBag from /opt/airflow/dags/profiling_quality_pipeline/tasks/transform_load.py
[2024-09-25T08:22:40.286+0000] {processor.py:927} WARNING - No viable dags retrieved from /opt/airflow/dags/profiling_quality_pipeline/tasks/transform_load.py
[2024-09-25T08:22:40.312+0000] {processor.py:208} INFO - Processing /opt/airflow/dags/profiling_quality_pipeline/tasks/transform_load.py took 1.312 seconds
[2024-09-25T08:23:10.931+0000] {processor.py:186} INFO - Started process (PID=1309) to work on /opt/airflow/dags/profiling_quality_pipeline/tasks/transform_load.py
[2024-09-25T08:23:10.933+0000] {processor.py:914} INFO - Processing file /opt/airflow/dags/profiling_quality_pipeline/tasks/transform_load.py for tasks to queue
[2024-09-25T08:23:10.941+0000] {logging_mixin.py:190} INFO - [2024-09-25T08:23:10.940+0000] {dagbag.py:588} INFO - Filling up the DagBag from /opt/airflow/dags/profiling_quality_pipeline/tasks/transform_load.py
[2024-09-25T08:23:11.970+0000] {processor.py:927} WARNING - No viable dags retrieved from /opt/airflow/dags/profiling_quality_pipeline/tasks/transform_load.py
[2024-09-25T08:23:11.993+0000] {processor.py:208} INFO - Processing /opt/airflow/dags/profiling_quality_pipeline/tasks/transform_load.py took 1.076 seconds
