[2024-10-02T16:16:29.361+0000] {local_task_job_runner.py:123} INFO - ::group::Pre task execution logs
[2024-10-02T16:16:29.398+0000] {taskinstance.py:2612} INFO - Dependencies all met for dep_context=non-requeueable deps ti=<TaskInstance: sparking_flow.end manual__2024-10-02T16:15:51.895351+00:00 [queued]>
[2024-10-02T16:16:29.415+0000] {taskinstance.py:2612} INFO - Dependencies all met for dep_context=requeueable deps ti=<TaskInstance: sparking_flow.end manual__2024-10-02T16:15:51.895351+00:00 [queued]>
[2024-10-02T16:16:29.416+0000] {taskinstance.py:2865} INFO - Starting attempt 1 of 1
[2024-10-02T16:16:29.442+0000] {taskinstance.py:2888} INFO - Executing <Task(PythonOperator): end> on 2024-10-02 16:15:51.895351+00:00
[2024-10-02T16:16:29.452+0000] {warnings.py:112} WARNING - /home/***/.local/lib/python3.12/site-packages/***/task/task_runner/standard_task_runner.py:70: DeprecationWarning: This process (pid=1614) is multi-threaded, use of fork() may lead to deadlocks in the child.
  pid = os.fork()

[2024-10-02T16:16:29.455+0000] {standard_task_runner.py:72} INFO - Started process 1615 to run task
[2024-10-02T16:16:29.456+0000] {standard_task_runner.py:104} INFO - Running: ['***', 'tasks', 'run', 'sparking_flow', 'end', 'manual__2024-10-02T16:15:51.895351+00:00', '--job-id', '14', '--raw', '--subdir', 'DAGS_FOLDER/spark_***.py', '--cfg-path', '/tmp/tmpb6l6f3d4']
[2024-10-02T16:16:29.458+0000] {standard_task_runner.py:105} INFO - Job 14: Subtask end
[2024-10-02T16:16:29.550+0000] {task_command.py:467} INFO - Running <TaskInstance: sparking_flow.end manual__2024-10-02T16:15:51.895351+00:00 [running]> on host 531092bfcd5c
[2024-10-02T16:16:29.712+0000] {taskinstance.py:3131} INFO - Exporting env vars: AIRFLOW_CTX_DAG_OWNER='Yusuf Ganiyu' AIRFLOW_CTX_DAG_ID='sparking_flow' AIRFLOW_CTX_TASK_ID='end' AIRFLOW_CTX_EXECUTION_DATE='2024-10-02T16:15:51.895351+00:00' AIRFLOW_CTX_TRY_NUMBER='1' AIRFLOW_CTX_DAG_RUN_ID='manual__2024-10-02T16:15:51.895351+00:00'
[2024-10-02T16:16:29.714+0000] {taskinstance.py:731} INFO - ::endgroup::
[2024-10-02T16:16:29.783+0000] {logging_mixin.py:190} INFO - Jobs completed successfully
[2024-10-02T16:16:29.784+0000] {python.py:240} INFO - Done. Returned value was: None
[2024-10-02T16:16:29.815+0000] {taskinstance.py:340} INFO - ::group::Post task execution logs
[2024-10-02T16:16:29.824+0000] {taskinstance.py:352} INFO - Marking task as SUCCESS. dag_id=sparking_flow, task_id=end, run_id=manual__2024-10-02T16:15:51.895351+00:00, execution_date=20241002T161551, start_date=20241002T161629, end_date=20241002T161629
[2024-10-02T16:16:29.917+0000] {local_task_job_runner.py:266} INFO - Task exited with return code 0
[2024-10-02T16:16:29.950+0000] {taskinstance.py:3900} INFO - 0 downstream tasks scheduled from follow-on schedule check
[2024-10-02T16:16:29.953+0000] {local_task_job_runner.py:245} INFO - ::endgroup::
