[2024-10-02T16:38:46.324+0000] {processor.py:186} INFO - Started process (PID=217) to work on /opt/airflow/dags/profiling_quality_pipeline/tasks/transform_load.py
[2024-10-02T16:38:46.326+0000] {processor.py:914} INFO - Processing file /opt/airflow/dags/profiling_quality_pipeline/tasks/transform_load.py for tasks to queue
[2024-10-02T16:38:46.331+0000] {logging_mixin.py:190} INFO - [2024-10-02T16:38:46.330+0000] {dagbag.py:588} INFO - Filling up the DagBag from /opt/airflow/dags/profiling_quality_pipeline/tasks/transform_load.py
[2024-10-02T16:38:47.968+0000] {processor.py:927} WARNING - No viable dags retrieved from /opt/airflow/dags/profiling_quality_pipeline/tasks/transform_load.py
[2024-10-02T16:38:48.031+0000] {processor.py:208} INFO - Processing /opt/airflow/dags/profiling_quality_pipeline/tasks/transform_load.py took 1.723 seconds
[2024-10-02T16:39:54.003+0000] {processor.py:186} INFO - Started process (PID=217) to work on /opt/airflow/dags/profiling_quality_pipeline/tasks/transform_load.py
[2024-10-02T16:39:54.006+0000] {processor.py:914} INFO - Processing file /opt/airflow/dags/profiling_quality_pipeline/tasks/transform_load.py for tasks to queue
[2024-10-02T16:39:54.011+0000] {logging_mixin.py:190} INFO - [2024-10-02T16:39:54.010+0000] {dagbag.py:588} INFO - Filling up the DagBag from /opt/airflow/dags/profiling_quality_pipeline/tasks/transform_load.py
[2024-10-02T16:39:56.482+0000] {processor.py:927} WARNING - No viable dags retrieved from /opt/airflow/dags/profiling_quality_pipeline/tasks/transform_load.py
[2024-10-02T16:39:56.533+0000] {processor.py:208} INFO - Processing /opt/airflow/dags/profiling_quality_pipeline/tasks/transform_load.py took 2.553 seconds
[2024-10-02T16:40:27.527+0000] {processor.py:186} INFO - Started process (PID=296) to work on /opt/airflow/dags/profiling_quality_pipeline/tasks/transform_load.py
[2024-10-02T16:40:27.529+0000] {processor.py:914} INFO - Processing file /opt/airflow/dags/profiling_quality_pipeline/tasks/transform_load.py for tasks to queue
[2024-10-02T16:40:27.536+0000] {logging_mixin.py:190} INFO - [2024-10-02T16:40:27.533+0000] {dagbag.py:588} INFO - Filling up the DagBag from /opt/airflow/dags/profiling_quality_pipeline/tasks/transform_load.py
[2024-10-02T16:40:28.975+0000] {processor.py:927} WARNING - No viable dags retrieved from /opt/airflow/dags/profiling_quality_pipeline/tasks/transform_load.py
[2024-10-02T16:40:29.014+0000] {processor.py:208} INFO - Processing /opt/airflow/dags/profiling_quality_pipeline/tasks/transform_load.py took 1.504 seconds
[2024-10-02T16:40:59.136+0000] {processor.py:186} INFO - Started process (PID=374) to work on /opt/airflow/dags/profiling_quality_pipeline/tasks/transform_load.py
[2024-10-02T16:40:59.147+0000] {processor.py:914} INFO - Processing file /opt/airflow/dags/profiling_quality_pipeline/tasks/transform_load.py for tasks to queue
[2024-10-02T16:40:59.152+0000] {logging_mixin.py:190} INFO - [2024-10-02T16:40:59.151+0000] {dagbag.py:588} INFO - Filling up the DagBag from /opt/airflow/dags/profiling_quality_pipeline/tasks/transform_load.py
[2024-10-02T16:41:00.688+0000] {processor.py:927} WARNING - No viable dags retrieved from /opt/airflow/dags/profiling_quality_pipeline/tasks/transform_load.py
[2024-10-02T16:41:00.735+0000] {processor.py:208} INFO - Processing /opt/airflow/dags/profiling_quality_pipeline/tasks/transform_load.py took 1.628 seconds
[2024-10-02T16:41:31.513+0000] {processor.py:186} INFO - Started process (PID=449) to work on /opt/airflow/dags/profiling_quality_pipeline/tasks/transform_load.py
[2024-10-02T16:41:31.517+0000] {processor.py:914} INFO - Processing file /opt/airflow/dags/profiling_quality_pipeline/tasks/transform_load.py for tasks to queue
[2024-10-02T16:41:31.533+0000] {logging_mixin.py:190} INFO - [2024-10-02T16:41:31.532+0000] {dagbag.py:588} INFO - Filling up the DagBag from /opt/airflow/dags/profiling_quality_pipeline/tasks/transform_load.py
[2024-10-02T16:41:33.050+0000] {processor.py:927} WARNING - No viable dags retrieved from /opt/airflow/dags/profiling_quality_pipeline/tasks/transform_load.py
[2024-10-02T16:41:33.119+0000] {processor.py:208} INFO - Processing /opt/airflow/dags/profiling_quality_pipeline/tasks/transform_load.py took 1.628 seconds
[2024-10-02T16:42:03.629+0000] {processor.py:186} INFO - Started process (PID=518) to work on /opt/airflow/dags/profiling_quality_pipeline/tasks/transform_load.py
[2024-10-02T16:42:03.643+0000] {processor.py:914} INFO - Processing file /opt/airflow/dags/profiling_quality_pipeline/tasks/transform_load.py for tasks to queue
[2024-10-02T16:42:03.650+0000] {logging_mixin.py:190} INFO - [2024-10-02T16:42:03.649+0000] {dagbag.py:588} INFO - Filling up the DagBag from /opt/airflow/dags/profiling_quality_pipeline/tasks/transform_load.py
[2024-10-02T16:42:05.092+0000] {processor.py:927} WARNING - No viable dags retrieved from /opt/airflow/dags/profiling_quality_pipeline/tasks/transform_load.py
[2024-10-02T16:42:05.138+0000] {processor.py:208} INFO - Processing /opt/airflow/dags/profiling_quality_pipeline/tasks/transform_load.py took 1.566 seconds
[2024-10-02T16:42:35.978+0000] {processor.py:186} INFO - Started process (PID=587) to work on /opt/airflow/dags/profiling_quality_pipeline/tasks/transform_load.py
[2024-10-02T16:42:35.981+0000] {processor.py:914} INFO - Processing file /opt/airflow/dags/profiling_quality_pipeline/tasks/transform_load.py for tasks to queue
[2024-10-02T16:42:35.986+0000] {logging_mixin.py:190} INFO - [2024-10-02T16:42:35.985+0000] {dagbag.py:588} INFO - Filling up the DagBag from /opt/airflow/dags/profiling_quality_pipeline/tasks/transform_load.py
[2024-10-02T16:42:37.350+0000] {processor.py:927} WARNING - No viable dags retrieved from /opt/airflow/dags/profiling_quality_pipeline/tasks/transform_load.py
[2024-10-02T16:42:37.387+0000] {processor.py:208} INFO - Processing /opt/airflow/dags/profiling_quality_pipeline/tasks/transform_load.py took 1.427 seconds
[2024-10-02T16:43:08.457+0000] {processor.py:186} INFO - Started process (PID=656) to work on /opt/airflow/dags/profiling_quality_pipeline/tasks/transform_load.py
[2024-10-02T16:43:08.460+0000] {processor.py:914} INFO - Processing file /opt/airflow/dags/profiling_quality_pipeline/tasks/transform_load.py for tasks to queue
[2024-10-02T16:43:08.468+0000] {logging_mixin.py:190} INFO - [2024-10-02T16:43:08.467+0000] {dagbag.py:588} INFO - Filling up the DagBag from /opt/airflow/dags/profiling_quality_pipeline/tasks/transform_load.py
[2024-10-02T16:43:09.789+0000] {processor.py:927} WARNING - No viable dags retrieved from /opt/airflow/dags/profiling_quality_pipeline/tasks/transform_load.py
[2024-10-02T16:43:09.828+0000] {processor.py:208} INFO - Processing /opt/airflow/dags/profiling_quality_pipeline/tasks/transform_load.py took 1.389 seconds
[2024-10-02T16:43:40.585+0000] {processor.py:186} INFO - Started process (PID=725) to work on /opt/airflow/dags/profiling_quality_pipeline/tasks/transform_load.py
[2024-10-02T16:43:40.588+0000] {processor.py:914} INFO - Processing file /opt/airflow/dags/profiling_quality_pipeline/tasks/transform_load.py for tasks to queue
[2024-10-02T16:43:40.594+0000] {logging_mixin.py:190} INFO - [2024-10-02T16:43:40.593+0000] {dagbag.py:588} INFO - Filling up the DagBag from /opt/airflow/dags/profiling_quality_pipeline/tasks/transform_load.py
[2024-10-02T16:43:42.215+0000] {processor.py:927} WARNING - No viable dags retrieved from /opt/airflow/dags/profiling_quality_pipeline/tasks/transform_load.py
[2024-10-02T16:43:42.267+0000] {processor.py:208} INFO - Processing /opt/airflow/dags/profiling_quality_pipeline/tasks/transform_load.py took 1.699 seconds
[2024-10-02T16:44:14.068+0000] {processor.py:186} INFO - Started process (PID=788) to work on /opt/airflow/dags/profiling_quality_pipeline/tasks/transform_load.py
[2024-10-02T16:44:14.073+0000] {processor.py:914} INFO - Processing file /opt/airflow/dags/profiling_quality_pipeline/tasks/transform_load.py for tasks to queue
[2024-10-02T16:44:14.102+0000] {logging_mixin.py:190} INFO - [2024-10-02T16:44:14.101+0000] {dagbag.py:588} INFO - Filling up the DagBag from /opt/airflow/dags/profiling_quality_pipeline/tasks/transform_load.py
[2024-10-02T16:44:17.243+0000] {processor.py:927} WARNING - No viable dags retrieved from /opt/airflow/dags/profiling_quality_pipeline/tasks/transform_load.py
[2024-10-02T16:44:17.311+0000] {processor.py:208} INFO - Processing /opt/airflow/dags/profiling_quality_pipeline/tasks/transform_load.py took 3.353 seconds
[2024-10-02T16:44:47.710+0000] {processor.py:186} INFO - Started process (PID=857) to work on /opt/airflow/dags/profiling_quality_pipeline/tasks/transform_load.py
[2024-10-02T16:44:47.713+0000] {processor.py:914} INFO - Processing file /opt/airflow/dags/profiling_quality_pipeline/tasks/transform_load.py for tasks to queue
[2024-10-02T16:44:47.719+0000] {logging_mixin.py:190} INFO - [2024-10-02T16:44:47.719+0000] {dagbag.py:588} INFO - Filling up the DagBag from /opt/airflow/dags/profiling_quality_pipeline/tasks/transform_load.py
[2024-10-02T16:44:49.711+0000] {processor.py:927} WARNING - No viable dags retrieved from /opt/airflow/dags/profiling_quality_pipeline/tasks/transform_load.py
[2024-10-02T16:44:49.779+0000] {processor.py:208} INFO - Processing /opt/airflow/dags/profiling_quality_pipeline/tasks/transform_load.py took 2.096 seconds
[2024-10-02T16:45:20.524+0000] {processor.py:186} INFO - Started process (PID=928) to work on /opt/airflow/dags/profiling_quality_pipeline/tasks/transform_load.py
[2024-10-02T16:45:20.526+0000] {processor.py:914} INFO - Processing file /opt/airflow/dags/profiling_quality_pipeline/tasks/transform_load.py for tasks to queue
[2024-10-02T16:45:20.532+0000] {logging_mixin.py:190} INFO - [2024-10-02T16:45:20.531+0000] {dagbag.py:588} INFO - Filling up the DagBag from /opt/airflow/dags/profiling_quality_pipeline/tasks/transform_load.py
[2024-10-02T16:45:21.979+0000] {processor.py:927} WARNING - No viable dags retrieved from /opt/airflow/dags/profiling_quality_pipeline/tasks/transform_load.py
[2024-10-02T16:45:22.029+0000] {processor.py:208} INFO - Processing /opt/airflow/dags/profiling_quality_pipeline/tasks/transform_load.py took 1.520 seconds
[2024-10-02T16:45:52.260+0000] {processor.py:186} INFO - Started process (PID=997) to work on /opt/airflow/dags/profiling_quality_pipeline/tasks/transform_load.py
[2024-10-02T16:45:52.264+0000] {processor.py:914} INFO - Processing file /opt/airflow/dags/profiling_quality_pipeline/tasks/transform_load.py for tasks to queue
[2024-10-02T16:45:52.270+0000] {logging_mixin.py:190} INFO - [2024-10-02T16:45:52.269+0000] {dagbag.py:588} INFO - Filling up the DagBag from /opt/airflow/dags/profiling_quality_pipeline/tasks/transform_load.py
[2024-10-02T16:45:53.670+0000] {processor.py:927} WARNING - No viable dags retrieved from /opt/airflow/dags/profiling_quality_pipeline/tasks/transform_load.py
[2024-10-02T16:45:53.717+0000] {processor.py:208} INFO - Processing /opt/airflow/dags/profiling_quality_pipeline/tasks/transform_load.py took 1.481 seconds
[2024-10-02T16:46:23.839+0000] {processor.py:186} INFO - Started process (PID=1066) to work on /opt/airflow/dags/profiling_quality_pipeline/tasks/transform_load.py
[2024-10-02T16:46:23.851+0000] {processor.py:914} INFO - Processing file /opt/airflow/dags/profiling_quality_pipeline/tasks/transform_load.py for tasks to queue
[2024-10-02T16:46:23.857+0000] {logging_mixin.py:190} INFO - [2024-10-02T16:46:23.856+0000] {dagbag.py:588} INFO - Filling up the DagBag from /opt/airflow/dags/profiling_quality_pipeline/tasks/transform_load.py
[2024-10-02T16:46:25.416+0000] {processor.py:927} WARNING - No viable dags retrieved from /opt/airflow/dags/profiling_quality_pipeline/tasks/transform_load.py
[2024-10-02T16:46:25.455+0000] {processor.py:208} INFO - Processing /opt/airflow/dags/profiling_quality_pipeline/tasks/transform_load.py took 1.633 seconds
[2024-10-02T16:46:55.565+0000] {processor.py:186} INFO - Started process (PID=1135) to work on /opt/airflow/dags/profiling_quality_pipeline/tasks/transform_load.py
[2024-10-02T16:46:55.569+0000] {processor.py:914} INFO - Processing file /opt/airflow/dags/profiling_quality_pipeline/tasks/transform_load.py for tasks to queue
[2024-10-02T16:46:55.577+0000] {logging_mixin.py:190} INFO - [2024-10-02T16:46:55.575+0000] {dagbag.py:588} INFO - Filling up the DagBag from /opt/airflow/dags/profiling_quality_pipeline/tasks/transform_load.py
[2024-10-02T16:46:57.902+0000] {processor.py:927} WARNING - No viable dags retrieved from /opt/airflow/dags/profiling_quality_pipeline/tasks/transform_load.py
[2024-10-02T16:46:57.960+0000] {processor.py:208} INFO - Processing /opt/airflow/dags/profiling_quality_pipeline/tasks/transform_load.py took 2.419 seconds
[2024-10-02T16:47:28.103+0000] {processor.py:186} INFO - Started process (PID=1204) to work on /opt/airflow/dags/profiling_quality_pipeline/tasks/transform_load.py
[2024-10-02T16:47:28.107+0000] {processor.py:914} INFO - Processing file /opt/airflow/dags/profiling_quality_pipeline/tasks/transform_load.py for tasks to queue
[2024-10-02T16:47:28.114+0000] {logging_mixin.py:190} INFO - [2024-10-02T16:47:28.113+0000] {dagbag.py:588} INFO - Filling up the DagBag from /opt/airflow/dags/profiling_quality_pipeline/tasks/transform_load.py
[2024-10-02T16:47:30.076+0000] {processor.py:927} WARNING - No viable dags retrieved from /opt/airflow/dags/profiling_quality_pipeline/tasks/transform_load.py
[2024-10-02T16:47:30.131+0000] {processor.py:208} INFO - Processing /opt/airflow/dags/profiling_quality_pipeline/tasks/transform_load.py took 2.058 seconds
[2024-10-02T16:48:00.635+0000] {processor.py:186} INFO - Started process (PID=1273) to work on /opt/airflow/dags/profiling_quality_pipeline/tasks/transform_load.py
[2024-10-02T16:48:00.649+0000] {processor.py:914} INFO - Processing file /opt/airflow/dags/profiling_quality_pipeline/tasks/transform_load.py for tasks to queue
[2024-10-02T16:48:00.659+0000] {logging_mixin.py:190} INFO - [2024-10-02T16:48:00.657+0000] {dagbag.py:588} INFO - Filling up the DagBag from /opt/airflow/dags/profiling_quality_pipeline/tasks/transform_load.py
[2024-10-02T16:48:02.603+0000] {processor.py:927} WARNING - No viable dags retrieved from /opt/airflow/dags/profiling_quality_pipeline/tasks/transform_load.py
[2024-10-02T16:48:02.652+0000] {processor.py:208} INFO - Processing /opt/airflow/dags/profiling_quality_pipeline/tasks/transform_load.py took 2.057 seconds
[2024-10-02T16:48:33.021+0000] {processor.py:186} INFO - Started process (PID=1346) to work on /opt/airflow/dags/profiling_quality_pipeline/tasks/transform_load.py
[2024-10-02T16:48:33.024+0000] {processor.py:914} INFO - Processing file /opt/airflow/dags/profiling_quality_pipeline/tasks/transform_load.py for tasks to queue
[2024-10-02T16:48:33.034+0000] {logging_mixin.py:190} INFO - [2024-10-02T16:48:33.033+0000] {dagbag.py:588} INFO - Filling up the DagBag from /opt/airflow/dags/profiling_quality_pipeline/tasks/transform_load.py
[2024-10-02T16:48:34.863+0000] {processor.py:927} WARNING - No viable dags retrieved from /opt/airflow/dags/profiling_quality_pipeline/tasks/transform_load.py
[2024-10-02T16:48:34.924+0000] {processor.py:208} INFO - Processing /opt/airflow/dags/profiling_quality_pipeline/tasks/transform_load.py took 1.927 seconds
[2024-10-02T16:49:05.424+0000] {processor.py:186} INFO - Started process (PID=1415) to work on /opt/airflow/dags/profiling_quality_pipeline/tasks/transform_load.py
[2024-10-02T16:49:05.438+0000] {processor.py:914} INFO - Processing file /opt/airflow/dags/profiling_quality_pipeline/tasks/transform_load.py for tasks to queue
[2024-10-02T16:49:05.446+0000] {logging_mixin.py:190} INFO - [2024-10-02T16:49:05.444+0000] {dagbag.py:588} INFO - Filling up the DagBag from /opt/airflow/dags/profiling_quality_pipeline/tasks/transform_load.py
[2024-10-02T16:49:07.093+0000] {processor.py:927} WARNING - No viable dags retrieved from /opt/airflow/dags/profiling_quality_pipeline/tasks/transform_load.py
[2024-10-02T16:49:07.148+0000] {processor.py:208} INFO - Processing /opt/airflow/dags/profiling_quality_pipeline/tasks/transform_load.py took 1.752 seconds
[2024-10-02T16:49:37.317+0000] {processor.py:186} INFO - Started process (PID=1484) to work on /opt/airflow/dags/profiling_quality_pipeline/tasks/transform_load.py
[2024-10-02T16:49:37.323+0000] {processor.py:914} INFO - Processing file /opt/airflow/dags/profiling_quality_pipeline/tasks/transform_load.py for tasks to queue
[2024-10-02T16:49:37.329+0000] {logging_mixin.py:190} INFO - [2024-10-02T16:49:37.328+0000] {dagbag.py:588} INFO - Filling up the DagBag from /opt/airflow/dags/profiling_quality_pipeline/tasks/transform_load.py
[2024-10-02T16:49:39.147+0000] {processor.py:927} WARNING - No viable dags retrieved from /opt/airflow/dags/profiling_quality_pipeline/tasks/transform_load.py
[2024-10-02T16:49:39.196+0000] {processor.py:208} INFO - Processing /opt/airflow/dags/profiling_quality_pipeline/tasks/transform_load.py took 1.905 seconds
[2024-10-02T16:50:10.556+0000] {processor.py:186} INFO - Started process (PID=1552) to work on /opt/airflow/dags/profiling_quality_pipeline/tasks/transform_load.py
[2024-10-02T16:50:10.568+0000] {processor.py:914} INFO - Processing file /opt/airflow/dags/profiling_quality_pipeline/tasks/transform_load.py for tasks to queue
[2024-10-02T16:50:10.601+0000] {logging_mixin.py:190} INFO - [2024-10-02T16:50:10.600+0000] {dagbag.py:588} INFO - Filling up the DagBag from /opt/airflow/dags/profiling_quality_pipeline/tasks/transform_load.py
[2024-10-02T16:50:14.486+0000] {processor.py:927} WARNING - No viable dags retrieved from /opt/airflow/dags/profiling_quality_pipeline/tasks/transform_load.py
[2024-10-02T16:50:14.547+0000] {processor.py:208} INFO - Processing /opt/airflow/dags/profiling_quality_pipeline/tasks/transform_load.py took 4.041 seconds
[2024-10-02T16:50:44.720+0000] {processor.py:186} INFO - Started process (PID=1621) to work on /opt/airflow/dags/profiling_quality_pipeline/tasks/transform_load.py
[2024-10-02T16:50:44.724+0000] {processor.py:914} INFO - Processing file /opt/airflow/dags/profiling_quality_pipeline/tasks/transform_load.py for tasks to queue
[2024-10-02T16:50:44.730+0000] {logging_mixin.py:190} INFO - [2024-10-02T16:50:44.729+0000] {dagbag.py:588} INFO - Filling up the DagBag from /opt/airflow/dags/profiling_quality_pipeline/tasks/transform_load.py
[2024-10-02T16:50:46.413+0000] {processor.py:927} WARNING - No viable dags retrieved from /opt/airflow/dags/profiling_quality_pipeline/tasks/transform_load.py
[2024-10-02T16:50:46.464+0000] {processor.py:208} INFO - Processing /opt/airflow/dags/profiling_quality_pipeline/tasks/transform_load.py took 1.768 seconds
[2024-10-02T16:51:16.650+0000] {processor.py:186} INFO - Started process (PID=1687) to work on /opt/airflow/dags/profiling_quality_pipeline/tasks/transform_load.py
[2024-10-02T16:51:16.663+0000] {processor.py:914} INFO - Processing file /opt/airflow/dags/profiling_quality_pipeline/tasks/transform_load.py for tasks to queue
[2024-10-02T16:51:16.669+0000] {logging_mixin.py:190} INFO - [2024-10-02T16:51:16.668+0000] {dagbag.py:588} INFO - Filling up the DagBag from /opt/airflow/dags/profiling_quality_pipeline/tasks/transform_load.py
[2024-10-02T16:51:18.188+0000] {processor.py:927} WARNING - No viable dags retrieved from /opt/airflow/dags/profiling_quality_pipeline/tasks/transform_load.py
[2024-10-02T16:51:18.228+0000] {processor.py:208} INFO - Processing /opt/airflow/dags/profiling_quality_pipeline/tasks/transform_load.py took 1.595 seconds
[2024-10-02T16:51:48.377+0000] {processor.py:186} INFO - Started process (PID=1756) to work on /opt/airflow/dags/profiling_quality_pipeline/tasks/transform_load.py
[2024-10-02T16:51:48.380+0000] {processor.py:914} INFO - Processing file /opt/airflow/dags/profiling_quality_pipeline/tasks/transform_load.py for tasks to queue
[2024-10-02T16:51:48.386+0000] {logging_mixin.py:190} INFO - [2024-10-02T16:51:48.385+0000] {dagbag.py:588} INFO - Filling up the DagBag from /opt/airflow/dags/profiling_quality_pipeline/tasks/transform_load.py
[2024-10-02T16:51:50.516+0000] {processor.py:927} WARNING - No viable dags retrieved from /opt/airflow/dags/profiling_quality_pipeline/tasks/transform_load.py
[2024-10-02T16:51:50.566+0000] {processor.py:208} INFO - Processing /opt/airflow/dags/profiling_quality_pipeline/tasks/transform_load.py took 2.211 seconds
[2024-10-02T16:52:21.113+0000] {processor.py:186} INFO - Started process (PID=1825) to work on /opt/airflow/dags/profiling_quality_pipeline/tasks/transform_load.py
[2024-10-02T16:52:21.126+0000] {processor.py:914} INFO - Processing file /opt/airflow/dags/profiling_quality_pipeline/tasks/transform_load.py for tasks to queue
[2024-10-02T16:52:21.133+0000] {logging_mixin.py:190} INFO - [2024-10-02T16:52:21.132+0000] {dagbag.py:588} INFO - Filling up the DagBag from /opt/airflow/dags/profiling_quality_pipeline/tasks/transform_load.py
[2024-10-02T16:52:22.972+0000] {processor.py:927} WARNING - No viable dags retrieved from /opt/airflow/dags/profiling_quality_pipeline/tasks/transform_load.py
[2024-10-02T16:52:23.023+0000] {processor.py:208} INFO - Processing /opt/airflow/dags/profiling_quality_pipeline/tasks/transform_load.py took 1.937 seconds
[2024-10-02T16:52:53.708+0000] {processor.py:186} INFO - Started process (PID=1894) to work on /opt/airflow/dags/profiling_quality_pipeline/tasks/transform_load.py
[2024-10-02T16:52:53.715+0000] {processor.py:914} INFO - Processing file /opt/airflow/dags/profiling_quality_pipeline/tasks/transform_load.py for tasks to queue
[2024-10-02T16:52:53.733+0000] {logging_mixin.py:190} INFO - [2024-10-02T16:52:53.721+0000] {dagbag.py:588} INFO - Filling up the DagBag from /opt/airflow/dags/profiling_quality_pipeline/tasks/transform_load.py
[2024-10-02T16:52:55.753+0000] {processor.py:927} WARNING - No viable dags retrieved from /opt/airflow/dags/profiling_quality_pipeline/tasks/transform_load.py
[2024-10-02T16:52:55.814+0000] {processor.py:208} INFO - Processing /opt/airflow/dags/profiling_quality_pipeline/tasks/transform_load.py took 2.146 seconds
[2024-10-02T16:53:26.038+0000] {processor.py:186} INFO - Started process (PID=1968) to work on /opt/airflow/dags/profiling_quality_pipeline/tasks/transform_load.py
[2024-10-02T16:53:26.054+0000] {processor.py:914} INFO - Processing file /opt/airflow/dags/profiling_quality_pipeline/tasks/transform_load.py for tasks to queue
[2024-10-02T16:53:26.061+0000] {logging_mixin.py:190} INFO - [2024-10-02T16:53:26.059+0000] {dagbag.py:588} INFO - Filling up the DagBag from /opt/airflow/dags/profiling_quality_pipeline/tasks/transform_load.py
[2024-10-02T16:53:27.916+0000] {processor.py:927} WARNING - No viable dags retrieved from /opt/airflow/dags/profiling_quality_pipeline/tasks/transform_load.py
[2024-10-02T16:53:27.968+0000] {processor.py:208} INFO - Processing /opt/airflow/dags/profiling_quality_pipeline/tasks/transform_load.py took 1.956 seconds
[2024-10-02T16:53:58.680+0000] {processor.py:186} INFO - Started process (PID=2037) to work on /opt/airflow/dags/profiling_quality_pipeline/tasks/transform_load.py
[2024-10-02T16:53:58.696+0000] {processor.py:914} INFO - Processing file /opt/airflow/dags/profiling_quality_pipeline/tasks/transform_load.py for tasks to queue
[2024-10-02T16:53:58.704+0000] {logging_mixin.py:190} INFO - [2024-10-02T16:53:58.703+0000] {dagbag.py:588} INFO - Filling up the DagBag from /opt/airflow/dags/profiling_quality_pipeline/tasks/transform_load.py
[2024-10-02T16:54:00.602+0000] {processor.py:927} WARNING - No viable dags retrieved from /opt/airflow/dags/profiling_quality_pipeline/tasks/transform_load.py
[2024-10-02T16:54:00.651+0000] {processor.py:208} INFO - Processing /opt/airflow/dags/profiling_quality_pipeline/tasks/transform_load.py took 2.001 seconds
[2024-10-02T16:54:31.269+0000] {processor.py:186} INFO - Started process (PID=2104) to work on /opt/airflow/dags/profiling_quality_pipeline/tasks/transform_load.py
[2024-10-02T16:54:31.272+0000] {processor.py:914} INFO - Processing file /opt/airflow/dags/profiling_quality_pipeline/tasks/transform_load.py for tasks to queue
[2024-10-02T16:54:31.289+0000] {logging_mixin.py:190} INFO - [2024-10-02T16:54:31.288+0000] {dagbag.py:588} INFO - Filling up the DagBag from /opt/airflow/dags/profiling_quality_pipeline/tasks/transform_load.py
[2024-10-02T16:54:33.118+0000] {processor.py:927} WARNING - No viable dags retrieved from /opt/airflow/dags/profiling_quality_pipeline/tasks/transform_load.py
[2024-10-02T16:54:33.163+0000] {processor.py:208} INFO - Processing /opt/airflow/dags/profiling_quality_pipeline/tasks/transform_load.py took 1.930 seconds
[2024-10-02T16:55:03.418+0000] {processor.py:186} INFO - Started process (PID=2178) to work on /opt/airflow/dags/profiling_quality_pipeline/tasks/transform_load.py
[2024-10-02T16:55:03.422+0000] {processor.py:914} INFO - Processing file /opt/airflow/dags/profiling_quality_pipeline/tasks/transform_load.py for tasks to queue
[2024-10-02T16:55:03.431+0000] {logging_mixin.py:190} INFO - [2024-10-02T16:55:03.430+0000] {dagbag.py:588} INFO - Filling up the DagBag from /opt/airflow/dags/profiling_quality_pipeline/tasks/transform_load.py
[2024-10-02T16:55:05.052+0000] {processor.py:927} WARNING - No viable dags retrieved from /opt/airflow/dags/profiling_quality_pipeline/tasks/transform_load.py
[2024-10-02T16:55:05.095+0000] {processor.py:208} INFO - Processing /opt/airflow/dags/profiling_quality_pipeline/tasks/transform_load.py took 1.695 seconds
[2024-10-02T16:55:35.316+0000] {processor.py:186} INFO - Started process (PID=2246) to work on /opt/airflow/dags/profiling_quality_pipeline/tasks/transform_load.py
[2024-10-02T16:55:35.319+0000] {processor.py:914} INFO - Processing file /opt/airflow/dags/profiling_quality_pipeline/tasks/transform_load.py for tasks to queue
[2024-10-02T16:55:35.330+0000] {logging_mixin.py:190} INFO - [2024-10-02T16:55:35.328+0000] {dagbag.py:588} INFO - Filling up the DagBag from /opt/airflow/dags/profiling_quality_pipeline/tasks/transform_load.py
[2024-10-02T16:55:36.761+0000] {processor.py:927} WARNING - No viable dags retrieved from /opt/airflow/dags/profiling_quality_pipeline/tasks/transform_load.py
[2024-10-02T16:55:36.807+0000] {processor.py:208} INFO - Processing /opt/airflow/dags/profiling_quality_pipeline/tasks/transform_load.py took 1.510 seconds
[2024-10-02T16:56:07.140+0000] {processor.py:186} INFO - Started process (PID=2463) to work on /opt/airflow/dags/profiling_quality_pipeline/tasks/transform_load.py
[2024-10-02T16:56:07.143+0000] {processor.py:914} INFO - Processing file /opt/airflow/dags/profiling_quality_pipeline/tasks/transform_load.py for tasks to queue
[2024-10-02T16:56:07.150+0000] {logging_mixin.py:190} INFO - [2024-10-02T16:56:07.149+0000] {dagbag.py:588} INFO - Filling up the DagBag from /opt/airflow/dags/profiling_quality_pipeline/tasks/transform_load.py
[2024-10-02T16:56:08.446+0000] {processor.py:927} WARNING - No viable dags retrieved from /opt/airflow/dags/profiling_quality_pipeline/tasks/transform_load.py
[2024-10-02T16:56:08.491+0000] {processor.py:208} INFO - Processing /opt/airflow/dags/profiling_quality_pipeline/tasks/transform_load.py took 1.369 seconds
[2024-10-02T16:56:41.990+0000] {processor.py:186} INFO - Started process (PID=2770) to work on /opt/airflow/dags/profiling_quality_pipeline/tasks/transform_load.py
[2024-10-02T16:56:41.994+0000] {processor.py:914} INFO - Processing file /opt/airflow/dags/profiling_quality_pipeline/tasks/transform_load.py for tasks to queue
[2024-10-02T16:56:42.014+0000] {logging_mixin.py:190} INFO - [2024-10-02T16:56:42.010+0000] {dagbag.py:588} INFO - Filling up the DagBag from /opt/airflow/dags/profiling_quality_pipeline/tasks/transform_load.py
[2024-10-02T16:56:44.492+0000] {processor.py:927} WARNING - No viable dags retrieved from /opt/airflow/dags/profiling_quality_pipeline/tasks/transform_load.py
[2024-10-02T16:56:44.556+0000] {processor.py:208} INFO - Processing /opt/airflow/dags/profiling_quality_pipeline/tasks/transform_load.py took 2.601 seconds
[2024-10-02T16:57:14.925+0000] {processor.py:186} INFO - Started process (PID=3041) to work on /opt/airflow/dags/profiling_quality_pipeline/tasks/transform_load.py
[2024-10-02T16:57:14.927+0000] {processor.py:914} INFO - Processing file /opt/airflow/dags/profiling_quality_pipeline/tasks/transform_load.py for tasks to queue
[2024-10-02T16:57:14.935+0000] {logging_mixin.py:190} INFO - [2024-10-02T16:57:14.934+0000] {dagbag.py:588} INFO - Filling up the DagBag from /opt/airflow/dags/profiling_quality_pipeline/tasks/transform_load.py
[2024-10-02T16:57:16.817+0000] {processor.py:927} WARNING - No viable dags retrieved from /opt/airflow/dags/profiling_quality_pipeline/tasks/transform_load.py
[2024-10-02T16:57:16.884+0000] {processor.py:208} INFO - Processing /opt/airflow/dags/profiling_quality_pipeline/tasks/transform_load.py took 1.980 seconds
[2024-10-02T16:57:47.481+0000] {processor.py:186} INFO - Started process (PID=3300) to work on /opt/airflow/dags/profiling_quality_pipeline/tasks/transform_load.py
[2024-10-02T16:57:47.487+0000] {processor.py:914} INFO - Processing file /opt/airflow/dags/profiling_quality_pipeline/tasks/transform_load.py for tasks to queue
[2024-10-02T16:57:47.502+0000] {logging_mixin.py:190} INFO - [2024-10-02T16:57:47.501+0000] {dagbag.py:588} INFO - Filling up the DagBag from /opt/airflow/dags/profiling_quality_pipeline/tasks/transform_load.py
[2024-10-02T16:57:49.845+0000] {processor.py:927} WARNING - No viable dags retrieved from /opt/airflow/dags/profiling_quality_pipeline/tasks/transform_load.py
[2024-10-02T16:57:49.901+0000] {processor.py:208} INFO - Processing /opt/airflow/dags/profiling_quality_pipeline/tasks/transform_load.py took 2.454 seconds
[2024-10-02T16:58:20.269+0000] {processor.py:186} INFO - Started process (PID=3610) to work on /opt/airflow/dags/profiling_quality_pipeline/tasks/transform_load.py
[2024-10-02T16:58:20.283+0000] {processor.py:914} INFO - Processing file /opt/airflow/dags/profiling_quality_pipeline/tasks/transform_load.py for tasks to queue
[2024-10-02T16:58:20.291+0000] {logging_mixin.py:190} INFO - [2024-10-02T16:58:20.289+0000] {dagbag.py:588} INFO - Filling up the DagBag from /opt/airflow/dags/profiling_quality_pipeline/tasks/transform_load.py
[2024-10-02T16:58:23.037+0000] {processor.py:927} WARNING - No viable dags retrieved from /opt/airflow/dags/profiling_quality_pipeline/tasks/transform_load.py
[2024-10-02T16:58:23.122+0000] {processor.py:208} INFO - Processing /opt/airflow/dags/profiling_quality_pipeline/tasks/transform_load.py took 2.905 seconds
[2024-10-02T16:58:57.577+0000] {processor.py:186} INFO - Started process (PID=3872) to work on /opt/airflow/dags/profiling_quality_pipeline/tasks/transform_load.py
[2024-10-02T16:58:57.581+0000] {processor.py:914} INFO - Processing file /opt/airflow/dags/profiling_quality_pipeline/tasks/transform_load.py for tasks to queue
[2024-10-02T16:58:57.594+0000] {logging_mixin.py:190} INFO - [2024-10-02T16:58:57.593+0000] {dagbag.py:588} INFO - Filling up the DagBag from /opt/airflow/dags/profiling_quality_pipeline/tasks/transform_load.py
[2024-10-02T16:59:00.035+0000] {processor.py:927} WARNING - No viable dags retrieved from /opt/airflow/dags/profiling_quality_pipeline/tasks/transform_load.py
[2024-10-02T16:59:00.115+0000] {processor.py:208} INFO - Processing /opt/airflow/dags/profiling_quality_pipeline/tasks/transform_load.py took 2.573 seconds
[2024-10-02T16:59:31.057+0000] {processor.py:186} INFO - Started process (PID=4085) to work on /opt/airflow/dags/profiling_quality_pipeline/tasks/transform_load.py
[2024-10-02T16:59:31.060+0000] {processor.py:914} INFO - Processing file /opt/airflow/dags/profiling_quality_pipeline/tasks/transform_load.py for tasks to queue
[2024-10-02T16:59:31.068+0000] {logging_mixin.py:190} INFO - [2024-10-02T16:59:31.067+0000] {dagbag.py:588} INFO - Filling up the DagBag from /opt/airflow/dags/profiling_quality_pipeline/tasks/transform_load.py
[2024-10-02T16:59:33.579+0000] {processor.py:927} WARNING - No viable dags retrieved from /opt/airflow/dags/profiling_quality_pipeline/tasks/transform_load.py
[2024-10-02T16:59:33.640+0000] {processor.py:208} INFO - Processing /opt/airflow/dags/profiling_quality_pipeline/tasks/transform_load.py took 2.606 seconds
[2024-10-02T17:00:04.264+0000] {processor.py:186} INFO - Started process (PID=4397) to work on /opt/airflow/dags/profiling_quality_pipeline/tasks/transform_load.py
[2024-10-02T17:00:04.277+0000] {processor.py:914} INFO - Processing file /opt/airflow/dags/profiling_quality_pipeline/tasks/transform_load.py for tasks to queue
[2024-10-02T17:00:04.285+0000] {logging_mixin.py:190} INFO - [2024-10-02T17:00:04.284+0000] {dagbag.py:588} INFO - Filling up the DagBag from /opt/airflow/dags/profiling_quality_pipeline/tasks/transform_load.py
[2024-10-02T17:00:05.800+0000] {processor.py:927} WARNING - No viable dags retrieved from /opt/airflow/dags/profiling_quality_pipeline/tasks/transform_load.py
[2024-10-02T17:00:05.845+0000] {processor.py:208} INFO - Processing /opt/airflow/dags/profiling_quality_pipeline/tasks/transform_load.py took 1.606 seconds
[2024-10-02T17:00:36.162+0000] {processor.py:186} INFO - Started process (PID=4618) to work on /opt/airflow/dags/profiling_quality_pipeline/tasks/transform_load.py
[2024-10-02T17:00:36.166+0000] {processor.py:914} INFO - Processing file /opt/airflow/dags/profiling_quality_pipeline/tasks/transform_load.py for tasks to queue
[2024-10-02T17:00:36.178+0000] {logging_mixin.py:190} INFO - [2024-10-02T17:00:36.177+0000] {dagbag.py:588} INFO - Filling up the DagBag from /opt/airflow/dags/profiling_quality_pipeline/tasks/transform_load.py
[2024-10-02T17:00:38.207+0000] {processor.py:927} WARNING - No viable dags retrieved from /opt/airflow/dags/profiling_quality_pipeline/tasks/transform_load.py
[2024-10-02T17:00:38.267+0000] {processor.py:208} INFO - Processing /opt/airflow/dags/profiling_quality_pipeline/tasks/transform_load.py took 2.133 seconds
[2024-10-02T17:01:26.326+0000] {processor.py:186} INFO - Started process (PID=5109) to work on /opt/airflow/dags/profiling_quality_pipeline/tasks/transform_load.py
[2024-10-02T17:01:26.334+0000] {processor.py:914} INFO - Processing file /opt/airflow/dags/profiling_quality_pipeline/tasks/transform_load.py for tasks to queue
[2024-10-02T17:01:26.373+0000] {logging_mixin.py:190} INFO - [2024-10-02T17:01:26.340+0000] {dagbag.py:588} INFO - Filling up the DagBag from /opt/airflow/dags/profiling_quality_pipeline/tasks/transform_load.py
[2024-10-02T17:01:47.394+0000] {processor.py:927} WARNING - No viable dags retrieved from /opt/airflow/dags/profiling_quality_pipeline/tasks/transform_load.py
[2024-10-02T17:01:48.230+0000] {processor.py:208} INFO - Processing /opt/airflow/dags/profiling_quality_pipeline/tasks/transform_load.py took 22.076 seconds
[2024-10-02T17:03:14.567+0000] {processor.py:186} INFO - Started process (PID=6458) to work on /opt/airflow/dags/profiling_quality_pipeline/tasks/transform_load.py
[2024-10-02T17:03:14.583+0000] {processor.py:914} INFO - Processing file /opt/airflow/dags/profiling_quality_pipeline/tasks/transform_load.py for tasks to queue
[2024-10-02T17:03:14.587+0000] {logging_mixin.py:190} INFO - [2024-10-02T17:03:14.586+0000] {dagbag.py:588} INFO - Filling up the DagBag from /opt/airflow/dags/profiling_quality_pipeline/tasks/transform_load.py
[2024-10-02T17:03:22.502+0000] {processor.py:927} WARNING - No viable dags retrieved from /opt/airflow/dags/profiling_quality_pipeline/tasks/transform_load.py
[2024-10-02T17:03:22.673+0000] {processor.py:208} INFO - Processing /opt/airflow/dags/profiling_quality_pipeline/tasks/transform_load.py took 8.146 seconds
[2024-10-02T17:03:53.695+0000] {processor.py:186} INFO - Started process (PID=6758) to work on /opt/airflow/dags/profiling_quality_pipeline/tasks/transform_load.py
[2024-10-02T17:03:53.698+0000] {processor.py:914} INFO - Processing file /opt/airflow/dags/profiling_quality_pipeline/tasks/transform_load.py for tasks to queue
[2024-10-02T17:03:53.701+0000] {logging_mixin.py:190} INFO - [2024-10-02T17:03:53.700+0000] {dagbag.py:588} INFO - Filling up the DagBag from /opt/airflow/dags/profiling_quality_pipeline/tasks/transform_load.py
[2024-10-02T17:03:55.282+0000] {processor.py:927} WARNING - No viable dags retrieved from /opt/airflow/dags/profiling_quality_pipeline/tasks/transform_load.py
[2024-10-02T17:03:55.326+0000] {processor.py:208} INFO - Processing /opt/airflow/dags/profiling_quality_pipeline/tasks/transform_load.py took 1.649 seconds
[2024-10-02T17:04:32.261+0000] {processor.py:186} INFO - Started process (PID=6891) to work on /opt/airflow/dags/profiling_quality_pipeline/tasks/transform_load.py
[2024-10-02T17:04:32.264+0000] {processor.py:914} INFO - Processing file /opt/airflow/dags/profiling_quality_pipeline/tasks/transform_load.py for tasks to queue
[2024-10-02T17:04:32.268+0000] {logging_mixin.py:190} INFO - [2024-10-02T17:04:32.267+0000] {dagbag.py:588} INFO - Filling up the DagBag from /opt/airflow/dags/profiling_quality_pipeline/tasks/transform_load.py
[2024-10-02T17:04:35.900+0000] {processor.py:927} WARNING - No viable dags retrieved from /opt/airflow/dags/profiling_quality_pipeline/tasks/transform_load.py
[2024-10-02T17:04:36.162+0000] {processor.py:208} INFO - Processing /opt/airflow/dags/profiling_quality_pipeline/tasks/transform_load.py took 3.926 seconds
[2024-10-02T17:05:07.156+0000] {processor.py:186} INFO - Started process (PID=7188) to work on /opt/airflow/dags/profiling_quality_pipeline/tasks/transform_load.py
[2024-10-02T17:05:07.160+0000] {processor.py:914} INFO - Processing file /opt/airflow/dags/profiling_quality_pipeline/tasks/transform_load.py for tasks to queue
[2024-10-02T17:05:07.171+0000] {logging_mixin.py:190} INFO - [2024-10-02T17:05:07.169+0000] {dagbag.py:588} INFO - Filling up the DagBag from /opt/airflow/dags/profiling_quality_pipeline/tasks/transform_load.py
[2024-10-02T17:05:09.188+0000] {processor.py:927} WARNING - No viable dags retrieved from /opt/airflow/dags/profiling_quality_pipeline/tasks/transform_load.py
[2024-10-02T17:05:09.234+0000] {processor.py:208} INFO - Processing /opt/airflow/dags/profiling_quality_pipeline/tasks/transform_load.py took 2.120 seconds
[2024-10-02T17:05:39.489+0000] {processor.py:186} INFO - Started process (PID=7449) to work on /opt/airflow/dags/profiling_quality_pipeline/tasks/transform_load.py
[2024-10-02T17:05:39.514+0000] {processor.py:914} INFO - Processing file /opt/airflow/dags/profiling_quality_pipeline/tasks/transform_load.py for tasks to queue
[2024-10-02T17:05:39.517+0000] {logging_mixin.py:190} INFO - [2024-10-02T17:05:39.516+0000] {dagbag.py:588} INFO - Filling up the DagBag from /opt/airflow/dags/profiling_quality_pipeline/tasks/transform_load.py
[2024-10-02T17:05:41.642+0000] {processor.py:927} WARNING - No viable dags retrieved from /opt/airflow/dags/profiling_quality_pipeline/tasks/transform_load.py
[2024-10-02T17:05:41.694+0000] {processor.py:208} INFO - Processing /opt/airflow/dags/profiling_quality_pipeline/tasks/transform_load.py took 2.232 seconds
[2024-10-02T17:06:12.591+0000] {processor.py:186} INFO - Started process (PID=7710) to work on /opt/airflow/dags/profiling_quality_pipeline/tasks/transform_load.py
[2024-10-02T17:06:12.594+0000] {processor.py:914} INFO - Processing file /opt/airflow/dags/profiling_quality_pipeline/tasks/transform_load.py for tasks to queue
[2024-10-02T17:06:12.599+0000] {logging_mixin.py:190} INFO - [2024-10-02T17:06:12.598+0000] {dagbag.py:588} INFO - Filling up the DagBag from /opt/airflow/dags/profiling_quality_pipeline/tasks/transform_load.py
[2024-10-02T17:06:14.700+0000] {processor.py:927} WARNING - No viable dags retrieved from /opt/airflow/dags/profiling_quality_pipeline/tasks/transform_load.py
[2024-10-02T17:06:14.830+0000] {processor.py:208} INFO - Processing /opt/airflow/dags/profiling_quality_pipeline/tasks/transform_load.py took 2.255 seconds
[2024-10-02T17:07:16.540+0000] {processor.py:186} INFO - Started process (PID=8607) to work on /opt/airflow/dags/profiling_quality_pipeline/tasks/transform_load.py
[2024-10-02T17:07:16.574+0000] {processor.py:914} INFO - Processing file /opt/airflow/dags/profiling_quality_pipeline/tasks/transform_load.py for tasks to queue
[2024-10-02T17:07:16.590+0000] {logging_mixin.py:190} INFO - [2024-10-02T17:07:16.589+0000] {dagbag.py:588} INFO - Filling up the DagBag from /opt/airflow/dags/profiling_quality_pipeline/tasks/transform_load.py
[2024-10-02T17:07:32.855+0000] {processor.py:927} WARNING - No viable dags retrieved from /opt/airflow/dags/profiling_quality_pipeline/tasks/transform_load.py
[2024-10-02T17:07:33.933+0000] {processor.py:208} INFO - Processing /opt/airflow/dags/profiling_quality_pipeline/tasks/transform_load.py took 17.507 seconds
[2024-10-02T17:08:21.768+0000] {processor.py:186} INFO - Started process (PID=9633) to work on /opt/airflow/dags/profiling_quality_pipeline/tasks/transform_load.py
[2024-10-02T17:08:21.770+0000] {processor.py:914} INFO - Processing file /opt/airflow/dags/profiling_quality_pipeline/tasks/transform_load.py for tasks to queue
[2024-10-02T17:08:21.773+0000] {logging_mixin.py:190} INFO - [2024-10-02T17:08:21.772+0000] {dagbag.py:588} INFO - Filling up the DagBag from /opt/airflow/dags/profiling_quality_pipeline/tasks/transform_load.py
[2024-10-02T17:08:22.823+0000] {processor.py:927} WARNING - No viable dags retrieved from /opt/airflow/dags/profiling_quality_pipeline/tasks/transform_load.py
[2024-10-02T17:08:22.862+0000] {processor.py:208} INFO - Processing /opt/airflow/dags/profiling_quality_pipeline/tasks/transform_load.py took 1.115 seconds
[2024-10-02T17:08:53.056+0000] {processor.py:186} INFO - Started process (PID=9977) to work on /opt/airflow/dags/profiling_quality_pipeline/tasks/transform_load.py
[2024-10-02T17:08:53.058+0000] {processor.py:914} INFO - Processing file /opt/airflow/dags/profiling_quality_pipeline/tasks/transform_load.py for tasks to queue
[2024-10-02T17:08:53.061+0000] {logging_mixin.py:190} INFO - [2024-10-02T17:08:53.060+0000] {dagbag.py:588} INFO - Filling up the DagBag from /opt/airflow/dags/profiling_quality_pipeline/tasks/transform_load.py
[2024-10-02T17:08:53.986+0000] {processor.py:927} WARNING - No viable dags retrieved from /opt/airflow/dags/profiling_quality_pipeline/tasks/transform_load.py
[2024-10-02T17:08:54.014+0000] {processor.py:208} INFO - Processing /opt/airflow/dags/profiling_quality_pipeline/tasks/transform_load.py took 0.972 seconds
[2024-10-02T17:09:25.568+0000] {processor.py:186} INFO - Started process (PID=10251) to work on /opt/airflow/dags/profiling_quality_pipeline/tasks/transform_load.py
[2024-10-02T17:09:25.570+0000] {processor.py:914} INFO - Processing file /opt/airflow/dags/profiling_quality_pipeline/tasks/transform_load.py for tasks to queue
[2024-10-02T17:09:25.574+0000] {logging_mixin.py:190} INFO - [2024-10-02T17:09:25.573+0000] {dagbag.py:588} INFO - Filling up the DagBag from /opt/airflow/dags/profiling_quality_pipeline/tasks/transform_load.py
[2024-10-02T17:09:26.981+0000] {processor.py:927} WARNING - No viable dags retrieved from /opt/airflow/dags/profiling_quality_pipeline/tasks/transform_load.py
[2024-10-02T17:09:27.055+0000] {processor.py:208} INFO - Processing /opt/airflow/dags/profiling_quality_pipeline/tasks/transform_load.py took 1.508 seconds
[2024-10-02T17:10:01.576+0000] {processor.py:186} INFO - Started process (PID=10645) to work on /opt/airflow/dags/profiling_quality_pipeline/tasks/transform_load.py
[2024-10-02T17:10:01.580+0000] {processor.py:914} INFO - Processing file /opt/airflow/dags/profiling_quality_pipeline/tasks/transform_load.py for tasks to queue
[2024-10-02T17:10:01.589+0000] {logging_mixin.py:190} INFO - [2024-10-02T17:10:01.586+0000] {dagbag.py:588} INFO - Filling up the DagBag from /opt/airflow/dags/profiling_quality_pipeline/tasks/transform_load.py
[2024-10-02T17:10:03.471+0000] {processor.py:927} WARNING - No viable dags retrieved from /opt/airflow/dags/profiling_quality_pipeline/tasks/transform_load.py
[2024-10-02T17:10:03.502+0000] {processor.py:208} INFO - Processing /opt/airflow/dags/profiling_quality_pipeline/tasks/transform_load.py took 1.954 seconds
[2024-10-02T17:10:34.501+0000] {processor.py:186} INFO - Started process (PID=10892) to work on /opt/airflow/dags/profiling_quality_pipeline/tasks/transform_load.py
[2024-10-02T17:10:34.504+0000] {processor.py:914} INFO - Processing file /opt/airflow/dags/profiling_quality_pipeline/tasks/transform_load.py for tasks to queue
[2024-10-02T17:10:34.508+0000] {logging_mixin.py:190} INFO - [2024-10-02T17:10:34.507+0000] {dagbag.py:588} INFO - Filling up the DagBag from /opt/airflow/dags/profiling_quality_pipeline/tasks/transform_load.py
[2024-10-02T17:10:35.598+0000] {processor.py:927} WARNING - No viable dags retrieved from /opt/airflow/dags/profiling_quality_pipeline/tasks/transform_load.py
[2024-10-02T17:10:35.642+0000] {processor.py:208} INFO - Processing /opt/airflow/dags/profiling_quality_pipeline/tasks/transform_load.py took 1.165 seconds
[2024-10-02T17:11:09.695+0000] {processor.py:186} INFO - Started process (PID=11523) to work on /opt/airflow/dags/profiling_quality_pipeline/tasks/transform_load.py
[2024-10-02T17:11:09.723+0000] {processor.py:914} INFO - Processing file /opt/airflow/dags/profiling_quality_pipeline/tasks/transform_load.py for tasks to queue
[2024-10-02T17:11:09.742+0000] {logging_mixin.py:190} INFO - [2024-10-02T17:11:09.726+0000] {dagbag.py:588} INFO - Filling up the DagBag from /opt/airflow/dags/profiling_quality_pipeline/tasks/transform_load.py
[2024-10-02T17:11:13.217+0000] {processor.py:927} WARNING - No viable dags retrieved from /opt/airflow/dags/profiling_quality_pipeline/tasks/transform_load.py
[2024-10-02T17:11:13.395+0000] {processor.py:208} INFO - Processing /opt/airflow/dags/profiling_quality_pipeline/tasks/transform_load.py took 3.844 seconds
[2024-10-02T17:12:05.111+0000] {processor.py:186} INFO - Started process (PID=13521) to work on /opt/airflow/dags/profiling_quality_pipeline/tasks/transform_load.py
[2024-10-02T17:12:05.115+0000] {processor.py:914} INFO - Processing file /opt/airflow/dags/profiling_quality_pipeline/tasks/transform_load.py for tasks to queue
[2024-10-02T17:12:05.120+0000] {logging_mixin.py:190} INFO - [2024-10-02T17:12:05.119+0000] {dagbag.py:588} INFO - Filling up the DagBag from /opt/airflow/dags/profiling_quality_pipeline/tasks/transform_load.py
[2024-10-02T17:12:05.954+0000] {processor.py:927} WARNING - No viable dags retrieved from /opt/airflow/dags/profiling_quality_pipeline/tasks/transform_load.py
[2024-10-02T17:12:06.002+0000] {processor.py:208} INFO - Processing /opt/airflow/dags/profiling_quality_pipeline/tasks/transform_load.py took 0.925 seconds
[2024-10-02T17:12:42.462+0000] {processor.py:186} INFO - Started process (PID=13889) to work on /opt/airflow/dags/profiling_quality_pipeline/tasks/transform_load.py
[2024-10-02T17:12:42.482+0000] {processor.py:914} INFO - Processing file /opt/airflow/dags/profiling_quality_pipeline/tasks/transform_load.py for tasks to queue
[2024-10-02T17:12:42.486+0000] {logging_mixin.py:190} INFO - [2024-10-02T17:12:42.485+0000] {dagbag.py:588} INFO - Filling up the DagBag from /opt/airflow/dags/profiling_quality_pipeline/tasks/transform_load.py
[2024-10-02T17:12:43.394+0000] {processor.py:927} WARNING - No viable dags retrieved from /opt/airflow/dags/profiling_quality_pipeline/tasks/transform_load.py
[2024-10-02T17:12:43.427+0000] {processor.py:208} INFO - Processing /opt/airflow/dags/profiling_quality_pipeline/tasks/transform_load.py took 0.980 seconds
[2024-10-02T17:13:14.577+0000] {processor.py:186} INFO - Started process (PID=14052) to work on /opt/airflow/dags/profiling_quality_pipeline/tasks/transform_load.py
[2024-10-02T17:13:14.579+0000] {processor.py:914} INFO - Processing file /opt/airflow/dags/profiling_quality_pipeline/tasks/transform_load.py for tasks to queue
[2024-10-02T17:13:14.582+0000] {logging_mixin.py:190} INFO - [2024-10-02T17:13:14.581+0000] {dagbag.py:588} INFO - Filling up the DagBag from /opt/airflow/dags/profiling_quality_pipeline/tasks/transform_load.py
[2024-10-02T17:13:15.596+0000] {processor.py:927} WARNING - No viable dags retrieved from /opt/airflow/dags/profiling_quality_pipeline/tasks/transform_load.py
[2024-10-02T17:13:15.641+0000] {processor.py:208} INFO - Processing /opt/airflow/dags/profiling_quality_pipeline/tasks/transform_load.py took 1.080 seconds
[2024-10-02T17:13:46.229+0000] {processor.py:186} INFO - Started process (PID=14374) to work on /opt/airflow/dags/profiling_quality_pipeline/tasks/transform_load.py
[2024-10-02T17:13:46.231+0000] {processor.py:914} INFO - Processing file /opt/airflow/dags/profiling_quality_pipeline/tasks/transform_load.py for tasks to queue
[2024-10-02T17:13:46.233+0000] {logging_mixin.py:190} INFO - [2024-10-02T17:13:46.232+0000] {dagbag.py:588} INFO - Filling up the DagBag from /opt/airflow/dags/profiling_quality_pipeline/tasks/transform_load.py
[2024-10-02T17:13:46.732+0000] {processor.py:927} WARNING - No viable dags retrieved from /opt/airflow/dags/profiling_quality_pipeline/tasks/transform_load.py
[2024-10-02T17:13:46.756+0000] {processor.py:208} INFO - Processing /opt/airflow/dags/profiling_quality_pipeline/tasks/transform_load.py took 0.536 seconds
[2024-10-02T17:14:17.375+0000] {processor.py:186} INFO - Started process (PID=14746) to work on /opt/airflow/dags/profiling_quality_pipeline/tasks/transform_load.py
[2024-10-02T17:14:17.387+0000] {processor.py:914} INFO - Processing file /opt/airflow/dags/profiling_quality_pipeline/tasks/transform_load.py for tasks to queue
[2024-10-02T17:14:17.388+0000] {logging_mixin.py:190} INFO - [2024-10-02T17:14:17.388+0000] {dagbag.py:588} INFO - Filling up the DagBag from /opt/airflow/dags/profiling_quality_pipeline/tasks/transform_load.py
[2024-10-02T17:14:17.864+0000] {processor.py:927} WARNING - No viable dags retrieved from /opt/airflow/dags/profiling_quality_pipeline/tasks/transform_load.py
[2024-10-02T17:14:17.884+0000] {processor.py:208} INFO - Processing /opt/airflow/dags/profiling_quality_pipeline/tasks/transform_load.py took 0.518 seconds
