[2024-10-02T19:41:55.024+0000] {local_task_job_runner.py:123} INFO - ::group::Pre task execution logs
[2024-10-02T19:41:55.052+0000] {taskinstance.py:2612} INFO - Dependencies all met for dep_context=non-requeueable deps ti=<TaskInstance: sparking_flow.wordcount_job manual__2024-10-02T19:41:53.153031+00:00 [queued]>
[2024-10-02T19:41:55.065+0000] {taskinstance.py:2612} INFO - Dependencies all met for dep_context=requeueable deps ti=<TaskInstance: sparking_flow.wordcount_job manual__2024-10-02T19:41:53.153031+00:00 [queued]>
[2024-10-02T19:41:55.065+0000] {taskinstance.py:2865} INFO - Starting attempt 1 of 1
[2024-10-02T19:41:55.087+0000] {taskinstance.py:2888} INFO - Executing <Task(SparkSubmitOperator): wordcount_job> on 2024-10-02 19:41:53.153031+00:00
[2024-10-02T19:41:55.099+0000] {logging_mixin.py:190} WARNING - /home/***/.local/lib/python3.12/site-packages/***/task/task_runner/standard_task_runner.py:70 DeprecationWarning: This process (pid=106511) is multi-threaded, use of fork() may lead to deadlocks in the child.
[2024-10-02T19:41:55.097+0000] {standard_task_runner.py:104} INFO - Running: ['***', 'tasks', 'run', 'sparking_flow', 'wordcount_job', 'manual__2024-10-02T19:41:53.153031+00:00', '--job-id', '13499', '--raw', '--subdir', 'DAGS_FOLDER/materi/test.py', '--cfg-path', '/tmp/tmpssanalxs']
[2024-10-02T19:41:55.102+0000] {standard_task_runner.py:105} INFO - Job 13499: Subtask wordcount_job
[2024-10-02T19:41:55.102+0000] {standard_task_runner.py:72} INFO - Started process 106512 to run task
[2024-10-02T19:41:55.192+0000] {task_command.py:467} INFO - Running <TaskInstance: sparking_flow.wordcount_job manual__2024-10-02T19:41:53.153031+00:00 [running]> on host 19cd1516b3ca
[2024-10-02T19:41:55.378+0000] {taskinstance.py:3131} INFO - Exporting env vars: AIRFLOW_CTX_DAG_OWNER='Yusuf Ganiyu' AIRFLOW_CTX_DAG_ID='sparking_flow' AIRFLOW_CTX_TASK_ID='wordcount_job' AIRFLOW_CTX_EXECUTION_DATE='2024-10-02T19:41:53.153031+00:00' AIRFLOW_CTX_TRY_NUMBER='1' AIRFLOW_CTX_DAG_RUN_ID='manual__2024-10-02T19:41:53.153031+00:00'
[2024-10-02T19:41:55.379+0000] {taskinstance.py:731} INFO - ::endgroup::
[2024-10-02T19:41:55.421+0000] {base.py:84} INFO - Retrieving connection 'spark-conn'
[2024-10-02T19:41:55.422+0000] {spark_submit.py:335} INFO - Spark-Submit cmd: spark-submit --master spark://spark-master:7077 --name arrow-spark jobs/wordcountjob.py wordcountjob Hello Spark Hello Python Hello Airflow Hello Docker and Hello Yusuf
[2024-10-02T19:41:55.486+0000] {spark_submit.py:488} INFO - /home/***/.local/lib/python3.12/site-packages/pyspark/bin/load-spark-env.sh: line 68: ps: command not found
[2024-10-02T19:42:00.062+0000] {spark_submit.py:488} INFO - 24/10/02 19:42:00 INFO SparkContext: Running Spark version 3.5.3
[2024-10-02T19:42:00.065+0000] {spark_submit.py:488} INFO - 24/10/02 19:42:00 INFO SparkContext: OS info Linux, 5.15.153.1-microsoft-standard-WSL2, amd64
[2024-10-02T19:42:00.066+0000] {spark_submit.py:488} INFO - 24/10/02 19:42:00 INFO SparkContext: Java version 17.0.12
[2024-10-02T19:42:00.180+0000] {spark_submit.py:488} INFO - 24/10/02 19:42:00 WARN NativeCodeLoader: Unable to load native-hadoop library for your platform... using builtin-java classes where applicable
[2024-10-02T19:42:00.369+0000] {spark_submit.py:488} INFO - 24/10/02 19:42:00 INFO ResourceUtils: ==============================================================
[2024-10-02T19:42:00.372+0000] {spark_submit.py:488} INFO - 24/10/02 19:42:00 INFO ResourceUtils: No custom resources configured for spark.driver.
[2024-10-02T19:42:00.373+0000] {spark_submit.py:488} INFO - 24/10/02 19:42:00 INFO ResourceUtils: ==============================================================
[2024-10-02T19:42:00.374+0000] {spark_submit.py:488} INFO - 24/10/02 19:42:00 INFO SparkContext: Submitted application: PythonWordCount
[2024-10-02T19:42:00.419+0000] {spark_submit.py:488} INFO - 24/10/02 19:42:00 INFO ResourceProfile: Default ResourceProfile created, executor resources: Map(memory -> name: memory, amount: 1024, script: , vendor: , offHeap -> name: offHeap, amount: 0, script: , vendor: ), task resources: Map(cpus -> name: cpus, amount: 1.0)
[2024-10-02T19:42:00.434+0000] {spark_submit.py:488} INFO - 24/10/02 19:42:00 INFO ResourceProfile: Limiting resource is cpu
[2024-10-02T19:42:00.436+0000] {spark_submit.py:488} INFO - 24/10/02 19:42:00 INFO ResourceProfileManager: Added ResourceProfile id: 0
[2024-10-02T19:42:00.540+0000] {spark_submit.py:488} INFO - 24/10/02 19:42:00 INFO SecurityManager: Changing view acls to: ***
[2024-10-02T19:42:00.542+0000] {spark_submit.py:488} INFO - 24/10/02 19:42:00 INFO SecurityManager: Changing modify acls to: ***
[2024-10-02T19:42:00.544+0000] {spark_submit.py:488} INFO - 24/10/02 19:42:00 INFO SecurityManager: Changing view acls groups to:
[2024-10-02T19:42:00.545+0000] {spark_submit.py:488} INFO - 24/10/02 19:42:00 INFO SecurityManager: Changing modify acls groups to:
[2024-10-02T19:42:00.546+0000] {spark_submit.py:488} INFO - 24/10/02 19:42:00 INFO SecurityManager: SecurityManager: authentication disabled; ui acls disabled; users with view permissions: ***; groups with view permissions: EMPTY; users with modify permissions: ***; groups with modify permissions: EMPTY
[2024-10-02T19:42:00.945+0000] {spark_submit.py:488} INFO - 24/10/02 19:42:00 INFO Utils: Successfully started service 'sparkDriver' on port 42527.
[2024-10-02T19:42:00.986+0000] {spark_submit.py:488} INFO - 24/10/02 19:42:00 INFO SparkEnv: Registering MapOutputTracker
[2024-10-02T19:42:01.046+0000] {spark_submit.py:488} INFO - 24/10/02 19:42:01 INFO SparkEnv: Registering BlockManagerMaster
[2024-10-02T19:42:01.089+0000] {spark_submit.py:488} INFO - 24/10/02 19:42:01 INFO BlockManagerMasterEndpoint: Using org.apache.spark.storage.DefaultTopologyMapper for getting topology information
[2024-10-02T19:42:01.091+0000] {spark_submit.py:488} INFO - 24/10/02 19:42:01 INFO BlockManagerMasterEndpoint: BlockManagerMasterEndpoint up
[2024-10-02T19:42:01.096+0000] {spark_submit.py:488} INFO - 24/10/02 19:42:01 INFO SparkEnv: Registering BlockManagerMasterHeartbeat
[2024-10-02T19:42:01.144+0000] {spark_submit.py:488} INFO - 24/10/02 19:42:01 INFO DiskBlockManager: Created local directory at /tmp/blockmgr-c0515c07-961a-470f-8040-4375382436eb
[2024-10-02T19:42:01.175+0000] {spark_submit.py:488} INFO - 24/10/02 19:42:01 INFO MemoryStore: MemoryStore started with capacity 434.4 MiB
[2024-10-02T19:42:01.209+0000] {spark_submit.py:488} INFO - 24/10/02 19:42:01 INFO SparkEnv: Registering OutputCommitCoordinator
[2024-10-02T19:42:01.412+0000] {spark_submit.py:488} INFO - 24/10/02 19:42:01 INFO JettyUtils: Start Jetty 0.0.0.0:4040 for SparkUI
[2024-10-02T19:42:01.491+0000] {spark_submit.py:488} INFO - 24/10/02 19:42:01 INFO Utils: Successfully started service 'SparkUI' on port 4040.
[2024-10-02T19:42:01.770+0000] {spark_submit.py:488} INFO - 24/10/02 19:42:01 INFO StandaloneAppClient$ClientEndpoint: Connecting to master spark://spark-master:7077...
[2024-10-02T19:42:01.870+0000] {spark_submit.py:488} INFO - 24/10/02 19:42:01 INFO TransportClientFactory: Successfully created connection to spark-master/172.20.0.9:7077 after 51 ms (0 ms spent in bootstraps)
[2024-10-02T19:42:02.038+0000] {spark_submit.py:488} INFO - 24/10/02 19:42:02 INFO StandaloneSchedulerBackend: Connected to Spark cluster with app ID app-20241002194202-0012
[2024-10-02T19:42:02.044+0000] {spark_submit.py:488} INFO - 24/10/02 19:42:02 INFO StandaloneAppClient$ClientEndpoint: Executor added: app-20241002194202-0012/0 on worker-20241002185803-172.20.0.10-34453 (172.20.0.10:34453) with 2 core(s)
[2024-10-02T19:42:02.048+0000] {spark_submit.py:488} INFO - 24/10/02 19:42:02 INFO StandaloneSchedulerBackend: Granted executor ID app-20241002194202-0012/0 on hostPort 172.20.0.10:34453 with 2 core(s), 1024.0 MiB RAM
[2024-10-02T19:42:02.057+0000] {spark_submit.py:488} INFO - 24/10/02 19:42:02 INFO Utils: Successfully started service 'org.apache.spark.network.netty.NettyBlockTransferService' on port 44265.
[2024-10-02T19:42:02.058+0000] {spark_submit.py:488} INFO - 24/10/02 19:42:02 INFO NettyBlockTransferService: Server created on 19cd1516b3ca:44265
[2024-10-02T19:42:02.060+0000] {spark_submit.py:488} INFO - 24/10/02 19:42:02 INFO BlockManager: Using org.apache.spark.storage.RandomBlockReplicationPolicy for block replication policy
[2024-10-02T19:42:02.071+0000] {spark_submit.py:488} INFO - 24/10/02 19:42:02 INFO BlockManagerMaster: Registering BlockManager BlockManagerId(driver, 19cd1516b3ca, 44265, None)
[2024-10-02T19:42:02.080+0000] {spark_submit.py:488} INFO - 24/10/02 19:42:02 INFO BlockManagerMasterEndpoint: Registering block manager 19cd1516b3ca:44265 with 434.4 MiB RAM, BlockManagerId(driver, 19cd1516b3ca, 44265, None)
[2024-10-02T19:42:02.081+0000] {spark_submit.py:488} INFO - 24/10/02 19:42:02 INFO BlockManagerMaster: Registered BlockManager BlockManagerId(driver, 19cd1516b3ca, 44265, None)
[2024-10-02T19:42:02.085+0000] {spark_submit.py:488} INFO - 24/10/02 19:42:02 INFO BlockManager: Initialized BlockManager: BlockManagerId(driver, 19cd1516b3ca, 44265, None)
[2024-10-02T19:42:02.160+0000] {spark_submit.py:488} INFO - 24/10/02 19:42:02 INFO StandaloneAppClient$ClientEndpoint: Executor updated: app-20241002194202-0012/0 is now RUNNING
[2024-10-02T19:42:02.653+0000] {spark_submit.py:488} INFO - 24/10/02 19:42:02 INFO StandaloneSchedulerBackend: SchedulerBackend is ready for scheduling beginning after reached minRegisteredResourcesRatio: 0.0
[2024-10-02T19:42:04.187+0000] {spark_submit.py:488} INFO - 24/10/02 19:42:04 INFO SparkContext: Starting job: collect at /opt/***/jobs/wordcountjob.py:12
[2024-10-02T19:42:04.283+0000] {spark_submit.py:488} INFO - 24/10/02 19:42:04 INFO DAGScheduler: Registering RDD 2 (reduceByKey at /opt/***/jobs/wordcountjob.py:10) as input to shuffle 0
[2024-10-02T19:42:04.288+0000] {spark_submit.py:488} INFO - 24/10/02 19:42:04 INFO DAGScheduler: Got job 0 (collect at /opt/***/jobs/wordcountjob.py:12) with 2 output partitions
[2024-10-02T19:42:04.289+0000] {spark_submit.py:488} INFO - 24/10/02 19:42:04 INFO DAGScheduler: Final stage: ResultStage 1 (collect at /opt/***/jobs/wordcountjob.py:12)
[2024-10-02T19:42:04.291+0000] {spark_submit.py:488} INFO - 24/10/02 19:42:04 INFO DAGScheduler: Parents of final stage: List(ShuffleMapStage 0)
[2024-10-02T19:42:04.303+0000] {spark_submit.py:488} INFO - 24/10/02 19:42:04 INFO DAGScheduler: Missing parents: List(ShuffleMapStage 0)
[2024-10-02T19:42:04.321+0000] {spark_submit.py:488} INFO - 24/10/02 19:42:04 INFO DAGScheduler: Submitting ShuffleMapStage 0 (PairwiseRDD[2] at reduceByKey at /opt/***/jobs/wordcountjob.py:10), which has no missing parents
[2024-10-02T19:42:04.482+0000] {spark_submit.py:488} INFO - 24/10/02 19:42:04 INFO MemoryStore: Block broadcast_0 stored as values in memory (estimated size 11.0 KiB, free 434.4 MiB)
[2024-10-02T19:42:04.552+0000] {spark_submit.py:488} INFO - 24/10/02 19:42:04 INFO MemoryStore: Block broadcast_0_piece0 stored as bytes in memory (estimated size 7.0 KiB, free 434.4 MiB)
[2024-10-02T19:42:04.568+0000] {spark_submit.py:488} INFO - 24/10/02 19:42:04 INFO BlockManagerInfo: Added broadcast_0_piece0 in memory on 19cd1516b3ca:44265 (size: 7.0 KiB, free: 434.4 MiB)
[2024-10-02T19:42:04.575+0000] {spark_submit.py:488} INFO - 24/10/02 19:42:04 INFO SparkContext: Created broadcast 0 from broadcast at DAGScheduler.scala:1585
[2024-10-02T19:42:04.614+0000] {spark_submit.py:488} INFO - 24/10/02 19:42:04 INFO DAGScheduler: Submitting 2 missing tasks from ShuffleMapStage 0 (PairwiseRDD[2] at reduceByKey at /opt/***/jobs/wordcountjob.py:10) (first 15 tasks are for partitions Vector(0, 1))
[2024-10-02T19:42:04.617+0000] {spark_submit.py:488} INFO - 24/10/02 19:42:04 INFO TaskSchedulerImpl: Adding task set 0.0 with 2 tasks resource profile 0
[2024-10-02T19:42:07.537+0000] {spark_submit.py:488} INFO - 24/10/02 19:42:07 INFO StandaloneSchedulerBackend$StandaloneDriverEndpoint: Registered executor NettyRpcEndpointRef(spark-client://Executor) (172.20.0.10:40338) with ID 0,  ResourceProfileId 0
[2024-10-02T19:42:07.685+0000] {spark_submit.py:488} INFO - 24/10/02 19:42:07 INFO BlockManagerMasterEndpoint: Registering block manager 172.20.0.10:38519 with 434.4 MiB RAM, BlockManagerId(0, 172.20.0.10, 38519, None)
[2024-10-02T19:42:07.829+0000] {spark_submit.py:488} INFO - 24/10/02 19:42:07 INFO TaskSetManager: Starting task 0.0 in stage 0.0 (TID 0) (172.20.0.10, executor 0, partition 0, PROCESS_LOCAL, 9039 bytes)
[2024-10-02T19:42:07.849+0000] {spark_submit.py:488} INFO - 24/10/02 19:42:07 INFO TaskSetManager: Starting task 1.0 in stage 0.0 (TID 1) (172.20.0.10, executor 0, partition 1, PROCESS_LOCAL, 9072 bytes)
[2024-10-02T19:42:08.352+0000] {spark_submit.py:488} INFO - 24/10/02 19:42:08 INFO BlockManagerInfo: Added broadcast_0_piece0 in memory on 172.20.0.10:38519 (size: 7.0 KiB, free: 434.4 MiB)
[2024-10-02T19:42:10.285+0000] {spark_submit.py:488} INFO - 24/10/02 19:42:10 INFO TaskSetManager: Finished task 0.0 in stage 0.0 (TID 0) in 2491 ms on 172.20.0.10 (executor 0) (1/2)
[2024-10-02T19:42:10.287+0000] {spark_submit.py:488} INFO - 24/10/02 19:42:10 INFO TaskSetManager: Finished task 1.0 in stage 0.0 (TID 1) in 2439 ms on 172.20.0.10 (executor 0) (2/2)
[2024-10-02T19:42:10.288+0000] {spark_submit.py:488} INFO - 24/10/02 19:42:10 INFO TaskSchedulerImpl: Removed TaskSet 0.0, whose tasks have all completed, from pool
[2024-10-02T19:42:10.295+0000] {spark_submit.py:488} INFO - 24/10/02 19:42:10 INFO PythonAccumulatorV2: Connected to AccumulatorServer at host: 127.0.0.1 port: 47521
[2024-10-02T19:42:10.305+0000] {spark_submit.py:488} INFO - 24/10/02 19:42:10 INFO DAGScheduler: ShuffleMapStage 0 (reduceByKey at /opt/***/jobs/wordcountjob.py:10) finished in 5.953 s
[2024-10-02T19:42:10.307+0000] {spark_submit.py:488} INFO - 24/10/02 19:42:10 INFO DAGScheduler: looking for newly runnable stages
[2024-10-02T19:42:10.308+0000] {spark_submit.py:488} INFO - 24/10/02 19:42:10 INFO DAGScheduler: running: Set()
[2024-10-02T19:42:10.309+0000] {spark_submit.py:488} INFO - 24/10/02 19:42:10 INFO DAGScheduler: waiting: Set(ResultStage 1)
[2024-10-02T19:42:10.310+0000] {spark_submit.py:488} INFO - 24/10/02 19:42:10 INFO DAGScheduler: failed: Set()
[2024-10-02T19:42:10.317+0000] {spark_submit.py:488} INFO - 24/10/02 19:42:10 INFO DAGScheduler: Submitting ResultStage 1 (PythonRDD[5] at collect at /opt/***/jobs/wordcountjob.py:12), which has no missing parents
[2024-10-02T19:42:10.338+0000] {spark_submit.py:488} INFO - 24/10/02 19:42:10 INFO MemoryStore: Block broadcast_1 stored as values in memory (estimated size 10.0 KiB, free 434.4 MiB)
[2024-10-02T19:42:10.342+0000] {spark_submit.py:488} INFO - 24/10/02 19:42:10 INFO MemoryStore: Block broadcast_1_piece0 stored as bytes in memory (estimated size 6.0 KiB, free 434.4 MiB)
[2024-10-02T19:42:10.343+0000] {spark_submit.py:488} INFO - 24/10/02 19:42:10 INFO BlockManagerInfo: Added broadcast_1_piece0 in memory on 19cd1516b3ca:44265 (size: 6.0 KiB, free: 434.4 MiB)
[2024-10-02T19:42:10.345+0000] {spark_submit.py:488} INFO - 24/10/02 19:42:10 INFO SparkContext: Created broadcast 1 from broadcast at DAGScheduler.scala:1585
[2024-10-02T19:42:10.349+0000] {spark_submit.py:488} INFO - 24/10/02 19:42:10 INFO DAGScheduler: Submitting 2 missing tasks from ResultStage 1 (PythonRDD[5] at collect at /opt/***/jobs/wordcountjob.py:12) (first 15 tasks are for partitions Vector(0, 1))
[2024-10-02T19:42:10.351+0000] {spark_submit.py:488} INFO - 24/10/02 19:42:10 INFO TaskSchedulerImpl: Adding task set 1.0 with 2 tasks resource profile 0
[2024-10-02T19:42:10.362+0000] {spark_submit.py:488} INFO - 24/10/02 19:42:10 INFO TaskSetManager: Starting task 0.0 in stage 1.0 (TID 2) (172.20.0.10, executor 0, partition 0, NODE_LOCAL, 8821 bytes)
[2024-10-02T19:42:10.363+0000] {spark_submit.py:488} INFO - 24/10/02 19:42:10 INFO TaskSetManager: Starting task 1.0 in stage 1.0 (TID 3) (172.20.0.10, executor 0, partition 1, NODE_LOCAL, 8821 bytes)
[2024-10-02T19:42:10.405+0000] {spark_submit.py:488} INFO - 24/10/02 19:42:10 INFO BlockManagerInfo: Added broadcast_1_piece0 in memory on 172.20.0.10:38519 (size: 6.0 KiB, free: 434.4 MiB)
[2024-10-02T19:42:10.517+0000] {spark_submit.py:488} INFO - 24/10/02 19:42:10 INFO MapOutputTrackerMasterEndpoint: Asked to send map output locations for shuffle 0 to 172.20.0.10:40338
[2024-10-02T19:42:10.994+0000] {spark_submit.py:488} INFO - 24/10/02 19:42:10 INFO TaskSetManager: Finished task 0.0 in stage 1.0 (TID 2) in 636 ms on 172.20.0.10 (executor 0) (1/2)
[2024-10-02T19:42:10.996+0000] {spark_submit.py:488} INFO - 24/10/02 19:42:10 INFO TaskSetManager: Finished task 1.0 in stage 1.0 (TID 3) in 633 ms on 172.20.0.10 (executor 0) (2/2)
[2024-10-02T19:42:10.997+0000] {spark_submit.py:488} INFO - 24/10/02 19:42:10 INFO TaskSchedulerImpl: Removed TaskSet 1.0, whose tasks have all completed, from pool
[2024-10-02T19:42:11.002+0000] {spark_submit.py:488} INFO - 24/10/02 19:42:11 INFO DAGScheduler: ResultStage 1 (collect at /opt/***/jobs/wordcountjob.py:12) finished in 0.666 s
[2024-10-02T19:42:11.007+0000] {spark_submit.py:488} INFO - 24/10/02 19:42:11 INFO DAGScheduler: Job 0 is finished. Cancelling potential speculative or zombie tasks for this job
[2024-10-02T19:42:11.008+0000] {spark_submit.py:488} INFO - 24/10/02 19:42:11 INFO TaskSchedulerImpl: Killing all running tasks in stage 1: Stage finished
[2024-10-02T19:42:11.011+0000] {spark_submit.py:488} INFO - 24/10/02 19:42:11 INFO DAGScheduler: Job 0 finished: collect at /opt/***/jobs/wordcountjob.py:12, took 6.822736 s
[2024-10-02T19:42:11.039+0000] {spark_submit.py:488} INFO - Python: 1
[2024-10-02T19:42:11.040+0000] {spark_submit.py:488} INFO - Airflow: 1
[2024-10-02T19:42:11.040+0000] {spark_submit.py:488} INFO - Docker: 1
[2024-10-02T19:42:11.041+0000] {spark_submit.py:488} INFO - and: 1
[2024-10-02T19:42:11.041+0000] {spark_submit.py:488} INFO - Yusuf: 1
[2024-10-02T19:42:11.042+0000] {spark_submit.py:488} INFO - Hello: 5
[2024-10-02T19:42:11.042+0000] {spark_submit.py:488} INFO - Spark: 1
[2024-10-02T19:42:11.043+0000] {spark_submit.py:488} INFO - 24/10/02 19:42:11 INFO SparkContext: SparkContext is stopping with exitCode 0.
[2024-10-02T19:42:11.056+0000] {spark_submit.py:488} INFO - 24/10/02 19:42:11 INFO SparkUI: Stopped Spark web UI at http://19cd1516b3ca:4040
[2024-10-02T19:42:11.061+0000] {spark_submit.py:488} INFO - 24/10/02 19:42:11 INFO StandaloneSchedulerBackend: Shutting down all executors
[2024-10-02T19:42:11.062+0000] {spark_submit.py:488} INFO - 24/10/02 19:42:11 INFO StandaloneSchedulerBackend$StandaloneDriverEndpoint: Asking each executor to shut down
[2024-10-02T19:42:11.101+0000] {spark_submit.py:488} INFO - 24/10/02 19:42:11 INFO MapOutputTrackerMasterEndpoint: MapOutputTrackerMasterEndpoint stopped!
[2024-10-02T19:42:11.157+0000] {spark_submit.py:488} INFO - 24/10/02 19:42:11 INFO MemoryStore: MemoryStore cleared
[2024-10-02T19:42:11.158+0000] {spark_submit.py:488} INFO - 24/10/02 19:42:11 INFO BlockManager: BlockManager stopped
[2024-10-02T19:42:11.168+0000] {spark_submit.py:488} INFO - 24/10/02 19:42:11 INFO BlockManagerMaster: BlockManagerMaster stopped
[2024-10-02T19:42:11.174+0000] {spark_submit.py:488} INFO - 24/10/02 19:42:11 INFO OutputCommitCoordinator$OutputCommitCoordinatorEndpoint: OutputCommitCoordinator stopped!
[2024-10-02T19:42:11.198+0000] {spark_submit.py:488} INFO - 24/10/02 19:42:11 INFO SparkContext: Successfully stopped SparkContext
[2024-10-02T19:42:12.273+0000] {spark_submit.py:488} INFO - 24/10/02 19:42:12 INFO ShutdownHookManager: Shutdown hook called
[2024-10-02T19:42:12.274+0000] {spark_submit.py:488} INFO - 24/10/02 19:42:12 INFO ShutdownHookManager: Deleting directory /tmp/spark-618b1983-7c6c-4171-b999-971484e549ee
[2024-10-02T19:42:12.279+0000] {spark_submit.py:488} INFO - 24/10/02 19:42:12 INFO ShutdownHookManager: Deleting directory /tmp/spark-37453b8c-312b-4622-aa6a-cac6678c9d9d
[2024-10-02T19:42:12.286+0000] {spark_submit.py:488} INFO - 24/10/02 19:42:12 INFO ShutdownHookManager: Deleting directory /tmp/spark-618b1983-7c6c-4171-b999-971484e549ee/pyspark-506cdbec-8b72-46cb-9587-3c85a61b41d0
[2024-10-02T19:42:12.370+0000] {taskinstance.py:340} INFO - ::group::Post task execution logs
[2024-10-02T19:42:12.371+0000] {taskinstance.py:352} INFO - Marking task as SUCCESS. dag_id=sparking_flow, task_id=wordcount_job, run_id=manual__2024-10-02T19:41:53.153031+00:00, execution_date=20241002T194153, start_date=20241002T194155, end_date=20241002T194212
[2024-10-02T19:42:12.431+0000] {local_task_job_runner.py:266} INFO - Task exited with return code 0
[2024-10-02T19:42:12.487+0000] {taskinstance.py:3900} INFO - 1 downstream tasks scheduled from follow-on schedule check
[2024-10-02T19:42:12.491+0000] {local_task_job_runner.py:245} INFO - ::endgroup::
