[2024-09-25T11:02:59.793+0000] {local_task_job_runner.py:123} INFO - ::group::Pre task execution logs
[2024-09-25T11:02:59.820+0000] {taskinstance.py:2612} INFO - Dependencies all met for dep_context=non-requeueable deps ti=<TaskInstance: etl_pipeline.pipeline.staging.dellstore_db.load.products manual__2024-09-25T11:02:00.229060+00:00 [queued]>
[2024-09-25T11:02:59.834+0000] {taskinstance.py:2612} INFO - Dependencies all met for dep_context=requeueable deps ti=<TaskInstance: etl_pipeline.pipeline.staging.dellstore_db.load.products manual__2024-09-25T11:02:00.229060+00:00 [queued]>
[2024-09-25T11:02:59.835+0000] {taskinstance.py:2865} INFO - Starting attempt 1 of 1
[2024-09-25T11:02:59.854+0000] {taskinstance.py:2888} INFO - Executing <Task(PythonOperator): pipeline.staging.dellstore_db.load.products> on 2024-09-25 11:02:00.229060+00:00
[2024-09-25T11:02:59.864+0000] {warnings.py:112} WARNING - /home/***/.local/lib/python3.12/site-packages/***/task/task_runner/standard_task_runner.py:70: DeprecationWarning: This process (pid=328) is multi-threaded, use of fork() may lead to deadlocks in the child.
  pid = os.fork()

[2024-09-25T11:02:59.865+0000] {standard_task_runner.py:72} INFO - Started process 330 to run task
[2024-09-25T11:02:59.867+0000] {standard_task_runner.py:104} INFO - Running: ['***', 'tasks', 'run', 'etl_pipeline', 'pipeline.staging.dellstore_db.load.products', 'manual__2024-09-25T11:02:00.229060+00:00', '--job-id', '106', '--raw', '--subdir', 'DAGS_FOLDER/etl_pipeline/run.py', '--cfg-path', '/tmp/tmpjactwxzr']
[2024-09-25T11:02:59.871+0000] {standard_task_runner.py:105} INFO - Job 106: Subtask pipeline.staging.dellstore_db.load.products
[2024-09-25T11:02:59.927+0000] {task_command.py:467} INFO - Running <TaskInstance: etl_pipeline.pipeline.staging.dellstore_db.load.products manual__2024-09-25T11:02:00.229060+00:00 [running]> on host e10075799413
[2024-09-25T11:03:00.121+0000] {taskinstance.py:3131} INFO - Exporting env vars: AIRFLOW_CTX_DAG_OWNER='***' AIRFLOW_CTX_DAG_ID='etl_pipeline' AIRFLOW_CTX_TASK_ID='pipeline.staging.dellstore_db.load.products' AIRFLOW_CTX_EXECUTION_DATE='2024-09-25T11:02:00.229060+00:00' AIRFLOW_CTX_TRY_NUMBER='1' AIRFLOW_CTX_DAG_RUN_ID='manual__2024-09-25T11:02:00.229060+00:00'
[2024-09-25T11:03:00.123+0000] {taskinstance.py:731} INFO - ::endgroup::
[2024-09-25T11:03:00.148+0000] {base.py:84} INFO - Retrieving connection 'staging_db'
[2024-09-25T11:03:00.170+0000] {base.py:84} INFO - Retrieving connection 'minio'
[2024-09-25T11:03:03.236+0000] {python.py:240} INFO - Done. Returned value was: None
[2024-09-25T11:03:03.249+0000] {taskinstance.py:340} INFO - ::group::Post task execution logs
[2024-09-25T11:03:03.256+0000] {taskinstance.py:352} INFO - Marking task as SUCCESS. dag_id=etl_pipeline, task_id=pipeline.staging.dellstore_db.load.products, run_id=manual__2024-09-25T11:02:00.229060+00:00, execution_date=20240925T110200, start_date=20240925T110259, end_date=20240925T110303
[2024-09-25T11:03:03.306+0000] {local_task_job_runner.py:266} INFO - Task exited with return code 0
[2024-09-25T11:03:03.361+0000] {taskinstance.py:3900} INFO - 1 downstream tasks scheduled from follow-on schedule check
[2024-09-25T11:03:03.365+0000] {local_task_job_runner.py:245} INFO - ::endgroup::
