[2024-10-03T07:49:52.196+0000] {local_task_job_runner.py:123} INFO - ::group::Pre task execution logs
[2024-10-03T07:49:52.226+0000] {taskinstance.py:2612} INFO - Dependencies all met for dep_context=non-requeueable deps ti=<TaskInstance: etl_pipeline.staging.dellstore_spreadsheet.load scheduled__2024-10-02T00:00:00+00:00 [queued]>
[2024-10-03T07:49:52.240+0000] {taskinstance.py:2612} INFO - Dependencies all met for dep_context=requeueable deps ti=<TaskInstance: etl_pipeline.staging.dellstore_spreadsheet.load scheduled__2024-10-02T00:00:00+00:00 [queued]>
[2024-10-03T07:49:52.241+0000] {taskinstance.py:2865} INFO - Starting attempt 2 of 1
[2024-10-03T07:49:52.261+0000] {taskinstance.py:2888} INFO - Executing <Task(PythonOperator): staging.dellstore_spreadsheet.load> on 2024-10-02 00:00:00+00:00
[2024-10-03T07:49:52.274+0000] {logging_mixin.py:190} WARNING - /home/***/.local/lib/python3.12/site-packages/***/task/task_runner/standard_task_runner.py:70 DeprecationWarning: This process (pid=34044) is multi-threaded, use of fork() may lead to deadlocks in the child.
[2024-10-03T07:49:52.276+0000] {standard_task_runner.py:72} INFO - Started process 34046 to run task
[2024-10-03T07:49:52.274+0000] {standard_task_runner.py:104} INFO - Running: ['***', 'tasks', 'run', 'etl_pipeline', 'staging.dellstore_spreadsheet.load', 'scheduled__2024-10-02T00:00:00+00:00', '--job-id', '13594', '--raw', '--subdir', 'DAGS_FOLDER/etl_pipeline/run.py', '--cfg-path', '/tmp/tmp5repdg93']
[2024-10-03T07:49:52.277+0000] {standard_task_runner.py:105} INFO - Job 13594: Subtask staging.dellstore_spreadsheet.load
[2024-10-03T07:49:52.357+0000] {task_command.py:467} INFO - Running <TaskInstance: etl_pipeline.staging.dellstore_spreadsheet.load scheduled__2024-10-02T00:00:00+00:00 [running]> on host 8c0d519f07a3
[2024-10-03T07:49:52.513+0000] {taskinstance.py:3131} INFO - Exporting env vars: AIRFLOW_CTX_DAG_OWNER='***' AIRFLOW_CTX_DAG_ID='etl_pipeline' AIRFLOW_CTX_TASK_ID='staging.dellstore_spreadsheet.load' AIRFLOW_CTX_EXECUTION_DATE='2024-10-02T00:00:00+00:00' AIRFLOW_CTX_TRY_NUMBER='2' AIRFLOW_CTX_DAG_RUN_ID='scheduled__2024-10-02T00:00:00+00:00'
[2024-10-03T07:49:52.515+0000] {taskinstance.py:731} INFO - ::endgroup::
[2024-10-03T07:49:52.539+0000] {base.py:84} INFO - Retrieving connection 'staging_db'
[2024-10-03T07:49:52.557+0000] {base.py:84} INFO - Retrieving connection 'minio'
[2024-10-03T07:49:54.769+0000] {python.py:240} INFO - Done. Returned value was: None
[2024-10-03T07:49:54.789+0000] {taskinstance.py:340} INFO - ::group::Post task execution logs
[2024-10-03T07:49:54.790+0000] {taskinstance.py:352} INFO - Marking task as SUCCESS. dag_id=etl_pipeline, task_id=staging.dellstore_spreadsheet.load, run_id=scheduled__2024-10-02T00:00:00+00:00, execution_date=20241002T000000, start_date=20241003T074952, end_date=20241003T074954
[2024-10-03T07:49:54.864+0000] {local_task_job_runner.py:266} INFO - Task exited with return code 0
[2024-10-03T07:49:54.899+0000] {taskinstance.py:3900} INFO - 0 downstream tasks scheduled from follow-on schedule check
[2024-10-03T07:49:54.902+0000] {local_task_job_runner.py:245} INFO - ::endgroup::
