[2024-10-02T16:38:49.042+0000] {processor.py:186} INFO - Started process (PID=242) to work on /opt/airflow/dags/profiling_quality_pipeline/run.py
[2024-10-02T16:38:49.047+0000] {processor.py:914} INFO - Processing file /opt/airflow/dags/profiling_quality_pipeline/run.py for tasks to queue
[2024-10-02T16:38:49.052+0000] {logging_mixin.py:190} INFO - [2024-10-02T16:38:49.051+0000] {dagbag.py:588} INFO - Filling up the DagBag from /opt/airflow/dags/profiling_quality_pipeline/run.py
[2024-10-02T16:38:50.417+0000] {processor.py:925} INFO - DAG(s) 'profiling_quality_pipeline' retrieved from /opt/airflow/dags/profiling_quality_pipeline/run.py
[2024-10-02T16:38:50.449+0000] {logging_mixin.py:190} INFO - [2024-10-02T16:38:50.448+0000] {dag.py:3239} INFO - Sync 1 DAGs
[2024-10-02T16:38:50.518+0000] {logging_mixin.py:190} INFO - [2024-10-02T16:38:50.517+0000] {dag.py:4180} INFO - Setting next_dagrun for profiling_quality_pipeline to 2024-10-01 00:00:00+00:00, run_after=2024-10-02 00:00:00+00:00
[2024-10-02T16:38:50.571+0000] {processor.py:208} INFO - Processing /opt/airflow/dags/profiling_quality_pipeline/run.py took 1.552 seconds
[2024-10-02T16:39:59.015+0000] {processor.py:186} INFO - Started process (PID=248) to work on /opt/airflow/dags/profiling_quality_pipeline/run.py
[2024-10-02T16:39:59.029+0000] {processor.py:914} INFO - Processing file /opt/airflow/dags/profiling_quality_pipeline/run.py for tasks to queue
[2024-10-02T16:39:59.046+0000] {logging_mixin.py:190} INFO - [2024-10-02T16:39:59.034+0000] {dagbag.py:588} INFO - Filling up the DagBag from /opt/airflow/dags/profiling_quality_pipeline/run.py
[2024-10-02T16:40:01.289+0000] {processor.py:925} INFO - DAG(s) 'profiling_quality_pipeline' retrieved from /opt/airflow/dags/profiling_quality_pipeline/run.py
[2024-10-02T16:40:01.682+0000] {logging_mixin.py:190} INFO - [2024-10-02T16:40:01.681+0000] {dag.py:3239} INFO - Sync 1 DAGs
[2024-10-02T16:40:01.788+0000] {logging_mixin.py:190} INFO - [2024-10-02T16:40:01.788+0000] {dag.py:4180} INFO - Setting next_dagrun for profiling_quality_pipeline to 2024-10-01 00:00:00+00:00, run_after=2024-10-02 00:00:00+00:00
[2024-10-02T16:40:01.847+0000] {processor.py:208} INFO - Processing /opt/airflow/dags/profiling_quality_pipeline/run.py took 2.882 seconds
[2024-10-02T16:40:32.285+0000] {processor.py:186} INFO - Started process (PID=319) to work on /opt/airflow/dags/profiling_quality_pipeline/run.py
[2024-10-02T16:40:32.294+0000] {processor.py:914} INFO - Processing file /opt/airflow/dags/profiling_quality_pipeline/run.py for tasks to queue
[2024-10-02T16:40:32.301+0000] {logging_mixin.py:190} INFO - [2024-10-02T16:40:32.300+0000] {dagbag.py:588} INFO - Filling up the DagBag from /opt/airflow/dags/profiling_quality_pipeline/run.py
[2024-10-02T16:40:34.084+0000] {processor.py:925} INFO - DAG(s) 'profiling_quality_pipeline' retrieved from /opt/airflow/dags/profiling_quality_pipeline/run.py
[2024-10-02T16:40:34.169+0000] {logging_mixin.py:190} INFO - [2024-10-02T16:40:34.167+0000] {dag.py:3239} INFO - Sync 1 DAGs
[2024-10-02T16:40:34.274+0000] {logging_mixin.py:190} INFO - [2024-10-02T16:40:34.273+0000] {dag.py:4180} INFO - Setting next_dagrun for profiling_quality_pipeline to 2024-10-01 00:00:00+00:00, run_after=2024-10-02 00:00:00+00:00
[2024-10-02T16:40:34.339+0000] {processor.py:208} INFO - Processing /opt/airflow/dags/profiling_quality_pipeline/run.py took 2.076 seconds
[2024-10-02T16:41:04.684+0000] {processor.py:186} INFO - Started process (PID=397) to work on /opt/airflow/dags/profiling_quality_pipeline/run.py
[2024-10-02T16:41:04.807+0000] {processor.py:914} INFO - Processing file /opt/airflow/dags/profiling_quality_pipeline/run.py for tasks to queue
[2024-10-02T16:41:04.818+0000] {logging_mixin.py:190} INFO - [2024-10-02T16:41:04.817+0000] {dagbag.py:588} INFO - Filling up the DagBag from /opt/airflow/dags/profiling_quality_pipeline/run.py
[2024-10-02T16:41:06.285+0000] {processor.py:925} INFO - DAG(s) 'profiling_quality_pipeline' retrieved from /opt/airflow/dags/profiling_quality_pipeline/run.py
[2024-10-02T16:41:06.365+0000] {logging_mixin.py:190} INFO - [2024-10-02T16:41:06.364+0000] {dag.py:3239} INFO - Sync 1 DAGs
[2024-10-02T16:41:06.456+0000] {logging_mixin.py:190} INFO - [2024-10-02T16:41:06.455+0000] {dag.py:4180} INFO - Setting next_dagrun for profiling_quality_pipeline to 2024-10-01 00:00:00+00:00, run_after=2024-10-02 00:00:00+00:00
[2024-10-02T16:41:06.635+0000] {processor.py:208} INFO - Processing /opt/airflow/dags/profiling_quality_pipeline/run.py took 1.978 seconds
[2024-10-02T16:41:37.227+0000] {processor.py:186} INFO - Started process (PID=469) to work on /opt/airflow/dags/profiling_quality_pipeline/run.py
[2024-10-02T16:41:37.230+0000] {processor.py:914} INFO - Processing file /opt/airflow/dags/profiling_quality_pipeline/run.py for tasks to queue
[2024-10-02T16:41:37.236+0000] {logging_mixin.py:190} INFO - [2024-10-02T16:41:37.235+0000] {dagbag.py:588} INFO - Filling up the DagBag from /opt/airflow/dags/profiling_quality_pipeline/run.py
[2024-10-02T16:41:38.649+0000] {processor.py:925} INFO - DAG(s) 'profiling_quality_pipeline' retrieved from /opt/airflow/dags/profiling_quality_pipeline/run.py
[2024-10-02T16:41:38.709+0000] {logging_mixin.py:190} INFO - [2024-10-02T16:41:38.709+0000] {dag.py:3239} INFO - Sync 1 DAGs
[2024-10-02T16:41:38.771+0000] {logging_mixin.py:190} INFO - [2024-10-02T16:41:38.771+0000] {dag.py:4180} INFO - Setting next_dagrun for profiling_quality_pipeline to 2024-10-01 00:00:00+00:00, run_after=2024-10-02 00:00:00+00:00
[2024-10-02T16:41:38.851+0000] {processor.py:208} INFO - Processing /opt/airflow/dags/profiling_quality_pipeline/run.py took 1.637 seconds
[2024-10-02T16:42:09.003+0000] {processor.py:186} INFO - Started process (PID=538) to work on /opt/airflow/dags/profiling_quality_pipeline/run.py
[2024-10-02T16:42:09.008+0000] {processor.py:914} INFO - Processing file /opt/airflow/dags/profiling_quality_pipeline/run.py for tasks to queue
[2024-10-02T16:42:09.015+0000] {logging_mixin.py:190} INFO - [2024-10-02T16:42:09.014+0000] {dagbag.py:588} INFO - Filling up the DagBag from /opt/airflow/dags/profiling_quality_pipeline/run.py
[2024-10-02T16:42:10.594+0000] {processor.py:925} INFO - DAG(s) 'profiling_quality_pipeline' retrieved from /opt/airflow/dags/profiling_quality_pipeline/run.py
[2024-10-02T16:42:10.660+0000] {logging_mixin.py:190} INFO - [2024-10-02T16:42:10.659+0000] {dag.py:3239} INFO - Sync 1 DAGs
[2024-10-02T16:42:10.726+0000] {logging_mixin.py:190} INFO - [2024-10-02T16:42:10.725+0000] {dag.py:4180} INFO - Setting next_dagrun for profiling_quality_pipeline to 2024-10-01 00:00:00+00:00, run_after=2024-10-02 00:00:00+00:00
[2024-10-02T16:42:10.812+0000] {processor.py:208} INFO - Processing /opt/airflow/dags/profiling_quality_pipeline/run.py took 1.826 seconds
[2024-10-02T16:42:40.976+0000] {processor.py:186} INFO - Started process (PID=607) to work on /opt/airflow/dags/profiling_quality_pipeline/run.py
[2024-10-02T16:42:40.978+0000] {processor.py:914} INFO - Processing file /opt/airflow/dags/profiling_quality_pipeline/run.py for tasks to queue
[2024-10-02T16:42:40.983+0000] {logging_mixin.py:190} INFO - [2024-10-02T16:42:40.982+0000] {dagbag.py:588} INFO - Filling up the DagBag from /opt/airflow/dags/profiling_quality_pipeline/run.py
[2024-10-02T16:42:42.403+0000] {processor.py:925} INFO - DAG(s) 'profiling_quality_pipeline' retrieved from /opt/airflow/dags/profiling_quality_pipeline/run.py
[2024-10-02T16:42:42.482+0000] {logging_mixin.py:190} INFO - [2024-10-02T16:42:42.480+0000] {dag.py:3239} INFO - Sync 1 DAGs
[2024-10-02T16:42:42.558+0000] {logging_mixin.py:190} INFO - [2024-10-02T16:42:42.558+0000] {dag.py:4180} INFO - Setting next_dagrun for profiling_quality_pipeline to 2024-10-01 00:00:00+00:00, run_after=2024-10-02 00:00:00+00:00
[2024-10-02T16:42:42.609+0000] {processor.py:208} INFO - Processing /opt/airflow/dags/profiling_quality_pipeline/run.py took 1.648 seconds
[2024-10-02T16:43:13.009+0000] {processor.py:186} INFO - Started process (PID=674) to work on /opt/airflow/dags/profiling_quality_pipeline/run.py
[2024-10-02T16:43:13.023+0000] {processor.py:914} INFO - Processing file /opt/airflow/dags/profiling_quality_pipeline/run.py for tasks to queue
[2024-10-02T16:43:13.031+0000] {logging_mixin.py:190} INFO - [2024-10-02T16:43:13.030+0000] {dagbag.py:588} INFO - Filling up the DagBag from /opt/airflow/dags/profiling_quality_pipeline/run.py
[2024-10-02T16:43:16.515+0000] {processor.py:925} INFO - DAG(s) 'profiling_quality_pipeline' retrieved from /opt/airflow/dags/profiling_quality_pipeline/run.py
[2024-10-02T16:43:16.618+0000] {logging_mixin.py:190} INFO - [2024-10-02T16:43:16.617+0000] {dag.py:3239} INFO - Sync 1 DAGs
[2024-10-02T16:43:16.794+0000] {logging_mixin.py:190} INFO - [2024-10-02T16:43:16.793+0000] {dag.py:4180} INFO - Setting next_dagrun for profiling_quality_pipeline to 2024-10-01 00:00:00+00:00, run_after=2024-10-02 00:00:00+00:00
[2024-10-02T16:43:16.871+0000] {processor.py:208} INFO - Processing /opt/airflow/dags/profiling_quality_pipeline/run.py took 3.887 seconds
[2024-10-02T16:43:47.209+0000] {processor.py:186} INFO - Started process (PID=745) to work on /opt/airflow/dags/profiling_quality_pipeline/run.py
[2024-10-02T16:43:47.221+0000] {processor.py:914} INFO - Processing file /opt/airflow/dags/profiling_quality_pipeline/run.py for tasks to queue
[2024-10-02T16:43:47.225+0000] {logging_mixin.py:190} INFO - [2024-10-02T16:43:47.225+0000] {dagbag.py:588} INFO - Filling up the DagBag from /opt/airflow/dags/profiling_quality_pipeline/run.py
[2024-10-02T16:43:48.837+0000] {processor.py:925} INFO - DAG(s) 'profiling_quality_pipeline' retrieved from /opt/airflow/dags/profiling_quality_pipeline/run.py
[2024-10-02T16:43:48.899+0000] {logging_mixin.py:190} INFO - [2024-10-02T16:43:48.898+0000] {dag.py:3239} INFO - Sync 1 DAGs
[2024-10-02T16:43:48.995+0000] {logging_mixin.py:190} INFO - [2024-10-02T16:43:48.994+0000] {dag.py:4180} INFO - Setting next_dagrun for profiling_quality_pipeline to 2024-10-01 00:00:00+00:00, run_after=2024-10-02 00:00:00+00:00
[2024-10-02T16:43:49.056+0000] {processor.py:208} INFO - Processing /opt/airflow/dags/profiling_quality_pipeline/run.py took 1.864 seconds
[2024-10-02T16:44:20.103+0000] {processor.py:186} INFO - Started process (PID=811) to work on /opt/airflow/dags/profiling_quality_pipeline/run.py
[2024-10-02T16:44:20.116+0000] {processor.py:914} INFO - Processing file /opt/airflow/dags/profiling_quality_pipeline/run.py for tasks to queue
[2024-10-02T16:44:20.123+0000] {logging_mixin.py:190} INFO - [2024-10-02T16:44:20.122+0000] {dagbag.py:588} INFO - Filling up the DagBag from /opt/airflow/dags/profiling_quality_pipeline/run.py
[2024-10-02T16:44:22.725+0000] {processor.py:925} INFO - DAG(s) 'profiling_quality_pipeline' retrieved from /opt/airflow/dags/profiling_quality_pipeline/run.py
[2024-10-02T16:44:22.864+0000] {logging_mixin.py:190} INFO - [2024-10-02T16:44:22.863+0000] {dag.py:3239} INFO - Sync 1 DAGs
[2024-10-02T16:44:23.012+0000] {logging_mixin.py:190} INFO - [2024-10-02T16:44:23.011+0000] {dag.py:4180} INFO - Setting next_dagrun for profiling_quality_pipeline to 2024-10-01 00:00:00+00:00, run_after=2024-10-02 00:00:00+00:00
[2024-10-02T16:44:23.090+0000] {processor.py:208} INFO - Processing /opt/airflow/dags/profiling_quality_pipeline/run.py took 3.026 seconds
[2024-10-02T16:44:54.065+0000] {processor.py:186} INFO - Started process (PID=880) to work on /opt/airflow/dags/profiling_quality_pipeline/run.py
[2024-10-02T16:44:54.070+0000] {processor.py:914} INFO - Processing file /opt/airflow/dags/profiling_quality_pipeline/run.py for tasks to queue
[2024-10-02T16:44:54.077+0000] {logging_mixin.py:190} INFO - [2024-10-02T16:44:54.076+0000] {dagbag.py:588} INFO - Filling up the DagBag from /opt/airflow/dags/profiling_quality_pipeline/run.py
[2024-10-02T16:44:56.275+0000] {processor.py:925} INFO - DAG(s) 'profiling_quality_pipeline' retrieved from /opt/airflow/dags/profiling_quality_pipeline/run.py
[2024-10-02T16:44:56.355+0000] {logging_mixin.py:190} INFO - [2024-10-02T16:44:56.354+0000] {dag.py:3239} INFO - Sync 1 DAGs
[2024-10-02T16:44:56.481+0000] {logging_mixin.py:190} INFO - [2024-10-02T16:44:56.480+0000] {dag.py:4180} INFO - Setting next_dagrun for profiling_quality_pipeline to 2024-10-01 00:00:00+00:00, run_after=2024-10-02 00:00:00+00:00
[2024-10-02T16:44:56.539+0000] {processor.py:208} INFO - Processing /opt/airflow/dags/profiling_quality_pipeline/run.py took 2.557 seconds
[2024-10-02T16:45:27.718+0000] {processor.py:186} INFO - Started process (PID=950) to work on /opt/airflow/dags/profiling_quality_pipeline/run.py
[2024-10-02T16:45:27.721+0000] {processor.py:914} INFO - Processing file /opt/airflow/dags/profiling_quality_pipeline/run.py for tasks to queue
[2024-10-02T16:45:27.727+0000] {logging_mixin.py:190} INFO - [2024-10-02T16:45:27.726+0000] {dagbag.py:588} INFO - Filling up the DagBag from /opt/airflow/dags/profiling_quality_pipeline/run.py
[2024-10-02T16:45:29.868+0000] {processor.py:925} INFO - DAG(s) 'profiling_quality_pipeline' retrieved from /opt/airflow/dags/profiling_quality_pipeline/run.py
[2024-10-02T16:45:30.014+0000] {logging_mixin.py:190} INFO - [2024-10-02T16:45:30.012+0000] {dag.py:3239} INFO - Sync 1 DAGs
[2024-10-02T16:45:30.147+0000] {logging_mixin.py:190} INFO - [2024-10-02T16:45:30.146+0000] {dag.py:4180} INFO - Setting next_dagrun for profiling_quality_pipeline to 2024-10-01 00:00:00+00:00, run_after=2024-10-02 00:00:00+00:00
[2024-10-02T16:45:30.240+0000] {processor.py:208} INFO - Processing /opt/airflow/dags/profiling_quality_pipeline/run.py took 2.544 seconds
[2024-10-02T16:46:00.929+0000] {processor.py:186} INFO - Started process (PID=1021) to work on /opt/airflow/dags/profiling_quality_pipeline/run.py
[2024-10-02T16:46:00.932+0000] {processor.py:914} INFO - Processing file /opt/airflow/dags/profiling_quality_pipeline/run.py for tasks to queue
[2024-10-02T16:46:00.939+0000] {logging_mixin.py:190} INFO - [2024-10-02T16:46:00.938+0000] {dagbag.py:588} INFO - Filling up the DagBag from /opt/airflow/dags/profiling_quality_pipeline/run.py
[2024-10-02T16:46:02.709+0000] {processor.py:925} INFO - DAG(s) 'profiling_quality_pipeline' retrieved from /opt/airflow/dags/profiling_quality_pipeline/run.py
[2024-10-02T16:46:02.780+0000] {logging_mixin.py:190} INFO - [2024-10-02T16:46:02.779+0000] {dag.py:3239} INFO - Sync 1 DAGs
[2024-10-02T16:46:02.854+0000] {logging_mixin.py:190} INFO - [2024-10-02T16:46:02.853+0000] {dag.py:4180} INFO - Setting next_dagrun for profiling_quality_pipeline to 2024-10-01 00:00:00+00:00, run_after=2024-10-02 00:00:00+00:00
[2024-10-02T16:46:02.906+0000] {processor.py:208} INFO - Processing /opt/airflow/dags/profiling_quality_pipeline/run.py took 1.998 seconds
[2024-10-02T16:46:34.121+0000] {processor.py:186} INFO - Started process (PID=1088) to work on /opt/airflow/dags/profiling_quality_pipeline/run.py
[2024-10-02T16:46:34.129+0000] {processor.py:914} INFO - Processing file /opt/airflow/dags/profiling_quality_pipeline/run.py for tasks to queue
[2024-10-02T16:46:34.139+0000] {logging_mixin.py:190} INFO - [2024-10-02T16:46:34.138+0000] {dagbag.py:588} INFO - Filling up the DagBag from /opt/airflow/dags/profiling_quality_pipeline/run.py
[2024-10-02T16:46:37.129+0000] {processor.py:925} INFO - DAG(s) 'profiling_quality_pipeline' retrieved from /opt/airflow/dags/profiling_quality_pipeline/run.py
[2024-10-02T16:46:37.255+0000] {logging_mixin.py:190} INFO - [2024-10-02T16:46:37.254+0000] {dag.py:3239} INFO - Sync 1 DAGs
[2024-10-02T16:46:37.387+0000] {logging_mixin.py:190} INFO - [2024-10-02T16:46:37.386+0000] {dag.py:4180} INFO - Setting next_dagrun for profiling_quality_pipeline to 2024-10-01 00:00:00+00:00, run_after=2024-10-02 00:00:00+00:00
[2024-10-02T16:46:37.463+0000] {processor.py:208} INFO - Processing /opt/airflow/dags/profiling_quality_pipeline/run.py took 3.383 seconds
[2024-10-02T16:47:08.242+0000] {processor.py:186} INFO - Started process (PID=1157) to work on /opt/airflow/dags/profiling_quality_pipeline/run.py
[2024-10-02T16:47:08.246+0000] {processor.py:914} INFO - Processing file /opt/airflow/dags/profiling_quality_pipeline/run.py for tasks to queue
[2024-10-02T16:47:08.258+0000] {logging_mixin.py:190} INFO - [2024-10-02T16:47:08.257+0000] {dagbag.py:588} INFO - Filling up the DagBag from /opt/airflow/dags/profiling_quality_pipeline/run.py
[2024-10-02T16:47:10.963+0000] {processor.py:925} INFO - DAG(s) 'profiling_quality_pipeline' retrieved from /opt/airflow/dags/profiling_quality_pipeline/run.py
[2024-10-02T16:47:11.099+0000] {logging_mixin.py:190} INFO - [2024-10-02T16:47:11.098+0000] {dag.py:3239} INFO - Sync 1 DAGs
[2024-10-02T16:47:11.219+0000] {logging_mixin.py:190} INFO - [2024-10-02T16:47:11.218+0000] {dag.py:4180} INFO - Setting next_dagrun for profiling_quality_pipeline to 2024-10-01 00:00:00+00:00, run_after=2024-10-02 00:00:00+00:00
[2024-10-02T16:47:11.304+0000] {processor.py:208} INFO - Processing /opt/airflow/dags/profiling_quality_pipeline/run.py took 3.087 seconds
[2024-10-02T16:47:41.846+0000] {processor.py:186} INFO - Started process (PID=1226) to work on /opt/airflow/dags/profiling_quality_pipeline/run.py
[2024-10-02T16:47:41.850+0000] {processor.py:914} INFO - Processing file /opt/airflow/dags/profiling_quality_pipeline/run.py for tasks to queue
[2024-10-02T16:47:41.857+0000] {logging_mixin.py:190} INFO - [2024-10-02T16:47:41.856+0000] {dagbag.py:588} INFO - Filling up the DagBag from /opt/airflow/dags/profiling_quality_pipeline/run.py
[2024-10-02T16:47:43.975+0000] {processor.py:925} INFO - DAG(s) 'profiling_quality_pipeline' retrieved from /opt/airflow/dags/profiling_quality_pipeline/run.py
[2024-10-02T16:47:44.102+0000] {logging_mixin.py:190} INFO - [2024-10-02T16:47:44.096+0000] {dag.py:3239} INFO - Sync 1 DAGs
[2024-10-02T16:47:44.229+0000] {logging_mixin.py:190} INFO - [2024-10-02T16:47:44.228+0000] {dag.py:4180} INFO - Setting next_dagrun for profiling_quality_pipeline to 2024-10-01 00:00:00+00:00, run_after=2024-10-02 00:00:00+00:00
[2024-10-02T16:47:44.297+0000] {processor.py:208} INFO - Processing /opt/airflow/dags/profiling_quality_pipeline/run.py took 2.481 seconds
[2024-10-02T16:48:15.387+0000] {processor.py:186} INFO - Started process (PID=1294) to work on /opt/airflow/dags/profiling_quality_pipeline/run.py
[2024-10-02T16:48:15.392+0000] {processor.py:914} INFO - Processing file /opt/airflow/dags/profiling_quality_pipeline/run.py for tasks to queue
[2024-10-02T16:48:15.399+0000] {logging_mixin.py:190} INFO - [2024-10-02T16:48:15.398+0000] {dagbag.py:588} INFO - Filling up the DagBag from /opt/airflow/dags/profiling_quality_pipeline/run.py
[2024-10-02T16:48:17.448+0000] {processor.py:925} INFO - DAG(s) 'profiling_quality_pipeline' retrieved from /opt/airflow/dags/profiling_quality_pipeline/run.py
[2024-10-02T16:48:17.552+0000] {logging_mixin.py:190} INFO - [2024-10-02T16:48:17.550+0000] {dag.py:3239} INFO - Sync 1 DAGs
[2024-10-02T16:48:17.651+0000] {logging_mixin.py:190} INFO - [2024-10-02T16:48:17.650+0000] {dag.py:4180} INFO - Setting next_dagrun for profiling_quality_pipeline to 2024-10-01 00:00:00+00:00, run_after=2024-10-02 00:00:00+00:00
[2024-10-02T16:48:17.725+0000] {processor.py:208} INFO - Processing /opt/airflow/dags/profiling_quality_pipeline/run.py took 2.364 seconds
[2024-10-02T16:48:47.976+0000] {processor.py:186} INFO - Started process (PID=1360) to work on /opt/airflow/dags/profiling_quality_pipeline/run.py
[2024-10-02T16:48:47.989+0000] {processor.py:914} INFO - Processing file /opt/airflow/dags/profiling_quality_pipeline/run.py for tasks to queue
[2024-10-02T16:48:47.996+0000] {logging_mixin.py:190} INFO - [2024-10-02T16:48:47.995+0000] {dagbag.py:588} INFO - Filling up the DagBag from /opt/airflow/dags/profiling_quality_pipeline/run.py
[2024-10-02T16:48:49.864+0000] {processor.py:925} INFO - DAG(s) 'profiling_quality_pipeline' retrieved from /opt/airflow/dags/profiling_quality_pipeline/run.py
[2024-10-02T16:48:49.952+0000] {logging_mixin.py:190} INFO - [2024-10-02T16:48:49.951+0000] {dag.py:3239} INFO - Sync 1 DAGs
[2024-10-02T16:48:50.060+0000] {logging_mixin.py:190} INFO - [2024-10-02T16:48:50.059+0000] {dag.py:4180} INFO - Setting next_dagrun for profiling_quality_pipeline to 2024-10-01 00:00:00+00:00, run_after=2024-10-02 00:00:00+00:00
[2024-10-02T16:48:50.135+0000] {processor.py:208} INFO - Processing /opt/airflow/dags/profiling_quality_pipeline/run.py took 2.184 seconds
[2024-10-02T16:49:20.430+0000] {processor.py:186} INFO - Started process (PID=1434) to work on /opt/airflow/dags/profiling_quality_pipeline/run.py
[2024-10-02T16:49:20.433+0000] {processor.py:914} INFO - Processing file /opt/airflow/dags/profiling_quality_pipeline/run.py for tasks to queue
[2024-10-02T16:49:20.445+0000] {logging_mixin.py:190} INFO - [2024-10-02T16:49:20.444+0000] {dagbag.py:588} INFO - Filling up the DagBag from /opt/airflow/dags/profiling_quality_pipeline/run.py
[2024-10-02T16:49:22.608+0000] {processor.py:925} INFO - DAG(s) 'profiling_quality_pipeline' retrieved from /opt/airflow/dags/profiling_quality_pipeline/run.py
[2024-10-02T16:49:22.721+0000] {logging_mixin.py:190} INFO - [2024-10-02T16:49:22.719+0000] {dag.py:3239} INFO - Sync 1 DAGs
[2024-10-02T16:49:22.832+0000] {logging_mixin.py:190} INFO - [2024-10-02T16:49:22.828+0000] {dag.py:4180} INFO - Setting next_dagrun for profiling_quality_pipeline to 2024-10-01 00:00:00+00:00, run_after=2024-10-02 00:00:00+00:00
[2024-10-02T16:49:22.901+0000] {processor.py:208} INFO - Processing /opt/airflow/dags/profiling_quality_pipeline/run.py took 2.495 seconds
[2024-10-02T16:49:53.587+0000] {processor.py:186} INFO - Started process (PID=1511) to work on /opt/airflow/dags/profiling_quality_pipeline/run.py
[2024-10-02T16:49:53.591+0000] {processor.py:914} INFO - Processing file /opt/airflow/dags/profiling_quality_pipeline/run.py for tasks to queue
[2024-10-02T16:49:53.598+0000] {logging_mixin.py:190} INFO - [2024-10-02T16:49:53.597+0000] {dagbag.py:588} INFO - Filling up the DagBag from /opt/airflow/dags/profiling_quality_pipeline/run.py
[2024-10-02T16:49:55.663+0000] {processor.py:925} INFO - DAG(s) 'profiling_quality_pipeline' retrieved from /opt/airflow/dags/profiling_quality_pipeline/run.py
[2024-10-02T16:49:55.742+0000] {logging_mixin.py:190} INFO - [2024-10-02T16:49:55.740+0000] {dag.py:3239} INFO - Sync 1 DAGs
[2024-10-02T16:49:55.843+0000] {logging_mixin.py:190} INFO - [2024-10-02T16:49:55.842+0000] {dag.py:4180} INFO - Setting next_dagrun for profiling_quality_pipeline to 2024-10-01 00:00:00+00:00, run_after=2024-10-02 00:00:00+00:00
[2024-10-02T16:49:55.906+0000] {processor.py:208} INFO - Processing /opt/airflow/dags/profiling_quality_pipeline/run.py took 2.347 seconds
[2024-10-02T16:50:26.008+0000] {processor.py:186} INFO - Started process (PID=1582) to work on /opt/airflow/dags/profiling_quality_pipeline/run.py
[2024-10-02T16:50:26.021+0000] {processor.py:914} INFO - Processing file /opt/airflow/dags/profiling_quality_pipeline/run.py for tasks to queue
[2024-10-02T16:50:26.028+0000] {logging_mixin.py:190} INFO - [2024-10-02T16:50:26.027+0000] {dagbag.py:588} INFO - Filling up the DagBag from /opt/airflow/dags/profiling_quality_pipeline/run.py
[2024-10-02T16:50:27.613+0000] {processor.py:925} INFO - DAG(s) 'profiling_quality_pipeline' retrieved from /opt/airflow/dags/profiling_quality_pipeline/run.py
[2024-10-02T16:50:27.697+0000] {logging_mixin.py:190} INFO - [2024-10-02T16:50:27.696+0000] {dag.py:3239} INFO - Sync 1 DAGs
[2024-10-02T16:50:27.801+0000] {logging_mixin.py:190} INFO - [2024-10-02T16:50:27.800+0000] {dag.py:4180} INFO - Setting next_dagrun for profiling_quality_pipeline to 2024-10-01 00:00:00+00:00, run_after=2024-10-02 00:00:00+00:00
[2024-10-02T16:50:27.867+0000] {processor.py:208} INFO - Processing /opt/airflow/dags/profiling_quality_pipeline/run.py took 1.880 seconds
[2024-10-02T16:50:58.088+0000] {processor.py:186} INFO - Started process (PID=1651) to work on /opt/airflow/dags/profiling_quality_pipeline/run.py
[2024-10-02T16:50:58.091+0000] {processor.py:914} INFO - Processing file /opt/airflow/dags/profiling_quality_pipeline/run.py for tasks to queue
[2024-10-02T16:50:58.097+0000] {logging_mixin.py:190} INFO - [2024-10-02T16:50:58.096+0000] {dagbag.py:588} INFO - Filling up the DagBag from /opt/airflow/dags/profiling_quality_pipeline/run.py
[2024-10-02T16:50:59.466+0000] {processor.py:925} INFO - DAG(s) 'profiling_quality_pipeline' retrieved from /opt/airflow/dags/profiling_quality_pipeline/run.py
[2024-10-02T16:50:59.544+0000] {logging_mixin.py:190} INFO - [2024-10-02T16:50:59.543+0000] {dag.py:3239} INFO - Sync 1 DAGs
[2024-10-02T16:50:59.647+0000] {logging_mixin.py:190} INFO - [2024-10-02T16:50:59.646+0000] {dag.py:4180} INFO - Setting next_dagrun for profiling_quality_pipeline to 2024-10-01 00:00:00+00:00, run_after=2024-10-02 00:00:00+00:00
[2024-10-02T16:50:59.706+0000] {processor.py:208} INFO - Processing /opt/airflow/dags/profiling_quality_pipeline/run.py took 1.636 seconds
[2024-10-02T16:51:29.887+0000] {processor.py:186} INFO - Started process (PID=1720) to work on /opt/airflow/dags/profiling_quality_pipeline/run.py
[2024-10-02T16:51:29.891+0000] {processor.py:914} INFO - Processing file /opt/airflow/dags/profiling_quality_pipeline/run.py for tasks to queue
[2024-10-02T16:51:29.898+0000] {logging_mixin.py:190} INFO - [2024-10-02T16:51:29.897+0000] {dagbag.py:588} INFO - Filling up the DagBag from /opt/airflow/dags/profiling_quality_pipeline/run.py
[2024-10-02T16:51:31.281+0000] {processor.py:925} INFO - DAG(s) 'profiling_quality_pipeline' retrieved from /opt/airflow/dags/profiling_quality_pipeline/run.py
[2024-10-02T16:51:31.348+0000] {logging_mixin.py:190} INFO - [2024-10-02T16:51:31.347+0000] {dag.py:3239} INFO - Sync 1 DAGs
[2024-10-02T16:51:31.420+0000] {logging_mixin.py:190} INFO - [2024-10-02T16:51:31.419+0000] {dag.py:4180} INFO - Setting next_dagrun for profiling_quality_pipeline to 2024-10-01 00:00:00+00:00, run_after=2024-10-02 00:00:00+00:00
[2024-10-02T16:51:31.477+0000] {processor.py:208} INFO - Processing /opt/airflow/dags/profiling_quality_pipeline/run.py took 1.613 seconds
[2024-10-02T16:52:01.917+0000] {processor.py:186} INFO - Started process (PID=1789) to work on /opt/airflow/dags/profiling_quality_pipeline/run.py
[2024-10-02T16:52:01.921+0000] {processor.py:914} INFO - Processing file /opt/airflow/dags/profiling_quality_pipeline/run.py for tasks to queue
[2024-10-02T16:52:01.939+0000] {logging_mixin.py:190} INFO - [2024-10-02T16:52:01.931+0000] {dagbag.py:588} INFO - Filling up the DagBag from /opt/airflow/dags/profiling_quality_pipeline/run.py
[2024-10-02T16:52:04.314+0000] {processor.py:925} INFO - DAG(s) 'profiling_quality_pipeline' retrieved from /opt/airflow/dags/profiling_quality_pipeline/run.py
[2024-10-02T16:52:04.427+0000] {logging_mixin.py:190} INFO - [2024-10-02T16:52:04.425+0000] {dag.py:3239} INFO - Sync 1 DAGs
[2024-10-02T16:52:04.536+0000] {logging_mixin.py:190} INFO - [2024-10-02T16:52:04.535+0000] {dag.py:4180} INFO - Setting next_dagrun for profiling_quality_pipeline to 2024-10-01 00:00:00+00:00, run_after=2024-10-02 00:00:00+00:00
[2024-10-02T16:52:04.614+0000] {processor.py:208} INFO - Processing /opt/airflow/dags/profiling_quality_pipeline/run.py took 2.732 seconds
[2024-10-02T16:52:35.032+0000] {processor.py:186} INFO - Started process (PID=1858) to work on /opt/airflow/dags/profiling_quality_pipeline/run.py
[2024-10-02T16:52:35.045+0000] {processor.py:914} INFO - Processing file /opt/airflow/dags/profiling_quality_pipeline/run.py for tasks to queue
[2024-10-02T16:52:35.052+0000] {logging_mixin.py:190} INFO - [2024-10-02T16:52:35.051+0000] {dagbag.py:588} INFO - Filling up the DagBag from /opt/airflow/dags/profiling_quality_pipeline/run.py
[2024-10-02T16:52:36.997+0000] {processor.py:925} INFO - DAG(s) 'profiling_quality_pipeline' retrieved from /opt/airflow/dags/profiling_quality_pipeline/run.py
[2024-10-02T16:52:37.087+0000] {logging_mixin.py:190} INFO - [2024-10-02T16:52:37.085+0000] {dag.py:3239} INFO - Sync 1 DAGs
[2024-10-02T16:52:37.170+0000] {logging_mixin.py:190} INFO - [2024-10-02T16:52:37.168+0000] {dag.py:4180} INFO - Setting next_dagrun for profiling_quality_pipeline to 2024-10-01 00:00:00+00:00, run_after=2024-10-02 00:00:00+00:00
[2024-10-02T16:52:37.234+0000] {processor.py:208} INFO - Processing /opt/airflow/dags/profiling_quality_pipeline/run.py took 2.227 seconds
[2024-10-02T16:53:07.443+0000] {processor.py:186} INFO - Started process (PID=1927) to work on /opt/airflow/dags/profiling_quality_pipeline/run.py
[2024-10-02T16:53:07.457+0000] {processor.py:914} INFO - Processing file /opt/airflow/dags/profiling_quality_pipeline/run.py for tasks to queue
[2024-10-02T16:53:07.466+0000] {logging_mixin.py:190} INFO - [2024-10-02T16:53:07.465+0000] {dagbag.py:588} INFO - Filling up the DagBag from /opt/airflow/dags/profiling_quality_pipeline/run.py
[2024-10-02T16:53:09.357+0000] {processor.py:925} INFO - DAG(s) 'profiling_quality_pipeline' retrieved from /opt/airflow/dags/profiling_quality_pipeline/run.py
[2024-10-02T16:53:09.437+0000] {logging_mixin.py:190} INFO - [2024-10-02T16:53:09.436+0000] {dag.py:3239} INFO - Sync 1 DAGs
[2024-10-02T16:53:09.526+0000] {logging_mixin.py:190} INFO - [2024-10-02T16:53:09.525+0000] {dag.py:4180} INFO - Setting next_dagrun for profiling_quality_pipeline to 2024-10-01 00:00:00+00:00, run_after=2024-10-02 00:00:00+00:00
[2024-10-02T16:53:09.603+0000] {processor.py:208} INFO - Processing /opt/airflow/dags/profiling_quality_pipeline/run.py took 2.184 seconds
[2024-10-02T16:53:39.883+0000] {processor.py:186} INFO - Started process (PID=1996) to work on /opt/airflow/dags/profiling_quality_pipeline/run.py
[2024-10-02T16:53:39.896+0000] {processor.py:914} INFO - Processing file /opt/airflow/dags/profiling_quality_pipeline/run.py for tasks to queue
[2024-10-02T16:53:39.902+0000] {logging_mixin.py:190} INFO - [2024-10-02T16:53:39.901+0000] {dagbag.py:588} INFO - Filling up the DagBag from /opt/airflow/dags/profiling_quality_pipeline/run.py
[2024-10-02T16:53:41.801+0000] {processor.py:925} INFO - DAG(s) 'profiling_quality_pipeline' retrieved from /opt/airflow/dags/profiling_quality_pipeline/run.py
[2024-10-02T16:53:41.897+0000] {logging_mixin.py:190} INFO - [2024-10-02T16:53:41.895+0000] {dag.py:3239} INFO - Sync 1 DAGs
[2024-10-02T16:53:42.004+0000] {logging_mixin.py:190} INFO - [2024-10-02T16:53:42.003+0000] {dag.py:4180} INFO - Setting next_dagrun for profiling_quality_pipeline to 2024-10-01 00:00:00+00:00, run_after=2024-10-02 00:00:00+00:00
[2024-10-02T16:53:42.068+0000] {processor.py:208} INFO - Processing /opt/airflow/dags/profiling_quality_pipeline/run.py took 2.209 seconds
[2024-10-02T16:54:12.354+0000] {processor.py:186} INFO - Started process (PID=2065) to work on /opt/airflow/dags/profiling_quality_pipeline/run.py
[2024-10-02T16:54:12.368+0000] {processor.py:914} INFO - Processing file /opt/airflow/dags/profiling_quality_pipeline/run.py for tasks to queue
[2024-10-02T16:54:12.375+0000] {logging_mixin.py:190} INFO - [2024-10-02T16:54:12.374+0000] {dagbag.py:588} INFO - Filling up the DagBag from /opt/airflow/dags/profiling_quality_pipeline/run.py
[2024-10-02T16:54:14.265+0000] {processor.py:925} INFO - DAG(s) 'profiling_quality_pipeline' retrieved from /opt/airflow/dags/profiling_quality_pipeline/run.py
[2024-10-02T16:54:14.381+0000] {logging_mixin.py:190} INFO - [2024-10-02T16:54:14.378+0000] {dag.py:3239} INFO - Sync 1 DAGs
[2024-10-02T16:54:14.488+0000] {logging_mixin.py:190} INFO - [2024-10-02T16:54:14.488+0000] {dag.py:4180} INFO - Setting next_dagrun for profiling_quality_pipeline to 2024-10-01 00:00:00+00:00, run_after=2024-10-02 00:00:00+00:00
[2024-10-02T16:54:14.556+0000] {processor.py:208} INFO - Processing /opt/airflow/dags/profiling_quality_pipeline/run.py took 2.232 seconds
[2024-10-02T16:54:45.216+0000] {processor.py:186} INFO - Started process (PID=2134) to work on /opt/airflow/dags/profiling_quality_pipeline/run.py
[2024-10-02T16:54:45.219+0000] {processor.py:914} INFO - Processing file /opt/airflow/dags/profiling_quality_pipeline/run.py for tasks to queue
[2024-10-02T16:54:45.225+0000] {logging_mixin.py:190} INFO - [2024-10-02T16:54:45.224+0000] {dagbag.py:588} INFO - Filling up the DagBag from /opt/airflow/dags/profiling_quality_pipeline/run.py
[2024-10-02T16:54:46.670+0000] {processor.py:925} INFO - DAG(s) 'profiling_quality_pipeline' retrieved from /opt/airflow/dags/profiling_quality_pipeline/run.py
[2024-10-02T16:54:46.739+0000] {logging_mixin.py:190} INFO - [2024-10-02T16:54:46.738+0000] {dag.py:3239} INFO - Sync 1 DAGs
[2024-10-02T16:54:46.815+0000] {logging_mixin.py:190} INFO - [2024-10-02T16:54:46.814+0000] {dag.py:4180} INFO - Setting next_dagrun for profiling_quality_pipeline to 2024-10-01 00:00:00+00:00, run_after=2024-10-02 00:00:00+00:00
[2024-10-02T16:54:46.866+0000] {processor.py:208} INFO - Processing /opt/airflow/dags/profiling_quality_pipeline/run.py took 1.668 seconds
[2024-10-02T16:55:17.727+0000] {processor.py:186} INFO - Started process (PID=2203) to work on /opt/airflow/dags/profiling_quality_pipeline/run.py
[2024-10-02T16:55:17.733+0000] {processor.py:914} INFO - Processing file /opt/airflow/dags/profiling_quality_pipeline/run.py for tasks to queue
[2024-10-02T16:55:17.749+0000] {logging_mixin.py:190} INFO - [2024-10-02T16:55:17.748+0000] {dagbag.py:588} INFO - Filling up the DagBag from /opt/airflow/dags/profiling_quality_pipeline/run.py
[2024-10-02T16:55:20.233+0000] {processor.py:925} INFO - DAG(s) 'profiling_quality_pipeline' retrieved from /opt/airflow/dags/profiling_quality_pipeline/run.py
[2024-10-02T16:55:20.328+0000] {logging_mixin.py:190} INFO - [2024-10-02T16:55:20.327+0000] {dag.py:3239} INFO - Sync 1 DAGs
[2024-10-02T16:55:20.426+0000] {logging_mixin.py:190} INFO - [2024-10-02T16:55:20.425+0000] {dag.py:4180} INFO - Setting next_dagrun for profiling_quality_pipeline to 2024-10-01 00:00:00+00:00, run_after=2024-10-02 00:00:00+00:00
[2024-10-02T16:55:20.510+0000] {processor.py:208} INFO - Processing /opt/airflow/dags/profiling_quality_pipeline/run.py took 2.812 seconds
[2024-10-02T16:55:50.833+0000] {processor.py:186} INFO - Started process (PID=2335) to work on /opt/airflow/dags/profiling_quality_pipeline/run.py
[2024-10-02T16:55:50.837+0000] {processor.py:914} INFO - Processing file /opt/airflow/dags/profiling_quality_pipeline/run.py for tasks to queue
[2024-10-02T16:55:50.848+0000] {logging_mixin.py:190} INFO - [2024-10-02T16:55:50.845+0000] {dagbag.py:588} INFO - Filling up the DagBag from /opt/airflow/dags/profiling_quality_pipeline/run.py
[2024-10-02T16:55:53.820+0000] {processor.py:925} INFO - DAG(s) 'profiling_quality_pipeline' retrieved from /opt/airflow/dags/profiling_quality_pipeline/run.py
[2024-10-02T16:55:54.117+0000] {logging_mixin.py:190} INFO - [2024-10-02T16:55:54.113+0000] {dag.py:3239} INFO - Sync 1 DAGs
[2024-10-02T16:55:54.391+0000] {logging_mixin.py:190} INFO - [2024-10-02T16:55:54.389+0000] {dag.py:4180} INFO - Setting next_dagrun for profiling_quality_pipeline to 2024-10-01 00:00:00+00:00, run_after=2024-10-02 00:00:00+00:00
[2024-10-02T16:55:54.662+0000] {processor.py:208} INFO - Processing /opt/airflow/dags/profiling_quality_pipeline/run.py took 3.858 seconds
[2024-10-02T16:56:25.306+0000] {processor.py:186} INFO - Started process (PID=2631) to work on /opt/airflow/dags/profiling_quality_pipeline/run.py
[2024-10-02T16:56:25.308+0000] {processor.py:914} INFO - Processing file /opt/airflow/dags/profiling_quality_pipeline/run.py for tasks to queue
[2024-10-02T16:56:25.318+0000] {logging_mixin.py:190} INFO - [2024-10-02T16:56:25.316+0000] {dagbag.py:588} INFO - Filling up the DagBag from /opt/airflow/dags/profiling_quality_pipeline/run.py
[2024-10-02T16:56:26.876+0000] {processor.py:925} INFO - DAG(s) 'profiling_quality_pipeline' retrieved from /opt/airflow/dags/profiling_quality_pipeline/run.py
[2024-10-02T16:56:27.070+0000] {logging_mixin.py:190} INFO - [2024-10-02T16:56:27.069+0000] {dag.py:3239} INFO - Sync 1 DAGs
[2024-10-02T16:56:27.161+0000] {logging_mixin.py:190} INFO - [2024-10-02T16:56:27.161+0000] {dag.py:4180} INFO - Setting next_dagrun for profiling_quality_pipeline to 2024-10-01 00:00:00+00:00, run_after=2024-10-02 00:00:00+00:00
[2024-10-02T16:56:27.210+0000] {processor.py:208} INFO - Processing /opt/airflow/dags/profiling_quality_pipeline/run.py took 1.929 seconds
[2024-10-02T16:56:57.932+0000] {processor.py:186} INFO - Started process (PID=2893) to work on /opt/airflow/dags/profiling_quality_pipeline/run.py
[2024-10-02T16:56:57.948+0000] {processor.py:914} INFO - Processing file /opt/airflow/dags/profiling_quality_pipeline/run.py for tasks to queue
[2024-10-02T16:56:57.960+0000] {logging_mixin.py:190} INFO - [2024-10-02T16:56:57.958+0000] {dagbag.py:588} INFO - Filling up the DagBag from /opt/airflow/dags/profiling_quality_pipeline/run.py
[2024-10-02T16:57:00.080+0000] {processor.py:925} INFO - DAG(s) 'profiling_quality_pipeline' retrieved from /opt/airflow/dags/profiling_quality_pipeline/run.py
[2024-10-02T16:57:00.196+0000] {logging_mixin.py:190} INFO - [2024-10-02T16:57:00.195+0000] {dag.py:3239} INFO - Sync 1 DAGs
[2024-10-02T16:57:00.286+0000] {logging_mixin.py:190} INFO - [2024-10-02T16:57:00.286+0000] {dag.py:4180} INFO - Setting next_dagrun for profiling_quality_pipeline to 2024-10-01 00:00:00+00:00, run_after=2024-10-02 00:00:00+00:00
[2024-10-02T16:57:00.361+0000] {processor.py:208} INFO - Processing /opt/airflow/dags/profiling_quality_pipeline/run.py took 2.471 seconds
[2024-10-02T16:57:30.686+0000] {processor.py:186} INFO - Started process (PID=3203) to work on /opt/airflow/dags/profiling_quality_pipeline/run.py
[2024-10-02T16:57:30.688+0000] {processor.py:914} INFO - Processing file /opt/airflow/dags/profiling_quality_pipeline/run.py for tasks to queue
[2024-10-02T16:57:30.694+0000] {logging_mixin.py:190} INFO - [2024-10-02T16:57:30.693+0000] {dagbag.py:588} INFO - Filling up the DagBag from /opt/airflow/dags/profiling_quality_pipeline/run.py
[2024-10-02T16:57:32.187+0000] {processor.py:925} INFO - DAG(s) 'profiling_quality_pipeline' retrieved from /opt/airflow/dags/profiling_quality_pipeline/run.py
[2024-10-02T16:57:32.257+0000] {logging_mixin.py:190} INFO - [2024-10-02T16:57:32.256+0000] {dag.py:3239} INFO - Sync 1 DAGs
[2024-10-02T16:57:32.329+0000] {logging_mixin.py:190} INFO - [2024-10-02T16:57:32.329+0000] {dag.py:4180} INFO - Setting next_dagrun for profiling_quality_pipeline to 2024-10-01 00:00:00+00:00, run_after=2024-10-02 00:00:00+00:00
[2024-10-02T16:57:32.375+0000] {processor.py:208} INFO - Processing /opt/airflow/dags/profiling_quality_pipeline/run.py took 1.704 seconds
[2024-10-02T16:58:02.921+0000] {processor.py:186} INFO - Started process (PID=3422) to work on /opt/airflow/dags/profiling_quality_pipeline/run.py
[2024-10-02T16:58:02.924+0000] {processor.py:914} INFO - Processing file /opt/airflow/dags/profiling_quality_pipeline/run.py for tasks to queue
[2024-10-02T16:58:02.932+0000] {logging_mixin.py:190} INFO - [2024-10-02T16:58:02.930+0000] {dagbag.py:588} INFO - Filling up the DagBag from /opt/airflow/dags/profiling_quality_pipeline/run.py
[2024-10-02T16:58:05.133+0000] {processor.py:925} INFO - DAG(s) 'profiling_quality_pipeline' retrieved from /opt/airflow/dags/profiling_quality_pipeline/run.py
[2024-10-02T16:58:05.238+0000] {logging_mixin.py:190} INFO - [2024-10-02T16:58:05.237+0000] {dag.py:3239} INFO - Sync 1 DAGs
[2024-10-02T16:58:05.350+0000] {logging_mixin.py:190} INFO - [2024-10-02T16:58:05.350+0000] {dag.py:4180} INFO - Setting next_dagrun for profiling_quality_pipeline to 2024-10-01 00:00:00+00:00, run_after=2024-10-02 00:00:00+00:00
[2024-10-02T16:58:05.427+0000] {processor.py:208} INFO - Processing /opt/airflow/dags/profiling_quality_pipeline/run.py took 2.528 seconds
[2024-10-02T16:58:35.830+0000] {processor.py:186} INFO - Started process (PID=3653) to work on /opt/airflow/dags/profiling_quality_pipeline/run.py
[2024-10-02T16:58:35.846+0000] {processor.py:914} INFO - Processing file /opt/airflow/dags/profiling_quality_pipeline/run.py for tasks to queue
[2024-10-02T16:58:35.853+0000] {logging_mixin.py:190} INFO - [2024-10-02T16:58:35.852+0000] {dagbag.py:588} INFO - Filling up the DagBag from /opt/airflow/dags/profiling_quality_pipeline/run.py
[2024-10-02T16:58:38.304+0000] {processor.py:925} INFO - DAG(s) 'profiling_quality_pipeline' retrieved from /opt/airflow/dags/profiling_quality_pipeline/run.py
[2024-10-02T16:58:38.447+0000] {logging_mixin.py:190} INFO - [2024-10-02T16:58:38.439+0000] {dag.py:3239} INFO - Sync 1 DAGs
[2024-10-02T16:58:38.582+0000] {logging_mixin.py:190} INFO - [2024-10-02T16:58:38.581+0000] {dag.py:4180} INFO - Setting next_dagrun for profiling_quality_pipeline to 2024-10-01 00:00:00+00:00, run_after=2024-10-02 00:00:00+00:00
[2024-10-02T16:58:38.694+0000] {processor.py:208} INFO - Processing /opt/airflow/dags/profiling_quality_pipeline/run.py took 2.890 seconds
[2024-10-02T16:59:09.363+0000] {processor.py:186} INFO - Started process (PID=3986) to work on /opt/airflow/dags/profiling_quality_pipeline/run.py
[2024-10-02T16:59:09.376+0000] {processor.py:914} INFO - Processing file /opt/airflow/dags/profiling_quality_pipeline/run.py for tasks to queue
[2024-10-02T16:59:09.390+0000] {logging_mixin.py:190} INFO - [2024-10-02T16:59:09.387+0000] {dagbag.py:588} INFO - Filling up the DagBag from /opt/airflow/dags/profiling_quality_pipeline/run.py
[2024-10-02T16:59:11.430+0000] {processor.py:925} INFO - DAG(s) 'profiling_quality_pipeline' retrieved from /opt/airflow/dags/profiling_quality_pipeline/run.py
[2024-10-02T16:59:11.530+0000] {logging_mixin.py:190} INFO - [2024-10-02T16:59:11.529+0000] {dag.py:3239} INFO - Sync 1 DAGs
[2024-10-02T16:59:11.689+0000] {logging_mixin.py:190} INFO - [2024-10-02T16:59:11.688+0000] {dag.py:4180} INFO - Setting next_dagrun for profiling_quality_pipeline to 2024-10-01 00:00:00+00:00, run_after=2024-10-02 00:00:00+00:00
[2024-10-02T16:59:11.809+0000] {processor.py:208} INFO - Processing /opt/airflow/dags/profiling_quality_pipeline/run.py took 2.472 seconds
[2024-10-02T16:59:42.653+0000] {processor.py:186} INFO - Started process (PID=4244) to work on /opt/airflow/dags/profiling_quality_pipeline/run.py
[2024-10-02T16:59:42.663+0000] {processor.py:914} INFO - Processing file /opt/airflow/dags/profiling_quality_pipeline/run.py for tasks to queue
[2024-10-02T16:59:42.670+0000] {logging_mixin.py:190} INFO - [2024-10-02T16:59:42.669+0000] {dagbag.py:588} INFO - Filling up the DagBag from /opt/airflow/dags/profiling_quality_pipeline/run.py
[2024-10-02T16:59:46.798+0000] {processor.py:925} INFO - DAG(s) 'profiling_quality_pipeline' retrieved from /opt/airflow/dags/profiling_quality_pipeline/run.py
[2024-10-02T16:59:46.989+0000] {logging_mixin.py:190} INFO - [2024-10-02T16:59:46.978+0000] {dag.py:3239} INFO - Sync 1 DAGs
[2024-10-02T16:59:47.154+0000] {logging_mixin.py:190} INFO - [2024-10-02T16:59:47.154+0000] {dag.py:4180} INFO - Setting next_dagrun for profiling_quality_pipeline to 2024-10-01 00:00:00+00:00, run_after=2024-10-02 00:00:00+00:00
[2024-10-02T16:59:47.271+0000] {processor.py:208} INFO - Processing /opt/airflow/dags/profiling_quality_pipeline/run.py took 4.651 seconds
[2024-10-02T17:00:17.450+0000] {processor.py:186} INFO - Started process (PID=4474) to work on /opt/airflow/dags/profiling_quality_pipeline/run.py
[2024-10-02T17:00:17.454+0000] {processor.py:914} INFO - Processing file /opt/airflow/dags/profiling_quality_pipeline/run.py for tasks to queue
[2024-10-02T17:00:17.467+0000] {logging_mixin.py:190} INFO - [2024-10-02T17:00:17.465+0000] {dagbag.py:588} INFO - Filling up the DagBag from /opt/airflow/dags/profiling_quality_pipeline/run.py
[2024-10-02T17:00:19.388+0000] {processor.py:925} INFO - DAG(s) 'profiling_quality_pipeline' retrieved from /opt/airflow/dags/profiling_quality_pipeline/run.py
[2024-10-02T17:00:19.478+0000] {logging_mixin.py:190} INFO - [2024-10-02T17:00:19.477+0000] {dag.py:3239} INFO - Sync 1 DAGs
[2024-10-02T17:00:19.562+0000] {logging_mixin.py:190} INFO - [2024-10-02T17:00:19.561+0000] {dag.py:4180} INFO - Setting next_dagrun for profiling_quality_pipeline to 2024-10-01 00:00:00+00:00, run_after=2024-10-02 00:00:00+00:00
[2024-10-02T17:00:19.655+0000] {processor.py:208} INFO - Processing /opt/airflow/dags/profiling_quality_pipeline/run.py took 2.231 seconds
[2024-10-02T17:00:50.090+0000] {processor.py:186} INFO - Started process (PID=4633) to work on /opt/airflow/dags/profiling_quality_pipeline/run.py
[2024-10-02T17:00:50.094+0000] {processor.py:914} INFO - Processing file /opt/airflow/dags/profiling_quality_pipeline/run.py for tasks to queue
[2024-10-02T17:00:50.101+0000] {logging_mixin.py:190} INFO - [2024-10-02T17:00:50.100+0000] {dagbag.py:588} INFO - Filling up the DagBag from /opt/airflow/dags/profiling_quality_pipeline/run.py
[2024-10-02T17:00:52.150+0000] {processor.py:925} INFO - DAG(s) 'profiling_quality_pipeline' retrieved from /opt/airflow/dags/profiling_quality_pipeline/run.py
[2024-10-02T17:00:52.225+0000] {logging_mixin.py:190} INFO - [2024-10-02T17:00:52.224+0000] {dag.py:3239} INFO - Sync 1 DAGs
[2024-10-02T17:00:52.316+0000] {logging_mixin.py:190} INFO - [2024-10-02T17:00:52.315+0000] {dag.py:4180} INFO - Setting next_dagrun for profiling_quality_pipeline to 2024-10-01 00:00:00+00:00, run_after=2024-10-02 00:00:00+00:00
[2024-10-02T17:00:52.390+0000] {processor.py:208} INFO - Processing /opt/airflow/dags/profiling_quality_pipeline/run.py took 2.322 seconds
[2024-10-02T17:01:52.601+0000] {processor.py:186} INFO - Started process (PID=5509) to work on /opt/airflow/dags/profiling_quality_pipeline/run.py
[2024-10-02T17:01:52.777+0000] {processor.py:914} INFO - Processing file /opt/airflow/dags/profiling_quality_pipeline/run.py for tasks to queue
[2024-10-02T17:01:53.542+0000] {logging_mixin.py:190} INFO - [2024-10-02T17:01:53.540+0000] {dagbag.py:588} INFO - Filling up the DagBag from /opt/airflow/dags/profiling_quality_pipeline/run.py
[2024-10-02T17:02:24.106+0000] {logging_mixin.py:190} INFO - [2024-10-02T17:02:24.062+0000] {timeout.py:68} ERROR - Process timed out, PID: 5509
[2024-10-02T17:02:24.436+0000] {logging_mixin.py:190} INFO - [2024-10-02T17:02:24.132+0000] {dagbag.py:387} ERROR - Failed to import: /opt/airflow/dags/profiling_quality_pipeline/run.py
Traceback (most recent call last):
  File "/home/airflow/.local/lib/python3.12/site-packages/airflow/models/dagbag.py", line 383, in parse
    loader.exec_module(new_module)
  File "<frozen importlib._bootstrap_external>", line 995, in exec_module
  File "<frozen importlib._bootstrap>", line 488, in _call_with_frames_removed
  File "/opt/airflow/dags/profiling_quality_pipeline/run.py", line 30, in <module>
    profiling_quality_pipeline()
  File "/home/airflow/.local/lib/python3.12/site-packages/airflow/models/dag.py", line 4307, in factory
    f(**f_kwargs)
  File "/opt/airflow/dags/profiling_quality_pipeline/run.py", line 28, in profiling_quality_pipeline
    dellstore_db()
  File "/home/airflow/.local/lib/python3.12/site-packages/airflow/decorators/task_group.py", line 93, in __call__
    return self._create_task_group(TaskGroup, *args, **kwargs)
           ^^^^^^^^^^^^^^^^^^^^^^^^^^^^^^^^^^^^^^^^^^^^^^^^^^^
  File "/home/airflow/.local/lib/python3.12/site-packages/airflow/decorators/task_group.py", line 96, in _create_task_group
    with tg_factory(add_suffix_on_collision=True, **self.tg_kwargs) as task_group:
         ^^^^^^^^^^^^^^^^^^^^^^^^^^^^^^^^^^^^^^^^^^^^^^^^^^^^^^^^^^
  File "/home/airflow/.local/lib/python3.12/site-packages/airflow/utils/task_group.py", line 159, in __init__
    parent_group.add(self)
  File "/home/airflow/.local/lib/python3.12/site-packages/airflow/utils/task_group.py", line 241, in add
    if isinstance(task, AbstractOperator) and existing_tg is not None and existing_tg != self:
       ^^^^^^^^^^^^^^^^^^^^^^^^^^^^^^^^^^
  File "<frozen abc>", line 119, in __instancecheck__
  File "<frozen abc>", line 121, in __subclasscheck__
  File "/home/airflow/.local/lib/python3.12/site-packages/airflow/utils/timeout.py", line 69, in handle_timeout
    raise AirflowTaskTimeout(self.error_message)
airflow.exceptions.AirflowTaskTimeout: DagBag import timeout for /opt/airflow/dags/profiling_quality_pipeline/run.py after 30.0s.
Please take a look at these docs to improve your DAG import time:
* https://airflow.apache.org/docs/apache-airflow/2.10.2/best-practices.html#top-level-python-code
* https://airflow.apache.org/docs/apache-airflow/2.10.2/best-practices.html#reducing-dag-complexity, PID: 5509
[2024-10-02T17:02:24.449+0000] {processor.py:927} WARNING - No viable dags retrieved from /opt/airflow/dags/profiling_quality_pipeline/run.py
[2024-10-02T17:02:25.314+0000] {processor.py:208} INFO - Processing /opt/airflow/dags/profiling_quality_pipeline/run.py took 33.149 seconds
[2024-10-02T17:03:24.617+0000] {processor.py:186} INFO - Started process (PID=6553) to work on /opt/airflow/dags/profiling_quality_pipeline/run.py
[2024-10-02T17:03:24.624+0000] {processor.py:914} INFO - Processing file /opt/airflow/dags/profiling_quality_pipeline/run.py for tasks to queue
[2024-10-02T17:03:24.628+0000] {logging_mixin.py:190} INFO - [2024-10-02T17:03:24.627+0000] {dagbag.py:588} INFO - Filling up the DagBag from /opt/airflow/dags/profiling_quality_pipeline/run.py
[2024-10-02T17:03:27.235+0000] {processor.py:925} INFO - DAG(s) 'profiling_quality_pipeline' retrieved from /opt/airflow/dags/profiling_quality_pipeline/run.py
[2024-10-02T17:03:27.783+0000] {logging_mixin.py:190} INFO - [2024-10-02T17:03:27.781+0000] {dag.py:3239} INFO - Sync 1 DAGs
[2024-10-02T17:03:28.447+0000] {logging_mixin.py:190} INFO - [2024-10-02T17:03:28.446+0000] {dag.py:4180} INFO - Setting next_dagrun for profiling_quality_pipeline to 2024-10-01 00:00:00+00:00, run_after=2024-10-02 00:00:00+00:00
[2024-10-02T17:03:28.512+0000] {processor.py:208} INFO - Processing /opt/airflow/dags/profiling_quality_pipeline/run.py took 4.091 seconds
[2024-10-02T17:03:58.633+0000] {processor.py:186} INFO - Started process (PID=6777) to work on /opt/airflow/dags/profiling_quality_pipeline/run.py
[2024-10-02T17:03:58.635+0000] {processor.py:914} INFO - Processing file /opt/airflow/dags/profiling_quality_pipeline/run.py for tasks to queue
[2024-10-02T17:03:58.638+0000] {logging_mixin.py:190} INFO - [2024-10-02T17:03:58.638+0000] {dagbag.py:588} INFO - Filling up the DagBag from /opt/airflow/dags/profiling_quality_pipeline/run.py
[2024-10-02T17:04:00.139+0000] {processor.py:925} INFO - DAG(s) 'profiling_quality_pipeline' retrieved from /opt/airflow/dags/profiling_quality_pipeline/run.py
[2024-10-02T17:04:00.223+0000] {logging_mixin.py:190} INFO - [2024-10-02T17:04:00.220+0000] {dag.py:3239} INFO - Sync 1 DAGs
[2024-10-02T17:04:00.301+0000] {logging_mixin.py:190} INFO - [2024-10-02T17:04:00.301+0000] {dag.py:4180} INFO - Setting next_dagrun for profiling_quality_pipeline to 2024-10-01 00:00:00+00:00, run_after=2024-10-02 00:00:00+00:00
[2024-10-02T17:04:00.360+0000] {processor.py:208} INFO - Processing /opt/airflow/dags/profiling_quality_pipeline/run.py took 1.745 seconds
[2024-10-02T17:04:40.835+0000] {processor.py:186} INFO - Started process (PID=6949) to work on /opt/airflow/dags/profiling_quality_pipeline/run.py
[2024-10-02T17:04:40.838+0000] {processor.py:914} INFO - Processing file /opt/airflow/dags/profiling_quality_pipeline/run.py for tasks to queue
[2024-10-02T17:04:40.842+0000] {logging_mixin.py:190} INFO - [2024-10-02T17:04:40.841+0000] {dagbag.py:588} INFO - Filling up the DagBag from /opt/airflow/dags/profiling_quality_pipeline/run.py
[2024-10-02T17:04:43.729+0000] {processor.py:925} INFO - DAG(s) 'profiling_quality_pipeline' retrieved from /opt/airflow/dags/profiling_quality_pipeline/run.py
[2024-10-02T17:04:43.881+0000] {logging_mixin.py:190} INFO - [2024-10-02T17:04:43.878+0000] {dag.py:3239} INFO - Sync 1 DAGs
[2024-10-02T17:04:44.143+0000] {logging_mixin.py:190} INFO - [2024-10-02T17:04:44.142+0000] {dag.py:4180} INFO - Setting next_dagrun for profiling_quality_pipeline to 2024-10-01 00:00:00+00:00, run_after=2024-10-02 00:00:00+00:00
[2024-10-02T17:04:44.231+0000] {processor.py:208} INFO - Processing /opt/airflow/dags/profiling_quality_pipeline/run.py took 3.433 seconds
[2024-10-02T17:05:14.378+0000] {processor.py:186} INFO - Started process (PID=7203) to work on /opt/airflow/dags/profiling_quality_pipeline/run.py
[2024-10-02T17:05:14.381+0000] {processor.py:914} INFO - Processing file /opt/airflow/dags/profiling_quality_pipeline/run.py for tasks to queue
[2024-10-02T17:05:14.384+0000] {logging_mixin.py:190} INFO - [2024-10-02T17:05:14.383+0000] {dagbag.py:588} INFO - Filling up the DagBag from /opt/airflow/dags/profiling_quality_pipeline/run.py
[2024-10-02T17:05:16.431+0000] {processor.py:925} INFO - DAG(s) 'profiling_quality_pipeline' retrieved from /opt/airflow/dags/profiling_quality_pipeline/run.py
[2024-10-02T17:05:16.620+0000] {logging_mixin.py:190} INFO - [2024-10-02T17:05:16.616+0000] {dag.py:3239} INFO - Sync 1 DAGs
[2024-10-02T17:05:16.742+0000] {logging_mixin.py:190} INFO - [2024-10-02T17:05:16.741+0000] {dag.py:4180} INFO - Setting next_dagrun for profiling_quality_pipeline to 2024-10-01 00:00:00+00:00, run_after=2024-10-02 00:00:00+00:00
[2024-10-02T17:05:16.818+0000] {processor.py:208} INFO - Processing /opt/airflow/dags/profiling_quality_pipeline/run.py took 2.457 seconds
[2024-10-02T17:05:47.346+0000] {processor.py:186} INFO - Started process (PID=7494) to work on /opt/airflow/dags/profiling_quality_pipeline/run.py
[2024-10-02T17:05:47.354+0000] {processor.py:914} INFO - Processing file /opt/airflow/dags/profiling_quality_pipeline/run.py for tasks to queue
[2024-10-02T17:05:47.362+0000] {logging_mixin.py:190} INFO - [2024-10-02T17:05:47.360+0000] {dagbag.py:588} INFO - Filling up the DagBag from /opt/airflow/dags/profiling_quality_pipeline/run.py
[2024-10-02T17:05:51.240+0000] {processor.py:925} INFO - DAG(s) 'profiling_quality_pipeline' retrieved from /opt/airflow/dags/profiling_quality_pipeline/run.py
[2024-10-02T17:05:51.624+0000] {logging_mixin.py:190} INFO - [2024-10-02T17:05:51.622+0000] {dag.py:3239} INFO - Sync 1 DAGs
[2024-10-02T17:05:51.985+0000] {logging_mixin.py:190} INFO - [2024-10-02T17:05:51.984+0000] {dag.py:4180} INFO - Setting next_dagrun for profiling_quality_pipeline to 2024-10-01 00:00:00+00:00, run_after=2024-10-02 00:00:00+00:00
[2024-10-02T17:05:52.147+0000] {processor.py:208} INFO - Processing /opt/airflow/dags/profiling_quality_pipeline/run.py took 4.861 seconds
[2024-10-02T17:06:22.862+0000] {processor.py:186} INFO - Started process (PID=7778) to work on /opt/airflow/dags/profiling_quality_pipeline/run.py
[2024-10-02T17:06:22.866+0000] {processor.py:914} INFO - Processing file /opt/airflow/dags/profiling_quality_pipeline/run.py for tasks to queue
[2024-10-02T17:06:22.875+0000] {logging_mixin.py:190} INFO - [2024-10-02T17:06:22.872+0000] {dagbag.py:588} INFO - Filling up the DagBag from /opt/airflow/dags/profiling_quality_pipeline/run.py
[2024-10-02T17:06:25.079+0000] {processor.py:925} INFO - DAG(s) 'profiling_quality_pipeline' retrieved from /opt/airflow/dags/profiling_quality_pipeline/run.py
[2024-10-02T17:06:25.298+0000] {logging_mixin.py:190} INFO - [2024-10-02T17:06:25.296+0000] {dag.py:3239} INFO - Sync 1 DAGs
[2024-10-02T17:06:25.700+0000] {logging_mixin.py:190} INFO - [2024-10-02T17:06:25.699+0000] {dag.py:4180} INFO - Setting next_dagrun for profiling_quality_pipeline to 2024-10-01 00:00:00+00:00, run_after=2024-10-02 00:00:00+00:00
[2024-10-02T17:06:25.979+0000] {processor.py:208} INFO - Processing /opt/airflow/dags/profiling_quality_pipeline/run.py took 3.152 seconds
[2024-10-02T17:08:13.425+0000] {processor.py:186} INFO - Started process (PID=9465) to work on /opt/airflow/dags/profiling_quality_pipeline/run.py
[2024-10-02T17:08:13.454+0000] {processor.py:914} INFO - Processing file /opt/airflow/dags/profiling_quality_pipeline/run.py for tasks to queue
[2024-10-02T17:08:13.458+0000] {logging_mixin.py:190} INFO - [2024-10-02T17:08:13.457+0000] {dagbag.py:588} INFO - Filling up the DagBag from /opt/airflow/dags/profiling_quality_pipeline/run.py
[2024-10-02T17:08:16.720+0000] {processor.py:925} INFO - DAG(s) 'profiling_quality_pipeline' retrieved from /opt/airflow/dags/profiling_quality_pipeline/run.py
[2024-10-02T17:08:16.880+0000] {logging_mixin.py:190} INFO - [2024-10-02T17:08:16.878+0000] {dag.py:3239} INFO - Sync 1 DAGs
[2024-10-02T17:08:17.335+0000] {logging_mixin.py:190} INFO - [2024-10-02T17:08:17.334+0000] {dag.py:4180} INFO - Setting next_dagrun for profiling_quality_pipeline to 2024-10-01 00:00:00+00:00, run_after=2024-10-02 00:00:00+00:00
[2024-10-02T17:08:17.428+0000] {processor.py:208} INFO - Processing /opt/airflow/dags/profiling_quality_pipeline/run.py took 4.082 seconds
[2024-10-02T17:08:47.576+0000] {processor.py:186} INFO - Started process (PID=9890) to work on /opt/airflow/dags/profiling_quality_pipeline/run.py
[2024-10-02T17:08:47.591+0000] {processor.py:914} INFO - Processing file /opt/airflow/dags/profiling_quality_pipeline/run.py for tasks to queue
[2024-10-02T17:08:47.594+0000] {logging_mixin.py:190} INFO - [2024-10-02T17:08:47.593+0000] {dagbag.py:588} INFO - Filling up the DagBag from /opt/airflow/dags/profiling_quality_pipeline/run.py
[2024-10-02T17:08:48.829+0000] {processor.py:925} INFO - DAG(s) 'profiling_quality_pipeline' retrieved from /opt/airflow/dags/profiling_quality_pipeline/run.py
[2024-10-02T17:08:48.920+0000] {logging_mixin.py:190} INFO - [2024-10-02T17:08:48.919+0000] {dag.py:3239} INFO - Sync 1 DAGs
[2024-10-02T17:08:48.984+0000] {logging_mixin.py:190} INFO - [2024-10-02T17:08:48.984+0000] {dag.py:4180} INFO - Setting next_dagrun for profiling_quality_pipeline to 2024-10-01 00:00:00+00:00, run_after=2024-10-02 00:00:00+00:00
[2024-10-02T17:08:49.022+0000] {processor.py:208} INFO - Processing /opt/airflow/dags/profiling_quality_pipeline/run.py took 1.462 seconds
[2024-10-02T17:09:19.293+0000] {processor.py:186} INFO - Started process (PID=10178) to work on /opt/airflow/dags/profiling_quality_pipeline/run.py
[2024-10-02T17:09:19.311+0000] {processor.py:914} INFO - Processing file /opt/airflow/dags/profiling_quality_pipeline/run.py for tasks to queue
[2024-10-02T17:09:19.313+0000] {logging_mixin.py:190} INFO - [2024-10-02T17:09:19.313+0000] {dagbag.py:588} INFO - Filling up the DagBag from /opt/airflow/dags/profiling_quality_pipeline/run.py
[2024-10-02T17:09:20.739+0000] {processor.py:925} INFO - DAG(s) 'profiling_quality_pipeline' retrieved from /opt/airflow/dags/profiling_quality_pipeline/run.py
[2024-10-02T17:09:20.831+0000] {logging_mixin.py:190} INFO - [2024-10-02T17:09:20.830+0000] {dag.py:3239} INFO - Sync 1 DAGs
[2024-10-02T17:09:20.921+0000] {logging_mixin.py:190} INFO - [2024-10-02T17:09:20.921+0000] {dag.py:4180} INFO - Setting next_dagrun for profiling_quality_pipeline to 2024-10-01 00:00:00+00:00, run_after=2024-10-02 00:00:00+00:00
[2024-10-02T17:09:20.973+0000] {processor.py:208} INFO - Processing /opt/airflow/dags/profiling_quality_pipeline/run.py took 1.695 seconds
[2024-10-02T17:09:51.356+0000] {processor.py:186} INFO - Started process (PID=10449) to work on /opt/airflow/dags/profiling_quality_pipeline/run.py
[2024-10-02T17:09:51.370+0000] {processor.py:914} INFO - Processing file /opt/airflow/dags/profiling_quality_pipeline/run.py for tasks to queue
[2024-10-02T17:09:51.373+0000] {logging_mixin.py:190} INFO - [2024-10-02T17:09:51.372+0000] {dagbag.py:588} INFO - Filling up the DagBag from /opt/airflow/dags/profiling_quality_pipeline/run.py
[2024-10-02T17:09:52.578+0000] {processor.py:925} INFO - DAG(s) 'profiling_quality_pipeline' retrieved from /opt/airflow/dags/profiling_quality_pipeline/run.py
[2024-10-02T17:09:52.652+0000] {logging_mixin.py:190} INFO - [2024-10-02T17:09:52.651+0000] {dag.py:3239} INFO - Sync 1 DAGs
[2024-10-02T17:09:52.724+0000] {logging_mixin.py:190} INFO - [2024-10-02T17:09:52.723+0000] {dag.py:4180} INFO - Setting next_dagrun for profiling_quality_pipeline to 2024-10-01 00:00:00+00:00, run_after=2024-10-02 00:00:00+00:00
[2024-10-02T17:09:52.771+0000] {processor.py:208} INFO - Processing /opt/airflow/dags/profiling_quality_pipeline/run.py took 1.434 seconds
[2024-10-02T17:10:23.278+0000] {processor.py:186} INFO - Started process (PID=10767) to work on /opt/airflow/dags/profiling_quality_pipeline/run.py
[2024-10-02T17:10:23.280+0000] {processor.py:914} INFO - Processing file /opt/airflow/dags/profiling_quality_pipeline/run.py for tasks to queue
[2024-10-02T17:10:23.281+0000] {logging_mixin.py:190} INFO - [2024-10-02T17:10:23.281+0000] {dagbag.py:588} INFO - Filling up the DagBag from /opt/airflow/dags/profiling_quality_pipeline/run.py
[2024-10-02T17:10:23.861+0000] {processor.py:925} INFO - DAG(s) 'profiling_quality_pipeline' retrieved from /opt/airflow/dags/profiling_quality_pipeline/run.py
[2024-10-02T17:10:23.904+0000] {logging_mixin.py:190} INFO - [2024-10-02T17:10:23.904+0000] {dag.py:3239} INFO - Sync 1 DAGs
[2024-10-02T17:10:23.943+0000] {logging_mixin.py:190} INFO - [2024-10-02T17:10:23.943+0000] {dag.py:4180} INFO - Setting next_dagrun for profiling_quality_pipeline to 2024-10-01 00:00:00+00:00, run_after=2024-10-02 00:00:00+00:00
[2024-10-02T17:10:23.976+0000] {processor.py:208} INFO - Processing /opt/airflow/dags/profiling_quality_pipeline/run.py took 0.706 seconds
[2024-10-02T17:10:54.311+0000] {processor.py:186} INFO - Started process (PID=11140) to work on /opt/airflow/dags/profiling_quality_pipeline/run.py
[2024-10-02T17:10:54.313+0000] {processor.py:914} INFO - Processing file /opt/airflow/dags/profiling_quality_pipeline/run.py for tasks to queue
[2024-10-02T17:10:54.314+0000] {logging_mixin.py:190} INFO - [2024-10-02T17:10:54.314+0000] {dagbag.py:588} INFO - Filling up the DagBag from /opt/airflow/dags/profiling_quality_pipeline/run.py
[2024-10-02T17:10:54.990+0000] {processor.py:925} INFO - DAG(s) 'profiling_quality_pipeline' retrieved from /opt/airflow/dags/profiling_quality_pipeline/run.py
[2024-10-02T17:10:55.038+0000] {logging_mixin.py:190} INFO - [2024-10-02T17:10:55.037+0000] {dag.py:3239} INFO - Sync 1 DAGs
[2024-10-02T17:10:55.104+0000] {logging_mixin.py:190} INFO - [2024-10-02T17:10:55.104+0000] {dag.py:4180} INFO - Setting next_dagrun for profiling_quality_pipeline to 2024-10-01 00:00:00+00:00, run_after=2024-10-02 00:00:00+00:00
[2024-10-02T17:10:55.451+0000] {processor.py:208} INFO - Processing /opt/airflow/dags/profiling_quality_pipeline/run.py took 1.148 seconds
[2024-10-02T17:12:03.493+0000] {processor.py:186} INFO - Started process (PID=13507) to work on /opt/airflow/dags/profiling_quality_pipeline/run.py
[2024-10-02T17:12:03.495+0000] {processor.py:914} INFO - Processing file /opt/airflow/dags/profiling_quality_pipeline/run.py for tasks to queue
[2024-10-02T17:12:03.499+0000] {logging_mixin.py:190} INFO - [2024-10-02T17:12:03.498+0000] {dagbag.py:588} INFO - Filling up the DagBag from /opt/airflow/dags/profiling_quality_pipeline/run.py
[2024-10-02T17:12:04.692+0000] {processor.py:925} INFO - DAG(s) 'profiling_quality_pipeline' retrieved from /opt/airflow/dags/profiling_quality_pipeline/run.py
[2024-10-02T17:12:04.742+0000] {logging_mixin.py:190} INFO - [2024-10-02T17:12:04.741+0000] {dag.py:3239} INFO - Sync 1 DAGs
[2024-10-02T17:12:04.788+0000] {logging_mixin.py:190} INFO - [2024-10-02T17:12:04.788+0000] {dag.py:4180} INFO - Setting next_dagrun for profiling_quality_pipeline to 2024-10-01 00:00:00+00:00, run_after=2024-10-02 00:00:00+00:00
[2024-10-02T17:12:04.851+0000] {processor.py:208} INFO - Processing /opt/airflow/dags/profiling_quality_pipeline/run.py took 1.371 seconds
[2024-10-02T17:12:40.020+0000] {processor.py:186} INFO - Started process (PID=13784) to work on /opt/airflow/dags/profiling_quality_pipeline/run.py
[2024-10-02T17:12:40.046+0000] {processor.py:914} INFO - Processing file /opt/airflow/dags/profiling_quality_pipeline/run.py for tasks to queue
[2024-10-02T17:12:40.050+0000] {logging_mixin.py:190} INFO - [2024-10-02T17:12:40.049+0000] {dagbag.py:588} INFO - Filling up the DagBag from /opt/airflow/dags/profiling_quality_pipeline/run.py
[2024-10-02T17:12:41.104+0000] {processor.py:925} INFO - DAG(s) 'profiling_quality_pipeline' retrieved from /opt/airflow/dags/profiling_quality_pipeline/run.py
[2024-10-02T17:12:41.163+0000] {logging_mixin.py:190} INFO - [2024-10-02T17:12:41.162+0000] {dag.py:3239} INFO - Sync 1 DAGs
[2024-10-02T17:12:41.218+0000] {logging_mixin.py:190} INFO - [2024-10-02T17:12:41.217+0000] {dag.py:4180} INFO - Setting next_dagrun for profiling_quality_pipeline to 2024-10-01 00:00:00+00:00, run_after=2024-10-02 00:00:00+00:00
[2024-10-02T17:12:41.276+0000] {processor.py:208} INFO - Processing /opt/airflow/dags/profiling_quality_pipeline/run.py took 1.273 seconds
[2024-10-02T17:13:11.473+0000] {processor.py:186} INFO - Started process (PID=14013) to work on /opt/airflow/dags/profiling_quality_pipeline/run.py
[2024-10-02T17:13:11.479+0000] {processor.py:914} INFO - Processing file /opt/airflow/dags/profiling_quality_pipeline/run.py for tasks to queue
[2024-10-02T17:13:11.484+0000] {logging_mixin.py:190} INFO - [2024-10-02T17:13:11.483+0000] {dagbag.py:588} INFO - Filling up the DagBag from /opt/airflow/dags/profiling_quality_pipeline/run.py
[2024-10-02T17:13:12.859+0000] {processor.py:925} INFO - DAG(s) 'profiling_quality_pipeline' retrieved from /opt/airflow/dags/profiling_quality_pipeline/run.py
[2024-10-02T17:13:12.954+0000] {logging_mixin.py:190} INFO - [2024-10-02T17:13:12.953+0000] {dag.py:3239} INFO - Sync 1 DAGs
[2024-10-02T17:13:13.038+0000] {logging_mixin.py:190} INFO - [2024-10-02T17:13:13.037+0000] {dag.py:4180} INFO - Setting next_dagrun for profiling_quality_pipeline to 2024-10-01 00:00:00+00:00, run_after=2024-10-02 00:00:00+00:00
[2024-10-02T17:13:13.391+0000] {processor.py:208} INFO - Processing /opt/airflow/dags/profiling_quality_pipeline/run.py took 1.940 seconds
[2024-10-02T17:13:43.473+0000] {processor.py:186} INFO - Started process (PID=14362) to work on /opt/airflow/dags/profiling_quality_pipeline/run.py
[2024-10-02T17:13:43.475+0000] {processor.py:914} INFO - Processing file /opt/airflow/dags/profiling_quality_pipeline/run.py for tasks to queue
[2024-10-02T17:13:43.476+0000] {logging_mixin.py:190} INFO - [2024-10-02T17:13:43.476+0000] {dagbag.py:588} INFO - Filling up the DagBag from /opt/airflow/dags/profiling_quality_pipeline/run.py
[2024-10-02T17:13:44.037+0000] {processor.py:925} INFO - DAG(s) 'profiling_quality_pipeline' retrieved from /opt/airflow/dags/profiling_quality_pipeline/run.py
[2024-10-02T17:13:44.101+0000] {logging_mixin.py:190} INFO - [2024-10-02T17:13:44.101+0000] {dag.py:3239} INFO - Sync 1 DAGs
[2024-10-02T17:13:44.133+0000] {logging_mixin.py:190} INFO - [2024-10-02T17:13:44.133+0000] {dag.py:4180} INFO - Setting next_dagrun for profiling_quality_pipeline to 2024-10-01 00:00:00+00:00, run_after=2024-10-02 00:00:00+00:00
[2024-10-02T17:13:44.163+0000] {processor.py:208} INFO - Processing /opt/airflow/dags/profiling_quality_pipeline/run.py took 0.698 seconds
[2024-10-02T17:14:14.259+0000] {processor.py:186} INFO - Started process (PID=14734) to work on /opt/airflow/dags/profiling_quality_pipeline/run.py
[2024-10-02T17:14:14.260+0000] {processor.py:914} INFO - Processing file /opt/airflow/dags/profiling_quality_pipeline/run.py for tasks to queue
[2024-10-02T17:14:14.261+0000] {logging_mixin.py:190} INFO - [2024-10-02T17:14:14.261+0000] {dagbag.py:588} INFO - Filling up the DagBag from /opt/airflow/dags/profiling_quality_pipeline/run.py
[2024-10-02T17:14:14.757+0000] {processor.py:925} INFO - DAG(s) 'profiling_quality_pipeline' retrieved from /opt/airflow/dags/profiling_quality_pipeline/run.py
[2024-10-02T17:14:14.786+0000] {logging_mixin.py:190} INFO - [2024-10-02T17:14:14.786+0000] {dag.py:3239} INFO - Sync 1 DAGs
[2024-10-02T17:14:14.811+0000] {logging_mixin.py:190} INFO - [2024-10-02T17:14:14.811+0000] {dag.py:4180} INFO - Setting next_dagrun for profiling_quality_pipeline to 2024-10-01 00:00:00+00:00, run_after=2024-10-02 00:00:00+00:00
[2024-10-02T17:14:14.842+0000] {processor.py:208} INFO - Processing /opt/airflow/dags/profiling_quality_pipeline/run.py took 0.591 seconds
