[2024-10-02T19:35:45.306+0000] {local_task_job_runner.py:123} INFO - ::group::Pre task execution logs
[2024-10-02T19:35:45.386+0000] {taskinstance.py:2612} INFO - Dependencies all met for dep_context=non-requeueable deps ti=<TaskInstance: sparking_flow.character_count_job manual__2024-10-02T19:35:29.709890+00:00 [queued]>
[2024-10-02T19:35:45.425+0000] {taskinstance.py:2612} INFO - Dependencies all met for dep_context=requeueable deps ti=<TaskInstance: sparking_flow.character_count_job manual__2024-10-02T19:35:29.709890+00:00 [queued]>
[2024-10-02T19:35:45.427+0000] {taskinstance.py:2865} INFO - Starting attempt 1 of 1
[2024-10-02T19:35:45.503+0000] {taskinstance.py:2888} INFO - Executing <Task(SparkSubmitOperator): character_count_job> on 2024-10-02 19:35:29.709890+00:00
[2024-10-02T19:35:45.529+0000] {logging_mixin.py:190} WARNING - /home/***/.local/lib/python3.12/site-packages/***/task/task_runner/standard_task_runner.py:70 DeprecationWarning: This process (pid=102563) is multi-threaded, use of fork() may lead to deadlocks in the child.
[2024-10-02T19:35:45.523+0000] {standard_task_runner.py:104} INFO - Running: ['***', 'tasks', 'run', 'sparking_flow', 'character_count_job', 'manual__2024-10-02T19:35:29.709890+00:00', '--job-id', '13488', '--raw', '--subdir', 'DAGS_FOLDER/materi/test.py', '--cfg-path', '/tmp/tmpcwvtw56a']
[2024-10-02T19:35:45.532+0000] {standard_task_runner.py:72} INFO - Started process 102606 to run task
[2024-10-02T19:35:45.532+0000] {standard_task_runner.py:105} INFO - Job 13488: Subtask character_count_job
[2024-10-02T19:35:45.709+0000] {task_command.py:467} INFO - Running <TaskInstance: sparking_flow.character_count_job manual__2024-10-02T19:35:29.709890+00:00 [running]> on host 19cd1516b3ca
[2024-10-02T19:35:45.970+0000] {taskinstance.py:3131} INFO - Exporting env vars: AIRFLOW_CTX_DAG_OWNER='Yusuf Ganiyu' AIRFLOW_CTX_DAG_ID='sparking_flow' AIRFLOW_CTX_TASK_ID='character_count_job' AIRFLOW_CTX_EXECUTION_DATE='2024-10-02T19:35:29.709890+00:00' AIRFLOW_CTX_TRY_NUMBER='1' AIRFLOW_CTX_DAG_RUN_ID='manual__2024-10-02T19:35:29.709890+00:00'
[2024-10-02T19:35:45.972+0000] {taskinstance.py:731} INFO - ::endgroup::
[2024-10-02T19:35:46.035+0000] {base.py:84} INFO - Retrieving connection 'spark-conn'
[2024-10-02T19:35:46.038+0000] {spark_submit.py:335} INFO - Spark-Submit cmd: spark-submit --master spark://spark-master:7077 --name arrow-spark jobs/wordcountjob.py character_count_job Hello Spark Hello Python Hello Airflow Hello Docker and Hello Yusuf
[2024-10-02T19:35:46.160+0000] {spark_submit.py:488} INFO - /home/***/.local/lib/python3.12/site-packages/pyspark/bin/load-spark-env.sh: line 68: ps: command not found
[2024-10-02T19:35:52.652+0000] {spark_submit.py:488} INFO - 24/10/02 19:35:52 INFO ShutdownHookManager: Shutdown hook called
[2024-10-02T19:35:52.663+0000] {spark_submit.py:488} INFO - 24/10/02 19:35:52 INFO ShutdownHookManager: Deleting directory /tmp/spark-459912b6-087a-42e7-a24a-743f598f9509
[2024-10-02T19:35:52.760+0000] {taskinstance.py:340} INFO - ::group::Post task execution logs
[2024-10-02T19:35:52.763+0000] {taskinstance.py:352} INFO - Marking task as SUCCESS. dag_id=sparking_flow, task_id=character_count_job, run_id=manual__2024-10-02T19:35:29.709890+00:00, execution_date=20241002T193529, start_date=20241002T193545, end_date=20241002T193552
[2024-10-02T19:35:52.808+0000] {local_task_job_runner.py:266} INFO - Task exited with return code 0
[2024-10-02T19:35:52.859+0000] {taskinstance.py:3900} INFO - 1 downstream tasks scheduled from follow-on schedule check
[2024-10-02T19:35:52.863+0000] {local_task_job_runner.py:245} INFO - ::endgroup::
