[2024-10-02T16:15:54.881+0000] {local_task_job_runner.py:123} INFO - ::group::Pre task execution logs
[2024-10-02T16:15:54.913+0000] {taskinstance.py:2612} INFO - Dependencies all met for dep_context=non-requeueable deps ti=<TaskInstance: sparking_flow.python_job manual__2024-10-02T16:15:51.895351+00:00 [queued]>
[2024-10-02T16:15:54.934+0000] {taskinstance.py:2612} INFO - Dependencies all met for dep_context=requeueable deps ti=<TaskInstance: sparking_flow.python_job manual__2024-10-02T16:15:51.895351+00:00 [queued]>
[2024-10-02T16:15:54.934+0000] {taskinstance.py:2865} INFO - Starting attempt 1 of 1
[2024-10-02T16:15:54.962+0000] {taskinstance.py:2888} INFO - Executing <Task(SparkSubmitOperator): python_job> on 2024-10-02 16:15:51.895351+00:00
[2024-10-02T16:15:54.972+0000] {warnings.py:112} WARNING - /home/***/.local/lib/python3.12/site-packages/***/task/task_runner/standard_task_runner.py:70: DeprecationWarning: This process (pid=1155) is multi-threaded, use of fork() may lead to deadlocks in the child.
  pid = os.fork()

[2024-10-02T16:15:54.975+0000] {standard_task_runner.py:72} INFO - Started process 1160 to run task
[2024-10-02T16:15:54.976+0000] {standard_task_runner.py:104} INFO - Running: ['***', 'tasks', 'run', 'sparking_flow', 'python_job', 'manual__2024-10-02T16:15:51.895351+00:00', '--job-id', '13', '--raw', '--subdir', 'DAGS_FOLDER/spark_***.py', '--cfg-path', '/tmp/tmpzobk0ogx']
[2024-10-02T16:15:54.978+0000] {standard_task_runner.py:105} INFO - Job 13: Subtask python_job
[2024-10-02T16:15:55.073+0000] {task_command.py:467} INFO - Running <TaskInstance: sparking_flow.python_job manual__2024-10-02T16:15:51.895351+00:00 [running]> on host 531092bfcd5c
[2024-10-02T16:15:55.279+0000] {taskinstance.py:3131} INFO - Exporting env vars: AIRFLOW_CTX_DAG_OWNER='Yusuf Ganiyu' AIRFLOW_CTX_DAG_ID='sparking_flow' AIRFLOW_CTX_TASK_ID='python_job' AIRFLOW_CTX_EXECUTION_DATE='2024-10-02T16:15:51.895351+00:00' AIRFLOW_CTX_TRY_NUMBER='1' AIRFLOW_CTX_DAG_RUN_ID='manual__2024-10-02T16:15:51.895351+00:00'
[2024-10-02T16:15:55.282+0000] {taskinstance.py:731} INFO - ::endgroup::
[2024-10-02T16:15:55.355+0000] {base.py:84} INFO - Retrieving connection 'spark-conn'
[2024-10-02T16:15:55.360+0000] {spark_submit.py:335} INFO - Spark-Submit cmd: spark-submit --master spark://spark-master:7077 --name arrow-spark jobs/python/wordcountjob.py
[2024-10-02T16:15:55.458+0000] {spark_submit.py:488} INFO - /home/***/.local/lib/python3.12/site-packages/pyspark/bin/load-spark-env.sh: line 68: ps: command not found
[2024-10-02T16:16:05.416+0000] {spark_submit.py:488} INFO - 24/10/02 16:16:05 INFO SparkContext: Running Spark version 3.5.3
[2024-10-02T16:16:05.425+0000] {spark_submit.py:488} INFO - 24/10/02 16:16:05 INFO SparkContext: OS info Linux, 5.15.153.1-microsoft-standard-WSL2, amd64
[2024-10-02T16:16:05.427+0000] {spark_submit.py:488} INFO - 24/10/02 16:16:05 INFO SparkContext: Java version 17.0.12
[2024-10-02T16:16:05.653+0000] {spark_submit.py:488} INFO - 24/10/02 16:16:05 WARN NativeCodeLoader: Unable to load native-hadoop library for your platform... using builtin-java classes where applicable
[2024-10-02T16:16:06.305+0000] {spark_submit.py:488} INFO - 24/10/02 16:16:06 INFO ResourceUtils: ==============================================================
[2024-10-02T16:16:06.316+0000] {spark_submit.py:488} INFO - 24/10/02 16:16:06 INFO ResourceUtils: No custom resources configured for spark.driver.
[2024-10-02T16:16:06.323+0000] {spark_submit.py:488} INFO - 24/10/02 16:16:06 INFO ResourceUtils: ==============================================================
[2024-10-02T16:16:06.328+0000] {spark_submit.py:488} INFO - 24/10/02 16:16:06 INFO SparkContext: Submitted application: PythonWordCount
[2024-10-02T16:16:06.491+0000] {spark_submit.py:488} INFO - 24/10/02 16:16:06 INFO ResourceProfile: Default ResourceProfile created, executor resources: Map(memory -> name: memory, amount: 1024, script: , vendor: , offHeap -> name: offHeap, amount: 0, script: , vendor: ), task resources: Map(cpus -> name: cpus, amount: 1.0)
[2024-10-02T16:16:06.545+0000] {spark_submit.py:488} INFO - 24/10/02 16:16:06 INFO ResourceProfile: Limiting resource is cpu
[2024-10-02T16:16:06.556+0000] {spark_submit.py:488} INFO - 24/10/02 16:16:06 INFO ResourceProfileManager: Added ResourceProfile id: 0
[2024-10-02T16:16:06.849+0000] {spark_submit.py:488} INFO - 24/10/02 16:16:06 INFO SecurityManager: Changing view acls to: ***
[2024-10-02T16:16:06.857+0000] {spark_submit.py:488} INFO - 24/10/02 16:16:06 INFO SecurityManager: Changing modify acls to: ***
[2024-10-02T16:16:06.862+0000] {spark_submit.py:488} INFO - 24/10/02 16:16:06 INFO SecurityManager: Changing view acls groups to:
[2024-10-02T16:16:06.882+0000] {spark_submit.py:488} INFO - 24/10/02 16:16:06 INFO SecurityManager: Changing modify acls groups to:
[2024-10-02T16:16:06.892+0000] {spark_submit.py:488} INFO - 24/10/02 16:16:06 INFO SecurityManager: SecurityManager: authentication disabled; ui acls disabled; users with view permissions: ***; groups with view permissions: EMPTY; users with modify permissions: ***; groups with modify permissions: EMPTY
[2024-10-02T16:16:08.969+0000] {spark_submit.py:488} INFO - 24/10/02 16:16:08 INFO Utils: Successfully started service 'sparkDriver' on port 43461.
[2024-10-02T16:16:09.373+0000] {spark_submit.py:488} INFO - 24/10/02 16:16:09 INFO SparkEnv: Registering MapOutputTracker
[2024-10-02T16:16:09.550+0000] {spark_submit.py:488} INFO - 24/10/02 16:16:09 INFO SparkEnv: Registering BlockManagerMaster
[2024-10-02T16:16:09.626+0000] {spark_submit.py:488} INFO - 24/10/02 16:16:09 INFO BlockManagerMasterEndpoint: Using org.apache.spark.storage.DefaultTopologyMapper for getting topology information
[2024-10-02T16:16:09.629+0000] {spark_submit.py:488} INFO - 24/10/02 16:16:09 INFO BlockManagerMasterEndpoint: BlockManagerMasterEndpoint up
[2024-10-02T16:16:09.650+0000] {spark_submit.py:488} INFO - 24/10/02 16:16:09 INFO SparkEnv: Registering BlockManagerMasterHeartbeat
[2024-10-02T16:16:09.779+0000] {spark_submit.py:488} INFO - 24/10/02 16:16:09 INFO DiskBlockManager: Created local directory at /tmp/blockmgr-c249ded5-180d-4c08-89b5-da72093b765b
[2024-10-02T16:16:09.830+0000] {spark_submit.py:488} INFO - 24/10/02 16:16:09 INFO MemoryStore: MemoryStore started with capacity 434.4 MiB
[2024-10-02T16:16:09.908+0000] {spark_submit.py:488} INFO - 24/10/02 16:16:09 INFO SparkEnv: Registering OutputCommitCoordinator
[2024-10-02T16:16:10.627+0000] {spark_submit.py:488} INFO - 24/10/02 16:16:10 INFO JettyUtils: Start Jetty 0.0.0.0:4040 for SparkUI
[2024-10-02T16:16:10.920+0000] {spark_submit.py:488} INFO - 24/10/02 16:16:10 INFO Utils: Successfully started service 'SparkUI' on port 4040.
[2024-10-02T16:16:11.395+0000] {spark_submit.py:488} INFO - 24/10/02 16:16:11 INFO StandaloneAppClient$ClientEndpoint: Connecting to master spark://spark-master:7077...
[2024-10-02T16:16:11.539+0000] {spark_submit.py:488} INFO - 24/10/02 16:16:11 INFO TransportClientFactory: Successfully created connection to spark-master/172.20.0.2:7077 after 89 ms (0 ms spent in bootstraps)
[2024-10-02T16:16:11.905+0000] {spark_submit.py:488} INFO - 24/10/02 16:16:11 INFO StandaloneSchedulerBackend: Connected to Spark cluster with app ID app-20241002161611-0003
[2024-10-02T16:16:11.963+0000] {spark_submit.py:488} INFO - 24/10/02 16:16:11 INFO Utils: Successfully started service 'org.apache.spark.network.netty.NettyBlockTransferService' on port 37917.
[2024-10-02T16:16:11.968+0000] {spark_submit.py:488} INFO - 24/10/02 16:16:11 INFO NettyBlockTransferService: Server created on 531092bfcd5c:37917
[2024-10-02T16:16:11.970+0000] {spark_submit.py:488} INFO - 24/10/02 16:16:11 INFO BlockManager: Using org.apache.spark.storage.RandomBlockReplicationPolicy for block replication policy
[2024-10-02T16:16:12.001+0000] {spark_submit.py:488} INFO - 24/10/02 16:16:12 INFO BlockManagerMaster: Registering BlockManager BlockManagerId(driver, 531092bfcd5c, 37917, None)
[2024-10-02T16:16:12.015+0000] {spark_submit.py:488} INFO - 24/10/02 16:16:12 INFO BlockManagerMasterEndpoint: Registering block manager 531092bfcd5c:37917 with 434.4 MiB RAM, BlockManagerId(driver, 531092bfcd5c, 37917, None)
[2024-10-02T16:16:12.024+0000] {spark_submit.py:488} INFO - 24/10/02 16:16:12 INFO BlockManagerMaster: Registered BlockManager BlockManagerId(driver, 531092bfcd5c, 37917, None)
[2024-10-02T16:16:12.027+0000] {spark_submit.py:488} INFO - 24/10/02 16:16:12 INFO BlockManager: Initialized BlockManager: BlockManagerId(driver, 531092bfcd5c, 37917, None)
[2024-10-02T16:16:12.726+0000] {spark_submit.py:488} INFO - 24/10/02 16:16:12 INFO StandaloneSchedulerBackend: SchedulerBackend is ready for scheduling beginning after reached minRegisteredResourcesRatio: 0.0
[2024-10-02T16:16:14.132+0000] {spark_submit.py:488} INFO - 24/10/02 16:16:14 INFO SparkContext: Starting job: collect at /opt/***/jobs/python/wordcountjob.py:11
[2024-10-02T16:16:14.270+0000] {spark_submit.py:488} INFO - 24/10/02 16:16:14 INFO DAGScheduler: Registering RDD 2 (reduceByKey at /opt/***/jobs/python/wordcountjob.py:9) as input to shuffle 0
[2024-10-02T16:16:14.304+0000] {spark_submit.py:488} INFO - 24/10/02 16:16:14 INFO DAGScheduler: Got job 0 (collect at /opt/***/jobs/python/wordcountjob.py:11) with 2 output partitions
[2024-10-02T16:16:14.312+0000] {spark_submit.py:488} INFO - 24/10/02 16:16:14 INFO DAGScheduler: Final stage: ResultStage 1 (collect at /opt/***/jobs/python/wordcountjob.py:11)
[2024-10-02T16:16:14.316+0000] {spark_submit.py:488} INFO - 24/10/02 16:16:14 INFO DAGScheduler: Parents of final stage: List(ShuffleMapStage 0)
[2024-10-02T16:16:14.335+0000] {spark_submit.py:488} INFO - 24/10/02 16:16:14 INFO DAGScheduler: Missing parents: List(ShuffleMapStage 0)
[2024-10-02T16:16:14.376+0000] {spark_submit.py:488} INFO - 24/10/02 16:16:14 INFO DAGScheduler: Submitting ShuffleMapStage 0 (PairwiseRDD[2] at reduceByKey at /opt/***/jobs/python/wordcountjob.py:9), which has no missing parents
[2024-10-02T16:16:14.663+0000] {spark_submit.py:488} INFO - 24/10/02 16:16:14 INFO MemoryStore: Block broadcast_0 stored as values in memory (estimated size 10.9 KiB, free 434.4 MiB)
[2024-10-02T16:16:14.746+0000] {spark_submit.py:488} INFO - 24/10/02 16:16:14 INFO MemoryStore: Block broadcast_0_piece0 stored as bytes in memory (estimated size 7.0 KiB, free 434.4 MiB)
[2024-10-02T16:16:14.762+0000] {spark_submit.py:488} INFO - 24/10/02 16:16:14 INFO BlockManagerInfo: Added broadcast_0_piece0 in memory on 531092bfcd5c:37917 (size: 7.0 KiB, free: 434.4 MiB)
[2024-10-02T16:16:14.772+0000] {spark_submit.py:488} INFO - 24/10/02 16:16:14 INFO SparkContext: Created broadcast 0 from broadcast at DAGScheduler.scala:1585
[2024-10-02T16:16:14.820+0000] {spark_submit.py:488} INFO - 24/10/02 16:16:14 INFO DAGScheduler: Submitting 2 missing tasks from ShuffleMapStage 0 (PairwiseRDD[2] at reduceByKey at /opt/***/jobs/python/wordcountjob.py:9) (first 15 tasks are for partitions Vector(0, 1))
[2024-10-02T16:16:14.822+0000] {spark_submit.py:488} INFO - 24/10/02 16:16:14 INFO TaskSchedulerImpl: Adding task set 0.0 with 2 tasks resource profile 0
[2024-10-02T16:16:18.418+0000] {spark_submit.py:488} INFO - 24/10/02 16:16:18 INFO StandaloneAppClient$ClientEndpoint: Executor added: app-20241002161611-0003/0 on worker-20241002152625-172.20.0.5-35887 (172.20.0.5:35887) with 2 core(s)
[2024-10-02T16:16:18.421+0000] {spark_submit.py:488} INFO - 24/10/02 16:16:18 INFO StandaloneSchedulerBackend: Granted executor ID app-20241002161611-0003/0 on hostPort 172.20.0.5:35887 with 2 core(s), 1024.0 MiB RAM
[2024-10-02T16:16:18.558+0000] {spark_submit.py:488} INFO - 24/10/02 16:16:18 INFO StandaloneAppClient$ClientEndpoint: Executor updated: app-20241002161611-0003/0 is now RUNNING
[2024-10-02T16:16:22.550+0000] {spark_submit.py:488} INFO - 24/10/02 16:16:22 INFO StandaloneSchedulerBackend$StandaloneDriverEndpoint: Registered executor NettyRpcEndpointRef(spark-client://Executor) (172.20.0.5:48650) with ID 0,  ResourceProfileId 0
[2024-10-02T16:16:22.648+0000] {spark_submit.py:488} INFO - 24/10/02 16:16:22 INFO BlockManagerMasterEndpoint: Registering block manager 172.20.0.5:44713 with 434.4 MiB RAM, BlockManagerId(0, 172.20.0.5, 44713, None)
[2024-10-02T16:16:22.744+0000] {spark_submit.py:488} INFO - 24/10/02 16:16:22 INFO TaskSetManager: Starting task 0.0 in stage 0.0 (TID 0) (172.20.0.5, executor 0, partition 0, PROCESS_LOCAL, 9039 bytes)
[2024-10-02T16:16:22.753+0000] {spark_submit.py:488} INFO - 24/10/02 16:16:22 INFO TaskSetManager: Starting task 1.0 in stage 0.0 (TID 1) (172.20.0.5, executor 0, partition 1, PROCESS_LOCAL, 9072 bytes)
[2024-10-02T16:16:23.180+0000] {spark_submit.py:488} INFO - 24/10/02 16:16:23 INFO BlockManagerInfo: Added broadcast_0_piece0 in memory on 172.20.0.5:44713 (size: 7.0 KiB, free: 434.4 MiB)
[2024-10-02T16:16:25.793+0000] {spark_submit.py:488} INFO - 24/10/02 16:16:25 INFO TaskSetManager: Finished task 1.0 in stage 0.0 (TID 1) in 3040 ms on 172.20.0.5 (executor 0) (1/2)
[2024-10-02T16:16:25.804+0000] {spark_submit.py:488} INFO - 24/10/02 16:16:25 INFO TaskSetManager: Finished task 0.0 in stage 0.0 (TID 0) in 3087 ms on 172.20.0.5 (executor 0) (2/2)
[2024-10-02T16:16:25.806+0000] {spark_submit.py:488} INFO - 24/10/02 16:16:25 INFO TaskSchedulerImpl: Removed TaskSet 0.0, whose tasks have all completed, from pool
[2024-10-02T16:16:25.813+0000] {spark_submit.py:488} INFO - 24/10/02 16:16:25 INFO PythonAccumulatorV2: Connected to AccumulatorServer at host: 127.0.0.1 port: 52931
[2024-10-02T16:16:25.837+0000] {spark_submit.py:488} INFO - 24/10/02 16:16:25 INFO DAGScheduler: ShuffleMapStage 0 (reduceByKey at /opt/***/jobs/python/wordcountjob.py:9) finished in 11.355 s
[2024-10-02T16:16:25.840+0000] {spark_submit.py:488} INFO - 24/10/02 16:16:25 INFO DAGScheduler: looking for newly runnable stages
[2024-10-02T16:16:25.842+0000] {spark_submit.py:488} INFO - 24/10/02 16:16:25 INFO DAGScheduler: running: Set()
[2024-10-02T16:16:25.844+0000] {spark_submit.py:488} INFO - 24/10/02 16:16:25 INFO DAGScheduler: waiting: Set(ResultStage 1)
[2024-10-02T16:16:25.846+0000] {spark_submit.py:488} INFO - 24/10/02 16:16:25 INFO DAGScheduler: failed: Set()
[2024-10-02T16:16:25.858+0000] {spark_submit.py:488} INFO - 24/10/02 16:16:25 INFO DAGScheduler: Submitting ResultStage 1 (PythonRDD[5] at collect at /opt/***/jobs/python/wordcountjob.py:11), which has no missing parents
[2024-10-02T16:16:25.885+0000] {spark_submit.py:488} INFO - 24/10/02 16:16:25 INFO MemoryStore: Block broadcast_1 stored as values in memory (estimated size 10.0 KiB, free 434.4 MiB)
[2024-10-02T16:16:25.889+0000] {spark_submit.py:488} INFO - 24/10/02 16:16:25 INFO MemoryStore: Block broadcast_1_piece0 stored as bytes in memory (estimated size 6.0 KiB, free 434.4 MiB)
[2024-10-02T16:16:25.891+0000] {spark_submit.py:488} INFO - 24/10/02 16:16:25 INFO BlockManagerInfo: Added broadcast_1_piece0 in memory on 531092bfcd5c:37917 (size: 6.0 KiB, free: 434.4 MiB)
[2024-10-02T16:16:25.893+0000] {spark_submit.py:488} INFO - 24/10/02 16:16:25 INFO SparkContext: Created broadcast 1 from broadcast at DAGScheduler.scala:1585
[2024-10-02T16:16:25.898+0000] {spark_submit.py:488} INFO - 24/10/02 16:16:25 INFO DAGScheduler: Submitting 2 missing tasks from ResultStage 1 (PythonRDD[5] at collect at /opt/***/jobs/python/wordcountjob.py:11) (first 15 tasks are for partitions Vector(0, 1))
[2024-10-02T16:16:25.899+0000] {spark_submit.py:488} INFO - 24/10/02 16:16:25 INFO TaskSchedulerImpl: Adding task set 1.0 with 2 tasks resource profile 0
[2024-10-02T16:16:25.909+0000] {spark_submit.py:488} INFO - 24/10/02 16:16:25 INFO TaskSetManager: Starting task 0.0 in stage 1.0 (TID 2) (172.20.0.5, executor 0, partition 0, NODE_LOCAL, 8821 bytes)
[2024-10-02T16:16:25.910+0000] {spark_submit.py:488} INFO - 24/10/02 16:16:25 INFO TaskSetManager: Starting task 1.0 in stage 1.0 (TID 3) (172.20.0.5, executor 0, partition 1, NODE_LOCAL, 8821 bytes)
[2024-10-02T16:16:25.960+0000] {spark_submit.py:488} INFO - 24/10/02 16:16:25 INFO BlockManagerInfo: Added broadcast_1_piece0 in memory on 172.20.0.5:44713 (size: 6.0 KiB, free: 434.4 MiB)
[2024-10-02T16:16:26.105+0000] {spark_submit.py:488} INFO - 24/10/02 16:16:26 INFO MapOutputTrackerMasterEndpoint: Asked to send map output locations for shuffle 0 to 172.20.0.5:48650
[2024-10-02T16:16:26.512+0000] {spark_submit.py:488} INFO - 24/10/02 16:16:26 INFO TaskSetManager: Finished task 1.0 in stage 1.0 (TID 3) in 602 ms on 172.20.0.5 (executor 0) (1/2)
[2024-10-02T16:16:26.519+0000] {spark_submit.py:488} INFO - 24/10/02 16:16:26 INFO TaskSetManager: Finished task 0.0 in stage 1.0 (TID 2) in 614 ms on 172.20.0.5 (executor 0) (2/2)
[2024-10-02T16:16:26.525+0000] {spark_submit.py:488} INFO - 24/10/02 16:16:26 INFO TaskSchedulerImpl: Removed TaskSet 1.0, whose tasks have all completed, from pool
[2024-10-02T16:16:26.526+0000] {spark_submit.py:488} INFO - 24/10/02 16:16:26 INFO DAGScheduler: ResultStage 1 (collect at /opt/***/jobs/python/wordcountjob.py:11) finished in 0.645 s
[2024-10-02T16:16:26.531+0000] {spark_submit.py:488} INFO - 24/10/02 16:16:26 INFO DAGScheduler: Job 0 is finished. Cancelling potential speculative or zombie tasks for this job
[2024-10-02T16:16:26.533+0000] {spark_submit.py:488} INFO - 24/10/02 16:16:26 INFO TaskSchedulerImpl: Killing all running tasks in stage 1: Stage finished
[2024-10-02T16:16:26.540+0000] {spark_submit.py:488} INFO - 24/10/02 16:16:26 INFO DAGScheduler: Job 0 finished: collect at /opt/***/jobs/python/wordcountjob.py:11, took 12.407583 s
[2024-10-02T16:16:26.581+0000] {spark_submit.py:488} INFO - Python 1
[2024-10-02T16:16:26.582+0000] {spark_submit.py:488} INFO - Airflow 1
[2024-10-02T16:16:26.582+0000] {spark_submit.py:488} INFO - Docker 1
[2024-10-02T16:16:26.583+0000] {spark_submit.py:488} INFO - and 1
[2024-10-02T16:16:26.584+0000] {spark_submit.py:488} INFO - Yusuf 1
[2024-10-02T16:16:26.585+0000] {spark_submit.py:488} INFO - Hello 5
[2024-10-02T16:16:26.586+0000] {spark_submit.py:488} INFO - Spark 1
[2024-10-02T16:16:26.587+0000] {spark_submit.py:488} INFO - 24/10/02 16:16:26 INFO SparkContext: SparkContext is stopping with exitCode 0.
[2024-10-02T16:16:26.602+0000] {spark_submit.py:488} INFO - 24/10/02 16:16:26 INFO SparkUI: Stopped Spark web UI at http://531092bfcd5c:4040
[2024-10-02T16:16:26.610+0000] {spark_submit.py:488} INFO - 24/10/02 16:16:26 INFO StandaloneSchedulerBackend: Shutting down all executors
[2024-10-02T16:16:26.611+0000] {spark_submit.py:488} INFO - 24/10/02 16:16:26 INFO StandaloneSchedulerBackend$StandaloneDriverEndpoint: Asking each executor to shut down
[2024-10-02T16:16:26.646+0000] {spark_submit.py:488} INFO - 24/10/02 16:16:26 INFO MapOutputTrackerMasterEndpoint: MapOutputTrackerMasterEndpoint stopped!
[2024-10-02T16:16:26.751+0000] {spark_submit.py:488} INFO - 24/10/02 16:16:26 INFO MemoryStore: MemoryStore cleared
[2024-10-02T16:16:26.752+0000] {spark_submit.py:488} INFO - 24/10/02 16:16:26 INFO BlockManager: BlockManager stopped
[2024-10-02T16:16:26.778+0000] {spark_submit.py:488} INFO - 24/10/02 16:16:26 INFO BlockManagerMaster: BlockManagerMaster stopped
[2024-10-02T16:16:26.784+0000] {spark_submit.py:488} INFO - 24/10/02 16:16:26 INFO OutputCommitCoordinator$OutputCommitCoordinatorEndpoint: OutputCommitCoordinator stopped!
[2024-10-02T16:16:26.819+0000] {spark_submit.py:488} INFO - 24/10/02 16:16:26 INFO SparkContext: Successfully stopped SparkContext
[2024-10-02T16:16:27.630+0000] {spark_submit.py:488} INFO - 24/10/02 16:16:27 INFO ShutdownHookManager: Shutdown hook called
[2024-10-02T16:16:27.631+0000] {spark_submit.py:488} INFO - 24/10/02 16:16:27 INFO ShutdownHookManager: Deleting directory /tmp/spark-d7facbe2-47c0-43cc-a36e-eb5310c78f7a
[2024-10-02T16:16:27.637+0000] {spark_submit.py:488} INFO - 24/10/02 16:16:27 INFO ShutdownHookManager: Deleting directory /tmp/spark-46d22037-64ff-4cb7-af44-a47841903d6e/pyspark-75c98818-008f-4879-a4ce-7f51e623acf3
[2024-10-02T16:16:27.643+0000] {spark_submit.py:488} INFO - 24/10/02 16:16:27 INFO ShutdownHookManager: Deleting directory /tmp/spark-46d22037-64ff-4cb7-af44-a47841903d6e
[2024-10-02T16:16:27.736+0000] {taskinstance.py:340} INFO - ::group::Post task execution logs
[2024-10-02T16:16:27.737+0000] {taskinstance.py:352} INFO - Marking task as SUCCESS. dag_id=sparking_flow, task_id=python_job, run_id=manual__2024-10-02T16:15:51.895351+00:00, execution_date=20241002T161551, start_date=20241002T161554, end_date=20241002T161627
[2024-10-02T16:16:27.799+0000] {local_task_job_runner.py:266} INFO - Task exited with return code 0
[2024-10-02T16:16:27.873+0000] {taskinstance.py:3900} INFO - 1 downstream tasks scheduled from follow-on schedule check
[2024-10-02T16:16:27.878+0000] {local_task_job_runner.py:245} INFO - ::endgroup::
