[2024-09-25T11:11:15.811+0000] {local_task_job_runner.py:123} INFO - ::group::Pre task execution logs
[2024-09-25T11:11:15.889+0000] {taskinstance.py:2612} INFO - Dependencies all met for dep_context=non-requeueable deps ti=<TaskInstance: etl_pipeline.pipeline.staging.dellstore_spreadsheet.extract manual__2024-09-25T11:08:58.108660+00:00 [queued]>
[2024-09-25T11:11:15.943+0000] {taskinstance.py:2612} INFO - Dependencies all met for dep_context=requeueable deps ti=<TaskInstance: etl_pipeline.pipeline.staging.dellstore_spreadsheet.extract manual__2024-09-25T11:08:58.108660+00:00 [queued]>
[2024-09-25T11:11:15.947+0000] {taskinstance.py:2865} INFO - Starting attempt 1 of 1
[2024-09-25T11:11:16.118+0000] {taskinstance.py:2888} INFO - Executing <Task(PythonOperator): pipeline.staging.dellstore_spreadsheet.extract> on 2024-09-25 11:08:58.108660+00:00
[2024-09-25T11:11:16.189+0000] {warnings.py:112} WARNING - /home/***/.local/lib/python3.12/site-packages/***/task/task_runner/standard_task_runner.py:70: DeprecationWarning: This process (pid=897) is multi-threaded, use of fork() may lead to deadlocks in the child.
  pid = os.fork()

[2024-09-25T11:11:16.194+0000] {standard_task_runner.py:72} INFO - Started process 902 to run task
[2024-09-25T11:11:16.211+0000] {standard_task_runner.py:104} INFO - Running: ['***', 'tasks', 'run', 'etl_pipeline', 'pipeline.staging.dellstore_spreadsheet.extract', 'manual__2024-09-25T11:08:58.108660+00:00', '--job-id', '224', '--raw', '--subdir', 'DAGS_FOLDER/etl_pipeline/run.py', '--cfg-path', '/tmp/tmpaig5zvyy']
[2024-09-25T11:11:16.228+0000] {standard_task_runner.py:105} INFO - Job 224: Subtask pipeline.staging.dellstore_spreadsheet.extract
[2024-09-25T11:11:16.412+0000] {task_command.py:467} INFO - Running <TaskInstance: etl_pipeline.pipeline.staging.dellstore_spreadsheet.extract manual__2024-09-25T11:08:58.108660+00:00 [running]> on host e10075799413
[2024-09-25T11:11:16.668+0000] {taskinstance.py:3131} INFO - Exporting env vars: AIRFLOW_CTX_DAG_OWNER='***' AIRFLOW_CTX_DAG_ID='etl_pipeline' AIRFLOW_CTX_TASK_ID='pipeline.staging.dellstore_spreadsheet.extract' AIRFLOW_CTX_EXECUTION_DATE='2024-09-25T11:08:58.108660+00:00' AIRFLOW_CTX_TRY_NUMBER='1' AIRFLOW_CTX_DAG_RUN_ID='manual__2024-09-25T11:08:58.108660+00:00'
[2024-09-25T11:11:16.676+0000] {taskinstance.py:731} INFO - ::endgroup::
[2024-09-25T11:11:16.704+0000] {connection.py:277} WARNING - Connection schemes (type: google_cloud_platform) shall not contain '_' according to RFC3986.
[2024-09-25T11:11:16.723+0000] {base.py:84} INFO - Retrieving connection 'dellstore_analytics'
[2024-09-25T11:11:19.268+0000] {base.py:84} INFO - Retrieving connection 'minio'
[2024-09-25T11:11:19.321+0000] {python.py:240} INFO - Done. Returned value was: None
[2024-09-25T11:11:19.364+0000] {taskinstance.py:340} INFO - ::group::Post task execution logs
[2024-09-25T11:11:19.366+0000] {taskinstance.py:352} INFO - Marking task as SUCCESS. dag_id=etl_pipeline, task_id=pipeline.staging.dellstore_spreadsheet.extract, run_id=manual__2024-09-25T11:08:58.108660+00:00, execution_date=20240925T110858, start_date=20240925T111115, end_date=20240925T111119
[2024-09-25T11:11:19.441+0000] {local_task_job_runner.py:266} INFO - Task exited with return code 0
[2024-09-25T11:11:19.559+0000] {taskinstance.py:3900} INFO - 1 downstream tasks scheduled from follow-on schedule check
[2024-09-25T11:11:19.564+0000] {local_task_job_runner.py:245} INFO - ::endgroup::
