[2024-09-25T11:12:27.280+0000] {local_task_job_runner.py:123} INFO - ::group::Pre task execution logs
[2024-09-25T11:12:27.318+0000] {taskinstance.py:2612} INFO - Dependencies all met for dep_context=non-requeueable deps ti=<TaskInstance: etl_pipeline.pipeline.warehouse.step_1.load.products manual__2024-09-25T11:08:58.108660+00:00 [queued]>
[2024-09-25T11:12:27.337+0000] {taskinstance.py:2612} INFO - Dependencies all met for dep_context=requeueable deps ti=<TaskInstance: etl_pipeline.pipeline.warehouse.step_1.load.products manual__2024-09-25T11:08:58.108660+00:00 [queued]>
[2024-09-25T11:12:27.337+0000] {taskinstance.py:2865} INFO - Starting attempt 1 of 1
[2024-09-25T11:12:27.377+0000] {taskinstance.py:2888} INFO - Executing <Task(PythonOperator): pipeline.warehouse.step_1.load.products> on 2024-09-25 11:08:58.108660+00:00
[2024-09-25T11:12:27.393+0000] {warnings.py:112} WARNING - /home/***/.local/lib/python3.12/site-packages/***/task/task_runner/standard_task_runner.py:70: DeprecationWarning: This process (pid=998) is multi-threaded, use of fork() may lead to deadlocks in the child.
  pid = os.fork()

[2024-09-25T11:12:27.397+0000] {standard_task_runner.py:72} INFO - Started process 1000 to run task
[2024-09-25T11:12:27.398+0000] {standard_task_runner.py:104} INFO - Running: ['***', 'tasks', 'run', 'etl_pipeline', 'pipeline.warehouse.step_1.load.products', 'manual__2024-09-25T11:08:58.108660+00:00', '--job-id', '245', '--raw', '--subdir', 'DAGS_FOLDER/etl_pipeline/run.py', '--cfg-path', '/tmp/tmp44rocphl']
[2024-09-25T11:12:27.403+0000] {standard_task_runner.py:105} INFO - Job 245: Subtask pipeline.warehouse.step_1.load.products
[2024-09-25T11:12:27.497+0000] {task_command.py:467} INFO - Running <TaskInstance: etl_pipeline.pipeline.warehouse.step_1.load.products manual__2024-09-25T11:08:58.108660+00:00 [running]> on host e10075799413
[2024-09-25T11:12:27.708+0000] {taskinstance.py:3131} INFO - Exporting env vars: AIRFLOW_CTX_DAG_OWNER='***' AIRFLOW_CTX_DAG_ID='etl_pipeline' AIRFLOW_CTX_TASK_ID='pipeline.warehouse.step_1.load.products' AIRFLOW_CTX_EXECUTION_DATE='2024-09-25T11:08:58.108660+00:00' AIRFLOW_CTX_TRY_NUMBER='1' AIRFLOW_CTX_DAG_RUN_ID='manual__2024-09-25T11:08:58.108660+00:00'
[2024-09-25T11:12:27.711+0000] {taskinstance.py:731} INFO - ::endgroup::
[2024-09-25T11:12:27.738+0000] {base.py:84} INFO - Retrieving connection 'minio'
[2024-09-25T11:12:27.828+0000] {base.py:84} INFO - Retrieving connection 'warehouse_db'
[2024-09-25T11:12:32.667+0000] {python.py:240} INFO - Done. Returned value was: None
[2024-09-25T11:12:32.695+0000] {taskinstance.py:340} INFO - ::group::Post task execution logs
[2024-09-25T11:12:32.696+0000] {taskinstance.py:352} INFO - Marking task as SUCCESS. dag_id=etl_pipeline, task_id=pipeline.warehouse.step_1.load.products, run_id=manual__2024-09-25T11:08:58.108660+00:00, execution_date=20240925T110858, start_date=20240925T111227, end_date=20240925T111232
[2024-09-25T11:12:32.796+0000] {local_task_job_runner.py:266} INFO - Task exited with return code 0
[2024-09-25T11:12:32.890+0000] {taskinstance.py:3900} INFO - 0 downstream tasks scheduled from follow-on schedule check
[2024-09-25T11:12:32.900+0000] {local_task_job_runner.py:245} INFO - ::endgroup::
