[2024-10-02T17:17:12.421+0000] {local_task_job_runner.py:123} INFO - ::group::Pre task execution logs
[2024-10-02T17:17:12.480+0000] {taskinstance.py:2612} INFO - Dependencies all met for dep_context=non-requeueable deps ti=<TaskInstance: etl_pipeline.staging.dellstore_db.load.inventory manual__2024-10-02T17:10:54.658014+00:00 [queued]>
[2024-10-02T17:17:12.510+0000] {taskinstance.py:2612} INFO - Dependencies all met for dep_context=requeueable deps ti=<TaskInstance: etl_pipeline.staging.dellstore_db.load.inventory manual__2024-10-02T17:10:54.658014+00:00 [queued]>
[2024-10-02T17:17:12.511+0000] {taskinstance.py:2865} INFO - Starting attempt 1 of 1
[2024-10-02T17:17:12.547+0000] {taskinstance.py:2888} INFO - Executing <Task(PythonOperator): staging.dellstore_db.load.inventory> on 2024-10-02 17:10:54.658014+00:00
[2024-10-02T17:17:12.561+0000] {clientserver.py:543} INFO - Closing down clientserver connection
[2024-10-02T17:17:12.572+0000] {standard_task_runner.py:104} INFO - Running: ['***', 'tasks', 'run', 'etl_pipeline', 'staging.dellstore_db.load.inventory', 'manual__2024-10-02T17:10:54.658014+00:00', '--job-id', '13429', '--raw', '--subdir', 'DAGS_FOLDER/etl_pipeline/run.py', '--cfg-path', '/tmp/tmpqqu_7u_1']
[2024-10-02T17:17:12.576+0000] {standard_task_runner.py:105} INFO - Job 13429: Subtask staging.dellstore_db.load.inventory
[2024-10-02T17:17:12.577+0000] {logging_mixin.py:190} WARNING - /home/***/.local/lib/python3.12/site-packages/***/task/task_runner/standard_task_runner.py:70 DeprecationWarning: This process (pid=17162) is multi-threaded, use of fork() may lead to deadlocks in the child.
[2024-10-02T17:17:12.578+0000] {standard_task_runner.py:72} INFO - Started process 17298 to run task
[2024-10-02T17:17:12.666+0000] {task_command.py:467} INFO - Running <TaskInstance: etl_pipeline.staging.dellstore_db.load.inventory manual__2024-10-02T17:10:54.658014+00:00 [running]> on host 19cd1516b3ca
[2024-10-02T17:17:13.184+0000] {taskinstance.py:3131} INFO - Exporting env vars: AIRFLOW_CTX_DAG_OWNER='***' AIRFLOW_CTX_DAG_ID='etl_pipeline' AIRFLOW_CTX_TASK_ID='staging.dellstore_db.load.inventory' AIRFLOW_CTX_EXECUTION_DATE='2024-10-02T17:10:54.658014+00:00' AIRFLOW_CTX_TRY_NUMBER='1' AIRFLOW_CTX_DAG_RUN_ID='manual__2024-10-02T17:10:54.658014+00:00'
[2024-10-02T17:17:13.187+0000] {taskinstance.py:731} INFO - ::endgroup::
[2024-10-02T17:17:13.218+0000] {base.py:84} INFO - Retrieving connection 'staging_db'
[2024-10-02T17:17:13.245+0000] {base.py:84} INFO - Retrieving connection 'minio'
[2024-10-02T17:17:15.741+0000] {python.py:240} INFO - Done. Returned value was: None
[2024-10-02T17:17:15.815+0000] {taskinstance.py:340} INFO - ::group::Post task execution logs
[2024-10-02T17:17:15.817+0000] {taskinstance.py:352} INFO - Marking task as SUCCESS. dag_id=etl_pipeline, task_id=staging.dellstore_db.load.inventory, run_id=manual__2024-10-02T17:10:54.658014+00:00, execution_date=20241002T171054, start_date=20241002T171712, end_date=20241002T171715
[2024-10-02T17:17:15.934+0000] {local_task_job_runner.py:266} INFO - Task exited with return code 0
[2024-10-02T17:17:16.597+0000] {taskinstance.py:3900} INFO - 1 downstream tasks scheduled from follow-on schedule check
[2024-10-02T17:17:16.602+0000] {local_task_job_runner.py:245} INFO - ::endgroup::
