[2024-09-25T09:46:42.111+0000] {local_task_job_runner.py:123} INFO - ::group::Pre task execution logs
[2024-09-25T09:46:42.141+0000] {taskinstance.py:2612} INFO - Dependencies all met for dep_context=non-requeueable deps ti=<TaskInstance: branch_python_operator_example.odd_branch manual__2024-09-25T09:46:38.846052+00:00 [queued]>
[2024-09-25T09:46:42.153+0000] {taskinstance.py:2612} INFO - Dependencies all met for dep_context=requeueable deps ti=<TaskInstance: branch_python_operator_example.odd_branch manual__2024-09-25T09:46:38.846052+00:00 [queued]>
[2024-09-25T09:46:42.154+0000] {taskinstance.py:2865} INFO - Starting attempt 1 of 2
[2024-09-25T09:46:42.170+0000] {taskinstance.py:2888} INFO - Executing <Task(PythonOperator): odd_branch> on 2024-09-25 09:46:38.846052+00:00
[2024-09-25T09:46:42.176+0000] {warnings.py:112} WARNING - /home/***/.local/lib/python3.12/site-packages/***/task/task_runner/standard_task_runner.py:70: DeprecationWarning: This process (pid=152) is multi-threaded, use of fork() may lead to deadlocks in the child.
  pid = os.fork()

[2024-09-25T09:46:42.178+0000] {standard_task_runner.py:72} INFO - Started process 160 to run task
[2024-09-25T09:46:42.179+0000] {standard_task_runner.py:104} INFO - Running: ['***', 'tasks', 'run', 'branch_python_operator_example', 'odd_branch', 'manual__2024-09-25T09:46:38.846052+00:00', '--job-id', '42', '--raw', '--subdir', 'DAGS_FOLDER/materi/branch_operator.py', '--cfg-path', '/tmp/tmpxu_9owgw']
[2024-09-25T09:46:42.180+0000] {standard_task_runner.py:105} INFO - Job 42: Subtask odd_branch
[2024-09-25T09:46:42.230+0000] {task_command.py:467} INFO - Running <TaskInstance: branch_python_operator_example.odd_branch manual__2024-09-25T09:46:38.846052+00:00 [running]> on host 639d778bfb8f
[2024-09-25T09:46:42.329+0000] {taskinstance.py:3131} INFO - Exporting env vars: AIRFLOW_CTX_DAG_OWNER='***' AIRFLOW_CTX_DAG_ID='branch_python_operator_example' AIRFLOW_CTX_TASK_ID='odd_branch' AIRFLOW_CTX_EXECUTION_DATE='2024-09-25T09:46:38.846052+00:00' AIRFLOW_CTX_TRY_NUMBER='1' AIRFLOW_CTX_DAG_RUN_ID='manual__2024-09-25T09:46:38.846052+00:00'
[2024-09-25T09:46:42.330+0000] {taskinstance.py:731} INFO - ::endgroup::
[2024-09-25T09:46:42.345+0000] {logging_mixin.py:190} INFO - This is an odd second.
[2024-09-25T09:46:42.345+0000] {python.py:240} INFO - Done. Returned value was: None
[2024-09-25T09:46:42.356+0000] {taskinstance.py:340} INFO - ::group::Post task execution logs
[2024-09-25T09:46:42.356+0000] {taskinstance.py:352} INFO - Marking task as SUCCESS. dag_id=branch_python_operator_example, task_id=odd_branch, run_id=manual__2024-09-25T09:46:38.846052+00:00, execution_date=20240925T094638, start_date=20240925T094642, end_date=20240925T094642
[2024-09-25T09:46:42.394+0000] {local_task_job_runner.py:266} INFO - Task exited with return code 0
[2024-09-25T09:46:42.419+0000] {taskinstance.py:3900} INFO - 0 downstream tasks scheduled from follow-on schedule check
[2024-09-25T09:46:42.422+0000] {local_task_job_runner.py:245} INFO - ::endgroup::
