[2024-10-02T19:23:10.213+0000] {local_task_job_runner.py:123} INFO - ::group::Pre task execution logs
[2024-10-02T19:23:10.354+0000] {taskinstance.py:2612} INFO - Dependencies all met for dep_context=non-requeueable deps ti=<TaskInstance: sparking_flow.wordcount_job manual__2024-10-02T19:23:04.505398+00:00 [queued]>
[2024-10-02T19:23:10.448+0000] {taskinstance.py:2612} INFO - Dependencies all met for dep_context=requeueable deps ti=<TaskInstance: sparking_flow.wordcount_job manual__2024-10-02T19:23:04.505398+00:00 [queued]>
[2024-10-02T19:23:10.449+0000] {taskinstance.py:2865} INFO - Starting attempt 1 of 1
[2024-10-02T19:23:10.565+0000] {taskinstance.py:2888} INFO - Executing <Task(SparkSubmitOperator): wordcount_job> on 2024-10-02 19:23:04.505398+00:00
[2024-10-02T19:23:10.675+0000] {logging_mixin.py:190} WARNING - /home/***/.local/lib/python3.12/site-packages/***/task/task_runner/standard_task_runner.py:70 DeprecationWarning: This process (pid=94705) is multi-threaded, use of fork() may lead to deadlocks in the child.
[2024-10-02T19:23:10.686+0000] {standard_task_runner.py:72} INFO - Started process 94738 to run task
[2024-10-02T19:23:10.678+0000] {standard_task_runner.py:104} INFO - Running: ['***', 'tasks', 'run', 'sparking_flow', 'wordcount_job', 'manual__2024-10-02T19:23:04.505398+00:00', '--job-id', '13478', '--raw', '--subdir', 'DAGS_FOLDER/materi/test.py', '--cfg-path', '/tmp/tmp5q7ju1g6']
[2024-10-02T19:23:10.699+0000] {standard_task_runner.py:105} INFO - Job 13478: Subtask wordcount_job
[2024-10-02T19:23:11.099+0000] {task_command.py:467} INFO - Running <TaskInstance: sparking_flow.wordcount_job manual__2024-10-02T19:23:04.505398+00:00 [running]> on host 19cd1516b3ca
[2024-10-02T19:23:11.587+0000] {taskinstance.py:3131} INFO - Exporting env vars: AIRFLOW_CTX_DAG_OWNER='Yusuf Ganiyu' AIRFLOW_CTX_DAG_ID='sparking_flow' AIRFLOW_CTX_TASK_ID='wordcount_job' AIRFLOW_CTX_EXECUTION_DATE='2024-10-02T19:23:04.505398+00:00' AIRFLOW_CTX_TRY_NUMBER='1' AIRFLOW_CTX_DAG_RUN_ID='manual__2024-10-02T19:23:04.505398+00:00'
[2024-10-02T19:23:11.594+0000] {taskinstance.py:731} INFO - ::endgroup::
[2024-10-02T19:23:11.739+0000] {base.py:84} INFO - Retrieving connection 'spark-conn'
[2024-10-02T19:23:11.748+0000] {spark_submit.py:335} INFO - Spark-Submit cmd: spark-submit --master spark://spark-master:7077 --name arrow-spark jobs/wordcountjob.py wordcountjob Hello Spark Hello Python Hello Airflow Hello Docker and Hello Yusuf
[2024-10-02T19:23:12.056+0000] {spark_submit.py:488} INFO - /home/***/.local/lib/python3.12/site-packages/pyspark/bin/load-spark-env.sh: line 68: ps: command not found
[2024-10-02T19:23:25.603+0000] {spark_submit.py:488} INFO - 24/10/02 19:23:25 INFO SparkContext: Running Spark version 3.5.3
[2024-10-02T19:23:25.612+0000] {spark_submit.py:488} INFO - 24/10/02 19:23:25 INFO SparkContext: OS info Linux, 5.15.153.1-microsoft-standard-WSL2, amd64
[2024-10-02T19:23:25.614+0000] {spark_submit.py:488} INFO - 24/10/02 19:23:25 INFO SparkContext: Java version 17.0.12
[2024-10-02T19:23:25.773+0000] {spark_submit.py:488} INFO - 24/10/02 19:23:25 WARN NativeCodeLoader: Unable to load native-hadoop library for your platform... using builtin-java classes where applicable
[2024-10-02T19:23:26.052+0000] {spark_submit.py:488} INFO - 24/10/02 19:23:26 INFO ResourceUtils: ==============================================================
[2024-10-02T19:23:26.055+0000] {spark_submit.py:488} INFO - 24/10/02 19:23:26 INFO ResourceUtils: No custom resources configured for spark.driver.
[2024-10-02T19:23:26.057+0000] {spark_submit.py:488} INFO - 24/10/02 19:23:26 INFO ResourceUtils: ==============================================================
[2024-10-02T19:23:26.058+0000] {spark_submit.py:488} INFO - 24/10/02 19:23:26 INFO SparkContext: Submitted application: PythonWordCount
[2024-10-02T19:23:26.137+0000] {spark_submit.py:488} INFO - 24/10/02 19:23:26 INFO ResourceProfile: Default ResourceProfile created, executor resources: Map(memory -> name: memory, amount: 1024, script: , vendor: , offHeap -> name: offHeap, amount: 0, script: , vendor: ), task resources: Map(cpus -> name: cpus, amount: 1.0)
[2024-10-02T19:23:26.168+0000] {spark_submit.py:488} INFO - 24/10/02 19:23:26 INFO ResourceProfile: Limiting resource is cpu
[2024-10-02T19:23:26.171+0000] {spark_submit.py:488} INFO - 24/10/02 19:23:26 INFO ResourceProfileManager: Added ResourceProfile id: 0
[2024-10-02T19:23:26.353+0000] {spark_submit.py:488} INFO - 24/10/02 19:23:26 INFO SecurityManager: Changing view acls to: ***
[2024-10-02T19:23:26.357+0000] {spark_submit.py:488} INFO - 24/10/02 19:23:26 INFO SecurityManager: Changing modify acls to: ***
[2024-10-02T19:23:26.360+0000] {spark_submit.py:488} INFO - 24/10/02 19:23:26 INFO SecurityManager: Changing view acls groups to:
[2024-10-02T19:23:26.362+0000] {spark_submit.py:488} INFO - 24/10/02 19:23:26 INFO SecurityManager: Changing modify acls groups to:
[2024-10-02T19:23:26.365+0000] {spark_submit.py:488} INFO - 24/10/02 19:23:26 INFO SecurityManager: SecurityManager: authentication disabled; ui acls disabled; users with view permissions: ***; groups with view permissions: EMPTY; users with modify permissions: ***; groups with modify permissions: EMPTY
[2024-10-02T19:23:26.991+0000] {spark_submit.py:488} INFO - 24/10/02 19:23:26 INFO Utils: Successfully started service 'sparkDriver' on port 43875.
[2024-10-02T19:23:27.083+0000] {spark_submit.py:488} INFO - 24/10/02 19:23:27 INFO SparkEnv: Registering MapOutputTracker
[2024-10-02T19:23:27.182+0000] {spark_submit.py:488} INFO - 24/10/02 19:23:27 INFO SparkEnv: Registering BlockManagerMaster
[2024-10-02T19:23:27.250+0000] {spark_submit.py:488} INFO - 24/10/02 19:23:27 INFO BlockManagerMasterEndpoint: Using org.apache.spark.storage.DefaultTopologyMapper for getting topology information
[2024-10-02T19:23:27.257+0000] {spark_submit.py:488} INFO - 24/10/02 19:23:27 INFO BlockManagerMasterEndpoint: BlockManagerMasterEndpoint up
[2024-10-02T19:23:27.292+0000] {spark_submit.py:488} INFO - 24/10/02 19:23:27 INFO SparkEnv: Registering BlockManagerMasterHeartbeat
[2024-10-02T19:23:27.382+0000] {spark_submit.py:488} INFO - 24/10/02 19:23:27 INFO DiskBlockManager: Created local directory at /tmp/blockmgr-66083a0e-1d8f-4f19-9286-8e5952809fdf
[2024-10-02T19:23:27.444+0000] {spark_submit.py:488} INFO - 24/10/02 19:23:27 INFO MemoryStore: MemoryStore started with capacity 434.4 MiB
[2024-10-02T19:23:27.517+0000] {spark_submit.py:488} INFO - 24/10/02 19:23:27 INFO SparkEnv: Registering OutputCommitCoordinator
[2024-10-02T19:23:28.032+0000] {spark_submit.py:488} INFO - 24/10/02 19:23:28 INFO JettyUtils: Start Jetty 0.0.0.0:4040 for SparkUI
[2024-10-02T19:23:28.211+0000] {spark_submit.py:488} INFO - 24/10/02 19:23:28 INFO Utils: Successfully started service 'SparkUI' on port 4040.
[2024-10-02T19:23:28.790+0000] {spark_submit.py:488} INFO - 24/10/02 19:23:28 INFO StandaloneAppClient$ClientEndpoint: Connecting to master spark://spark-master:7077...
[2024-10-02T19:23:28.974+0000] {spark_submit.py:488} INFO - 24/10/02 19:23:28 INFO TransportClientFactory: Successfully created connection to spark-master/172.20.0.9:7077 after 123 ms (0 ms spent in bootstraps)
[2024-10-02T19:23:29.285+0000] {spark_submit.py:488} INFO - 24/10/02 19:23:29 INFO StandaloneSchedulerBackend: Connected to Spark cluster with app ID app-20241002192329-0006
[2024-10-02T19:23:29.293+0000] {spark_submit.py:488} INFO - 24/10/02 19:23:29 INFO StandaloneAppClient$ClientEndpoint: Executor added: app-20241002192329-0006/0 on worker-20241002185803-172.20.0.10-34453 (172.20.0.10:34453) with 2 core(s)
[2024-10-02T19:23:29.302+0000] {spark_submit.py:488} INFO - 24/10/02 19:23:29 INFO StandaloneSchedulerBackend: Granted executor ID app-20241002192329-0006/0 on hostPort 172.20.0.10:34453 with 2 core(s), 1024.0 MiB RAM
[2024-10-02T19:23:29.328+0000] {spark_submit.py:488} INFO - 24/10/02 19:23:29 INFO Utils: Successfully started service 'org.apache.spark.network.netty.NettyBlockTransferService' on port 36471.
[2024-10-02T19:23:29.329+0000] {spark_submit.py:488} INFO - 24/10/02 19:23:29 INFO NettyBlockTransferService: Server created on 19cd1516b3ca:36471
[2024-10-02T19:23:29.335+0000] {spark_submit.py:488} INFO - 24/10/02 19:23:29 INFO BlockManager: Using org.apache.spark.storage.RandomBlockReplicationPolicy for block replication policy
[2024-10-02T19:23:29.367+0000] {spark_submit.py:488} INFO - 24/10/02 19:23:29 INFO BlockManagerMaster: Registering BlockManager BlockManagerId(driver, 19cd1516b3ca, 36471, None)
[2024-10-02T19:23:29.380+0000] {spark_submit.py:488} INFO - 24/10/02 19:23:29 INFO BlockManagerMasterEndpoint: Registering block manager 19cd1516b3ca:36471 with 434.4 MiB RAM, BlockManagerId(driver, 19cd1516b3ca, 36471, None)
[2024-10-02T19:23:29.399+0000] {spark_submit.py:488} INFO - 24/10/02 19:23:29 INFO BlockManagerMaster: Registered BlockManager BlockManagerId(driver, 19cd1516b3ca, 36471, None)
[2024-10-02T19:23:29.404+0000] {spark_submit.py:488} INFO - 24/10/02 19:23:29 INFO BlockManager: Initialized BlockManager: BlockManagerId(driver, 19cd1516b3ca, 36471, None)
[2024-10-02T19:23:29.513+0000] {spark_submit.py:488} INFO - 24/10/02 19:23:29 INFO StandaloneAppClient$ClientEndpoint: Executor updated: app-20241002192329-0006/0 is now RUNNING
[2024-10-02T19:23:30.615+0000] {spark_submit.py:488} INFO - 24/10/02 19:23:30 INFO StandaloneSchedulerBackend: SchedulerBackend is ready for scheduling beginning after reached minRegisteredResourcesRatio: 0.0
[2024-10-02T19:23:33.993+0000] {spark_submit.py:488} INFO - 24/10/02 19:23:33 INFO SparkContext: Starting job: collect at /opt/***/jobs/wordcountjob.py:11
[2024-10-02T19:23:34.137+0000] {spark_submit.py:488} INFO - 24/10/02 19:23:34 INFO DAGScheduler: Registering RDD 2 (reduceByKey at /opt/***/jobs/wordcountjob.py:9) as input to shuffle 0
[2024-10-02T19:23:34.154+0000] {spark_submit.py:488} INFO - 24/10/02 19:23:34 INFO DAGScheduler: Got job 0 (collect at /opt/***/jobs/wordcountjob.py:11) with 2 output partitions
[2024-10-02T19:23:34.159+0000] {spark_submit.py:488} INFO - 24/10/02 19:23:34 INFO DAGScheduler: Final stage: ResultStage 1 (collect at /opt/***/jobs/wordcountjob.py:11)
[2024-10-02T19:23:34.165+0000] {spark_submit.py:488} INFO - 24/10/02 19:23:34 INFO DAGScheduler: Parents of final stage: List(ShuffleMapStage 0)
[2024-10-02T19:23:34.178+0000] {spark_submit.py:488} INFO - 24/10/02 19:23:34 INFO DAGScheduler: Missing parents: List(ShuffleMapStage 0)
[2024-10-02T19:23:34.199+0000] {spark_submit.py:488} INFO - 24/10/02 19:23:34 INFO DAGScheduler: Submitting ShuffleMapStage 0 (PairwiseRDD[2] at reduceByKey at /opt/***/jobs/wordcountjob.py:9), which has no missing parents
[2024-10-02T19:23:34.494+0000] {spark_submit.py:488} INFO - 24/10/02 19:23:34 INFO MemoryStore: Block broadcast_0 stored as values in memory (estimated size 11.0 KiB, free 434.4 MiB)
[2024-10-02T19:23:34.625+0000] {spark_submit.py:488} INFO - 24/10/02 19:23:34 INFO MemoryStore: Block broadcast_0_piece0 stored as bytes in memory (estimated size 7.0 KiB, free 434.4 MiB)
[2024-10-02T19:23:34.641+0000] {spark_submit.py:488} INFO - 24/10/02 19:23:34 INFO BlockManagerInfo: Added broadcast_0_piece0 in memory on 19cd1516b3ca:36471 (size: 7.0 KiB, free: 434.4 MiB)
[2024-10-02T19:23:34.663+0000] {spark_submit.py:488} INFO - 24/10/02 19:23:34 INFO SparkContext: Created broadcast 0 from broadcast at DAGScheduler.scala:1585
[2024-10-02T19:23:34.727+0000] {spark_submit.py:488} INFO - 24/10/02 19:23:34 INFO DAGScheduler: Submitting 2 missing tasks from ShuffleMapStage 0 (PairwiseRDD[2] at reduceByKey at /opt/***/jobs/wordcountjob.py:9) (first 15 tasks are for partitions Vector(0, 1))
[2024-10-02T19:23:34.731+0000] {spark_submit.py:488} INFO - 24/10/02 19:23:34 INFO TaskSchedulerImpl: Adding task set 0.0 with 2 tasks resource profile 0
[2024-10-02T19:23:39.964+0000] {spark_submit.py:488} INFO - 24/10/02 19:23:39 INFO StandaloneSchedulerBackend$StandaloneDriverEndpoint: Registered executor NettyRpcEndpointRef(spark-client://Executor) (172.20.0.10:44528) with ID 0,  ResourceProfileId 0
[2024-10-02T19:23:40.385+0000] {spark_submit.py:488} INFO - 24/10/02 19:23:40 INFO BlockManagerMasterEndpoint: Registering block manager 172.20.0.10:45353 with 434.4 MiB RAM, BlockManagerId(0, 172.20.0.10, 45353, None)
[2024-10-02T19:23:40.681+0000] {spark_submit.py:488} INFO - 24/10/02 19:23:40 INFO TaskSetManager: Starting task 0.0 in stage 0.0 (TID 0) (172.20.0.10, executor 0, partition 0, PROCESS_LOCAL, 9039 bytes)
[2024-10-02T19:23:40.701+0000] {spark_submit.py:488} INFO - 24/10/02 19:23:40 INFO TaskSetManager: Starting task 1.0 in stage 0.0 (TID 1) (172.20.0.10, executor 0, partition 1, PROCESS_LOCAL, 9072 bytes)
[2024-10-02T19:23:42.272+0000] {spark_submit.py:488} INFO - 24/10/02 19:23:42 INFO BlockManagerInfo: Added broadcast_0_piece0 in memory on 172.20.0.10:45353 (size: 7.0 KiB, free: 434.4 MiB)
[2024-10-02T19:23:49.155+0000] {spark_submit.py:488} INFO - 24/10/02 19:23:49 INFO TaskSetManager: Finished task 1.0 in stage 0.0 (TID 1) in 8448 ms on 172.20.0.10 (executor 0) (1/2)
[2024-10-02T19:23:49.168+0000] {spark_submit.py:488} INFO - 24/10/02 19:23:49 INFO TaskSetManager: Finished task 0.0 in stage 0.0 (TID 0) in 8566 ms on 172.20.0.10 (executor 0) (2/2)
[2024-10-02T19:23:49.171+0000] {spark_submit.py:488} INFO - 24/10/02 19:23:49 INFO TaskSchedulerImpl: Removed TaskSet 0.0, whose tasks have all completed, from pool
[2024-10-02T19:23:49.189+0000] {spark_submit.py:488} INFO - 24/10/02 19:23:49 INFO PythonAccumulatorV2: Connected to AccumulatorServer at host: 127.0.0.1 port: 43813
[2024-10-02T19:23:49.246+0000] {spark_submit.py:488} INFO - 24/10/02 19:23:49 INFO DAGScheduler: ShuffleMapStage 0 (reduceByKey at /opt/***/jobs/wordcountjob.py:9) finished in 14.982 s
[2024-10-02T19:23:49.255+0000] {spark_submit.py:488} INFO - 24/10/02 19:23:49 INFO DAGScheduler: looking for newly runnable stages
[2024-10-02T19:23:49.271+0000] {spark_submit.py:488} INFO - 24/10/02 19:23:49 INFO DAGScheduler: running: Set()
[2024-10-02T19:23:49.278+0000] {spark_submit.py:488} INFO - 24/10/02 19:23:49 INFO DAGScheduler: waiting: Set(ResultStage 1)
[2024-10-02T19:23:49.283+0000] {spark_submit.py:488} INFO - 24/10/02 19:23:49 INFO DAGScheduler: failed: Set()
[2024-10-02T19:23:49.324+0000] {spark_submit.py:488} INFO - 24/10/02 19:23:49 INFO DAGScheduler: Submitting ResultStage 1 (PythonRDD[5] at collect at /opt/***/jobs/wordcountjob.py:11), which has no missing parents
[2024-10-02T19:23:49.389+0000] {spark_submit.py:488} INFO - 24/10/02 19:23:49 INFO MemoryStore: Block broadcast_1 stored as values in memory (estimated size 10.0 KiB, free 434.4 MiB)
[2024-10-02T19:23:49.404+0000] {spark_submit.py:488} INFO - 24/10/02 19:23:49 INFO MemoryStore: Block broadcast_1_piece0 stored as bytes in memory (estimated size 6.0 KiB, free 434.4 MiB)
[2024-10-02T19:23:49.413+0000] {spark_submit.py:488} INFO - 24/10/02 19:23:49 INFO BlockManagerInfo: Added broadcast_1_piece0 in memory on 19cd1516b3ca:36471 (size: 6.0 KiB, free: 434.4 MiB)
[2024-10-02T19:23:49.417+0000] {spark_submit.py:488} INFO - 24/10/02 19:23:49 INFO SparkContext: Created broadcast 1 from broadcast at DAGScheduler.scala:1585
[2024-10-02T19:23:49.434+0000] {spark_submit.py:488} INFO - 24/10/02 19:23:49 INFO DAGScheduler: Submitting 2 missing tasks from ResultStage 1 (PythonRDD[5] at collect at /opt/***/jobs/wordcountjob.py:11) (first 15 tasks are for partitions Vector(0, 1))
[2024-10-02T19:23:49.435+0000] {spark_submit.py:488} INFO - 24/10/02 19:23:49 INFO TaskSchedulerImpl: Adding task set 1.0 with 2 tasks resource profile 0
[2024-10-02T19:23:49.472+0000] {spark_submit.py:488} INFO - 24/10/02 19:23:49 INFO TaskSetManager: Starting task 0.0 in stage 1.0 (TID 2) (172.20.0.10, executor 0, partition 0, NODE_LOCAL, 8821 bytes)
[2024-10-02T19:23:49.479+0000] {spark_submit.py:488} INFO - 24/10/02 19:23:49 INFO TaskSetManager: Starting task 1.0 in stage 1.0 (TID 3) (172.20.0.10, executor 0, partition 1, NODE_LOCAL, 8821 bytes)
[2024-10-02T19:23:49.575+0000] {spark_submit.py:488} INFO - 24/10/02 19:23:49 INFO BlockManagerInfo: Added broadcast_1_piece0 in memory on 172.20.0.10:45353 (size: 6.0 KiB, free: 434.4 MiB)
[2024-10-02T19:23:49.945+0000] {spark_submit.py:488} INFO - 24/10/02 19:23:49 INFO MapOutputTrackerMasterEndpoint: Asked to send map output locations for shuffle 0 to 172.20.0.10:44528
[2024-10-02T19:23:50.714+0000] {spark_submit.py:488} INFO - 24/10/02 19:23:50 INFO TaskSetManager: Finished task 0.0 in stage 1.0 (TID 2) in 1257 ms on 172.20.0.10 (executor 0) (1/2)
[2024-10-02T19:23:50.736+0000] {spark_submit.py:488} INFO - 24/10/02 19:23:50 INFO TaskSetManager: Finished task 1.0 in stage 1.0 (TID 3) in 1258 ms on 172.20.0.10 (executor 0) (2/2)
[2024-10-02T19:23:50.737+0000] {spark_submit.py:488} INFO - 24/10/02 19:23:50 INFO TaskSchedulerImpl: Removed TaskSet 1.0, whose tasks have all completed, from pool
[2024-10-02T19:23:50.747+0000] {spark_submit.py:488} INFO - 24/10/02 19:23:50 INFO DAGScheduler: ResultStage 1 (collect at /opt/***/jobs/wordcountjob.py:11) finished in 1.365 s
[2024-10-02T19:23:50.769+0000] {spark_submit.py:488} INFO - 24/10/02 19:23:50 INFO DAGScheduler: Job 0 is finished. Cancelling potential speculative or zombie tasks for this job
[2024-10-02T19:23:50.771+0000] {spark_submit.py:488} INFO - 24/10/02 19:23:50 INFO TaskSchedulerImpl: Killing all running tasks in stage 1: Stage finished
[2024-10-02T19:23:50.785+0000] {spark_submit.py:488} INFO - 24/10/02 19:23:50 INFO DAGScheduler: Job 0 finished: collect at /opt/***/jobs/wordcountjob.py:11, took 16.796215 s
[2024-10-02T19:23:50.849+0000] {spark_submit.py:488} INFO - Python 1
[2024-10-02T19:23:50.850+0000] {spark_submit.py:488} INFO - Airflow 1
[2024-10-02T19:23:50.851+0000] {spark_submit.py:488} INFO - Docker 1
[2024-10-02T19:23:50.852+0000] {spark_submit.py:488} INFO - and 1
[2024-10-02T19:23:50.852+0000] {spark_submit.py:488} INFO - Yusuf 1
[2024-10-02T19:23:50.853+0000] {spark_submit.py:488} INFO - Hello 5
[2024-10-02T19:23:50.854+0000] {spark_submit.py:488} INFO - Spark 1
[2024-10-02T19:23:50.855+0000] {spark_submit.py:488} INFO - 24/10/02 19:23:50 INFO SparkContext: SparkContext is stopping with exitCode 0.
[2024-10-02T19:23:50.881+0000] {spark_submit.py:488} INFO - 24/10/02 19:23:50 INFO SparkUI: Stopped Spark web UI at http://19cd1516b3ca:4040
[2024-10-02T19:23:50.906+0000] {spark_submit.py:488} INFO - 24/10/02 19:23:50 INFO StandaloneSchedulerBackend: Shutting down all executors
[2024-10-02T19:23:50.921+0000] {spark_submit.py:488} INFO - 24/10/02 19:23:50 INFO StandaloneSchedulerBackend$StandaloneDriverEndpoint: Asking each executor to shut down
[2024-10-02T19:23:51.089+0000] {spark_submit.py:488} INFO - 24/10/02 19:23:51 INFO MapOutputTrackerMasterEndpoint: MapOutputTrackerMasterEndpoint stopped!
[2024-10-02T19:23:51.217+0000] {spark_submit.py:488} INFO - 24/10/02 19:23:51 INFO MemoryStore: MemoryStore cleared
[2024-10-02T19:23:51.218+0000] {spark_submit.py:488} INFO - 24/10/02 19:23:51 INFO BlockManager: BlockManager stopped
[2024-10-02T19:23:51.266+0000] {spark_submit.py:488} INFO - 24/10/02 19:23:51 INFO BlockManagerMaster: BlockManagerMaster stopped
[2024-10-02T19:23:51.275+0000] {spark_submit.py:488} INFO - 24/10/02 19:23:51 INFO OutputCommitCoordinator$OutputCommitCoordinatorEndpoint: OutputCommitCoordinator stopped!
[2024-10-02T19:23:51.352+0000] {spark_submit.py:488} INFO - 24/10/02 19:23:51 INFO SparkContext: Successfully stopped SparkContext
[2024-10-02T19:23:52.062+0000] {spark_submit.py:488} INFO - 24/10/02 19:23:52 INFO ShutdownHookManager: Shutdown hook called
[2024-10-02T19:23:52.067+0000] {spark_submit.py:488} INFO - 24/10/02 19:23:52 INFO ShutdownHookManager: Deleting directory /tmp/spark-0d52a291-3411-47cd-8680-386f63171fda
[2024-10-02T19:23:52.080+0000] {spark_submit.py:488} INFO - 24/10/02 19:23:52 INFO ShutdownHookManager: Deleting directory /tmp/spark-e2a7f8a5-730c-423d-b9cb-b859c868e844
[2024-10-02T19:23:52.107+0000] {spark_submit.py:488} INFO - 24/10/02 19:23:52 INFO ShutdownHookManager: Deleting directory /tmp/spark-e2a7f8a5-730c-423d-b9cb-b859c868e844/pyspark-bf1e6b39-49b6-4748-9390-a5f29ddca428
[2024-10-02T19:23:52.319+0000] {taskinstance.py:340} INFO - ::group::Post task execution logs
[2024-10-02T19:23:52.321+0000] {taskinstance.py:352} INFO - Marking task as SUCCESS. dag_id=sparking_flow, task_id=wordcount_job, run_id=manual__2024-10-02T19:23:04.505398+00:00, execution_date=20241002T192304, start_date=20241002T192310, end_date=20241002T192352
[2024-10-02T19:23:52.479+0000] {local_task_job_runner.py:266} INFO - Task exited with return code 0
[2024-10-02T19:23:52.634+0000] {taskinstance.py:3900} INFO - 1 downstream tasks scheduled from follow-on schedule check
[2024-10-02T19:23:52.643+0000] {local_task_job_runner.py:245} INFO - ::endgroup::
