[2024-09-25T11:02:14.277+0000] {local_task_job_runner.py:123} INFO - ::group::Pre task execution logs
[2024-09-25T11:02:14.314+0000] {taskinstance.py:2612} INFO - Dependencies all met for dep_context=non-requeueable deps ti=<TaskInstance: etl_pipeline.pipeline.staging.dellstore_db.load.customers manual__2024-09-25T11:02:00.229060+00:00 [queued]>
[2024-09-25T11:02:14.336+0000] {taskinstance.py:2612} INFO - Dependencies all met for dep_context=requeueable deps ti=<TaskInstance: etl_pipeline.pipeline.staging.dellstore_db.load.customers manual__2024-09-25T11:02:00.229060+00:00 [queued]>
[2024-09-25T11:02:14.336+0000] {taskinstance.py:2865} INFO - Starting attempt 1 of 1
[2024-09-25T11:02:14.367+0000] {taskinstance.py:2888} INFO - Executing <Task(PythonOperator): pipeline.staging.dellstore_db.load.customers> on 2024-09-25 11:02:00.229060+00:00
[2024-09-25T11:02:14.379+0000] {warnings.py:112} WARNING - /home/***/.local/lib/python3.12/site-packages/***/task/task_runner/standard_task_runner.py:70: DeprecationWarning: This process (pid=301) is multi-threaded, use of fork() may lead to deadlocks in the child.
  pid = os.fork()

[2024-09-25T11:02:14.382+0000] {standard_task_runner.py:72} INFO - Started process 307 to run task
[2024-09-25T11:02:14.383+0000] {standard_task_runner.py:104} INFO - Running: ['***', 'tasks', 'run', 'etl_pipeline', 'pipeline.staging.dellstore_db.load.customers', 'manual__2024-09-25T11:02:00.229060+00:00', '--job-id', '102', '--raw', '--subdir', 'DAGS_FOLDER/etl_pipeline/run.py', '--cfg-path', '/tmp/tmpke5z9_7y']
[2024-09-25T11:02:14.391+0000] {standard_task_runner.py:105} INFO - Job 102: Subtask pipeline.staging.dellstore_db.load.customers
[2024-09-25T11:02:14.480+0000] {task_command.py:467} INFO - Running <TaskInstance: etl_pipeline.pipeline.staging.dellstore_db.load.customers manual__2024-09-25T11:02:00.229060+00:00 [running]> on host e10075799413
[2024-09-25T11:02:14.667+0000] {taskinstance.py:3131} INFO - Exporting env vars: AIRFLOW_CTX_DAG_OWNER='***' AIRFLOW_CTX_DAG_ID='etl_pipeline' AIRFLOW_CTX_TASK_ID='pipeline.staging.dellstore_db.load.customers' AIRFLOW_CTX_EXECUTION_DATE='2024-09-25T11:02:00.229060+00:00' AIRFLOW_CTX_TRY_NUMBER='1' AIRFLOW_CTX_DAG_RUN_ID='manual__2024-09-25T11:02:00.229060+00:00'
[2024-09-25T11:02:14.669+0000] {taskinstance.py:731} INFO - ::endgroup::
[2024-09-25T11:02:14.696+0000] {base.py:84} INFO - Retrieving connection 'staging_db'
[2024-09-25T11:02:14.715+0000] {base.py:84} INFO - Retrieving connection 'minio'
[2024-09-25T11:02:29.068+0000] {python.py:240} INFO - Done. Returned value was: None
[2024-09-25T11:02:29.087+0000] {taskinstance.py:340} INFO - ::group::Post task execution logs
[2024-09-25T11:02:29.088+0000] {taskinstance.py:352} INFO - Marking task as SUCCESS. dag_id=etl_pipeline, task_id=pipeline.staging.dellstore_db.load.customers, run_id=manual__2024-09-25T11:02:00.229060+00:00, execution_date=20240925T110200, start_date=20240925T110214, end_date=20240925T110229
[2024-09-25T11:02:29.176+0000] {local_task_job_runner.py:266} INFO - Task exited with return code 0
[2024-09-25T11:02:29.294+0000] {taskinstance.py:3900} INFO - 1 downstream tasks scheduled from follow-on schedule check
[2024-09-25T11:02:29.298+0000] {local_task_job_runner.py:245} INFO - ::endgroup::
