[2024-10-02T19:20:23.786+0000] {local_task_job_runner.py:123} INFO - ::group::Pre task execution logs
[2024-10-02T19:20:23.837+0000] {taskinstance.py:2612} INFO - Dependencies all met for dep_context=non-requeueable deps ti=<TaskInstance: sparking_flow.character_count_job manual__2024-10-02T19:19:31.031341+00:00 [queued]>
[2024-10-02T19:20:23.867+0000] {taskinstance.py:2612} INFO - Dependencies all met for dep_context=requeueable deps ti=<TaskInstance: sparking_flow.character_count_job manual__2024-10-02T19:19:31.031341+00:00 [queued]>
[2024-10-02T19:20:23.868+0000] {taskinstance.py:2865} INFO - Starting attempt 1 of 1
[2024-10-02T19:20:23.903+0000] {taskinstance.py:2888} INFO - Executing <Task(SparkSubmitOperator): character_count_job> on 2024-10-02 19:19:31.031341+00:00
[2024-10-02T19:20:23.920+0000] {standard_task_runner.py:104} INFO - Running: ['***', 'tasks', 'run', 'sparking_flow', 'character_count_job', 'manual__2024-10-02T19:19:31.031341+00:00', '--job-id', '13474', '--raw', '--subdir', 'DAGS_FOLDER/materi/test.py', '--cfg-path', '/tmp/tmpkrfkf_p2']
[2024-10-02T19:20:23.928+0000] {standard_task_runner.py:105} INFO - Job 13474: Subtask character_count_job
[2024-10-02T19:20:23.929+0000] {logging_mixin.py:190} WARNING - /home/***/.local/lib/python3.12/site-packages/***/task/task_runner/standard_task_runner.py:70 DeprecationWarning: This process (pid=93083) is multi-threaded, use of fork() may lead to deadlocks in the child.
[2024-10-02T19:20:23.931+0000] {standard_task_runner.py:72} INFO - Started process 93084 to run task
[2024-10-02T19:20:24.045+0000] {task_command.py:467} INFO - Running <TaskInstance: sparking_flow.character_count_job manual__2024-10-02T19:19:31.031341+00:00 [running]> on host 19cd1516b3ca
[2024-10-02T19:20:24.267+0000] {taskinstance.py:3131} INFO - Exporting env vars: AIRFLOW_CTX_DAG_OWNER='Yusuf Ganiyu' AIRFLOW_CTX_DAG_ID='sparking_flow' AIRFLOW_CTX_TASK_ID='character_count_job' AIRFLOW_CTX_EXECUTION_DATE='2024-10-02T19:19:31.031341+00:00' AIRFLOW_CTX_TRY_NUMBER='1' AIRFLOW_CTX_DAG_RUN_ID='manual__2024-10-02T19:19:31.031341+00:00'
[2024-10-02T19:20:24.269+0000] {taskinstance.py:731} INFO - ::endgroup::
[2024-10-02T19:20:24.322+0000] {base.py:84} INFO - Retrieving connection 'spark-conn'
[2024-10-02T19:20:24.324+0000] {spark_submit.py:335} INFO - Spark-Submit cmd: spark-submit --master spark://spark-master:7077 --name arrow-spark jobs/wordcountjob.py Hello Spark Hello Python Hello Airflow Hello Docker and Hello Yusuf
[2024-10-02T19:20:24.411+0000] {spark_submit.py:488} INFO - /home/***/.local/lib/python3.12/site-packages/pyspark/bin/load-spark-env.sh: line 68: ps: command not found
[2024-10-02T19:20:33.298+0000] {spark_submit.py:488} INFO - 24/10/02 19:20:33 INFO SparkContext: Running Spark version 3.5.3
[2024-10-02T19:20:33.307+0000] {spark_submit.py:488} INFO - 24/10/02 19:20:33 INFO SparkContext: OS info Linux, 5.15.153.1-microsoft-standard-WSL2, amd64
[2024-10-02T19:20:33.309+0000] {spark_submit.py:488} INFO - 24/10/02 19:20:33 INFO SparkContext: Java version 17.0.12
[2024-10-02T19:20:33.489+0000] {spark_submit.py:488} INFO - 24/10/02 19:20:33 WARN NativeCodeLoader: Unable to load native-hadoop library for your platform... using builtin-java classes where applicable
[2024-10-02T19:20:33.917+0000] {spark_submit.py:488} INFO - 24/10/02 19:20:33 INFO ResourceUtils: ==============================================================
[2024-10-02T19:20:33.919+0000] {spark_submit.py:488} INFO - 24/10/02 19:20:33 INFO ResourceUtils: No custom resources configured for spark.driver.
[2024-10-02T19:20:33.921+0000] {spark_submit.py:488} INFO - 24/10/02 19:20:33 INFO ResourceUtils: ==============================================================
[2024-10-02T19:20:33.923+0000] {spark_submit.py:488} INFO - 24/10/02 19:20:33 INFO SparkContext: Submitted application: PythonWordCount
[2024-10-02T19:20:34.086+0000] {spark_submit.py:488} INFO - 24/10/02 19:20:34 INFO ResourceProfile: Default ResourceProfile created, executor resources: Map(memory -> name: memory, amount: 1024, script: , vendor: , offHeap -> name: offHeap, amount: 0, script: , vendor: ), task resources: Map(cpus -> name: cpus, amount: 1.0)
[2024-10-02T19:20:34.165+0000] {spark_submit.py:488} INFO - 24/10/02 19:20:34 INFO ResourceProfile: Limiting resource is cpu
[2024-10-02T19:20:34.168+0000] {spark_submit.py:488} INFO - 24/10/02 19:20:34 INFO ResourceProfileManager: Added ResourceProfile id: 0
[2024-10-02T19:20:34.437+0000] {spark_submit.py:488} INFO - 24/10/02 19:20:34 INFO SecurityManager: Changing view acls to: ***
[2024-10-02T19:20:34.439+0000] {spark_submit.py:488} INFO - 24/10/02 19:20:34 INFO SecurityManager: Changing modify acls to: ***
[2024-10-02T19:20:34.441+0000] {spark_submit.py:488} INFO - 24/10/02 19:20:34 INFO SecurityManager: Changing view acls groups to:
[2024-10-02T19:20:34.443+0000] {spark_submit.py:488} INFO - 24/10/02 19:20:34 INFO SecurityManager: Changing modify acls groups to:
[2024-10-02T19:20:34.446+0000] {spark_submit.py:488} INFO - 24/10/02 19:20:34 INFO SecurityManager: SecurityManager: authentication disabled; ui acls disabled; users with view permissions: ***; groups with view permissions: EMPTY; users with modify permissions: ***; groups with modify permissions: EMPTY
[2024-10-02T19:20:35.252+0000] {spark_submit.py:488} INFO - 24/10/02 19:20:35 INFO Utils: Successfully started service 'sparkDriver' on port 45987.
[2024-10-02T19:20:35.397+0000] {spark_submit.py:488} INFO - 24/10/02 19:20:35 INFO SparkEnv: Registering MapOutputTracker
[2024-10-02T19:20:35.520+0000] {spark_submit.py:488} INFO - 24/10/02 19:20:35 INFO SparkEnv: Registering BlockManagerMaster
[2024-10-02T19:20:35.596+0000] {spark_submit.py:488} INFO - 24/10/02 19:20:35 INFO BlockManagerMasterEndpoint: Using org.apache.spark.storage.DefaultTopologyMapper for getting topology information
[2024-10-02T19:20:35.600+0000] {spark_submit.py:488} INFO - 24/10/02 19:20:35 INFO BlockManagerMasterEndpoint: BlockManagerMasterEndpoint up
[2024-10-02T19:20:35.617+0000] {spark_submit.py:488} INFO - 24/10/02 19:20:35 INFO SparkEnv: Registering BlockManagerMasterHeartbeat
[2024-10-02T19:20:35.713+0000] {spark_submit.py:488} INFO - 24/10/02 19:20:35 INFO DiskBlockManager: Created local directory at /tmp/blockmgr-5fbb7836-8331-473e-8669-49ea4a3b7ea6
[2024-10-02T19:20:35.771+0000] {spark_submit.py:488} INFO - 24/10/02 19:20:35 INFO MemoryStore: MemoryStore started with capacity 434.4 MiB
[2024-10-02T19:20:35.829+0000] {spark_submit.py:488} INFO - 24/10/02 19:20:35 INFO SparkEnv: Registering OutputCommitCoordinator
[2024-10-02T19:20:36.327+0000] {spark_submit.py:488} INFO - 24/10/02 19:20:36 INFO JettyUtils: Start Jetty 0.0.0.0:4040 for SparkUI
[2024-10-02T19:20:36.632+0000] {spark_submit.py:488} INFO - 24/10/02 19:20:36 INFO Utils: Successfully started service 'SparkUI' on port 4040.
[2024-10-02T19:20:37.156+0000] {spark_submit.py:488} INFO - 24/10/02 19:20:37 INFO StandaloneAppClient$ClientEndpoint: Connecting to master spark://spark-master:7077...
[2024-10-02T19:20:37.339+0000] {spark_submit.py:488} INFO - 24/10/02 19:20:37 INFO TransportClientFactory: Successfully created connection to spark-master/172.20.0.9:7077 after 113 ms (0 ms spent in bootstraps)
[2024-10-02T19:20:37.763+0000] {spark_submit.py:488} INFO - 24/10/02 19:20:37 INFO StandaloneSchedulerBackend: Connected to Spark cluster with app ID app-20241002192037-0004
[2024-10-02T19:20:37.812+0000] {spark_submit.py:488} INFO - 24/10/02 19:20:37 INFO StandaloneAppClient$ClientEndpoint: Executor added: app-20241002192037-0004/0 on worker-20241002185803-172.20.0.10-34453 (172.20.0.10:34453) with 2 core(s)
[2024-10-02T19:20:37.830+0000] {spark_submit.py:488} INFO - 24/10/02 19:20:37 INFO StandaloneSchedulerBackend: Granted executor ID app-20241002192037-0004/0 on hostPort 172.20.0.10:34453 with 2 core(s), 1024.0 MiB RAM
[2024-10-02T19:20:37.833+0000] {spark_submit.py:488} INFO - 24/10/02 19:20:37 INFO Utils: Successfully started service 'org.apache.spark.network.netty.NettyBlockTransferService' on port 37079.
[2024-10-02T19:20:37.841+0000] {spark_submit.py:488} INFO - 24/10/02 19:20:37 INFO NettyBlockTransferService: Server created on 19cd1516b3ca:37079
[2024-10-02T19:20:37.842+0000] {spark_submit.py:488} INFO - 24/10/02 19:20:37 INFO BlockManager: Using org.apache.spark.storage.RandomBlockReplicationPolicy for block replication policy
[2024-10-02T19:20:37.906+0000] {spark_submit.py:488} INFO - 24/10/02 19:20:37 INFO BlockManagerMaster: Registering BlockManager BlockManagerId(driver, 19cd1516b3ca, 37079, None)
[2024-10-02T19:20:37.964+0000] {spark_submit.py:488} INFO - 24/10/02 19:20:37 INFO BlockManagerMasterEndpoint: Registering block manager 19cd1516b3ca:37079 with 434.4 MiB RAM, BlockManagerId(driver, 19cd1516b3ca, 37079, None)
[2024-10-02T19:20:37.965+0000] {spark_submit.py:488} INFO - 24/10/02 19:20:37 INFO BlockManagerMaster: Registered BlockManager BlockManagerId(driver, 19cd1516b3ca, 37079, None)
[2024-10-02T19:20:38.029+0000] {spark_submit.py:488} INFO - 24/10/02 19:20:38 INFO BlockManager: Initialized BlockManager: BlockManagerId(driver, 19cd1516b3ca, 37079, None)
[2024-10-02T19:20:38.099+0000] {spark_submit.py:488} INFO - 24/10/02 19:20:38 INFO StandaloneAppClient$ClientEndpoint: Executor updated: app-20241002192037-0004/0 is now RUNNING
[2024-10-02T19:20:39.533+0000] {spark_submit.py:488} INFO - 24/10/02 19:20:39 INFO StandaloneSchedulerBackend: SchedulerBackend is ready for scheduling beginning after reached minRegisteredResourcesRatio: 0.0
[2024-10-02T19:20:42.947+0000] {spark_submit.py:488} INFO - 24/10/02 19:20:42 INFO SparkContext: Starting job: collect at /opt/***/jobs/wordcountjob.py:10
[2024-10-02T19:20:43.176+0000] {spark_submit.py:488} INFO - 24/10/02 19:20:43 INFO DAGScheduler: Registering RDD 2 (reduceByKey at /opt/***/jobs/wordcountjob.py:8) as input to shuffle 0
[2024-10-02T19:20:43.199+0000] {spark_submit.py:488} INFO - 24/10/02 19:20:43 INFO DAGScheduler: Got job 0 (collect at /opt/***/jobs/wordcountjob.py:10) with 2 output partitions
[2024-10-02T19:20:43.203+0000] {spark_submit.py:488} INFO - 24/10/02 19:20:43 INFO DAGScheduler: Final stage: ResultStage 1 (collect at /opt/***/jobs/wordcountjob.py:10)
[2024-10-02T19:20:43.206+0000] {spark_submit.py:488} INFO - 24/10/02 19:20:43 INFO DAGScheduler: Parents of final stage: List(ShuffleMapStage 0)
[2024-10-02T19:20:43.217+0000] {spark_submit.py:488} INFO - 24/10/02 19:20:43 INFO DAGScheduler: Missing parents: List(ShuffleMapStage 0)
[2024-10-02T19:20:43.251+0000] {spark_submit.py:488} INFO - 24/10/02 19:20:43 INFO DAGScheduler: Submitting ShuffleMapStage 0 (PairwiseRDD[2] at reduceByKey at /opt/***/jobs/wordcountjob.py:8), which has no missing parents
[2024-10-02T19:20:43.748+0000] {spark_submit.py:488} INFO - 24/10/02 19:20:43 INFO MemoryStore: Block broadcast_0 stored as values in memory (estimated size 11.0 KiB, free 434.4 MiB)
[2024-10-02T19:20:43.903+0000] {spark_submit.py:488} INFO - 24/10/02 19:20:43 INFO MemoryStore: Block broadcast_0_piece0 stored as bytes in memory (estimated size 7.0 KiB, free 434.4 MiB)
[2024-10-02T19:20:43.923+0000] {spark_submit.py:488} INFO - 24/10/02 19:20:43 INFO BlockManagerInfo: Added broadcast_0_piece0 in memory on 19cd1516b3ca:37079 (size: 7.0 KiB, free: 434.4 MiB)
[2024-10-02T19:20:43.968+0000] {spark_submit.py:488} INFO - 24/10/02 19:20:43 INFO SparkContext: Created broadcast 0 from broadcast at DAGScheduler.scala:1585
[2024-10-02T19:20:44.103+0000] {spark_submit.py:488} INFO - 24/10/02 19:20:44 INFO DAGScheduler: Submitting 2 missing tasks from ShuffleMapStage 0 (PairwiseRDD[2] at reduceByKey at /opt/***/jobs/wordcountjob.py:8) (first 15 tasks are for partitions Vector(0, 1))
[2024-10-02T19:20:44.132+0000] {spark_submit.py:488} INFO - 24/10/02 19:20:44 INFO TaskSchedulerImpl: Adding task set 0.0 with 2 tasks resource profile 0
[2024-10-02T19:20:50.047+0000] {spark_submit.py:488} INFO - 24/10/02 19:20:50 INFO StandaloneSchedulerBackend$StandaloneDriverEndpoint: Registered executor NettyRpcEndpointRef(spark-client://Executor) (172.20.0.10:33554) with ID 0,  ResourceProfileId 0
[2024-10-02T19:20:50.430+0000] {spark_submit.py:488} INFO - 24/10/02 19:20:50 INFO BlockManagerMasterEndpoint: Registering block manager 172.20.0.10:37093 with 434.4 MiB RAM, BlockManagerId(0, 172.20.0.10, 37093, None)
[2024-10-02T19:20:50.753+0000] {spark_submit.py:488} INFO - 24/10/02 19:20:50 INFO TaskSetManager: Starting task 0.0 in stage 0.0 (TID 0) (172.20.0.10, executor 0, partition 0, PROCESS_LOCAL, 9039 bytes)
[2024-10-02T19:20:50.787+0000] {spark_submit.py:488} INFO - 24/10/02 19:20:50 INFO TaskSetManager: Starting task 1.0 in stage 0.0 (TID 1) (172.20.0.10, executor 0, partition 1, PROCESS_LOCAL, 9072 bytes)
[2024-10-02T19:20:52.078+0000] {spark_submit.py:488} INFO - 24/10/02 19:20:52 INFO BlockManagerInfo: Added broadcast_0_piece0 in memory on 172.20.0.10:37093 (size: 7.0 KiB, free: 434.4 MiB)
[2024-10-02T19:20:57.724+0000] {spark_submit.py:488} INFO - 24/10/02 19:20:57 INFO TaskSetManager: Finished task 0.0 in stage 0.0 (TID 0) in 7055 ms on 172.20.0.10 (executor 0) (1/2)
[2024-10-02T19:20:57.730+0000] {spark_submit.py:488} INFO - 24/10/02 19:20:57 INFO TaskSetManager: Finished task 1.0 in stage 0.0 (TID 1) in 6943 ms on 172.20.0.10 (executor 0) (2/2)
[2024-10-02T19:20:57.733+0000] {spark_submit.py:488} INFO - 24/10/02 19:20:57 INFO TaskSchedulerImpl: Removed TaskSet 0.0, whose tasks have all completed, from pool
[2024-10-02T19:20:57.744+0000] {spark_submit.py:488} INFO - 24/10/02 19:20:57 INFO PythonAccumulatorV2: Connected to AccumulatorServer at host: 127.0.0.1 port: 33759
[2024-10-02T19:20:57.764+0000] {spark_submit.py:488} INFO - 24/10/02 19:20:57 INFO DAGScheduler: ShuffleMapStage 0 (reduceByKey at /opt/***/jobs/wordcountjob.py:8) finished in 14.385 s
[2024-10-02T19:20:57.766+0000] {spark_submit.py:488} INFO - 24/10/02 19:20:57 INFO DAGScheduler: looking for newly runnable stages
[2024-10-02T19:20:57.767+0000] {spark_submit.py:488} INFO - 24/10/02 19:20:57 INFO DAGScheduler: running: Set()
[2024-10-02T19:20:57.769+0000] {spark_submit.py:488} INFO - 24/10/02 19:20:57 INFO DAGScheduler: waiting: Set(ResultStage 1)
[2024-10-02T19:20:57.771+0000] {spark_submit.py:488} INFO - 24/10/02 19:20:57 INFO DAGScheduler: failed: Set()
[2024-10-02T19:20:57.783+0000] {spark_submit.py:488} INFO - 24/10/02 19:20:57 INFO DAGScheduler: Submitting ResultStage 1 (PythonRDD[5] at collect at /opt/***/jobs/wordcountjob.py:10), which has no missing parents
[2024-10-02T19:20:57.821+0000] {spark_submit.py:488} INFO - 24/10/02 19:20:57 INFO MemoryStore: Block broadcast_1 stored as values in memory (estimated size 10.0 KiB, free 434.4 MiB)
[2024-10-02T19:20:57.826+0000] {spark_submit.py:488} INFO - 24/10/02 19:20:57 INFO MemoryStore: Block broadcast_1_piece0 stored as bytes in memory (estimated size 6.0 KiB, free 434.4 MiB)
[2024-10-02T19:20:57.828+0000] {spark_submit.py:488} INFO - 24/10/02 19:20:57 INFO BlockManagerInfo: Added broadcast_1_piece0 in memory on 19cd1516b3ca:37079 (size: 6.0 KiB, free: 434.4 MiB)
[2024-10-02T19:20:57.831+0000] {spark_submit.py:488} INFO - 24/10/02 19:20:57 INFO SparkContext: Created broadcast 1 from broadcast at DAGScheduler.scala:1585
[2024-10-02T19:20:57.838+0000] {spark_submit.py:488} INFO - 24/10/02 19:20:57 INFO DAGScheduler: Submitting 2 missing tasks from ResultStage 1 (PythonRDD[5] at collect at /opt/***/jobs/wordcountjob.py:10) (first 15 tasks are for partitions Vector(0, 1))
[2024-10-02T19:20:57.839+0000] {spark_submit.py:488} INFO - 24/10/02 19:20:57 INFO TaskSchedulerImpl: Adding task set 1.0 with 2 tasks resource profile 0
[2024-10-02T19:20:57.853+0000] {spark_submit.py:488} INFO - 24/10/02 19:20:57 INFO TaskSetManager: Starting task 0.0 in stage 1.0 (TID 2) (172.20.0.10, executor 0, partition 0, NODE_LOCAL, 8821 bytes)
[2024-10-02T19:20:57.855+0000] {spark_submit.py:488} INFO - 24/10/02 19:20:57 INFO TaskSetManager: Starting task 1.0 in stage 1.0 (TID 3) (172.20.0.10, executor 0, partition 1, NODE_LOCAL, 8821 bytes)
[2024-10-02T19:20:57.927+0000] {spark_submit.py:488} INFO - 24/10/02 19:20:57 INFO BlockManagerInfo: Added broadcast_1_piece0 in memory on 172.20.0.10:37093 (size: 6.0 KiB, free: 434.4 MiB)
[2024-10-02T19:20:58.186+0000] {spark_submit.py:488} INFO - 24/10/02 19:20:58 INFO MapOutputTrackerMasterEndpoint: Asked to send map output locations for shuffle 0 to 172.20.0.10:33554
[2024-10-02T19:20:58.309+0000] {spark_submit.py:488} INFO - 24/10/02 19:20:58 INFO BlockManagerInfo: Removed broadcast_0_piece0 on 19cd1516b3ca:37079 in memory (size: 7.0 KiB, free: 434.4 MiB)
[2024-10-02T19:20:58.365+0000] {spark_submit.py:488} INFO - 24/10/02 19:20:58 INFO BlockManagerInfo: Removed broadcast_0_piece0 on 172.20.0.10:37093 in memory (size: 7.0 KiB, free: 434.4 MiB)
[2024-10-02T19:20:58.916+0000] {spark_submit.py:488} INFO - 24/10/02 19:20:58 INFO TaskSetManager: Finished task 1.0 in stage 1.0 (TID 3) in 1062 ms on 172.20.0.10 (executor 0) (1/2)
[2024-10-02T19:20:58.997+0000] {spark_submit.py:488} INFO - 24/10/02 19:20:58 INFO TaskSetManager: Finished task 0.0 in stage 1.0 (TID 2) in 1149 ms on 172.20.0.10 (executor 0) (2/2)
[2024-10-02T19:20:58.998+0000] {spark_submit.py:488} INFO - 24/10/02 19:20:58 INFO TaskSchedulerImpl: Removed TaskSet 1.0, whose tasks have all completed, from pool
[2024-10-02T19:20:59.009+0000] {spark_submit.py:488} INFO - 24/10/02 19:20:59 INFO DAGScheduler: ResultStage 1 (collect at /opt/***/jobs/wordcountjob.py:10) finished in 1.192 s
[2024-10-02T19:20:59.026+0000] {spark_submit.py:488} INFO - 24/10/02 19:20:59 INFO DAGScheduler: Job 0 is finished. Cancelling potential speculative or zombie tasks for this job
[2024-10-02T19:20:59.037+0000] {spark_submit.py:488} INFO - 24/10/02 19:20:59 INFO TaskSchedulerImpl: Killing all running tasks in stage 1: Stage finished
[2024-10-02T19:20:59.042+0000] {spark_submit.py:488} INFO - 24/10/02 19:20:59 INFO DAGScheduler: Job 0 finished: collect at /opt/***/jobs/wordcountjob.py:10, took 16.093297 s
[2024-10-02T19:20:59.139+0000] {spark_submit.py:488} INFO - Python 1
[2024-10-02T19:20:59.140+0000] {spark_submit.py:488} INFO - Airflow 1
[2024-10-02T19:20:59.153+0000] {spark_submit.py:488} INFO - Docker 1
[2024-10-02T19:20:59.155+0000] {spark_submit.py:488} INFO - and 1
[2024-10-02T19:20:59.156+0000] {spark_submit.py:488} INFO - Yusuf 1
[2024-10-02T19:20:59.157+0000] {spark_submit.py:488} INFO - Hello 5
[2024-10-02T19:20:59.164+0000] {spark_submit.py:488} INFO - Spark 1
[2024-10-02T19:20:59.165+0000] {spark_submit.py:488} INFO - 24/10/02 19:20:59 INFO SparkContext: SparkContext is stopping with exitCode 0.
[2024-10-02T19:20:59.189+0000] {spark_submit.py:488} INFO - 24/10/02 19:20:59 INFO SparkUI: Stopped Spark web UI at http://19cd1516b3ca:4040
[2024-10-02T19:20:59.208+0000] {spark_submit.py:488} INFO - 24/10/02 19:20:59 INFO StandaloneSchedulerBackend: Shutting down all executors
[2024-10-02T19:20:59.210+0000] {spark_submit.py:488} INFO - 24/10/02 19:20:59 INFO StandaloneSchedulerBackend$StandaloneDriverEndpoint: Asking each executor to shut down
[2024-10-02T19:20:59.337+0000] {spark_submit.py:488} INFO - 24/10/02 19:20:59 INFO MapOutputTrackerMasterEndpoint: MapOutputTrackerMasterEndpoint stopped!
[2024-10-02T19:20:59.441+0000] {spark_submit.py:488} INFO - 24/10/02 19:20:59 INFO MemoryStore: MemoryStore cleared
[2024-10-02T19:20:59.445+0000] {spark_submit.py:488} INFO - 24/10/02 19:20:59 INFO BlockManager: BlockManager stopped
[2024-10-02T19:20:59.452+0000] {spark_submit.py:488} INFO - 24/10/02 19:20:59 INFO BlockManagerMaster: BlockManagerMaster stopped
[2024-10-02T19:20:59.459+0000] {spark_submit.py:488} INFO - 24/10/02 19:20:59 INFO OutputCommitCoordinator$OutputCommitCoordinatorEndpoint: OutputCommitCoordinator stopped!
[2024-10-02T19:20:59.491+0000] {spark_submit.py:488} INFO - 24/10/02 19:20:59 INFO SparkContext: Successfully stopped SparkContext
[2024-10-02T19:21:00.119+0000] {spark_submit.py:488} INFO - 24/10/02 19:21:00 INFO SparkContext: Running Spark version 3.5.3
[2024-10-02T19:21:00.120+0000] {spark_submit.py:488} INFO - 24/10/02 19:21:00 INFO SparkContext: OS info Linux, 5.15.153.1-microsoft-standard-WSL2, amd64
[2024-10-02T19:21:00.125+0000] {spark_submit.py:488} INFO - 24/10/02 19:21:00 INFO SparkContext: Java version 17.0.12
[2024-10-02T19:21:00.128+0000] {spark_submit.py:488} INFO - 24/10/02 19:21:00 INFO ResourceUtils: ==============================================================
[2024-10-02T19:21:00.130+0000] {spark_submit.py:488} INFO - 24/10/02 19:21:00 INFO ResourceUtils: No custom resources configured for spark.driver.
[2024-10-02T19:21:00.131+0000] {spark_submit.py:488} INFO - 24/10/02 19:21:00 INFO ResourceUtils: ==============================================================
[2024-10-02T19:21:00.132+0000] {spark_submit.py:488} INFO - 24/10/02 19:21:00 INFO SparkContext: Submitted application: PythonCharacterCount
[2024-10-02T19:21:00.138+0000] {spark_submit.py:488} INFO - 24/10/02 19:21:00 INFO ResourceProfile: Default ResourceProfile created, executor resources: Map(memory -> name: memory, amount: 1024, script: , vendor: , offHeap -> name: offHeap, amount: 0, script: , vendor: ), task resources: Map(cpus -> name: cpus, amount: 1.0)
[2024-10-02T19:21:00.140+0000] {spark_submit.py:488} INFO - 24/10/02 19:21:00 INFO ResourceProfile: Limiting resource is cpu
[2024-10-02T19:21:00.141+0000] {spark_submit.py:488} INFO - 24/10/02 19:21:00 INFO ResourceProfileManager: Added ResourceProfile id: 0
[2024-10-02T19:21:00.146+0000] {spark_submit.py:488} INFO - 24/10/02 19:21:00 INFO SecurityManager: Changing view acls to: ***
[2024-10-02T19:21:00.148+0000] {spark_submit.py:488} INFO - 24/10/02 19:21:00 INFO SecurityManager: Changing modify acls to: ***
[2024-10-02T19:21:00.149+0000] {spark_submit.py:488} INFO - 24/10/02 19:21:00 INFO SecurityManager: Changing view acls groups to:
[2024-10-02T19:21:00.151+0000] {spark_submit.py:488} INFO - 24/10/02 19:21:00 INFO SecurityManager: Changing modify acls groups to:
[2024-10-02T19:21:00.156+0000] {spark_submit.py:488} INFO - 24/10/02 19:21:00 INFO SecurityManager: SecurityManager: authentication disabled; ui acls disabled; users with view permissions: ***; groups with view permissions: EMPTY; users with modify permissions: ***; groups with modify permissions: EMPTY
[2024-10-02T19:21:00.219+0000] {spark_submit.py:488} INFO - 24/10/02 19:21:00 INFO Utils: Successfully started service 'sparkDriver' on port 43261.
[2024-10-02T19:21:00.245+0000] {spark_submit.py:488} INFO - 24/10/02 19:21:00 INFO SparkEnv: Registering MapOutputTracker
[2024-10-02T19:21:00.249+0000] {spark_submit.py:488} INFO - 24/10/02 19:21:00 INFO SparkEnv: Registering BlockManagerMaster
[2024-10-02T19:21:00.253+0000] {spark_submit.py:488} INFO - 24/10/02 19:21:00 INFO BlockManagerMasterEndpoint: Using org.apache.spark.storage.DefaultTopologyMapper for getting topology information
[2024-10-02T19:21:00.255+0000] {spark_submit.py:488} INFO - 24/10/02 19:21:00 INFO BlockManagerMasterEndpoint: BlockManagerMasterEndpoint up
[2024-10-02T19:21:00.259+0000] {spark_submit.py:488} INFO - 24/10/02 19:21:00 INFO SparkEnv: Registering BlockManagerMasterHeartbeat
[2024-10-02T19:21:00.264+0000] {spark_submit.py:488} INFO - 24/10/02 19:21:00 INFO DiskBlockManager: Created local directory at /tmp/blockmgr-c69e2e0f-0b9e-46e1-8714-e73096bef914
[2024-10-02T19:21:00.268+0000] {spark_submit.py:488} INFO - 24/10/02 19:21:00 INFO MemoryStore: MemoryStore started with capacity 434.4 MiB
[2024-10-02T19:21:00.284+0000] {spark_submit.py:488} INFO - 24/10/02 19:21:00 INFO SparkEnv: Registering OutputCommitCoordinator
[2024-10-02T19:21:00.346+0000] {spark_submit.py:488} INFO - 24/10/02 19:21:00 INFO JettyUtils: Start Jetty 0.0.0.0:4040 for SparkUI
[2024-10-02T19:21:00.358+0000] {spark_submit.py:488} INFO - 24/10/02 19:21:00 INFO Utils: Successfully started service 'SparkUI' on port 4040.
[2024-10-02T19:21:00.415+0000] {spark_submit.py:488} INFO - 24/10/02 19:21:00 INFO StandaloneAppClient$ClientEndpoint: Connecting to master spark://spark-master:7077...
[2024-10-02T19:21:00.424+0000] {spark_submit.py:488} INFO - 24/10/02 19:21:00 INFO TransportClientFactory: Successfully created connection to spark-master/172.20.0.9:7077 after 5 ms (0 ms spent in bootstraps)
[2024-10-02T19:21:00.450+0000] {spark_submit.py:488} INFO - 24/10/02 19:21:00 INFO StandaloneSchedulerBackend: Connected to Spark cluster with app ID app-20241002192100-0005
[2024-10-02T19:21:00.460+0000] {spark_submit.py:488} INFO - 24/10/02 19:21:00 INFO StandaloneAppClient$ClientEndpoint: Executor added: app-20241002192100-0005/0 on worker-20241002185803-172.20.0.10-34453 (172.20.0.10:34453) with 2 core(s)
[2024-10-02T19:21:00.462+0000] {spark_submit.py:488} INFO - 24/10/02 19:21:00 INFO StandaloneSchedulerBackend: Granted executor ID app-20241002192100-0005/0 on hostPort 172.20.0.10:34453 with 2 core(s), 1024.0 MiB RAM
[2024-10-02T19:21:00.470+0000] {spark_submit.py:488} INFO - 24/10/02 19:21:00 INFO Utils: Successfully started service 'org.apache.spark.network.netty.NettyBlockTransferService' on port 43111.
[2024-10-02T19:21:00.470+0000] {spark_submit.py:488} INFO - 24/10/02 19:21:00 INFO NettyBlockTransferService: Server created on 19cd1516b3ca:43111
[2024-10-02T19:21:00.471+0000] {spark_submit.py:488} INFO - 24/10/02 19:21:00 INFO BlockManager: Using org.apache.spark.storage.RandomBlockReplicationPolicy for block replication policy
[2024-10-02T19:21:00.472+0000] {spark_submit.py:488} INFO - 24/10/02 19:21:00 INFO BlockManagerMaster: Registering BlockManager BlockManagerId(driver, 19cd1516b3ca, 43111, None)
[2024-10-02T19:21:00.476+0000] {spark_submit.py:488} INFO - 24/10/02 19:21:00 INFO BlockManagerMasterEndpoint: Registering block manager 19cd1516b3ca:43111 with 434.4 MiB RAM, BlockManagerId(driver, 19cd1516b3ca, 43111, None)
[2024-10-02T19:21:00.478+0000] {spark_submit.py:488} INFO - 24/10/02 19:21:00 INFO BlockManagerMaster: Registered BlockManager BlockManagerId(driver, 19cd1516b3ca, 43111, None)
[2024-10-02T19:21:00.479+0000] {spark_submit.py:488} INFO - 24/10/02 19:21:00 INFO BlockManager: Initialized BlockManager: BlockManagerId(driver, 19cd1516b3ca, 43111, None)
[2024-10-02T19:21:00.541+0000] {spark_submit.py:488} INFO - 24/10/02 19:21:00 INFO StandaloneAppClient$ClientEndpoint: Executor updated: app-20241002192100-0005/0 is now RUNNING
[2024-10-02T19:21:00.581+0000] {spark_submit.py:488} INFO - 24/10/02 19:21:00 INFO StandaloneSchedulerBackend: SchedulerBackend is ready for scheduling beginning after reached minRegisteredResourcesRatio: 0.0
[2024-10-02T19:21:00.979+0000] {spark_submit.py:488} INFO - 24/10/02 19:21:00 INFO SparkContext: Starting job: collect at /opt/***/jobs/wordcountjob.py:22
[2024-10-02T19:21:00.983+0000] {spark_submit.py:488} INFO - 24/10/02 19:21:00 INFO DAGScheduler: Registering RDD 2 (reduceByKey at /opt/***/jobs/wordcountjob.py:20) as input to shuffle 0
[2024-10-02T19:21:00.991+0000] {spark_submit.py:488} INFO - 24/10/02 19:21:00 INFO DAGScheduler: Got job 0 (collect at /opt/***/jobs/wordcountjob.py:22) with 2 output partitions
[2024-10-02T19:21:00.992+0000] {spark_submit.py:488} INFO - 24/10/02 19:21:00 INFO DAGScheduler: Final stage: ResultStage 1 (collect at /opt/***/jobs/wordcountjob.py:22)
[2024-10-02T19:21:00.993+0000] {spark_submit.py:488} INFO - 24/10/02 19:21:00 INFO DAGScheduler: Parents of final stage: List(ShuffleMapStage 0)
[2024-10-02T19:21:01.012+0000] {spark_submit.py:488} INFO - 24/10/02 19:21:00 INFO DAGScheduler: Missing parents: List(ShuffleMapStage 0)
[2024-10-02T19:21:01.014+0000] {spark_submit.py:488} INFO - 24/10/02 19:21:00 INFO DAGScheduler: Submitting ShuffleMapStage 0 (PairwiseRDD[2] at reduceByKey at /opt/***/jobs/wordcountjob.py:20), which has no missing parents
[2024-10-02T19:21:01.029+0000] {spark_submit.py:488} INFO - 24/10/02 19:21:01 INFO MemoryStore: Block broadcast_0 stored as values in memory (estimated size 11.0 KiB, free 434.4 MiB)
[2024-10-02T19:21:01.030+0000] {spark_submit.py:488} INFO - 24/10/02 19:21:01 INFO MemoryStore: Block broadcast_0_piece0 stored as bytes in memory (estimated size 7.0 KiB, free 434.4 MiB)
[2024-10-02T19:21:01.038+0000] {spark_submit.py:488} INFO - 24/10/02 19:21:01 INFO BlockManagerInfo: Added broadcast_0_piece0 in memory on 19cd1516b3ca:43111 (size: 7.0 KiB, free: 434.4 MiB)
[2024-10-02T19:21:01.046+0000] {spark_submit.py:488} INFO - 24/10/02 19:21:01 INFO SparkContext: Created broadcast 0 from broadcast at DAGScheduler.scala:1585
[2024-10-02T19:21:01.055+0000] {spark_submit.py:488} INFO - 24/10/02 19:21:01 INFO DAGScheduler: Submitting 2 missing tasks from ShuffleMapStage 0 (PairwiseRDD[2] at reduceByKey at /opt/***/jobs/wordcountjob.py:20) (first 15 tasks are for partitions Vector(0, 1))
[2024-10-02T19:21:01.058+0000] {spark_submit.py:488} INFO - 24/10/02 19:21:01 INFO TaskSchedulerImpl: Adding task set 0.0 with 2 tasks resource profile 0
[2024-10-02T19:21:07.901+0000] {spark_submit.py:488} INFO - 24/10/02 19:21:07 INFO StandaloneSchedulerBackend$StandaloneDriverEndpoint: Registered executor NettyRpcEndpointRef(spark-client://Executor) (172.20.0.10:52916) with ID 0,  ResourceProfileId 0
[2024-10-02T19:21:08.137+0000] {spark_submit.py:488} INFO - 24/10/02 19:21:08 INFO BlockManagerMasterEndpoint: Registering block manager 172.20.0.10:40389 with 434.4 MiB RAM, BlockManagerId(0, 172.20.0.10, 40389, None)
[2024-10-02T19:21:08.321+0000] {spark_submit.py:488} INFO - 24/10/02 19:21:08 INFO TaskSetManager: Starting task 0.0 in stage 0.0 (TID 0) (172.20.0.10, executor 0, partition 0, PROCESS_LOCAL, 9098 bytes)
[2024-10-02T19:21:08.324+0000] {spark_submit.py:488} INFO - 24/10/02 19:21:08 INFO TaskSetManager: Starting task 1.0 in stage 0.0 (TID 1) (172.20.0.10, executor 0, partition 1, PROCESS_LOCAL, 9127 bytes)
[2024-10-02T19:21:09.019+0000] {spark_submit.py:488} INFO - 24/10/02 19:21:09 INFO BlockManagerInfo: Added broadcast_0_piece0 in memory on 172.20.0.10:40389 (size: 7.0 KiB, free: 434.4 MiB)
[2024-10-02T19:21:12.523+0000] {spark_submit.py:488} INFO - 24/10/02 19:21:12 INFO TaskSetManager: Finished task 1.0 in stage 0.0 (TID 1) in 4201 ms on 172.20.0.10 (executor 0) (1/2)
[2024-10-02T19:21:12.525+0000] {spark_submit.py:488} INFO - 24/10/02 19:21:12 INFO PythonAccumulatorV2: Connected to AccumulatorServer at host: 127.0.0.1 port: 36617
[2024-10-02T19:21:12.526+0000] {spark_submit.py:488} INFO - 24/10/02 19:21:12 INFO TaskSetManager: Finished task 0.0 in stage 0.0 (TID 0) in 4205 ms on 172.20.0.10 (executor 0) (2/2)
[2024-10-02T19:21:12.528+0000] {spark_submit.py:488} INFO - 24/10/02 19:21:12 INFO TaskSchedulerImpl: Removed TaskSet 0.0, whose tasks have all completed, from pool
[2024-10-02T19:21:12.536+0000] {spark_submit.py:488} INFO - 24/10/02 19:21:12 INFO DAGScheduler: ShuffleMapStage 0 (reduceByKey at /opt/***/jobs/wordcountjob.py:20) finished in 11.535 s
[2024-10-02T19:21:12.539+0000] {spark_submit.py:488} INFO - 24/10/02 19:21:12 INFO DAGScheduler: looking for newly runnable stages
[2024-10-02T19:21:12.540+0000] {spark_submit.py:488} INFO - 24/10/02 19:21:12 INFO DAGScheduler: running: Set()
[2024-10-02T19:21:12.541+0000] {spark_submit.py:488} INFO - 24/10/02 19:21:12 INFO DAGScheduler: waiting: Set(ResultStage 1)
[2024-10-02T19:21:12.542+0000] {spark_submit.py:488} INFO - 24/10/02 19:21:12 INFO DAGScheduler: failed: Set()
[2024-10-02T19:21:12.543+0000] {spark_submit.py:488} INFO - 24/10/02 19:21:12 INFO DAGScheduler: Submitting ResultStage 1 (PythonRDD[5] at collect at /opt/***/jobs/wordcountjob.py:22), which has no missing parents
[2024-10-02T19:21:12.552+0000] {spark_submit.py:488} INFO - 24/10/02 19:21:12 INFO MemoryStore: Block broadcast_1 stored as values in memory (estimated size 10.0 KiB, free 434.4 MiB)
[2024-10-02T19:21:12.569+0000] {spark_submit.py:488} INFO - 24/10/02 19:21:12 INFO MemoryStore: Block broadcast_1_piece0 stored as bytes in memory (estimated size 6.0 KiB, free 434.4 MiB)
[2024-10-02T19:21:12.570+0000] {spark_submit.py:488} INFO - 24/10/02 19:21:12 INFO BlockManagerInfo: Added broadcast_1_piece0 in memory on 19cd1516b3ca:43111 (size: 6.0 KiB, free: 434.4 MiB)
[2024-10-02T19:21:12.572+0000] {spark_submit.py:488} INFO - 24/10/02 19:21:12 INFO SparkContext: Created broadcast 1 from broadcast at DAGScheduler.scala:1585
[2024-10-02T19:21:12.574+0000] {spark_submit.py:488} INFO - 24/10/02 19:21:12 INFO DAGScheduler: Submitting 2 missing tasks from ResultStage 1 (PythonRDD[5] at collect at /opt/***/jobs/wordcountjob.py:22) (first 15 tasks are for partitions Vector(0, 1))
[2024-10-02T19:21:12.576+0000] {spark_submit.py:488} INFO - 24/10/02 19:21:12 INFO TaskSchedulerImpl: Adding task set 1.0 with 2 tasks resource profile 0
[2024-10-02T19:21:12.580+0000] {spark_submit.py:488} INFO - 24/10/02 19:21:12 INFO TaskSetManager: Starting task 0.0 in stage 1.0 (TID 2) (172.20.0.10, executor 0, partition 0, NODE_LOCAL, 8821 bytes)
[2024-10-02T19:21:12.581+0000] {spark_submit.py:488} INFO - 24/10/02 19:21:12 INFO TaskSetManager: Starting task 1.0 in stage 1.0 (TID 3) (172.20.0.10, executor 0, partition 1, NODE_LOCAL, 8821 bytes)
[2024-10-02T19:21:12.651+0000] {spark_submit.py:488} INFO - 24/10/02 19:21:12 INFO BlockManagerInfo: Added broadcast_1_piece0 in memory on 172.20.0.10:40389 (size: 6.0 KiB, free: 434.4 MiB)
[2024-10-02T19:21:12.867+0000] {spark_submit.py:488} INFO - 24/10/02 19:21:12 INFO MapOutputTrackerMasterEndpoint: Asked to send map output locations for shuffle 0 to 172.20.0.10:52916
[2024-10-02T19:21:13.615+0000] {spark_submit.py:488} INFO - 24/10/02 19:21:13 INFO TaskSetManager: Finished task 0.0 in stage 1.0 (TID 2) in 1036 ms on 172.20.0.10 (executor 0) (1/2)
[2024-10-02T19:21:13.664+0000] {spark_submit.py:488} INFO - 24/10/02 19:21:13 INFO TaskSetManager: Finished task 1.0 in stage 1.0 (TID 3) in 1083 ms on 172.20.0.10 (executor 0) (2/2)
[2024-10-02T19:21:13.671+0000] {spark_submit.py:488} INFO - 24/10/02 19:21:13 INFO DAGScheduler: ResultStage 1 (collect at /opt/***/jobs/wordcountjob.py:22) finished in 1.122 s
[2024-10-02T19:21:13.674+0000] {spark_submit.py:488} INFO - 24/10/02 19:21:13 INFO DAGScheduler: Job 0 is finished. Cancelling potential speculative or zombie tasks for this job
[2024-10-02T19:21:13.675+0000] {spark_submit.py:488} INFO - 24/10/02 19:21:13 INFO TaskSchedulerImpl: Removed TaskSet 1.0, whose tasks have all completed, from pool
[2024-10-02T19:21:13.677+0000] {spark_submit.py:488} INFO - 24/10/02 19:21:13 INFO TaskSchedulerImpl: Killing all running tasks in stage 1: Stage finished
[2024-10-02T19:21:13.684+0000] {spark_submit.py:488} INFO - 24/10/02 19:21:13 INFO DAGScheduler: Job 0 finished: collect at /opt/***/jobs/wordcountjob.py:22, took 12.701263 s
[2024-10-02T19:21:13.704+0000] {spark_submit.py:488} INFO - l 11
[2024-10-02T19:21:13.705+0000] {spark_submit.py:488} INFO - o 8
[2024-10-02T19:21:13.707+0000] {spark_submit.py:488} INFO - 10
[2024-10-02T19:21:13.708+0000] {spark_submit.py:488} INFO - S 1
[2024-10-02T19:21:13.710+0000] {spark_submit.py:488} INFO - p 1
[2024-10-02T19:21:13.712+0000] {spark_submit.py:488} INFO - t 1
[2024-10-02T19:21:13.717+0000] {spark_submit.py:488} INFO - A 1
[2024-10-02T19:21:13.720+0000] {spark_submit.py:488} INFO - D 1
[2024-10-02T19:21:13.721+0000] {spark_submit.py:488} INFO - c 1
[2024-10-02T19:21:13.722+0000] {spark_submit.py:488} INFO - d 1
[2024-10-02T19:21:13.723+0000] {spark_submit.py:488} INFO - H 5
[2024-10-02T19:21:13.724+0000] {spark_submit.py:488} INFO - e 6
[2024-10-02T19:21:13.725+0000] {spark_submit.py:488} INFO - a 2
[2024-10-02T19:21:13.730+0000] {spark_submit.py:488} INFO - r 3
[2024-10-02T19:21:13.740+0000] {spark_submit.py:488} INFO - k 2
[2024-10-02T19:21:13.741+0000] {spark_submit.py:488} INFO - P 1
[2024-10-02T19:21:13.742+0000] {spark_submit.py:488} INFO - y 1
[2024-10-02T19:21:13.743+0000] {spark_submit.py:488} INFO - h 1
[2024-10-02T19:21:13.744+0000] {spark_submit.py:488} INFO - n 2
[2024-10-02T19:21:13.745+0000] {spark_submit.py:488} INFO - i 1
[2024-10-02T19:21:13.745+0000] {spark_submit.py:488} INFO - f 2
[2024-10-02T19:21:13.746+0000] {spark_submit.py:488} INFO - w 1
[2024-10-02T19:21:13.747+0000] {spark_submit.py:488} INFO - Y 1
[2024-10-02T19:21:13.759+0000] {spark_submit.py:488} INFO - u 2
[2024-10-02T19:21:13.760+0000] {spark_submit.py:488} INFO - s 1
[2024-10-02T19:21:13.921+0000] {spark_submit.py:488} INFO - 24/10/02 19:21:13 INFO SparkContext: Invoking stop() from shutdown hook
[2024-10-02T19:21:13.922+0000] {spark_submit.py:488} INFO - 24/10/02 19:21:13 INFO SparkContext: SparkContext is stopping with exitCode 0.
[2024-10-02T19:21:13.927+0000] {spark_submit.py:488} INFO - 24/10/02 19:21:13 INFO SparkUI: Stopped Spark web UI at http://19cd1516b3ca:4040
[2024-10-02T19:21:13.929+0000] {spark_submit.py:488} INFO - 24/10/02 19:21:13 INFO StandaloneSchedulerBackend: Shutting down all executors
[2024-10-02T19:21:13.930+0000] {spark_submit.py:488} INFO - 24/10/02 19:21:13 INFO StandaloneSchedulerBackend$StandaloneDriverEndpoint: Asking each executor to shut down
[2024-10-02T19:21:13.943+0000] {spark_submit.py:488} INFO - 24/10/02 19:21:13 INFO MapOutputTrackerMasterEndpoint: MapOutputTrackerMasterEndpoint stopped!
[2024-10-02T19:21:14.001+0000] {spark_submit.py:488} INFO - 24/10/02 19:21:14 INFO MemoryStore: MemoryStore cleared
[2024-10-02T19:21:14.003+0000] {spark_submit.py:488} INFO - 24/10/02 19:21:14 INFO BlockManager: BlockManager stopped
[2024-10-02T19:21:14.024+0000] {spark_submit.py:488} INFO - 24/10/02 19:21:14 INFO BlockManagerMaster: BlockManagerMaster stopped
[2024-10-02T19:21:14.025+0000] {spark_submit.py:488} INFO - 24/10/02 19:21:14 INFO OutputCommitCoordinator$OutputCommitCoordinatorEndpoint: OutputCommitCoordinator stopped!
[2024-10-02T19:21:14.058+0000] {spark_submit.py:488} INFO - 24/10/02 19:21:14 INFO SparkContext: Successfully stopped SparkContext
[2024-10-02T19:21:14.060+0000] {spark_submit.py:488} INFO - 24/10/02 19:21:14 INFO ShutdownHookManager: Shutdown hook called
[2024-10-02T19:21:14.062+0000] {spark_submit.py:488} INFO - 24/10/02 19:21:14 INFO ShutdownHookManager: Deleting directory /tmp/spark-56c9e3b5-2b87-445f-b049-c8b741b8ee5d
[2024-10-02T19:21:14.072+0000] {spark_submit.py:488} INFO - 24/10/02 19:21:14 INFO ShutdownHookManager: Deleting directory /tmp/spark-a03d0c00-b5fd-4fe4-a1ba-16281549be80/pyspark-d63949ce-a776-42bd-aa10-1889ed59a103
[2024-10-02T19:21:14.077+0000] {spark_submit.py:488} INFO - 24/10/02 19:21:14 INFO ShutdownHookManager: Deleting directory /tmp/spark-a03d0c00-b5fd-4fe4-a1ba-16281549be80
[2024-10-02T19:21:14.090+0000] {spark_submit.py:488} INFO - 24/10/02 19:21:14 INFO ShutdownHookManager: Deleting directory /tmp/spark-a03d0c00-b5fd-4fe4-a1ba-16281549be80/pyspark-57150829-930a-4fee-a012-36a65683c7c8
[2024-10-02T19:21:14.179+0000] {taskinstance.py:340} INFO - ::group::Post task execution logs
[2024-10-02T19:21:14.181+0000] {taskinstance.py:352} INFO - Marking task as SUCCESS. dag_id=sparking_flow, task_id=character_count_job, run_id=manual__2024-10-02T19:19:31.031341+00:00, execution_date=20241002T191931, start_date=20241002T192023, end_date=20241002T192114
[2024-10-02T19:21:14.268+0000] {local_task_job_runner.py:266} INFO - Task exited with return code 0
[2024-10-02T19:21:14.362+0000] {taskinstance.py:3900} INFO - 1 downstream tasks scheduled from follow-on schedule check
[2024-10-02T19:21:14.369+0000] {local_task_job_runner.py:245} INFO - ::endgroup::
