[2024-09-25T11:09:11.117+0000] {local_task_job_runner.py:123} INFO - ::group::Pre task execution logs
[2024-09-25T11:09:11.150+0000] {taskinstance.py:2612} INFO - Dependencies all met for dep_context=non-requeueable deps ti=<TaskInstance: etl_pipeline.pipeline.staging.dellstore_db.load.categories manual__2024-09-25T11:08:58.108660+00:00 [queued]>
[2024-09-25T11:09:11.171+0000] {taskinstance.py:2612} INFO - Dependencies all met for dep_context=requeueable deps ti=<TaskInstance: etl_pipeline.pipeline.staging.dellstore_db.load.categories manual__2024-09-25T11:08:58.108660+00:00 [queued]>
[2024-09-25T11:09:11.172+0000] {taskinstance.py:2865} INFO - Starting attempt 1 of 1
[2024-09-25T11:09:11.199+0000] {taskinstance.py:2888} INFO - Executing <Task(PythonOperator): pipeline.staging.dellstore_db.load.categories> on 2024-09-25 11:08:58.108660+00:00
[2024-09-25T11:09:11.214+0000] {warnings.py:112} WARNING - /home/***/.local/lib/python3.12/site-packages/***/task/task_runner/standard_task_runner.py:70: DeprecationWarning: This process (pid=707) is multi-threaded, use of fork() may lead to deadlocks in the child.
  pid = os.fork()

[2024-09-25T11:09:11.217+0000] {standard_task_runner.py:72} INFO - Started process 715 to run task
[2024-09-25T11:09:11.218+0000] {standard_task_runner.py:104} INFO - Running: ['***', 'tasks', 'run', 'etl_pipeline', 'pipeline.staging.dellstore_db.load.categories', 'manual__2024-09-25T11:08:58.108660+00:00', '--job-id', '182', '--raw', '--subdir', 'DAGS_FOLDER/etl_pipeline/run.py', '--cfg-path', '/tmp/tmp3c8pog1c']
[2024-09-25T11:09:11.222+0000] {standard_task_runner.py:105} INFO - Job 182: Subtask pipeline.staging.dellstore_db.load.categories
[2024-09-25T11:09:11.322+0000] {task_command.py:467} INFO - Running <TaskInstance: etl_pipeline.pipeline.staging.dellstore_db.load.categories manual__2024-09-25T11:08:58.108660+00:00 [running]> on host e10075799413
[2024-09-25T11:09:11.527+0000] {taskinstance.py:3131} INFO - Exporting env vars: AIRFLOW_CTX_DAG_OWNER='***' AIRFLOW_CTX_DAG_ID='etl_pipeline' AIRFLOW_CTX_TASK_ID='pipeline.staging.dellstore_db.load.categories' AIRFLOW_CTX_EXECUTION_DATE='2024-09-25T11:08:58.108660+00:00' AIRFLOW_CTX_TRY_NUMBER='1' AIRFLOW_CTX_DAG_RUN_ID='manual__2024-09-25T11:08:58.108660+00:00'
[2024-09-25T11:09:11.531+0000] {taskinstance.py:731} INFO - ::endgroup::
[2024-09-25T11:09:11.555+0000] {base.py:84} INFO - Retrieving connection 'staging_db'
[2024-09-25T11:09:11.576+0000] {base.py:84} INFO - Retrieving connection 'minio'
[2024-09-25T11:09:11.651+0000] {python.py:240} INFO - Done. Returned value was: None
[2024-09-25T11:09:11.675+0000] {taskinstance.py:340} INFO - ::group::Post task execution logs
[2024-09-25T11:09:11.676+0000] {taskinstance.py:352} INFO - Marking task as SUCCESS. dag_id=etl_pipeline, task_id=pipeline.staging.dellstore_db.load.categories, run_id=manual__2024-09-25T11:08:58.108660+00:00, execution_date=20240925T110858, start_date=20240925T110911, end_date=20240925T110911
[2024-09-25T11:09:11.757+0000] {local_task_job_runner.py:266} INFO - Task exited with return code 0
[2024-09-25T11:09:11.929+0000] {taskinstance.py:3900} INFO - 1 downstream tasks scheduled from follow-on schedule check
[2024-09-25T11:09:11.934+0000] {local_task_job_runner.py:245} INFO - ::endgroup::
