[2024-09-25T09:58:29.786+0000] {local_task_job_runner.py:123} INFO - ::group::Pre task execution logs
[2024-09-25T09:58:29.815+0000] {taskinstance.py:2612} INFO - Dependencies all met for dep_context=non-requeueable deps ti=<TaskInstance: etl_pipeline.dellstore_spreadsheet.extract scheduled__2024-09-24T00:00:00+00:00 [queued]>
[2024-09-25T09:58:29.830+0000] {taskinstance.py:2612} INFO - Dependencies all met for dep_context=requeueable deps ti=<TaskInstance: etl_pipeline.dellstore_spreadsheet.extract scheduled__2024-09-24T00:00:00+00:00 [queued]>
[2024-09-25T09:58:29.830+0000] {taskinstance.py:2865} INFO - Starting attempt 1 of 1
[2024-09-25T09:58:29.850+0000] {taskinstance.py:2888} INFO - Executing <Task(PythonOperator): dellstore_spreadsheet.extract> on 2024-09-24 00:00:00+00:00
[2024-09-25T09:58:29.861+0000] {warnings.py:112} WARNING - /home/***/.local/lib/python3.12/site-packages/***/task/task_runner/standard_task_runner.py:70: DeprecationWarning: This process (pid=323) is multi-threaded, use of fork() may lead to deadlocks in the child.
  pid = os.fork()

[2024-09-25T09:58:29.863+0000] {standard_task_runner.py:72} INFO - Started process 325 to run task
[2024-09-25T09:58:29.864+0000] {standard_task_runner.py:104} INFO - Running: ['***', 'tasks', 'run', 'etl_pipeline', 'dellstore_spreadsheet.extract', 'scheduled__2024-09-24T00:00:00+00:00', '--job-id', '47', '--raw', '--subdir', 'DAGS_FOLDER/etl_pipeline/run.py', '--cfg-path', '/tmp/tmpi85l75ap']
[2024-09-25T09:58:29.867+0000] {standard_task_runner.py:105} INFO - Job 47: Subtask dellstore_spreadsheet.extract
[2024-09-25T09:58:29.948+0000] {task_command.py:467} INFO - Running <TaskInstance: etl_pipeline.dellstore_spreadsheet.extract scheduled__2024-09-24T00:00:00+00:00 [running]> on host 639d778bfb8f
[2024-09-25T09:58:30.081+0000] {taskinstance.py:3131} INFO - Exporting env vars: AIRFLOW_CTX_DAG_OWNER='***' AIRFLOW_CTX_DAG_ID='etl_pipeline' AIRFLOW_CTX_TASK_ID='dellstore_spreadsheet.extract' AIRFLOW_CTX_EXECUTION_DATE='2024-09-24T00:00:00+00:00' AIRFLOW_CTX_TRY_NUMBER='1' AIRFLOW_CTX_DAG_RUN_ID='scheduled__2024-09-24T00:00:00+00:00'
[2024-09-25T09:58:30.083+0000] {taskinstance.py:731} INFO - ::endgroup::
[2024-09-25T09:58:30.102+0000] {connection.py:277} WARNING - Connection schemes (type: google_cloud_platform) shall not contain '_' according to RFC3986.
[2024-09-25T09:58:30.113+0000] {base.py:84} INFO - Retrieving connection 'dellstore_analytics'
[2024-09-25T09:58:32.858+0000] {base.py:84} INFO - Retrieving connection 'minio'
[2024-09-25T09:58:32.902+0000] {python.py:240} INFO - Done. Returned value was: None
[2024-09-25T09:58:32.917+0000] {taskinstance.py:340} INFO - ::group::Post task execution logs
[2024-09-25T09:58:32.917+0000] {taskinstance.py:352} INFO - Marking task as SUCCESS. dag_id=etl_pipeline, task_id=dellstore_spreadsheet.extract, run_id=scheduled__2024-09-24T00:00:00+00:00, execution_date=20240924T000000, start_date=20240925T095829, end_date=20240925T095832
[2024-09-25T09:58:32.974+0000] {local_task_job_runner.py:266} INFO - Task exited with return code 0
[2024-09-25T09:58:33.032+0000] {taskinstance.py:3900} INFO - 1 downstream tasks scheduled from follow-on schedule check
[2024-09-25T09:58:33.035+0000] {local_task_job_runner.py:245} INFO - ::endgroup::
