[2024-10-02T19:36:36.686+0000] {local_task_job_runner.py:123} INFO - ::group::Pre task execution logs
[2024-10-02T19:36:36.718+0000] {taskinstance.py:2612} INFO - Dependencies all met for dep_context=non-requeueable deps ti=<TaskInstance: sparking_flow.wordcount_job manual__2024-10-02T19:36:34.868132+00:00 [queued]>
[2024-10-02T19:36:36.732+0000] {taskinstance.py:2612} INFO - Dependencies all met for dep_context=requeueable deps ti=<TaskInstance: sparking_flow.wordcount_job manual__2024-10-02T19:36:34.868132+00:00 [queued]>
[2024-10-02T19:36:36.734+0000] {taskinstance.py:2865} INFO - Starting attempt 1 of 1
[2024-10-02T19:36:36.755+0000] {taskinstance.py:2888} INFO - Executing <Task(SparkSubmitOperator): wordcount_job> on 2024-10-02 19:36:34.868132+00:00
[2024-10-02T19:36:36.765+0000] {standard_task_runner.py:104} INFO - Running: ['***', 'tasks', 'run', 'sparking_flow', 'wordcount_job', 'manual__2024-10-02T19:36:34.868132+00:00', '--job-id', '13491', '--raw', '--subdir', 'DAGS_FOLDER/materi/test.py', '--cfg-path', '/tmp/tmpahku8ysp']
[2024-10-02T19:36:36.768+0000] {standard_task_runner.py:105} INFO - Job 13491: Subtask wordcount_job
[2024-10-02T19:36:36.768+0000] {logging_mixin.py:190} WARNING - /home/***/.local/lib/python3.12/site-packages/***/task/task_runner/standard_task_runner.py:70 DeprecationWarning: This process (pid=103062) is multi-threaded, use of fork() may lead to deadlocks in the child.
[2024-10-02T19:36:36.769+0000] {standard_task_runner.py:72} INFO - Started process 103063 to run task
[2024-10-02T19:36:36.851+0000] {task_command.py:467} INFO - Running <TaskInstance: sparking_flow.wordcount_job manual__2024-10-02T19:36:34.868132+00:00 [running]> on host 19cd1516b3ca
[2024-10-02T19:36:37.163+0000] {taskinstance.py:3131} INFO - Exporting env vars: AIRFLOW_CTX_DAG_OWNER='Yusuf Ganiyu' AIRFLOW_CTX_DAG_ID='sparking_flow' AIRFLOW_CTX_TASK_ID='wordcount_job' AIRFLOW_CTX_EXECUTION_DATE='2024-10-02T19:36:34.868132+00:00' AIRFLOW_CTX_TRY_NUMBER='1' AIRFLOW_CTX_DAG_RUN_ID='manual__2024-10-02T19:36:34.868132+00:00'
[2024-10-02T19:36:37.165+0000] {taskinstance.py:731} INFO - ::endgroup::
[2024-10-02T19:36:37.245+0000] {base.py:84} INFO - Retrieving connection 'spark-conn'
[2024-10-02T19:36:37.247+0000] {spark_submit.py:335} INFO - Spark-Submit cmd: spark-submit --master spark://spark-master:7077 --name arrow-spark jobs/wordcountjob.py wordcountjob Hello Spark Hello Python Hello Airflow Hello Docker and Hello Yusuf
[2024-10-02T19:36:37.329+0000] {spark_submit.py:488} INFO - /home/***/.local/lib/python3.12/site-packages/pyspark/bin/load-spark-env.sh: line 68: ps: command not found
[2024-10-02T19:36:42.108+0000] {spark_submit.py:488} INFO - 24/10/02 19:36:42 INFO ShutdownHookManager: Shutdown hook called
[2024-10-02T19:36:42.118+0000] {spark_submit.py:488} INFO - 24/10/02 19:36:42 INFO ShutdownHookManager: Deleting directory /tmp/spark-fef9a01d-dbfd-45ed-a3f2-9aa8d62f56f0
[2024-10-02T19:36:42.243+0000] {taskinstance.py:340} INFO - ::group::Post task execution logs
[2024-10-02T19:36:42.244+0000] {taskinstance.py:352} INFO - Marking task as SUCCESS. dag_id=sparking_flow, task_id=wordcount_job, run_id=manual__2024-10-02T19:36:34.868132+00:00, execution_date=20241002T193634, start_date=20241002T193636, end_date=20241002T193642
[2024-10-02T19:36:42.321+0000] {local_task_job_runner.py:266} INFO - Task exited with return code 0
[2024-10-02T19:36:42.390+0000] {taskinstance.py:3900} INFO - 1 downstream tasks scheduled from follow-on schedule check
[2024-10-02T19:36:42.393+0000] {local_task_job_runner.py:245} INFO - ::endgroup::
