[2024-10-03T08:45:13.480+0000] {local_task_job_runner.py:123} INFO - ::group::Pre task execution logs
[2024-10-03T08:45:13.529+0000] {taskinstance.py:2612} INFO - Dependencies all met for dep_context=non-requeueable deps ti=<TaskInstance: etl_pipeline.staging.dellstore_api.load manual__2024-10-03T08:41:55.857004+00:00 [queued]>
[2024-10-03T08:45:13.547+0000] {taskinstance.py:2612} INFO - Dependencies all met for dep_context=requeueable deps ti=<TaskInstance: etl_pipeline.staging.dellstore_api.load manual__2024-10-03T08:41:55.857004+00:00 [queued]>
[2024-10-03T08:45:13.548+0000] {taskinstance.py:2865} INFO - Starting attempt 1 of 1
[2024-10-03T08:45:13.586+0000] {taskinstance.py:2888} INFO - Executing <Task(PythonOperator): staging.dellstore_api.load> on 2024-10-03 08:41:55.857004+00:00
[2024-10-03T08:45:13.598+0000] {logging_mixin.py:190} WARNING - /home/***/.local/lib/python3.12/site-packages/***/task/task_runner/standard_task_runner.py:70 DeprecationWarning: This process (pid=42700) is multi-threaded, use of fork() may lead to deadlocks in the child.
[2024-10-03T08:45:13.600+0000] {standard_task_runner.py:72} INFO - Started process 42704 to run task
[2024-10-03T08:45:13.598+0000] {standard_task_runner.py:104} INFO - Running: ['***', 'tasks', 'run', 'etl_pipeline', 'staging.dellstore_api.load', 'manual__2024-10-03T08:41:55.857004+00:00', '--job-id', '13641', '--raw', '--subdir', 'DAGS_FOLDER/etl_pipeline/run.py', '--cfg-path', '/tmp/tmpacnuyixg']
[2024-10-03T08:45:13.601+0000] {standard_task_runner.py:105} INFO - Job 13641: Subtask staging.dellstore_api.load
[2024-10-03T08:45:13.677+0000] {task_command.py:467} INFO - Running <TaskInstance: etl_pipeline.staging.dellstore_api.load manual__2024-10-03T08:41:55.857004+00:00 [running]> on host 8c0d519f07a3
[2024-10-03T08:45:13.839+0000] {taskinstance.py:3131} INFO - Exporting env vars: AIRFLOW_CTX_DAG_OWNER='***' AIRFLOW_CTX_DAG_ID='etl_pipeline' AIRFLOW_CTX_TASK_ID='staging.dellstore_api.load' AIRFLOW_CTX_EXECUTION_DATE='2024-10-03T08:41:55.857004+00:00' AIRFLOW_CTX_TRY_NUMBER='1' AIRFLOW_CTX_DAG_RUN_ID='manual__2024-10-03T08:41:55.857004+00:00'
[2024-10-03T08:45:13.842+0000] {taskinstance.py:731} INFO - ::endgroup::
[2024-10-03T08:45:13.886+0000] {base.py:84} INFO - Retrieving connection 'staging_db'
[2024-10-03T08:45:13.914+0000] {base.py:84} INFO - Retrieving connection 'minio'
[2024-10-03T08:45:13.934+0000] {taskinstance.py:301} INFO - dellstore_api doesn't have new data. Skipped...
[2024-10-03T08:45:13.973+0000] {taskinstance.py:340} INFO - ::group::Post task execution logs
[2024-10-03T08:45:13.975+0000] {taskinstance.py:352} INFO - Marking task as SKIPPED. dag_id=etl_pipeline, task_id=staging.dellstore_api.load, run_id=manual__2024-10-03T08:41:55.857004+00:00, execution_date=20241003T084155, start_date=20241003T084513, end_date=20241003T084513
[2024-10-03T08:45:14.058+0000] {local_task_job_runner.py:266} INFO - Task exited with return code 0
[2024-10-03T08:45:14.123+0000] {taskinstance.py:3900} INFO - 0 downstream tasks scheduled from follow-on schedule check
[2024-10-03T08:45:14.137+0000] {local_task_job_runner.py:245} INFO - ::endgroup::
