[2024-09-25T09:59:53.121+0000] {local_task_job_runner.py:123} INFO - ::group::Pre task execution logs
[2024-09-25T09:59:53.257+0000] {taskinstance.py:2612} INFO - Dependencies all met for dep_context=non-requeueable deps ti=<TaskInstance: etl_pipeline.warehouse.step_1.extract_transform.orders_history scheduled__2024-09-24T00:00:00+00:00 [queued]>
[2024-09-25T09:59:53.301+0000] {taskinstance.py:2612} INFO - Dependencies all met for dep_context=requeueable deps ti=<TaskInstance: etl_pipeline.warehouse.step_1.extract_transform.orders_history scheduled__2024-09-24T00:00:00+00:00 [queued]>
[2024-09-25T09:59:53.302+0000] {taskinstance.py:2865} INFO - Starting attempt 2 of 2
[2024-09-25T09:59:53.411+0000] {taskinstance.py:2888} INFO - Executing <Task(PythonOperator): warehouse.step_1.extract_transform.orders_history> on 2024-09-24 00:00:00+00:00
[2024-09-25T09:59:53.447+0000] {warnings.py:112} WARNING - /home/***/.local/lib/python3.12/site-packages/***/task/task_runner/standard_task_runner.py:70: DeprecationWarning: This process (pid=387) is multi-threaded, use of fork() may lead to deadlocks in the child.
  pid = os.fork()

[2024-09-25T09:59:53.464+0000] {standard_task_runner.py:72} INFO - Started process 408 to run task
[2024-09-25T09:59:53.466+0000] {standard_task_runner.py:104} INFO - Running: ['***', 'tasks', 'run', 'etl_pipeline', 'warehouse.step_1.extract_transform.orders_history', 'scheduled__2024-09-24T00:00:00+00:00', '--job-id', '63', '--raw', '--subdir', 'DAGS_FOLDER/etl_pipeline/run.py', '--cfg-path', '/tmp/tmpgyjfafhp']
[2024-09-25T09:59:53.473+0000] {standard_task_runner.py:105} INFO - Job 63: Subtask warehouse.step_1.extract_transform.orders_history
[2024-09-25T09:59:53.648+0000] {task_command.py:467} INFO - Running <TaskInstance: etl_pipeline.warehouse.step_1.extract_transform.orders_history scheduled__2024-09-24T00:00:00+00:00 [running]> on host 639d778bfb8f
[2024-09-25T09:59:54.114+0000] {taskinstance.py:3131} INFO - Exporting env vars: AIRFLOW_CTX_DAG_OWNER='***' AIRFLOW_CTX_DAG_ID='etl_pipeline' AIRFLOW_CTX_TASK_ID='warehouse.step_1.extract_transform.orders_history' AIRFLOW_CTX_EXECUTION_DATE='2024-09-24T00:00:00+00:00' AIRFLOW_CTX_TRY_NUMBER='2' AIRFLOW_CTX_DAG_RUN_ID='scheduled__2024-09-24T00:00:00+00:00'
[2024-09-25T09:59:54.131+0000] {taskinstance.py:731} INFO - ::endgroup::
[2024-09-25T09:59:54.398+0000] {base.py:84} INFO - Retrieving connection 'staging_db'
[2024-09-25T09:59:55.996+0000] {base.py:84} INFO - Retrieving connection 'warehouse_db'
[2024-09-25T09:59:58.479+0000] {base.py:84} INFO - Retrieving connection 'minio'
[2024-09-25T09:59:58.547+0000] {python.py:240} INFO - Done. Returned value was: None
[2024-09-25T09:59:58.573+0000] {taskinstance.py:340} INFO - ::group::Post task execution logs
[2024-09-25T09:59:58.574+0000] {taskinstance.py:352} INFO - Marking task as SUCCESS. dag_id=etl_pipeline, task_id=warehouse.step_1.extract_transform.orders_history, run_id=scheduled__2024-09-24T00:00:00+00:00, execution_date=20240924T000000, start_date=20240925T095953, end_date=20240925T095958
[2024-09-25T09:59:58.627+0000] {local_task_job_runner.py:266} INFO - Task exited with return code 0
[2024-09-25T09:59:58.735+0000] {taskinstance.py:3900} INFO - 0 downstream tasks scheduled from follow-on schedule check
[2024-09-25T09:59:58.743+0000] {local_task_job_runner.py:245} INFO - ::endgroup::
