[2024-10-04T06:36:50.730+0000] {processor.py:186} INFO - Started process (PID=316) to work on /opt/airflow/dags/etl_init/run.py
[2024-10-04T06:36:50.733+0000] {processor.py:914} INFO - Processing file /opt/airflow/dags/etl_init/run.py for tasks to queue
[2024-10-04T06:36:50.740+0000] {logging_mixin.py:190} INFO - [2024-10-04T06:36:50.739+0000] {dagbag.py:588} INFO - Filling up the DagBag from /opt/airflow/dags/etl_init/run.py
[2024-10-04T06:36:52.892+0000] {processor.py:925} INFO - DAG(s) 'etl_init' retrieved from /opt/airflow/dags/etl_init/run.py
[2024-10-04T06:36:52.983+0000] {logging_mixin.py:190} INFO - [2024-10-04T06:36:52.982+0000] {dag.py:3239} INFO - Sync 1 DAGs
[2024-10-04T06:36:53.041+0000] {logging_mixin.py:190} INFO - [2024-10-04T06:36:53.041+0000] {dag.py:4180} INFO - Setting next_dagrun for etl_init to None, run_after=None
[2024-10-04T06:36:53.121+0000] {processor.py:208} INFO - Processing /opt/airflow/dags/etl_init/run.py took 2.419 seconds
[2024-10-04T06:37:23.652+0000] {processor.py:186} INFO - Started process (PID=624) to work on /opt/airflow/dags/etl_init/run.py
[2024-10-04T06:37:23.656+0000] {processor.py:914} INFO - Processing file /opt/airflow/dags/etl_init/run.py for tasks to queue
[2024-10-04T06:37:23.662+0000] {logging_mixin.py:190} INFO - [2024-10-04T06:37:23.661+0000] {dagbag.py:588} INFO - Filling up the DagBag from /opt/airflow/dags/etl_init/run.py
[2024-10-04T06:37:25.052+0000] {processor.py:925} INFO - DAG(s) 'etl_init' retrieved from /opt/airflow/dags/etl_init/run.py
[2024-10-04T06:37:25.213+0000] {logging_mixin.py:190} INFO - [2024-10-04T06:37:25.211+0000] {dag.py:3239} INFO - Sync 1 DAGs
[2024-10-04T06:37:25.312+0000] {logging_mixin.py:190} INFO - [2024-10-04T06:37:25.311+0000] {dag.py:4180} INFO - Setting next_dagrun for etl_init to None, run_after=None
[2024-10-04T06:37:25.406+0000] {processor.py:208} INFO - Processing /opt/airflow/dags/etl_init/run.py took 1.774 seconds
[2024-10-04T06:37:55.594+0000] {processor.py:186} INFO - Started process (PID=740) to work on /opt/airflow/dags/etl_init/run.py
[2024-10-04T06:37:55.607+0000] {processor.py:914} INFO - Processing file /opt/airflow/dags/etl_init/run.py for tasks to queue
[2024-10-04T06:37:55.612+0000] {logging_mixin.py:190} INFO - [2024-10-04T06:37:55.612+0000] {dagbag.py:588} INFO - Filling up the DagBag from /opt/airflow/dags/etl_init/run.py
[2024-10-04T06:37:56.495+0000] {processor.py:925} INFO - DAG(s) 'etl_init' retrieved from /opt/airflow/dags/etl_init/run.py
[2024-10-04T06:37:56.556+0000] {logging_mixin.py:190} INFO - [2024-10-04T06:37:56.556+0000] {dag.py:3239} INFO - Sync 1 DAGs
[2024-10-04T06:37:56.616+0000] {logging_mixin.py:190} INFO - [2024-10-04T06:37:56.616+0000] {dag.py:4180} INFO - Setting next_dagrun for etl_init to None, run_after=None
[2024-10-04T06:37:56.662+0000] {processor.py:208} INFO - Processing /opt/airflow/dags/etl_init/run.py took 1.083 seconds
[2024-10-04T06:38:26.988+0000] {processor.py:186} INFO - Started process (PID=790) to work on /opt/airflow/dags/etl_init/run.py
[2024-10-04T06:38:26.993+0000] {processor.py:914} INFO - Processing file /opt/airflow/dags/etl_init/run.py for tasks to queue
[2024-10-04T06:38:27.002+0000] {logging_mixin.py:190} INFO - [2024-10-04T06:38:27.001+0000] {dagbag.py:588} INFO - Filling up the DagBag from /opt/airflow/dags/etl_init/run.py
[2024-10-04T06:38:28.026+0000] {processor.py:925} INFO - DAG(s) 'etl_init' retrieved from /opt/airflow/dags/etl_init/run.py
[2024-10-04T06:38:28.097+0000] {logging_mixin.py:190} INFO - [2024-10-04T06:38:28.095+0000] {dag.py:3239} INFO - Sync 1 DAGs
[2024-10-04T06:38:28.175+0000] {logging_mixin.py:190} INFO - [2024-10-04T06:38:28.174+0000] {dag.py:4180} INFO - Setting next_dagrun for etl_init to None, run_after=None
[2024-10-04T06:38:28.224+0000] {processor.py:208} INFO - Processing /opt/airflow/dags/etl_init/run.py took 1.255 seconds
[2024-10-04T06:38:58.827+0000] {processor.py:186} INFO - Started process (PID=840) to work on /opt/airflow/dags/etl_init/run.py
[2024-10-04T06:38:58.830+0000] {processor.py:914} INFO - Processing file /opt/airflow/dags/etl_init/run.py for tasks to queue
[2024-10-04T06:38:58.836+0000] {logging_mixin.py:190} INFO - [2024-10-04T06:38:58.835+0000] {dagbag.py:588} INFO - Filling up the DagBag from /opt/airflow/dags/etl_init/run.py
[2024-10-04T06:38:59.732+0000] {processor.py:925} INFO - DAG(s) 'etl_init' retrieved from /opt/airflow/dags/etl_init/run.py
[2024-10-04T06:38:59.787+0000] {logging_mixin.py:190} INFO - [2024-10-04T06:38:59.787+0000] {dag.py:3239} INFO - Sync 1 DAGs
[2024-10-04T06:38:59.846+0000] {logging_mixin.py:190} INFO - [2024-10-04T06:38:59.846+0000] {dag.py:4180} INFO - Setting next_dagrun for etl_init to None, run_after=None
[2024-10-04T06:38:59.886+0000] {processor.py:208} INFO - Processing /opt/airflow/dags/etl_init/run.py took 1.072 seconds
[2024-10-04T06:39:30.044+0000] {processor.py:186} INFO - Started process (PID=1026) to work on /opt/airflow/dags/etl_init/run.py
[2024-10-04T06:39:30.059+0000] {processor.py:914} INFO - Processing file /opt/airflow/dags/etl_init/run.py for tasks to queue
[2024-10-04T06:39:30.065+0000] {logging_mixin.py:190} INFO - [2024-10-04T06:39:30.064+0000] {dagbag.py:588} INFO - Filling up the DagBag from /opt/airflow/dags/etl_init/run.py
[2024-10-04T06:39:31.800+0000] {processor.py:925} INFO - DAG(s) 'etl_init' retrieved from /opt/airflow/dags/etl_init/run.py
[2024-10-04T06:39:31.875+0000] {logging_mixin.py:190} INFO - [2024-10-04T06:39:31.874+0000] {dag.py:3239} INFO - Sync 1 DAGs
[2024-10-04T06:39:31.932+0000] {logging_mixin.py:190} INFO - [2024-10-04T06:39:31.931+0000] {dag.py:4180} INFO - Setting next_dagrun for etl_init to None, run_after=None
[2024-10-04T06:39:31.970+0000] {processor.py:208} INFO - Processing /opt/airflow/dags/etl_init/run.py took 1.943 seconds
[2024-10-04T06:40:02.104+0000] {processor.py:186} INFO - Started process (PID=1157) to work on /opt/airflow/dags/etl_init/run.py
[2024-10-04T06:40:02.107+0000] {processor.py:914} INFO - Processing file /opt/airflow/dags/etl_init/run.py for tasks to queue
[2024-10-04T06:40:02.111+0000] {logging_mixin.py:190} INFO - [2024-10-04T06:40:02.111+0000] {dagbag.py:588} INFO - Filling up the DagBag from /opt/airflow/dags/etl_init/run.py
[2024-10-04T06:40:02.919+0000] {processor.py:925} INFO - DAG(s) 'etl_init' retrieved from /opt/airflow/dags/etl_init/run.py
[2024-10-04T06:40:02.990+0000] {logging_mixin.py:190} INFO - [2024-10-04T06:40:02.989+0000] {dag.py:3239} INFO - Sync 1 DAGs
[2024-10-04T06:40:03.044+0000] {logging_mixin.py:190} INFO - [2024-10-04T06:40:03.044+0000] {dag.py:4180} INFO - Setting next_dagrun for etl_init to None, run_after=None
[2024-10-04T06:40:03.084+0000] {processor.py:208} INFO - Processing /opt/airflow/dags/etl_init/run.py took 0.995 seconds
[2024-10-04T06:40:33.669+0000] {processor.py:186} INFO - Started process (PID=1206) to work on /opt/airflow/dags/etl_init/run.py
[2024-10-04T06:40:33.671+0000] {processor.py:914} INFO - Processing file /opt/airflow/dags/etl_init/run.py for tasks to queue
[2024-10-04T06:40:33.676+0000] {logging_mixin.py:190} INFO - [2024-10-04T06:40:33.675+0000] {dagbag.py:588} INFO - Filling up the DagBag from /opt/airflow/dags/etl_init/run.py
[2024-10-04T06:40:34.269+0000] {processor.py:925} INFO - DAG(s) 'etl_init' retrieved from /opt/airflow/dags/etl_init/run.py
[2024-10-04T06:40:34.325+0000] {logging_mixin.py:190} INFO - [2024-10-04T06:40:34.324+0000] {dag.py:3239} INFO - Sync 1 DAGs
[2024-10-04T06:40:34.371+0000] {logging_mixin.py:190} INFO - [2024-10-04T06:40:34.371+0000] {dag.py:4180} INFO - Setting next_dagrun for etl_init to None, run_after=None
[2024-10-04T06:40:34.413+0000] {processor.py:208} INFO - Processing /opt/airflow/dags/etl_init/run.py took 0.758 seconds
[2024-10-04T06:41:04.523+0000] {processor.py:186} INFO - Started process (PID=1255) to work on /opt/airflow/dags/etl_init/run.py
[2024-10-04T06:41:04.526+0000] {processor.py:914} INFO - Processing file /opt/airflow/dags/etl_init/run.py for tasks to queue
[2024-10-04T06:41:04.530+0000] {logging_mixin.py:190} INFO - [2024-10-04T06:41:04.530+0000] {dagbag.py:588} INFO - Filling up the DagBag from /opt/airflow/dags/etl_init/run.py
[2024-10-04T06:41:05.069+0000] {processor.py:925} INFO - DAG(s) 'etl_init' retrieved from /opt/airflow/dags/etl_init/run.py
[2024-10-04T06:41:05.107+0000] {logging_mixin.py:190} INFO - [2024-10-04T06:41:05.106+0000] {dag.py:3239} INFO - Sync 1 DAGs
[2024-10-04T06:41:05.134+0000] {logging_mixin.py:190} INFO - [2024-10-04T06:41:05.133+0000] {dag.py:4180} INFO - Setting next_dagrun for etl_init to None, run_after=None
[2024-10-04T06:41:05.171+0000] {processor.py:208} INFO - Processing /opt/airflow/dags/etl_init/run.py took 0.655 seconds
[2024-10-04T06:41:35.721+0000] {processor.py:186} INFO - Started process (PID=1304) to work on /opt/airflow/dags/etl_init/run.py
[2024-10-04T06:41:35.734+0000] {processor.py:914} INFO - Processing file /opt/airflow/dags/etl_init/run.py for tasks to queue
[2024-10-04T06:41:35.737+0000] {logging_mixin.py:190} INFO - [2024-10-04T06:41:35.736+0000] {dagbag.py:588} INFO - Filling up the DagBag from /opt/airflow/dags/etl_init/run.py
[2024-10-04T06:41:36.238+0000] {processor.py:925} INFO - DAG(s) 'etl_init' retrieved from /opt/airflow/dags/etl_init/run.py
[2024-10-04T06:41:36.276+0000] {logging_mixin.py:190} INFO - [2024-10-04T06:41:36.275+0000] {dag.py:3239} INFO - Sync 1 DAGs
[2024-10-04T06:41:36.304+0000] {logging_mixin.py:190} INFO - [2024-10-04T06:41:36.304+0000] {dag.py:4180} INFO - Setting next_dagrun for etl_init to None, run_after=None
[2024-10-04T06:41:36.327+0000] {processor.py:208} INFO - Processing /opt/airflow/dags/etl_init/run.py took 0.613 seconds
[2024-10-04T06:42:06.634+0000] {processor.py:186} INFO - Started process (PID=1353) to work on /opt/airflow/dags/etl_init/run.py
[2024-10-04T06:42:06.646+0000] {processor.py:914} INFO - Processing file /opt/airflow/dags/etl_init/run.py for tasks to queue
[2024-10-04T06:42:06.649+0000] {logging_mixin.py:190} INFO - [2024-10-04T06:42:06.649+0000] {dagbag.py:588} INFO - Filling up the DagBag from /opt/airflow/dags/etl_init/run.py
[2024-10-04T06:42:07.211+0000] {processor.py:925} INFO - DAG(s) 'etl_init' retrieved from /opt/airflow/dags/etl_init/run.py
[2024-10-04T06:42:07.253+0000] {logging_mixin.py:190} INFO - [2024-10-04T06:42:07.252+0000] {dag.py:3239} INFO - Sync 1 DAGs
[2024-10-04T06:42:07.282+0000] {logging_mixin.py:190} INFO - [2024-10-04T06:42:07.282+0000] {dag.py:4180} INFO - Setting next_dagrun for etl_init to None, run_after=None
[2024-10-04T06:42:07.318+0000] {processor.py:208} INFO - Processing /opt/airflow/dags/etl_init/run.py took 0.693 seconds
[2024-10-04T06:42:37.683+0000] {processor.py:186} INFO - Started process (PID=1402) to work on /opt/airflow/dags/etl_init/run.py
[2024-10-04T06:42:37.686+0000] {processor.py:914} INFO - Processing file /opt/airflow/dags/etl_init/run.py for tasks to queue
[2024-10-04T06:42:37.690+0000] {logging_mixin.py:190} INFO - [2024-10-04T06:42:37.689+0000] {dagbag.py:588} INFO - Filling up the DagBag from /opt/airflow/dags/etl_init/run.py
[2024-10-04T06:42:38.267+0000] {processor.py:925} INFO - DAG(s) 'etl_init' retrieved from /opt/airflow/dags/etl_init/run.py
[2024-10-04T06:42:38.313+0000] {logging_mixin.py:190} INFO - [2024-10-04T06:42:38.312+0000] {dag.py:3239} INFO - Sync 1 DAGs
[2024-10-04T06:42:38.341+0000] {logging_mixin.py:190} INFO - [2024-10-04T06:42:38.341+0000] {dag.py:4180} INFO - Setting next_dagrun for etl_init to None, run_after=None
[2024-10-04T06:42:38.370+0000] {processor.py:208} INFO - Processing /opt/airflow/dags/etl_init/run.py took 0.699 seconds
[2024-10-04T06:43:08.876+0000] {processor.py:186} INFO - Started process (PID=1449) to work on /opt/airflow/dags/etl_init/run.py
[2024-10-04T06:43:08.878+0000] {processor.py:914} INFO - Processing file /opt/airflow/dags/etl_init/run.py for tasks to queue
[2024-10-04T06:43:08.882+0000] {logging_mixin.py:190} INFO - [2024-10-04T06:43:08.882+0000] {dagbag.py:588} INFO - Filling up the DagBag from /opt/airflow/dags/etl_init/run.py
[2024-10-04T06:43:09.827+0000] {processor.py:925} INFO - DAG(s) 'etl_init' retrieved from /opt/airflow/dags/etl_init/run.py
[2024-10-04T06:43:09.859+0000] {logging_mixin.py:190} INFO - [2024-10-04T06:43:09.858+0000] {dag.py:3239} INFO - Sync 1 DAGs
[2024-10-04T06:43:09.887+0000] {logging_mixin.py:190} INFO - [2024-10-04T06:43:09.887+0000] {dag.py:4180} INFO - Setting next_dagrun for etl_init to None, run_after=None
[2024-10-04T06:43:09.922+0000] {processor.py:208} INFO - Processing /opt/airflow/dags/etl_init/run.py took 1.056 seconds
[2024-10-04T06:43:40.517+0000] {processor.py:186} INFO - Started process (PID=1500) to work on /opt/airflow/dags/etl_init/run.py
[2024-10-04T06:43:40.519+0000] {processor.py:914} INFO - Processing file /opt/airflow/dags/etl_init/run.py for tasks to queue
[2024-10-04T06:43:40.523+0000] {logging_mixin.py:190} INFO - [2024-10-04T06:43:40.522+0000] {dagbag.py:588} INFO - Filling up the DagBag from /opt/airflow/dags/etl_init/run.py
[2024-10-04T06:43:41.186+0000] {processor.py:925} INFO - DAG(s) 'etl_init' retrieved from /opt/airflow/dags/etl_init/run.py
[2024-10-04T06:43:41.220+0000] {logging_mixin.py:190} INFO - [2024-10-04T06:43:41.220+0000] {dag.py:3239} INFO - Sync 1 DAGs
[2024-10-04T06:43:41.246+0000] {logging_mixin.py:190} INFO - [2024-10-04T06:43:41.246+0000] {dag.py:4180} INFO - Setting next_dagrun for etl_init to None, run_after=None
[2024-10-04T06:43:41.274+0000] {processor.py:208} INFO - Processing /opt/airflow/dags/etl_init/run.py took 0.766 seconds
[2024-10-04T06:44:11.444+0000] {processor.py:186} INFO - Started process (PID=1552) to work on /opt/airflow/dags/etl_init/run.py
[2024-10-04T06:44:11.447+0000] {processor.py:914} INFO - Processing file /opt/airflow/dags/etl_init/run.py for tasks to queue
[2024-10-04T06:44:11.451+0000] {logging_mixin.py:190} INFO - [2024-10-04T06:44:11.450+0000] {dagbag.py:588} INFO - Filling up the DagBag from /opt/airflow/dags/etl_init/run.py
[2024-10-04T06:44:12.251+0000] {processor.py:925} INFO - DAG(s) 'etl_init' retrieved from /opt/airflow/dags/etl_init/run.py
[2024-10-04T06:44:12.290+0000] {logging_mixin.py:190} INFO - [2024-10-04T06:44:12.289+0000] {dag.py:3239} INFO - Sync 1 DAGs
[2024-10-04T06:44:12.319+0000] {logging_mixin.py:190} INFO - [2024-10-04T06:44:12.319+0000] {dag.py:4180} INFO - Setting next_dagrun for etl_init to None, run_after=None
[2024-10-04T06:44:12.345+0000] {processor.py:208} INFO - Processing /opt/airflow/dags/etl_init/run.py took 0.914 seconds
[2024-10-04T06:44:42.889+0000] {processor.py:186} INFO - Started process (PID=1603) to work on /opt/airflow/dags/etl_init/run.py
[2024-10-04T06:44:42.890+0000] {processor.py:914} INFO - Processing file /opt/airflow/dags/etl_init/run.py for tasks to queue
[2024-10-04T06:44:42.893+0000] {logging_mixin.py:190} INFO - [2024-10-04T06:44:42.893+0000] {dagbag.py:588} INFO - Filling up the DagBag from /opt/airflow/dags/etl_init/run.py
[2024-10-04T06:44:43.429+0000] {processor.py:925} INFO - DAG(s) 'etl_init' retrieved from /opt/airflow/dags/etl_init/run.py
[2024-10-04T06:44:43.465+0000] {logging_mixin.py:190} INFO - [2024-10-04T06:44:43.464+0000] {dag.py:3239} INFO - Sync 1 DAGs
[2024-10-04T06:44:43.491+0000] {logging_mixin.py:190} INFO - [2024-10-04T06:44:43.491+0000] {dag.py:4180} INFO - Setting next_dagrun for etl_init to None, run_after=None
[2024-10-04T06:44:43.530+0000] {processor.py:208} INFO - Processing /opt/airflow/dags/etl_init/run.py took 0.650 seconds
[2024-10-04T06:45:13.990+0000] {processor.py:186} INFO - Started process (PID=1649) to work on /opt/airflow/dags/etl_init/run.py
[2024-10-04T06:45:13.993+0000] {processor.py:914} INFO - Processing file /opt/airflow/dags/etl_init/run.py for tasks to queue
[2024-10-04T06:45:14.000+0000] {logging_mixin.py:190} INFO - [2024-10-04T06:45:13.999+0000] {dagbag.py:588} INFO - Filling up the DagBag from /opt/airflow/dags/etl_init/run.py
[2024-10-04T06:45:15.087+0000] {processor.py:925} INFO - DAG(s) 'etl_init' retrieved from /opt/airflow/dags/etl_init/run.py
[2024-10-04T06:45:15.129+0000] {logging_mixin.py:190} INFO - [2024-10-04T06:45:15.128+0000] {dag.py:3239} INFO - Sync 1 DAGs
[2024-10-04T06:45:15.163+0000] {logging_mixin.py:190} INFO - [2024-10-04T06:45:15.162+0000] {dag.py:4180} INFO - Setting next_dagrun for etl_init to None, run_after=None
[2024-10-04T06:45:15.198+0000] {processor.py:208} INFO - Processing /opt/airflow/dags/etl_init/run.py took 1.231 seconds
[2024-10-04T06:46:43.015+0000] {processor.py:186} INFO - Started process (PID=222) to work on /opt/airflow/dags/etl_init/run.py
[2024-10-04T06:46:43.017+0000] {processor.py:914} INFO - Processing file /opt/airflow/dags/etl_init/run.py for tasks to queue
[2024-10-04T06:46:43.022+0000] {logging_mixin.py:190} INFO - [2024-10-04T06:46:43.021+0000] {dagbag.py:588} INFO - Filling up the DagBag from /opt/airflow/dags/etl_init/run.py
[2024-10-04T06:46:43.966+0000] {processor.py:925} INFO - DAG(s) 'etl_init' retrieved from /opt/airflow/dags/etl_init/run.py
[2024-10-04T06:46:44.015+0000] {logging_mixin.py:190} INFO - [2024-10-04T06:46:44.014+0000] {dag.py:3239} INFO - Sync 1 DAGs
[2024-10-04T06:46:44.053+0000] {logging_mixin.py:190} INFO - [2024-10-04T06:46:44.052+0000] {dag.py:4180} INFO - Setting next_dagrun for etl_init to None, run_after=None
[2024-10-04T06:46:44.082+0000] {processor.py:208} INFO - Processing /opt/airflow/dags/etl_init/run.py took 1.081 seconds
[2024-10-04T06:47:14.255+0000] {processor.py:186} INFO - Started process (PID=289) to work on /opt/airflow/dags/etl_init/run.py
[2024-10-04T06:47:14.256+0000] {processor.py:914} INFO - Processing file /opt/airflow/dags/etl_init/run.py for tasks to queue
[2024-10-04T06:47:14.261+0000] {logging_mixin.py:190} INFO - [2024-10-04T06:47:14.260+0000] {dagbag.py:588} INFO - Filling up the DagBag from /opt/airflow/dags/etl_init/run.py
[2024-10-04T06:47:14.993+0000] {processor.py:925} INFO - DAG(s) 'etl_init' retrieved from /opt/airflow/dags/etl_init/run.py
[2024-10-04T06:47:15.033+0000] {logging_mixin.py:190} INFO - [2024-10-04T06:47:15.033+0000] {dag.py:3239} INFO - Sync 1 DAGs
[2024-10-04T06:47:15.064+0000] {logging_mixin.py:190} INFO - [2024-10-04T06:47:15.063+0000] {dag.py:4180} INFO - Setting next_dagrun for etl_init to None, run_after=None
[2024-10-04T06:47:15.105+0000] {processor.py:208} INFO - Processing /opt/airflow/dags/etl_init/run.py took 0.861 seconds
[2024-10-04T06:47:47.300+0000] {processor.py:186} INFO - Started process (PID=470) to work on /opt/airflow/dags/etl_init/run.py
[2024-10-04T06:47:47.302+0000] {processor.py:914} INFO - Processing file /opt/airflow/dags/etl_init/run.py for tasks to queue
[2024-10-04T06:47:47.312+0000] {logging_mixin.py:190} INFO - [2024-10-04T06:47:47.311+0000] {dagbag.py:588} INFO - Filling up the DagBag from /opt/airflow/dags/etl_init/run.py
[2024-10-04T06:47:49.227+0000] {processor.py:925} INFO - DAG(s) 'etl_init' retrieved from /opt/airflow/dags/etl_init/run.py
[2024-10-04T06:47:49.387+0000] {logging_mixin.py:190} INFO - [2024-10-04T06:47:49.385+0000] {dag.py:3239} INFO - Sync 1 DAGs
[2024-10-04T06:47:49.488+0000] {logging_mixin.py:190} INFO - [2024-10-04T06:47:49.487+0000] {dag.py:4180} INFO - Setting next_dagrun for etl_init to None, run_after=None
[2024-10-04T06:47:49.558+0000] {processor.py:208} INFO - Processing /opt/airflow/dags/etl_init/run.py took 2.283 seconds
[2024-10-04T06:48:19.837+0000] {processor.py:186} INFO - Started process (PID=623) to work on /opt/airflow/dags/etl_init/run.py
[2024-10-04T06:48:19.840+0000] {processor.py:914} INFO - Processing file /opt/airflow/dags/etl_init/run.py for tasks to queue
[2024-10-04T06:48:19.843+0000] {logging_mixin.py:190} INFO - [2024-10-04T06:48:19.842+0000] {dagbag.py:588} INFO - Filling up the DagBag from /opt/airflow/dags/etl_init/run.py
[2024-10-04T06:48:20.503+0000] {processor.py:925} INFO - DAG(s) 'etl_init' retrieved from /opt/airflow/dags/etl_init/run.py
[2024-10-04T06:48:20.548+0000] {logging_mixin.py:190} INFO - [2024-10-04T06:48:20.547+0000] {dag.py:3239} INFO - Sync 1 DAGs
[2024-10-04T06:48:20.577+0000] {logging_mixin.py:190} INFO - [2024-10-04T06:48:20.577+0000] {dag.py:4180} INFO - Setting next_dagrun for etl_init to None, run_after=None
[2024-10-04T06:48:20.607+0000] {processor.py:208} INFO - Processing /opt/airflow/dags/etl_init/run.py took 0.778 seconds
[2024-10-04T06:48:50.994+0000] {processor.py:186} INFO - Started process (PID=672) to work on /opt/airflow/dags/etl_init/run.py
[2024-10-04T06:48:50.996+0000] {processor.py:914} INFO - Processing file /opt/airflow/dags/etl_init/run.py for tasks to queue
[2024-10-04T06:48:50.999+0000] {logging_mixin.py:190} INFO - [2024-10-04T06:48:50.999+0000] {dagbag.py:588} INFO - Filling up the DagBag from /opt/airflow/dags/etl_init/run.py
[2024-10-04T06:48:51.629+0000] {processor.py:925} INFO - DAG(s) 'etl_init' retrieved from /opt/airflow/dags/etl_init/run.py
[2024-10-04T06:48:51.666+0000] {logging_mixin.py:190} INFO - [2024-10-04T06:48:51.665+0000] {dag.py:3239} INFO - Sync 1 DAGs
[2024-10-04T06:48:51.698+0000] {logging_mixin.py:190} INFO - [2024-10-04T06:48:51.698+0000] {dag.py:4180} INFO - Setting next_dagrun for etl_init to None, run_after=None
[2024-10-04T06:48:51.738+0000] {processor.py:208} INFO - Processing /opt/airflow/dags/etl_init/run.py took 0.752 seconds
[2024-10-04T06:49:21.876+0000] {processor.py:186} INFO - Started process (PID=721) to work on /opt/airflow/dags/etl_init/run.py
[2024-10-04T06:49:21.877+0000] {processor.py:914} INFO - Processing file /opt/airflow/dags/etl_init/run.py for tasks to queue
[2024-10-04T06:49:21.880+0000] {logging_mixin.py:190} INFO - [2024-10-04T06:49:21.879+0000] {dagbag.py:588} INFO - Filling up the DagBag from /opt/airflow/dags/etl_init/run.py
[2024-10-04T06:49:22.458+0000] {processor.py:925} INFO - DAG(s) 'etl_init' retrieved from /opt/airflow/dags/etl_init/run.py
[2024-10-04T06:49:22.497+0000] {logging_mixin.py:190} INFO - [2024-10-04T06:49:22.496+0000] {dag.py:3239} INFO - Sync 1 DAGs
[2024-10-04T06:49:22.527+0000] {logging_mixin.py:190} INFO - [2024-10-04T06:49:22.526+0000] {dag.py:4180} INFO - Setting next_dagrun for etl_init to None, run_after=None
[2024-10-04T06:49:22.562+0000] {processor.py:208} INFO - Processing /opt/airflow/dags/etl_init/run.py took 0.696 seconds
[2024-10-04T06:49:52.779+0000] {processor.py:186} INFO - Started process (PID=770) to work on /opt/airflow/dags/etl_init/run.py
[2024-10-04T06:49:52.792+0000] {processor.py:914} INFO - Processing file /opt/airflow/dags/etl_init/run.py for tasks to queue
[2024-10-04T06:49:52.797+0000] {logging_mixin.py:190} INFO - [2024-10-04T06:49:52.796+0000] {dagbag.py:588} INFO - Filling up the DagBag from /opt/airflow/dags/etl_init/run.py
[2024-10-04T06:49:53.368+0000] {processor.py:925} INFO - DAG(s) 'etl_init' retrieved from /opt/airflow/dags/etl_init/run.py
[2024-10-04T06:49:53.405+0000] {logging_mixin.py:190} INFO - [2024-10-04T06:49:53.404+0000] {dag.py:3239} INFO - Sync 1 DAGs
[2024-10-04T06:49:53.434+0000] {logging_mixin.py:190} INFO - [2024-10-04T06:49:53.434+0000] {dag.py:4180} INFO - Setting next_dagrun for etl_init to None, run_after=None
[2024-10-04T06:49:53.475+0000] {processor.py:208} INFO - Processing /opt/airflow/dags/etl_init/run.py took 0.712 seconds
[2024-10-04T06:50:23.547+0000] {processor.py:186} INFO - Started process (PID=826) to work on /opt/airflow/dags/etl_init/run.py
[2024-10-04T06:50:23.560+0000] {processor.py:914} INFO - Processing file /opt/airflow/dags/etl_init/run.py for tasks to queue
[2024-10-04T06:50:23.564+0000] {logging_mixin.py:190} INFO - [2024-10-04T06:50:23.563+0000] {dagbag.py:588} INFO - Filling up the DagBag from /opt/airflow/dags/etl_init/run.py
[2024-10-04T06:50:24.098+0000] {processor.py:925} INFO - DAG(s) 'etl_init' retrieved from /opt/airflow/dags/etl_init/run.py
[2024-10-04T06:50:24.136+0000] {logging_mixin.py:190} INFO - [2024-10-04T06:50:24.136+0000] {dag.py:3239} INFO - Sync 1 DAGs
[2024-10-04T06:50:24.164+0000] {logging_mixin.py:190} INFO - [2024-10-04T06:50:24.164+0000] {dag.py:4180} INFO - Setting next_dagrun for etl_init to None, run_after=None
[2024-10-04T06:50:24.198+0000] {processor.py:208} INFO - Processing /opt/airflow/dags/etl_init/run.py took 0.662 seconds
[2024-10-04T06:50:54.482+0000] {processor.py:186} INFO - Started process (PID=875) to work on /opt/airflow/dags/etl_init/run.py
[2024-10-04T06:50:54.484+0000] {processor.py:914} INFO - Processing file /opt/airflow/dags/etl_init/run.py for tasks to queue
[2024-10-04T06:50:54.488+0000] {logging_mixin.py:190} INFO - [2024-10-04T06:50:54.487+0000] {dagbag.py:588} INFO - Filling up the DagBag from /opt/airflow/dags/etl_init/run.py
[2024-10-04T06:50:55.258+0000] {processor.py:925} INFO - DAG(s) 'etl_init' retrieved from /opt/airflow/dags/etl_init/run.py
[2024-10-04T06:50:55.300+0000] {logging_mixin.py:190} INFO - [2024-10-04T06:50:55.300+0000] {dag.py:3239} INFO - Sync 1 DAGs
[2024-10-04T06:50:55.359+0000] {logging_mixin.py:190} INFO - [2024-10-04T06:50:55.358+0000] {dag.py:4180} INFO - Setting next_dagrun for etl_init to None, run_after=None
[2024-10-04T06:50:55.400+0000] {processor.py:208} INFO - Processing /opt/airflow/dags/etl_init/run.py took 0.928 seconds
[2024-10-04T06:51:25.806+0000] {processor.py:186} INFO - Started process (PID=924) to work on /opt/airflow/dags/etl_init/run.py
[2024-10-04T06:51:25.808+0000] {processor.py:914} INFO - Processing file /opt/airflow/dags/etl_init/run.py for tasks to queue
[2024-10-04T06:51:25.811+0000] {logging_mixin.py:190} INFO - [2024-10-04T06:51:25.811+0000] {dagbag.py:588} INFO - Filling up the DagBag from /opt/airflow/dags/etl_init/run.py
[2024-10-04T06:51:26.406+0000] {processor.py:925} INFO - DAG(s) 'etl_init' retrieved from /opt/airflow/dags/etl_init/run.py
[2024-10-04T06:51:26.462+0000] {logging_mixin.py:190} INFO - [2024-10-04T06:51:26.461+0000] {dag.py:3239} INFO - Sync 1 DAGs
[2024-10-04T06:51:26.503+0000] {logging_mixin.py:190} INFO - [2024-10-04T06:51:26.503+0000] {dag.py:4180} INFO - Setting next_dagrun for etl_init to None, run_after=None
[2024-10-04T06:51:26.534+0000] {processor.py:208} INFO - Processing /opt/airflow/dags/etl_init/run.py took 0.742 seconds
[2024-10-04T06:51:57.260+0000] {processor.py:186} INFO - Started process (PID=973) to work on /opt/airflow/dags/etl_init/run.py
[2024-10-04T06:51:57.272+0000] {processor.py:914} INFO - Processing file /opt/airflow/dags/etl_init/run.py for tasks to queue
[2024-10-04T06:51:57.275+0000] {logging_mixin.py:190} INFO - [2024-10-04T06:51:57.274+0000] {dagbag.py:588} INFO - Filling up the DagBag from /opt/airflow/dags/etl_init/run.py
[2024-10-04T06:51:57.824+0000] {processor.py:925} INFO - DAG(s) 'etl_init' retrieved from /opt/airflow/dags/etl_init/run.py
[2024-10-04T06:51:57.859+0000] {logging_mixin.py:190} INFO - [2024-10-04T06:51:57.859+0000] {dag.py:3239} INFO - Sync 1 DAGs
[2024-10-04T06:51:57.887+0000] {logging_mixin.py:190} INFO - [2024-10-04T06:51:57.887+0000] {dag.py:4180} INFO - Setting next_dagrun for etl_init to None, run_after=None
[2024-10-04T06:51:57.911+0000] {processor.py:208} INFO - Processing /opt/airflow/dags/etl_init/run.py took 0.658 seconds
[2024-10-04T06:52:28.276+0000] {processor.py:186} INFO - Started process (PID=1037) to work on /opt/airflow/dags/etl_init/run.py
[2024-10-04T06:52:28.279+0000] {processor.py:914} INFO - Processing file /opt/airflow/dags/etl_init/run.py for tasks to queue
[2024-10-04T06:52:28.284+0000] {logging_mixin.py:190} INFO - [2024-10-04T06:52:28.283+0000] {dagbag.py:588} INFO - Filling up the DagBag from /opt/airflow/dags/etl_init/run.py
[2024-10-04T06:52:29.106+0000] {processor.py:925} INFO - DAG(s) 'etl_init' retrieved from /opt/airflow/dags/etl_init/run.py
[2024-10-04T06:52:29.152+0000] {logging_mixin.py:190} INFO - [2024-10-04T06:52:29.151+0000] {dag.py:3239} INFO - Sync 1 DAGs
[2024-10-04T06:52:29.203+0000] {logging_mixin.py:190} INFO - [2024-10-04T06:52:29.202+0000] {dag.py:4180} INFO - Setting next_dagrun for etl_init to None, run_after=None
[2024-10-04T06:52:29.247+0000] {processor.py:208} INFO - Processing /opt/airflow/dags/etl_init/run.py took 0.986 seconds
[2024-10-04T06:52:59.922+0000] {processor.py:186} INFO - Started process (PID=1227) to work on /opt/airflow/dags/etl_init/run.py
[2024-10-04T06:52:59.934+0000] {processor.py:914} INFO - Processing file /opt/airflow/dags/etl_init/run.py for tasks to queue
[2024-10-04T06:52:59.939+0000] {logging_mixin.py:190} INFO - [2024-10-04T06:52:59.938+0000] {dagbag.py:588} INFO - Filling up the DagBag from /opt/airflow/dags/etl_init/run.py
[2024-10-04T06:53:01.421+0000] {processor.py:925} INFO - DAG(s) 'etl_init' retrieved from /opt/airflow/dags/etl_init/run.py
[2024-10-04T06:53:01.482+0000] {logging_mixin.py:190} INFO - [2024-10-04T06:53:01.481+0000] {dag.py:3239} INFO - Sync 1 DAGs
[2024-10-04T06:53:01.542+0000] {logging_mixin.py:190} INFO - [2024-10-04T06:53:01.541+0000] {dag.py:4180} INFO - Setting next_dagrun for etl_init to None, run_after=None
[2024-10-04T06:53:01.595+0000] {processor.py:208} INFO - Processing /opt/airflow/dags/etl_init/run.py took 1.695 seconds
[2024-10-04T06:53:31.805+0000] {processor.py:186} INFO - Started process (PID=1359) to work on /opt/airflow/dags/etl_init/run.py
[2024-10-04T06:53:31.807+0000] {processor.py:914} INFO - Processing file /opt/airflow/dags/etl_init/run.py for tasks to queue
[2024-10-04T06:53:31.809+0000] {logging_mixin.py:190} INFO - [2024-10-04T06:53:31.809+0000] {dagbag.py:588} INFO - Filling up the DagBag from /opt/airflow/dags/etl_init/run.py
[2024-10-04T06:53:32.370+0000] {processor.py:925} INFO - DAG(s) 'etl_init' retrieved from /opt/airflow/dags/etl_init/run.py
[2024-10-04T06:53:32.417+0000] {logging_mixin.py:190} INFO - [2024-10-04T06:53:32.416+0000] {dag.py:3239} INFO - Sync 1 DAGs
[2024-10-04T06:53:32.467+0000] {logging_mixin.py:190} INFO - [2024-10-04T06:53:32.466+0000] {dag.py:4180} INFO - Setting next_dagrun for etl_init to None, run_after=None
[2024-10-04T06:53:32.508+0000] {processor.py:208} INFO - Processing /opt/airflow/dags/etl_init/run.py took 0.711 seconds
[2024-10-04T06:54:02.690+0000] {processor.py:186} INFO - Started process (PID=1408) to work on /opt/airflow/dags/etl_init/run.py
[2024-10-04T06:54:02.692+0000] {processor.py:914} INFO - Processing file /opt/airflow/dags/etl_init/run.py for tasks to queue
[2024-10-04T06:54:02.695+0000] {logging_mixin.py:190} INFO - [2024-10-04T06:54:02.694+0000] {dagbag.py:588} INFO - Filling up the DagBag from /opt/airflow/dags/etl_init/run.py
[2024-10-04T06:54:03.328+0000] {processor.py:925} INFO - DAG(s) 'etl_init' retrieved from /opt/airflow/dags/etl_init/run.py
[2024-10-04T06:54:03.366+0000] {logging_mixin.py:190} INFO - [2024-10-04T06:54:03.366+0000] {dag.py:3239} INFO - Sync 1 DAGs
[2024-10-04T06:54:03.394+0000] {logging_mixin.py:190} INFO - [2024-10-04T06:54:03.393+0000] {dag.py:4180} INFO - Setting next_dagrun for etl_init to None, run_after=None
[2024-10-04T06:54:03.431+0000] {processor.py:208} INFO - Processing /opt/airflow/dags/etl_init/run.py took 0.753 seconds
[2024-10-04T06:54:33.700+0000] {processor.py:186} INFO - Started process (PID=1455) to work on /opt/airflow/dags/etl_init/run.py
[2024-10-04T06:54:33.702+0000] {processor.py:914} INFO - Processing file /opt/airflow/dags/etl_init/run.py for tasks to queue
[2024-10-04T06:54:33.706+0000] {logging_mixin.py:190} INFO - [2024-10-04T06:54:33.705+0000] {dagbag.py:588} INFO - Filling up the DagBag from /opt/airflow/dags/etl_init/run.py
[2024-10-04T06:54:34.376+0000] {processor.py:925} INFO - DAG(s) 'etl_init' retrieved from /opt/airflow/dags/etl_init/run.py
[2024-10-04T06:54:34.424+0000] {logging_mixin.py:190} INFO - [2024-10-04T06:54:34.423+0000] {dag.py:3239} INFO - Sync 1 DAGs
[2024-10-04T06:54:34.464+0000] {logging_mixin.py:190} INFO - [2024-10-04T06:54:34.464+0000] {dag.py:4180} INFO - Setting next_dagrun for etl_init to None, run_after=None
[2024-10-04T06:54:34.505+0000] {processor.py:208} INFO - Processing /opt/airflow/dags/etl_init/run.py took 0.817 seconds
[2024-10-04T06:55:04.711+0000] {processor.py:186} INFO - Started process (PID=1513) to work on /opt/airflow/dags/etl_init/run.py
[2024-10-04T06:55:04.724+0000] {processor.py:914} INFO - Processing file /opt/airflow/dags/etl_init/run.py for tasks to queue
[2024-10-04T06:55:04.727+0000] {logging_mixin.py:190} INFO - [2024-10-04T06:55:04.727+0000] {dagbag.py:588} INFO - Filling up the DagBag from /opt/airflow/dags/etl_init/run.py
[2024-10-04T06:55:05.446+0000] {processor.py:925} INFO - DAG(s) 'etl_init' retrieved from /opt/airflow/dags/etl_init/run.py
[2024-10-04T06:55:05.493+0000] {logging_mixin.py:190} INFO - [2024-10-04T06:55:05.493+0000] {dag.py:3239} INFO - Sync 1 DAGs
[2024-10-04T06:55:05.521+0000] {logging_mixin.py:190} INFO - [2024-10-04T06:55:05.520+0000] {dag.py:4180} INFO - Setting next_dagrun for etl_init to None, run_after=None
[2024-10-04T06:55:05.549+0000] {processor.py:208} INFO - Processing /opt/airflow/dags/etl_init/run.py took 0.849 seconds
[2024-10-04T06:55:36.028+0000] {processor.py:186} INFO - Started process (PID=1561) to work on /opt/airflow/dags/etl_init/run.py
[2024-10-04T06:55:36.031+0000] {processor.py:914} INFO - Processing file /opt/airflow/dags/etl_init/run.py for tasks to queue
[2024-10-04T06:55:36.037+0000] {logging_mixin.py:190} INFO - [2024-10-04T06:55:36.036+0000] {dagbag.py:588} INFO - Filling up the DagBag from /opt/airflow/dags/etl_init/run.py
[2024-10-04T06:55:36.911+0000] {processor.py:925} INFO - DAG(s) 'etl_init' retrieved from /opt/airflow/dags/etl_init/run.py
[2024-10-04T06:55:36.962+0000] {logging_mixin.py:190} INFO - [2024-10-04T06:55:36.961+0000] {dag.py:3239} INFO - Sync 1 DAGs
[2024-10-04T06:55:37.016+0000] {logging_mixin.py:190} INFO - [2024-10-04T06:55:37.016+0000] {dag.py:4180} INFO - Setting next_dagrun for etl_init to None, run_after=None
[2024-10-04T06:55:37.066+0000] {processor.py:208} INFO - Processing /opt/airflow/dags/etl_init/run.py took 1.050 seconds
[2024-10-04T06:56:07.356+0000] {processor.py:186} INFO - Started process (PID=1610) to work on /opt/airflow/dags/etl_init/run.py
[2024-10-04T06:56:07.358+0000] {processor.py:914} INFO - Processing file /opt/airflow/dags/etl_init/run.py for tasks to queue
[2024-10-04T06:56:07.362+0000] {logging_mixin.py:190} INFO - [2024-10-04T06:56:07.361+0000] {dagbag.py:588} INFO - Filling up the DagBag from /opt/airflow/dags/etl_init/run.py
[2024-10-04T06:56:08.038+0000] {processor.py:925} INFO - DAG(s) 'etl_init' retrieved from /opt/airflow/dags/etl_init/run.py
[2024-10-04T06:56:08.083+0000] {logging_mixin.py:190} INFO - [2024-10-04T06:56:08.082+0000] {dag.py:3239} INFO - Sync 1 DAGs
[2024-10-04T06:56:08.128+0000] {logging_mixin.py:190} INFO - [2024-10-04T06:56:08.128+0000] {dag.py:4180} INFO - Setting next_dagrun for etl_init to None, run_after=None
[2024-10-04T06:56:08.158+0000] {processor.py:208} INFO - Processing /opt/airflow/dags/etl_init/run.py took 0.814 seconds
[2024-10-04T06:56:38.652+0000] {processor.py:186} INFO - Started process (PID=1745) to work on /opt/airflow/dags/etl_init/run.py
[2024-10-04T06:56:38.661+0000] {processor.py:914} INFO - Processing file /opt/airflow/dags/etl_init/run.py for tasks to queue
[2024-10-04T06:56:38.671+0000] {logging_mixin.py:190} INFO - [2024-10-04T06:56:38.669+0000] {dagbag.py:588} INFO - Filling up the DagBag from /opt/airflow/dags/etl_init/run.py
[2024-10-04T06:56:40.265+0000] {processor.py:925} INFO - DAG(s) 'etl_init' retrieved from /opt/airflow/dags/etl_init/run.py
[2024-10-04T06:56:40.328+0000] {logging_mixin.py:190} INFO - [2024-10-04T06:56:40.327+0000] {dag.py:3239} INFO - Sync 1 DAGs
[2024-10-04T06:56:40.384+0000] {logging_mixin.py:190} INFO - [2024-10-04T06:56:40.384+0000] {dag.py:4180} INFO - Setting next_dagrun for etl_init to None, run_after=None
[2024-10-04T06:56:40.426+0000] {processor.py:208} INFO - Processing /opt/airflow/dags/etl_init/run.py took 1.798 seconds
[2024-10-04T06:57:10.508+0000] {processor.py:186} INFO - Started process (PID=1932) to work on /opt/airflow/dags/etl_init/run.py
[2024-10-04T06:57:10.510+0000] {processor.py:914} INFO - Processing file /opt/airflow/dags/etl_init/run.py for tasks to queue
[2024-10-04T06:57:10.516+0000] {logging_mixin.py:190} INFO - [2024-10-04T06:57:10.514+0000] {dagbag.py:588} INFO - Filling up the DagBag from /opt/airflow/dags/etl_init/run.py
[2024-10-04T06:57:11.840+0000] {processor.py:925} INFO - DAG(s) 'etl_init' retrieved from /opt/airflow/dags/etl_init/run.py
[2024-10-04T06:57:11.915+0000] {logging_mixin.py:190} INFO - [2024-10-04T06:57:11.914+0000] {dag.py:3239} INFO - Sync 1 DAGs
[2024-10-04T06:57:11.986+0000] {logging_mixin.py:190} INFO - [2024-10-04T06:57:11.985+0000] {dag.py:4180} INFO - Setting next_dagrun for etl_init to None, run_after=None
[2024-10-04T06:57:12.030+0000] {processor.py:208} INFO - Processing /opt/airflow/dags/etl_init/run.py took 1.538 seconds
[2024-10-04T06:57:42.641+0000] {processor.py:186} INFO - Started process (PID=2062) to work on /opt/airflow/dags/etl_init/run.py
[2024-10-04T06:57:42.642+0000] {processor.py:914} INFO - Processing file /opt/airflow/dags/etl_init/run.py for tasks to queue
[2024-10-04T06:57:42.645+0000] {logging_mixin.py:190} INFO - [2024-10-04T06:57:42.645+0000] {dagbag.py:588} INFO - Filling up the DagBag from /opt/airflow/dags/etl_init/run.py
[2024-10-04T06:57:43.182+0000] {processor.py:925} INFO - DAG(s) 'etl_init' retrieved from /opt/airflow/dags/etl_init/run.py
[2024-10-04T06:57:43.230+0000] {logging_mixin.py:190} INFO - [2024-10-04T06:57:43.229+0000] {dag.py:3239} INFO - Sync 1 DAGs
[2024-10-04T06:57:43.268+0000] {logging_mixin.py:190} INFO - [2024-10-04T06:57:43.268+0000] {dag.py:4180} INFO - Setting next_dagrun for etl_init to None, run_after=None
[2024-10-04T06:57:43.303+0000] {processor.py:208} INFO - Processing /opt/airflow/dags/etl_init/run.py took 0.673 seconds
[2024-10-04T06:58:13.893+0000] {processor.py:186} INFO - Started process (PID=2111) to work on /opt/airflow/dags/etl_init/run.py
[2024-10-04T06:58:13.896+0000] {processor.py:914} INFO - Processing file /opt/airflow/dags/etl_init/run.py for tasks to queue
[2024-10-04T06:58:13.901+0000] {logging_mixin.py:190} INFO - [2024-10-04T06:58:13.901+0000] {dagbag.py:588} INFO - Filling up the DagBag from /opt/airflow/dags/etl_init/run.py
[2024-10-04T06:58:14.570+0000] {processor.py:925} INFO - DAG(s) 'etl_init' retrieved from /opt/airflow/dags/etl_init/run.py
[2024-10-04T06:58:14.604+0000] {logging_mixin.py:190} INFO - [2024-10-04T06:58:14.604+0000] {dag.py:3239} INFO - Sync 1 DAGs
[2024-10-04T06:58:14.640+0000] {logging_mixin.py:190} INFO - [2024-10-04T06:58:14.640+0000] {dag.py:4180} INFO - Setting next_dagrun for etl_init to None, run_after=None
[2024-10-04T06:58:14.688+0000] {processor.py:208} INFO - Processing /opt/airflow/dags/etl_init/run.py took 0.814 seconds
[2024-10-04T06:58:45.021+0000] {processor.py:186} INFO - Started process (PID=2160) to work on /opt/airflow/dags/etl_init/run.py
[2024-10-04T06:58:45.023+0000] {processor.py:914} INFO - Processing file /opt/airflow/dags/etl_init/run.py for tasks to queue
[2024-10-04T06:58:45.026+0000] {logging_mixin.py:190} INFO - [2024-10-04T06:58:45.026+0000] {dagbag.py:588} INFO - Filling up the DagBag from /opt/airflow/dags/etl_init/run.py
[2024-10-04T06:58:45.629+0000] {processor.py:925} INFO - DAG(s) 'etl_init' retrieved from /opt/airflow/dags/etl_init/run.py
[2024-10-04T06:58:45.665+0000] {logging_mixin.py:190} INFO - [2024-10-04T06:58:45.664+0000] {dag.py:3239} INFO - Sync 1 DAGs
[2024-10-04T06:58:45.693+0000] {logging_mixin.py:190} INFO - [2024-10-04T06:58:45.692+0000] {dag.py:4180} INFO - Setting next_dagrun for etl_init to None, run_after=None
[2024-10-04T06:58:45.728+0000] {processor.py:208} INFO - Processing /opt/airflow/dags/etl_init/run.py took 0.714 seconds
