[2024-10-03T08:43:48.231+0000] {local_task_job_runner.py:123} INFO - ::group::Pre task execution logs
[2024-10-03T08:43:48.288+0000] {taskinstance.py:2612} INFO - Dependencies all met for dep_context=non-requeueable deps ti=<TaskInstance: etl_pipeline.staging.dellstore_db.extract.products manual__2024-10-03T08:41:55.857004+00:00 [queued]>
[2024-10-03T08:43:48.312+0000] {taskinstance.py:2612} INFO - Dependencies all met for dep_context=requeueable deps ti=<TaskInstance: etl_pipeline.staging.dellstore_db.extract.products manual__2024-10-03T08:41:55.857004+00:00 [queued]>
[2024-10-03T08:43:48.313+0000] {taskinstance.py:2865} INFO - Starting attempt 2 of 2
[2024-10-03T08:43:48.366+0000] {taskinstance.py:2888} INFO - Executing <Task(PythonOperator): staging.dellstore_db.extract.products> on 2024-10-03 08:41:55.857004+00:00
[2024-10-03T08:43:48.399+0000] {logging_mixin.py:190} WARNING - /home/***/.local/lib/python3.12/site-packages/***/task/task_runner/standard_task_runner.py:70 DeprecationWarning: This process (pid=42487) is multi-threaded, use of fork() may lead to deadlocks in the child.
[2024-10-03T08:43:48.402+0000] {standard_task_runner.py:72} INFO - Started process 42522 to run task
[2024-10-03T08:43:48.405+0000] {standard_task_runner.py:104} INFO - Running: ['***', 'tasks', 'run', 'etl_pipeline', 'staging.dellstore_db.extract.products', 'manual__2024-10-03T08:41:55.857004+00:00', '--job-id', '13630', '--raw', '--subdir', 'DAGS_FOLDER/etl_pipeline/run.py', '--cfg-path', '/tmp/tmp_l5o7ggj']
[2024-10-03T08:43:48.415+0000] {standard_task_runner.py:105} INFO - Job 13630: Subtask staging.dellstore_db.extract.products
[2024-10-03T08:43:48.587+0000] {task_command.py:467} INFO - Running <TaskInstance: etl_pipeline.staging.dellstore_db.extract.products manual__2024-10-03T08:41:55.857004+00:00 [running]> on host 8c0d519f07a3
[2024-10-03T08:43:48.965+0000] {taskinstance.py:3131} INFO - Exporting env vars: AIRFLOW_CTX_DAG_OWNER='***' AIRFLOW_CTX_DAG_ID='etl_pipeline' AIRFLOW_CTX_TASK_ID='staging.dellstore_db.extract.products' AIRFLOW_CTX_EXECUTION_DATE='2024-10-03T08:41:55.857004+00:00' AIRFLOW_CTX_TRY_NUMBER='2' AIRFLOW_CTX_DAG_RUN_ID='manual__2024-10-03T08:41:55.857004+00:00'
[2024-10-03T08:43:48.970+0000] {taskinstance.py:731} INFO - ::endgroup::
[2024-10-03T08:43:49.047+0000] {base.py:84} INFO - Retrieving connection 'dellstore_db'
[2024-10-03T08:43:49.475+0000] {base.py:84} INFO - Retrieving connection 'minio'
[2024-10-03T08:43:49.543+0000] {python.py:240} INFO - Done. Returned value was: None
[2024-10-03T08:43:49.578+0000] {taskinstance.py:340} INFO - ::group::Post task execution logs
[2024-10-03T08:43:49.579+0000] {taskinstance.py:352} INFO - Marking task as SUCCESS. dag_id=etl_pipeline, task_id=staging.dellstore_db.extract.products, run_id=manual__2024-10-03T08:41:55.857004+00:00, execution_date=20241003T084155, start_date=20241003T084348, end_date=20241003T084349
[2024-10-03T08:43:49.688+0000] {local_task_job_runner.py:266} INFO - Task exited with return code 0
[2024-10-03T08:43:49.772+0000] {taskinstance.py:3900} INFO - 0 downstream tasks scheduled from follow-on schedule check
[2024-10-03T08:43:49.776+0000] {local_task_job_runner.py:245} INFO - ::endgroup::
