[2024-10-04T06:36:39.512+0000] {local_task_job_runner.py:123} INFO - ::group::Pre task execution logs
[2024-10-04T06:36:39.673+0000] {taskinstance.py:2612} INFO - Dependencies all met for dep_context=non-requeueable deps ti=<TaskInstance: sparking_flow.wordcount_job scheduled__2024-10-03T00:00:00+00:00 [queued]>
[2024-10-04T06:36:39.779+0000] {taskinstance.py:2612} INFO - Dependencies all met for dep_context=requeueable deps ti=<TaskInstance: sparking_flow.wordcount_job scheduled__2024-10-03T00:00:00+00:00 [queued]>
[2024-10-04T06:36:39.779+0000] {taskinstance.py:2865} INFO - Starting attempt 1 of 1
[2024-10-04T06:36:39.850+0000] {taskinstance.py:2888} INFO - Executing <Task(SparkSubmitOperator): wordcount_job> on 2024-10-03 00:00:00+00:00
[2024-10-04T06:36:39.908+0000] {logging_mixin.py:190} WARNING - /home/***/.local/lib/python3.12/site-packages/***/task/task_runner/standard_task_runner.py:70 DeprecationWarning: This process (pid=209) is multi-threaded, use of fork() may lead to deadlocks in the child.
[2024-10-04T06:36:39.913+0000] {standard_task_runner.py:72} INFO - Started process 213 to run task
[2024-10-04T06:36:39.896+0000] {standard_task_runner.py:104} INFO - Running: ['***', 'tasks', 'run', 'sparking_flow', 'wordcount_job', 'scheduled__2024-10-03T00:00:00+00:00', '--job-id', '13686', '--raw', '--subdir', 'DAGS_FOLDER/materi/test.py', '--cfg-path', '/tmp/tmp_gei8otd']
[2024-10-04T06:36:39.926+0000] {standard_task_runner.py:105} INFO - Job 13686: Subtask wordcount_job
[2024-10-04T06:36:40.135+0000] {task_command.py:467} INFO - Running <TaskInstance: sparking_flow.wordcount_job scheduled__2024-10-03T00:00:00+00:00 [running]> on host 5f5bf3f98309
[2024-10-04T06:36:40.480+0000] {taskinstance.py:3131} INFO - Exporting env vars: AIRFLOW_CTX_DAG_OWNER='Yusuf Ganiyu' AIRFLOW_CTX_DAG_ID='sparking_flow' AIRFLOW_CTX_TASK_ID='wordcount_job' AIRFLOW_CTX_EXECUTION_DATE='2024-10-03T00:00:00+00:00' AIRFLOW_CTX_TRY_NUMBER='1' AIRFLOW_CTX_DAG_RUN_ID='scheduled__2024-10-03T00:00:00+00:00'
[2024-10-04T06:36:40.481+0000] {taskinstance.py:731} INFO - ::endgroup::
[2024-10-04T06:36:40.555+0000] {base.py:84} INFO - Retrieving connection 'spark-conn'
[2024-10-04T06:36:40.557+0000] {spark_submit.py:335} INFO - Spark-Submit cmd: spark-submit --master spark://spark-master:7077 --name arrow-spark jobs/wordcountjob.py wordcountjob Hello Spark Hello Python Hello Airflow Hello Docker and Hello Yusuf
[2024-10-04T06:36:40.927+0000] {spark_submit.py:488} INFO - /home/***/.local/lib/python3.12/site-packages/pyspark/bin/load-spark-env.sh: line 68: ps: command not found
[2024-10-04T06:36:57.448+0000] {spark_submit.py:488} INFO - 24/10/04 06:36:57 INFO SparkContext: Running Spark version 3.5.3
[2024-10-04T06:36:57.454+0000] {spark_submit.py:488} INFO - 24/10/04 06:36:57 INFO SparkContext: OS info Linux, 5.15.153.1-microsoft-standard-WSL2, amd64
[2024-10-04T06:36:57.455+0000] {spark_submit.py:488} INFO - 24/10/04 06:36:57 INFO SparkContext: Java version 17.0.12
[2024-10-04T06:36:57.682+0000] {spark_submit.py:488} INFO - 24/10/04 06:36:57 WARN NativeCodeLoader: Unable to load native-hadoop library for your platform... using builtin-java classes where applicable
[2024-10-04T06:36:58.330+0000] {spark_submit.py:488} INFO - 24/10/04 06:36:58 INFO ResourceUtils: ==============================================================
[2024-10-04T06:36:58.331+0000] {spark_submit.py:488} INFO - 24/10/04 06:36:58 INFO ResourceUtils: No custom resources configured for spark.driver.
[2024-10-04T06:36:58.332+0000] {spark_submit.py:488} INFO - 24/10/04 06:36:58 INFO ResourceUtils: ==============================================================
[2024-10-04T06:36:58.334+0000] {spark_submit.py:488} INFO - 24/10/04 06:36:58 INFO SparkContext: Submitted application: PythonWordCount
[2024-10-04T06:36:58.399+0000] {spark_submit.py:488} INFO - 24/10/04 06:36:58 INFO ResourceProfile: Default ResourceProfile created, executor resources: Map(memory -> name: memory, amount: 1024, script: , vendor: , offHeap -> name: offHeap, amount: 0, script: , vendor: ), task resources: Map(cpus -> name: cpus, amount: 1.0)
[2024-10-04T06:36:58.421+0000] {spark_submit.py:488} INFO - 24/10/04 06:36:58 INFO ResourceProfile: Limiting resource is cpu
[2024-10-04T06:36:58.423+0000] {spark_submit.py:488} INFO - 24/10/04 06:36:58 INFO ResourceProfileManager: Added ResourceProfile id: 0
[2024-10-04T06:36:58.613+0000] {spark_submit.py:488} INFO - 24/10/04 06:36:58 INFO SecurityManager: Changing view acls to: ***
[2024-10-04T06:36:58.615+0000] {spark_submit.py:488} INFO - 24/10/04 06:36:58 INFO SecurityManager: Changing modify acls to: ***
[2024-10-04T06:36:58.617+0000] {spark_submit.py:488} INFO - 24/10/04 06:36:58 INFO SecurityManager: Changing view acls groups to:
[2024-10-04T06:36:58.618+0000] {spark_submit.py:488} INFO - 24/10/04 06:36:58 INFO SecurityManager: Changing modify acls groups to:
[2024-10-04T06:36:58.620+0000] {spark_submit.py:488} INFO - 24/10/04 06:36:58 INFO SecurityManager: SecurityManager: authentication disabled; ui acls disabled; users with view permissions: ***; groups with view permissions: EMPTY; users with modify permissions: ***; groups with modify permissions: EMPTY
[2024-10-04T06:36:59.319+0000] {spark_submit.py:488} INFO - 24/10/04 06:36:59 INFO Utils: Successfully started service 'sparkDriver' on port 32945.
[2024-10-04T06:36:59.410+0000] {spark_submit.py:488} INFO - 24/10/04 06:36:59 INFO SparkEnv: Registering MapOutputTracker
[2024-10-04T06:36:59.485+0000] {spark_submit.py:488} INFO - 24/10/04 06:36:59 INFO SparkEnv: Registering BlockManagerMaster
[2024-10-04T06:36:59.527+0000] {spark_submit.py:488} INFO - 24/10/04 06:36:59 INFO BlockManagerMasterEndpoint: Using org.apache.spark.storage.DefaultTopologyMapper for getting topology information
[2024-10-04T06:36:59.528+0000] {spark_submit.py:488} INFO - 24/10/04 06:36:59 INFO BlockManagerMasterEndpoint: BlockManagerMasterEndpoint up
[2024-10-04T06:36:59.538+0000] {spark_submit.py:488} INFO - 24/10/04 06:36:59 INFO SparkEnv: Registering BlockManagerMasterHeartbeat
[2024-10-04T06:36:59.608+0000] {spark_submit.py:488} INFO - 24/10/04 06:36:59 INFO DiskBlockManager: Created local directory at /tmp/blockmgr-116a8160-ced6-4365-b397-200d56b2028f
[2024-10-04T06:36:59.646+0000] {spark_submit.py:488} INFO - 24/10/04 06:36:59 INFO MemoryStore: MemoryStore started with capacity 434.4 MiB
[2024-10-04T06:36:59.680+0000] {spark_submit.py:488} INFO - 24/10/04 06:36:59 INFO SparkEnv: Registering OutputCommitCoordinator
[2024-10-04T06:36:59.956+0000] {spark_submit.py:488} INFO - 24/10/04 06:36:59 INFO JettyUtils: Start Jetty 0.0.0.0:4040 for SparkUI
[2024-10-04T06:37:00.107+0000] {spark_submit.py:488} INFO - 24/10/04 06:37:00 INFO Utils: Successfully started service 'SparkUI' on port 4040.
[2024-10-04T06:37:00.398+0000] {spark_submit.py:488} INFO - 24/10/04 06:37:00 INFO StandaloneAppClient$ClientEndpoint: Connecting to master spark://spark-master:7077...
[2024-10-04T06:37:00.496+0000] {spark_submit.py:488} INFO - 24/10/04 06:37:00 INFO TransportClientFactory: Successfully created connection to spark-master/172.20.0.2:7077 after 55 ms (0 ms spent in bootstraps)
[2024-10-04T06:37:00.784+0000] {spark_submit.py:488} INFO - 24/10/04 06:37:00 INFO StandaloneSchedulerBackend: Connected to Spark cluster with app ID app-20241004063700-0000
[2024-10-04T06:37:00.800+0000] {spark_submit.py:488} INFO - 24/10/04 06:37:00 INFO Utils: Successfully started service 'org.apache.spark.network.netty.NettyBlockTransferService' on port 43081.
[2024-10-04T06:37:00.801+0000] {spark_submit.py:488} INFO - 24/10/04 06:37:00 INFO NettyBlockTransferService: Server created on 5f5bf3f98309:43081
[2024-10-04T06:37:00.805+0000] {spark_submit.py:488} INFO - 24/10/04 06:37:00 INFO BlockManager: Using org.apache.spark.storage.RandomBlockReplicationPolicy for block replication policy
[2024-10-04T06:37:00.820+0000] {spark_submit.py:488} INFO - 24/10/04 06:37:00 INFO BlockManagerMaster: Registering BlockManager BlockManagerId(driver, 5f5bf3f98309, 43081, None)
[2024-10-04T06:37:00.828+0000] {spark_submit.py:488} INFO - 24/10/04 06:37:00 INFO BlockManagerMasterEndpoint: Registering block manager 5f5bf3f98309:43081 with 434.4 MiB RAM, BlockManagerId(driver, 5f5bf3f98309, 43081, None)
[2024-10-04T06:37:00.833+0000] {spark_submit.py:488} INFO - 24/10/04 06:37:00 INFO BlockManagerMaster: Registered BlockManager BlockManagerId(driver, 5f5bf3f98309, 43081, None)
[2024-10-04T06:37:00.836+0000] {spark_submit.py:488} INFO - 24/10/04 06:37:00 INFO BlockManager: Initialized BlockManager: BlockManagerId(driver, 5f5bf3f98309, 43081, None)
[2024-10-04T06:37:00.837+0000] {spark_submit.py:488} INFO - 24/10/04 06:37:00 INFO StandaloneAppClient$ClientEndpoint: Executor added: app-20241004063700-0000/0 on worker-20241004063558-172.20.0.10-38265 (172.20.0.10:38265) with 2 core(s)
[2024-10-04T06:37:00.840+0000] {spark_submit.py:488} INFO - 24/10/04 06:37:00 INFO StandaloneSchedulerBackend: Granted executor ID app-20241004063700-0000/0 on hostPort 172.20.0.10:38265 with 2 core(s), 1024.0 MiB RAM
[2024-10-04T06:37:01.178+0000] {spark_submit.py:488} INFO - 24/10/04 06:37:01 INFO StandaloneAppClient$ClientEndpoint: Executor updated: app-20241004063700-0000/0 is now RUNNING
[2024-10-04T06:37:01.420+0000] {spark_submit.py:488} INFO - 24/10/04 06:37:01 INFO StandaloneSchedulerBackend: SchedulerBackend is ready for scheduling beginning after reached minRegisteredResourcesRatio: 0.0
[2024-10-04T06:37:03.072+0000] {spark_submit.py:488} INFO - 24/10/04 06:37:03 INFO SparkContext: Starting job: collect at /opt/***/jobs/wordcountjob.py:14
[2024-10-04T06:37:03.142+0000] {spark_submit.py:488} INFO - 24/10/04 06:37:03 INFO DAGScheduler: Registering RDD 2 (reduceByKey at /opt/***/jobs/wordcountjob.py:12) as input to shuffle 0
[2024-10-04T06:37:03.153+0000] {spark_submit.py:488} INFO - 24/10/04 06:37:03 INFO DAGScheduler: Got job 0 (collect at /opt/***/jobs/wordcountjob.py:14) with 2 output partitions
[2024-10-04T06:37:03.155+0000] {spark_submit.py:488} INFO - 24/10/04 06:37:03 INFO DAGScheduler: Final stage: ResultStage 1 (collect at /opt/***/jobs/wordcountjob.py:14)
[2024-10-04T06:37:03.157+0000] {spark_submit.py:488} INFO - 24/10/04 06:37:03 INFO DAGScheduler: Parents of final stage: List(ShuffleMapStage 0)
[2024-10-04T06:37:03.163+0000] {spark_submit.py:488} INFO - 24/10/04 06:37:03 INFO DAGScheduler: Missing parents: List(ShuffleMapStage 0)
[2024-10-04T06:37:03.175+0000] {spark_submit.py:488} INFO - 24/10/04 06:37:03 INFO DAGScheduler: Submitting ShuffleMapStage 0 (PairwiseRDD[2] at reduceByKey at /opt/***/jobs/wordcountjob.py:12), which has no missing parents
[2024-10-04T06:37:03.417+0000] {spark_submit.py:488} INFO - 24/10/04 06:37:03 INFO MemoryStore: Block broadcast_0 stored as values in memory (estimated size 11.0 KiB, free 434.4 MiB)
[2024-10-04T06:37:03.499+0000] {spark_submit.py:488} INFO - 24/10/04 06:37:03 INFO MemoryStore: Block broadcast_0_piece0 stored as bytes in memory (estimated size 7.0 KiB, free 434.4 MiB)
[2024-10-04T06:37:03.503+0000] {spark_submit.py:488} INFO - 24/10/04 06:37:03 INFO BlockManagerInfo: Added broadcast_0_piece0 in memory on 5f5bf3f98309:43081 (size: 7.0 KiB, free: 434.4 MiB)
[2024-10-04T06:37:03.513+0000] {spark_submit.py:488} INFO - 24/10/04 06:37:03 INFO SparkContext: Created broadcast 0 from broadcast at DAGScheduler.scala:1585
[2024-10-04T06:37:03.558+0000] {spark_submit.py:488} INFO - 24/10/04 06:37:03 INFO DAGScheduler: Submitting 2 missing tasks from ShuffleMapStage 0 (PairwiseRDD[2] at reduceByKey at /opt/***/jobs/wordcountjob.py:12) (first 15 tasks are for partitions Vector(0, 1))
[2024-10-04T06:37:03.561+0000] {spark_submit.py:488} INFO - 24/10/04 06:37:03 INFO TaskSchedulerImpl: Adding task set 0.0 with 2 tasks resource profile 0
[2024-10-04T06:37:06.648+0000] {spark_submit.py:488} INFO - 24/10/04 06:37:06 INFO StandaloneSchedulerBackend$StandaloneDriverEndpoint: Registered executor NettyRpcEndpointRef(spark-client://Executor) (172.20.0.10:56786) with ID 0,  ResourceProfileId 0
[2024-10-04T06:37:06.778+0000] {spark_submit.py:488} INFO - 24/10/04 06:37:06 INFO BlockManagerMasterEndpoint: Registering block manager 172.20.0.10:34619 with 434.4 MiB RAM, BlockManagerId(0, 172.20.0.10, 34619, None)
[2024-10-04T06:37:06.913+0000] {spark_submit.py:488} INFO - 24/10/04 06:37:06 INFO TaskSetManager: Starting task 0.0 in stage 0.0 (TID 0) (172.20.0.10, executor 0, partition 0, PROCESS_LOCAL, 9039 bytes)
[2024-10-04T06:37:06.922+0000] {spark_submit.py:488} INFO - 24/10/04 06:37:06 INFO TaskSetManager: Starting task 1.0 in stage 0.0 (TID 1) (172.20.0.10, executor 0, partition 1, PROCESS_LOCAL, 9072 bytes)
[2024-10-04T06:37:07.452+0000] {spark_submit.py:488} INFO - 24/10/04 06:37:07 INFO BlockManagerInfo: Added broadcast_0_piece0 in memory on 172.20.0.10:34619 (size: 7.0 KiB, free: 434.4 MiB)
[2024-10-04T06:37:10.451+0000] {spark_submit.py:488} INFO - 24/10/04 06:37:10 INFO TaskSetManager: Finished task 1.0 in stage 0.0 (TID 1) in 3524 ms on 172.20.0.10 (executor 0) (1/2)
[2024-10-04T06:37:10.458+0000] {spark_submit.py:488} INFO - 24/10/04 06:37:10 INFO TaskSetManager: Finished task 0.0 in stage 0.0 (TID 0) in 3574 ms on 172.20.0.10 (executor 0) (2/2)
[2024-10-04T06:37:10.460+0000] {spark_submit.py:488} INFO - 24/10/04 06:37:10 INFO TaskSchedulerImpl: Removed TaskSet 0.0, whose tasks have all completed, from pool
[2024-10-04T06:37:10.472+0000] {spark_submit.py:488} INFO - 24/10/04 06:37:10 INFO PythonAccumulatorV2: Connected to AccumulatorServer at host: 127.0.0.1 port: 51613
[2024-10-04T06:37:10.485+0000] {spark_submit.py:488} INFO - 24/10/04 06:37:10 INFO DAGScheduler: ShuffleMapStage 0 (reduceByKey at /opt/***/jobs/wordcountjob.py:12) finished in 7.259 s
[2024-10-04T06:37:10.487+0000] {spark_submit.py:488} INFO - 24/10/04 06:37:10 INFO DAGScheduler: looking for newly runnable stages
[2024-10-04T06:37:10.489+0000] {spark_submit.py:488} INFO - 24/10/04 06:37:10 INFO DAGScheduler: running: Set()
[2024-10-04T06:37:10.491+0000] {spark_submit.py:488} INFO - 24/10/04 06:37:10 INFO DAGScheduler: waiting: Set(ResultStage 1)
[2024-10-04T06:37:10.492+0000] {spark_submit.py:488} INFO - 24/10/04 06:37:10 INFO DAGScheduler: failed: Set()
[2024-10-04T06:37:10.499+0000] {spark_submit.py:488} INFO - 24/10/04 06:37:10 INFO DAGScheduler: Submitting ResultStage 1 (PythonRDD[5] at collect at /opt/***/jobs/wordcountjob.py:14), which has no missing parents
[2024-10-04T06:37:10.524+0000] {spark_submit.py:488} INFO - 24/10/04 06:37:10 INFO MemoryStore: Block broadcast_1 stored as values in memory (estimated size 10.0 KiB, free 434.4 MiB)
[2024-10-04T06:37:10.531+0000] {spark_submit.py:488} INFO - 24/10/04 06:37:10 INFO MemoryStore: Block broadcast_1_piece0 stored as bytes in memory (estimated size 6.0 KiB, free 434.4 MiB)
[2024-10-04T06:37:10.535+0000] {spark_submit.py:488} INFO - 24/10/04 06:37:10 INFO BlockManagerInfo: Added broadcast_1_piece0 in memory on 5f5bf3f98309:43081 (size: 6.0 KiB, free: 434.4 MiB)
[2024-10-04T06:37:10.538+0000] {spark_submit.py:488} INFO - 24/10/04 06:37:10 INFO SparkContext: Created broadcast 1 from broadcast at DAGScheduler.scala:1585
[2024-10-04T06:37:10.554+0000] {spark_submit.py:488} INFO - 24/10/04 06:37:10 INFO DAGScheduler: Submitting 2 missing tasks from ResultStage 1 (PythonRDD[5] at collect at /opt/***/jobs/wordcountjob.py:14) (first 15 tasks are for partitions Vector(0, 1))
[2024-10-04T06:37:10.556+0000] {spark_submit.py:488} INFO - 24/10/04 06:37:10 INFO TaskSchedulerImpl: Adding task set 1.0 with 2 tasks resource profile 0
[2024-10-04T06:37:10.573+0000] {spark_submit.py:488} INFO - 24/10/04 06:37:10 INFO TaskSetManager: Starting task 0.0 in stage 1.0 (TID 2) (172.20.0.10, executor 0, partition 0, NODE_LOCAL, 8821 bytes)
[2024-10-04T06:37:10.577+0000] {spark_submit.py:488} INFO - 24/10/04 06:37:10 INFO TaskSetManager: Starting task 1.0 in stage 1.0 (TID 3) (172.20.0.10, executor 0, partition 1, NODE_LOCAL, 8821 bytes)
[2024-10-04T06:37:10.640+0000] {spark_submit.py:488} INFO - 24/10/04 06:37:10 INFO BlockManagerInfo: Added broadcast_1_piece0 in memory on 172.20.0.10:34619 (size: 6.0 KiB, free: 434.4 MiB)
[2024-10-04T06:37:10.815+0000] {spark_submit.py:488} INFO - 24/10/04 06:37:10 INFO MapOutputTrackerMasterEndpoint: Asked to send map output locations for shuffle 0 to 172.20.0.10:56786
[2024-10-04T06:37:11.260+0000] {spark_submit.py:488} INFO - 24/10/04 06:37:11 INFO TaskSetManager: Finished task 0.0 in stage 1.0 (TID 2) in 692 ms on 172.20.0.10 (executor 0) (1/2)
[2024-10-04T06:37:11.264+0000] {spark_submit.py:488} INFO - 24/10/04 06:37:11 INFO TaskSetManager: Finished task 1.0 in stage 1.0 (TID 3) in 691 ms on 172.20.0.10 (executor 0) (2/2)
[2024-10-04T06:37:11.266+0000] {spark_submit.py:488} INFO - 24/10/04 06:37:11 INFO TaskSchedulerImpl: Removed TaskSet 1.0, whose tasks have all completed, from pool
[2024-10-04T06:37:11.272+0000] {spark_submit.py:488} INFO - 24/10/04 06:37:11 INFO DAGScheduler: ResultStage 1 (collect at /opt/***/jobs/wordcountjob.py:14) finished in 0.752 s
[2024-10-04T06:37:11.280+0000] {spark_submit.py:488} INFO - 24/10/04 06:37:11 INFO DAGScheduler: Job 0 is finished. Cancelling potential speculative or zombie tasks for this job
[2024-10-04T06:37:11.282+0000] {spark_submit.py:488} INFO - 24/10/04 06:37:11 INFO TaskSchedulerImpl: Killing all running tasks in stage 1: Stage finished
[2024-10-04T06:37:11.291+0000] {spark_submit.py:488} INFO - 24/10/04 06:37:11 INFO DAGScheduler: Job 0 finished: collect at /opt/***/jobs/wordcountjob.py:14, took 8.220266 s
[2024-10-04T06:37:11.328+0000] {spark_submit.py:488} INFO - Python: 1
[2024-10-04T06:37:11.329+0000] {spark_submit.py:488} INFO - Airflow: 1
[2024-10-04T06:37:11.329+0000] {spark_submit.py:488} INFO - Docker: 1
[2024-10-04T06:37:11.330+0000] {spark_submit.py:488} INFO - and: 1
[2024-10-04T06:37:11.331+0000] {spark_submit.py:488} INFO - Yusuf: 1
[2024-10-04T06:37:11.331+0000] {spark_submit.py:488} INFO - Hello: 5
[2024-10-04T06:37:11.331+0000] {spark_submit.py:488} INFO - Spark: 1
[2024-10-04T06:37:11.332+0000] {spark_submit.py:488} INFO - Hello World
[2024-10-04T06:37:11.332+0000] {spark_submit.py:488} INFO - 24/10/04 06:37:11 INFO SparkContext: SparkContext is stopping with exitCode 0.
[2024-10-04T06:37:11.349+0000] {spark_submit.py:488} INFO - 24/10/04 06:37:11 INFO SparkUI: Stopped Spark web UI at http://5f5bf3f98309:4040
[2024-10-04T06:37:11.356+0000] {spark_submit.py:488} INFO - 24/10/04 06:37:11 INFO StandaloneSchedulerBackend: Shutting down all executors
[2024-10-04T06:37:11.357+0000] {spark_submit.py:488} INFO - 24/10/04 06:37:11 INFO StandaloneSchedulerBackend$StandaloneDriverEndpoint: Asking each executor to shut down
[2024-10-04T06:37:11.424+0000] {spark_submit.py:488} INFO - 24/10/04 06:37:11 INFO MapOutputTrackerMasterEndpoint: MapOutputTrackerMasterEndpoint stopped!
[2024-10-04T06:37:11.477+0000] {spark_submit.py:488} INFO - 24/10/04 06:37:11 INFO MemoryStore: MemoryStore cleared
[2024-10-04T06:37:11.478+0000] {spark_submit.py:488} INFO - 24/10/04 06:37:11 INFO BlockManager: BlockManager stopped
[2024-10-04T06:37:11.493+0000] {spark_submit.py:488} INFO - 24/10/04 06:37:11 INFO BlockManagerMaster: BlockManagerMaster stopped
[2024-10-04T06:37:11.501+0000] {spark_submit.py:488} INFO - 24/10/04 06:37:11 INFO OutputCommitCoordinator$OutputCommitCoordinatorEndpoint: OutputCommitCoordinator stopped!
[2024-10-04T06:37:11.524+0000] {spark_submit.py:488} INFO - 24/10/04 06:37:11 INFO SparkContext: Successfully stopped SparkContext
[2024-10-04T06:37:12.366+0000] {spark_submit.py:488} INFO - 24/10/04 06:37:12 INFO ShutdownHookManager: Shutdown hook called
[2024-10-04T06:37:12.369+0000] {spark_submit.py:488} INFO - 24/10/04 06:37:12 INFO ShutdownHookManager: Deleting directory /tmp/spark-a84648b9-4245-4223-8cfa-b878d1f6c00b/pyspark-300abb3a-71c7-4f3b-a9ec-fe09003063d9
[2024-10-04T06:37:12.374+0000] {spark_submit.py:488} INFO - 24/10/04 06:37:12 INFO ShutdownHookManager: Deleting directory /tmp/spark-43505883-179e-44f7-acf1-879ef7cdd20c
[2024-10-04T06:37:12.378+0000] {spark_submit.py:488} INFO - 24/10/04 06:37:12 INFO ShutdownHookManager: Deleting directory /tmp/spark-a84648b9-4245-4223-8cfa-b878d1f6c00b
[2024-10-04T06:37:12.456+0000] {taskinstance.py:340} INFO - ::group::Post task execution logs
[2024-10-04T06:37:12.456+0000] {taskinstance.py:352} INFO - Marking task as SUCCESS. dag_id=sparking_flow, task_id=wordcount_job, run_id=scheduled__2024-10-03T00:00:00+00:00, execution_date=20241003T000000, start_date=20241004T063639, end_date=20241004T063712
[2024-10-04T06:37:12.520+0000] {local_task_job_runner.py:266} INFO - Task exited with return code 0
[2024-10-04T06:37:12.567+0000] {taskinstance.py:3900} INFO - 1 downstream tasks scheduled from follow-on schedule check
[2024-10-04T06:37:12.571+0000] {local_task_job_runner.py:245} INFO - ::endgroup::
