[2024-10-02T17:11:52.541+0000] {local_task_job_runner.py:123} INFO - ::group::Pre task execution logs
[2024-10-02T17:11:52.637+0000] {taskinstance.py:2612} INFO - Dependencies all met for dep_context=non-requeueable deps ti=<TaskInstance: etl_pipeline.staging.dellstore_db.extract.products manual__2024-10-02T17:10:54.658014+00:00 [queued]>
[2024-10-02T17:11:52.674+0000] {taskinstance.py:2612} INFO - Dependencies all met for dep_context=requeueable deps ti=<TaskInstance: etl_pipeline.staging.dellstore_db.extract.products manual__2024-10-02T17:10:54.658014+00:00 [queued]>
[2024-10-02T17:11:52.675+0000] {taskinstance.py:2865} INFO - Starting attempt 1 of 1
[2024-10-02T17:11:53.211+0000] {taskinstance.py:2888} INFO - Executing <Task(PythonOperator): staging.dellstore_db.extract.products> on 2024-10-02 17:10:54.658014+00:00
[2024-10-02T17:11:53.245+0000] {clientserver.py:543} INFO - Closing down clientserver connection
[2024-10-02T17:11:53.249+0000] {logging_mixin.py:190} WARNING - /home/***/.local/lib/python3.12/site-packages/***/task/task_runner/standard_task_runner.py:70 DeprecationWarning: This process (pid=11149) is multi-threaded, use of fork() may lead to deadlocks in the child.
[2024-10-02T17:11:53.257+0000] {standard_task_runner.py:72} INFO - Started process 13179 to run task
[2024-10-02T17:11:53.256+0000] {standard_task_runner.py:104} INFO - Running: ['***', 'tasks', 'run', 'etl_pipeline', 'staging.dellstore_db.extract.products', 'manual__2024-10-02T17:10:54.658014+00:00', '--job-id', '13420', '--raw', '--subdir', 'DAGS_FOLDER/etl_pipeline/run.py', '--cfg-path', '/tmp/tmpxtsedi4g']
[2024-10-02T17:11:53.262+0000] {standard_task_runner.py:105} INFO - Job 13420: Subtask staging.dellstore_db.extract.products
[2024-10-02T17:11:53.425+0000] {task_command.py:467} INFO - Running <TaskInstance: etl_pipeline.staging.dellstore_db.extract.products manual__2024-10-02T17:10:54.658014+00:00 [running]> on host 19cd1516b3ca
[2024-10-02T17:11:53.785+0000] {taskinstance.py:3131} INFO - Exporting env vars: AIRFLOW_CTX_DAG_OWNER='***' AIRFLOW_CTX_DAG_ID='etl_pipeline' AIRFLOW_CTX_TASK_ID='staging.dellstore_db.extract.products' AIRFLOW_CTX_EXECUTION_DATE='2024-10-02T17:10:54.658014+00:00' AIRFLOW_CTX_TRY_NUMBER='1' AIRFLOW_CTX_DAG_RUN_ID='manual__2024-10-02T17:10:54.658014+00:00'
[2024-10-02T17:11:53.788+0000] {taskinstance.py:731} INFO - ::endgroup::
[2024-10-02T17:11:53.850+0000] {base.py:84} INFO - Retrieving connection 'dellstore_db'
[2024-10-02T17:11:54.496+0000] {base.py:84} INFO - Retrieving connection 'minio'
[2024-10-02T17:11:54.650+0000] {python.py:240} INFO - Done. Returned value was: None
[2024-10-02T17:11:54.683+0000] {taskinstance.py:340} INFO - ::group::Post task execution logs
[2024-10-02T17:11:54.684+0000] {taskinstance.py:352} INFO - Marking task as SUCCESS. dag_id=etl_pipeline, task_id=staging.dellstore_db.extract.products, run_id=manual__2024-10-02T17:10:54.658014+00:00, execution_date=20241002T171054, start_date=20241002T171152, end_date=20241002T171154
[2024-10-02T17:11:54.751+0000] {local_task_job_runner.py:266} INFO - Task exited with return code 0
[2024-10-02T17:11:54.801+0000] {local_task_job_runner.py:245} INFO - ::endgroup::
