[2024-10-02T17:15:19.460+0000] {local_task_job_runner.py:123} INFO - ::group::Pre task execution logs
[2024-10-02T17:15:19.564+0000] {taskinstance.py:2612} INFO - Dependencies all met for dep_context=non-requeueable deps ti=<TaskInstance: etl_pipeline.staging.dellstore_db.extract.customers manual__2024-10-02T17:10:54.658014+00:00 [queued]>
[2024-10-02T17:15:19.674+0000] {taskinstance.py:2612} INFO - Dependencies all met for dep_context=requeueable deps ti=<TaskInstance: etl_pipeline.staging.dellstore_db.extract.customers manual__2024-10-02T17:10:54.658014+00:00 [queued]>
[2024-10-02T17:15:19.676+0000] {taskinstance.py:2865} INFO - Starting attempt 2 of 2
[2024-10-02T17:15:19.857+0000] {taskinstance.py:2888} INFO - Executing <Task(PythonOperator): staging.dellstore_db.extract.customers> on 2024-10-02 17:10:54.658014+00:00
[2024-10-02T17:15:19.887+0000] {clientserver.py:543} INFO - Closing down clientserver connection
[2024-10-02T17:15:19.908+0000] {standard_task_runner.py:104} INFO - Running: ['***', 'tasks', 'run', 'etl_pipeline', 'staging.dellstore_db.extract.customers', 'manual__2024-10-02T17:10:54.658014+00:00', '--job-id', '13423', '--raw', '--subdir', 'DAGS_FOLDER/etl_pipeline/run.py', '--cfg-path', '/tmp/tmpyei1xx6b']
[2024-10-02T17:15:19.918+0000] {standard_task_runner.py:105} INFO - Job 13423: Subtask staging.dellstore_db.extract.customers
[2024-10-02T17:15:19.923+0000] {logging_mixin.py:190} WARNING - /home/***/.local/lib/python3.12/site-packages/***/task/task_runner/standard_task_runner.py:70 DeprecationWarning: This process (pid=15124) is multi-threaded, use of fork() may lead to deadlocks in the child.
[2024-10-02T17:15:19.925+0000] {standard_task_runner.py:72} INFO - Started process 15430 to run task
[2024-10-02T17:15:20.248+0000] {task_command.py:467} INFO - Running <TaskInstance: etl_pipeline.staging.dellstore_db.extract.customers manual__2024-10-02T17:10:54.658014+00:00 [running]> on host 19cd1516b3ca
[2024-10-02T17:15:21.592+0000] {taskinstance.py:3131} INFO - Exporting env vars: AIRFLOW_CTX_DAG_OWNER='***' AIRFLOW_CTX_DAG_ID='etl_pipeline' AIRFLOW_CTX_TASK_ID='staging.dellstore_db.extract.customers' AIRFLOW_CTX_EXECUTION_DATE='2024-10-02T17:10:54.658014+00:00' AIRFLOW_CTX_TRY_NUMBER='2' AIRFLOW_CTX_DAG_RUN_ID='manual__2024-10-02T17:10:54.658014+00:00'
[2024-10-02T17:15:21.596+0000] {taskinstance.py:731} INFO - ::endgroup::
[2024-10-02T17:15:21.675+0000] {base.py:84} INFO - Retrieving connection 'dellstore_db'
[2024-10-02T17:15:22.779+0000] {base.py:84} INFO - Retrieving connection 'minio'
[2024-10-02T17:15:22.921+0000] {python.py:240} INFO - Done. Returned value was: None
[2024-10-02T17:15:22.943+0000] {taskinstance.py:340} INFO - ::group::Post task execution logs
[2024-10-02T17:15:22.944+0000] {taskinstance.py:352} INFO - Marking task as SUCCESS. dag_id=etl_pipeline, task_id=staging.dellstore_db.extract.customers, run_id=manual__2024-10-02T17:10:54.658014+00:00, execution_date=20241002T171054, start_date=20241002T171519, end_date=20241002T171522
[2024-10-02T17:15:23.010+0000] {local_task_job_runner.py:266} INFO - Task exited with return code 0
[2024-10-02T17:15:23.315+0000] {taskinstance.py:3900} INFO - 0 downstream tasks scheduled from follow-on schedule check
[2024-10-02T17:15:23.319+0000] {local_task_job_runner.py:245} INFO - ::endgroup::
