[2024-10-03T08:43:55.297+0000] {local_task_job_runner.py:123} INFO - ::group::Pre task execution logs
[2024-10-03T08:43:55.328+0000] {taskinstance.py:2612} INFO - Dependencies all met for dep_context=non-requeueable deps ti=<TaskInstance: etl_pipeline.staging.dellstore_db.load.customers manual__2024-10-03T08:41:55.857004+00:00 [queued]>
[2024-10-03T08:43:55.342+0000] {taskinstance.py:2612} INFO - Dependencies all met for dep_context=requeueable deps ti=<TaskInstance: etl_pipeline.staging.dellstore_db.load.customers manual__2024-10-03T08:41:55.857004+00:00 [queued]>
[2024-10-03T08:43:55.343+0000] {taskinstance.py:2865} INFO - Starting attempt 1 of 1
[2024-10-03T08:43:55.365+0000] {taskinstance.py:2888} INFO - Executing <Task(PythonOperator): staging.dellstore_db.load.customers> on 2024-10-03 08:41:55.857004+00:00
[2024-10-03T08:43:55.379+0000] {standard_task_runner.py:104} INFO - Running: ['***', 'tasks', 'run', 'etl_pipeline', 'staging.dellstore_db.load.customers', 'manual__2024-10-03T08:41:55.857004+00:00', '--job-id', '13632', '--raw', '--subdir', 'DAGS_FOLDER/etl_pipeline/run.py', '--cfg-path', '/tmp/tmponqzdo8e']
[2024-10-03T08:43:55.380+0000] {logging_mixin.py:190} WARNING - /home/***/.local/lib/python3.12/site-packages/***/task/task_runner/standard_task_runner.py:70 DeprecationWarning: This process (pid=42530) is multi-threaded, use of fork() may lead to deadlocks in the child.
[2024-10-03T08:43:55.382+0000] {standard_task_runner.py:105} INFO - Job 13632: Subtask staging.dellstore_db.load.customers
[2024-10-03T08:43:55.382+0000] {standard_task_runner.py:72} INFO - Started process 42541 to run task
[2024-10-03T08:43:55.469+0000] {task_command.py:467} INFO - Running <TaskInstance: etl_pipeline.staging.dellstore_db.load.customers manual__2024-10-03T08:41:55.857004+00:00 [running]> on host 8c0d519f07a3
[2024-10-03T08:43:55.719+0000] {taskinstance.py:3131} INFO - Exporting env vars: AIRFLOW_CTX_DAG_OWNER='***' AIRFLOW_CTX_DAG_ID='etl_pipeline' AIRFLOW_CTX_TASK_ID='staging.dellstore_db.load.customers' AIRFLOW_CTX_EXECUTION_DATE='2024-10-03T08:41:55.857004+00:00' AIRFLOW_CTX_TRY_NUMBER='1' AIRFLOW_CTX_DAG_RUN_ID='manual__2024-10-03T08:41:55.857004+00:00'
[2024-10-03T08:43:55.721+0000] {taskinstance.py:731} INFO - ::endgroup::
[2024-10-03T08:43:55.753+0000] {base.py:84} INFO - Retrieving connection 'staging_db'
[2024-10-03T08:43:55.776+0000] {base.py:84} INFO - Retrieving connection 'minio'
[2024-10-03T08:44:12.697+0000] {python.py:240} INFO - Done. Returned value was: None
[2024-10-03T08:44:12.721+0000] {taskinstance.py:340} INFO - ::group::Post task execution logs
[2024-10-03T08:44:12.722+0000] {taskinstance.py:352} INFO - Marking task as SUCCESS. dag_id=etl_pipeline, task_id=staging.dellstore_db.load.customers, run_id=manual__2024-10-03T08:41:55.857004+00:00, execution_date=20241003T084155, start_date=20241003T084355, end_date=20241003T084412
[2024-10-03T08:44:12.798+0000] {local_task_job_runner.py:266} INFO - Task exited with return code 0
[2024-10-03T08:44:12.852+0000] {taskinstance.py:3900} INFO - 1 downstream tasks scheduled from follow-on schedule check
[2024-10-03T08:44:12.856+0000] {local_task_job_runner.py:245} INFO - ::endgroup::
