[2024-10-02T18:58:18.437+0000] {local_task_job_runner.py:123} INFO - ::group::Pre task execution logs
[2024-10-02T18:58:18.489+0000] {taskinstance.py:2612} INFO - Dependencies all met for dep_context=non-requeueable deps ti=<TaskInstance: sparking_flow.python_job scheduled__2024-10-01T00:00:00+00:00 [queued]>
[2024-10-02T18:58:18.513+0000] {taskinstance.py:2612} INFO - Dependencies all met for dep_context=requeueable deps ti=<TaskInstance: sparking_flow.python_job scheduled__2024-10-01T00:00:00+00:00 [queued]>
[2024-10-02T18:58:18.514+0000] {taskinstance.py:2865} INFO - Starting attempt 3 of 3
[2024-10-02T18:58:18.563+0000] {taskinstance.py:2888} INFO - Executing <Task(SparkSubmitOperator): python_job> on 2024-10-01 00:00:00+00:00
[2024-10-02T18:58:18.599+0000] {logging_mixin.py:190} WARNING - /home/***/.local/lib/python3.12/site-packages/***/task/task_runner/standard_task_runner.py:70 DeprecationWarning: This process (pid=79853) is multi-threaded, use of fork() may lead to deadlocks in the child.
[2024-10-02T18:58:18.602+0000] {standard_task_runner.py:72} INFO - Started process 79856 to run task
[2024-10-02T18:58:18.598+0000] {standard_task_runner.py:104} INFO - Running: ['***', 'tasks', 'run', 'sparking_flow', 'python_job', 'scheduled__2024-10-01T00:00:00+00:00', '--job-id', '13456', '--raw', '--subdir', 'DAGS_FOLDER/materi/test.py', '--cfg-path', '/tmp/tmpwh5bjcv0']
[2024-10-02T18:58:18.605+0000] {standard_task_runner.py:105} INFO - Job 13456: Subtask python_job
[2024-10-02T18:58:18.775+0000] {task_command.py:467} INFO - Running <TaskInstance: sparking_flow.python_job scheduled__2024-10-01T00:00:00+00:00 [running]> on host 19cd1516b3ca
[2024-10-02T18:58:18.974+0000] {taskinstance.py:3131} INFO - Exporting env vars: AIRFLOW_CTX_DAG_OWNER='Yusuf Ganiyu' AIRFLOW_CTX_DAG_ID='sparking_flow' AIRFLOW_CTX_TASK_ID='python_job' AIRFLOW_CTX_EXECUTION_DATE='2024-10-01T00:00:00+00:00' AIRFLOW_CTX_TRY_NUMBER='3' AIRFLOW_CTX_DAG_RUN_ID='scheduled__2024-10-01T00:00:00+00:00'
[2024-10-02T18:58:18.975+0000] {taskinstance.py:731} INFO - ::endgroup::
[2024-10-02T18:58:19.029+0000] {base.py:84} INFO - Retrieving connection 'spark-conn'
[2024-10-02T18:58:19.032+0000] {spark_submit.py:335} INFO - Spark-Submit cmd: spark-submit --master spark://spark-master:7077 --name arrow-spark jobs/wordcountjob.py
[2024-10-02T18:58:19.130+0000] {spark_submit.py:488} INFO - /home/***/.local/lib/python3.12/site-packages/pyspark/bin/load-spark-env.sh: line 68: ps: command not found
[2024-10-02T18:58:24.684+0000] {spark_submit.py:488} INFO - 24/10/02 18:58:24 INFO SparkContext: Running Spark version 3.5.3
[2024-10-02T18:58:24.688+0000] {spark_submit.py:488} INFO - 24/10/02 18:58:24 INFO SparkContext: OS info Linux, 5.15.153.1-microsoft-standard-WSL2, amd64
[2024-10-02T18:58:24.691+0000] {spark_submit.py:488} INFO - 24/10/02 18:58:24 INFO SparkContext: Java version 17.0.12
[2024-10-02T18:58:24.849+0000] {spark_submit.py:488} INFO - 24/10/02 18:58:24 WARN NativeCodeLoader: Unable to load native-hadoop library for your platform... using builtin-java classes where applicable
[2024-10-02T18:58:25.055+0000] {spark_submit.py:488} INFO - 24/10/02 18:58:25 INFO ResourceUtils: ==============================================================
[2024-10-02T18:58:25.056+0000] {spark_submit.py:488} INFO - 24/10/02 18:58:25 INFO ResourceUtils: No custom resources configured for spark.driver.
[2024-10-02T18:58:25.057+0000] {spark_submit.py:488} INFO - 24/10/02 18:58:25 INFO ResourceUtils: ==============================================================
[2024-10-02T18:58:25.059+0000] {spark_submit.py:488} INFO - 24/10/02 18:58:25 INFO SparkContext: Submitted application: PythonWordCount
[2024-10-02T18:58:25.098+0000] {spark_submit.py:488} INFO - 24/10/02 18:58:25 INFO ResourceProfile: Default ResourceProfile created, executor resources: Map(memory -> name: memory, amount: 1024, script: , vendor: , offHeap -> name: offHeap, amount: 0, script: , vendor: ), task resources: Map(cpus -> name: cpus, amount: 1.0)
[2024-10-02T18:58:25.113+0000] {spark_submit.py:488} INFO - 24/10/02 18:58:25 INFO ResourceProfile: Limiting resource is cpu
[2024-10-02T18:58:25.115+0000] {spark_submit.py:488} INFO - 24/10/02 18:58:25 INFO ResourceProfileManager: Added ResourceProfile id: 0
[2024-10-02T18:58:25.205+0000] {spark_submit.py:488} INFO - 24/10/02 18:58:25 INFO SecurityManager: Changing view acls to: ***
[2024-10-02T18:58:25.207+0000] {spark_submit.py:488} INFO - 24/10/02 18:58:25 INFO SecurityManager: Changing modify acls to: ***
[2024-10-02T18:58:25.209+0000] {spark_submit.py:488} INFO - 24/10/02 18:58:25 INFO SecurityManager: Changing view acls groups to:
[2024-10-02T18:58:25.212+0000] {spark_submit.py:488} INFO - 24/10/02 18:58:25 INFO SecurityManager: Changing modify acls groups to:
[2024-10-02T18:58:25.213+0000] {spark_submit.py:488} INFO - 24/10/02 18:58:25 INFO SecurityManager: SecurityManager: authentication disabled; ui acls disabled; users with view permissions: ***; groups with view permissions: EMPTY; users with modify permissions: ***; groups with modify permissions: EMPTY
[2024-10-02T18:58:25.663+0000] {spark_submit.py:488} INFO - 24/10/02 18:58:25 INFO Utils: Successfully started service 'sparkDriver' on port 46199.
[2024-10-02T18:58:25.766+0000] {spark_submit.py:488} INFO - 24/10/02 18:58:25 INFO SparkEnv: Registering MapOutputTracker
[2024-10-02T18:58:25.890+0000] {spark_submit.py:488} INFO - 24/10/02 18:58:25 INFO SparkEnv: Registering BlockManagerMaster
[2024-10-02T18:58:25.949+0000] {spark_submit.py:488} INFO - 24/10/02 18:58:25 INFO BlockManagerMasterEndpoint: Using org.apache.spark.storage.DefaultTopologyMapper for getting topology information
[2024-10-02T18:58:25.952+0000] {spark_submit.py:488} INFO - 24/10/02 18:58:25 INFO BlockManagerMasterEndpoint: BlockManagerMasterEndpoint up
[2024-10-02T18:58:25.965+0000] {spark_submit.py:488} INFO - 24/10/02 18:58:25 INFO SparkEnv: Registering BlockManagerMasterHeartbeat
[2024-10-02T18:58:26.030+0000] {spark_submit.py:488} INFO - 24/10/02 18:58:26 INFO DiskBlockManager: Created local directory at /tmp/blockmgr-cfac6665-cfff-4648-b6fe-b7e9cb05fe01
[2024-10-02T18:58:26.066+0000] {spark_submit.py:488} INFO - 24/10/02 18:58:26 INFO MemoryStore: MemoryStore started with capacity 434.4 MiB
[2024-10-02T18:58:26.108+0000] {spark_submit.py:488} INFO - 24/10/02 18:58:26 INFO SparkEnv: Registering OutputCommitCoordinator
[2024-10-02T18:58:26.331+0000] {spark_submit.py:488} INFO - 24/10/02 18:58:26 INFO JettyUtils: Start Jetty 0.0.0.0:4040 for SparkUI
[2024-10-02T18:58:26.425+0000] {spark_submit.py:488} INFO - 24/10/02 18:58:26 INFO Utils: Successfully started service 'SparkUI' on port 4040.
[2024-10-02T18:58:26.619+0000] {spark_submit.py:488} INFO - 24/10/02 18:58:26 INFO StandaloneAppClient$ClientEndpoint: Connecting to master spark://spark-master:7077...
[2024-10-02T18:58:26.702+0000] {spark_submit.py:488} INFO - 24/10/02 18:58:26 INFO TransportClientFactory: Successfully created connection to spark-master/172.20.0.9:7077 after 48 ms (0 ms spent in bootstraps)
[2024-10-02T18:58:27.016+0000] {spark_submit.py:488} INFO - 24/10/02 18:58:27 INFO StandaloneSchedulerBackend: Connected to Spark cluster with app ID app-20241002185826-0000
[2024-10-02T18:58:27.052+0000] {spark_submit.py:488} INFO - 24/10/02 18:58:27 INFO Utils: Successfully started service 'org.apache.spark.network.netty.NettyBlockTransferService' on port 46491.
[2024-10-02T18:58:27.053+0000] {spark_submit.py:488} INFO - 24/10/02 18:58:27 INFO NettyBlockTransferService: Server created on 19cd1516b3ca:46491
[2024-10-02T18:58:27.057+0000] {spark_submit.py:488} INFO - 24/10/02 18:58:27 INFO BlockManager: Using org.apache.spark.storage.RandomBlockReplicationPolicy for block replication policy
[2024-10-02T18:58:27.075+0000] {spark_submit.py:488} INFO - 24/10/02 18:58:27 INFO BlockManagerMaster: Registering BlockManager BlockManagerId(driver, 19cd1516b3ca, 46491, None)
[2024-10-02T18:58:27.085+0000] {spark_submit.py:488} INFO - 24/10/02 18:58:27 INFO BlockManagerMasterEndpoint: Registering block manager 19cd1516b3ca:46491 with 434.4 MiB RAM, BlockManagerId(driver, 19cd1516b3ca, 46491, None)
[2024-10-02T18:58:27.091+0000] {spark_submit.py:488} INFO - 24/10/02 18:58:27 INFO BlockManagerMaster: Registered BlockManager BlockManagerId(driver, 19cd1516b3ca, 46491, None)
[2024-10-02T18:58:27.094+0000] {spark_submit.py:488} INFO - 24/10/02 18:58:27 INFO BlockManager: Initialized BlockManager: BlockManagerId(driver, 19cd1516b3ca, 46491, None)
[2024-10-02T18:58:27.113+0000] {spark_submit.py:488} INFO - 24/10/02 18:58:27 INFO StandaloneAppClient$ClientEndpoint: Executor added: app-20241002185826-0000/0 on worker-20241002185803-172.20.0.10-34453 (172.20.0.10:34453) with 2 core(s)
[2024-10-02T18:58:27.130+0000] {spark_submit.py:488} INFO - 24/10/02 18:58:27 INFO StandaloneSchedulerBackend: Granted executor ID app-20241002185826-0000/0 on hostPort 172.20.0.10:34453 with 2 core(s), 1024.0 MiB RAM
[2024-10-02T18:58:27.463+0000] {spark_submit.py:488} INFO - 24/10/02 18:58:27 INFO StandaloneAppClient$ClientEndpoint: Executor updated: app-20241002185826-0000/0 is now RUNNING
[2024-10-02T18:58:27.618+0000] {spark_submit.py:488} INFO - 24/10/02 18:58:27 INFO StandaloneSchedulerBackend: SchedulerBackend is ready for scheduling beginning after reached minRegisteredResourcesRatio: 0.0
[2024-10-02T18:58:29.012+0000] {spark_submit.py:488} INFO - 24/10/02 18:58:29 INFO SparkContext: Starting job: collect at /opt/***/jobs/wordcountjob.py:11
[2024-10-02T18:58:29.133+0000] {spark_submit.py:488} INFO - 24/10/02 18:58:29 INFO DAGScheduler: Registering RDD 2 (reduceByKey at /opt/***/jobs/wordcountjob.py:9) as input to shuffle 0
[2024-10-02T18:58:29.137+0000] {spark_submit.py:488} INFO - 24/10/02 18:58:29 INFO DAGScheduler: Got job 0 (collect at /opt/***/jobs/wordcountjob.py:11) with 2 output partitions
[2024-10-02T18:58:29.140+0000] {spark_submit.py:488} INFO - 24/10/02 18:58:29 INFO DAGScheduler: Final stage: ResultStage 1 (collect at /opt/***/jobs/wordcountjob.py:11)
[2024-10-02T18:58:29.142+0000] {spark_submit.py:488} INFO - 24/10/02 18:58:29 INFO DAGScheduler: Parents of final stage: List(ShuffleMapStage 0)
[2024-10-02T18:58:29.148+0000] {spark_submit.py:488} INFO - 24/10/02 18:58:29 INFO DAGScheduler: Missing parents: List(ShuffleMapStage 0)
[2024-10-02T18:58:29.162+0000] {spark_submit.py:488} INFO - 24/10/02 18:58:29 INFO DAGScheduler: Submitting ShuffleMapStage 0 (PairwiseRDD[2] at reduceByKey at /opt/***/jobs/wordcountjob.py:9), which has no missing parents
[2024-10-02T18:58:29.491+0000] {spark_submit.py:488} INFO - 24/10/02 18:58:29 INFO MemoryStore: Block broadcast_0 stored as values in memory (estimated size 10.9 KiB, free 434.4 MiB)
[2024-10-02T18:58:29.603+0000] {spark_submit.py:488} INFO - 24/10/02 18:58:29 INFO MemoryStore: Block broadcast_0_piece0 stored as bytes in memory (estimated size 7.0 KiB, free 434.4 MiB)
[2024-10-02T18:58:29.612+0000] {spark_submit.py:488} INFO - 24/10/02 18:58:29 INFO BlockManagerInfo: Added broadcast_0_piece0 in memory on 19cd1516b3ca:46491 (size: 7.0 KiB, free: 434.4 MiB)
[2024-10-02T18:58:29.631+0000] {spark_submit.py:488} INFO - 24/10/02 18:58:29 INFO SparkContext: Created broadcast 0 from broadcast at DAGScheduler.scala:1585
[2024-10-02T18:58:29.681+0000] {spark_submit.py:488} INFO - 24/10/02 18:58:29 INFO DAGScheduler: Submitting 2 missing tasks from ShuffleMapStage 0 (PairwiseRDD[2] at reduceByKey at /opt/***/jobs/wordcountjob.py:9) (first 15 tasks are for partitions Vector(0, 1))
[2024-10-02T18:58:29.684+0000] {spark_submit.py:488} INFO - 24/10/02 18:58:29 INFO TaskSchedulerImpl: Adding task set 0.0 with 2 tasks resource profile 0
[2024-10-02T18:58:32.364+0000] {spark_submit.py:488} INFO - 24/10/02 18:58:32 INFO StandaloneSchedulerBackend$StandaloneDriverEndpoint: Registered executor NettyRpcEndpointRef(spark-client://Executor) (172.20.0.10:52946) with ID 0,  ResourceProfileId 0
[2024-10-02T18:58:32.500+0000] {spark_submit.py:488} INFO - 24/10/02 18:58:32 INFO BlockManagerMasterEndpoint: Registering block manager 172.20.0.10:33049 with 434.4 MiB RAM, BlockManagerId(0, 172.20.0.10, 33049, None)
[2024-10-02T18:58:32.601+0000] {spark_submit.py:488} INFO - 24/10/02 18:58:32 INFO TaskSetManager: Starting task 0.0 in stage 0.0 (TID 0) (172.20.0.10, executor 0, partition 0, PROCESS_LOCAL, 9039 bytes)
[2024-10-02T18:58:32.608+0000] {spark_submit.py:488} INFO - 24/10/02 18:58:32 INFO TaskSetManager: Starting task 1.0 in stage 0.0 (TID 1) (172.20.0.10, executor 0, partition 1, PROCESS_LOCAL, 9072 bytes)
[2024-10-02T18:58:33.225+0000] {spark_submit.py:488} INFO - 24/10/02 18:58:33 INFO BlockManagerInfo: Added broadcast_0_piece0 in memory on 172.20.0.10:33049 (size: 7.0 KiB, free: 434.4 MiB)
[2024-10-02T18:58:35.704+0000] {spark_submit.py:488} INFO - 24/10/02 18:58:35 INFO TaskSetManager: Finished task 1.0 in stage 0.0 (TID 1) in 3094 ms on 172.20.0.10 (executor 0) (1/2)
[2024-10-02T18:58:35.706+0000] {spark_submit.py:488} INFO - 24/10/02 18:58:35 INFO TaskSetManager: Finished task 0.0 in stage 0.0 (TID 0) in 3130 ms on 172.20.0.10 (executor 0) (2/2)
[2024-10-02T18:58:35.709+0000] {spark_submit.py:488} INFO - 24/10/02 18:58:35 INFO TaskSchedulerImpl: Removed TaskSet 0.0, whose tasks have all completed, from pool
[2024-10-02T18:58:35.724+0000] {spark_submit.py:488} INFO - 24/10/02 18:58:35 INFO PythonAccumulatorV2: Connected to AccumulatorServer at host: 127.0.0.1 port: 40727
[2024-10-02T18:58:35.743+0000] {spark_submit.py:488} INFO - 24/10/02 18:58:35 INFO DAGScheduler: ShuffleMapStage 0 (reduceByKey at /opt/***/jobs/wordcountjob.py:9) finished in 6.534 s
[2024-10-02T18:58:35.745+0000] {spark_submit.py:488} INFO - 24/10/02 18:58:35 INFO DAGScheduler: looking for newly runnable stages
[2024-10-02T18:58:35.746+0000] {spark_submit.py:488} INFO - 24/10/02 18:58:35 INFO DAGScheduler: running: Set()
[2024-10-02T18:58:35.748+0000] {spark_submit.py:488} INFO - 24/10/02 18:58:35 INFO DAGScheduler: waiting: Set(ResultStage 1)
[2024-10-02T18:58:35.749+0000] {spark_submit.py:488} INFO - 24/10/02 18:58:35 INFO DAGScheduler: failed: Set()
[2024-10-02T18:58:35.757+0000] {spark_submit.py:488} INFO - 24/10/02 18:58:35 INFO DAGScheduler: Submitting ResultStage 1 (PythonRDD[5] at collect at /opt/***/jobs/wordcountjob.py:11), which has no missing parents
[2024-10-02T18:58:35.781+0000] {spark_submit.py:488} INFO - 24/10/02 18:58:35 INFO MemoryStore: Block broadcast_1 stored as values in memory (estimated size 10.0 KiB, free 434.4 MiB)
[2024-10-02T18:58:35.785+0000] {spark_submit.py:488} INFO - 24/10/02 18:58:35 INFO MemoryStore: Block broadcast_1_piece0 stored as bytes in memory (estimated size 6.0 KiB, free 434.4 MiB)
[2024-10-02T18:58:35.787+0000] {spark_submit.py:488} INFO - 24/10/02 18:58:35 INFO BlockManagerInfo: Added broadcast_1_piece0 in memory on 19cd1516b3ca:46491 (size: 6.0 KiB, free: 434.4 MiB)
[2024-10-02T18:58:35.788+0000] {spark_submit.py:488} INFO - 24/10/02 18:58:35 INFO SparkContext: Created broadcast 1 from broadcast at DAGScheduler.scala:1585
[2024-10-02T18:58:35.793+0000] {spark_submit.py:488} INFO - 24/10/02 18:58:35 INFO DAGScheduler: Submitting 2 missing tasks from ResultStage 1 (PythonRDD[5] at collect at /opt/***/jobs/wordcountjob.py:11) (first 15 tasks are for partitions Vector(0, 1))
[2024-10-02T18:58:35.793+0000] {spark_submit.py:488} INFO - 24/10/02 18:58:35 INFO TaskSchedulerImpl: Adding task set 1.0 with 2 tasks resource profile 0
[2024-10-02T18:58:35.804+0000] {spark_submit.py:488} INFO - 24/10/02 18:58:35 INFO TaskSetManager: Starting task 0.0 in stage 1.0 (TID 2) (172.20.0.10, executor 0, partition 0, NODE_LOCAL, 8821 bytes)
[2024-10-02T18:58:35.805+0000] {spark_submit.py:488} INFO - 24/10/02 18:58:35 INFO TaskSetManager: Starting task 1.0 in stage 1.0 (TID 3) (172.20.0.10, executor 0, partition 1, NODE_LOCAL, 8821 bytes)
[2024-10-02T18:58:35.843+0000] {spark_submit.py:488} INFO - 24/10/02 18:58:35 INFO BlockManagerInfo: Added broadcast_1_piece0 in memory on 172.20.0.10:33049 (size: 6.0 KiB, free: 434.4 MiB)
[2024-10-02T18:58:35.996+0000] {spark_submit.py:488} INFO - 24/10/02 18:58:35 INFO MapOutputTrackerMasterEndpoint: Asked to send map output locations for shuffle 0 to 172.20.0.10:52946
[2024-10-02T18:58:36.460+0000] {spark_submit.py:488} INFO - 24/10/02 18:58:36 INFO TaskSetManager: Finished task 1.0 in stage 1.0 (TID 3) in 654 ms on 172.20.0.10 (executor 0) (1/2)
[2024-10-02T18:58:36.509+0000] {spark_submit.py:488} INFO - 24/10/02 18:58:36 INFO TaskSetManager: Finished task 0.0 in stage 1.0 (TID 2) in 709 ms on 172.20.0.10 (executor 0) (2/2)
[2024-10-02T18:58:36.512+0000] {spark_submit.py:488} INFO - 24/10/02 18:58:36 INFO TaskSchedulerImpl: Removed TaskSet 1.0, whose tasks have all completed, from pool
[2024-10-02T18:58:36.525+0000] {spark_submit.py:488} INFO - 24/10/02 18:58:36 INFO DAGScheduler: ResultStage 1 (collect at /opt/***/jobs/wordcountjob.py:11) finished in 0.742 s
[2024-10-02T18:58:36.543+0000] {spark_submit.py:488} INFO - 24/10/02 18:58:36 INFO DAGScheduler: Job 0 is finished. Cancelling potential speculative or zombie tasks for this job
[2024-10-02T18:58:36.545+0000] {spark_submit.py:488} INFO - 24/10/02 18:58:36 INFO TaskSchedulerImpl: Killing all running tasks in stage 1: Stage finished
[2024-10-02T18:58:36.558+0000] {spark_submit.py:488} INFO - 24/10/02 18:58:36 INFO DAGScheduler: Job 0 finished: collect at /opt/***/jobs/wordcountjob.py:11, took 7.544104 s
[2024-10-02T18:58:36.709+0000] {spark_submit.py:488} INFO - Python 1
[2024-10-02T18:58:36.718+0000] {spark_submit.py:488} INFO - Airflow 1
[2024-10-02T18:58:36.718+0000] {spark_submit.py:488} INFO - Docker 1
[2024-10-02T18:58:36.720+0000] {spark_submit.py:488} INFO - and 1
[2024-10-02T18:58:36.721+0000] {spark_submit.py:488} INFO - Yusuf 1
[2024-10-02T18:58:36.722+0000] {spark_submit.py:488} INFO - Hello 5
[2024-10-02T18:58:36.723+0000] {spark_submit.py:488} INFO - Spark 1
[2024-10-02T18:58:36.724+0000] {spark_submit.py:488} INFO - 24/10/02 18:58:36 INFO SparkContext: SparkContext is stopping with exitCode 0.
[2024-10-02T18:58:36.759+0000] {spark_submit.py:488} INFO - 24/10/02 18:58:36 INFO SparkUI: Stopped Spark web UI at http://19cd1516b3ca:4040
[2024-10-02T18:58:36.773+0000] {spark_submit.py:488} INFO - 24/10/02 18:58:36 INFO StandaloneSchedulerBackend: Shutting down all executors
[2024-10-02T18:58:36.775+0000] {spark_submit.py:488} INFO - 24/10/02 18:58:36 INFO StandaloneSchedulerBackend$StandaloneDriverEndpoint: Asking each executor to shut down
[2024-10-02T18:58:36.852+0000] {spark_submit.py:488} INFO - 24/10/02 18:58:36 INFO MapOutputTrackerMasterEndpoint: MapOutputTrackerMasterEndpoint stopped!
[2024-10-02T18:58:36.935+0000] {spark_submit.py:488} INFO - 24/10/02 18:58:36 INFO MemoryStore: MemoryStore cleared
[2024-10-02T18:58:36.938+0000] {spark_submit.py:488} INFO - 24/10/02 18:58:36 INFO BlockManager: BlockManager stopped
[2024-10-02T18:58:36.950+0000] {spark_submit.py:488} INFO - 24/10/02 18:58:36 INFO BlockManagerMaster: BlockManagerMaster stopped
[2024-10-02T18:58:36.956+0000] {spark_submit.py:488} INFO - 24/10/02 18:58:36 INFO OutputCommitCoordinator$OutputCommitCoordinatorEndpoint: OutputCommitCoordinator stopped!
[2024-10-02T18:58:36.992+0000] {spark_submit.py:488} INFO - 24/10/02 18:58:36 INFO SparkContext: Successfully stopped SparkContext
[2024-10-02T18:58:37.579+0000] {spark_submit.py:488} INFO - 24/10/02 18:58:37 INFO ShutdownHookManager: Shutdown hook called
[2024-10-02T18:58:37.580+0000] {spark_submit.py:488} INFO - 24/10/02 18:58:37 INFO ShutdownHookManager: Deleting directory /tmp/spark-4a3a40cd-effd-4d9d-b7be-825f61049c79/pyspark-8b7819b5-0836-49ce-80e4-a79a381b8b12
[2024-10-02T18:58:37.584+0000] {spark_submit.py:488} INFO - 24/10/02 18:58:37 INFO ShutdownHookManager: Deleting directory /tmp/spark-863f6160-b5d5-462c-ab02-c4f7de10da51
[2024-10-02T18:58:37.587+0000] {spark_submit.py:488} INFO - 24/10/02 18:58:37 INFO ShutdownHookManager: Deleting directory /tmp/spark-4a3a40cd-effd-4d9d-b7be-825f61049c79
[2024-10-02T18:58:37.633+0000] {taskinstance.py:340} INFO - ::group::Post task execution logs
[2024-10-02T18:58:37.634+0000] {taskinstance.py:352} INFO - Marking task as SUCCESS. dag_id=sparking_flow, task_id=python_job, run_id=scheduled__2024-10-01T00:00:00+00:00, execution_date=20241001T000000, start_date=20241002T185818, end_date=20241002T185837
[2024-10-02T18:58:37.687+0000] {local_task_job_runner.py:266} INFO - Task exited with return code 0
[2024-10-02T18:58:37.719+0000] {taskinstance.py:3900} INFO - 1 downstream tasks scheduled from follow-on schedule check
[2024-10-02T18:58:37.722+0000] {local_task_job_runner.py:245} INFO - ::endgroup::
