[2024-10-02T15:28:48.530+0000] {local_task_job_runner.py:123} INFO - ::group::Pre task execution logs
[2024-10-02T15:28:48.570+0000] {taskinstance.py:2612} INFO - Dependencies all met for dep_context=non-requeueable deps ti=<TaskInstance: sparking_flow.python_job scheduled__2024-10-01T00:00:00+00:00 [queued]>
[2024-10-02T15:28:48.589+0000] {taskinstance.py:2612} INFO - Dependencies all met for dep_context=requeueable deps ti=<TaskInstance: sparking_flow.python_job scheduled__2024-10-01T00:00:00+00:00 [queued]>
[2024-10-02T15:28:48.590+0000] {taskinstance.py:2865} INFO - Starting attempt 1 of 1
[2024-10-02T15:28:48.626+0000] {taskinstance.py:2888} INFO - Executing <Task(SparkSubmitOperator): python_job> on 2024-10-01 00:00:00+00:00
[2024-10-02T15:28:48.638+0000] {warnings.py:112} WARNING - /home/***/.local/lib/python3.12/site-packages/***/task/task_runner/standard_task_runner.py:70: DeprecationWarning: This process (pid=82) is multi-threaded, use of fork() may lead to deadlocks in the child.
  pid = os.fork()

[2024-10-02T15:28:48.643+0000] {standard_task_runner.py:72} INFO - Started process 88 to run task
[2024-10-02T15:28:48.646+0000] {standard_task_runner.py:104} INFO - Running: ['***', 'tasks', 'run', 'sparking_flow', 'python_job', 'scheduled__2024-10-01T00:00:00+00:00', '--job-id', '8', '--raw', '--subdir', 'DAGS_FOLDER/spark_***.py', '--cfg-path', '/tmp/tmpy1hkaimj']
[2024-10-02T15:28:48.650+0000] {standard_task_runner.py:105} INFO - Job 8: Subtask python_job
[2024-10-02T15:28:48.801+0000] {task_command.py:467} INFO - Running <TaskInstance: sparking_flow.python_job scheduled__2024-10-01T00:00:00+00:00 [running]> on host 531092bfcd5c
[2024-10-02T15:28:49.077+0000] {taskinstance.py:3131} INFO - Exporting env vars: AIRFLOW_CTX_DAG_OWNER='Yusuf Ganiyu' AIRFLOW_CTX_DAG_ID='sparking_flow' AIRFLOW_CTX_TASK_ID='python_job' AIRFLOW_CTX_EXECUTION_DATE='2024-10-01T00:00:00+00:00' AIRFLOW_CTX_TRY_NUMBER='1' AIRFLOW_CTX_DAG_RUN_ID='scheduled__2024-10-01T00:00:00+00:00'
[2024-10-02T15:28:49.079+0000] {taskinstance.py:731} INFO - ::endgroup::
[2024-10-02T15:28:49.143+0000] {base.py:84} INFO - Retrieving connection 'spark-conn'
[2024-10-02T15:28:49.150+0000] {spark_submit.py:335} INFO - Spark-Submit cmd: spark-submit --master spark://spark-master:7077 --name arrow-spark jobs/python/wordcountjob.py
[2024-10-02T15:28:49.326+0000] {spark_submit.py:488} INFO - /home/***/.local/lib/python3.12/site-packages/pyspark/bin/load-spark-env.sh: line 68: ps: command not found
[2024-10-02T15:29:03.361+0000] {spark_submit.py:488} INFO - 24/10/02 15:29:03 INFO SparkContext: Running Spark version 3.5.3
[2024-10-02T15:29:03.379+0000] {spark_submit.py:488} INFO - 24/10/02 15:29:03 INFO SparkContext: OS info Linux, 5.15.153.1-microsoft-standard-WSL2, amd64
[2024-10-02T15:29:03.392+0000] {spark_submit.py:488} INFO - 24/10/02 15:29:03 INFO SparkContext: Java version 17.0.12
[2024-10-02T15:29:03.719+0000] {spark_submit.py:488} INFO - 24/10/02 15:29:03 WARN NativeCodeLoader: Unable to load native-hadoop library for your platform... using builtin-java classes where applicable
[2024-10-02T15:29:04.434+0000] {spark_submit.py:488} INFO - 24/10/02 15:29:04 INFO ResourceUtils: ==============================================================
[2024-10-02T15:29:04.437+0000] {spark_submit.py:488} INFO - 24/10/02 15:29:04 INFO ResourceUtils: No custom resources configured for spark.driver.
[2024-10-02T15:29:04.443+0000] {spark_submit.py:488} INFO - 24/10/02 15:29:04 INFO ResourceUtils: ==============================================================
[2024-10-02T15:29:04.448+0000] {spark_submit.py:488} INFO - 24/10/02 15:29:04 INFO SparkContext: Submitted application: PythonWordCount
[2024-10-02T15:29:04.600+0000] {spark_submit.py:488} INFO - 24/10/02 15:29:04 INFO ResourceProfile: Default ResourceProfile created, executor resources: Map(memory -> name: memory, amount: 1024, script: , vendor: , offHeap -> name: offHeap, amount: 0, script: , vendor: ), task resources: Map(cpus -> name: cpus, amount: 1.0)
[2024-10-02T15:29:04.634+0000] {spark_submit.py:488} INFO - 24/10/02 15:29:04 INFO ResourceProfile: Limiting resource is cpu
[2024-10-02T15:29:04.640+0000] {spark_submit.py:488} INFO - 24/10/02 15:29:04 INFO ResourceProfileManager: Added ResourceProfile id: 0
[2024-10-02T15:29:05.087+0000] {spark_submit.py:488} INFO - 24/10/02 15:29:05 INFO SecurityManager: Changing view acls to: ***
[2024-10-02T15:29:05.093+0000] {spark_submit.py:488} INFO - 24/10/02 15:29:05 INFO SecurityManager: Changing modify acls to: ***
[2024-10-02T15:29:05.101+0000] {spark_submit.py:488} INFO - 24/10/02 15:29:05 INFO SecurityManager: Changing view acls groups to:
[2024-10-02T15:29:05.111+0000] {spark_submit.py:488} INFO - 24/10/02 15:29:05 INFO SecurityManager: Changing modify acls groups to:
[2024-10-02T15:29:05.126+0000] {spark_submit.py:488} INFO - 24/10/02 15:29:05 INFO SecurityManager: SecurityManager: authentication disabled; ui acls disabled; users with view permissions: ***; groups with view permissions: EMPTY; users with modify permissions: ***; groups with modify permissions: EMPTY
[2024-10-02T15:29:07.288+0000] {spark_submit.py:488} INFO - 24/10/02 15:29:07 INFO Utils: Successfully started service 'sparkDriver' on port 43985.
[2024-10-02T15:29:07.540+0000] {spark_submit.py:488} INFO - 24/10/02 15:29:07 INFO SparkEnv: Registering MapOutputTracker
[2024-10-02T15:29:07.864+0000] {spark_submit.py:488} INFO - 24/10/02 15:29:07 INFO SparkEnv: Registering BlockManagerMaster
[2024-10-02T15:29:08.089+0000] {spark_submit.py:488} INFO - 24/10/02 15:29:08 INFO BlockManagerMasterEndpoint: Using org.apache.spark.storage.DefaultTopologyMapper for getting topology information
[2024-10-02T15:29:08.091+0000] {spark_submit.py:488} INFO - 24/10/02 15:29:08 INFO BlockManagerMasterEndpoint: BlockManagerMasterEndpoint up
[2024-10-02T15:29:08.099+0000] {spark_submit.py:488} INFO - 24/10/02 15:29:08 INFO SparkEnv: Registering BlockManagerMasterHeartbeat
[2024-10-02T15:29:08.303+0000] {spark_submit.py:488} INFO - 24/10/02 15:29:08 INFO DiskBlockManager: Created local directory at /tmp/blockmgr-289f8812-a59e-48b1-a3b9-495a82a5e06c
[2024-10-02T15:29:08.424+0000] {spark_submit.py:488} INFO - 24/10/02 15:29:08 INFO MemoryStore: MemoryStore started with capacity 434.4 MiB
[2024-10-02T15:29:08.579+0000] {spark_submit.py:488} INFO - 24/10/02 15:29:08 INFO SparkEnv: Registering OutputCommitCoordinator
[2024-10-02T15:29:09.833+0000] {spark_submit.py:488} INFO - 24/10/02 15:29:09 INFO JettyUtils: Start Jetty 0.0.0.0:4040 for SparkUI
[2024-10-02T15:29:10.534+0000] {spark_submit.py:488} INFO - 24/10/02 15:29:10 WARN Utils: Service 'SparkUI' could not bind on port 4040. Attempting port 4041.
[2024-10-02T15:29:10.537+0000] {spark_submit.py:488} INFO - 24/10/02 15:29:10 WARN Utils: Service 'SparkUI' could not bind on port 4041. Attempting port 4042.
[2024-10-02T15:29:10.567+0000] {spark_submit.py:488} INFO - 24/10/02 15:29:10 INFO Utils: Successfully started service 'SparkUI' on port 4042.
[2024-10-02T15:29:11.355+0000] {spark_submit.py:488} INFO - 24/10/02 15:29:11 INFO StandaloneAppClient$ClientEndpoint: Connecting to master spark://spark-master:7077...
[2024-10-02T15:29:11.564+0000] {spark_submit.py:488} INFO - 24/10/02 15:29:11 INFO TransportClientFactory: Successfully created connection to spark-master/172.20.0.2:7077 after 116 ms (0 ms spent in bootstraps)
[2024-10-02T15:29:12.004+0000] {spark_submit.py:488} INFO - 24/10/02 15:29:11 INFO StandaloneSchedulerBackend: Connected to Spark cluster with app ID app-20241002152911-0001
[2024-10-02T15:29:12.086+0000] {spark_submit.py:488} INFO - 24/10/02 15:29:12 INFO Utils: Successfully started service 'org.apache.spark.network.netty.NettyBlockTransferService' on port 43557.
[2024-10-02T15:29:12.087+0000] {spark_submit.py:488} INFO - 24/10/02 15:29:12 INFO NettyBlockTransferService: Server created on 531092bfcd5c:43557
[2024-10-02T15:29:12.090+0000] {spark_submit.py:488} INFO - 24/10/02 15:29:12 INFO BlockManager: Using org.apache.spark.storage.RandomBlockReplicationPolicy for block replication policy
[2024-10-02T15:29:12.156+0000] {spark_submit.py:488} INFO - 24/10/02 15:29:12 INFO BlockManagerMaster: Registering BlockManager BlockManagerId(driver, 531092bfcd5c, 43557, None)
[2024-10-02T15:29:12.171+0000] {spark_submit.py:488} INFO - 24/10/02 15:29:12 INFO BlockManagerMasterEndpoint: Registering block manager 531092bfcd5c:43557 with 434.4 MiB RAM, BlockManagerId(driver, 531092bfcd5c, 43557, None)
[2024-10-02T15:29:12.183+0000] {spark_submit.py:488} INFO - 24/10/02 15:29:12 INFO BlockManagerMaster: Registered BlockManager BlockManagerId(driver, 531092bfcd5c, 43557, None)
[2024-10-02T15:29:12.195+0000] {spark_submit.py:488} INFO - 24/10/02 15:29:12 INFO BlockManager: Initialized BlockManager: BlockManagerId(driver, 531092bfcd5c, 43557, None)
[2024-10-02T15:29:13.291+0000] {spark_submit.py:488} INFO - 24/10/02 15:29:13 INFO StandaloneSchedulerBackend: SchedulerBackend is ready for scheduling beginning after reached minRegisteredResourcesRatio: 0.0
[2024-10-02T15:29:14.844+0000] {spark_submit.py:488} INFO - 24/10/02 15:29:14 INFO SparkContext: Starting job: collect at /opt/***/jobs/python/wordcountjob.py:11
[2024-10-02T15:29:14.939+0000] {spark_submit.py:488} INFO - 24/10/02 15:29:14 INFO DAGScheduler: Registering RDD 2 (reduceByKey at /opt/***/jobs/python/wordcountjob.py:9) as input to shuffle 0
[2024-10-02T15:29:14.952+0000] {spark_submit.py:488} INFO - 24/10/02 15:29:14 INFO DAGScheduler: Got job 0 (collect at /opt/***/jobs/python/wordcountjob.py:11) with 2 output partitions
[2024-10-02T15:29:14.953+0000] {spark_submit.py:488} INFO - 24/10/02 15:29:14 INFO DAGScheduler: Final stage: ResultStage 1 (collect at /opt/***/jobs/python/wordcountjob.py:11)
[2024-10-02T15:29:14.955+0000] {spark_submit.py:488} INFO - 24/10/02 15:29:14 INFO DAGScheduler: Parents of final stage: List(ShuffleMapStage 0)
[2024-10-02T15:29:14.966+0000] {spark_submit.py:488} INFO - 24/10/02 15:29:14 INFO DAGScheduler: Missing parents: List(ShuffleMapStage 0)
[2024-10-02T15:29:14.981+0000] {spark_submit.py:488} INFO - 24/10/02 15:29:14 INFO DAGScheduler: Submitting ShuffleMapStage 0 (PairwiseRDD[2] at reduceByKey at /opt/***/jobs/python/wordcountjob.py:9), which has no missing parents
[2024-10-02T15:29:15.311+0000] {spark_submit.py:488} INFO - 24/10/02 15:29:15 INFO MemoryStore: Block broadcast_0 stored as values in memory (estimated size 10.9 KiB, free 434.4 MiB)
[2024-10-02T15:29:15.423+0000] {spark_submit.py:488} INFO - 24/10/02 15:29:15 INFO MemoryStore: Block broadcast_0_piece0 stored as bytes in memory (estimated size 7.0 KiB, free 434.4 MiB)
[2024-10-02T15:29:15.435+0000] {spark_submit.py:488} INFO - 24/10/02 15:29:15 INFO BlockManagerInfo: Added broadcast_0_piece0 in memory on 531092bfcd5c:43557 (size: 7.0 KiB, free: 434.4 MiB)
[2024-10-02T15:29:15.446+0000] {spark_submit.py:488} INFO - 24/10/02 15:29:15 INFO SparkContext: Created broadcast 0 from broadcast at DAGScheduler.scala:1585
[2024-10-02T15:29:15.501+0000] {spark_submit.py:488} INFO - 24/10/02 15:29:15 INFO DAGScheduler: Submitting 2 missing tasks from ShuffleMapStage 0 (PairwiseRDD[2] at reduceByKey at /opt/***/jobs/python/wordcountjob.py:9) (first 15 tasks are for partitions Vector(0, 1))
[2024-10-02T15:29:15.510+0000] {spark_submit.py:488} INFO - 24/10/02 15:29:15 INFO TaskSchedulerImpl: Adding task set 0.0 with 2 tasks resource profile 0
[2024-10-02T15:29:19.608+0000] {spark_submit.py:488} INFO - 24/10/02 15:29:19 INFO StandaloneAppClient$ClientEndpoint: Executor added: app-20241002152911-0001/0 on worker-20241002152625-172.20.0.5-35887 (172.20.0.5:35887) with 2 core(s)
[2024-10-02T15:29:19.611+0000] {spark_submit.py:488} INFO - 24/10/02 15:29:19 INFO StandaloneSchedulerBackend: Granted executor ID app-20241002152911-0001/0 on hostPort 172.20.0.5:35887 with 2 core(s), 1024.0 MiB RAM
[2024-10-02T15:29:19.733+0000] {spark_submit.py:488} INFO - 24/10/02 15:29:19 INFO StandaloneAppClient$ClientEndpoint: Executor updated: app-20241002152911-0001/0 is now RUNNING
[2024-10-02T15:29:23.994+0000] {spark_submit.py:488} INFO - 24/10/02 15:29:23 INFO StandaloneSchedulerBackend$StandaloneDriverEndpoint: Registered executor NettyRpcEndpointRef(spark-client://Executor) (172.20.0.5:48158) with ID 0,  ResourceProfileId 0
[2024-10-02T15:29:24.147+0000] {spark_submit.py:488} INFO - 24/10/02 15:29:24 INFO BlockManagerMasterEndpoint: Registering block manager 172.20.0.5:41085 with 434.4 MiB RAM, BlockManagerId(0, 172.20.0.5, 41085, None)
[2024-10-02T15:29:24.306+0000] {spark_submit.py:488} INFO - 24/10/02 15:29:24 INFO TaskSetManager: Starting task 0.0 in stage 0.0 (TID 0) (172.20.0.5, executor 0, partition 0, PROCESS_LOCAL, 9039 bytes)
[2024-10-02T15:29:24.317+0000] {spark_submit.py:488} INFO - 24/10/02 15:29:24 INFO TaskSetManager: Starting task 1.0 in stage 0.0 (TID 1) (172.20.0.5, executor 0, partition 1, PROCESS_LOCAL, 9072 bytes)
[2024-10-02T15:29:24.922+0000] {spark_submit.py:488} INFO - 24/10/02 15:29:24 INFO BlockManagerInfo: Added broadcast_0_piece0 in memory on 172.20.0.5:41085 (size: 7.0 KiB, free: 434.4 MiB)
[2024-10-02T15:29:27.008+0000] {spark_submit.py:488} INFO - 24/10/02 15:29:27 INFO TaskSetManager: Finished task 1.0 in stage 0.0 (TID 1) in 2691 ms on 172.20.0.5 (executor 0) (1/2)
[2024-10-02T15:29:27.010+0000] {spark_submit.py:488} INFO - 24/10/02 15:29:27 INFO TaskSetManager: Finished task 0.0 in stage 0.0 (TID 0) in 2761 ms on 172.20.0.5 (executor 0) (2/2)
[2024-10-02T15:29:27.011+0000] {spark_submit.py:488} INFO - 24/10/02 15:29:27 INFO TaskSchedulerImpl: Removed TaskSet 0.0, whose tasks have all completed, from pool
[2024-10-02T15:29:27.018+0000] {spark_submit.py:488} INFO - 24/10/02 15:29:27 INFO PythonAccumulatorV2: Connected to AccumulatorServer at host: 127.0.0.1 port: 36133
[2024-10-02T15:29:27.026+0000] {spark_submit.py:488} INFO - 24/10/02 15:29:27 INFO DAGScheduler: ShuffleMapStage 0 (reduceByKey at /opt/***/jobs/python/wordcountjob.py:9) finished in 11.974 s
[2024-10-02T15:29:27.028+0000] {spark_submit.py:488} INFO - 24/10/02 15:29:27 INFO DAGScheduler: looking for newly runnable stages
[2024-10-02T15:29:27.029+0000] {spark_submit.py:488} INFO - 24/10/02 15:29:27 INFO DAGScheduler: running: Set()
[2024-10-02T15:29:27.030+0000] {spark_submit.py:488} INFO - 24/10/02 15:29:27 INFO DAGScheduler: waiting: Set(ResultStage 1)
[2024-10-02T15:29:27.031+0000] {spark_submit.py:488} INFO - 24/10/02 15:29:27 INFO DAGScheduler: failed: Set()
[2024-10-02T15:29:27.034+0000] {spark_submit.py:488} INFO - 24/10/02 15:29:27 INFO DAGScheduler: Submitting ResultStage 1 (PythonRDD[5] at collect at /opt/***/jobs/python/wordcountjob.py:11), which has no missing parents
[2024-10-02T15:29:27.049+0000] {spark_submit.py:488} INFO - 24/10/02 15:29:27 INFO MemoryStore: Block broadcast_1 stored as values in memory (estimated size 10.0 KiB, free 434.4 MiB)
[2024-10-02T15:29:27.051+0000] {spark_submit.py:488} INFO - 24/10/02 15:29:27 INFO MemoryStore: Block broadcast_1_piece0 stored as bytes in memory (estimated size 6.0 KiB, free 434.4 MiB)
[2024-10-02T15:29:27.052+0000] {spark_submit.py:488} INFO - 24/10/02 15:29:27 INFO BlockManagerInfo: Added broadcast_1_piece0 in memory on 531092bfcd5c:43557 (size: 6.0 KiB, free: 434.4 MiB)
[2024-10-02T15:29:27.054+0000] {spark_submit.py:488} INFO - 24/10/02 15:29:27 INFO SparkContext: Created broadcast 1 from broadcast at DAGScheduler.scala:1585
[2024-10-02T15:29:27.064+0000] {spark_submit.py:488} INFO - 24/10/02 15:29:27 INFO DAGScheduler: Submitting 2 missing tasks from ResultStage 1 (PythonRDD[5] at collect at /opt/***/jobs/python/wordcountjob.py:11) (first 15 tasks are for partitions Vector(0, 1))
[2024-10-02T15:29:27.065+0000] {spark_submit.py:488} INFO - 24/10/02 15:29:27 INFO TaskSchedulerImpl: Adding task set 1.0 with 2 tasks resource profile 0
[2024-10-02T15:29:27.074+0000] {spark_submit.py:488} INFO - 24/10/02 15:29:27 INFO TaskSetManager: Starting task 0.0 in stage 1.0 (TID 2) (172.20.0.5, executor 0, partition 0, NODE_LOCAL, 8821 bytes)
[2024-10-02T15:29:27.075+0000] {spark_submit.py:488} INFO - 24/10/02 15:29:27 INFO TaskSetManager: Starting task 1.0 in stage 1.0 (TID 3) (172.20.0.5, executor 0, partition 1, NODE_LOCAL, 8821 bytes)
[2024-10-02T15:29:27.113+0000] {spark_submit.py:488} INFO - 24/10/02 15:29:27 INFO BlockManagerInfo: Added broadcast_1_piece0 in memory on 172.20.0.5:41085 (size: 6.0 KiB, free: 434.4 MiB)
[2024-10-02T15:29:27.223+0000] {spark_submit.py:488} INFO - 24/10/02 15:29:27 INFO MapOutputTrackerMasterEndpoint: Asked to send map output locations for shuffle 0 to 172.20.0.5:48158
[2024-10-02T15:29:27.662+0000] {spark_submit.py:488} INFO - 24/10/02 15:29:27 INFO TaskSetManager: Finished task 0.0 in stage 1.0 (TID 2) in 591 ms on 172.20.0.5 (executor 0) (1/2)
[2024-10-02T15:29:27.675+0000] {spark_submit.py:488} INFO - 24/10/02 15:29:27 INFO TaskSetManager: Finished task 1.0 in stage 1.0 (TID 3) in 601 ms on 172.20.0.5 (executor 0) (2/2)
[2024-10-02T15:29:27.677+0000] {spark_submit.py:488} INFO - 24/10/02 15:29:27 INFO TaskSchedulerImpl: Removed TaskSet 1.0, whose tasks have all completed, from pool
[2024-10-02T15:29:27.680+0000] {spark_submit.py:488} INFO - 24/10/02 15:29:27 INFO DAGScheduler: ResultStage 1 (collect at /opt/***/jobs/python/wordcountjob.py:11) finished in 0.633 s
[2024-10-02T15:29:27.691+0000] {spark_submit.py:488} INFO - 24/10/02 15:29:27 INFO DAGScheduler: Job 0 is finished. Cancelling potential speculative or zombie tasks for this job
[2024-10-02T15:29:27.692+0000] {spark_submit.py:488} INFO - 24/10/02 15:29:27 INFO TaskSchedulerImpl: Killing all running tasks in stage 1: Stage finished
[2024-10-02T15:29:27.698+0000] {spark_submit.py:488} INFO - 24/10/02 15:29:27 INFO DAGScheduler: Job 0 finished: collect at /opt/***/jobs/python/wordcountjob.py:11, took 12.850859 s
[2024-10-02T15:29:27.764+0000] {spark_submit.py:488} INFO - Python 1
[2024-10-02T15:29:27.765+0000] {spark_submit.py:488} INFO - Airflow 1
[2024-10-02T15:29:27.765+0000] {spark_submit.py:488} INFO - Docker 1
[2024-10-02T15:29:27.766+0000] {spark_submit.py:488} INFO - and 1
[2024-10-02T15:29:27.769+0000] {spark_submit.py:488} INFO - Yusuf 1
[2024-10-02T15:29:27.770+0000] {spark_submit.py:488} INFO - Hello 5
[2024-10-02T15:29:27.772+0000] {spark_submit.py:488} INFO - Spark 1
[2024-10-02T15:29:27.773+0000] {spark_submit.py:488} INFO - 24/10/02 15:29:27 INFO SparkContext: SparkContext is stopping with exitCode 0.
[2024-10-02T15:29:27.790+0000] {spark_submit.py:488} INFO - 24/10/02 15:29:27 INFO SparkUI: Stopped Spark web UI at http://531092bfcd5c:4042
[2024-10-02T15:29:27.798+0000] {spark_submit.py:488} INFO - 24/10/02 15:29:27 INFO StandaloneSchedulerBackend: Shutting down all executors
[2024-10-02T15:29:27.802+0000] {spark_submit.py:488} INFO - 24/10/02 15:29:27 INFO StandaloneSchedulerBackend$StandaloneDriverEndpoint: Asking each executor to shut down
[2024-10-02T15:29:27.861+0000] {spark_submit.py:488} INFO - 24/10/02 15:29:27 INFO MapOutputTrackerMasterEndpoint: MapOutputTrackerMasterEndpoint stopped!
[2024-10-02T15:29:27.934+0000] {spark_submit.py:488} INFO - 24/10/02 15:29:27 INFO MemoryStore: MemoryStore cleared
[2024-10-02T15:29:27.935+0000] {spark_submit.py:488} INFO - 24/10/02 15:29:27 INFO BlockManager: BlockManager stopped
[2024-10-02T15:29:27.948+0000] {spark_submit.py:488} INFO - 24/10/02 15:29:27 INFO BlockManagerMaster: BlockManagerMaster stopped
[2024-10-02T15:29:27.955+0000] {spark_submit.py:488} INFO - 24/10/02 15:29:27 INFO OutputCommitCoordinator$OutputCommitCoordinatorEndpoint: OutputCommitCoordinator stopped!
[2024-10-02T15:29:27.994+0000] {spark_submit.py:488} INFO - 24/10/02 15:29:27 INFO SparkContext: Successfully stopped SparkContext
[2024-10-02T15:29:28.768+0000] {spark_submit.py:488} INFO - 24/10/02 15:29:28 INFO ShutdownHookManager: Shutdown hook called
[2024-10-02T15:29:28.769+0000] {spark_submit.py:488} INFO - 24/10/02 15:29:28 INFO ShutdownHookManager: Deleting directory /tmp/spark-a8f97c7c-65f1-43ad-9568-87388c779d35
[2024-10-02T15:29:28.774+0000] {spark_submit.py:488} INFO - 24/10/02 15:29:28 INFO ShutdownHookManager: Deleting directory /tmp/spark-5a5426a6-3d7f-4542-a8d9-f55db867cdd7
[2024-10-02T15:29:28.780+0000] {spark_submit.py:488} INFO - 24/10/02 15:29:28 INFO ShutdownHookManager: Deleting directory /tmp/spark-5a5426a6-3d7f-4542-a8d9-f55db867cdd7/pyspark-06f63b9f-a693-43be-8ee6-937b9418b523
[2024-10-02T15:29:28.855+0000] {taskinstance.py:340} INFO - ::group::Post task execution logs
[2024-10-02T15:29:28.855+0000] {taskinstance.py:352} INFO - Marking task as SUCCESS. dag_id=sparking_flow, task_id=python_job, run_id=scheduled__2024-10-01T00:00:00+00:00, execution_date=20241001T000000, start_date=20241002T152848, end_date=20241002T152928
[2024-10-02T15:29:28.882+0000] {local_task_job_runner.py:266} INFO - Task exited with return code 0
[2024-10-02T15:29:28.908+0000] {taskinstance.py:3900} INFO - 1 downstream tasks scheduled from follow-on schedule check
[2024-10-02T15:29:28.911+0000] {local_task_job_runner.py:245} INFO - ::endgroup::
[2024-10-02T18:55:03.687+0000] {local_task_job_runner.py:123} INFO - ::group::Pre task execution logs
[2024-10-02T18:55:03.720+0000] {taskinstance.py:2612} INFO - Dependencies all met for dep_context=non-requeueable deps ti=<TaskInstance: sparking_flow.python_job scheduled__2024-10-01T00:00:00+00:00 [queued]>
[2024-10-02T18:55:03.736+0000] {taskinstance.py:2612} INFO - Dependencies all met for dep_context=requeueable deps ti=<TaskInstance: sparking_flow.python_job scheduled__2024-10-01T00:00:00+00:00 [queued]>
[2024-10-02T18:55:03.737+0000] {taskinstance.py:2865} INFO - Starting attempt 1 of 1
[2024-10-02T18:55:03.757+0000] {taskinstance.py:2888} INFO - Executing <Task(SparkSubmitOperator): python_job> on 2024-10-01 00:00:00+00:00
[2024-10-02T18:55:03.770+0000] {logging_mixin.py:190} WARNING - /home/***/.local/lib/python3.12/site-packages/***/task/task_runner/standard_task_runner.py:70 DeprecationWarning: This process (pid=77820) is multi-threaded, use of fork() may lead to deadlocks in the child.
[2024-10-02T18:55:03.767+0000] {standard_task_runner.py:104} INFO - Running: ['***', 'tasks', 'run', 'sparking_flow', 'python_job', 'scheduled__2024-10-01T00:00:00+00:00', '--job-id', '13454', '--raw', '--subdir', 'DAGS_FOLDER/materi/test.py', '--cfg-path', '/tmp/tmpdj4mq_do']
[2024-10-02T18:55:03.771+0000] {standard_task_runner.py:105} INFO - Job 13454: Subtask python_job
[2024-10-02T18:55:03.771+0000] {standard_task_runner.py:72} INFO - Started process 77821 to run task
[2024-10-02T18:55:03.851+0000] {task_command.py:467} INFO - Running <TaskInstance: sparking_flow.python_job scheduled__2024-10-01T00:00:00+00:00 [running]> on host 19cd1516b3ca
[2024-10-02T18:55:04.126+0000] {taskinstance.py:3131} INFO - Exporting env vars: AIRFLOW_CTX_DAG_OWNER='Yusuf Ganiyu' AIRFLOW_CTX_DAG_ID='sparking_flow' AIRFLOW_CTX_TASK_ID='python_job' AIRFLOW_CTX_EXECUTION_DATE='2024-10-01T00:00:00+00:00' AIRFLOW_CTX_TRY_NUMBER='1' AIRFLOW_CTX_DAG_RUN_ID='scheduled__2024-10-01T00:00:00+00:00'
[2024-10-02T18:55:04.127+0000] {taskinstance.py:731} INFO - ::endgroup::
[2024-10-02T18:55:04.191+0000] {base.py:84} INFO - Retrieving connection 'spark-conn'
[2024-10-02T18:55:04.193+0000] {spark_submit.py:335} INFO - Spark-Submit cmd: spark-submit --master spark://spark-master:7077 --name arrow-spark jobs/python/wordcountjob.py
[2024-10-02T18:55:04.362+0000] {spark_submit.py:488} INFO - /home/***/.local/lib/python3.12/site-packages/pyspark/bin/load-spark-env.sh: line 68: ps: command not found
[2024-10-02T18:55:07.525+0000] {spark_submit.py:488} INFO - python3: can't open file '/opt/***/jobs/python/wordcountjob.py': [Errno 2] No such file or directory
[2024-10-02T18:55:07.543+0000] {spark_submit.py:488} INFO - 24/10/02 18:55:07 INFO ShutdownHookManager: Shutdown hook called
[2024-10-02T18:55:07.548+0000] {spark_submit.py:488} INFO - 24/10/02 18:55:07 INFO ShutdownHookManager: Deleting directory /tmp/spark-730d616c-23da-4087-abaf-3249f879b00b
[2024-10-02T18:55:07.606+0000] {taskinstance.py:3310} ERROR - Task failed with exception
Traceback (most recent call last):
  File "/home/airflow/.local/lib/python3.12/site-packages/airflow/models/taskinstance.py", line 767, in _execute_task
    result = _execute_callable(context=context, **execute_callable_kwargs)
             ^^^^^^^^^^^^^^^^^^^^^^^^^^^^^^^^^^^^^^^^^^^^^^^^^^^^^^^^^^^^^
  File "/home/airflow/.local/lib/python3.12/site-packages/airflow/models/taskinstance.py", line 733, in _execute_callable
    return ExecutionCallableRunner(
           ^^^^^^^^^^^^^^^^^^^^^^^^
  File "/home/airflow/.local/lib/python3.12/site-packages/airflow/utils/operator_helpers.py", line 252, in run
    return self.func(*args, **kwargs)
           ^^^^^^^^^^^^^^^^^^^^^^^^^^
  File "/home/airflow/.local/lib/python3.12/site-packages/airflow/models/baseoperator.py", line 406, in wrapper
    return func(self, *args, **kwargs)
           ^^^^^^^^^^^^^^^^^^^^^^^^^^^
  File "/home/airflow/.local/lib/python3.12/site-packages/airflow/providers/apache/spark/operators/spark_submit.py", line 157, in execute
    self._hook.submit(self._application)
  File "/home/airflow/.local/lib/python3.12/site-packages/airflow/providers/apache/spark/hooks/spark_submit.py", line 419, in submit
    raise AirflowException(
airflow.exceptions.AirflowException: Cannot execute: spark-submit --master spark://spark-master:7077 --name arrow-spark jobs/python/wordcountjob.py. Error code is: 2.
[2024-10-02T18:55:07.615+0000] {taskinstance.py:1225} INFO - Marking task as FAILED. dag_id=sparking_flow, task_id=python_job, run_id=scheduled__2024-10-01T00:00:00+00:00, execution_date=20241001T000000, start_date=20241002T185503, end_date=20241002T185507
[2024-10-02T18:55:07.648+0000] {taskinstance.py:340} INFO - ::group::Post task execution logs
[2024-10-02T18:55:07.651+0000] {standard_task_runner.py:124} ERROR - Failed to execute job 13454 for task python_job (Cannot execute: spark-submit --master spark://spark-master:7077 --name arrow-spark jobs/python/wordcountjob.py. Error code is: 2.; 77821)
Traceback (most recent call last):
  File "/home/airflow/.local/lib/python3.12/site-packages/airflow/task/task_runner/standard_task_runner.py", line 117, in _start_by_fork
    ret = args.func(args, dag=self.dag)
          ^^^^^^^^^^^^^^^^^^^^^^^^^^^^^
  File "/home/airflow/.local/lib/python3.12/site-packages/airflow/cli/cli_config.py", line 49, in command
    return func(*args, **kwargs)
           ^^^^^^^^^^^^^^^^^^^^^
  File "/home/airflow/.local/lib/python3.12/site-packages/airflow/utils/cli.py", line 115, in wrapper
    return f(*args, **kwargs)
           ^^^^^^^^^^^^^^^^^^
  File "/home/airflow/.local/lib/python3.12/site-packages/airflow/cli/commands/task_command.py", line 483, in task_run
    task_return_code = _run_task_by_selected_method(args, _dag, ti)
                       ^^^^^^^^^^^^^^^^^^^^^^^^^^^^^^^^^^^^^^^^^^^^
  File "/home/airflow/.local/lib/python3.12/site-packages/airflow/cli/commands/task_command.py", line 256, in _run_task_by_selected_method
    return _run_raw_task(args, ti)
           ^^^^^^^^^^^^^^^^^^^^^^^
  File "/home/airflow/.local/lib/python3.12/site-packages/airflow/cli/commands/task_command.py", line 341, in _run_raw_task
    return ti._run_raw_task(
           ^^^^^^^^^^^^^^^^^
  File "/home/airflow/.local/lib/python3.12/site-packages/airflow/utils/session.py", line 97, in wrapper
    return func(*args, session=session, **kwargs)
           ^^^^^^^^^^^^^^^^^^^^^^^^^^^^^^^^^^^^^^
  File "/home/airflow/.local/lib/python3.12/site-packages/airflow/models/taskinstance.py", line 3004, in _run_raw_task
    return _run_raw_task(
           ^^^^^^^^^^^^^^
  File "/home/airflow/.local/lib/python3.12/site-packages/airflow/models/taskinstance.py", line 273, in _run_raw_task
    TaskInstance._execute_task_with_callbacks(
  File "/home/airflow/.local/lib/python3.12/site-packages/airflow/models/taskinstance.py", line 3158, in _execute_task_with_callbacks
    result = self._execute_task(context, task_orig)
             ^^^^^^^^^^^^^^^^^^^^^^^^^^^^^^^^^^^^^^
  File "/home/airflow/.local/lib/python3.12/site-packages/airflow/models/taskinstance.py", line 3182, in _execute_task
    return _execute_task(self, context, task_orig)
           ^^^^^^^^^^^^^^^^^^^^^^^^^^^^^^^^^^^^^^^
  File "/home/airflow/.local/lib/python3.12/site-packages/airflow/models/taskinstance.py", line 767, in _execute_task
    result = _execute_callable(context=context, **execute_callable_kwargs)
             ^^^^^^^^^^^^^^^^^^^^^^^^^^^^^^^^^^^^^^^^^^^^^^^^^^^^^^^^^^^^^
  File "/home/airflow/.local/lib/python3.12/site-packages/airflow/models/taskinstance.py", line 733, in _execute_callable
    return ExecutionCallableRunner(
           ^^^^^^^^^^^^^^^^^^^^^^^^
  File "/home/airflow/.local/lib/python3.12/site-packages/airflow/utils/operator_helpers.py", line 252, in run
    return self.func(*args, **kwargs)
           ^^^^^^^^^^^^^^^^^^^^^^^^^^
  File "/home/airflow/.local/lib/python3.12/site-packages/airflow/models/baseoperator.py", line 406, in wrapper
    return func(self, *args, **kwargs)
           ^^^^^^^^^^^^^^^^^^^^^^^^^^^
  File "/home/airflow/.local/lib/python3.12/site-packages/airflow/providers/apache/spark/operators/spark_submit.py", line 157, in execute
    self._hook.submit(self._application)
  File "/home/airflow/.local/lib/python3.12/site-packages/airflow/providers/apache/spark/hooks/spark_submit.py", line 419, in submit
    raise AirflowException(
airflow.exceptions.AirflowException: Cannot execute: spark-submit --master spark://spark-master:7077 --name arrow-spark jobs/python/wordcountjob.py. Error code is: 2.
[2024-10-02T18:55:07.686+0000] {local_task_job_runner.py:266} INFO - Task exited with return code 1
[2024-10-02T18:55:07.727+0000] {taskinstance.py:3900} INFO - 0 downstream tasks scheduled from follow-on schedule check
[2024-10-02T18:55:07.736+0000] {local_task_job_runner.py:245} INFO - ::endgroup::
