[2024-09-25T09:59:53.519+0000] {local_task_job_runner.py:123} INFO - ::group::Pre task execution logs
[2024-09-25T09:59:53.586+0000] {taskinstance.py:2612} INFO - Dependencies all met for dep_context=non-requeueable deps ti=<TaskInstance: etl_pipeline.warehouse.step_1.extract_transform.customers scheduled__2024-09-24T00:00:00+00:00 [queued]>
[2024-09-25T09:59:53.620+0000] {taskinstance.py:2612} INFO - Dependencies all met for dep_context=requeueable deps ti=<TaskInstance: etl_pipeline.warehouse.step_1.extract_transform.customers scheduled__2024-09-24T00:00:00+00:00 [queued]>
[2024-09-25T09:59:53.621+0000] {taskinstance.py:2865} INFO - Starting attempt 2 of 2
[2024-09-25T09:59:53.677+0000] {taskinstance.py:2888} INFO - Executing <Task(PythonOperator): warehouse.step_1.extract_transform.customers> on 2024-09-24 00:00:00+00:00
[2024-09-25T09:59:53.699+0000] {warnings.py:112} WARNING - /home/***/.local/lib/python3.12/site-packages/***/task/task_runner/standard_task_runner.py:70: DeprecationWarning: This process (pid=389) is multi-threaded, use of fork() may lead to deadlocks in the child.
  pid = os.fork()

[2024-09-25T09:59:53.702+0000] {standard_task_runner.py:72} INFO - Started process 411 to run task
[2024-09-25T09:59:53.708+0000] {standard_task_runner.py:104} INFO - Running: ['***', 'tasks', 'run', 'etl_pipeline', 'warehouse.step_1.extract_transform.customers', 'scheduled__2024-09-24T00:00:00+00:00', '--job-id', '65', '--raw', '--subdir', 'DAGS_FOLDER/etl_pipeline/run.py', '--cfg-path', '/tmp/tmpuxzvjtqf']
[2024-09-25T09:59:53.720+0000] {standard_task_runner.py:105} INFO - Job 65: Subtask warehouse.step_1.extract_transform.customers
[2024-09-25T09:59:53.978+0000] {task_command.py:467} INFO - Running <TaskInstance: etl_pipeline.warehouse.step_1.extract_transform.customers scheduled__2024-09-24T00:00:00+00:00 [running]> on host 639d778bfb8f
[2024-09-25T09:59:54.796+0000] {taskinstance.py:3131} INFO - Exporting env vars: AIRFLOW_CTX_DAG_OWNER='***' AIRFLOW_CTX_DAG_ID='etl_pipeline' AIRFLOW_CTX_TASK_ID='warehouse.step_1.extract_transform.customers' AIRFLOW_CTX_EXECUTION_DATE='2024-09-24T00:00:00+00:00' AIRFLOW_CTX_TRY_NUMBER='2' AIRFLOW_CTX_DAG_RUN_ID='scheduled__2024-09-24T00:00:00+00:00'
[2024-09-25T09:59:54.799+0000] {taskinstance.py:731} INFO - ::endgroup::
[2024-09-25T09:59:54.856+0000] {base.py:84} INFO - Retrieving connection 'staging_db'
[2024-09-25T09:59:57.075+0000] {base.py:84} INFO - Retrieving connection 'minio'
[2024-09-25T09:59:57.188+0000] {python.py:240} INFO - Done. Returned value was: None
[2024-09-25T09:59:57.212+0000] {taskinstance.py:340} INFO - ::group::Post task execution logs
[2024-09-25T09:59:57.213+0000] {taskinstance.py:352} INFO - Marking task as SUCCESS. dag_id=etl_pipeline, task_id=warehouse.step_1.extract_transform.customers, run_id=scheduled__2024-09-24T00:00:00+00:00, execution_date=20240924T000000, start_date=20240925T095953, end_date=20240925T095957
[2024-09-25T09:59:57.281+0000] {local_task_job_runner.py:266} INFO - Task exited with return code 0
[2024-09-25T09:59:57.365+0000] {taskinstance.py:3900} INFO - 0 downstream tasks scheduled from follow-on schedule check
[2024-09-25T09:59:57.369+0000] {local_task_job_runner.py:245} INFO - ::endgroup::
