[2024-09-25T08:51:39.888+0000] {local_task_job_runner.py:123} INFO - ::group::Pre task execution logs
[2024-09-25T08:51:39.914+0000] {taskinstance.py:2612} INFO - Dependencies all met for dep_context=non-requeueable deps ti=<TaskInstance: etl_pipeline.dellstore_db.load.cust_hist scheduled__2024-09-24T00:00:00+00:00 [queued]>
[2024-09-25T08:51:39.928+0000] {taskinstance.py:2612} INFO - Dependencies all met for dep_context=requeueable deps ti=<TaskInstance: etl_pipeline.dellstore_db.load.cust_hist scheduled__2024-09-24T00:00:00+00:00 [queued]>
[2024-09-25T08:51:39.928+0000] {taskinstance.py:2865} INFO - Starting attempt 1 of 1
[2024-09-25T08:51:39.946+0000] {taskinstance.py:2888} INFO - Executing <Task(PythonOperator): dellstore_db.load.cust_hist> on 2024-09-24 00:00:00+00:00
[2024-09-25T08:51:39.957+0000] {warnings.py:112} WARNING - /home/***/.local/lib/python3.12/site-packages/***/task/task_runner/standard_task_runner.py:70: DeprecationWarning: This process (pid=386) is multi-threaded, use of fork() may lead to deadlocks in the child.
  pid = os.fork()

[2024-09-25T08:51:39.959+0000] {standard_task_runner.py:72} INFO - Started process 388 to run task
[2024-09-25T08:51:39.960+0000] {standard_task_runner.py:104} INFO - Running: ['***', 'tasks', 'run', 'etl_pipeline', 'dellstore_db.load.cust_hist', 'scheduled__2024-09-24T00:00:00+00:00', '--job-id', '24', '--raw', '--subdir', 'DAGS_FOLDER/etl_pipeline/run.py', '--cfg-path', '/tmp/tmpktvyqzor']
[2024-09-25T08:51:39.963+0000] {standard_task_runner.py:105} INFO - Job 24: Subtask dellstore_db.load.cust_hist
[2024-09-25T08:51:40.027+0000] {task_command.py:467} INFO - Running <TaskInstance: etl_pipeline.dellstore_db.load.cust_hist scheduled__2024-09-24T00:00:00+00:00 [running]> on host 857abb7f2bfc
[2024-09-25T08:51:40.175+0000] {taskinstance.py:3131} INFO - Exporting env vars: AIRFLOW_CTX_DAG_OWNER='***' AIRFLOW_CTX_DAG_ID='etl_pipeline' AIRFLOW_CTX_TASK_ID='dellstore_db.load.cust_hist' AIRFLOW_CTX_EXECUTION_DATE='2024-09-24T00:00:00+00:00' AIRFLOW_CTX_TRY_NUMBER='1' AIRFLOW_CTX_DAG_RUN_ID='scheduled__2024-09-24T00:00:00+00:00'
[2024-09-25T08:51:40.177+0000] {taskinstance.py:731} INFO - ::endgroup::
[2024-09-25T08:51:40.198+0000] {base.py:84} INFO - Retrieving connection 'staging_db'
[2024-09-25T08:51:40.217+0000] {base.py:84} INFO - Retrieving connection 'minio'
[2024-09-25T08:51:50.230+0000] {python.py:240} INFO - Done. Returned value was: None
[2024-09-25T08:51:50.242+0000] {taskinstance.py:340} INFO - ::group::Post task execution logs
[2024-09-25T08:51:50.243+0000] {taskinstance.py:352} INFO - Marking task as SUCCESS. dag_id=etl_pipeline, task_id=dellstore_db.load.cust_hist, run_id=scheduled__2024-09-24T00:00:00+00:00, execution_date=20240924T000000, start_date=20240925T085139, end_date=20240925T085150
[2024-09-25T08:51:50.296+0000] {local_task_job_runner.py:266} INFO - Task exited with return code 0
[2024-09-25T08:51:50.307+0000] {local_task_job_runner.py:245} INFO - ::endgroup::
