[2024-09-25T11:09:15.128+0000] {local_task_job_runner.py:123} INFO - ::group::Pre task execution logs
[2024-09-25T11:09:15.176+0000] {taskinstance.py:2612} INFO - Dependencies all met for dep_context=non-requeueable deps ti=<TaskInstance: etl_pipeline.init.generate_schema.stg_generate_schema manual__2024-09-25T11:08:58.108660+00:00 [queued]>
[2024-09-25T11:09:15.200+0000] {taskinstance.py:2612} INFO - Dependencies all met for dep_context=requeueable deps ti=<TaskInstance: etl_pipeline.init.generate_schema.stg_generate_schema manual__2024-09-25T11:08:58.108660+00:00 [queued]>
[2024-09-25T11:09:15.201+0000] {taskinstance.py:2865} INFO - Starting attempt 1 of 1
[2024-09-25T11:09:15.228+0000] {taskinstance.py:2888} INFO - Executing <Task(SQLExecuteQueryOperator): init.generate_schema.stg_generate_schema> on 2024-09-25 11:08:58.108660+00:00
[2024-09-25T11:09:15.243+0000] {warnings.py:112} WARNING - /home/***/.local/lib/python3.12/site-packages/***/task/task_runner/standard_task_runner.py:70: DeprecationWarning: This process (pid=718) is multi-threaded, use of fork() may lead to deadlocks in the child.
  pid = os.fork()

[2024-09-25T11:09:15.246+0000] {standard_task_runner.py:72} INFO - Started process 726 to run task
[2024-09-25T11:09:15.250+0000] {standard_task_runner.py:104} INFO - Running: ['***', 'tasks', 'run', 'etl_pipeline', 'init.generate_schema.stg_generate_schema', 'manual__2024-09-25T11:08:58.108660+00:00', '--job-id', '185', '--raw', '--subdir', 'DAGS_FOLDER/etl_pipeline/run.py', '--cfg-path', '/tmp/tmp4g1ps7a7']
[2024-09-25T11:09:15.256+0000] {standard_task_runner.py:105} INFO - Job 185: Subtask init.generate_schema.stg_generate_schema
[2024-09-25T11:09:15.347+0000] {task_command.py:467} INFO - Running <TaskInstance: etl_pipeline.init.generate_schema.stg_generate_schema manual__2024-09-25T11:08:58.108660+00:00 [running]> on host e10075799413
[2024-09-25T11:09:15.537+0000] {taskinstance.py:3131} INFO - Exporting env vars: AIRFLOW_CTX_DAG_OWNER='***' AIRFLOW_CTX_DAG_ID='etl_pipeline' AIRFLOW_CTX_TASK_ID='init.generate_schema.stg_generate_schema' AIRFLOW_CTX_EXECUTION_DATE='2024-09-25T11:08:58.108660+00:00' AIRFLOW_CTX_TRY_NUMBER='1' AIRFLOW_CTX_DAG_RUN_ID='manual__2024-09-25T11:08:58.108660+00:00'
[2024-09-25T11:09:15.540+0000] {taskinstance.py:731} INFO - ::endgroup::
[2024-09-25T11:09:15.548+0000] {sql.py:266} INFO - Executing: CREATE SCHEMA IF NOT EXISTS staging AUTHORIZATION postgres;

CREATE SEQUENCE IF NOT EXISTS staging.categories_category_seq
    INCREMENT BY 1
    MINVALUE 1
    MAXVALUE 2147483647
    START 1
    CACHE 1
    NO CYCLE;

CREATE SEQUENCE IF NOT EXISTS staging.customer_orders_history_order_id_seq
    INCREMENT BY 1
    MINVALUE 1
    MAXVALUE 2147483647
    START 1
    CACHE 1
    NO CYCLE;

CREATE SEQUENCE IF NOT EXISTS staging.customer_orders_history_orderline_id_seq
    INCREMENT BY 1
    MINVALUE 1
    MAXVALUE 2147483647
    START 1
    CACHE 1
    NO CYCLE;

CREATE SEQUENCE IF NOT EXISTS staging.customers_customerid_seq
    INCREMENT BY 1
    MINVALUE 1
    MAXVALUE 2147483647
    START 1
    CACHE 1
    NO CYCLE;

CREATE SEQUENCE IF NOT EXISTS staging.orders_orderid_seq
    INCREMENT BY 1
    MINVALUE 1
    MAXVALUE 2147483647
    START 1
    CACHE 1
    NO CYCLE;

CREATE SEQUENCE IF NOT EXISTS staging.products_prod_id_seq
    INCREMENT BY 1
    MINVALUE 1
    MAXVALUE 2147483647
    START 1
    CACHE 1
    NO CYCLE;

CREATE TABLE IF NOT EXISTS staging.categories (
    category serial4 NOT NULL,
    categoryname varchar(50) NOT NULL,
    created_at timestamp NULL DEFAULT CURRENT_TIMESTAMP,
    CONSTRAINT categories_pkey PRIMARY KEY (category)
);

CREATE TABLE IF NOT EXISTS staging.customer_orders_history (
    customer_id int4 NULL,
    customer_address1 varchar(255) NULL,
    customer_address2 varchar(255) NULL,
    customer_age int2 NULL,
    customer_city varchar(255) NULL,
    customer_country varchar(255) NULL,
    customer_creditcard varchar(255) NULL,
    customer_creditcardexpiration varchar(255) NULL,
    customer_creditcardtype varchar(255) NULL,
    customer_email varchar(255) NULL,
    customer_firstname varchar(255) NULL,
    customer_gender varchar(1) NULL,
    customer_income int4 NULL,
    customer_lastname varchar(255) NULL,
    customer_password varchar(255) NULL,
    customer_phone varchar(255) NULL,
    customer_region int2 NULL,
    customer_state varchar(255) NULL,
    customer_username varchar(255) NULL,
    customer_zip int4 NULL,
    order_customerid int4 NULL,
    order_date date NULL,
    order_id serial4 NOT NULL,
    order_netamount numeric(12, 2) NULL,
    order_tax numeric(12, 2) NULL,
    order_totalamount numeric(12, 2) NULL,
    orderline_id serial4 NOT NULL,
    orderline_orderdate date NULL,
    orderline_prod_id int4 NULL,
    orderline_quantity int2 NULL,
    product_actor varchar(255) NULL,
    product_category int4 NULL,
    product_common_prod_id int4 NULL,
    product_id int4 NULL,
    product_price numeric(12, 2) NULL,
    product_special int2 NULL,
    product_title varchar(255) NULL,
    created_at timestamp NULL DEFAULT CURRENT_TIMESTAMP,
    CONSTRAINT customer_orders_history_orderline_id_customer_id_order_id_key UNIQUE (orderline_id, customer_id, order_id)
);

CREATE TABLE IF NOT EXISTS staging.customers (
    customerid serial4 NOT NULL,
    firstname varchar NOT NULL,
    lastname varchar NOT NULL,
    address1 varchar NOT NULL,
    address2 varchar(50) NULL,
    city varchar NOT NULL,
    state varchar NULL,
    zip int4 NULL,
    country varchar(50) NOT NULL,
    region int2 NOT NULL,
    email varchar NULL,
    phone varchar(50) NULL,
    creditcardtype int4 NOT NULL,
    creditcard varchar(50) NOT NULL,
    creditcardexpiration varchar(50) NOT NULL,
    username varchar NOT NULL,
    "password" varchar(50) NOT NULL,
    age int2 NULL,
    income int4 NULL,
    gender varchar(1) NULL,
    created_at timestamp NULL DEFAULT CURRENT_TIMESTAMP,
    CONSTRAINT customers_pkey PRIMARY KEY (customerid)
);
CREATE UNIQUE INDEX IF NOT EXISTS ix_cust_username ON staging.customers USING btree (username);

CREATE TABLE IF NOT EXISTS staging.inventory (
    prod_id int4 NOT NULL,
    quan_in_stock int4 NOT NULL,
    sales int4 NOT NULL,
    created_at timestamp NULL DEFAULT CURRENT_TIMESTAMP,
    CONSTRAINT inventory_pkey PRIMARY KEY (prod_id)
);

CREATE TABLE IF NOT EXISTS staging.order_status_analytic (
    orderid int4 NOT NULL,
    sum_stock numeric(12, 2) NOT NULL,
    status varchar(50) NOT NULL,
    CONSTRAINT order_status_analytic_pkey PRIMARY KEY (orderid)
);

CREATE TABLE IF NOT EXISTS staging.cust_hist (
    customerid int4 NOT NULL,
    orderid int4 NOT NULL,
    prod_id int4 NOT NULL,
    created_at timestamp NULL DEFAULT CURRENT_TIMESTAMP,
    CONSTRAINT unique_id UNIQUE (customerid, orderid, prod_id),
    CONSTRAINT fk_cust_hist_customerid FOREIGN KEY (customerid) REFERENCES staging.customers(customerid) ON DELETE CASCADE
);
CREATE INDEX IF NOT EXISTS ix_cust_hist_customerid ON staging.cust_hist USING btree (customerid);

CREATE TABLE IF NOT EXISTS staging.orders (
    orderid serial4 NOT NULL,
    orderdate date NOT NULL,
    customerid int4 NULL,
    netamount numeric(12, 2) NOT NULL,
    tax numeric(12, 2) NOT NULL,
    totalamount numeric(12, 2) NOT NULL,
    created_at timestamp NULL DEFAULT CURRENT_TIMESTAMP,
    CONSTRAINT orders_pkey PRIMARY KEY (orderid),
    CONSTRAINT fk_customerid FOREIGN KEY (customerid) REFERENCES staging.customers(customerid) ON DELETE SET NULL
);
CREATE INDEX IF NOT EXISTS ix_order_custid ON staging.orders USING btree (customerid);

CREATE TABLE IF NOT EXISTS staging.products (
    prod_id serial4 NOT NULL,
    category int4 NOT NULL,
    title varchar(50) NOT NULL,
    actor varchar(50) NOT NULL,
    price numeric(12, 2) NOT NULL,
    special int2 NULL,
    common_prod_id int4 NOT NULL,
    created_at timestamp NULL DEFAULT CURRENT_TIMESTAMP,
    CONSTRAINT products_pkey PRIMARY KEY (prod_id),
    CONSTRAINT fk_prod_category FOREIGN KEY (category) REFERENCES staging.categories(category) ON DELETE CASCADE,
    CONSTRAINT fk_products_category FOREIGN KEY (category) REFERENCES staging.categories(category) ON DELETE CASCADE
);
CREATE INDEX IF NOT EXISTS ix_prod_category ON staging.products USING btree (category);
CREATE INDEX IF NOT EXISTS ix_prod_special ON staging.products USING btree (special);

CREATE TABLE IF NOT EXISTS staging.orderlines (
    orderlineid int4 NOT NULL,
    orderid int4 NOT NULL,
    prod_id int4 NOT NULL,
    quantity int2 NOT NULL,
    orderdate date NOT NULL,
    created_at timestamp NULL DEFAULT CURRENT_TIMESTAMP,
    CONSTRAINT fk_orderid FOREIGN KEY (orderid) REFERENCES staging.orders(orderid) ON DELETE CASCADE,
    CONSTRAINT fk_orderlines_prod_id FOREIGN KEY (prod_id) REFERENCES staging.products(prod_id) ON DELETE CASCADE
);
CREATE UNIQUE INDEX IF NOT EXISTS ix_orderlines_orderid ON staging.orderlines USING btree (orderid, orderlineid);
[2024-09-25T11:09:15.590+0000] {base.py:84} INFO - Retrieving connection 'staging_db'
[2024-09-25T11:09:15.615+0000] {base.py:84} INFO - Retrieving connection 'staging_db'
[2024-09-25T11:09:15.638+0000] {sql.py:509} INFO - Running statement: CREATE SCHEMA IF NOT EXISTS staging AUTHORIZATION ***;

CREATE SEQUENCE IF NOT EXISTS staging.categories_category_seq
    INCREMENT BY 1
    MINVALUE 1
    MAXVALUE 2147483647
    START 1
    CACHE 1
    NO CYCLE;

CREATE SEQUENCE IF NOT EXISTS staging.customer_orders_history_order_id_seq
    INCREMENT BY 1
    MINVALUE 1
    MAXVALUE 2147483647
    START 1
    CACHE 1
    NO CYCLE;

CREATE SEQUENCE IF NOT EXISTS staging.customer_orders_history_orderline_id_seq
    INCREMENT BY 1
    MINVALUE 1
    MAXVALUE 2147483647
    START 1
    CACHE 1
    NO CYCLE;

CREATE SEQUENCE IF NOT EXISTS staging.customers_customerid_seq
    INCREMENT BY 1
    MINVALUE 1
    MAXVALUE 2147483647
    START 1
    CACHE 1
    NO CYCLE;

CREATE SEQUENCE IF NOT EXISTS staging.orders_orderid_seq
    INCREMENT BY 1
    MINVALUE 1
    MAXVALUE 2147483647
    START 1
    CACHE 1
    NO CYCLE;

CREATE SEQUENCE IF NOT EXISTS staging.products_prod_id_seq
    INCREMENT BY 1
    MINVALUE 1
    MAXVALUE 2147483647
    START 1
    CACHE 1
    NO CYCLE;

CREATE TABLE IF NOT EXISTS staging.categories (
    category serial4 NOT NULL,
    categoryname varchar(50) NOT NULL,
    created_at timestamp NULL DEFAULT CURRENT_TIMESTAMP,
    CONSTRAINT categories_pkey PRIMARY KEY (category)
);

CREATE TABLE IF NOT EXISTS staging.customer_orders_history (
    customer_id int4 NULL,
    customer_address1 varchar(255) NULL,
    customer_address2 varchar(255) NULL,
    customer_age int2 NULL,
    customer_city varchar(255) NULL,
    customer_country varchar(255) NULL,
    customer_creditcard varchar(255) NULL,
    customer_creditcardexpiration varchar(255) NULL,
    customer_creditcardtype varchar(255) NULL,
    customer_email varchar(255) NULL,
    customer_firstname varchar(255) NULL,
    customer_gender varchar(1) NULL,
    customer_income int4 NULL,
    customer_lastname varchar(255) NULL,
    customer_password varchar(255) NULL,
    customer_phone varchar(255) NULL,
    customer_region int2 NULL,
    customer_state varchar(255) NULL,
    customer_username varchar(255) NULL,
    customer_zip int4 NULL,
    order_customerid int4 NULL,
    order_date date NULL,
    order_id serial4 NOT NULL,
    order_netamount numeric(12, 2) NULL,
    order_tax numeric(12, 2) NULL,
    order_totalamount numeric(12, 2) NULL,
    orderline_id serial4 NOT NULL,
    orderline_orderdate date NULL,
    orderline_prod_id int4 NULL,
    orderline_quantity int2 NULL,
    product_actor varchar(255) NULL,
    product_category int4 NULL,
    product_common_prod_id int4 NULL,
    product_id int4 NULL,
    product_price numeric(12, 2) NULL,
    product_special int2 NULL,
    product_title varchar(255) NULL,
    created_at timestamp NULL DEFAULT CURRENT_TIMESTAMP,
    CONSTRAINT customer_orders_history_orderline_id_customer_id_order_id_key UNIQUE (orderline_id, customer_id, order_id)
);

CREATE TABLE IF NOT EXISTS staging.customers (
    customerid serial4 NOT NULL,
    firstname varchar NOT NULL,
    lastname varchar NOT NULL,
    address1 varchar NOT NULL,
    address2 varchar(50) NULL,
    city varchar NOT NULL,
    state varchar NULL,
    zip int4 NULL,
    country varchar(50) NOT NULL,
    region int2 NOT NULL,
    email varchar NULL,
    phone varchar(50) NULL,
    creditcardtype int4 NOT NULL,
    creditcard varchar(50) NOT NULL,
    creditcardexpiration varchar(50) NOT NULL,
    username varchar NOT NULL,
    "password" varchar(50) NOT NULL,
    age int2 NULL,
    income int4 NULL,
    gender varchar(1) NULL,
    created_at timestamp NULL DEFAULT CURRENT_TIMESTAMP,
    CONSTRAINT customers_pkey PRIMARY KEY (customerid)
);
CREATE UNIQUE INDEX IF NOT EXISTS ix_cust_username ON staging.customers USING btree (username);

CREATE TABLE IF NOT EXISTS staging.inventory (
    prod_id int4 NOT NULL,
    quan_in_stock int4 NOT NULL,
    sales int4 NOT NULL,
    created_at timestamp NULL DEFAULT CURRENT_TIMESTAMP,
    CONSTRAINT inventory_pkey PRIMARY KEY (prod_id)
);

CREATE TABLE IF NOT EXISTS staging.order_status_analytic (
    orderid int4 NOT NULL,
    sum_stock numeric(12, 2) NOT NULL,
    status varchar(50) NOT NULL,
    CONSTRAINT order_status_analytic_pkey PRIMARY KEY (orderid)
);

CREATE TABLE IF NOT EXISTS staging.cust_hist (
    customerid int4 NOT NULL,
    orderid int4 NOT NULL,
    prod_id int4 NOT NULL,
    created_at timestamp NULL DEFAULT CURRENT_TIMESTAMP,
    CONSTRAINT unique_id UNIQUE (customerid, orderid, prod_id),
    CONSTRAINT fk_cust_hist_customerid FOREIGN KEY (customerid) REFERENCES staging.customers(customerid) ON DELETE CASCADE
);
CREATE INDEX IF NOT EXISTS ix_cust_hist_customerid ON staging.cust_hist USING btree (customerid);

CREATE TABLE IF NOT EXISTS staging.orders (
    orderid serial4 NOT NULL,
    orderdate date NOT NULL,
    customerid int4 NULL,
    netamount numeric(12, 2) NOT NULL,
    tax numeric(12, 2) NOT NULL,
    totalamount numeric(12, 2) NOT NULL,
    created_at timestamp NULL DEFAULT CURRENT_TIMESTAMP,
    CONSTRAINT orders_pkey PRIMARY KEY (orderid),
    CONSTRAINT fk_customerid FOREIGN KEY (customerid) REFERENCES staging.customers(customerid) ON DELETE SET NULL
);
CREATE INDEX IF NOT EXISTS ix_order_custid ON staging.orders USING btree (customerid);

CREATE TABLE IF NOT EXISTS staging.products (
    prod_id serial4 NOT NULL,
    category int4 NOT NULL,
    title varchar(50) NOT NULL,
    actor varchar(50) NOT NULL,
    price numeric(12, 2) NOT NULL,
    special int2 NULL,
    common_prod_id int4 NOT NULL,
    created_at timestamp NULL DEFAULT CURRENT_TIMESTAMP,
    CONSTRAINT products_pkey PRIMARY KEY (prod_id),
    CONSTRAINT fk_prod_category FOREIGN KEY (category) REFERENCES staging.categories(category) ON DELETE CASCADE,
    CONSTRAINT fk_products_category FOREIGN KEY (category) REFERENCES staging.categories(category) ON DELETE CASCADE
);
CREATE INDEX IF NOT EXISTS ix_prod_category ON staging.products USING btree (category);
CREATE INDEX IF NOT EXISTS ix_prod_special ON staging.products USING btree (special);

CREATE TABLE IF NOT EXISTS staging.orderlines (
    orderlineid int4 NOT NULL,
    orderid int4 NOT NULL,
    prod_id int4 NOT NULL,
    quantity int2 NOT NULL,
    orderdate date NOT NULL,
    created_at timestamp NULL DEFAULT CURRENT_TIMESTAMP,
    CONSTRAINT fk_orderid FOREIGN KEY (orderid) REFERENCES staging.orders(orderid) ON DELETE CASCADE,
    CONSTRAINT fk_orderlines_prod_id FOREIGN KEY (prod_id) REFERENCES staging.products(prod_id) ON DELETE CASCADE
);
CREATE UNIQUE INDEX IF NOT EXISTS ix_orderlines_orderid ON staging.orderlines USING btree (orderid, orderlineid);, parameters: None
[2024-09-25T11:09:15.706+0000] {taskinstance.py:340} INFO - ::group::Post task execution logs
[2024-09-25T11:09:15.707+0000] {taskinstance.py:352} INFO - Marking task as SUCCESS. dag_id=etl_pipeline, task_id=init.generate_schema.stg_generate_schema, run_id=manual__2024-09-25T11:08:58.108660+00:00, execution_date=20240925T110858, start_date=20240925T110915, end_date=20240925T110915
[2024-09-25T11:09:15.795+0000] {local_task_job_runner.py:266} INFO - Task exited with return code 0
[2024-09-25T11:09:15.820+0000] {local_task_job_runner.py:245} INFO - ::endgroup::
