[2024-10-02T19:42:13.036+0000] {local_task_job_runner.py:123} INFO - ::group::Pre task execution logs
[2024-10-02T19:42:13.065+0000] {taskinstance.py:2612} INFO - Dependencies all met for dep_context=non-requeueable deps ti=<TaskInstance: sparking_flow.character_count_job manual__2024-10-02T19:41:53.153031+00:00 [queued]>
[2024-10-02T19:42:13.079+0000] {taskinstance.py:2612} INFO - Dependencies all met for dep_context=requeueable deps ti=<TaskInstance: sparking_flow.character_count_job manual__2024-10-02T19:41:53.153031+00:00 [queued]>
[2024-10-02T19:42:13.080+0000] {taskinstance.py:2865} INFO - Starting attempt 1 of 1
[2024-10-02T19:42:13.101+0000] {taskinstance.py:2888} INFO - Executing <Task(SparkSubmitOperator): character_count_job> on 2024-10-02 19:41:53.153031+00:00
[2024-10-02T19:42:13.114+0000] {standard_task_runner.py:104} INFO - Running: ['***', 'tasks', 'run', 'sparking_flow', 'character_count_job', 'manual__2024-10-02T19:41:53.153031+00:00', '--job-id', '13500', '--raw', '--subdir', 'DAGS_FOLDER/materi/test.py', '--cfg-path', '/tmp/tmp0hcc9da0']
[2024-10-02T19:42:13.120+0000] {standard_task_runner.py:105} INFO - Job 13500: Subtask character_count_job
[2024-10-02T19:42:13.121+0000] {logging_mixin.py:190} WARNING - /home/***/.local/lib/python3.12/site-packages/***/task/task_runner/standard_task_runner.py:70 DeprecationWarning: This process (pid=106699) is multi-threaded, use of fork() may lead to deadlocks in the child.
[2024-10-02T19:42:13.122+0000] {standard_task_runner.py:72} INFO - Started process 106700 to run task
[2024-10-02T19:42:13.223+0000] {task_command.py:467} INFO - Running <TaskInstance: sparking_flow.character_count_job manual__2024-10-02T19:41:53.153031+00:00 [running]> on host 19cd1516b3ca
[2024-10-02T19:42:13.406+0000] {taskinstance.py:3131} INFO - Exporting env vars: AIRFLOW_CTX_DAG_OWNER='Yusuf Ganiyu' AIRFLOW_CTX_DAG_ID='sparking_flow' AIRFLOW_CTX_TASK_ID='character_count_job' AIRFLOW_CTX_EXECUTION_DATE='2024-10-02T19:41:53.153031+00:00' AIRFLOW_CTX_TRY_NUMBER='1' AIRFLOW_CTX_DAG_RUN_ID='manual__2024-10-02T19:41:53.153031+00:00'
[2024-10-02T19:42:13.408+0000] {taskinstance.py:731} INFO - ::endgroup::
[2024-10-02T19:42:13.461+0000] {base.py:84} INFO - Retrieving connection 'spark-conn'
[2024-10-02T19:42:13.463+0000] {spark_submit.py:335} INFO - Spark-Submit cmd: spark-submit --master spark://spark-master:7077 --name arrow-spark jobs/wordcountjob.py character_count_job Hello Spark Hello Python Hello Airflow Hello Docker and Hello Yusuf
[2024-10-02T19:42:13.558+0000] {spark_submit.py:488} INFO - /home/***/.local/lib/python3.12/site-packages/pyspark/bin/load-spark-env.sh: line 68: ps: command not found
[2024-10-02T19:42:21.285+0000] {spark_submit.py:488} INFO - 24/10/02 19:42:21 INFO SparkContext: Running Spark version 3.5.3
[2024-10-02T19:42:21.303+0000] {spark_submit.py:488} INFO - 24/10/02 19:42:21 INFO SparkContext: OS info Linux, 5.15.153.1-microsoft-standard-WSL2, amd64
[2024-10-02T19:42:21.305+0000] {spark_submit.py:488} INFO - 24/10/02 19:42:21 INFO SparkContext: Java version 17.0.12
[2024-10-02T19:42:21.504+0000] {spark_submit.py:488} INFO - 24/10/02 19:42:21 WARN NativeCodeLoader: Unable to load native-hadoop library for your platform... using builtin-java classes where applicable
[2024-10-02T19:42:21.778+0000] {spark_submit.py:488} INFO - 24/10/02 19:42:21 INFO ResourceUtils: ==============================================================
[2024-10-02T19:42:21.780+0000] {spark_submit.py:488} INFO - 24/10/02 19:42:21 INFO ResourceUtils: No custom resources configured for spark.driver.
[2024-10-02T19:42:21.781+0000] {spark_submit.py:488} INFO - 24/10/02 19:42:21 INFO ResourceUtils: ==============================================================
[2024-10-02T19:42:21.783+0000] {spark_submit.py:488} INFO - 24/10/02 19:42:21 INFO SparkContext: Submitted application: PythonCharacterCount
[2024-10-02T19:42:21.889+0000] {spark_submit.py:488} INFO - 24/10/02 19:42:21 INFO ResourceProfile: Default ResourceProfile created, executor resources: Map(memory -> name: memory, amount: 1024, script: , vendor: , offHeap -> name: offHeap, amount: 0, script: , vendor: ), task resources: Map(cpus -> name: cpus, amount: 1.0)
[2024-10-02T19:42:21.924+0000] {spark_submit.py:488} INFO - 24/10/02 19:42:21 INFO ResourceProfile: Limiting resource is cpu
[2024-10-02T19:42:21.929+0000] {spark_submit.py:488} INFO - 24/10/02 19:42:21 INFO ResourceProfileManager: Added ResourceProfile id: 0
[2024-10-02T19:42:22.154+0000] {spark_submit.py:488} INFO - 24/10/02 19:42:22 INFO SecurityManager: Changing view acls to: ***
[2024-10-02T19:42:22.162+0000] {spark_submit.py:488} INFO - 24/10/02 19:42:22 INFO SecurityManager: Changing modify acls to: ***
[2024-10-02T19:42:22.170+0000] {spark_submit.py:488} INFO - 24/10/02 19:42:22 INFO SecurityManager: Changing view acls groups to:
[2024-10-02T19:42:22.178+0000] {spark_submit.py:488} INFO - 24/10/02 19:42:22 INFO SecurityManager: Changing modify acls groups to:
[2024-10-02T19:42:22.185+0000] {spark_submit.py:488} INFO - 24/10/02 19:42:22 INFO SecurityManager: SecurityManager: authentication disabled; ui acls disabled; users with view permissions: ***; groups with view permissions: EMPTY; users with modify permissions: ***; groups with modify permissions: EMPTY
[2024-10-02T19:42:22.860+0000] {spark_submit.py:488} INFO - 24/10/02 19:42:22 INFO Utils: Successfully started service 'sparkDriver' on port 34887.
[2024-10-02T19:42:22.926+0000] {spark_submit.py:488} INFO - 24/10/02 19:42:22 INFO SparkEnv: Registering MapOutputTracker
[2024-10-02T19:42:23.048+0000] {spark_submit.py:488} INFO - 24/10/02 19:42:23 INFO SparkEnv: Registering BlockManagerMaster
[2024-10-02T19:42:23.103+0000] {spark_submit.py:488} INFO - 24/10/02 19:42:23 INFO BlockManagerMasterEndpoint: Using org.apache.spark.storage.DefaultTopologyMapper for getting topology information
[2024-10-02T19:42:23.105+0000] {spark_submit.py:488} INFO - 24/10/02 19:42:23 INFO BlockManagerMasterEndpoint: BlockManagerMasterEndpoint up
[2024-10-02T19:42:23.115+0000] {spark_submit.py:488} INFO - 24/10/02 19:42:23 INFO SparkEnv: Registering BlockManagerMasterHeartbeat
[2024-10-02T19:42:23.186+0000] {spark_submit.py:488} INFO - 24/10/02 19:42:23 INFO DiskBlockManager: Created local directory at /tmp/blockmgr-e0ba81f1-c49f-43e5-81ad-14e196832d77
[2024-10-02T19:42:23.224+0000] {spark_submit.py:488} INFO - 24/10/02 19:42:23 INFO MemoryStore: MemoryStore started with capacity 434.4 MiB
[2024-10-02T19:42:23.266+0000] {spark_submit.py:488} INFO - 24/10/02 19:42:23 INFO SparkEnv: Registering OutputCommitCoordinator
[2024-10-02T19:42:23.537+0000] {spark_submit.py:488} INFO - 24/10/02 19:42:23 INFO JettyUtils: Start Jetty 0.0.0.0:4040 for SparkUI
[2024-10-02T19:42:23.708+0000] {spark_submit.py:488} INFO - 24/10/02 19:42:23 WARN Utils: Service 'SparkUI' could not bind on port 4040. Attempting port 4041.
[2024-10-02T19:42:23.740+0000] {spark_submit.py:488} INFO - 24/10/02 19:42:23 INFO Utils: Successfully started service 'SparkUI' on port 4041.
[2024-10-02T19:42:24.225+0000] {spark_submit.py:488} INFO - 24/10/02 19:42:24 INFO StandaloneAppClient$ClientEndpoint: Connecting to master spark://spark-master:7077...
[2024-10-02T19:42:24.394+0000] {spark_submit.py:488} INFO - 24/10/02 19:42:24 INFO TransportClientFactory: Successfully created connection to spark-master/172.20.0.9:7077 after 106 ms (0 ms spent in bootstraps)
[2024-10-02T19:42:24.746+0000] {spark_submit.py:488} INFO - 24/10/02 19:42:24 INFO StandaloneSchedulerBackend: Connected to Spark cluster with app ID app-20241002194224-0013
[2024-10-02T19:42:24.768+0000] {spark_submit.py:488} INFO - 24/10/02 19:42:24 INFO StandaloneAppClient$ClientEndpoint: Executor added: app-20241002194224-0013/0 on worker-20241002185803-172.20.0.10-34453 (172.20.0.10:34453) with 2 core(s)
[2024-10-02T19:42:24.788+0000] {spark_submit.py:488} INFO - 24/10/02 19:42:24 INFO StandaloneSchedulerBackend: Granted executor ID app-20241002194224-0013/0 on hostPort 172.20.0.10:34453 with 2 core(s), 1024.0 MiB RAM
[2024-10-02T19:42:24.814+0000] {spark_submit.py:488} INFO - 24/10/02 19:42:24 INFO Utils: Successfully started service 'org.apache.spark.network.netty.NettyBlockTransferService' on port 34469.
[2024-10-02T19:42:24.815+0000] {spark_submit.py:488} INFO - 24/10/02 19:42:24 INFO NettyBlockTransferService: Server created on 19cd1516b3ca:34469
[2024-10-02T19:42:24.818+0000] {spark_submit.py:488} INFO - 24/10/02 19:42:24 INFO BlockManager: Using org.apache.spark.storage.RandomBlockReplicationPolicy for block replication policy
[2024-10-02T19:42:24.857+0000] {spark_submit.py:488} INFO - 24/10/02 19:42:24 INFO BlockManagerMaster: Registering BlockManager BlockManagerId(driver, 19cd1516b3ca, 34469, None)
[2024-10-02T19:42:24.864+0000] {spark_submit.py:488} INFO - 24/10/02 19:42:24 INFO BlockManagerMasterEndpoint: Registering block manager 19cd1516b3ca:34469 with 434.4 MiB RAM, BlockManagerId(driver, 19cd1516b3ca, 34469, None)
[2024-10-02T19:42:24.868+0000] {spark_submit.py:488} INFO - 24/10/02 19:42:24 INFO BlockManagerMaster: Registered BlockManager BlockManagerId(driver, 19cd1516b3ca, 34469, None)
[2024-10-02T19:42:24.873+0000] {spark_submit.py:488} INFO - 24/10/02 19:42:24 INFO BlockManager: Initialized BlockManager: BlockManagerId(driver, 19cd1516b3ca, 34469, None)
[2024-10-02T19:42:24.946+0000] {spark_submit.py:488} INFO - 24/10/02 19:42:24 INFO StandaloneAppClient$ClientEndpoint: Executor updated: app-20241002194224-0013/0 is now RUNNING
[2024-10-02T19:42:25.874+0000] {spark_submit.py:488} INFO - 24/10/02 19:42:25 INFO StandaloneSchedulerBackend: SchedulerBackend is ready for scheduling beginning after reached minRegisteredResourcesRatio: 0.0
[2024-10-02T19:42:28.383+0000] {spark_submit.py:488} INFO - 24/10/02 19:42:28 INFO SparkContext: Starting job: collect at /opt/***/jobs/wordcountjob.py:24
[2024-10-02T19:42:28.523+0000] {spark_submit.py:488} INFO - 24/10/02 19:42:28 INFO DAGScheduler: Registering RDD 2 (reduceByKey at /opt/***/jobs/wordcountjob.py:22) as input to shuffle 0
[2024-10-02T19:42:28.553+0000] {spark_submit.py:488} INFO - 24/10/02 19:42:28 INFO DAGScheduler: Got job 0 (collect at /opt/***/jobs/wordcountjob.py:24) with 2 output partitions
[2024-10-02T19:42:28.554+0000] {spark_submit.py:488} INFO - 24/10/02 19:42:28 INFO DAGScheduler: Final stage: ResultStage 1 (collect at /opt/***/jobs/wordcountjob.py:24)
[2024-10-02T19:42:28.555+0000] {spark_submit.py:488} INFO - 24/10/02 19:42:28 INFO DAGScheduler: Parents of final stage: List(ShuffleMapStage 0)
[2024-10-02T19:42:28.573+0000] {spark_submit.py:488} INFO - 24/10/02 19:42:28 INFO DAGScheduler: Missing parents: List(ShuffleMapStage 0)
[2024-10-02T19:42:28.601+0000] {spark_submit.py:488} INFO - 24/10/02 19:42:28 INFO DAGScheduler: Submitting ShuffleMapStage 0 (PairwiseRDD[2] at reduceByKey at /opt/***/jobs/wordcountjob.py:22), which has no missing parents
[2024-10-02T19:42:28.928+0000] {spark_submit.py:488} INFO - 24/10/02 19:42:28 INFO MemoryStore: Block broadcast_0 stored as values in memory (estimated size 11.0 KiB, free 434.4 MiB)
[2024-10-02T19:42:29.176+0000] {spark_submit.py:488} INFO - 24/10/02 19:42:29 INFO MemoryStore: Block broadcast_0_piece0 stored as bytes in memory (estimated size 7.0 KiB, free 434.4 MiB)
[2024-10-02T19:42:29.183+0000] {spark_submit.py:488} INFO - 24/10/02 19:42:29 INFO BlockManagerInfo: Added broadcast_0_piece0 in memory on 19cd1516b3ca:34469 (size: 7.0 KiB, free: 434.4 MiB)
[2024-10-02T19:42:29.216+0000] {spark_submit.py:488} INFO - 24/10/02 19:42:29 INFO SparkContext: Created broadcast 0 from broadcast at DAGScheduler.scala:1585
[2024-10-02T19:42:29.330+0000] {spark_submit.py:488} INFO - 24/10/02 19:42:29 INFO DAGScheduler: Submitting 2 missing tasks from ShuffleMapStage 0 (PairwiseRDD[2] at reduceByKey at /opt/***/jobs/wordcountjob.py:22) (first 15 tasks are for partitions Vector(0, 1))
[2024-10-02T19:42:29.338+0000] {spark_submit.py:488} INFO - 24/10/02 19:42:29 INFO TaskSchedulerImpl: Adding task set 0.0 with 2 tasks resource profile 0
[2024-10-02T19:42:33.098+0000] {spark_submit.py:488} INFO - 24/10/02 19:42:33 INFO StandaloneSchedulerBackend$StandaloneDriverEndpoint: Registered executor NettyRpcEndpointRef(spark-client://Executor) (172.20.0.10:49822) with ID 0,  ResourceProfileId 0
[2024-10-02T19:42:33.282+0000] {spark_submit.py:488} INFO - 24/10/02 19:42:33 INFO BlockManagerMasterEndpoint: Registering block manager 172.20.0.10:40383 with 434.4 MiB RAM, BlockManagerId(0, 172.20.0.10, 40383, None)
[2024-10-02T19:42:33.425+0000] {spark_submit.py:488} INFO - 24/10/02 19:42:33 INFO TaskSetManager: Starting task 0.0 in stage 0.0 (TID 0) (172.20.0.10, executor 0, partition 0, PROCESS_LOCAL, 9098 bytes)
[2024-10-02T19:42:33.433+0000] {spark_submit.py:488} INFO - 24/10/02 19:42:33 INFO TaskSetManager: Starting task 1.0 in stage 0.0 (TID 1) (172.20.0.10, executor 0, partition 1, PROCESS_LOCAL, 9127 bytes)
[2024-10-02T19:42:33.897+0000] {spark_submit.py:488} INFO - 24/10/02 19:42:33 INFO BlockManagerInfo: Added broadcast_0_piece0 in memory on 172.20.0.10:40383 (size: 7.0 KiB, free: 434.4 MiB)
[2024-10-02T19:42:35.948+0000] {spark_submit.py:488} INFO - 24/10/02 19:42:35 INFO TaskSetManager: Finished task 1.0 in stage 0.0 (TID 1) in 2516 ms on 172.20.0.10 (executor 0) (1/2)
[2024-10-02T19:42:35.951+0000] {spark_submit.py:488} INFO - 24/10/02 19:42:35 INFO TaskSetManager: Finished task 0.0 in stage 0.0 (TID 0) in 2554 ms on 172.20.0.10 (executor 0) (2/2)
[2024-10-02T19:42:35.953+0000] {spark_submit.py:488} INFO - 24/10/02 19:42:35 INFO TaskSchedulerImpl: Removed TaskSet 0.0, whose tasks have all completed, from pool
[2024-10-02T19:42:35.958+0000] {spark_submit.py:488} INFO - 24/10/02 19:42:35 INFO PythonAccumulatorV2: Connected to AccumulatorServer at host: 127.0.0.1 port: 40021
[2024-10-02T19:42:35.968+0000] {spark_submit.py:488} INFO - 24/10/02 19:42:35 INFO DAGScheduler: ShuffleMapStage 0 (reduceByKey at /opt/***/jobs/wordcountjob.py:22) finished in 7.302 s
[2024-10-02T19:42:35.969+0000] {spark_submit.py:488} INFO - 24/10/02 19:42:35 INFO DAGScheduler: looking for newly runnable stages
[2024-10-02T19:42:35.970+0000] {spark_submit.py:488} INFO - 24/10/02 19:42:35 INFO DAGScheduler: running: Set()
[2024-10-02T19:42:35.971+0000] {spark_submit.py:488} INFO - 24/10/02 19:42:35 INFO DAGScheduler: waiting: Set(ResultStage 1)
[2024-10-02T19:42:35.972+0000] {spark_submit.py:488} INFO - 24/10/02 19:42:35 INFO DAGScheduler: failed: Set()
[2024-10-02T19:42:35.979+0000] {spark_submit.py:488} INFO - 24/10/02 19:42:35 INFO DAGScheduler: Submitting ResultStage 1 (PythonRDD[5] at collect at /opt/***/jobs/wordcountjob.py:24), which has no missing parents
[2024-10-02T19:42:35.997+0000] {spark_submit.py:488} INFO - 24/10/02 19:42:35 INFO MemoryStore: Block broadcast_1 stored as values in memory (estimated size 10.1 KiB, free 434.4 MiB)
[2024-10-02T19:42:36.001+0000] {spark_submit.py:488} INFO - 24/10/02 19:42:36 INFO MemoryStore: Block broadcast_1_piece0 stored as bytes in memory (estimated size 6.0 KiB, free 434.4 MiB)
[2024-10-02T19:42:36.002+0000] {spark_submit.py:488} INFO - 24/10/02 19:42:36 INFO BlockManagerInfo: Added broadcast_1_piece0 in memory on 19cd1516b3ca:34469 (size: 6.0 KiB, free: 434.4 MiB)
[2024-10-02T19:42:36.004+0000] {spark_submit.py:488} INFO - 24/10/02 19:42:36 INFO SparkContext: Created broadcast 1 from broadcast at DAGScheduler.scala:1585
[2024-10-02T19:42:36.008+0000] {spark_submit.py:488} INFO - 24/10/02 19:42:36 INFO DAGScheduler: Submitting 2 missing tasks from ResultStage 1 (PythonRDD[5] at collect at /opt/***/jobs/wordcountjob.py:24) (first 15 tasks are for partitions Vector(0, 1))
[2024-10-02T19:42:36.008+0000] {spark_submit.py:488} INFO - 24/10/02 19:42:36 INFO TaskSchedulerImpl: Adding task set 1.0 with 2 tasks resource profile 0
[2024-10-02T19:42:36.020+0000] {spark_submit.py:488} INFO - 24/10/02 19:42:36 INFO TaskSetManager: Starting task 0.0 in stage 1.0 (TID 2) (172.20.0.10, executor 0, partition 0, NODE_LOCAL, 8821 bytes)
[2024-10-02T19:42:36.022+0000] {spark_submit.py:488} INFO - 24/10/02 19:42:36 INFO TaskSetManager: Starting task 1.0 in stage 1.0 (TID 3) (172.20.0.10, executor 0, partition 1, NODE_LOCAL, 8821 bytes)
[2024-10-02T19:42:36.063+0000] {spark_submit.py:488} INFO - 24/10/02 19:42:36 INFO BlockManagerInfo: Added broadcast_1_piece0 in memory on 172.20.0.10:40383 (size: 6.0 KiB, free: 434.4 MiB)
[2024-10-02T19:42:36.192+0000] {spark_submit.py:488} INFO - 24/10/02 19:42:36 INFO MapOutputTrackerMasterEndpoint: Asked to send map output locations for shuffle 0 to 172.20.0.10:49822
[2024-10-02T19:42:36.506+0000] {spark_submit.py:488} INFO - 24/10/02 19:42:36 INFO TaskSetManager: Finished task 1.0 in stage 1.0 (TID 3) in 485 ms on 172.20.0.10 (executor 0) (1/2)
[2024-10-02T19:42:36.521+0000] {spark_submit.py:488} INFO - 24/10/02 19:42:36 INFO TaskSetManager: Finished task 0.0 in stage 1.0 (TID 2) in 506 ms on 172.20.0.10 (executor 0) (2/2)
[2024-10-02T19:42:36.522+0000] {spark_submit.py:488} INFO - 24/10/02 19:42:36 INFO TaskSchedulerImpl: Removed TaskSet 1.0, whose tasks have all completed, from pool
[2024-10-02T19:42:36.525+0000] {spark_submit.py:488} INFO - 24/10/02 19:42:36 INFO DAGScheduler: ResultStage 1 (collect at /opt/***/jobs/wordcountjob.py:24) finished in 0.531 s
[2024-10-02T19:42:36.536+0000] {spark_submit.py:488} INFO - 24/10/02 19:42:36 INFO DAGScheduler: Job 0 is finished. Cancelling potential speculative or zombie tasks for this job
[2024-10-02T19:42:36.537+0000] {spark_submit.py:488} INFO - 24/10/02 19:42:36 INFO TaskSchedulerImpl: Killing all running tasks in stage 1: Stage finished
[2024-10-02T19:42:36.543+0000] {spark_submit.py:488} INFO - 24/10/02 19:42:36 INFO DAGScheduler: Job 0 finished: collect at /opt/***/jobs/wordcountjob.py:24, took 8.166552 s
[2024-10-02T19:42:36.585+0000] {spark_submit.py:488} INFO - l: 11
[2024-10-02T19:42:36.586+0000] {spark_submit.py:488} INFO - o: 8
[2024-10-02T19:42:36.587+0000] {spark_submit.py:488} INFO - : 10
[2024-10-02T19:42:36.588+0000] {spark_submit.py:488} INFO - S: 1
[2024-10-02T19:42:36.589+0000] {spark_submit.py:488} INFO - p: 1
[2024-10-02T19:42:36.591+0000] {spark_submit.py:488} INFO - t: 1
[2024-10-02T19:42:36.592+0000] {spark_submit.py:488} INFO - A: 1
[2024-10-02T19:42:36.593+0000] {spark_submit.py:488} INFO - D: 1
[2024-10-02T19:42:36.594+0000] {spark_submit.py:488} INFO - c: 1
[2024-10-02T19:42:36.595+0000] {spark_submit.py:488} INFO - d: 1
[2024-10-02T19:42:36.596+0000] {spark_submit.py:488} INFO - H: 5
[2024-10-02T19:42:36.597+0000] {spark_submit.py:488} INFO - e: 6
[2024-10-02T19:42:36.597+0000] {spark_submit.py:488} INFO - a: 2
[2024-10-02T19:42:36.598+0000] {spark_submit.py:488} INFO - r: 3
[2024-10-02T19:42:36.598+0000] {spark_submit.py:488} INFO - k: 2
[2024-10-02T19:42:36.599+0000] {spark_submit.py:488} INFO - P: 1
[2024-10-02T19:42:36.600+0000] {spark_submit.py:488} INFO - y: 1
[2024-10-02T19:42:36.601+0000] {spark_submit.py:488} INFO - h: 1
[2024-10-02T19:42:36.602+0000] {spark_submit.py:488} INFO - n: 2
[2024-10-02T19:42:36.602+0000] {spark_submit.py:488} INFO - i: 1
[2024-10-02T19:42:36.603+0000] {spark_submit.py:488} INFO - f: 2
[2024-10-02T19:42:36.603+0000] {spark_submit.py:488} INFO - w: 1
[2024-10-02T19:42:36.604+0000] {spark_submit.py:488} INFO - Y: 1
[2024-10-02T19:42:36.604+0000] {spark_submit.py:488} INFO - u: 2
[2024-10-02T19:42:36.605+0000] {spark_submit.py:488} INFO - s: 1
[2024-10-02T19:42:36.606+0000] {spark_submit.py:488} INFO - 24/10/02 19:42:36 INFO SparkContext: SparkContext is stopping with exitCode 0.
[2024-10-02T19:42:36.608+0000] {spark_submit.py:488} INFO - 24/10/02 19:42:36 INFO SparkUI: Stopped Spark web UI at http://19cd1516b3ca:4041
[2024-10-02T19:42:36.617+0000] {spark_submit.py:488} INFO - 24/10/02 19:42:36 INFO StandaloneSchedulerBackend: Shutting down all executors
[2024-10-02T19:42:36.619+0000] {spark_submit.py:488} INFO - 24/10/02 19:42:36 INFO StandaloneSchedulerBackend$StandaloneDriverEndpoint: Asking each executor to shut down
[2024-10-02T19:42:36.691+0000] {spark_submit.py:488} INFO - 24/10/02 19:42:36 INFO MapOutputTrackerMasterEndpoint: MapOutputTrackerMasterEndpoint stopped!
[2024-10-02T19:42:36.750+0000] {spark_submit.py:488} INFO - 24/10/02 19:42:36 INFO MemoryStore: MemoryStore cleared
[2024-10-02T19:42:36.753+0000] {spark_submit.py:488} INFO - 24/10/02 19:42:36 INFO BlockManager: BlockManager stopped
[2024-10-02T19:42:36.768+0000] {spark_submit.py:488} INFO - 24/10/02 19:42:36 INFO BlockManagerMaster: BlockManagerMaster stopped
[2024-10-02T19:42:36.771+0000] {spark_submit.py:488} INFO - 24/10/02 19:42:36 INFO OutputCommitCoordinator$OutputCommitCoordinatorEndpoint: OutputCommitCoordinator stopped!
[2024-10-02T19:42:36.787+0000] {spark_submit.py:488} INFO - 24/10/02 19:42:36 INFO SparkContext: Successfully stopped SparkContext
[2024-10-02T19:42:37.595+0000] {spark_submit.py:488} INFO - 24/10/02 19:42:37 INFO ShutdownHookManager: Shutdown hook called
[2024-10-02T19:42:37.596+0000] {spark_submit.py:488} INFO - 24/10/02 19:42:37 INFO ShutdownHookManager: Deleting directory /tmp/spark-f0576c60-1b01-47f0-ade9-f4cc948c2a88
[2024-10-02T19:42:37.600+0000] {spark_submit.py:488} INFO - 24/10/02 19:42:37 INFO ShutdownHookManager: Deleting directory /tmp/spark-7a384b84-fd7a-402e-86b7-d1383c42211a
[2024-10-02T19:42:37.603+0000] {spark_submit.py:488} INFO - 24/10/02 19:42:37 INFO ShutdownHookManager: Deleting directory /tmp/spark-7a384b84-fd7a-402e-86b7-d1383c42211a/pyspark-f1186cfe-b786-40cd-a497-7c646fea0ec7
[2024-10-02T19:42:37.656+0000] {taskinstance.py:340} INFO - ::group::Post task execution logs
[2024-10-02T19:42:37.657+0000] {taskinstance.py:352} INFO - Marking task as SUCCESS. dag_id=sparking_flow, task_id=character_count_job, run_id=manual__2024-10-02T19:41:53.153031+00:00, execution_date=20241002T194153, start_date=20241002T194213, end_date=20241002T194237
[2024-10-02T19:42:37.706+0000] {local_task_job_runner.py:266} INFO - Task exited with return code 0
[2024-10-02T19:42:37.752+0000] {taskinstance.py:3900} INFO - 1 downstream tasks scheduled from follow-on schedule check
[2024-10-02T19:42:37.755+0000] {local_task_job_runner.py:245} INFO - ::endgroup::
