[2024-10-02T17:15:49.281+0000] {local_task_job_runner.py:123} INFO - ::group::Pre task execution logs
[2024-10-02T17:15:49.376+0000] {taskinstance.py:2612} INFO - Dependencies all met for dep_context=non-requeueable deps ti=<TaskInstance: etl_pipeline.staging.dellstore_db.extract.cust_hist manual__2024-10-02T17:10:54.658014+00:00 [queued]>
[2024-10-02T17:15:49.408+0000] {taskinstance.py:2612} INFO - Dependencies all met for dep_context=requeueable deps ti=<TaskInstance: etl_pipeline.staging.dellstore_db.extract.cust_hist manual__2024-10-02T17:10:54.658014+00:00 [queued]>
[2024-10-02T17:15:49.409+0000] {taskinstance.py:2865} INFO - Starting attempt 2 of 2
[2024-10-02T17:15:49.470+0000] {taskinstance.py:2888} INFO - Executing <Task(PythonOperator): staging.dellstore_db.extract.cust_hist> on 2024-10-02 17:10:54.658014+00:00
[2024-10-02T17:15:49.480+0000] {clientserver.py:543} INFO - Closing down clientserver connection
[2024-10-02T17:15:49.488+0000] {standard_task_runner.py:104} INFO - Running: ['***', 'tasks', 'run', 'etl_pipeline', 'staging.dellstore_db.extract.cust_hist', 'manual__2024-10-02T17:10:54.658014+00:00', '--job-id', '13424', '--raw', '--subdir', 'DAGS_FOLDER/etl_pipeline/run.py', '--cfg-path', '/tmp/tmpi76xzq0y']
[2024-10-02T17:15:49.491+0000] {standard_task_runner.py:105} INFO - Job 13424: Subtask staging.dellstore_db.extract.cust_hist
[2024-10-02T17:15:49.491+0000] {logging_mixin.py:190} WARNING - /home/***/.local/lib/python3.12/site-packages/***/task/task_runner/standard_task_runner.py:70 DeprecationWarning: This process (pid=15658) is multi-threaded, use of fork() may lead to deadlocks in the child.
[2024-10-02T17:15:49.492+0000] {standard_task_runner.py:72} INFO - Started process 15773 to run task
[2024-10-02T17:15:49.586+0000] {task_command.py:467} INFO - Running <TaskInstance: etl_pipeline.staging.dellstore_db.extract.cust_hist manual__2024-10-02T17:10:54.658014+00:00 [running]> on host 19cd1516b3ca
[2024-10-02T17:15:49.982+0000] {taskinstance.py:3131} INFO - Exporting env vars: AIRFLOW_CTX_DAG_OWNER='***' AIRFLOW_CTX_DAG_ID='etl_pipeline' AIRFLOW_CTX_TASK_ID='staging.dellstore_db.extract.cust_hist' AIRFLOW_CTX_EXECUTION_DATE='2024-10-02T17:10:54.658014+00:00' AIRFLOW_CTX_TRY_NUMBER='2' AIRFLOW_CTX_DAG_RUN_ID='manual__2024-10-02T17:10:54.658014+00:00'
[2024-10-02T17:15:49.983+0000] {taskinstance.py:731} INFO - ::endgroup::
[2024-10-02T17:15:50.005+0000] {base.py:84} INFO - Retrieving connection 'dellstore_db'
[2024-10-02T17:15:50.504+0000] {base.py:84} INFO - Retrieving connection 'minio'
[2024-10-02T17:15:50.566+0000] {python.py:240} INFO - Done. Returned value was: None
[2024-10-02T17:15:50.586+0000] {taskinstance.py:340} INFO - ::group::Post task execution logs
[2024-10-02T17:15:50.587+0000] {taskinstance.py:352} INFO - Marking task as SUCCESS. dag_id=etl_pipeline, task_id=staging.dellstore_db.extract.cust_hist, run_id=manual__2024-10-02T17:10:54.658014+00:00, execution_date=20241002T171054, start_date=20241002T171549, end_date=20241002T171550
[2024-10-02T17:15:50.632+0000] {local_task_job_runner.py:266} INFO - Task exited with return code 0
[2024-10-02T17:15:50.913+0000] {taskinstance.py:3900} INFO - 0 downstream tasks scheduled from follow-on schedule check
[2024-10-02T17:15:50.920+0000] {local_task_job_runner.py:245} INFO - ::endgroup::
