[2024-10-02T16:38:49.964+0000] {processor.py:186} INFO - Started process (PID=248) to work on /opt/airflow/dags/profiling_quality_init/run.py
[2024-10-02T16:38:49.966+0000] {processor.py:914} INFO - Processing file /opt/airflow/dags/profiling_quality_init/run.py for tasks to queue
[2024-10-02T16:38:49.975+0000] {logging_mixin.py:190} INFO - [2024-10-02T16:38:49.974+0000] {dagbag.py:588} INFO - Filling up the DagBag from /opt/airflow/dags/profiling_quality_init/run.py
[2024-10-02T16:38:51.075+0000] {processor.py:925} INFO - DAG(s) 'profiling_quality_init' retrieved from /opt/airflow/dags/profiling_quality_init/run.py
[2024-10-02T16:38:51.109+0000] {logging_mixin.py:190} INFO - [2024-10-02T16:38:51.108+0000] {dag.py:3239} INFO - Sync 1 DAGs
[2024-10-02T16:38:51.168+0000] {logging_mixin.py:190} INFO - [2024-10-02T16:38:51.168+0000] {dag.py:4180} INFO - Setting next_dagrun for profiling_quality_init to 2024-09-01 00:00:00+00:00, run_after=2024-09-01 00:00:00+00:00
[2024-10-02T16:38:51.228+0000] {processor.py:208} INFO - Processing /opt/airflow/dags/profiling_quality_init/run.py took 1.281 seconds
[2024-10-02T16:40:00.939+0000] {processor.py:186} INFO - Started process (PID=254) to work on /opt/airflow/dags/profiling_quality_init/run.py
[2024-10-02T16:40:00.942+0000] {processor.py:914} INFO - Processing file /opt/airflow/dags/profiling_quality_init/run.py for tasks to queue
[2024-10-02T16:40:00.948+0000] {logging_mixin.py:190} INFO - [2024-10-02T16:40:00.947+0000] {dagbag.py:588} INFO - Filling up the DagBag from /opt/airflow/dags/profiling_quality_init/run.py
[2024-10-02T16:40:02.432+0000] {processor.py:925} INFO - DAG(s) 'profiling_quality_init' retrieved from /opt/airflow/dags/profiling_quality_init/run.py
[2024-10-02T16:40:02.836+0000] {logging_mixin.py:190} INFO - [2024-10-02T16:40:02.834+0000] {dag.py:3239} INFO - Sync 1 DAGs
[2024-10-02T16:40:02.896+0000] {logging_mixin.py:190} INFO - [2024-10-02T16:40:02.895+0000] {dag.py:4180} INFO - Setting next_dagrun for profiling_quality_init to 2024-09-01 00:00:00+00:00, run_after=2024-09-01 00:00:00+00:00
[2024-10-02T16:40:02.947+0000] {processor.py:208} INFO - Processing /opt/airflow/dags/profiling_quality_init/run.py took 2.028 seconds
[2024-10-02T16:40:33.276+0000] {processor.py:186} INFO - Started process (PID=325) to work on /opt/airflow/dags/profiling_quality_init/run.py
[2024-10-02T16:40:33.279+0000] {processor.py:914} INFO - Processing file /opt/airflow/dags/profiling_quality_init/run.py for tasks to queue
[2024-10-02T16:40:33.286+0000] {logging_mixin.py:190} INFO - [2024-10-02T16:40:33.284+0000] {dagbag.py:588} INFO - Filling up the DagBag from /opt/airflow/dags/profiling_quality_init/run.py
[2024-10-02T16:40:34.782+0000] {processor.py:925} INFO - DAG(s) 'profiling_quality_init' retrieved from /opt/airflow/dags/profiling_quality_init/run.py
[2024-10-02T16:40:34.849+0000] {logging_mixin.py:190} INFO - [2024-10-02T16:40:34.848+0000] {dag.py:3239} INFO - Sync 1 DAGs
[2024-10-02T16:40:34.945+0000] {logging_mixin.py:190} INFO - [2024-10-02T16:40:34.944+0000] {dag.py:4180} INFO - Setting next_dagrun for profiling_quality_init to 2024-09-01 00:00:00+00:00, run_after=2024-09-01 00:00:00+00:00
[2024-10-02T16:40:34.993+0000] {processor.py:208} INFO - Processing /opt/airflow/dags/profiling_quality_init/run.py took 1.736 seconds
[2024-10-02T16:41:05.733+0000] {processor.py:186} INFO - Started process (PID=403) to work on /opt/airflow/dags/profiling_quality_init/run.py
[2024-10-02T16:41:05.758+0000] {processor.py:914} INFO - Processing file /opt/airflow/dags/profiling_quality_init/run.py for tasks to queue
[2024-10-02T16:41:05.769+0000] {logging_mixin.py:190} INFO - [2024-10-02T16:41:05.763+0000] {dagbag.py:588} INFO - Filling up the DagBag from /opt/airflow/dags/profiling_quality_init/run.py
[2024-10-02T16:41:07.179+0000] {processor.py:925} INFO - DAG(s) 'profiling_quality_init' retrieved from /opt/airflow/dags/profiling_quality_init/run.py
[2024-10-02T16:41:07.273+0000] {logging_mixin.py:190} INFO - [2024-10-02T16:41:07.272+0000] {dag.py:3239} INFO - Sync 1 DAGs
[2024-10-02T16:41:07.330+0000] {logging_mixin.py:190} INFO - [2024-10-02T16:41:07.329+0000] {dag.py:4180} INFO - Setting next_dagrun for profiling_quality_init to 2024-09-01 00:00:00+00:00, run_after=2024-09-01 00:00:00+00:00
[2024-10-02T16:41:07.386+0000] {processor.py:208} INFO - Processing /opt/airflow/dags/profiling_quality_init/run.py took 1.700 seconds
[2024-10-02T16:41:37.650+0000] {processor.py:186} INFO - Started process (PID=472) to work on /opt/airflow/dags/profiling_quality_init/run.py
[2024-10-02T16:41:37.653+0000] {processor.py:914} INFO - Processing file /opt/airflow/dags/profiling_quality_init/run.py for tasks to queue
[2024-10-02T16:41:37.658+0000] {logging_mixin.py:190} INFO - [2024-10-02T16:41:37.657+0000] {dagbag.py:588} INFO - Filling up the DagBag from /opt/airflow/dags/profiling_quality_init/run.py
[2024-10-02T16:41:38.995+0000] {processor.py:925} INFO - DAG(s) 'profiling_quality_init' retrieved from /opt/airflow/dags/profiling_quality_init/run.py
[2024-10-02T16:41:39.051+0000] {logging_mixin.py:190} INFO - [2024-10-02T16:41:39.050+0000] {dag.py:3239} INFO - Sync 1 DAGs
[2024-10-02T16:41:39.131+0000] {logging_mixin.py:190} INFO - [2024-10-02T16:41:39.131+0000] {dag.py:4180} INFO - Setting next_dagrun for profiling_quality_init to 2024-09-01 00:00:00+00:00, run_after=2024-09-01 00:00:00+00:00
[2024-10-02T16:41:39.185+0000] {processor.py:208} INFO - Processing /opt/airflow/dags/profiling_quality_init/run.py took 1.551 seconds
[2024-10-02T16:42:09.592+0000] {processor.py:186} INFO - Started process (PID=541) to work on /opt/airflow/dags/profiling_quality_init/run.py
[2024-10-02T16:42:09.605+0000] {processor.py:914} INFO - Processing file /opt/airflow/dags/profiling_quality_init/run.py for tasks to queue
[2024-10-02T16:42:09.610+0000] {logging_mixin.py:190} INFO - [2024-10-02T16:42:09.610+0000] {dagbag.py:588} INFO - Filling up the DagBag from /opt/airflow/dags/profiling_quality_init/run.py
[2024-10-02T16:42:11.006+0000] {processor.py:925} INFO - DAG(s) 'profiling_quality_init' retrieved from /opt/airflow/dags/profiling_quality_init/run.py
[2024-10-02T16:42:11.096+0000] {logging_mixin.py:190} INFO - [2024-10-02T16:42:11.095+0000] {dag.py:3239} INFO - Sync 1 DAGs
[2024-10-02T16:42:11.159+0000] {logging_mixin.py:190} INFO - [2024-10-02T16:42:11.158+0000] {dag.py:4180} INFO - Setting next_dagrun for profiling_quality_init to 2024-09-01 00:00:00+00:00, run_after=2024-09-01 00:00:00+00:00
[2024-10-02T16:42:11.201+0000] {processor.py:208} INFO - Processing /opt/airflow/dags/profiling_quality_init/run.py took 1.627 seconds
[2024-10-02T16:42:41.507+0000] {processor.py:186} INFO - Started process (PID=610) to work on /opt/airflow/dags/profiling_quality_init/run.py
[2024-10-02T16:42:41.509+0000] {processor.py:914} INFO - Processing file /opt/airflow/dags/profiling_quality_init/run.py for tasks to queue
[2024-10-02T16:42:41.515+0000] {logging_mixin.py:190} INFO - [2024-10-02T16:42:41.514+0000] {dagbag.py:588} INFO - Filling up the DagBag from /opt/airflow/dags/profiling_quality_init/run.py
[2024-10-02T16:42:42.886+0000] {processor.py:925} INFO - DAG(s) 'profiling_quality_init' retrieved from /opt/airflow/dags/profiling_quality_init/run.py
[2024-10-02T16:42:42.945+0000] {logging_mixin.py:190} INFO - [2024-10-02T16:42:42.944+0000] {dag.py:3239} INFO - Sync 1 DAGs
[2024-10-02T16:42:43.029+0000] {logging_mixin.py:190} INFO - [2024-10-02T16:42:43.028+0000] {dag.py:4180} INFO - Setting next_dagrun for profiling_quality_init to 2024-09-01 00:00:00+00:00, run_after=2024-09-01 00:00:00+00:00
[2024-10-02T16:42:43.081+0000] {processor.py:208} INFO - Processing /opt/airflow/dags/profiling_quality_init/run.py took 1.592 seconds
[2024-10-02T16:43:14.019+0000] {processor.py:186} INFO - Started process (PID=679) to work on /opt/airflow/dags/profiling_quality_init/run.py
[2024-10-02T16:43:14.025+0000] {processor.py:914} INFO - Processing file /opt/airflow/dags/profiling_quality_init/run.py for tasks to queue
[2024-10-02T16:43:14.035+0000] {logging_mixin.py:190} INFO - [2024-10-02T16:43:14.034+0000] {dagbag.py:588} INFO - Filling up the DagBag from /opt/airflow/dags/profiling_quality_init/run.py
[2024-10-02T16:43:17.004+0000] {processor.py:925} INFO - DAG(s) 'profiling_quality_init' retrieved from /opt/airflow/dags/profiling_quality_init/run.py
[2024-10-02T16:43:17.083+0000] {logging_mixin.py:190} INFO - [2024-10-02T16:43:17.081+0000] {dag.py:3239} INFO - Sync 1 DAGs
[2024-10-02T16:43:17.169+0000] {logging_mixin.py:190} INFO - [2024-10-02T16:43:17.169+0000] {dag.py:4180} INFO - Setting next_dagrun for profiling_quality_init to 2024-09-01 00:00:00+00:00, run_after=2024-09-01 00:00:00+00:00
[2024-10-02T16:43:17.281+0000] {processor.py:208} INFO - Processing /opt/airflow/dags/profiling_quality_init/run.py took 3.303 seconds
[2024-10-02T16:43:47.554+0000] {processor.py:186} INFO - Started process (PID=748) to work on /opt/airflow/dags/profiling_quality_init/run.py
[2024-10-02T16:43:47.557+0000] {processor.py:914} INFO - Processing file /opt/airflow/dags/profiling_quality_init/run.py for tasks to queue
[2024-10-02T16:43:47.566+0000] {logging_mixin.py:190} INFO - [2024-10-02T16:43:47.565+0000] {dagbag.py:588} INFO - Filling up the DagBag from /opt/airflow/dags/profiling_quality_init/run.py
[2024-10-02T16:43:49.029+0000] {processor.py:925} INFO - DAG(s) 'profiling_quality_init' retrieved from /opt/airflow/dags/profiling_quality_init/run.py
[2024-10-02T16:43:49.095+0000] {logging_mixin.py:190} INFO - [2024-10-02T16:43:49.094+0000] {dag.py:3239} INFO - Sync 1 DAGs
[2024-10-02T16:43:49.151+0000] {logging_mixin.py:190} INFO - [2024-10-02T16:43:49.150+0000] {dag.py:4180} INFO - Setting next_dagrun for profiling_quality_init to 2024-09-01 00:00:00+00:00, run_after=2024-09-01 00:00:00+00:00
[2024-10-02T16:43:49.192+0000] {processor.py:208} INFO - Processing /opt/airflow/dags/profiling_quality_init/run.py took 1.661 seconds
[2024-10-02T16:44:22.390+0000] {processor.py:186} INFO - Started process (PID=818) to work on /opt/airflow/dags/profiling_quality_init/run.py
[2024-10-02T16:44:22.402+0000] {processor.py:914} INFO - Processing file /opt/airflow/dags/profiling_quality_init/run.py for tasks to queue
[2024-10-02T16:44:22.409+0000] {logging_mixin.py:190} INFO - [2024-10-02T16:44:22.408+0000] {dagbag.py:588} INFO - Filling up the DagBag from /opt/airflow/dags/profiling_quality_init/run.py
[2024-10-02T16:44:24.561+0000] {processor.py:925} INFO - DAG(s) 'profiling_quality_init' retrieved from /opt/airflow/dags/profiling_quality_init/run.py
[2024-10-02T16:44:24.668+0000] {logging_mixin.py:190} INFO - [2024-10-02T16:44:24.666+0000] {dag.py:3239} INFO - Sync 1 DAGs
[2024-10-02T16:44:24.779+0000] {logging_mixin.py:190} INFO - [2024-10-02T16:44:24.778+0000] {dag.py:4180} INFO - Setting next_dagrun for profiling_quality_init to 2024-09-01 00:00:00+00:00, run_after=2024-09-01 00:00:00+00:00
[2024-10-02T16:44:24.840+0000] {processor.py:208} INFO - Processing /opt/airflow/dags/profiling_quality_init/run.py took 2.502 seconds
[2024-10-02T16:44:56.013+0000] {processor.py:186} INFO - Started process (PID=887) to work on /opt/airflow/dags/profiling_quality_init/run.py
[2024-10-02T16:44:56.016+0000] {processor.py:914} INFO - Processing file /opt/airflow/dags/profiling_quality_init/run.py for tasks to queue
[2024-10-02T16:44:56.028+0000] {logging_mixin.py:190} INFO - [2024-10-02T16:44:56.027+0000] {dagbag.py:588} INFO - Filling up the DagBag from /opt/airflow/dags/profiling_quality_init/run.py
[2024-10-02T16:44:57.600+0000] {processor.py:925} INFO - DAG(s) 'profiling_quality_init' retrieved from /opt/airflow/dags/profiling_quality_init/run.py
[2024-10-02T16:44:57.681+0000] {logging_mixin.py:190} INFO - [2024-10-02T16:44:57.680+0000] {dag.py:3239} INFO - Sync 1 DAGs
[2024-10-02T16:44:57.755+0000] {logging_mixin.py:190} INFO - [2024-10-02T16:44:57.754+0000] {dag.py:4180} INFO - Setting next_dagrun for profiling_quality_init to 2024-09-01 00:00:00+00:00, run_after=2024-09-01 00:00:00+00:00
[2024-10-02T16:44:57.794+0000] {processor.py:208} INFO - Processing /opt/airflow/dags/profiling_quality_init/run.py took 1.817 seconds
[2024-10-02T16:45:28.638+0000] {processor.py:186} INFO - Started process (PID=956) to work on /opt/airflow/dags/profiling_quality_init/run.py
[2024-10-02T16:45:28.641+0000] {processor.py:914} INFO - Processing file /opt/airflow/dags/profiling_quality_init/run.py for tasks to queue
[2024-10-02T16:45:28.652+0000] {logging_mixin.py:190} INFO - [2024-10-02T16:45:28.648+0000] {dagbag.py:588} INFO - Filling up the DagBag from /opt/airflow/dags/profiling_quality_init/run.py
[2024-10-02T16:45:31.051+0000] {processor.py:925} INFO - DAG(s) 'profiling_quality_init' retrieved from /opt/airflow/dags/profiling_quality_init/run.py
[2024-10-02T16:45:31.149+0000] {logging_mixin.py:190} INFO - [2024-10-02T16:45:31.148+0000] {dag.py:3239} INFO - Sync 1 DAGs
[2024-10-02T16:45:31.253+0000] {logging_mixin.py:190} INFO - [2024-10-02T16:45:31.252+0000] {dag.py:4180} INFO - Setting next_dagrun for profiling_quality_init to 2024-09-01 00:00:00+00:00, run_after=2024-09-01 00:00:00+00:00
[2024-10-02T16:45:31.317+0000] {processor.py:208} INFO - Processing /opt/airflow/dags/profiling_quality_init/run.py took 2.713 seconds
[2024-10-02T16:46:01.965+0000] {processor.py:186} INFO - Started process (PID=1025) to work on /opt/airflow/dags/profiling_quality_init/run.py
[2024-10-02T16:46:01.967+0000] {processor.py:914} INFO - Processing file /opt/airflow/dags/profiling_quality_init/run.py for tasks to queue
[2024-10-02T16:46:01.981+0000] {logging_mixin.py:190} INFO - [2024-10-02T16:46:01.980+0000] {dagbag.py:588} INFO - Filling up the DagBag from /opt/airflow/dags/profiling_quality_init/run.py
[2024-10-02T16:46:03.492+0000] {processor.py:925} INFO - DAG(s) 'profiling_quality_init' retrieved from /opt/airflow/dags/profiling_quality_init/run.py
[2024-10-02T16:46:03.577+0000] {logging_mixin.py:190} INFO - [2024-10-02T16:46:03.576+0000] {dag.py:3239} INFO - Sync 1 DAGs
[2024-10-02T16:46:03.658+0000] {logging_mixin.py:190} INFO - [2024-10-02T16:46:03.657+0000] {dag.py:4180} INFO - Setting next_dagrun for profiling_quality_init to 2024-09-01 00:00:00+00:00, run_after=2024-09-01 00:00:00+00:00
[2024-10-02T16:46:03.713+0000] {processor.py:208} INFO - Processing /opt/airflow/dags/profiling_quality_init/run.py took 1.779 seconds
[2024-10-02T16:46:36.490+0000] {processor.py:186} INFO - Started process (PID=1094) to work on /opt/airflow/dags/profiling_quality_init/run.py
[2024-10-02T16:46:36.494+0000] {processor.py:914} INFO - Processing file /opt/airflow/dags/profiling_quality_init/run.py for tasks to queue
[2024-10-02T16:46:36.505+0000] {logging_mixin.py:190} INFO - [2024-10-02T16:46:36.501+0000] {dagbag.py:588} INFO - Filling up the DagBag from /opt/airflow/dags/profiling_quality_init/run.py
[2024-10-02T16:46:38.526+0000] {processor.py:925} INFO - DAG(s) 'profiling_quality_init' retrieved from /opt/airflow/dags/profiling_quality_init/run.py
[2024-10-02T16:46:38.619+0000] {logging_mixin.py:190} INFO - [2024-10-02T16:46:38.617+0000] {dag.py:3239} INFO - Sync 1 DAGs
[2024-10-02T16:46:38.702+0000] {logging_mixin.py:190} INFO - [2024-10-02T16:46:38.700+0000] {dag.py:4180} INFO - Setting next_dagrun for profiling_quality_init to 2024-09-01 00:00:00+00:00, run_after=2024-09-01 00:00:00+00:00
[2024-10-02T16:46:38.756+0000] {processor.py:208} INFO - Processing /opt/airflow/dags/profiling_quality_init/run.py took 2.316 seconds
[2024-10-02T16:47:10.481+0000] {processor.py:186} INFO - Started process (PID=1163) to work on /opt/airflow/dags/profiling_quality_init/run.py
[2024-10-02T16:47:10.484+0000] {processor.py:914} INFO - Processing file /opt/airflow/dags/profiling_quality_init/run.py for tasks to queue
[2024-10-02T16:47:10.500+0000] {logging_mixin.py:190} INFO - [2024-10-02T16:47:10.498+0000] {dagbag.py:588} INFO - Filling up the DagBag from /opt/airflow/dags/profiling_quality_init/run.py
[2024-10-02T16:47:12.908+0000] {processor.py:925} INFO - DAG(s) 'profiling_quality_init' retrieved from /opt/airflow/dags/profiling_quality_init/run.py
[2024-10-02T16:47:13.014+0000] {logging_mixin.py:190} INFO - [2024-10-02T16:47:13.013+0000] {dag.py:3239} INFO - Sync 1 DAGs
[2024-10-02T16:47:13.114+0000] {logging_mixin.py:190} INFO - [2024-10-02T16:47:13.113+0000] {dag.py:4180} INFO - Setting next_dagrun for profiling_quality_init to 2024-09-01 00:00:00+00:00, run_after=2024-09-01 00:00:00+00:00
[2024-10-02T16:47:13.193+0000] {processor.py:208} INFO - Processing /opt/airflow/dags/profiling_quality_init/run.py took 2.751 seconds
[2024-10-02T16:47:44.407+0000] {processor.py:186} INFO - Started process (PID=1232) to work on /opt/airflow/dags/profiling_quality_init/run.py
[2024-10-02T16:47:44.413+0000] {processor.py:914} INFO - Processing file /opt/airflow/dags/profiling_quality_init/run.py for tasks to queue
[2024-10-02T16:47:44.421+0000] {logging_mixin.py:190} INFO - [2024-10-02T16:47:44.420+0000] {dagbag.py:588} INFO - Filling up the DagBag from /opt/airflow/dags/profiling_quality_init/run.py
[2024-10-02T16:47:46.379+0000] {processor.py:925} INFO - DAG(s) 'profiling_quality_init' retrieved from /opt/airflow/dags/profiling_quality_init/run.py
[2024-10-02T16:47:46.475+0000] {logging_mixin.py:190} INFO - [2024-10-02T16:47:46.474+0000] {dag.py:3239} INFO - Sync 1 DAGs
[2024-10-02T16:47:46.589+0000] {logging_mixin.py:190} INFO - [2024-10-02T16:47:46.589+0000] {dag.py:4180} INFO - Setting next_dagrun for profiling_quality_init to 2024-09-01 00:00:00+00:00, run_after=2024-09-01 00:00:00+00:00
[2024-10-02T16:47:46.691+0000] {processor.py:208} INFO - Processing /opt/airflow/dags/profiling_quality_init/run.py took 2.308 seconds
[2024-10-02T16:48:19.421+0000] {processor.py:186} INFO - Started process (PID=1318) to work on /opt/airflow/dags/profiling_quality_init/run.py
[2024-10-02T16:48:19.424+0000] {processor.py:914} INFO - Processing file /opt/airflow/dags/profiling_quality_init/run.py for tasks to queue
[2024-10-02T16:48:19.437+0000] {logging_mixin.py:190} INFO - [2024-10-02T16:48:19.435+0000] {dagbag.py:588} INFO - Filling up the DagBag from /opt/airflow/dags/profiling_quality_init/run.py
[2024-10-02T16:48:21.322+0000] {processor.py:925} INFO - DAG(s) 'profiling_quality_init' retrieved from /opt/airflow/dags/profiling_quality_init/run.py
[2024-10-02T16:48:21.428+0000] {logging_mixin.py:190} INFO - [2024-10-02T16:48:21.426+0000] {dag.py:3239} INFO - Sync 1 DAGs
[2024-10-02T16:48:21.553+0000] {logging_mixin.py:190} INFO - [2024-10-02T16:48:21.552+0000] {dag.py:4180} INFO - Setting next_dagrun for profiling_quality_init to 2024-09-01 00:00:00+00:00, run_after=2024-09-01 00:00:00+00:00
[2024-10-02T16:48:21.615+0000] {processor.py:208} INFO - Processing /opt/airflow/dags/profiling_quality_init/run.py took 2.215 seconds
[2024-10-02T16:48:51.957+0000] {processor.py:186} INFO - Started process (PID=1385) to work on /opt/airflow/dags/profiling_quality_init/run.py
[2024-10-02T16:48:51.962+0000] {processor.py:914} INFO - Processing file /opt/airflow/dags/profiling_quality_init/run.py for tasks to queue
[2024-10-02T16:48:51.972+0000] {logging_mixin.py:190} INFO - [2024-10-02T16:48:51.971+0000] {dagbag.py:588} INFO - Filling up the DagBag from /opt/airflow/dags/profiling_quality_init/run.py
[2024-10-02T16:48:53.709+0000] {processor.py:925} INFO - DAG(s) 'profiling_quality_init' retrieved from /opt/airflow/dags/profiling_quality_init/run.py
[2024-10-02T16:48:53.796+0000] {logging_mixin.py:190} INFO - [2024-10-02T16:48:53.795+0000] {dag.py:3239} INFO - Sync 1 DAGs
[2024-10-02T16:48:53.888+0000] {logging_mixin.py:190} INFO - [2024-10-02T16:48:53.887+0000] {dag.py:4180} INFO - Setting next_dagrun for profiling_quality_init to 2024-09-01 00:00:00+00:00, run_after=2024-09-01 00:00:00+00:00
[2024-10-02T16:48:53.946+0000] {processor.py:208} INFO - Processing /opt/airflow/dags/profiling_quality_init/run.py took 2.014 seconds
[2024-10-02T16:49:24.943+0000] {processor.py:186} INFO - Started process (PID=1454) to work on /opt/airflow/dags/profiling_quality_init/run.py
[2024-10-02T16:49:24.946+0000] {processor.py:914} INFO - Processing file /opt/airflow/dags/profiling_quality_init/run.py for tasks to queue
[2024-10-02T16:49:24.958+0000] {logging_mixin.py:190} INFO - [2024-10-02T16:49:24.957+0000] {dagbag.py:588} INFO - Filling up the DagBag from /opt/airflow/dags/profiling_quality_init/run.py
[2024-10-02T16:49:26.704+0000] {processor.py:925} INFO - DAG(s) 'profiling_quality_init' retrieved from /opt/airflow/dags/profiling_quality_init/run.py
[2024-10-02T16:49:26.798+0000] {logging_mixin.py:190} INFO - [2024-10-02T16:49:26.796+0000] {dag.py:3239} INFO - Sync 1 DAGs
[2024-10-02T16:49:26.887+0000] {logging_mixin.py:190} INFO - [2024-10-02T16:49:26.886+0000] {dag.py:4180} INFO - Setting next_dagrun for profiling_quality_init to 2024-09-01 00:00:00+00:00, run_after=2024-09-01 00:00:00+00:00
[2024-10-02T16:49:26.960+0000] {processor.py:208} INFO - Processing /opt/airflow/dags/profiling_quality_init/run.py took 2.043 seconds
[2024-10-02T16:49:57.871+0000] {processor.py:186} INFO - Started process (PID=1523) to work on /opt/airflow/dags/profiling_quality_init/run.py
[2024-10-02T16:49:57.879+0000] {processor.py:914} INFO - Processing file /opt/airflow/dags/profiling_quality_init/run.py for tasks to queue
[2024-10-02T16:49:57.886+0000] {logging_mixin.py:190} INFO - [2024-10-02T16:49:57.885+0000] {dagbag.py:588} INFO - Filling up the DagBag from /opt/airflow/dags/profiling_quality_init/run.py
[2024-10-02T16:49:59.795+0000] {processor.py:925} INFO - DAG(s) 'profiling_quality_init' retrieved from /opt/airflow/dags/profiling_quality_init/run.py
[2024-10-02T16:49:59.884+0000] {logging_mixin.py:190} INFO - [2024-10-02T16:49:59.882+0000] {dag.py:3239} INFO - Sync 1 DAGs
[2024-10-02T16:49:59.993+0000] {logging_mixin.py:190} INFO - [2024-10-02T16:49:59.992+0000] {dag.py:4180} INFO - Setting next_dagrun for profiling_quality_init to 2024-09-01 00:00:00+00:00, run_after=2024-09-01 00:00:00+00:00
[2024-10-02T16:50:00.096+0000] {processor.py:208} INFO - Processing /opt/airflow/dags/profiling_quality_init/run.py took 2.253 seconds
[2024-10-02T16:50:30.947+0000] {processor.py:186} INFO - Started process (PID=1592) to work on /opt/airflow/dags/profiling_quality_init/run.py
[2024-10-02T16:50:30.950+0000] {processor.py:914} INFO - Processing file /opt/airflow/dags/profiling_quality_init/run.py for tasks to queue
[2024-10-02T16:50:30.962+0000] {logging_mixin.py:190} INFO - [2024-10-02T16:50:30.960+0000] {dagbag.py:588} INFO - Filling up the DagBag from /opt/airflow/dags/profiling_quality_init/run.py
[2024-10-02T16:50:32.722+0000] {processor.py:925} INFO - DAG(s) 'profiling_quality_init' retrieved from /opt/airflow/dags/profiling_quality_init/run.py
[2024-10-02T16:50:32.829+0000] {logging_mixin.py:190} INFO - [2024-10-02T16:50:32.827+0000] {dag.py:3239} INFO - Sync 1 DAGs
[2024-10-02T16:50:32.920+0000] {logging_mixin.py:190} INFO - [2024-10-02T16:50:32.919+0000] {dag.py:4180} INFO - Setting next_dagrun for profiling_quality_init to 2024-09-01 00:00:00+00:00, run_after=2024-09-01 00:00:00+00:00
[2024-10-02T16:50:32.988+0000] {processor.py:208} INFO - Processing /opt/airflow/dags/profiling_quality_init/run.py took 2.062 seconds
[2024-10-02T16:51:03.148+0000] {processor.py:186} INFO - Started process (PID=1657) to work on /opt/airflow/dags/profiling_quality_init/run.py
[2024-10-02T16:51:03.151+0000] {processor.py:914} INFO - Processing file /opt/airflow/dags/profiling_quality_init/run.py for tasks to queue
[2024-10-02T16:51:03.158+0000] {logging_mixin.py:190} INFO - [2024-10-02T16:51:03.157+0000] {dagbag.py:588} INFO - Filling up the DagBag from /opt/airflow/dags/profiling_quality_init/run.py
[2024-10-02T16:51:04.462+0000] {processor.py:925} INFO - DAG(s) 'profiling_quality_init' retrieved from /opt/airflow/dags/profiling_quality_init/run.py
[2024-10-02T16:51:04.534+0000] {logging_mixin.py:190} INFO - [2024-10-02T16:51:04.533+0000] {dag.py:3239} INFO - Sync 1 DAGs
[2024-10-02T16:51:04.608+0000] {logging_mixin.py:190} INFO - [2024-10-02T16:51:04.608+0000] {dag.py:4180} INFO - Setting next_dagrun for profiling_quality_init to 2024-09-01 00:00:00+00:00, run_after=2024-09-01 00:00:00+00:00
[2024-10-02T16:51:04.672+0000] {processor.py:208} INFO - Processing /opt/airflow/dags/profiling_quality_init/run.py took 1.545 seconds
[2024-10-02T16:51:35.361+0000] {processor.py:186} INFO - Started process (PID=1726) to work on /opt/airflow/dags/profiling_quality_init/run.py
[2024-10-02T16:51:35.375+0000] {processor.py:914} INFO - Processing file /opt/airflow/dags/profiling_quality_init/run.py for tasks to queue
[2024-10-02T16:51:35.387+0000] {logging_mixin.py:190} INFO - [2024-10-02T16:51:35.384+0000] {dagbag.py:588} INFO - Filling up the DagBag from /opt/airflow/dags/profiling_quality_init/run.py
[2024-10-02T16:51:37.208+0000] {processor.py:925} INFO - DAG(s) 'profiling_quality_init' retrieved from /opt/airflow/dags/profiling_quality_init/run.py
[2024-10-02T16:51:37.315+0000] {logging_mixin.py:190} INFO - [2024-10-02T16:51:37.313+0000] {dag.py:3239} INFO - Sync 1 DAGs
[2024-10-02T16:51:37.422+0000] {logging_mixin.py:190} INFO - [2024-10-02T16:51:37.421+0000] {dag.py:4180} INFO - Setting next_dagrun for profiling_quality_init to 2024-09-01 00:00:00+00:00, run_after=2024-09-01 00:00:00+00:00
[2024-10-02T16:51:37.550+0000] {processor.py:208} INFO - Processing /opt/airflow/dags/profiling_quality_init/run.py took 2.214 seconds
[2024-10-02T16:52:07.751+0000] {processor.py:186} INFO - Started process (PID=1795) to work on /opt/airflow/dags/profiling_quality_init/run.py
[2024-10-02T16:52:07.769+0000] {processor.py:914} INFO - Processing file /opt/airflow/dags/profiling_quality_init/run.py for tasks to queue
[2024-10-02T16:52:07.782+0000] {logging_mixin.py:190} INFO - [2024-10-02T16:52:07.778+0000] {dagbag.py:588} INFO - Filling up the DagBag from /opt/airflow/dags/profiling_quality_init/run.py
[2024-10-02T16:52:09.574+0000] {processor.py:925} INFO - DAG(s) 'profiling_quality_init' retrieved from /opt/airflow/dags/profiling_quality_init/run.py
[2024-10-02T16:52:09.686+0000] {logging_mixin.py:190} INFO - [2024-10-02T16:52:09.685+0000] {dag.py:3239} INFO - Sync 1 DAGs
[2024-10-02T16:52:09.819+0000] {logging_mixin.py:190} INFO - [2024-10-02T16:52:09.816+0000] {dag.py:4180} INFO - Setting next_dagrun for profiling_quality_init to 2024-09-01 00:00:00+00:00, run_after=2024-09-01 00:00:00+00:00
[2024-10-02T16:52:09.899+0000] {processor.py:208} INFO - Processing /opt/airflow/dags/profiling_quality_init/run.py took 2.173 seconds
[2024-10-02T16:52:40.315+0000] {processor.py:186} INFO - Started process (PID=1864) to work on /opt/airflow/dags/profiling_quality_init/run.py
[2024-10-02T16:52:40.319+0000] {processor.py:914} INFO - Processing file /opt/airflow/dags/profiling_quality_init/run.py for tasks to queue
[2024-10-02T16:52:40.327+0000] {logging_mixin.py:190} INFO - [2024-10-02T16:52:40.326+0000] {dagbag.py:588} INFO - Filling up the DagBag from /opt/airflow/dags/profiling_quality_init/run.py
[2024-10-02T16:52:42.059+0000] {processor.py:925} INFO - DAG(s) 'profiling_quality_init' retrieved from /opt/airflow/dags/profiling_quality_init/run.py
[2024-10-02T16:52:42.169+0000] {logging_mixin.py:190} INFO - [2024-10-02T16:52:42.165+0000] {dag.py:3239} INFO - Sync 1 DAGs
[2024-10-02T16:52:42.265+0000] {logging_mixin.py:190} INFO - [2024-10-02T16:52:42.264+0000] {dag.py:4180} INFO - Setting next_dagrun for profiling_quality_init to 2024-09-01 00:00:00+00:00, run_after=2024-09-01 00:00:00+00:00
[2024-10-02T16:52:42.330+0000] {processor.py:208} INFO - Processing /opt/airflow/dags/profiling_quality_init/run.py took 2.038 seconds
[2024-10-02T16:53:12.593+0000] {processor.py:186} INFO - Started process (PID=1933) to work on /opt/airflow/dags/profiling_quality_init/run.py
[2024-10-02T16:53:12.600+0000] {processor.py:914} INFO - Processing file /opt/airflow/dags/profiling_quality_init/run.py for tasks to queue
[2024-10-02T16:53:12.610+0000] {logging_mixin.py:190} INFO - [2024-10-02T16:53:12.609+0000] {dagbag.py:588} INFO - Filling up the DagBag from /opt/airflow/dags/profiling_quality_init/run.py
[2024-10-02T16:53:14.492+0000] {processor.py:925} INFO - DAG(s) 'profiling_quality_init' retrieved from /opt/airflow/dags/profiling_quality_init/run.py
[2024-10-02T16:53:14.597+0000] {logging_mixin.py:190} INFO - [2024-10-02T16:53:14.595+0000] {dag.py:3239} INFO - Sync 1 DAGs
[2024-10-02T16:53:14.682+0000] {logging_mixin.py:190} INFO - [2024-10-02T16:53:14.681+0000] {dag.py:4180} INFO - Setting next_dagrun for profiling_quality_init to 2024-09-01 00:00:00+00:00, run_after=2024-09-01 00:00:00+00:00
[2024-10-02T16:53:14.763+0000] {processor.py:208} INFO - Processing /opt/airflow/dags/profiling_quality_init/run.py took 2.208 seconds
[2024-10-02T16:53:45.056+0000] {processor.py:186} INFO - Started process (PID=2002) to work on /opt/airflow/dags/profiling_quality_init/run.py
[2024-10-02T16:53:45.061+0000] {processor.py:914} INFO - Processing file /opt/airflow/dags/profiling_quality_init/run.py for tasks to queue
[2024-10-02T16:53:45.070+0000] {logging_mixin.py:190} INFO - [2024-10-02T16:53:45.069+0000] {dagbag.py:588} INFO - Filling up the DagBag from /opt/airflow/dags/profiling_quality_init/run.py
[2024-10-02T16:53:46.926+0000] {processor.py:925} INFO - DAG(s) 'profiling_quality_init' retrieved from /opt/airflow/dags/profiling_quality_init/run.py
[2024-10-02T16:53:47.038+0000] {logging_mixin.py:190} INFO - [2024-10-02T16:53:47.036+0000] {dag.py:3239} INFO - Sync 1 DAGs
[2024-10-02T16:53:47.126+0000] {logging_mixin.py:190} INFO - [2024-10-02T16:53:47.125+0000] {dag.py:4180} INFO - Setting next_dagrun for profiling_quality_init to 2024-09-01 00:00:00+00:00, run_after=2024-09-01 00:00:00+00:00
[2024-10-02T16:53:47.192+0000] {processor.py:208} INFO - Processing /opt/airflow/dags/profiling_quality_init/run.py took 2.159 seconds
[2024-10-02T16:54:17.586+0000] {processor.py:186} INFO - Started process (PID=2071) to work on /opt/airflow/dags/profiling_quality_init/run.py
[2024-10-02T16:54:17.589+0000] {processor.py:914} INFO - Processing file /opt/airflow/dags/profiling_quality_init/run.py for tasks to queue
[2024-10-02T16:54:17.605+0000] {logging_mixin.py:190} INFO - [2024-10-02T16:54:17.604+0000] {dagbag.py:588} INFO - Filling up the DagBag from /opt/airflow/dags/profiling_quality_init/run.py
[2024-10-02T16:54:19.994+0000] {processor.py:925} INFO - DAG(s) 'profiling_quality_init' retrieved from /opt/airflow/dags/profiling_quality_init/run.py
[2024-10-02T16:54:20.173+0000] {logging_mixin.py:190} INFO - [2024-10-02T16:54:20.162+0000] {dag.py:3239} INFO - Sync 1 DAGs
[2024-10-02T16:54:20.328+0000] {logging_mixin.py:190} INFO - [2024-10-02T16:54:20.327+0000] {dag.py:4180} INFO - Setting next_dagrun for profiling_quality_init to 2024-09-01 00:00:00+00:00, run_after=2024-09-01 00:00:00+00:00
[2024-10-02T16:54:20.494+0000] {processor.py:208} INFO - Processing /opt/airflow/dags/profiling_quality_init/run.py took 2.944 seconds
[2024-10-02T16:54:50.978+0000] {processor.py:186} INFO - Started process (PID=2140) to work on /opt/airflow/dags/profiling_quality_init/run.py
[2024-10-02T16:54:50.982+0000] {processor.py:914} INFO - Processing file /opt/airflow/dags/profiling_quality_init/run.py for tasks to queue
[2024-10-02T16:54:50.997+0000] {logging_mixin.py:190} INFO - [2024-10-02T16:54:50.996+0000] {dagbag.py:588} INFO - Filling up the DagBag from /opt/airflow/dags/profiling_quality_init/run.py
[2024-10-02T16:54:52.540+0000] {processor.py:925} INFO - DAG(s) 'profiling_quality_init' retrieved from /opt/airflow/dags/profiling_quality_init/run.py
[2024-10-02T16:54:52.641+0000] {logging_mixin.py:190} INFO - [2024-10-02T16:54:52.639+0000] {dag.py:3239} INFO - Sync 1 DAGs
[2024-10-02T16:54:52.744+0000] {logging_mixin.py:190} INFO - [2024-10-02T16:54:52.744+0000] {dag.py:4180} INFO - Setting next_dagrun for profiling_quality_init to 2024-09-01 00:00:00+00:00, run_after=2024-09-01 00:00:00+00:00
[2024-10-02T16:54:52.829+0000] {processor.py:208} INFO - Processing /opt/airflow/dags/profiling_quality_init/run.py took 1.870 seconds
[2024-10-02T16:55:23.630+0000] {processor.py:186} INFO - Started process (PID=2209) to work on /opt/airflow/dags/profiling_quality_init/run.py
[2024-10-02T16:55:23.633+0000] {processor.py:914} INFO - Processing file /opt/airflow/dags/profiling_quality_init/run.py for tasks to queue
[2024-10-02T16:55:23.639+0000] {logging_mixin.py:190} INFO - [2024-10-02T16:55:23.638+0000] {dagbag.py:588} INFO - Filling up the DagBag from /opt/airflow/dags/profiling_quality_init/run.py
[2024-10-02T16:55:25.219+0000] {processor.py:925} INFO - DAG(s) 'profiling_quality_init' retrieved from /opt/airflow/dags/profiling_quality_init/run.py
[2024-10-02T16:55:25.286+0000] {logging_mixin.py:190} INFO - [2024-10-02T16:55:25.285+0000] {dag.py:3239} INFO - Sync 1 DAGs
[2024-10-02T16:55:25.370+0000] {logging_mixin.py:190} INFO - [2024-10-02T16:55:25.369+0000] {dag.py:4180} INFO - Setting next_dagrun for profiling_quality_init to 2024-09-01 00:00:00+00:00, run_after=2024-09-01 00:00:00+00:00
[2024-10-02T16:55:25.443+0000] {processor.py:208} INFO - Processing /opt/airflow/dags/profiling_quality_init/run.py took 1.832 seconds
[2024-10-02T16:55:55.999+0000] {processor.py:186} INFO - Started process (PID=2381) to work on /opt/airflow/dags/profiling_quality_init/run.py
[2024-10-02T16:55:56.005+0000] {processor.py:914} INFO - Processing file /opt/airflow/dags/profiling_quality_init/run.py for tasks to queue
[2024-10-02T16:55:56.030+0000] {logging_mixin.py:190} INFO - [2024-10-02T16:55:56.018+0000] {dagbag.py:588} INFO - Filling up the DagBag from /opt/airflow/dags/profiling_quality_init/run.py
[2024-10-02T16:55:58.187+0000] {processor.py:925} INFO - DAG(s) 'profiling_quality_init' retrieved from /opt/airflow/dags/profiling_quality_init/run.py
[2024-10-02T16:55:58.264+0000] {logging_mixin.py:190} INFO - [2024-10-02T16:55:58.262+0000] {dag.py:3239} INFO - Sync 1 DAGs
[2024-10-02T16:55:58.356+0000] {logging_mixin.py:190} INFO - [2024-10-02T16:55:58.355+0000] {dag.py:4180} INFO - Setting next_dagrun for profiling_quality_init to 2024-09-01 00:00:00+00:00, run_after=2024-09-01 00:00:00+00:00
[2024-10-02T16:55:58.416+0000] {processor.py:208} INFO - Processing /opt/airflow/dags/profiling_quality_init/run.py took 2.460 seconds
[2024-10-02T16:56:28.932+0000] {processor.py:186} INFO - Started process (PID=2641) to work on /opt/airflow/dags/profiling_quality_init/run.py
[2024-10-02T16:56:28.937+0000] {processor.py:914} INFO - Processing file /opt/airflow/dags/profiling_quality_init/run.py for tasks to queue
[2024-10-02T16:56:28.944+0000] {logging_mixin.py:190} INFO - [2024-10-02T16:56:28.943+0000] {dagbag.py:588} INFO - Filling up the DagBag from /opt/airflow/dags/profiling_quality_init/run.py
[2024-10-02T16:56:30.690+0000] {processor.py:925} INFO - DAG(s) 'profiling_quality_init' retrieved from /opt/airflow/dags/profiling_quality_init/run.py
[2024-10-02T16:56:30.829+0000] {logging_mixin.py:190} INFO - [2024-10-02T16:56:30.828+0000] {dag.py:3239} INFO - Sync 1 DAGs
[2024-10-02T16:56:30.932+0000] {logging_mixin.py:190} INFO - [2024-10-02T16:56:30.931+0000] {dag.py:4180} INFO - Setting next_dagrun for profiling_quality_init to 2024-09-01 00:00:00+00:00, run_after=2024-09-01 00:00:00+00:00
[2024-10-02T16:56:30.998+0000] {processor.py:208} INFO - Processing /opt/airflow/dags/profiling_quality_init/run.py took 2.084 seconds
[2024-10-02T16:57:01.247+0000] {processor.py:186} INFO - Started process (PID=2899) to work on /opt/airflow/dags/profiling_quality_init/run.py
[2024-10-02T16:57:01.260+0000] {processor.py:914} INFO - Processing file /opt/airflow/dags/profiling_quality_init/run.py for tasks to queue
[2024-10-02T16:57:01.268+0000] {logging_mixin.py:190} INFO - [2024-10-02T16:57:01.267+0000] {dagbag.py:588} INFO - Filling up the DagBag from /opt/airflow/dags/profiling_quality_init/run.py
[2024-10-02T16:57:03.179+0000] {processor.py:925} INFO - DAG(s) 'profiling_quality_init' retrieved from /opt/airflow/dags/profiling_quality_init/run.py
[2024-10-02T16:57:03.273+0000] {logging_mixin.py:190} INFO - [2024-10-02T16:57:03.271+0000] {dag.py:3239} INFO - Sync 1 DAGs
[2024-10-02T16:57:03.364+0000] {logging_mixin.py:190} INFO - [2024-10-02T16:57:03.363+0000] {dag.py:4180} INFO - Setting next_dagrun for profiling_quality_init to 2024-09-01 00:00:00+00:00, run_after=2024-09-01 00:00:00+00:00
[2024-10-02T16:57:03.434+0000] {processor.py:208} INFO - Processing /opt/airflow/dags/profiling_quality_init/run.py took 2.212 seconds
[2024-10-02T16:57:34.384+0000] {processor.py:186} INFO - Started process (PID=3209) to work on /opt/airflow/dags/profiling_quality_init/run.py
[2024-10-02T16:57:34.386+0000] {processor.py:914} INFO - Processing file /opt/airflow/dags/profiling_quality_init/run.py for tasks to queue
[2024-10-02T16:57:34.395+0000] {logging_mixin.py:190} INFO - [2024-10-02T16:57:34.393+0000] {dagbag.py:588} INFO - Filling up the DagBag from /opt/airflow/dags/profiling_quality_init/run.py
[2024-10-02T16:57:35.624+0000] {processor.py:925} INFO - DAG(s) 'profiling_quality_init' retrieved from /opt/airflow/dags/profiling_quality_init/run.py
[2024-10-02T16:57:35.693+0000] {logging_mixin.py:190} INFO - [2024-10-02T16:57:35.692+0000] {dag.py:3239} INFO - Sync 1 DAGs
[2024-10-02T16:57:35.763+0000] {logging_mixin.py:190} INFO - [2024-10-02T16:57:35.763+0000] {dag.py:4180} INFO - Setting next_dagrun for profiling_quality_init to 2024-09-01 00:00:00+00:00, run_after=2024-09-01 00:00:00+00:00
[2024-10-02T16:57:35.816+0000] {processor.py:208} INFO - Processing /opt/airflow/dags/profiling_quality_init/run.py took 1.450 seconds
[2024-10-02T16:58:06.332+0000] {processor.py:186} INFO - Started process (PID=3471) to work on /opt/airflow/dags/profiling_quality_init/run.py
[2024-10-02T16:58:06.335+0000] {processor.py:914} INFO - Processing file /opt/airflow/dags/profiling_quality_init/run.py for tasks to queue
[2024-10-02T16:58:06.345+0000] {logging_mixin.py:190} INFO - [2024-10-02T16:58:06.343+0000] {dagbag.py:588} INFO - Filling up the DagBag from /opt/airflow/dags/profiling_quality_init/run.py
[2024-10-02T16:58:08.026+0000] {processor.py:925} INFO - DAG(s) 'profiling_quality_init' retrieved from /opt/airflow/dags/profiling_quality_init/run.py
[2024-10-02T16:58:08.156+0000] {logging_mixin.py:190} INFO - [2024-10-02T16:58:08.155+0000] {dag.py:3239} INFO - Sync 1 DAGs
[2024-10-02T16:58:08.246+0000] {logging_mixin.py:190} INFO - [2024-10-02T16:58:08.245+0000] {dag.py:4180} INFO - Setting next_dagrun for profiling_quality_init to 2024-09-01 00:00:00+00:00, run_after=2024-09-01 00:00:00+00:00
[2024-10-02T16:58:08.312+0000] {processor.py:208} INFO - Processing /opt/airflow/dags/profiling_quality_init/run.py took 2.008 seconds
[2024-10-02T16:58:38.849+0000] {processor.py:186} INFO - Started process (PID=3680) to work on /opt/airflow/dags/profiling_quality_init/run.py
[2024-10-02T16:58:38.852+0000] {processor.py:914} INFO - Processing file /opt/airflow/dags/profiling_quality_init/run.py for tasks to queue
[2024-10-02T16:58:38.866+0000] {logging_mixin.py:190} INFO - [2024-10-02T16:58:38.865+0000] {dagbag.py:588} INFO - Filling up the DagBag from /opt/airflow/dags/profiling_quality_init/run.py
[2024-10-02T16:58:41.233+0000] {processor.py:925} INFO - DAG(s) 'profiling_quality_init' retrieved from /opt/airflow/dags/profiling_quality_init/run.py
[2024-10-02T16:58:41.323+0000] {logging_mixin.py:190} INFO - [2024-10-02T16:58:41.322+0000] {dag.py:3239} INFO - Sync 1 DAGs
[2024-10-02T16:58:41.399+0000] {logging_mixin.py:190} INFO - [2024-10-02T16:58:41.398+0000] {dag.py:4180} INFO - Setting next_dagrun for profiling_quality_init to 2024-09-01 00:00:00+00:00, run_after=2024-09-01 00:00:00+00:00
[2024-10-02T16:58:41.476+0000] {processor.py:208} INFO - Processing /opt/airflow/dags/profiling_quality_init/run.py took 2.664 seconds
[2024-10-02T16:59:11.858+0000] {processor.py:186} INFO - Started process (PID=3990) to work on /opt/airflow/dags/profiling_quality_init/run.py
[2024-10-02T16:59:11.861+0000] {processor.py:914} INFO - Processing file /opt/airflow/dags/profiling_quality_init/run.py for tasks to queue
[2024-10-02T16:59:11.869+0000] {logging_mixin.py:190} INFO - [2024-10-02T16:59:11.868+0000] {dagbag.py:588} INFO - Filling up the DagBag from /opt/airflow/dags/profiling_quality_init/run.py
[2024-10-02T16:59:14.051+0000] {processor.py:925} INFO - DAG(s) 'profiling_quality_init' retrieved from /opt/airflow/dags/profiling_quality_init/run.py
[2024-10-02T16:59:14.127+0000] {logging_mixin.py:190} INFO - [2024-10-02T16:59:14.126+0000] {dag.py:3239} INFO - Sync 1 DAGs
[2024-10-02T16:59:14.208+0000] {logging_mixin.py:190} INFO - [2024-10-02T16:59:14.207+0000] {dag.py:4180} INFO - Setting next_dagrun for profiling_quality_init to 2024-09-01 00:00:00+00:00, run_after=2024-09-01 00:00:00+00:00
[2024-10-02T16:59:14.266+0000] {processor.py:208} INFO - Processing /opt/airflow/dags/profiling_quality_init/run.py took 2.457 seconds
[2024-10-02T16:59:47.818+0000] {processor.py:186} INFO - Started process (PID=4263) to work on /opt/airflow/dags/profiling_quality_init/run.py
[2024-10-02T16:59:47.832+0000] {processor.py:914} INFO - Processing file /opt/airflow/dags/profiling_quality_init/run.py for tasks to queue
[2024-10-02T16:59:47.844+0000] {logging_mixin.py:190} INFO - [2024-10-02T16:59:47.842+0000] {dagbag.py:588} INFO - Filling up the DagBag from /opt/airflow/dags/profiling_quality_init/run.py
[2024-10-02T16:59:50.427+0000] {processor.py:925} INFO - DAG(s) 'profiling_quality_init' retrieved from /opt/airflow/dags/profiling_quality_init/run.py
[2024-10-02T16:59:50.574+0000] {logging_mixin.py:190} INFO - [2024-10-02T16:59:50.573+0000] {dag.py:3239} INFO - Sync 1 DAGs
[2024-10-02T16:59:50.740+0000] {logging_mixin.py:190} INFO - [2024-10-02T16:59:50.739+0000] {dag.py:4180} INFO - Setting next_dagrun for profiling_quality_init to 2024-09-01 00:00:00+00:00, run_after=2024-09-01 00:00:00+00:00
[2024-10-02T16:59:50.902+0000] {processor.py:208} INFO - Processing /opt/airflow/dags/profiling_quality_init/run.py took 3.124 seconds
[2024-10-02T17:00:21.020+0000] {processor.py:186} INFO - Started process (PID=4530) to work on /opt/airflow/dags/profiling_quality_init/run.py
[2024-10-02T17:00:21.033+0000] {processor.py:914} INFO - Processing file /opt/airflow/dags/profiling_quality_init/run.py for tasks to queue
[2024-10-02T17:00:21.041+0000] {logging_mixin.py:190} INFO - [2024-10-02T17:00:21.040+0000] {dagbag.py:588} INFO - Filling up the DagBag from /opt/airflow/dags/profiling_quality_init/run.py
[2024-10-02T17:00:22.776+0000] {processor.py:925} INFO - DAG(s) 'profiling_quality_init' retrieved from /opt/airflow/dags/profiling_quality_init/run.py
[2024-10-02T17:00:22.878+0000] {logging_mixin.py:190} INFO - [2024-10-02T17:00:22.876+0000] {dag.py:3239} INFO - Sync 1 DAGs
[2024-10-02T17:00:22.958+0000] {logging_mixin.py:190} INFO - [2024-10-02T17:00:22.957+0000] {dag.py:4180} INFO - Setting next_dagrun for profiling_quality_init to 2024-09-01 00:00:00+00:00, run_after=2024-09-01 00:00:00+00:00
[2024-10-02T17:00:23.035+0000] {processor.py:208} INFO - Processing /opt/airflow/dags/profiling_quality_init/run.py took 2.038 seconds
[2024-10-02T17:00:53.284+0000] {processor.py:186} INFO - Started process (PID=4641) to work on /opt/airflow/dags/profiling_quality_init/run.py
[2024-10-02T17:00:53.298+0000] {processor.py:914} INFO - Processing file /opt/airflow/dags/profiling_quality_init/run.py for tasks to queue
[2024-10-02T17:00:53.305+0000] {logging_mixin.py:190} INFO - [2024-10-02T17:00:53.304+0000] {dagbag.py:588} INFO - Filling up the DagBag from /opt/airflow/dags/profiling_quality_init/run.py
[2024-10-02T17:00:54.747+0000] {processor.py:925} INFO - DAG(s) 'profiling_quality_init' retrieved from /opt/airflow/dags/profiling_quality_init/run.py
[2024-10-02T17:00:54.918+0000] {logging_mixin.py:190} INFO - [2024-10-02T17:00:54.917+0000] {dag.py:3239} INFO - Sync 1 DAGs
[2024-10-02T17:00:55.039+0000] {logging_mixin.py:190} INFO - [2024-10-02T17:00:55.038+0000] {dag.py:4180} INFO - Setting next_dagrun for profiling_quality_init to 2024-09-01 00:00:00+00:00, run_after=2024-09-01 00:00:00+00:00
[2024-10-02T17:00:55.122+0000] {processor.py:208} INFO - Processing /opt/airflow/dags/profiling_quality_init/run.py took 1.857 seconds
[2024-10-02T17:02:02.210+0000] {processor.py:186} INFO - Started process (PID=5582) to work on /opt/airflow/dags/profiling_quality_init/run.py
[2024-10-02T17:02:02.272+0000] {processor.py:914} INFO - Processing file /opt/airflow/dags/profiling_quality_init/run.py for tasks to queue
[2024-10-02T17:02:02.376+0000] {logging_mixin.py:190} INFO - [2024-10-02T17:02:02.371+0000] {dagbag.py:588} INFO - Filling up the DagBag from /opt/airflow/dags/profiling_quality_init/run.py
[2024-10-02T17:02:25.416+0000] {processor.py:925} INFO - DAG(s) 'profiling_quality_init' retrieved from /opt/airflow/dags/profiling_quality_init/run.py
[2024-10-02T17:02:26.667+0000] {logging_mixin.py:190} INFO - [2024-10-02T17:02:26.561+0000] {dag.py:3239} INFO - Sync 1 DAGs
[2024-10-02T17:02:28.097+0000] {logging_mixin.py:190} INFO - [2024-10-02T17:02:28.096+0000] {dag.py:4180} INFO - Setting next_dagrun for profiling_quality_init to 2024-09-01 00:00:00+00:00, run_after=2024-09-01 00:00:00+00:00
[2024-10-02T17:02:28.842+0000] {processor.py:208} INFO - Processing /opt/airflow/dags/profiling_quality_init/run.py took 28.449 seconds
[2024-10-02T17:03:26.554+0000] {processor.py:186} INFO - Started process (PID=6566) to work on /opt/airflow/dags/profiling_quality_init/run.py
[2024-10-02T17:03:26.558+0000] {processor.py:914} INFO - Processing file /opt/airflow/dags/profiling_quality_init/run.py for tasks to queue
[2024-10-02T17:03:26.565+0000] {logging_mixin.py:190} INFO - [2024-10-02T17:03:26.564+0000] {dagbag.py:588} INFO - Filling up the DagBag from /opt/airflow/dags/profiling_quality_init/run.py
[2024-10-02T17:03:28.375+0000] {processor.py:925} INFO - DAG(s) 'profiling_quality_init' retrieved from /opt/airflow/dags/profiling_quality_init/run.py
[2024-10-02T17:03:28.509+0000] {logging_mixin.py:190} INFO - [2024-10-02T17:03:28.506+0000] {dag.py:3239} INFO - Sync 1 DAGs
[2024-10-02T17:03:28.618+0000] {logging_mixin.py:190} INFO - [2024-10-02T17:03:28.617+0000] {dag.py:4180} INFO - Setting next_dagrun for profiling_quality_init to 2024-09-01 00:00:00+00:00, run_after=2024-09-01 00:00:00+00:00
[2024-10-02T17:03:28.676+0000] {processor.py:208} INFO - Processing /opt/airflow/dags/profiling_quality_init/run.py took 2.144 seconds
[2024-10-02T17:03:59.410+0000] {processor.py:186} INFO - Started process (PID=6781) to work on /opt/airflow/dags/profiling_quality_init/run.py
[2024-10-02T17:03:59.413+0000] {processor.py:914} INFO - Processing file /opt/airflow/dags/profiling_quality_init/run.py for tasks to queue
[2024-10-02T17:03:59.417+0000] {logging_mixin.py:190} INFO - [2024-10-02T17:03:59.416+0000] {dagbag.py:588} INFO - Filling up the DagBag from /opt/airflow/dags/profiling_quality_init/run.py
[2024-10-02T17:04:00.913+0000] {processor.py:925} INFO - DAG(s) 'profiling_quality_init' retrieved from /opt/airflow/dags/profiling_quality_init/run.py
[2024-10-02T17:04:01.008+0000] {logging_mixin.py:190} INFO - [2024-10-02T17:04:01.007+0000] {dag.py:3239} INFO - Sync 1 DAGs
[2024-10-02T17:04:01.084+0000] {logging_mixin.py:190} INFO - [2024-10-02T17:04:01.084+0000] {dag.py:4180} INFO - Setting next_dagrun for profiling_quality_init to 2024-09-01 00:00:00+00:00, run_after=2024-09-01 00:00:00+00:00
[2024-10-02T17:04:01.175+0000] {processor.py:208} INFO - Processing /opt/airflow/dags/profiling_quality_init/run.py took 1.782 seconds
[2024-10-02T17:04:44.411+0000] {processor.py:186} INFO - Started process (PID=7000) to work on /opt/airflow/dags/profiling_quality_init/run.py
[2024-10-02T17:04:44.417+0000] {processor.py:914} INFO - Processing file /opt/airflow/dags/profiling_quality_init/run.py for tasks to queue
[2024-10-02T17:04:44.423+0000] {logging_mixin.py:190} INFO - [2024-10-02T17:04:44.421+0000] {dagbag.py:588} INFO - Filling up the DagBag from /opt/airflow/dags/profiling_quality_init/run.py
[2024-10-02T17:04:46.682+0000] {processor.py:925} INFO - DAG(s) 'profiling_quality_init' retrieved from /opt/airflow/dags/profiling_quality_init/run.py
[2024-10-02T17:04:46.792+0000] {logging_mixin.py:190} INFO - [2024-10-02T17:04:46.791+0000] {dag.py:3239} INFO - Sync 1 DAGs
[2024-10-02T17:04:46.892+0000] {logging_mixin.py:190} INFO - [2024-10-02T17:04:46.891+0000] {dag.py:4180} INFO - Setting next_dagrun for profiling_quality_init to 2024-09-01 00:00:00+00:00, run_after=2024-09-01 00:00:00+00:00
[2024-10-02T17:04:46.979+0000] {processor.py:208} INFO - Processing /opt/airflow/dags/profiling_quality_init/run.py took 2.606 seconds
[2024-10-02T17:05:17.471+0000] {processor.py:186} INFO - Started process (PID=7255) to work on /opt/airflow/dags/profiling_quality_init/run.py
[2024-10-02T17:05:17.475+0000] {processor.py:914} INFO - Processing file /opt/airflow/dags/profiling_quality_init/run.py for tasks to queue
[2024-10-02T17:05:17.481+0000] {logging_mixin.py:190} INFO - [2024-10-02T17:05:17.480+0000] {dagbag.py:588} INFO - Filling up the DagBag from /opt/airflow/dags/profiling_quality_init/run.py
[2024-10-02T17:05:19.415+0000] {processor.py:925} INFO - DAG(s) 'profiling_quality_init' retrieved from /opt/airflow/dags/profiling_quality_init/run.py
[2024-10-02T17:05:19.523+0000] {logging_mixin.py:190} INFO - [2024-10-02T17:05:19.521+0000] {dag.py:3239} INFO - Sync 1 DAGs
[2024-10-02T17:05:19.630+0000] {logging_mixin.py:190} INFO - [2024-10-02T17:05:19.629+0000] {dag.py:4180} INFO - Setting next_dagrun for profiling_quality_init to 2024-09-01 00:00:00+00:00, run_after=2024-09-01 00:00:00+00:00
[2024-10-02T17:05:19.715+0000] {processor.py:208} INFO - Processing /opt/airflow/dags/profiling_quality_init/run.py took 2.274 seconds
[2024-10-02T17:05:52.357+0000] {processor.py:186} INFO - Started process (PID=7524) to work on /opt/airflow/dags/profiling_quality_init/run.py
[2024-10-02T17:05:52.365+0000] {processor.py:914} INFO - Processing file /opt/airflow/dags/profiling_quality_init/run.py for tasks to queue
[2024-10-02T17:05:52.369+0000] {logging_mixin.py:190} INFO - [2024-10-02T17:05:52.368+0000] {dagbag.py:588} INFO - Filling up the DagBag from /opt/airflow/dags/profiling_quality_init/run.py
[2024-10-02T17:05:55.193+0000] {processor.py:925} INFO - DAG(s) 'profiling_quality_init' retrieved from /opt/airflow/dags/profiling_quality_init/run.py
[2024-10-02T17:05:55.538+0000] {logging_mixin.py:190} INFO - [2024-10-02T17:05:55.535+0000] {dag.py:3239} INFO - Sync 1 DAGs
[2024-10-02T17:05:55.756+0000] {logging_mixin.py:190} INFO - [2024-10-02T17:05:55.756+0000] {dag.py:4180} INFO - Setting next_dagrun for profiling_quality_init to 2024-09-01 00:00:00+00:00, run_after=2024-09-01 00:00:00+00:00
[2024-10-02T17:05:55.884+0000] {processor.py:208} INFO - Processing /opt/airflow/dags/profiling_quality_init/run.py took 3.561 seconds
[2024-10-02T17:06:26.303+0000] {processor.py:186} INFO - Started process (PID=7784) to work on /opt/airflow/dags/profiling_quality_init/run.py
[2024-10-02T17:06:26.318+0000] {processor.py:914} INFO - Processing file /opt/airflow/dags/profiling_quality_init/run.py for tasks to queue
[2024-10-02T17:06:26.333+0000] {logging_mixin.py:190} INFO - [2024-10-02T17:06:26.322+0000] {dagbag.py:588} INFO - Filling up the DagBag from /opt/airflow/dags/profiling_quality_init/run.py
[2024-10-02T17:06:31.320+0000] {processor.py:925} INFO - DAG(s) 'profiling_quality_init' retrieved from /opt/airflow/dags/profiling_quality_init/run.py
[2024-10-02T17:06:31.721+0000] {logging_mixin.py:190} INFO - [2024-10-02T17:06:31.719+0000] {dag.py:3239} INFO - Sync 1 DAGs
[2024-10-02T17:06:32.424+0000] {logging_mixin.py:190} INFO - [2024-10-02T17:06:32.423+0000] {dag.py:4180} INFO - Setting next_dagrun for profiling_quality_init to 2024-09-01 00:00:00+00:00, run_after=2024-09-01 00:00:00+00:00
[2024-10-02T17:06:33.188+0000] {processor.py:208} INFO - Processing /opt/airflow/dags/profiling_quality_init/run.py took 6.954 seconds
[2024-10-02T17:08:15.744+0000] {processor.py:186} INFO - Started process (PID=9471) to work on /opt/airflow/dags/profiling_quality_init/run.py
[2024-10-02T17:08:15.747+0000] {processor.py:914} INFO - Processing file /opt/airflow/dags/profiling_quality_init/run.py for tasks to queue
[2024-10-02T17:08:15.761+0000] {logging_mixin.py:190} INFO - [2024-10-02T17:08:15.759+0000] {dagbag.py:588} INFO - Filling up the DagBag from /opt/airflow/dags/profiling_quality_init/run.py
[2024-10-02T17:08:19.615+0000] {processor.py:925} INFO - DAG(s) 'profiling_quality_init' retrieved from /opt/airflow/dags/profiling_quality_init/run.py
[2024-10-02T17:08:19.806+0000] {logging_mixin.py:190} INFO - [2024-10-02T17:08:19.804+0000] {dag.py:3239} INFO - Sync 1 DAGs
[2024-10-02T17:08:19.979+0000] {logging_mixin.py:190} INFO - [2024-10-02T17:08:19.978+0000] {dag.py:4180} INFO - Setting next_dagrun for profiling_quality_init to 2024-09-01 00:00:00+00:00, run_after=2024-09-01 00:00:00+00:00
[2024-10-02T17:08:20.077+0000] {processor.py:208} INFO - Processing /opt/airflow/dags/profiling_quality_init/run.py took 4.367 seconds
[2024-10-02T17:08:51.095+0000] {processor.py:186} INFO - Started process (PID=9965) to work on /opt/airflow/dags/profiling_quality_init/run.py
[2024-10-02T17:08:51.097+0000] {processor.py:914} INFO - Processing file /opt/airflow/dags/profiling_quality_init/run.py for tasks to queue
[2024-10-02T17:08:51.099+0000] {logging_mixin.py:190} INFO - [2024-10-02T17:08:51.099+0000] {dagbag.py:588} INFO - Filling up the DagBag from /opt/airflow/dags/profiling_quality_init/run.py
[2024-10-02T17:08:51.719+0000] {processor.py:925} INFO - DAG(s) 'profiling_quality_init' retrieved from /opt/airflow/dags/profiling_quality_init/run.py
[2024-10-02T17:08:51.760+0000] {logging_mixin.py:190} INFO - [2024-10-02T17:08:51.760+0000] {dag.py:3239} INFO - Sync 1 DAGs
[2024-10-02T17:08:51.818+0000] {logging_mixin.py:190} INFO - [2024-10-02T17:08:51.817+0000] {dag.py:4180} INFO - Setting next_dagrun for profiling_quality_init to 2024-09-01 00:00:00+00:00, run_after=2024-09-01 00:00:00+00:00
[2024-10-02T17:08:51.905+0000] {processor.py:208} INFO - Processing /opt/airflow/dags/profiling_quality_init/run.py took 0.822 seconds
[2024-10-02T17:09:22.050+0000] {processor.py:186} INFO - Started process (PID=10215) to work on /opt/airflow/dags/profiling_quality_init/run.py
[2024-10-02T17:09:22.052+0000] {processor.py:914} INFO - Processing file /opt/airflow/dags/profiling_quality_init/run.py for tasks to queue
[2024-10-02T17:09:22.054+0000] {logging_mixin.py:190} INFO - [2024-10-02T17:09:22.054+0000] {dagbag.py:588} INFO - Filling up the DagBag from /opt/airflow/dags/profiling_quality_init/run.py
[2024-10-02T17:09:23.079+0000] {processor.py:925} INFO - DAG(s) 'profiling_quality_init' retrieved from /opt/airflow/dags/profiling_quality_init/run.py
[2024-10-02T17:09:23.164+0000] {logging_mixin.py:190} INFO - [2024-10-02T17:09:23.162+0000] {dag.py:3239} INFO - Sync 1 DAGs
[2024-10-02T17:09:23.668+0000] {logging_mixin.py:190} INFO - [2024-10-02T17:09:23.667+0000] {dag.py:4180} INFO - Setting next_dagrun for profiling_quality_init to 2024-09-01 00:00:00+00:00, run_after=2024-09-01 00:00:00+00:00
[2024-10-02T17:09:23.733+0000] {processor.py:208} INFO - Processing /opt/airflow/dags/profiling_quality_init/run.py took 1.695 seconds
[2024-10-02T17:09:58.083+0000] {processor.py:186} INFO - Started process (PID=10572) to work on /opt/airflow/dags/profiling_quality_init/run.py
[2024-10-02T17:09:58.089+0000] {processor.py:914} INFO - Processing file /opt/airflow/dags/profiling_quality_init/run.py for tasks to queue
[2024-10-02T17:09:58.094+0000] {logging_mixin.py:190} INFO - [2024-10-02T17:09:58.092+0000] {dagbag.py:588} INFO - Filling up the DagBag from /opt/airflow/dags/profiling_quality_init/run.py
[2024-10-02T17:09:59.474+0000] {processor.py:925} INFO - DAG(s) 'profiling_quality_init' retrieved from /opt/airflow/dags/profiling_quality_init/run.py
[2024-10-02T17:09:59.548+0000] {logging_mixin.py:190} INFO - [2024-10-02T17:09:59.546+0000] {dag.py:3239} INFO - Sync 1 DAGs
[2024-10-02T17:09:59.613+0000] {logging_mixin.py:190} INFO - [2024-10-02T17:09:59.613+0000] {dag.py:4180} INFO - Setting next_dagrun for profiling_quality_init to 2024-09-01 00:00:00+00:00, run_after=2024-09-01 00:00:00+00:00
[2024-10-02T17:09:59.686+0000] {processor.py:208} INFO - Processing /opt/airflow/dags/profiling_quality_init/run.py took 1.654 seconds
[2024-10-02T17:10:30.120+0000] {processor.py:186} INFO - Started process (PID=10824) to work on /opt/airflow/dags/profiling_quality_init/run.py
[2024-10-02T17:10:30.124+0000] {processor.py:914} INFO - Processing file /opt/airflow/dags/profiling_quality_init/run.py for tasks to queue
[2024-10-02T17:10:30.127+0000] {logging_mixin.py:190} INFO - [2024-10-02T17:10:30.126+0000] {dagbag.py:588} INFO - Filling up the DagBag from /opt/airflow/dags/profiling_quality_init/run.py
[2024-10-02T17:10:31.362+0000] {processor.py:925} INFO - DAG(s) 'profiling_quality_init' retrieved from /opt/airflow/dags/profiling_quality_init/run.py
[2024-10-02T17:10:31.424+0000] {logging_mixin.py:190} INFO - [2024-10-02T17:10:31.423+0000] {dag.py:3239} INFO - Sync 1 DAGs
[2024-10-02T17:10:31.479+0000] {logging_mixin.py:190} INFO - [2024-10-02T17:10:31.479+0000] {dag.py:4180} INFO - Setting next_dagrun for profiling_quality_init to 2024-09-01 00:00:00+00:00, run_after=2024-09-01 00:00:00+00:00
[2024-10-02T17:10:31.511+0000] {processor.py:208} INFO - Processing /opt/airflow/dags/profiling_quality_init/run.py took 1.417 seconds
[2024-10-02T17:11:01.701+0000] {processor.py:186} INFO - Started process (PID=11425) to work on /opt/airflow/dags/profiling_quality_init/run.py
[2024-10-02T17:11:01.715+0000] {processor.py:914} INFO - Processing file /opt/airflow/dags/profiling_quality_init/run.py for tasks to queue
[2024-10-02T17:11:01.719+0000] {logging_mixin.py:190} INFO - [2024-10-02T17:11:01.718+0000] {dagbag.py:588} INFO - Filling up the DagBag from /opt/airflow/dags/profiling_quality_init/run.py
[2024-10-02T17:11:07.731+0000] {processor.py:925} INFO - DAG(s) 'profiling_quality_init' retrieved from /opt/airflow/dags/profiling_quality_init/run.py
[2024-10-02T17:11:07.934+0000] {logging_mixin.py:190} INFO - [2024-10-02T17:11:07.933+0000] {dag.py:3239} INFO - Sync 1 DAGs
[2024-10-02T17:11:08.078+0000] {logging_mixin.py:190} INFO - [2024-10-02T17:11:08.077+0000] {dag.py:4180} INFO - Setting next_dagrun for profiling_quality_init to 2024-09-01 00:00:00+00:00, run_after=2024-09-01 00:00:00+00:00
[2024-10-02T17:11:09.212+0000] {processor.py:208} INFO - Processing /opt/airflow/dags/profiling_quality_init/run.py took 7.547 seconds
[2024-10-02T17:12:06.190+0000] {processor.py:186} INFO - Started process (PID=13575) to work on /opt/airflow/dags/profiling_quality_init/run.py
[2024-10-02T17:12:06.192+0000] {processor.py:914} INFO - Processing file /opt/airflow/dags/profiling_quality_init/run.py for tasks to queue
[2024-10-02T17:12:06.194+0000] {logging_mixin.py:190} INFO - [2024-10-02T17:12:06.193+0000] {dagbag.py:588} INFO - Filling up the DagBag from /opt/airflow/dags/profiling_quality_init/run.py
[2024-10-02T17:12:06.993+0000] {processor.py:925} INFO - DAG(s) 'profiling_quality_init' retrieved from /opt/airflow/dags/profiling_quality_init/run.py
[2024-10-02T17:12:07.048+0000] {logging_mixin.py:190} INFO - [2024-10-02T17:12:07.047+0000] {dag.py:3239} INFO - Sync 1 DAGs
[2024-10-02T17:12:07.090+0000] {logging_mixin.py:190} INFO - [2024-10-02T17:12:07.090+0000] {dag.py:4180} INFO - Setting next_dagrun for profiling_quality_init to 2024-09-01 00:00:00+00:00, run_after=2024-09-01 00:00:00+00:00
[2024-10-02T17:12:07.130+0000] {processor.py:208} INFO - Processing /opt/airflow/dags/profiling_quality_init/run.py took 0.953 seconds
[2024-10-02T17:12:44.526+0000] {processor.py:186} INFO - Started process (PID=13955) to work on /opt/airflow/dags/profiling_quality_init/run.py
[2024-10-02T17:12:44.562+0000] {processor.py:914} INFO - Processing file /opt/airflow/dags/profiling_quality_init/run.py for tasks to queue
[2024-10-02T17:12:44.564+0000] {logging_mixin.py:190} INFO - [2024-10-02T17:12:44.563+0000] {dagbag.py:588} INFO - Filling up the DagBag from /opt/airflow/dags/profiling_quality_init/run.py
[2024-10-02T17:12:45.142+0000] {processor.py:925} INFO - DAG(s) 'profiling_quality_init' retrieved from /opt/airflow/dags/profiling_quality_init/run.py
[2024-10-02T17:12:45.176+0000] {logging_mixin.py:190} INFO - [2024-10-02T17:12:45.175+0000] {dag.py:3239} INFO - Sync 1 DAGs
[2024-10-02T17:12:45.203+0000] {logging_mixin.py:190} INFO - [2024-10-02T17:12:45.203+0000] {dag.py:4180} INFO - Setting next_dagrun for profiling_quality_init to 2024-09-01 00:00:00+00:00, run_after=2024-09-01 00:00:00+00:00
[2024-10-02T17:12:45.249+0000] {processor.py:208} INFO - Processing /opt/airflow/dags/profiling_quality_init/run.py took 0.734 seconds
[2024-10-02T17:13:20.643+0000] {processor.py:186} INFO - Started process (PID=14230) to work on /opt/airflow/dags/profiling_quality_init/run.py
[2024-10-02T17:13:20.645+0000] {processor.py:914} INFO - Processing file /opt/airflow/dags/profiling_quality_init/run.py for tasks to queue
[2024-10-02T17:13:20.648+0000] {logging_mixin.py:190} INFO - [2024-10-02T17:13:20.647+0000] {dagbag.py:588} INFO - Filling up the DagBag from /opt/airflow/dags/profiling_quality_init/run.py
[2024-10-02T17:13:21.775+0000] {processor.py:925} INFO - DAG(s) 'profiling_quality_init' retrieved from /opt/airflow/dags/profiling_quality_init/run.py
[2024-10-02T17:13:21.838+0000] {logging_mixin.py:190} INFO - [2024-10-02T17:13:21.837+0000] {dag.py:3239} INFO - Sync 1 DAGs
[2024-10-02T17:13:22.289+0000] {logging_mixin.py:190} INFO - [2024-10-02T17:13:22.289+0000] {dag.py:4180} INFO - Setting next_dagrun for profiling_quality_init to 2024-09-01 00:00:00+00:00, run_after=2024-09-01 00:00:00+00:00
[2024-10-02T17:13:22.386+0000] {processor.py:208} INFO - Processing /opt/airflow/dags/profiling_quality_init/run.py took 1.759 seconds
[2024-10-02T17:13:53.272+0000] {processor.py:186} INFO - Started process (PID=14446) to work on /opt/airflow/dags/profiling_quality_init/run.py
[2024-10-02T17:13:53.276+0000] {processor.py:914} INFO - Processing file /opt/airflow/dags/profiling_quality_init/run.py for tasks to queue
[2024-10-02T17:13:53.281+0000] {logging_mixin.py:190} INFO - [2024-10-02T17:13:53.279+0000] {dagbag.py:588} INFO - Filling up the DagBag from /opt/airflow/dags/profiling_quality_init/run.py
[2024-10-02T17:13:54.701+0000] {processor.py:925} INFO - DAG(s) 'profiling_quality_init' retrieved from /opt/airflow/dags/profiling_quality_init/run.py
[2024-10-02T17:13:54.773+0000] {logging_mixin.py:190} INFO - [2024-10-02T17:13:54.771+0000] {dag.py:3239} INFO - Sync 1 DAGs
[2024-10-02T17:13:54.869+0000] {logging_mixin.py:190} INFO - [2024-10-02T17:13:54.868+0000] {dag.py:4180} INFO - Setting next_dagrun for profiling_quality_init to 2024-09-01 00:00:00+00:00, run_after=2024-09-01 00:00:00+00:00
[2024-10-02T17:13:54.945+0000] {processor.py:208} INFO - Processing /opt/airflow/dags/profiling_quality_init/run.py took 1.698 seconds
[2024-10-02T17:14:25.410+0000] {processor.py:186} INFO - Started process (PID=14763) to work on /opt/airflow/dags/profiling_quality_init/run.py
[2024-10-02T17:14:25.422+0000] {processor.py:914} INFO - Processing file /opt/airflow/dags/profiling_quality_init/run.py for tasks to queue
[2024-10-02T17:14:25.424+0000] {logging_mixin.py:190} INFO - [2024-10-02T17:14:25.423+0000] {dagbag.py:588} INFO - Filling up the DagBag from /opt/airflow/dags/profiling_quality_init/run.py
[2024-10-02T17:14:26.329+0000] {processor.py:925} INFO - DAG(s) 'profiling_quality_init' retrieved from /opt/airflow/dags/profiling_quality_init/run.py
[2024-10-02T17:14:26.371+0000] {logging_mixin.py:190} INFO - [2024-10-02T17:14:26.370+0000] {dag.py:3239} INFO - Sync 1 DAGs
[2024-10-02T17:14:26.404+0000] {logging_mixin.py:190} INFO - [2024-10-02T17:14:26.404+0000] {dag.py:4180} INFO - Setting next_dagrun for profiling_quality_init to 2024-09-01 00:00:00+00:00, run_after=2024-09-01 00:00:00+00:00
[2024-10-02T17:14:26.431+0000] {processor.py:208} INFO - Processing /opt/airflow/dags/profiling_quality_init/run.py took 1.033 seconds
