[2024-10-02T17:20:00.554+0000] {local_task_job_runner.py:123} INFO - ::group::Pre task execution logs
[2024-10-02T17:20:00.594+0000] {taskinstance.py:2612} INFO - Dependencies all met for dep_context=non-requeueable deps ti=<TaskInstance: etl_pipeline.staging.dellstore_db.load.orderlines manual__2024-10-02T17:10:54.658014+00:00 [queued]>
[2024-10-02T17:20:00.611+0000] {taskinstance.py:2612} INFO - Dependencies all met for dep_context=requeueable deps ti=<TaskInstance: etl_pipeline.staging.dellstore_db.load.orderlines manual__2024-10-02T17:10:54.658014+00:00 [queued]>
[2024-10-02T17:20:00.611+0000] {taskinstance.py:2865} INFO - Starting attempt 1 of 1
[2024-10-02T17:20:00.640+0000] {taskinstance.py:2888} INFO - Executing <Task(PythonOperator): staging.dellstore_db.load.orderlines> on 2024-10-02 17:10:54.658014+00:00
[2024-10-02T17:20:00.651+0000] {clientserver.py:543} INFO - Closing down clientserver connection
[2024-10-02T17:20:00.662+0000] {logging_mixin.py:190} WARNING - /home/***/.local/lib/python3.12/site-packages/***/task/task_runner/standard_task_runner.py:70 DeprecationWarning: This process (pid=19253) is multi-threaded, use of fork() may lead to deadlocks in the child.
[2024-10-02T17:20:00.659+0000] {standard_task_runner.py:104} INFO - Running: ['***', 'tasks', 'run', 'etl_pipeline', 'staging.dellstore_db.load.orderlines', 'manual__2024-10-02T17:10:54.658014+00:00', '--job-id', '13433', '--raw', '--subdir', 'DAGS_FOLDER/etl_pipeline/run.py', '--cfg-path', '/tmp/tmp_v06qjhz']
[2024-10-02T17:20:00.663+0000] {standard_task_runner.py:105} INFO - Job 13433: Subtask staging.dellstore_db.load.orderlines
[2024-10-02T17:20:00.663+0000] {standard_task_runner.py:72} INFO - Started process 19541 to run task
[2024-10-02T17:20:00.774+0000] {task_command.py:467} INFO - Running <TaskInstance: etl_pipeline.staging.dellstore_db.load.orderlines manual__2024-10-02T17:10:54.658014+00:00 [running]> on host 19cd1516b3ca
[2024-10-02T17:20:01.335+0000] {taskinstance.py:3131} INFO - Exporting env vars: AIRFLOW_CTX_DAG_OWNER='***' AIRFLOW_CTX_DAG_ID='etl_pipeline' AIRFLOW_CTX_TASK_ID='staging.dellstore_db.load.orderlines' AIRFLOW_CTX_EXECUTION_DATE='2024-10-02T17:10:54.658014+00:00' AIRFLOW_CTX_TRY_NUMBER='1' AIRFLOW_CTX_DAG_RUN_ID='manual__2024-10-02T17:10:54.658014+00:00'
[2024-10-02T17:20:01.336+0000] {taskinstance.py:731} INFO - ::endgroup::
[2024-10-02T17:20:01.360+0000] {base.py:84} INFO - Retrieving connection 'staging_db'
[2024-10-02T17:20:01.379+0000] {base.py:84} INFO - Retrieving connection 'minio'
[2024-10-02T17:20:15.725+0000] {python.py:240} INFO - Done. Returned value was: None
[2024-10-02T17:20:15.751+0000] {taskinstance.py:340} INFO - ::group::Post task execution logs
[2024-10-02T17:20:15.753+0000] {taskinstance.py:352} INFO - Marking task as SUCCESS. dag_id=etl_pipeline, task_id=staging.dellstore_db.load.orderlines, run_id=manual__2024-10-02T17:10:54.658014+00:00, execution_date=20241002T171054, start_date=20241002T172000, end_date=20241002T172015
[2024-10-02T17:20:15.841+0000] {local_task_job_runner.py:266} INFO - Task exited with return code 0
[2024-10-02T17:20:16.154+0000] {taskinstance.py:3900} INFO - 2 downstream tasks scheduled from follow-on schedule check
[2024-10-02T17:20:16.157+0000] {local_task_job_runner.py:245} INFO - ::endgroup::
