[2024-10-04T06:36:35.736+0000] {processor.py:186} INFO - Started process (PID=194) to work on /opt/airflow/dags/etl_pipeline/run.py
[2024-10-04T06:36:35.739+0000] {processor.py:914} INFO - Processing file /opt/airflow/dags/etl_pipeline/run.py for tasks to queue
[2024-10-04T06:36:35.749+0000] {logging_mixin.py:190} INFO - [2024-10-04T06:36:35.748+0000] {dagbag.py:588} INFO - Filling up the DagBag from /opt/airflow/dags/etl_pipeline/run.py
[2024-10-04T06:36:49.339+0000] {processor.py:925} INFO - DAG(s) 'etl_pipeline' retrieved from /opt/airflow/dags/etl_pipeline/run.py
[2024-10-04T06:36:49.427+0000] {logging_mixin.py:190} INFO - [2024-10-04T06:36:49.426+0000] {dag.py:3239} INFO - Sync 1 DAGs
[2024-10-04T06:36:49.513+0000] {logging_mixin.py:190} INFO - [2024-10-04T06:36:49.513+0000] {dag.py:4180} INFO - Setting next_dagrun for etl_pipeline to 2024-10-04 00:00:00+00:00, run_after=2024-10-05 00:00:00+00:00
[2024-10-04T06:36:49.561+0000] {processor.py:208} INFO - Processing /opt/airflow/dags/etl_pipeline/run.py took 13.891 seconds
[2024-10-04T06:37:20.178+0000] {processor.py:186} INFO - Started process (PID=547) to work on /opt/airflow/dags/etl_pipeline/run.py
[2024-10-04T06:37:20.180+0000] {processor.py:914} INFO - Processing file /opt/airflow/dags/etl_pipeline/run.py for tasks to queue
[2024-10-04T06:37:20.185+0000] {logging_mixin.py:190} INFO - [2024-10-04T06:37:20.185+0000] {dagbag.py:588} INFO - Filling up the DagBag from /opt/airflow/dags/etl_pipeline/run.py
[2024-10-04T06:37:21.626+0000] {processor.py:925} INFO - DAG(s) 'etl_pipeline' retrieved from /opt/airflow/dags/etl_pipeline/run.py
[2024-10-04T06:37:21.753+0000] {logging_mixin.py:190} INFO - [2024-10-04T06:37:21.751+0000] {dag.py:3239} INFO - Sync 1 DAGs
[2024-10-04T06:37:21.833+0000] {logging_mixin.py:190} INFO - [2024-10-04T06:37:21.833+0000] {dag.py:4180} INFO - Setting next_dagrun for etl_pipeline to 2024-10-04 00:00:00+00:00, run_after=2024-10-05 00:00:00+00:00
[2024-10-04T06:37:21.890+0000] {processor.py:208} INFO - Processing /opt/airflow/dags/etl_pipeline/run.py took 1.725 seconds
[2024-10-04T06:37:52.186+0000] {processor.py:186} INFO - Started process (PID=718) to work on /opt/airflow/dags/etl_pipeline/run.py
[2024-10-04T06:37:52.199+0000] {processor.py:914} INFO - Processing file /opt/airflow/dags/etl_pipeline/run.py for tasks to queue
[2024-10-04T06:37:52.202+0000] {logging_mixin.py:190} INFO - [2024-10-04T06:37:52.201+0000] {dagbag.py:588} INFO - Filling up the DagBag from /opt/airflow/dags/etl_pipeline/run.py
[2024-10-04T06:37:52.915+0000] {processor.py:925} INFO - DAG(s) 'etl_pipeline' retrieved from /opt/airflow/dags/etl_pipeline/run.py
[2024-10-04T06:37:52.968+0000] {logging_mixin.py:190} INFO - [2024-10-04T06:37:52.967+0000] {dag.py:3239} INFO - Sync 1 DAGs
[2024-10-04T06:37:53.004+0000] {logging_mixin.py:190} INFO - [2024-10-04T06:37:53.003+0000] {dag.py:4180} INFO - Setting next_dagrun for etl_pipeline to 2024-10-04 00:00:00+00:00, run_after=2024-10-05 00:00:00+00:00
[2024-10-04T06:37:53.040+0000] {processor.py:208} INFO - Processing /opt/airflow/dags/etl_pipeline/run.py took 0.865 seconds
[2024-10-04T06:38:23.747+0000] {processor.py:186} INFO - Started process (PID=773) to work on /opt/airflow/dags/etl_pipeline/run.py
[2024-10-04T06:38:23.749+0000] {processor.py:914} INFO - Processing file /opt/airflow/dags/etl_pipeline/run.py for tasks to queue
[2024-10-04T06:38:23.754+0000] {logging_mixin.py:190} INFO - [2024-10-04T06:38:23.753+0000] {dagbag.py:588} INFO - Filling up the DagBag from /opt/airflow/dags/etl_pipeline/run.py
[2024-10-04T06:38:24.731+0000] {processor.py:925} INFO - DAG(s) 'etl_pipeline' retrieved from /opt/airflow/dags/etl_pipeline/run.py
[2024-10-04T06:38:24.792+0000] {logging_mixin.py:190} INFO - [2024-10-04T06:38:24.791+0000] {dag.py:3239} INFO - Sync 1 DAGs
[2024-10-04T06:38:24.846+0000] {logging_mixin.py:190} INFO - [2024-10-04T06:38:24.845+0000] {dag.py:4180} INFO - Setting next_dagrun for etl_pipeline to 2024-10-04 00:00:00+00:00, run_after=2024-10-05 00:00:00+00:00
[2024-10-04T06:38:24.894+0000] {processor.py:208} INFO - Processing /opt/airflow/dags/etl_pipeline/run.py took 1.161 seconds
[2024-10-04T06:38:55.109+0000] {processor.py:186} INFO - Started process (PID=822) to work on /opt/airflow/dags/etl_pipeline/run.py
[2024-10-04T06:38:55.111+0000] {processor.py:914} INFO - Processing file /opt/airflow/dags/etl_pipeline/run.py for tasks to queue
[2024-10-04T06:38:55.115+0000] {logging_mixin.py:190} INFO - [2024-10-04T06:38:55.114+0000] {dagbag.py:588} INFO - Filling up the DagBag from /opt/airflow/dags/etl_pipeline/run.py
[2024-10-04T06:38:55.932+0000] {processor.py:925} INFO - DAG(s) 'etl_pipeline' retrieved from /opt/airflow/dags/etl_pipeline/run.py
[2024-10-04T06:38:55.972+0000] {logging_mixin.py:190} INFO - [2024-10-04T06:38:55.971+0000] {dag.py:3239} INFO - Sync 1 DAGs
[2024-10-04T06:38:56.001+0000] {logging_mixin.py:190} INFO - [2024-10-04T06:38:56.000+0000] {dag.py:4180} INFO - Setting next_dagrun for etl_pipeline to 2024-10-04 00:00:00+00:00, run_after=2024-10-05 00:00:00+00:00
[2024-10-04T06:38:56.037+0000] {processor.py:208} INFO - Processing /opt/airflow/dags/etl_pipeline/run.py took 0.939 seconds
[2024-10-04T06:39:26.422+0000] {processor.py:186} INFO - Started process (PID=1004) to work on /opt/airflow/dags/etl_pipeline/run.py
[2024-10-04T06:39:26.432+0000] {processor.py:914} INFO - Processing file /opt/airflow/dags/etl_pipeline/run.py for tasks to queue
[2024-10-04T06:39:26.438+0000] {logging_mixin.py:190} INFO - [2024-10-04T06:39:26.437+0000] {dagbag.py:588} INFO - Filling up the DagBag from /opt/airflow/dags/etl_pipeline/run.py
[2024-10-04T06:39:29.147+0000] {processor.py:925} INFO - DAG(s) 'etl_pipeline' retrieved from /opt/airflow/dags/etl_pipeline/run.py
[2024-10-04T06:39:29.239+0000] {logging_mixin.py:190} INFO - [2024-10-04T06:39:29.238+0000] {dag.py:3239} INFO - Sync 1 DAGs
[2024-10-04T06:39:29.328+0000] {logging_mixin.py:190} INFO - [2024-10-04T06:39:29.328+0000] {dag.py:4180} INFO - Setting next_dagrun for etl_pipeline to 2024-10-04 00:00:00+00:00, run_after=2024-10-05 00:00:00+00:00
[2024-10-04T06:39:29.385+0000] {processor.py:208} INFO - Processing /opt/airflow/dags/etl_pipeline/run.py took 2.986 seconds
[2024-10-04T06:39:59.915+0000] {processor.py:186} INFO - Started process (PID=1140) to work on /opt/airflow/dags/etl_pipeline/run.py
[2024-10-04T06:39:59.918+0000] {processor.py:914} INFO - Processing file /opt/airflow/dags/etl_pipeline/run.py for tasks to queue
[2024-10-04T06:39:59.925+0000] {logging_mixin.py:190} INFO - [2024-10-04T06:39:59.924+0000] {dagbag.py:588} INFO - Filling up the DagBag from /opt/airflow/dags/etl_pipeline/run.py
[2024-10-04T06:40:01.143+0000] {processor.py:925} INFO - DAG(s) 'etl_pipeline' retrieved from /opt/airflow/dags/etl_pipeline/run.py
[2024-10-04T06:40:01.258+0000] {logging_mixin.py:190} INFO - [2024-10-04T06:40:01.257+0000] {dag.py:3239} INFO - Sync 1 DAGs
[2024-10-04T06:40:01.346+0000] {logging_mixin.py:190} INFO - [2024-10-04T06:40:01.345+0000] {dag.py:4180} INFO - Setting next_dagrun for etl_pipeline to 2024-10-04 00:00:00+00:00, run_after=2024-10-05 00:00:00+00:00
[2024-10-04T06:40:01.391+0000] {processor.py:208} INFO - Processing /opt/airflow/dags/etl_pipeline/run.py took 1.492 seconds
[2024-10-04T06:40:31.701+0000] {processor.py:186} INFO - Started process (PID=1200) to work on /opt/airflow/dags/etl_pipeline/run.py
[2024-10-04T06:40:31.703+0000] {processor.py:914} INFO - Processing file /opt/airflow/dags/etl_pipeline/run.py for tasks to queue
[2024-10-04T06:40:31.707+0000] {logging_mixin.py:190} INFO - [2024-10-04T06:40:31.707+0000] {dagbag.py:588} INFO - Filling up the DagBag from /opt/airflow/dags/etl_pipeline/run.py
[2024-10-04T06:40:32.517+0000] {processor.py:925} INFO - DAG(s) 'etl_pipeline' retrieved from /opt/airflow/dags/etl_pipeline/run.py
[2024-10-04T06:40:32.551+0000] {logging_mixin.py:190} INFO - [2024-10-04T06:40:32.550+0000] {dag.py:3239} INFO - Sync 1 DAGs
[2024-10-04T06:40:32.580+0000] {logging_mixin.py:190} INFO - [2024-10-04T06:40:32.580+0000] {dag.py:4180} INFO - Setting next_dagrun for etl_pipeline to 2024-10-04 00:00:00+00:00, run_after=2024-10-05 00:00:00+00:00
[2024-10-04T06:40:32.611+0000] {processor.py:208} INFO - Processing /opt/airflow/dags/etl_pipeline/run.py took 0.923 seconds
[2024-10-04T06:41:02.763+0000] {processor.py:186} INFO - Started process (PID=1249) to work on /opt/airflow/dags/etl_pipeline/run.py
[2024-10-04T06:41:02.776+0000] {processor.py:914} INFO - Processing file /opt/airflow/dags/etl_pipeline/run.py for tasks to queue
[2024-10-04T06:41:02.780+0000] {logging_mixin.py:190} INFO - [2024-10-04T06:41:02.779+0000] {dagbag.py:588} INFO - Filling up the DagBag from /opt/airflow/dags/etl_pipeline/run.py
[2024-10-04T06:41:03.380+0000] {processor.py:925} INFO - DAG(s) 'etl_pipeline' retrieved from /opt/airflow/dags/etl_pipeline/run.py
[2024-10-04T06:41:03.417+0000] {logging_mixin.py:190} INFO - [2024-10-04T06:41:03.416+0000] {dag.py:3239} INFO - Sync 1 DAGs
[2024-10-04T06:41:03.444+0000] {logging_mixin.py:190} INFO - [2024-10-04T06:41:03.444+0000] {dag.py:4180} INFO - Setting next_dagrun for etl_pipeline to 2024-10-04 00:00:00+00:00, run_after=2024-10-05 00:00:00+00:00
[2024-10-04T06:41:03.473+0000] {processor.py:208} INFO - Processing /opt/airflow/dags/etl_pipeline/run.py took 0.717 seconds
[2024-10-04T06:41:33.844+0000] {processor.py:186} INFO - Started process (PID=1296) to work on /opt/airflow/dags/etl_pipeline/run.py
[2024-10-04T06:41:33.856+0000] {processor.py:914} INFO - Processing file /opt/airflow/dags/etl_pipeline/run.py for tasks to queue
[2024-10-04T06:41:33.860+0000] {logging_mixin.py:190} INFO - [2024-10-04T06:41:33.859+0000] {dagbag.py:588} INFO - Filling up the DagBag from /opt/airflow/dags/etl_pipeline/run.py
[2024-10-04T06:41:34.567+0000] {processor.py:925} INFO - DAG(s) 'etl_pipeline' retrieved from /opt/airflow/dags/etl_pipeline/run.py
[2024-10-04T06:41:34.609+0000] {logging_mixin.py:190} INFO - [2024-10-04T06:41:34.608+0000] {dag.py:3239} INFO - Sync 1 DAGs
[2024-10-04T06:41:34.642+0000] {logging_mixin.py:190} INFO - [2024-10-04T06:41:34.642+0000] {dag.py:4180} INFO - Setting next_dagrun for etl_pipeline to 2024-10-04 00:00:00+00:00, run_after=2024-10-05 00:00:00+00:00
[2024-10-04T06:41:34.669+0000] {processor.py:208} INFO - Processing /opt/airflow/dags/etl_pipeline/run.py took 0.834 seconds
[2024-10-04T06:42:04.755+0000] {processor.py:186} INFO - Started process (PID=1335) to work on /opt/airflow/dags/etl_pipeline/run.py
[2024-10-04T06:42:04.761+0000] {processor.py:914} INFO - Processing file /opt/airflow/dags/etl_pipeline/run.py for tasks to queue
[2024-10-04T06:42:04.766+0000] {logging_mixin.py:190} INFO - [2024-10-04T06:42:04.766+0000] {dagbag.py:588} INFO - Filling up the DagBag from /opt/airflow/dags/etl_pipeline/run.py
[2024-10-04T06:42:05.894+0000] {processor.py:925} INFO - DAG(s) 'etl_pipeline' retrieved from /opt/airflow/dags/etl_pipeline/run.py
[2024-10-04T06:42:06.065+0000] {logging_mixin.py:190} INFO - [2024-10-04T06:42:06.064+0000] {dag.py:3239} INFO - Sync 1 DAGs
[2024-10-04T06:42:06.139+0000] {logging_mixin.py:190} INFO - [2024-10-04T06:42:06.138+0000] {dag.py:4180} INFO - Setting next_dagrun for etl_pipeline to 2024-10-04 00:00:00+00:00, run_after=2024-10-05 00:00:00+00:00
[2024-10-04T06:42:06.189+0000] {processor.py:208} INFO - Processing /opt/airflow/dags/etl_pipeline/run.py took 1.448 seconds
[2024-10-04T06:42:36.658+0000] {processor.py:186} INFO - Started process (PID=1390) to work on /opt/airflow/dags/etl_pipeline/run.py
[2024-10-04T06:42:36.660+0000] {processor.py:914} INFO - Processing file /opt/airflow/dags/etl_pipeline/run.py for tasks to queue
[2024-10-04T06:42:36.664+0000] {logging_mixin.py:190} INFO - [2024-10-04T06:42:36.663+0000] {dagbag.py:588} INFO - Filling up the DagBag from /opt/airflow/dags/etl_pipeline/run.py
[2024-10-04T06:42:37.542+0000] {processor.py:925} INFO - DAG(s) 'etl_pipeline' retrieved from /opt/airflow/dags/etl_pipeline/run.py
[2024-10-04T06:42:37.579+0000] {logging_mixin.py:190} INFO - [2024-10-04T06:42:37.578+0000] {dag.py:3239} INFO - Sync 1 DAGs
[2024-10-04T06:42:37.606+0000] {logging_mixin.py:190} INFO - [2024-10-04T06:42:37.605+0000] {dag.py:4180} INFO - Setting next_dagrun for etl_pipeline to 2024-10-04 00:00:00+00:00, run_after=2024-10-05 00:00:00+00:00
[2024-10-04T06:42:37.636+0000] {processor.py:208} INFO - Processing /opt/airflow/dags/etl_pipeline/run.py took 0.991 seconds
[2024-10-04T06:43:08.236+0000] {processor.py:186} INFO - Started process (PID=1439) to work on /opt/airflow/dags/etl_pipeline/run.py
[2024-10-04T06:43:08.238+0000] {processor.py:914} INFO - Processing file /opt/airflow/dags/etl_pipeline/run.py for tasks to queue
[2024-10-04T06:43:08.242+0000] {logging_mixin.py:190} INFO - [2024-10-04T06:43:08.241+0000] {dagbag.py:588} INFO - Filling up the DagBag from /opt/airflow/dags/etl_pipeline/run.py
[2024-10-04T06:43:09.409+0000] {processor.py:925} INFO - DAG(s) 'etl_pipeline' retrieved from /opt/airflow/dags/etl_pipeline/run.py
[2024-10-04T06:43:09.464+0000] {logging_mixin.py:190} INFO - [2024-10-04T06:43:09.463+0000] {dag.py:3239} INFO - Sync 1 DAGs
[2024-10-04T06:43:09.501+0000] {logging_mixin.py:190} INFO - [2024-10-04T06:43:09.501+0000] {dag.py:4180} INFO - Setting next_dagrun for etl_pipeline to 2024-10-04 00:00:00+00:00, run_after=2024-10-05 00:00:00+00:00
[2024-10-04T06:43:09.546+0000] {processor.py:208} INFO - Processing /opt/airflow/dags/etl_pipeline/run.py took 1.324 seconds
[2024-10-04T06:43:39.674+0000] {processor.py:186} INFO - Started process (PID=1492) to work on /opt/airflow/dags/etl_pipeline/run.py
[2024-10-04T06:43:39.686+0000] {processor.py:914} INFO - Processing file /opt/airflow/dags/etl_pipeline/run.py for tasks to queue
[2024-10-04T06:43:39.689+0000] {logging_mixin.py:190} INFO - [2024-10-04T06:43:39.688+0000] {dagbag.py:588} INFO - Filling up the DagBag from /opt/airflow/dags/etl_pipeline/run.py
[2024-10-04T06:43:40.379+0000] {processor.py:925} INFO - DAG(s) 'etl_pipeline' retrieved from /opt/airflow/dags/etl_pipeline/run.py
[2024-10-04T06:43:40.411+0000] {logging_mixin.py:190} INFO - [2024-10-04T06:43:40.411+0000] {dag.py:3239} INFO - Sync 1 DAGs
[2024-10-04T06:43:40.441+0000] {logging_mixin.py:190} INFO - [2024-10-04T06:43:40.441+0000] {dag.py:4180} INFO - Setting next_dagrun for etl_pipeline to 2024-10-04 00:00:00+00:00, run_after=2024-10-05 00:00:00+00:00
[2024-10-04T06:43:40.474+0000] {processor.py:208} INFO - Processing /opt/airflow/dags/etl_pipeline/run.py took 0.810 seconds
[2024-10-04T06:44:10.651+0000] {processor.py:186} INFO - Started process (PID=1537) to work on /opt/airflow/dags/etl_pipeline/run.py
[2024-10-04T06:44:10.654+0000] {processor.py:914} INFO - Processing file /opt/airflow/dags/etl_pipeline/run.py for tasks to queue
[2024-10-04T06:44:10.660+0000] {logging_mixin.py:190} INFO - [2024-10-04T06:44:10.659+0000] {dagbag.py:588} INFO - Filling up the DagBag from /opt/airflow/dags/etl_pipeline/run.py
[2024-10-04T06:44:11.666+0000] {processor.py:925} INFO - DAG(s) 'etl_pipeline' retrieved from /opt/airflow/dags/etl_pipeline/run.py
[2024-10-04T06:44:11.727+0000] {logging_mixin.py:190} INFO - [2024-10-04T06:44:11.727+0000] {dag.py:3239} INFO - Sync 1 DAGs
[2024-10-04T06:44:11.769+0000] {logging_mixin.py:190} INFO - [2024-10-04T06:44:11.768+0000] {dag.py:4180} INFO - Setting next_dagrun for etl_pipeline to 2024-10-04 00:00:00+00:00, run_after=2024-10-05 00:00:00+00:00
[2024-10-04T06:44:11.805+0000] {processor.py:208} INFO - Processing /opt/airflow/dags/etl_pipeline/run.py took 1.166 seconds
[2024-10-04T06:44:42.046+0000] {processor.py:186} INFO - Started process (PID=1595) to work on /opt/airflow/dags/etl_pipeline/run.py
[2024-10-04T06:44:42.048+0000] {processor.py:914} INFO - Processing file /opt/airflow/dags/etl_pipeline/run.py for tasks to queue
[2024-10-04T06:44:42.054+0000] {logging_mixin.py:190} INFO - [2024-10-04T06:44:42.052+0000] {dagbag.py:588} INFO - Filling up the DagBag from /opt/airflow/dags/etl_pipeline/run.py
[2024-10-04T06:44:42.757+0000] {processor.py:925} INFO - DAG(s) 'etl_pipeline' retrieved from /opt/airflow/dags/etl_pipeline/run.py
[2024-10-04T06:44:42.795+0000] {logging_mixin.py:190} INFO - [2024-10-04T06:44:42.794+0000] {dag.py:3239} INFO - Sync 1 DAGs
[2024-10-04T06:44:42.822+0000] {logging_mixin.py:190} INFO - [2024-10-04T06:44:42.822+0000] {dag.py:4180} INFO - Setting next_dagrun for etl_pipeline to 2024-10-04 00:00:00+00:00, run_after=2024-10-05 00:00:00+00:00
[2024-10-04T06:44:42.848+0000] {processor.py:208} INFO - Processing /opt/airflow/dags/etl_pipeline/run.py took 0.815 seconds
[2024-10-04T06:45:13.820+0000] {processor.py:186} INFO - Started process (PID=1644) to work on /opt/airflow/dags/etl_pipeline/run.py
[2024-10-04T06:45:13.822+0000] {processor.py:914} INFO - Processing file /opt/airflow/dags/etl_pipeline/run.py for tasks to queue
[2024-10-04T06:45:13.826+0000] {logging_mixin.py:190} INFO - [2024-10-04T06:45:13.825+0000] {dagbag.py:588} INFO - Filling up the DagBag from /opt/airflow/dags/etl_pipeline/run.py
[2024-10-04T06:45:15.095+0000] {processor.py:925} INFO - DAG(s) 'etl_pipeline' retrieved from /opt/airflow/dags/etl_pipeline/run.py
[2024-10-04T06:45:15.140+0000] {logging_mixin.py:190} INFO - [2024-10-04T06:45:15.139+0000] {dag.py:3239} INFO - Sync 1 DAGs
[2024-10-04T06:45:15.180+0000] {logging_mixin.py:190} INFO - [2024-10-04T06:45:15.180+0000] {dag.py:4180} INFO - Setting next_dagrun for etl_pipeline to 2024-10-04 00:00:00+00:00, run_after=2024-10-05 00:00:00+00:00
[2024-10-04T06:45:15.214+0000] {processor.py:208} INFO - Processing /opt/airflow/dags/etl_pipeline/run.py took 1.406 seconds
[2024-10-04T06:46:36.861+0000] {processor.py:186} INFO - Started process (PID=193) to work on /opt/airflow/dags/etl_pipeline/run.py
[2024-10-04T06:46:36.863+0000] {processor.py:914} INFO - Processing file /opt/airflow/dags/etl_pipeline/run.py for tasks to queue
[2024-10-04T06:46:36.867+0000] {logging_mixin.py:190} INFO - [2024-10-04T06:46:36.866+0000] {dagbag.py:588} INFO - Filling up the DagBag from /opt/airflow/dags/etl_pipeline/run.py
[2024-10-04T06:46:42.547+0000] {processor.py:925} INFO - DAG(s) 'etl_pipeline' retrieved from /opt/airflow/dags/etl_pipeline/run.py
[2024-10-04T06:46:42.607+0000] {logging_mixin.py:190} INFO - [2024-10-04T06:46:42.606+0000] {dag.py:3239} INFO - Sync 1 DAGs
[2024-10-04T06:46:42.646+0000] {logging_mixin.py:190} INFO - [2024-10-04T06:46:42.646+0000] {dag.py:4180} INFO - Setting next_dagrun for etl_pipeline to 2024-10-04 00:00:00+00:00, run_after=2024-10-05 00:00:00+00:00
[2024-10-04T06:46:42.677+0000] {processor.py:208} INFO - Processing /opt/airflow/dags/etl_pipeline/run.py took 5.827 seconds
[2024-10-04T06:47:13.073+0000] {processor.py:186} INFO - Started process (PID=269) to work on /opt/airflow/dags/etl_pipeline/run.py
[2024-10-04T06:47:13.075+0000] {processor.py:914} INFO - Processing file /opt/airflow/dags/etl_pipeline/run.py for tasks to queue
[2024-10-04T06:47:13.080+0000] {logging_mixin.py:190} INFO - [2024-10-04T06:47:13.080+0000] {dagbag.py:588} INFO - Filling up the DagBag from /opt/airflow/dags/etl_pipeline/run.py
[2024-10-04T06:47:14.068+0000] {processor.py:925} INFO - DAG(s) 'etl_pipeline' retrieved from /opt/airflow/dags/etl_pipeline/run.py
[2024-10-04T06:47:14.116+0000] {logging_mixin.py:190} INFO - [2024-10-04T06:47:14.115+0000] {dag.py:3239} INFO - Sync 1 DAGs
[2024-10-04T06:47:14.152+0000] {logging_mixin.py:190} INFO - [2024-10-04T06:47:14.152+0000] {dag.py:4180} INFO - Setting next_dagrun for etl_pipeline to 2024-10-04 00:00:00+00:00, run_after=2024-10-05 00:00:00+00:00
[2024-10-04T06:47:14.195+0000] {processor.py:208} INFO - Processing /opt/airflow/dags/etl_pipeline/run.py took 1.133 seconds
[2024-10-04T06:47:45.573+0000] {processor.py:186} INFO - Started process (PID=456) to work on /opt/airflow/dags/etl_pipeline/run.py
[2024-10-04T06:47:45.576+0000] {processor.py:914} INFO - Processing file /opt/airflow/dags/etl_pipeline/run.py for tasks to queue
[2024-10-04T06:47:45.583+0000] {logging_mixin.py:190} INFO - [2024-10-04T06:47:45.581+0000] {dagbag.py:588} INFO - Filling up the DagBag from /opt/airflow/dags/etl_pipeline/run.py
[2024-10-04T06:47:47.333+0000] {processor.py:925} INFO - DAG(s) 'etl_pipeline' retrieved from /opt/airflow/dags/etl_pipeline/run.py
[2024-10-04T06:47:47.464+0000] {logging_mixin.py:190} INFO - [2024-10-04T06:47:47.463+0000] {dag.py:3239} INFO - Sync 1 DAGs
[2024-10-04T06:47:47.574+0000] {logging_mixin.py:190} INFO - [2024-10-04T06:47:47.572+0000] {dag.py:4180} INFO - Setting next_dagrun for etl_pipeline to 2024-10-04 00:00:00+00:00, run_after=2024-10-05 00:00:00+00:00
[2024-10-04T06:47:47.641+0000] {processor.py:208} INFO - Processing /opt/airflow/dags/etl_pipeline/run.py took 2.087 seconds
[2024-10-04T06:48:17.959+0000] {processor.py:186} INFO - Started process (PID=612) to work on /opt/airflow/dags/etl_pipeline/run.py
[2024-10-04T06:48:17.960+0000] {processor.py:914} INFO - Processing file /opt/airflow/dags/etl_pipeline/run.py for tasks to queue
[2024-10-04T06:48:17.963+0000] {logging_mixin.py:190} INFO - [2024-10-04T06:48:17.962+0000] {dagbag.py:588} INFO - Filling up the DagBag from /opt/airflow/dags/etl_pipeline/run.py
[2024-10-04T06:48:18.676+0000] {processor.py:925} INFO - DAG(s) 'etl_pipeline' retrieved from /opt/airflow/dags/etl_pipeline/run.py
[2024-10-04T06:48:18.717+0000] {logging_mixin.py:190} INFO - [2024-10-04T06:48:18.716+0000] {dag.py:3239} INFO - Sync 1 DAGs
[2024-10-04T06:48:18.746+0000] {logging_mixin.py:190} INFO - [2024-10-04T06:48:18.745+0000] {dag.py:4180} INFO - Setting next_dagrun for etl_pipeline to 2024-10-04 00:00:00+00:00, run_after=2024-10-05 00:00:00+00:00
[2024-10-04T06:48:18.786+0000] {processor.py:208} INFO - Processing /opt/airflow/dags/etl_pipeline/run.py took 0.834 seconds
[2024-10-04T06:48:48.889+0000] {processor.py:186} INFO - Started process (PID=659) to work on /opt/airflow/dags/etl_pipeline/run.py
[2024-10-04T06:48:48.891+0000] {processor.py:914} INFO - Processing file /opt/airflow/dags/etl_pipeline/run.py for tasks to queue
[2024-10-04T06:48:48.896+0000] {logging_mixin.py:190} INFO - [2024-10-04T06:48:48.895+0000] {dagbag.py:588} INFO - Filling up the DagBag from /opt/airflow/dags/etl_pipeline/run.py
[2024-10-04T06:48:49.811+0000] {processor.py:925} INFO - DAG(s) 'etl_pipeline' retrieved from /opt/airflow/dags/etl_pipeline/run.py
[2024-10-04T06:48:49.857+0000] {logging_mixin.py:190} INFO - [2024-10-04T06:48:49.857+0000] {dag.py:3239} INFO - Sync 1 DAGs
[2024-10-04T06:48:49.899+0000] {logging_mixin.py:190} INFO - [2024-10-04T06:48:49.899+0000] {dag.py:4180} INFO - Setting next_dagrun for etl_pipeline to 2024-10-04 00:00:00+00:00, run_after=2024-10-05 00:00:00+00:00
[2024-10-04T06:48:49.929+0000] {processor.py:208} INFO - Processing /opt/airflow/dags/etl_pipeline/run.py took 1.057 seconds
[2024-10-04T06:49:20.022+0000] {processor.py:186} INFO - Started process (PID=713) to work on /opt/airflow/dags/etl_pipeline/run.py
[2024-10-04T06:49:20.024+0000] {processor.py:914} INFO - Processing file /opt/airflow/dags/etl_pipeline/run.py for tasks to queue
[2024-10-04T06:49:20.027+0000] {logging_mixin.py:190} INFO - [2024-10-04T06:49:20.027+0000] {dagbag.py:588} INFO - Filling up the DagBag from /opt/airflow/dags/etl_pipeline/run.py
[2024-10-04T06:49:20.686+0000] {processor.py:925} INFO - DAG(s) 'etl_pipeline' retrieved from /opt/airflow/dags/etl_pipeline/run.py
[2024-10-04T06:49:20.738+0000] {logging_mixin.py:190} INFO - [2024-10-04T06:49:20.737+0000] {dag.py:3239} INFO - Sync 1 DAGs
[2024-10-04T06:49:20.775+0000] {logging_mixin.py:190} INFO - [2024-10-04T06:49:20.775+0000] {dag.py:4180} INFO - Setting next_dagrun for etl_pipeline to 2024-10-04 00:00:00+00:00, run_after=2024-10-05 00:00:00+00:00
[2024-10-04T06:49:20.818+0000] {processor.py:208} INFO - Processing /opt/airflow/dags/etl_pipeline/run.py took 0.807 seconds
[2024-10-04T06:49:50.869+0000] {processor.py:186} INFO - Started process (PID=762) to work on /opt/airflow/dags/etl_pipeline/run.py
[2024-10-04T06:49:50.871+0000] {processor.py:914} INFO - Processing file /opt/airflow/dags/etl_pipeline/run.py for tasks to queue
[2024-10-04T06:49:50.874+0000] {logging_mixin.py:190} INFO - [2024-10-04T06:49:50.874+0000] {dagbag.py:588} INFO - Filling up the DagBag from /opt/airflow/dags/etl_pipeline/run.py
[2024-10-04T06:49:51.523+0000] {processor.py:925} INFO - DAG(s) 'etl_pipeline' retrieved from /opt/airflow/dags/etl_pipeline/run.py
[2024-10-04T06:49:51.588+0000] {logging_mixin.py:190} INFO - [2024-10-04T06:49:51.588+0000] {dag.py:3239} INFO - Sync 1 DAGs
[2024-10-04T06:49:51.648+0000] {logging_mixin.py:190} INFO - [2024-10-04T06:49:51.648+0000] {dag.py:4180} INFO - Setting next_dagrun for etl_pipeline to 2024-10-04 00:00:00+00:00, run_after=2024-10-05 00:00:00+00:00
[2024-10-04T06:49:51.703+0000] {processor.py:208} INFO - Processing /opt/airflow/dags/etl_pipeline/run.py took 0.843 seconds
[2024-10-04T06:50:22.317+0000] {processor.py:186} INFO - Started process (PID=818) to work on /opt/airflow/dags/etl_pipeline/run.py
[2024-10-04T06:50:22.319+0000] {processor.py:914} INFO - Processing file /opt/airflow/dags/etl_pipeline/run.py for tasks to queue
[2024-10-04T06:50:22.323+0000] {logging_mixin.py:190} INFO - [2024-10-04T06:50:22.322+0000] {dagbag.py:588} INFO - Filling up the DagBag from /opt/airflow/dags/etl_pipeline/run.py
[2024-10-04T06:50:22.990+0000] {processor.py:925} INFO - DAG(s) 'etl_pipeline' retrieved from /opt/airflow/dags/etl_pipeline/run.py
[2024-10-04T06:50:23.034+0000] {logging_mixin.py:190} INFO - [2024-10-04T06:50:23.033+0000] {dag.py:3239} INFO - Sync 1 DAGs
[2024-10-04T06:50:23.062+0000] {logging_mixin.py:190} INFO - [2024-10-04T06:50:23.062+0000] {dag.py:4180} INFO - Setting next_dagrun for etl_pipeline to 2024-10-04 00:00:00+00:00, run_after=2024-10-05 00:00:00+00:00
[2024-10-04T06:50:23.091+0000] {processor.py:208} INFO - Processing /opt/airflow/dags/etl_pipeline/run.py took 0.784 seconds
[2024-10-04T06:50:53.470+0000] {processor.py:186} INFO - Started process (PID=867) to work on /opt/airflow/dags/etl_pipeline/run.py
[2024-10-04T06:50:53.477+0000] {processor.py:914} INFO - Processing file /opt/airflow/dags/etl_pipeline/run.py for tasks to queue
[2024-10-04T06:50:53.481+0000] {logging_mixin.py:190} INFO - [2024-10-04T06:50:53.480+0000] {dagbag.py:588} INFO - Filling up the DagBag from /opt/airflow/dags/etl_pipeline/run.py
[2024-10-04T06:50:54.309+0000] {processor.py:925} INFO - DAG(s) 'etl_pipeline' retrieved from /opt/airflow/dags/etl_pipeline/run.py
[2024-10-04T06:50:54.354+0000] {logging_mixin.py:190} INFO - [2024-10-04T06:50:54.354+0000] {dag.py:3239} INFO - Sync 1 DAGs
[2024-10-04T06:50:54.391+0000] {logging_mixin.py:190} INFO - [2024-10-04T06:50:54.391+0000] {dag.py:4180} INFO - Setting next_dagrun for etl_pipeline to 2024-10-04 00:00:00+00:00, run_after=2024-10-05 00:00:00+00:00
[2024-10-04T06:50:54.431+0000] {processor.py:208} INFO - Processing /opt/airflow/dags/etl_pipeline/run.py took 0.972 seconds
[2024-10-04T06:51:24.538+0000] {processor.py:186} INFO - Started process (PID=916) to work on /opt/airflow/dags/etl_pipeline/run.py
[2024-10-04T06:51:24.540+0000] {processor.py:914} INFO - Processing file /opt/airflow/dags/etl_pipeline/run.py for tasks to queue
[2024-10-04T06:51:24.544+0000] {logging_mixin.py:190} INFO - [2024-10-04T06:51:24.544+0000] {dagbag.py:588} INFO - Filling up the DagBag from /opt/airflow/dags/etl_pipeline/run.py
[2024-10-04T06:51:25.245+0000] {processor.py:925} INFO - DAG(s) 'etl_pipeline' retrieved from /opt/airflow/dags/etl_pipeline/run.py
[2024-10-04T06:51:25.280+0000] {logging_mixin.py:190} INFO - [2024-10-04T06:51:25.280+0000] {dag.py:3239} INFO - Sync 1 DAGs
[2024-10-04T06:51:25.310+0000] {logging_mixin.py:190} INFO - [2024-10-04T06:51:25.310+0000] {dag.py:4180} INFO - Setting next_dagrun for etl_pipeline to 2024-10-04 00:00:00+00:00, run_after=2024-10-05 00:00:00+00:00
[2024-10-04T06:51:25.345+0000] {processor.py:208} INFO - Processing /opt/airflow/dags/etl_pipeline/run.py took 0.819 seconds
[2024-10-04T06:51:55.423+0000] {processor.py:186} INFO - Started process (PID=961) to work on /opt/airflow/dags/etl_pipeline/run.py
[2024-10-04T06:51:55.435+0000] {processor.py:914} INFO - Processing file /opt/airflow/dags/etl_pipeline/run.py for tasks to queue
[2024-10-04T06:51:55.440+0000] {logging_mixin.py:190} INFO - [2024-10-04T06:51:55.439+0000] {dagbag.py:588} INFO - Filling up the DagBag from /opt/airflow/dags/etl_pipeline/run.py
[2024-10-04T06:51:56.252+0000] {processor.py:925} INFO - DAG(s) 'etl_pipeline' retrieved from /opt/airflow/dags/etl_pipeline/run.py
[2024-10-04T06:51:56.294+0000] {logging_mixin.py:190} INFO - [2024-10-04T06:51:56.294+0000] {dag.py:3239} INFO - Sync 1 DAGs
[2024-10-04T06:51:56.327+0000] {logging_mixin.py:190} INFO - [2024-10-04T06:51:56.327+0000] {dag.py:4180} INFO - Setting next_dagrun for etl_pipeline to 2024-10-04 00:00:00+00:00, run_after=2024-10-05 00:00:00+00:00
[2024-10-04T06:51:56.356+0000] {processor.py:208} INFO - Processing /opt/airflow/dags/etl_pipeline/run.py took 0.944 seconds
[2024-10-04T06:52:26.581+0000] {processor.py:186} INFO - Started process (PID=1025) to work on /opt/airflow/dags/etl_pipeline/run.py
[2024-10-04T06:52:26.583+0000] {processor.py:914} INFO - Processing file /opt/airflow/dags/etl_pipeline/run.py for tasks to queue
[2024-10-04T06:52:26.586+0000] {logging_mixin.py:190} INFO - [2024-10-04T06:52:26.585+0000] {dagbag.py:588} INFO - Filling up the DagBag from /opt/airflow/dags/etl_pipeline/run.py
[2024-10-04T06:52:27.728+0000] {processor.py:925} INFO - DAG(s) 'etl_pipeline' retrieved from /opt/airflow/dags/etl_pipeline/run.py
[2024-10-04T06:52:27.988+0000] {logging_mixin.py:190} INFO - [2024-10-04T06:52:27.986+0000] {dag.py:3239} INFO - Sync 1 DAGs
[2024-10-04T06:52:28.120+0000] {logging_mixin.py:190} INFO - [2024-10-04T06:52:28.120+0000] {dag.py:4180} INFO - Setting next_dagrun for etl_pipeline to 2024-10-04 00:00:00+00:00, run_after=2024-10-05 00:00:00+00:00
[2024-10-04T06:52:28.200+0000] {processor.py:208} INFO - Processing /opt/airflow/dags/etl_pipeline/run.py took 1.631 seconds
[2024-10-04T06:52:58.874+0000] {processor.py:186} INFO - Started process (PID=1221) to work on /opt/airflow/dags/etl_pipeline/run.py
[2024-10-04T06:52:58.886+0000] {processor.py:914} INFO - Processing file /opt/airflow/dags/etl_pipeline/run.py for tasks to queue
[2024-10-04T06:52:58.890+0000] {logging_mixin.py:190} INFO - [2024-10-04T06:52:58.889+0000] {dagbag.py:588} INFO - Filling up the DagBag from /opt/airflow/dags/etl_pipeline/run.py
[2024-10-04T06:53:00.272+0000] {processor.py:925} INFO - DAG(s) 'etl_pipeline' retrieved from /opt/airflow/dags/etl_pipeline/run.py
[2024-10-04T06:53:00.349+0000] {logging_mixin.py:190} INFO - [2024-10-04T06:53:00.347+0000] {dag.py:3239} INFO - Sync 1 DAGs
[2024-10-04T06:53:00.446+0000] {logging_mixin.py:190} INFO - [2024-10-04T06:53:00.446+0000] {dag.py:4180} INFO - Setting next_dagrun for etl_pipeline to 2024-10-04 00:00:00+00:00, run_after=2024-10-05 00:00:00+00:00
[2024-10-04T06:53:00.522+0000] {processor.py:208} INFO - Processing /opt/airflow/dags/etl_pipeline/run.py took 1.660 seconds
[2024-10-04T06:53:30.837+0000] {processor.py:186} INFO - Started process (PID=1353) to work on /opt/airflow/dags/etl_pipeline/run.py
[2024-10-04T06:53:30.849+0000] {processor.py:914} INFO - Processing file /opt/airflow/dags/etl_pipeline/run.py for tasks to queue
[2024-10-04T06:53:30.854+0000] {logging_mixin.py:190} INFO - [2024-10-04T06:53:30.853+0000] {dagbag.py:588} INFO - Filling up the DagBag from /opt/airflow/dags/etl_pipeline/run.py
[2024-10-04T06:53:31.662+0000] {processor.py:925} INFO - DAG(s) 'etl_pipeline' retrieved from /opt/airflow/dags/etl_pipeline/run.py
[2024-10-04T06:53:31.698+0000] {logging_mixin.py:190} INFO - [2024-10-04T06:53:31.698+0000] {dag.py:3239} INFO - Sync 1 DAGs
[2024-10-04T06:53:31.726+0000] {logging_mixin.py:190} INFO - [2024-10-04T06:53:31.726+0000] {dag.py:4180} INFO - Setting next_dagrun for etl_pipeline to 2024-10-04 00:00:00+00:00, run_after=2024-10-05 00:00:00+00:00
[2024-10-04T06:53:31.762+0000] {processor.py:208} INFO - Processing /opt/airflow/dags/etl_pipeline/run.py took 0.939 seconds
[2024-10-04T06:54:01.941+0000] {processor.py:186} INFO - Started process (PID=1402) to work on /opt/airflow/dags/etl_pipeline/run.py
[2024-10-04T06:54:01.943+0000] {processor.py:914} INFO - Processing file /opt/airflow/dags/etl_pipeline/run.py for tasks to queue
[2024-10-04T06:54:01.947+0000] {logging_mixin.py:190} INFO - [2024-10-04T06:54:01.946+0000] {dagbag.py:588} INFO - Filling up the DagBag from /opt/airflow/dags/etl_pipeline/run.py
[2024-10-04T06:54:02.537+0000] {processor.py:925} INFO - DAG(s) 'etl_pipeline' retrieved from /opt/airflow/dags/etl_pipeline/run.py
[2024-10-04T06:54:02.576+0000] {logging_mixin.py:190} INFO - [2024-10-04T06:54:02.575+0000] {dag.py:3239} INFO - Sync 1 DAGs
[2024-10-04T06:54:02.619+0000] {logging_mixin.py:190} INFO - [2024-10-04T06:54:02.619+0000] {dag.py:4180} INFO - Setting next_dagrun for etl_pipeline to 2024-10-04 00:00:00+00:00, run_after=2024-10-05 00:00:00+00:00
[2024-10-04T06:54:02.644+0000] {processor.py:208} INFO - Processing /opt/airflow/dags/etl_pipeline/run.py took 0.711 seconds
[2024-10-04T06:54:32.925+0000] {processor.py:186} INFO - Started process (PID=1451) to work on /opt/airflow/dags/etl_pipeline/run.py
[2024-10-04T06:54:32.928+0000] {processor.py:914} INFO - Processing file /opt/airflow/dags/etl_pipeline/run.py for tasks to queue
[2024-10-04T06:54:32.932+0000] {logging_mixin.py:190} INFO - [2024-10-04T06:54:32.931+0000] {dagbag.py:588} INFO - Filling up the DagBag from /opt/airflow/dags/etl_pipeline/run.py
[2024-10-04T06:54:33.554+0000] {processor.py:925} INFO - DAG(s) 'etl_pipeline' retrieved from /opt/airflow/dags/etl_pipeline/run.py
[2024-10-04T06:54:33.602+0000] {logging_mixin.py:190} INFO - [2024-10-04T06:54:33.601+0000] {dag.py:3239} INFO - Sync 1 DAGs
[2024-10-04T06:54:33.655+0000] {logging_mixin.py:190} INFO - [2024-10-04T06:54:33.655+0000] {dag.py:4180} INFO - Setting next_dagrun for etl_pipeline to 2024-10-04 00:00:00+00:00, run_after=2024-10-05 00:00:00+00:00
[2024-10-04T06:54:33.694+0000] {processor.py:208} INFO - Processing /opt/airflow/dags/etl_pipeline/run.py took 0.776 seconds
[2024-10-04T06:55:04.365+0000] {processor.py:186} INFO - Started process (PID=1509) to work on /opt/airflow/dags/etl_pipeline/run.py
[2024-10-04T06:55:04.367+0000] {processor.py:914} INFO - Processing file /opt/airflow/dags/etl_pipeline/run.py for tasks to queue
[2024-10-04T06:55:04.373+0000] {logging_mixin.py:190} INFO - [2024-10-04T06:55:04.372+0000] {dagbag.py:588} INFO - Filling up the DagBag from /opt/airflow/dags/etl_pipeline/run.py
[2024-10-04T06:55:05.235+0000] {processor.py:925} INFO - DAG(s) 'etl_pipeline' retrieved from /opt/airflow/dags/etl_pipeline/run.py
[2024-10-04T06:55:05.280+0000] {logging_mixin.py:190} INFO - [2024-10-04T06:55:05.280+0000] {dag.py:3239} INFO - Sync 1 DAGs
[2024-10-04T06:55:05.317+0000] {logging_mixin.py:190} INFO - [2024-10-04T06:55:05.317+0000] {dag.py:4180} INFO - Setting next_dagrun for etl_pipeline to 2024-10-04 00:00:00+00:00, run_after=2024-10-05 00:00:00+00:00
[2024-10-04T06:55:05.345+0000] {processor.py:208} INFO - Processing /opt/airflow/dags/etl_pipeline/run.py took 0.993 seconds
[2024-10-04T06:55:36.017+0000] {processor.py:186} INFO - Started process (PID=1558) to work on /opt/airflow/dags/etl_pipeline/run.py
[2024-10-04T06:55:36.019+0000] {processor.py:914} INFO - Processing file /opt/airflow/dags/etl_pipeline/run.py for tasks to queue
[2024-10-04T06:55:36.024+0000] {logging_mixin.py:190} INFO - [2024-10-04T06:55:36.023+0000] {dagbag.py:588} INFO - Filling up the DagBag from /opt/airflow/dags/etl_pipeline/run.py
[2024-10-04T06:55:37.026+0000] {processor.py:925} INFO - DAG(s) 'etl_pipeline' retrieved from /opt/airflow/dags/etl_pipeline/run.py
[2024-10-04T06:55:37.098+0000] {logging_mixin.py:190} INFO - [2024-10-04T06:55:37.097+0000] {dag.py:3239} INFO - Sync 1 DAGs
[2024-10-04T06:55:37.138+0000] {logging_mixin.py:190} INFO - [2024-10-04T06:55:37.138+0000] {dag.py:4180} INFO - Setting next_dagrun for etl_pipeline to 2024-10-04 00:00:00+00:00, run_after=2024-10-05 00:00:00+00:00
[2024-10-04T06:55:37.173+0000] {processor.py:208} INFO - Processing /opt/airflow/dags/etl_pipeline/run.py took 1.170 seconds
[2024-10-04T06:56:07.345+0000] {processor.py:186} INFO - Started process (PID=1607) to work on /opt/airflow/dags/etl_pipeline/run.py
[2024-10-04T06:56:07.348+0000] {processor.py:914} INFO - Processing file /opt/airflow/dags/etl_pipeline/run.py for tasks to queue
[2024-10-04T06:56:07.352+0000] {logging_mixin.py:190} INFO - [2024-10-04T06:56:07.351+0000] {dagbag.py:588} INFO - Filling up the DagBag from /opt/airflow/dags/etl_pipeline/run.py
[2024-10-04T06:56:08.124+0000] {processor.py:925} INFO - DAG(s) 'etl_pipeline' retrieved from /opt/airflow/dags/etl_pipeline/run.py
[2024-10-04T06:56:08.175+0000] {logging_mixin.py:190} INFO - [2024-10-04T06:56:08.174+0000] {dag.py:3239} INFO - Sync 1 DAGs
[2024-10-04T06:56:08.216+0000] {logging_mixin.py:190} INFO - [2024-10-04T06:56:08.216+0000] {dag.py:4180} INFO - Setting next_dagrun for etl_pipeline to 2024-10-04 00:00:00+00:00, run_after=2024-10-05 00:00:00+00:00
[2024-10-04T06:56:08.243+0000] {processor.py:208} INFO - Processing /opt/airflow/dags/etl_pipeline/run.py took 0.908 seconds
[2024-10-04T06:56:38.633+0000] {processor.py:186} INFO - Started process (PID=1742) to work on /opt/airflow/dags/etl_pipeline/run.py
[2024-10-04T06:56:38.639+0000] {processor.py:914} INFO - Processing file /opt/airflow/dags/etl_pipeline/run.py for tasks to queue
[2024-10-04T06:56:38.648+0000] {logging_mixin.py:190} INFO - [2024-10-04T06:56:38.647+0000] {dagbag.py:588} INFO - Filling up the DagBag from /opt/airflow/dags/etl_pipeline/run.py
[2024-10-04T06:56:40.393+0000] {processor.py:925} INFO - DAG(s) 'etl_pipeline' retrieved from /opt/airflow/dags/etl_pipeline/run.py
[2024-10-04T06:56:40.665+0000] {logging_mixin.py:190} INFO - [2024-10-04T06:56:40.664+0000] {dag.py:3239} INFO - Sync 1 DAGs
[2024-10-04T06:56:40.761+0000] {logging_mixin.py:190} INFO - [2024-10-04T06:56:40.760+0000] {dag.py:4180} INFO - Setting next_dagrun for etl_pipeline to 2024-10-04 00:00:00+00:00, run_after=2024-10-05 00:00:00+00:00
[2024-10-04T06:56:40.836+0000] {processor.py:208} INFO - Processing /opt/airflow/dags/etl_pipeline/run.py took 2.227 seconds
[2024-10-04T06:57:11.402+0000] {processor.py:186} INFO - Started process (PID=1959) to work on /opt/airflow/dags/etl_pipeline/run.py
[2024-10-04T06:57:11.405+0000] {processor.py:914} INFO - Processing file /opt/airflow/dags/etl_pipeline/run.py for tasks to queue
[2024-10-04T06:57:11.412+0000] {logging_mixin.py:190} INFO - [2024-10-04T06:57:11.410+0000] {dagbag.py:588} INFO - Filling up the DagBag from /opt/airflow/dags/etl_pipeline/run.py
[2024-10-04T06:57:12.905+0000] {processor.py:925} INFO - DAG(s) 'etl_pipeline' retrieved from /opt/airflow/dags/etl_pipeline/run.py
[2024-10-04T06:57:12.989+0000] {logging_mixin.py:190} INFO - [2024-10-04T06:57:12.988+0000] {dag.py:3239} INFO - Sync 1 DAGs
[2024-10-04T06:57:13.061+0000] {logging_mixin.py:190} INFO - [2024-10-04T06:57:13.061+0000] {dag.py:4180} INFO - Setting next_dagrun for etl_pipeline to 2024-10-04 00:00:00+00:00, run_after=2024-10-05 00:00:00+00:00
[2024-10-04T06:57:13.106+0000] {processor.py:208} INFO - Processing /opt/airflow/dags/etl_pipeline/run.py took 1.719 seconds
[2024-10-04T06:57:43.358+0000] {processor.py:186} INFO - Started process (PID=2068) to work on /opt/airflow/dags/etl_pipeline/run.py
[2024-10-04T06:57:43.360+0000] {processor.py:914} INFO - Processing file /opt/airflow/dags/etl_pipeline/run.py for tasks to queue
[2024-10-04T06:57:43.364+0000] {logging_mixin.py:190} INFO - [2024-10-04T06:57:43.363+0000] {dagbag.py:588} INFO - Filling up the DagBag from /opt/airflow/dags/etl_pipeline/run.py
[2024-10-04T06:57:43.992+0000] {processor.py:925} INFO - DAG(s) 'etl_pipeline' retrieved from /opt/airflow/dags/etl_pipeline/run.py
[2024-10-04T06:57:44.029+0000] {logging_mixin.py:190} INFO - [2024-10-04T06:57:44.028+0000] {dag.py:3239} INFO - Sync 1 DAGs
[2024-10-04T06:57:44.061+0000] {logging_mixin.py:190} INFO - [2024-10-04T06:57:44.061+0000] {dag.py:4180} INFO - Setting next_dagrun for etl_pipeline to 2024-10-04 00:00:00+00:00, run_after=2024-10-05 00:00:00+00:00
[2024-10-04T06:57:44.087+0000] {processor.py:208} INFO - Processing /opt/airflow/dags/etl_pipeline/run.py took 0.738 seconds
[2024-10-04T06:58:14.758+0000] {processor.py:186} INFO - Started process (PID=2117) to work on /opt/airflow/dags/etl_pipeline/run.py
[2024-10-04T06:58:14.760+0000] {processor.py:914} INFO - Processing file /opt/airflow/dags/etl_pipeline/run.py for tasks to queue
[2024-10-04T06:58:14.765+0000] {logging_mixin.py:190} INFO - [2024-10-04T06:58:14.764+0000] {dagbag.py:588} INFO - Filling up the DagBag from /opt/airflow/dags/etl_pipeline/run.py
[2024-10-04T06:58:15.933+0000] {processor.py:925} INFO - DAG(s) 'etl_pipeline' retrieved from /opt/airflow/dags/etl_pipeline/run.py
[2024-10-04T06:58:15.996+0000] {logging_mixin.py:190} INFO - [2024-10-04T06:58:15.996+0000] {dag.py:3239} INFO - Sync 1 DAGs
[2024-10-04T06:58:16.045+0000] {logging_mixin.py:190} INFO - [2024-10-04T06:58:16.045+0000] {dag.py:4180} INFO - Setting next_dagrun for etl_pipeline to 2024-10-04 00:00:00+00:00, run_after=2024-10-05 00:00:00+00:00
[2024-10-04T06:58:16.083+0000] {processor.py:208} INFO - Processing /opt/airflow/dags/etl_pipeline/run.py took 1.337 seconds
[2024-10-04T06:58:46.352+0000] {processor.py:186} INFO - Started process (PID=2166) to work on /opt/airflow/dags/etl_pipeline/run.py
[2024-10-04T06:58:46.354+0000] {processor.py:914} INFO - Processing file /opt/airflow/dags/etl_pipeline/run.py for tasks to queue
[2024-10-04T06:58:46.357+0000] {logging_mixin.py:190} INFO - [2024-10-04T06:58:46.357+0000] {dagbag.py:588} INFO - Filling up the DagBag from /opt/airflow/dags/etl_pipeline/run.py
[2024-10-04T06:58:47.070+0000] {processor.py:925} INFO - DAG(s) 'etl_pipeline' retrieved from /opt/airflow/dags/etl_pipeline/run.py
[2024-10-04T06:58:47.118+0000] {logging_mixin.py:190} INFO - [2024-10-04T06:58:47.118+0000] {dag.py:3239} INFO - Sync 1 DAGs
[2024-10-04T06:58:47.151+0000] {logging_mixin.py:190} INFO - [2024-10-04T06:58:47.150+0000] {dag.py:4180} INFO - Setting next_dagrun for etl_pipeline to 2024-10-04 00:00:00+00:00, run_after=2024-10-05 00:00:00+00:00
[2024-10-04T06:58:47.188+0000] {processor.py:208} INFO - Processing /opt/airflow/dags/etl_pipeline/run.py took 0.844 seconds
