[2024-10-02T19:40:55.026+0000] {local_task_job_runner.py:123} INFO - ::group::Pre task execution logs
[2024-10-02T19:40:55.081+0000] {taskinstance.py:2612} INFO - Dependencies all met for dep_context=non-requeueable deps ti=<TaskInstance: sparking_flow.character_count_job manual__2024-10-02T19:40:30.954247+00:00 [queued]>
[2024-10-02T19:40:55.114+0000] {taskinstance.py:2612} INFO - Dependencies all met for dep_context=requeueable deps ti=<TaskInstance: sparking_flow.character_count_job manual__2024-10-02T19:40:30.954247+00:00 [queued]>
[2024-10-02T19:40:55.115+0000] {taskinstance.py:2865} INFO - Starting attempt 1 of 1
[2024-10-02T19:40:55.160+0000] {taskinstance.py:2888} INFO - Executing <Task(SparkSubmitOperator): character_count_job> on 2024-10-02 19:40:30.954247+00:00
[2024-10-02T19:40:55.188+0000] {logging_mixin.py:190} WARNING - /home/***/.local/lib/python3.12/site-packages/***/task/task_runner/standard_task_runner.py:70 DeprecationWarning: This process (pid=105732) is multi-threaded, use of fork() may lead to deadlocks in the child.
[2024-10-02T19:40:55.184+0000] {standard_task_runner.py:104} INFO - Running: ['***', 'tasks', 'run', 'sparking_flow', 'character_count_job', 'manual__2024-10-02T19:40:30.954247+00:00', '--job-id', '13496', '--raw', '--subdir', 'DAGS_FOLDER/materi/test.py', '--cfg-path', '/tmp/tmp1u0ztlf2']
[2024-10-02T19:40:55.191+0000] {standard_task_runner.py:105} INFO - Job 13496: Subtask character_count_job
[2024-10-02T19:40:55.191+0000] {standard_task_runner.py:72} INFO - Started process 105735 to run task
[2024-10-02T19:40:55.358+0000] {task_command.py:467} INFO - Running <TaskInstance: sparking_flow.character_count_job manual__2024-10-02T19:40:30.954247+00:00 [running]> on host 19cd1516b3ca
[2024-10-02T19:40:55.668+0000] {taskinstance.py:3131} INFO - Exporting env vars: AIRFLOW_CTX_DAG_OWNER='Yusuf Ganiyu' AIRFLOW_CTX_DAG_ID='sparking_flow' AIRFLOW_CTX_TASK_ID='character_count_job' AIRFLOW_CTX_EXECUTION_DATE='2024-10-02T19:40:30.954247+00:00' AIRFLOW_CTX_TRY_NUMBER='1' AIRFLOW_CTX_DAG_RUN_ID='manual__2024-10-02T19:40:30.954247+00:00'
[2024-10-02T19:40:55.670+0000] {taskinstance.py:731} INFO - ::endgroup::
[2024-10-02T19:40:55.763+0000] {base.py:84} INFO - Retrieving connection 'spark-conn'
[2024-10-02T19:40:55.768+0000] {spark_submit.py:335} INFO - Spark-Submit cmd: spark-submit --master spark://spark-master:7077 --name arrow-spark jobs/wordcountjob.py character_count_job Hello Spark Hello Python Hello Airflow Hello Docker and Hello Yusuf
[2024-10-02T19:40:56.066+0000] {spark_submit.py:488} INFO - /home/***/.local/lib/python3.12/site-packages/pyspark/bin/load-spark-env.sh: line 68: ps: command not found
[2024-10-02T19:41:06.776+0000] {spark_submit.py:488} INFO - 24/10/02 19:41:06 INFO SparkContext: Running Spark version 3.5.3
[2024-10-02T19:41:06.781+0000] {spark_submit.py:488} INFO - 24/10/02 19:41:06 INFO SparkContext: OS info Linux, 5.15.153.1-microsoft-standard-WSL2, amd64
[2024-10-02T19:41:06.781+0000] {spark_submit.py:488} INFO - 24/10/02 19:41:06 INFO SparkContext: Java version 17.0.12
[2024-10-02T19:41:06.903+0000] {spark_submit.py:488} INFO - 24/10/02 19:41:06 WARN NativeCodeLoader: Unable to load native-hadoop library for your platform... using builtin-java classes where applicable
[2024-10-02T19:41:07.099+0000] {spark_submit.py:488} INFO - 24/10/02 19:41:07 INFO ResourceUtils: ==============================================================
[2024-10-02T19:41:07.101+0000] {spark_submit.py:488} INFO - 24/10/02 19:41:07 INFO ResourceUtils: No custom resources configured for spark.driver.
[2024-10-02T19:41:07.103+0000] {spark_submit.py:488} INFO - 24/10/02 19:41:07 INFO ResourceUtils: ==============================================================
[2024-10-02T19:41:07.104+0000] {spark_submit.py:488} INFO - 24/10/02 19:41:07 INFO SparkContext: Submitted application: PythonCharacterCount
[2024-10-02T19:41:07.169+0000] {spark_submit.py:488} INFO - 24/10/02 19:41:07 INFO ResourceProfile: Default ResourceProfile created, executor resources: Map(memory -> name: memory, amount: 1024, script: , vendor: , offHeap -> name: offHeap, amount: 0, script: , vendor: ), task resources: Map(cpus -> name: cpus, amount: 1.0)
[2024-10-02T19:41:07.184+0000] {spark_submit.py:488} INFO - 24/10/02 19:41:07 INFO ResourceProfile: Limiting resource is cpu
[2024-10-02T19:41:07.186+0000] {spark_submit.py:488} INFO - 24/10/02 19:41:07 INFO ResourceProfileManager: Added ResourceProfile id: 0
[2024-10-02T19:41:07.284+0000] {spark_submit.py:488} INFO - 24/10/02 19:41:07 INFO SecurityManager: Changing view acls to: ***
[2024-10-02T19:41:07.285+0000] {spark_submit.py:488} INFO - 24/10/02 19:41:07 INFO SecurityManager: Changing modify acls to: ***
[2024-10-02T19:41:07.287+0000] {spark_submit.py:488} INFO - 24/10/02 19:41:07 INFO SecurityManager: Changing view acls groups to:
[2024-10-02T19:41:07.288+0000] {spark_submit.py:488} INFO - 24/10/02 19:41:07 INFO SecurityManager: Changing modify acls groups to:
[2024-10-02T19:41:07.289+0000] {spark_submit.py:488} INFO - 24/10/02 19:41:07 INFO SecurityManager: SecurityManager: authentication disabled; ui acls disabled; users with view permissions: ***; groups with view permissions: EMPTY; users with modify permissions: ***; groups with modify permissions: EMPTY
[2024-10-02T19:41:07.705+0000] {spark_submit.py:488} INFO - 24/10/02 19:41:07 INFO Utils: Successfully started service 'sparkDriver' on port 39151.
[2024-10-02T19:41:07.752+0000] {spark_submit.py:488} INFO - 24/10/02 19:41:07 INFO SparkEnv: Registering MapOutputTracker
[2024-10-02T19:41:07.823+0000] {spark_submit.py:488} INFO - 24/10/02 19:41:07 INFO SparkEnv: Registering BlockManagerMaster
[2024-10-02T19:41:07.856+0000] {spark_submit.py:488} INFO - 24/10/02 19:41:07 INFO BlockManagerMasterEndpoint: Using org.apache.spark.storage.DefaultTopologyMapper for getting topology information
[2024-10-02T19:41:07.857+0000] {spark_submit.py:488} INFO - 24/10/02 19:41:07 INFO BlockManagerMasterEndpoint: BlockManagerMasterEndpoint up
[2024-10-02T19:41:07.865+0000] {spark_submit.py:488} INFO - 24/10/02 19:41:07 INFO SparkEnv: Registering BlockManagerMasterHeartbeat
[2024-10-02T19:41:07.908+0000] {spark_submit.py:488} INFO - 24/10/02 19:41:07 INFO DiskBlockManager: Created local directory at /tmp/blockmgr-ffd6e2d1-784a-4189-b53c-7f4bc5dc0103
[2024-10-02T19:41:07.938+0000] {spark_submit.py:488} INFO - 24/10/02 19:41:07 INFO MemoryStore: MemoryStore started with capacity 434.4 MiB
[2024-10-02T19:41:07.967+0000] {spark_submit.py:488} INFO - 24/10/02 19:41:07 INFO SparkEnv: Registering OutputCommitCoordinator
[2024-10-02T19:41:08.145+0000] {spark_submit.py:488} INFO - 24/10/02 19:41:08 INFO JettyUtils: Start Jetty 0.0.0.0:4040 for SparkUI
[2024-10-02T19:41:08.220+0000] {spark_submit.py:488} INFO - 24/10/02 19:41:08 INFO Utils: Successfully started service 'SparkUI' on port 4040.
[2024-10-02T19:41:08.405+0000] {spark_submit.py:488} INFO - 24/10/02 19:41:08 INFO StandaloneAppClient$ClientEndpoint: Connecting to master spark://spark-master:7077...
[2024-10-02T19:41:08.486+0000] {spark_submit.py:488} INFO - 24/10/02 19:41:08 INFO TransportClientFactory: Successfully created connection to spark-master/172.20.0.9:7077 after 43 ms (0 ms spent in bootstraps)
[2024-10-02T19:41:08.636+0000] {spark_submit.py:488} INFO - 24/10/02 19:41:08 INFO StandaloneSchedulerBackend: Connected to Spark cluster with app ID app-20241002194108-0011
[2024-10-02T19:41:08.636+0000] {spark_submit.py:488} INFO - 24/10/02 19:41:08 INFO StandaloneAppClient$ClientEndpoint: Executor added: app-20241002194108-0011/0 on worker-20241002185803-172.20.0.10-34453 (172.20.0.10:34453) with 2 core(s)
[2024-10-02T19:41:08.642+0000] {spark_submit.py:488} INFO - 24/10/02 19:41:08 INFO StandaloneSchedulerBackend: Granted executor ID app-20241002194108-0011/0 on hostPort 172.20.0.10:34453 with 2 core(s), 1024.0 MiB RAM
[2024-10-02T19:41:08.653+0000] {spark_submit.py:488} INFO - 24/10/02 19:41:08 INFO Utils: Successfully started service 'org.apache.spark.network.netty.NettyBlockTransferService' on port 45749.
[2024-10-02T19:41:08.653+0000] {spark_submit.py:488} INFO - 24/10/02 19:41:08 INFO NettyBlockTransferService: Server created on 19cd1516b3ca:45749
[2024-10-02T19:41:08.657+0000] {spark_submit.py:488} INFO - 24/10/02 19:41:08 INFO BlockManager: Using org.apache.spark.storage.RandomBlockReplicationPolicy for block replication policy
[2024-10-02T19:41:08.669+0000] {spark_submit.py:488} INFO - 24/10/02 19:41:08 INFO BlockManagerMaster: Registering BlockManager BlockManagerId(driver, 19cd1516b3ca, 45749, None)
[2024-10-02T19:41:08.674+0000] {spark_submit.py:488} INFO - 24/10/02 19:41:08 INFO BlockManagerMasterEndpoint: Registering block manager 19cd1516b3ca:45749 with 434.4 MiB RAM, BlockManagerId(driver, 19cd1516b3ca, 45749, None)
[2024-10-02T19:41:08.678+0000] {spark_submit.py:488} INFO - 24/10/02 19:41:08 INFO BlockManagerMaster: Registered BlockManager BlockManagerId(driver, 19cd1516b3ca, 45749, None)
[2024-10-02T19:41:08.681+0000] {spark_submit.py:488} INFO - 24/10/02 19:41:08 INFO BlockManager: Initialized BlockManager: BlockManagerId(driver, 19cd1516b3ca, 45749, None)
[2024-10-02T19:41:08.731+0000] {spark_submit.py:488} INFO - 24/10/02 19:41:08 INFO StandaloneAppClient$ClientEndpoint: Executor updated: app-20241002194108-0011/0 is now RUNNING
[2024-10-02T19:41:09.581+0000] {spark_submit.py:488} INFO - 24/10/02 19:41:09 INFO StandaloneSchedulerBackend: SchedulerBackend is ready for scheduling beginning after reached minRegisteredResourcesRatio: 0.0
[2024-10-02T19:41:11.421+0000] {spark_submit.py:488} INFO - 24/10/02 19:41:11 INFO SparkContext: Starting job: collect at /opt/***/jobs/wordcountjob.py:26
[2024-10-02T19:41:11.490+0000] {spark_submit.py:488} INFO - 24/10/02 19:41:11 INFO DAGScheduler: Registering RDD 2 (reduceByKey at /opt/***/jobs/wordcountjob.py:24) as input to shuffle 0
[2024-10-02T19:41:11.500+0000] {spark_submit.py:488} INFO - 24/10/02 19:41:11 INFO DAGScheduler: Got job 0 (collect at /opt/***/jobs/wordcountjob.py:26) with 2 output partitions
[2024-10-02T19:41:11.502+0000] {spark_submit.py:488} INFO - 24/10/02 19:41:11 INFO DAGScheduler: Final stage: ResultStage 1 (collect at /opt/***/jobs/wordcountjob.py:26)
[2024-10-02T19:41:11.504+0000] {spark_submit.py:488} INFO - 24/10/02 19:41:11 INFO DAGScheduler: Parents of final stage: List(ShuffleMapStage 0)
[2024-10-02T19:41:11.509+0000] {spark_submit.py:488} INFO - 24/10/02 19:41:11 INFO DAGScheduler: Missing parents: List(ShuffleMapStage 0)
[2024-10-02T19:41:11.521+0000] {spark_submit.py:488} INFO - 24/10/02 19:41:11 INFO DAGScheduler: Submitting ShuffleMapStage 0 (PairwiseRDD[2] at reduceByKey at /opt/***/jobs/wordcountjob.py:24), which has no missing parents
[2024-10-02T19:41:11.745+0000] {spark_submit.py:488} INFO - 24/10/02 19:41:11 INFO MemoryStore: Block broadcast_0 stored as values in memory (estimated size 11.0 KiB, free 434.4 MiB)
[2024-10-02T19:41:11.827+0000] {spark_submit.py:488} INFO - 24/10/02 19:41:11 INFO MemoryStore: Block broadcast_0_piece0 stored as bytes in memory (estimated size 7.0 KiB, free 434.4 MiB)
[2024-10-02T19:41:11.834+0000] {spark_submit.py:488} INFO - 24/10/02 19:41:11 INFO BlockManagerInfo: Added broadcast_0_piece0 in memory on 19cd1516b3ca:45749 (size: 7.0 KiB, free: 434.4 MiB)
[2024-10-02T19:41:11.847+0000] {spark_submit.py:488} INFO - 24/10/02 19:41:11 INFO SparkContext: Created broadcast 0 from broadcast at DAGScheduler.scala:1585
[2024-10-02T19:41:11.895+0000] {spark_submit.py:488} INFO - 24/10/02 19:41:11 INFO DAGScheduler: Submitting 2 missing tasks from ShuffleMapStage 0 (PairwiseRDD[2] at reduceByKey at /opt/***/jobs/wordcountjob.py:24) (first 15 tasks are for partitions Vector(0, 1))
[2024-10-02T19:41:11.898+0000] {spark_submit.py:488} INFO - 24/10/02 19:41:11 INFO TaskSchedulerImpl: Adding task set 0.0 with 2 tasks resource profile 0
[2024-10-02T19:41:14.985+0000] {spark_submit.py:488} INFO - 24/10/02 19:41:14 INFO StandaloneSchedulerBackend$StandaloneDriverEndpoint: Registered executor NettyRpcEndpointRef(spark-client://Executor) (172.20.0.10:47876) with ID 0,  ResourceProfileId 0
[2024-10-02T19:41:15.130+0000] {spark_submit.py:488} INFO - 24/10/02 19:41:15 INFO BlockManagerMasterEndpoint: Registering block manager 172.20.0.10:42665 with 434.4 MiB RAM, BlockManagerId(0, 172.20.0.10, 42665, None)
[2024-10-02T19:41:15.254+0000] {spark_submit.py:488} INFO - 24/10/02 19:41:15 INFO TaskSetManager: Starting task 0.0 in stage 0.0 (TID 0) (172.20.0.10, executor 0, partition 0, PROCESS_LOCAL, 9098 bytes)
[2024-10-02T19:41:15.265+0000] {spark_submit.py:488} INFO - 24/10/02 19:41:15 INFO TaskSetManager: Starting task 1.0 in stage 0.0 (TID 1) (172.20.0.10, executor 0, partition 1, PROCESS_LOCAL, 9127 bytes)
[2024-10-02T19:41:15.707+0000] {spark_submit.py:488} INFO - 24/10/02 19:41:15 INFO BlockManagerInfo: Added broadcast_0_piece0 in memory on 172.20.0.10:42665 (size: 7.0 KiB, free: 434.4 MiB)
[2024-10-02T19:41:17.822+0000] {spark_submit.py:488} INFO - 24/10/02 19:41:17 INFO TaskSetManager: Finished task 1.0 in stage 0.0 (TID 1) in 2557 ms on 172.20.0.10 (executor 0) (1/2)
[2024-10-02T19:41:17.824+0000] {spark_submit.py:488} INFO - 24/10/02 19:41:17 INFO TaskSetManager: Finished task 0.0 in stage 0.0 (TID 0) in 2595 ms on 172.20.0.10 (executor 0) (2/2)
[2024-10-02T19:41:17.826+0000] {spark_submit.py:488} INFO - 24/10/02 19:41:17 INFO TaskSchedulerImpl: Removed TaskSet 0.0, whose tasks have all completed, from pool
[2024-10-02T19:41:17.836+0000] {spark_submit.py:488} INFO - 24/10/02 19:41:17 INFO PythonAccumulatorV2: Connected to AccumulatorServer at host: 127.0.0.1 port: 38023
[2024-10-02T19:41:17.870+0000] {spark_submit.py:488} INFO - 24/10/02 19:41:17 INFO DAGScheduler: ShuffleMapStage 0 (reduceByKey at /opt/***/jobs/wordcountjob.py:24) finished in 6.305 s
[2024-10-02T19:41:17.872+0000] {spark_submit.py:488} INFO - 24/10/02 19:41:17 INFO DAGScheduler: looking for newly runnable stages
[2024-10-02T19:41:17.873+0000] {spark_submit.py:488} INFO - 24/10/02 19:41:17 INFO DAGScheduler: running: Set()
[2024-10-02T19:41:17.874+0000] {spark_submit.py:488} INFO - 24/10/02 19:41:17 INFO DAGScheduler: waiting: Set(ResultStage 1)
[2024-10-02T19:41:17.876+0000] {spark_submit.py:488} INFO - 24/10/02 19:41:17 INFO DAGScheduler: failed: Set()
[2024-10-02T19:41:17.884+0000] {spark_submit.py:488} INFO - 24/10/02 19:41:17 INFO DAGScheduler: Submitting ResultStage 1 (PythonRDD[5] at collect at /opt/***/jobs/wordcountjob.py:26), which has no missing parents
[2024-10-02T19:41:17.914+0000] {spark_submit.py:488} INFO - 24/10/02 19:41:17 INFO MemoryStore: Block broadcast_1 stored as values in memory (estimated size 10.1 KiB, free 434.4 MiB)
[2024-10-02T19:41:17.918+0000] {spark_submit.py:488} INFO - 24/10/02 19:41:17 INFO MemoryStore: Block broadcast_1_piece0 stored as bytes in memory (estimated size 6.0 KiB, free 434.4 MiB)
[2024-10-02T19:41:17.919+0000] {spark_submit.py:488} INFO - 24/10/02 19:41:17 INFO BlockManagerInfo: Added broadcast_1_piece0 in memory on 19cd1516b3ca:45749 (size: 6.0 KiB, free: 434.4 MiB)
[2024-10-02T19:41:17.921+0000] {spark_submit.py:488} INFO - 24/10/02 19:41:17 INFO SparkContext: Created broadcast 1 from broadcast at DAGScheduler.scala:1585
[2024-10-02T19:41:17.925+0000] {spark_submit.py:488} INFO - 24/10/02 19:41:17 INFO DAGScheduler: Submitting 2 missing tasks from ResultStage 1 (PythonRDD[5] at collect at /opt/***/jobs/wordcountjob.py:26) (first 15 tasks are for partitions Vector(0, 1))
[2024-10-02T19:41:17.926+0000] {spark_submit.py:488} INFO - 24/10/02 19:41:17 INFO TaskSchedulerImpl: Adding task set 1.0 with 2 tasks resource profile 0
[2024-10-02T19:41:17.940+0000] {spark_submit.py:488} INFO - 24/10/02 19:41:17 INFO TaskSetManager: Starting task 0.0 in stage 1.0 (TID 2) (172.20.0.10, executor 0, partition 0, NODE_LOCAL, 8821 bytes)
[2024-10-02T19:41:17.943+0000] {spark_submit.py:488} INFO - 24/10/02 19:41:17 INFO TaskSetManager: Starting task 1.0 in stage 1.0 (TID 3) (172.20.0.10, executor 0, partition 1, NODE_LOCAL, 8821 bytes)
[2024-10-02T19:41:17.993+0000] {spark_submit.py:488} INFO - 24/10/02 19:41:17 INFO BlockManagerInfo: Added broadcast_1_piece0 in memory on 172.20.0.10:42665 (size: 6.0 KiB, free: 434.4 MiB)
[2024-10-02T19:41:18.144+0000] {spark_submit.py:488} INFO - 24/10/02 19:41:18 INFO MapOutputTrackerMasterEndpoint: Asked to send map output locations for shuffle 0 to 172.20.0.10:47876
[2024-10-02T19:41:18.625+0000] {spark_submit.py:488} INFO - 24/10/02 19:41:18 INFO TaskSetManager: Finished task 1.0 in stage 1.0 (TID 3) in 679 ms on 172.20.0.10 (executor 0) (1/2)
[2024-10-02T19:41:18.637+0000] {spark_submit.py:488} INFO - 24/10/02 19:41:18 INFO TaskSetManager: Finished task 0.0 in stage 1.0 (TID 2) in 702 ms on 172.20.0.10 (executor 0) (2/2)
[2024-10-02T19:41:18.638+0000] {spark_submit.py:488} INFO - 24/10/02 19:41:18 INFO TaskSchedulerImpl: Removed TaskSet 1.0, whose tasks have all completed, from pool
[2024-10-02T19:41:18.644+0000] {spark_submit.py:488} INFO - 24/10/02 19:41:18 INFO DAGScheduler: ResultStage 1 (collect at /opt/***/jobs/wordcountjob.py:26) finished in 0.738 s
[2024-10-02T19:41:18.649+0000] {spark_submit.py:488} INFO - 24/10/02 19:41:18 INFO DAGScheduler: Job 0 is finished. Cancelling potential speculative or zombie tasks for this job
[2024-10-02T19:41:18.651+0000] {spark_submit.py:488} INFO - 24/10/02 19:41:18 INFO TaskSchedulerImpl: Killing all running tasks in stage 1: Stage finished
[2024-10-02T19:41:18.655+0000] {spark_submit.py:488} INFO - 24/10/02 19:41:18 INFO DAGScheduler: Job 0 finished: collect at /opt/***/jobs/wordcountjob.py:26, took 7.232618 s
[2024-10-02T19:41:18.695+0000] {spark_submit.py:488} INFO - l: 11
[2024-10-02T19:41:18.696+0000] {spark_submit.py:488} INFO - o: 8
[2024-10-02T19:41:18.697+0000] {spark_submit.py:488} INFO - : 10
[2024-10-02T19:41:18.697+0000] {spark_submit.py:488} INFO - S: 1
[2024-10-02T19:41:18.698+0000] {spark_submit.py:488} INFO - p: 1
[2024-10-02T19:41:18.698+0000] {spark_submit.py:488} INFO - t: 1
[2024-10-02T19:41:18.698+0000] {spark_submit.py:488} INFO - A: 1
[2024-10-02T19:41:18.699+0000] {spark_submit.py:488} INFO - D: 1
[2024-10-02T19:41:18.699+0000] {spark_submit.py:488} INFO - c: 1
[2024-10-02T19:41:18.700+0000] {spark_submit.py:488} INFO - d: 1
[2024-10-02T19:41:18.700+0000] {spark_submit.py:488} INFO - H: 5
[2024-10-02T19:41:18.701+0000] {spark_submit.py:488} INFO - e: 6
[2024-10-02T19:41:18.702+0000] {spark_submit.py:488} INFO - a: 2
[2024-10-02T19:41:18.702+0000] {spark_submit.py:488} INFO - r: 3
[2024-10-02T19:41:18.703+0000] {spark_submit.py:488} INFO - k: 2
[2024-10-02T19:41:18.703+0000] {spark_submit.py:488} INFO - P: 1
[2024-10-02T19:41:18.704+0000] {spark_submit.py:488} INFO - y: 1
[2024-10-02T19:41:18.704+0000] {spark_submit.py:488} INFO - h: 1
[2024-10-02T19:41:18.705+0000] {spark_submit.py:488} INFO - n: 2
[2024-10-02T19:41:18.705+0000] {spark_submit.py:488} INFO - i: 1
[2024-10-02T19:41:18.706+0000] {spark_submit.py:488} INFO - f: 2
[2024-10-02T19:41:18.706+0000] {spark_submit.py:488} INFO - w: 1
[2024-10-02T19:41:18.706+0000] {spark_submit.py:488} INFO - Y: 1
[2024-10-02T19:41:18.707+0000] {spark_submit.py:488} INFO - u: 2
[2024-10-02T19:41:18.708+0000] {spark_submit.py:488} INFO - s: 1
[2024-10-02T19:41:18.708+0000] {spark_submit.py:488} INFO - 24/10/02 19:41:18 INFO SparkContext: SparkContext is stopping with exitCode 0.
[2024-10-02T19:41:18.722+0000] {spark_submit.py:488} INFO - 24/10/02 19:41:18 INFO SparkUI: Stopped Spark web UI at http://19cd1516b3ca:4040
[2024-10-02T19:41:18.728+0000] {spark_submit.py:488} INFO - 24/10/02 19:41:18 INFO StandaloneSchedulerBackend: Shutting down all executors
[2024-10-02T19:41:18.729+0000] {spark_submit.py:488} INFO - 24/10/02 19:41:18 INFO StandaloneSchedulerBackend$StandaloneDriverEndpoint: Asking each executor to shut down
[2024-10-02T19:41:18.771+0000] {spark_submit.py:488} INFO - 24/10/02 19:41:18 INFO MapOutputTrackerMasterEndpoint: MapOutputTrackerMasterEndpoint stopped!
[2024-10-02T19:41:18.833+0000] {spark_submit.py:488} INFO - 24/10/02 19:41:18 INFO MemoryStore: MemoryStore cleared
[2024-10-02T19:41:18.834+0000] {spark_submit.py:488} INFO - 24/10/02 19:41:18 INFO BlockManager: BlockManager stopped
[2024-10-02T19:41:18.846+0000] {spark_submit.py:488} INFO - 24/10/02 19:41:18 INFO BlockManagerMaster: BlockManagerMaster stopped
[2024-10-02T19:41:18.849+0000] {spark_submit.py:488} INFO - 24/10/02 19:41:18 INFO OutputCommitCoordinator$OutputCommitCoordinatorEndpoint: OutputCommitCoordinator stopped!
[2024-10-02T19:41:18.872+0000] {spark_submit.py:488} INFO - 24/10/02 19:41:18 INFO SparkContext: Successfully stopped SparkContext
[2024-10-02T19:41:19.712+0000] {spark_submit.py:488} INFO - 24/10/02 19:41:19 INFO ShutdownHookManager: Shutdown hook called
[2024-10-02T19:41:19.714+0000] {spark_submit.py:488} INFO - 24/10/02 19:41:19 INFO ShutdownHookManager: Deleting directory /tmp/spark-3d001f57-fb60-47ca-bdd3-98c5da972eac
[2024-10-02T19:41:19.717+0000] {spark_submit.py:488} INFO - 24/10/02 19:41:19 INFO ShutdownHookManager: Deleting directory /tmp/spark-849bf8c5-46ca-4000-8c6f-1952522b6cb6/pyspark-a389b195-781c-4ce1-9e44-3e68bb632a26
[2024-10-02T19:41:19.720+0000] {spark_submit.py:488} INFO - 24/10/02 19:41:19 INFO ShutdownHookManager: Deleting directory /tmp/spark-849bf8c5-46ca-4000-8c6f-1952522b6cb6
[2024-10-02T19:41:19.772+0000] {taskinstance.py:340} INFO - ::group::Post task execution logs
[2024-10-02T19:41:19.773+0000] {taskinstance.py:352} INFO - Marking task as SUCCESS. dag_id=sparking_flow, task_id=character_count_job, run_id=manual__2024-10-02T19:40:30.954247+00:00, execution_date=20241002T194030, start_date=20241002T194055, end_date=20241002T194119
[2024-10-02T19:41:19.839+0000] {local_task_job_runner.py:266} INFO - Task exited with return code 0
[2024-10-02T19:41:19.871+0000] {taskinstance.py:3900} INFO - 1 downstream tasks scheduled from follow-on schedule check
[2024-10-02T19:41:19.874+0000] {local_task_job_runner.py:245} INFO - ::endgroup::
