[2024-10-04T06:36:51.861+0000] {processor.py:186} INFO - Started process (PID=322) to work on /opt/airflow/dags/helper/callbacks/slack_notifier.py
[2024-10-04T06:36:51.873+0000] {processor.py:914} INFO - Processing file /opt/airflow/dags/helper/callbacks/slack_notifier.py for tasks to queue
[2024-10-04T06:36:51.883+0000] {logging_mixin.py:190} INFO - [2024-10-04T06:36:51.881+0000] {dagbag.py:588} INFO - Filling up the DagBag from /opt/airflow/dags/helper/callbacks/slack_notifier.py
[2024-10-04T06:36:51.888+0000] {processor.py:927} WARNING - No viable dags retrieved from /opt/airflow/dags/helper/callbacks/slack_notifier.py
[2024-10-04T06:36:51.959+0000] {processor.py:208} INFO - Processing /opt/airflow/dags/helper/callbacks/slack_notifier.py took 0.121 seconds
[2024-10-04T06:37:22.594+0000] {processor.py:186} INFO - Started process (PID=604) to work on /opt/airflow/dags/helper/callbacks/slack_notifier.py
[2024-10-04T06:37:22.596+0000] {processor.py:914} INFO - Processing file /opt/airflow/dags/helper/callbacks/slack_notifier.py for tasks to queue
[2024-10-04T06:37:22.601+0000] {logging_mixin.py:190} INFO - [2024-10-04T06:37:22.600+0000] {dagbag.py:588} INFO - Filling up the DagBag from /opt/airflow/dags/helper/callbacks/slack_notifier.py
[2024-10-04T06:37:22.606+0000] {processor.py:927} WARNING - No viable dags retrieved from /opt/airflow/dags/helper/callbacks/slack_notifier.py
[2024-10-04T06:37:22.662+0000] {processor.py:208} INFO - Processing /opt/airflow/dags/helper/callbacks/slack_notifier.py took 0.088 seconds
[2024-10-04T06:37:53.113+0000] {processor.py:186} INFO - Started process (PID=732) to work on /opt/airflow/dags/helper/callbacks/slack_notifier.py
[2024-10-04T06:37:53.116+0000] {processor.py:914} INFO - Processing file /opt/airflow/dags/helper/callbacks/slack_notifier.py for tasks to queue
[2024-10-04T06:37:53.120+0000] {logging_mixin.py:190} INFO - [2024-10-04T06:37:53.119+0000] {dagbag.py:588} INFO - Filling up the DagBag from /opt/airflow/dags/helper/callbacks/slack_notifier.py
[2024-10-04T06:37:53.123+0000] {processor.py:927} WARNING - No viable dags retrieved from /opt/airflow/dags/helper/callbacks/slack_notifier.py
[2024-10-04T06:37:53.157+0000] {processor.py:208} INFO - Processing /opt/airflow/dags/helper/callbacks/slack_notifier.py took 0.058 seconds
[2024-10-04T06:38:24.424+0000] {processor.py:186} INFO - Started process (PID=783) to work on /opt/airflow/dags/helper/callbacks/slack_notifier.py
[2024-10-04T06:38:24.426+0000] {processor.py:914} INFO - Processing file /opt/airflow/dags/helper/callbacks/slack_notifier.py for tasks to queue
[2024-10-04T06:38:24.430+0000] {logging_mixin.py:190} INFO - [2024-10-04T06:38:24.429+0000] {dagbag.py:588} INFO - Filling up the DagBag from /opt/airflow/dags/helper/callbacks/slack_notifier.py
[2024-10-04T06:38:24.434+0000] {processor.py:927} WARNING - No viable dags retrieved from /opt/airflow/dags/helper/callbacks/slack_notifier.py
[2024-10-04T06:38:24.468+0000] {processor.py:208} INFO - Processing /opt/airflow/dags/helper/callbacks/slack_notifier.py took 0.058 seconds
[2024-10-04T06:38:55.695+0000] {processor.py:186} INFO - Started process (PID=832) to work on /opt/airflow/dags/helper/callbacks/slack_notifier.py
[2024-10-04T06:38:55.704+0000] {processor.py:914} INFO - Processing file /opt/airflow/dags/helper/callbacks/slack_notifier.py for tasks to queue
[2024-10-04T06:38:55.709+0000] {logging_mixin.py:190} INFO - [2024-10-04T06:38:55.708+0000] {dagbag.py:588} INFO - Filling up the DagBag from /opt/airflow/dags/helper/callbacks/slack_notifier.py
[2024-10-04T06:38:55.712+0000] {processor.py:927} WARNING - No viable dags retrieved from /opt/airflow/dags/helper/callbacks/slack_notifier.py
[2024-10-04T06:38:55.741+0000] {processor.py:208} INFO - Processing /opt/airflow/dags/helper/callbacks/slack_notifier.py took 0.060 seconds
[2024-10-04T06:39:29.475+0000] {processor.py:186} INFO - Started process (PID=1019) to work on /opt/airflow/dags/helper/callbacks/slack_notifier.py
[2024-10-04T06:39:29.478+0000] {processor.py:914} INFO - Processing file /opt/airflow/dags/helper/callbacks/slack_notifier.py for tasks to queue
[2024-10-04T06:39:29.484+0000] {logging_mixin.py:190} INFO - [2024-10-04T06:39:29.483+0000] {dagbag.py:588} INFO - Filling up the DagBag from /opt/airflow/dags/helper/callbacks/slack_notifier.py
[2024-10-04T06:39:29.488+0000] {processor.py:927} WARNING - No viable dags retrieved from /opt/airflow/dags/helper/callbacks/slack_notifier.py
[2024-10-04T06:39:29.542+0000] {processor.py:208} INFO - Processing /opt/airflow/dags/helper/callbacks/slack_notifier.py took 0.095 seconds
[2024-10-04T06:39:59.929+0000] {processor.py:186} INFO - Started process (PID=1143) to work on /opt/airflow/dags/helper/callbacks/slack_notifier.py
[2024-10-04T06:39:59.931+0000] {processor.py:914} INFO - Processing file /opt/airflow/dags/helper/callbacks/slack_notifier.py for tasks to queue
[2024-10-04T06:39:59.936+0000] {logging_mixin.py:190} INFO - [2024-10-04T06:39:59.935+0000] {dagbag.py:588} INFO - Filling up the DagBag from /opt/airflow/dags/helper/callbacks/slack_notifier.py
[2024-10-04T06:39:59.940+0000] {processor.py:927} WARNING - No viable dags retrieved from /opt/airflow/dags/helper/callbacks/slack_notifier.py
[2024-10-04T06:39:59.976+0000] {processor.py:208} INFO - Processing /opt/airflow/dags/helper/callbacks/slack_notifier.py took 0.066 seconds
[2024-10-04T06:40:30.603+0000] {processor.py:186} INFO - Started process (PID=1186) to work on /opt/airflow/dags/helper/callbacks/slack_notifier.py
[2024-10-04T06:40:30.605+0000] {processor.py:914} INFO - Processing file /opt/airflow/dags/helper/callbacks/slack_notifier.py for tasks to queue
[2024-10-04T06:40:30.608+0000] {logging_mixin.py:190} INFO - [2024-10-04T06:40:30.608+0000] {dagbag.py:588} INFO - Filling up the DagBag from /opt/airflow/dags/helper/callbacks/slack_notifier.py
[2024-10-04T06:40:30.611+0000] {processor.py:927} WARNING - No viable dags retrieved from /opt/airflow/dags/helper/callbacks/slack_notifier.py
[2024-10-04T06:40:30.639+0000] {processor.py:208} INFO - Processing /opt/airflow/dags/helper/callbacks/slack_notifier.py took 0.045 seconds
[2024-10-04T06:41:00.998+0000] {processor.py:186} INFO - Started process (PID=1232) to work on /opt/airflow/dags/helper/callbacks/slack_notifier.py
[2024-10-04T06:41:01.010+0000] {processor.py:914} INFO - Processing file /opt/airflow/dags/helper/callbacks/slack_notifier.py for tasks to queue
[2024-10-04T06:41:01.014+0000] {logging_mixin.py:190} INFO - [2024-10-04T06:41:01.013+0000] {dagbag.py:588} INFO - Filling up the DagBag from /opt/airflow/dags/helper/callbacks/slack_notifier.py
[2024-10-04T06:41:01.016+0000] {processor.py:927} WARNING - No viable dags retrieved from /opt/airflow/dags/helper/callbacks/slack_notifier.py
[2024-10-04T06:41:01.039+0000] {processor.py:208} INFO - Processing /opt/airflow/dags/helper/callbacks/slack_notifier.py took 0.049 seconds
[2024-10-04T06:41:31.252+0000] {processor.py:186} INFO - Started process (PID=1281) to work on /opt/airflow/dags/helper/callbacks/slack_notifier.py
[2024-10-04T06:41:31.254+0000] {processor.py:914} INFO - Processing file /opt/airflow/dags/helper/callbacks/slack_notifier.py for tasks to queue
[2024-10-04T06:41:31.259+0000] {logging_mixin.py:190} INFO - [2024-10-04T06:41:31.259+0000] {dagbag.py:588} INFO - Filling up the DagBag from /opt/airflow/dags/helper/callbacks/slack_notifier.py
[2024-10-04T06:41:31.261+0000] {processor.py:927} WARNING - No viable dags retrieved from /opt/airflow/dags/helper/callbacks/slack_notifier.py
[2024-10-04T06:41:31.293+0000] {processor.py:208} INFO - Processing /opt/airflow/dags/helper/callbacks/slack_notifier.py took 0.051 seconds
[2024-10-04T06:42:01.719+0000] {processor.py:186} INFO - Started process (PID=1330) to work on /opt/airflow/dags/helper/callbacks/slack_notifier.py
[2024-10-04T06:42:01.721+0000] {processor.py:914} INFO - Processing file /opt/airflow/dags/helper/callbacks/slack_notifier.py for tasks to queue
[2024-10-04T06:42:01.724+0000] {logging_mixin.py:190} INFO - [2024-10-04T06:42:01.724+0000] {dagbag.py:588} INFO - Filling up the DagBag from /opt/airflow/dags/helper/callbacks/slack_notifier.py
[2024-10-04T06:42:01.726+0000] {processor.py:927} WARNING - No viable dags retrieved from /opt/airflow/dags/helper/callbacks/slack_notifier.py
[2024-10-04T06:42:01.752+0000] {processor.py:208} INFO - Processing /opt/airflow/dags/helper/callbacks/slack_notifier.py took 0.042 seconds
[2024-10-04T06:42:31.839+0000] {processor.py:186} INFO - Started process (PID=1379) to work on /opt/airflow/dags/helper/callbacks/slack_notifier.py
[2024-10-04T06:42:31.840+0000] {processor.py:914} INFO - Processing file /opt/airflow/dags/helper/callbacks/slack_notifier.py for tasks to queue
[2024-10-04T06:42:31.843+0000] {logging_mixin.py:190} INFO - [2024-10-04T06:42:31.843+0000] {dagbag.py:588} INFO - Filling up the DagBag from /opt/airflow/dags/helper/callbacks/slack_notifier.py
[2024-10-04T06:42:31.846+0000] {processor.py:927} WARNING - No viable dags retrieved from /opt/airflow/dags/helper/callbacks/slack_notifier.py
[2024-10-04T06:42:31.872+0000] {processor.py:208} INFO - Processing /opt/airflow/dags/helper/callbacks/slack_notifier.py took 0.043 seconds
[2024-10-04T06:43:02.197+0000] {processor.py:186} INFO - Started process (PID=1428) to work on /opt/airflow/dags/helper/callbacks/slack_notifier.py
[2024-10-04T06:43:02.199+0000] {processor.py:914} INFO - Processing file /opt/airflow/dags/helper/callbacks/slack_notifier.py for tasks to queue
[2024-10-04T06:43:02.202+0000] {logging_mixin.py:190} INFO - [2024-10-04T06:43:02.202+0000] {dagbag.py:588} INFO - Filling up the DagBag from /opt/airflow/dags/helper/callbacks/slack_notifier.py
[2024-10-04T06:43:02.205+0000] {processor.py:927} WARNING - No viable dags retrieved from /opt/airflow/dags/helper/callbacks/slack_notifier.py
[2024-10-04T06:43:02.226+0000] {processor.py:208} INFO - Processing /opt/airflow/dags/helper/callbacks/slack_notifier.py took 0.040 seconds
[2024-10-04T06:43:32.538+0000] {processor.py:186} INFO - Started process (PID=1477) to work on /opt/airflow/dags/helper/callbacks/slack_notifier.py
[2024-10-04T06:43:32.550+0000] {processor.py:914} INFO - Processing file /opt/airflow/dags/helper/callbacks/slack_notifier.py for tasks to queue
[2024-10-04T06:43:32.554+0000] {logging_mixin.py:190} INFO - [2024-10-04T06:43:32.553+0000] {dagbag.py:588} INFO - Filling up the DagBag from /opt/airflow/dags/helper/callbacks/slack_notifier.py
[2024-10-04T06:43:32.556+0000] {processor.py:927} WARNING - No viable dags retrieved from /opt/airflow/dags/helper/callbacks/slack_notifier.py
[2024-10-04T06:43:32.579+0000] {processor.py:208} INFO - Processing /opt/airflow/dags/helper/callbacks/slack_notifier.py took 0.048 seconds
[2024-10-04T06:44:02.689+0000] {processor.py:186} INFO - Started process (PID=1526) to work on /opt/airflow/dags/helper/callbacks/slack_notifier.py
[2024-10-04T06:44:02.691+0000] {processor.py:914} INFO - Processing file /opt/airflow/dags/helper/callbacks/slack_notifier.py for tasks to queue
[2024-10-04T06:44:02.694+0000] {logging_mixin.py:190} INFO - [2024-10-04T06:44:02.694+0000] {dagbag.py:588} INFO - Filling up the DagBag from /opt/airflow/dags/helper/callbacks/slack_notifier.py
[2024-10-04T06:44:02.696+0000] {processor.py:927} WARNING - No viable dags retrieved from /opt/airflow/dags/helper/callbacks/slack_notifier.py
[2024-10-04T06:44:02.719+0000] {processor.py:208} INFO - Processing /opt/airflow/dags/helper/callbacks/slack_notifier.py took 0.040 seconds
[2024-10-04T06:44:33.130+0000] {processor.py:186} INFO - Started process (PID=1575) to work on /opt/airflow/dags/helper/callbacks/slack_notifier.py
[2024-10-04T06:44:33.142+0000] {processor.py:914} INFO - Processing file /opt/airflow/dags/helper/callbacks/slack_notifier.py for tasks to queue
[2024-10-04T06:44:33.148+0000] {logging_mixin.py:190} INFO - [2024-10-04T06:44:33.147+0000] {dagbag.py:588} INFO - Filling up the DagBag from /opt/airflow/dags/helper/callbacks/slack_notifier.py
[2024-10-04T06:44:33.151+0000] {processor.py:927} WARNING - No viable dags retrieved from /opt/airflow/dags/helper/callbacks/slack_notifier.py
[2024-10-04T06:44:33.186+0000] {processor.py:208} INFO - Processing /opt/airflow/dags/helper/callbacks/slack_notifier.py took 0.065 seconds
[2024-10-04T06:45:03.634+0000] {processor.py:186} INFO - Started process (PID=1624) to work on /opt/airflow/dags/helper/callbacks/slack_notifier.py
[2024-10-04T06:45:03.648+0000] {processor.py:914} INFO - Processing file /opt/airflow/dags/helper/callbacks/slack_notifier.py for tasks to queue
[2024-10-04T06:45:03.652+0000] {logging_mixin.py:190} INFO - [2024-10-04T06:45:03.651+0000] {dagbag.py:588} INFO - Filling up the DagBag from /opt/airflow/dags/helper/callbacks/slack_notifier.py
[2024-10-04T06:45:03.656+0000] {processor.py:927} WARNING - No viable dags retrieved from /opt/airflow/dags/helper/callbacks/slack_notifier.py
[2024-10-04T06:45:03.689+0000] {processor.py:208} INFO - Processing /opt/airflow/dags/helper/callbacks/slack_notifier.py took 0.067 seconds
[2024-10-04T06:45:33.920+0000] {processor.py:186} INFO - Started process (PID=1673) to work on /opt/airflow/dags/helper/callbacks/slack_notifier.py
[2024-10-04T06:45:33.922+0000] {processor.py:914} INFO - Processing file /opt/airflow/dags/helper/callbacks/slack_notifier.py for tasks to queue
[2024-10-04T06:45:33.926+0000] {logging_mixin.py:190} INFO - [2024-10-04T06:45:33.926+0000] {dagbag.py:588} INFO - Filling up the DagBag from /opt/airflow/dags/helper/callbacks/slack_notifier.py
[2024-10-04T06:45:33.928+0000] {processor.py:927} WARNING - No viable dags retrieved from /opt/airflow/dags/helper/callbacks/slack_notifier.py
[2024-10-04T06:45:33.959+0000] {processor.py:208} INFO - Processing /opt/airflow/dags/helper/callbacks/slack_notifier.py took 0.047 seconds
[2024-10-04T06:46:43.594+0000] {processor.py:186} INFO - Started process (PID=228) to work on /opt/airflow/dags/helper/callbacks/slack_notifier.py
[2024-10-04T06:46:43.596+0000] {processor.py:914} INFO - Processing file /opt/airflow/dags/helper/callbacks/slack_notifier.py for tasks to queue
[2024-10-04T06:46:43.602+0000] {logging_mixin.py:190} INFO - [2024-10-04T06:46:43.601+0000] {dagbag.py:588} INFO - Filling up the DagBag from /opt/airflow/dags/helper/callbacks/slack_notifier.py
[2024-10-04T06:46:43.606+0000] {processor.py:927} WARNING - No viable dags retrieved from /opt/airflow/dags/helper/callbacks/slack_notifier.py
[2024-10-04T06:46:43.641+0000] {processor.py:208} INFO - Processing /opt/airflow/dags/helper/callbacks/slack_notifier.py took 0.059 seconds
[2024-10-04T06:47:14.364+0000] {processor.py:186} INFO - Started process (PID=294) to work on /opt/airflow/dags/helper/callbacks/slack_notifier.py
[2024-10-04T06:47:14.367+0000] {processor.py:914} INFO - Processing file /opt/airflow/dags/helper/callbacks/slack_notifier.py for tasks to queue
[2024-10-04T06:47:14.370+0000] {logging_mixin.py:190} INFO - [2024-10-04T06:47:14.369+0000] {dagbag.py:588} INFO - Filling up the DagBag from /opt/airflow/dags/helper/callbacks/slack_notifier.py
[2024-10-04T06:47:14.372+0000] {processor.py:927} WARNING - No viable dags retrieved from /opt/airflow/dags/helper/callbacks/slack_notifier.py
[2024-10-04T06:47:14.401+0000] {processor.py:208} INFO - Processing /opt/airflow/dags/helper/callbacks/slack_notifier.py took 0.046 seconds
[2024-10-04T06:47:47.886+0000] {processor.py:186} INFO - Started process (PID=475) to work on /opt/airflow/dags/helper/callbacks/slack_notifier.py
[2024-10-04T06:47:47.895+0000] {processor.py:914} INFO - Processing file /opt/airflow/dags/helper/callbacks/slack_notifier.py for tasks to queue
[2024-10-04T06:47:47.913+0000] {logging_mixin.py:190} INFO - [2024-10-04T06:47:47.912+0000] {dagbag.py:588} INFO - Filling up the DagBag from /opt/airflow/dags/helper/callbacks/slack_notifier.py
[2024-10-04T06:47:47.918+0000] {processor.py:927} WARNING - No viable dags retrieved from /opt/airflow/dags/helper/callbacks/slack_notifier.py
[2024-10-04T06:47:47.981+0000] {processor.py:208} INFO - Processing /opt/airflow/dags/helper/callbacks/slack_notifier.py took 0.152 seconds
[2024-10-04T06:48:18.508+0000] {processor.py:186} INFO - Started process (PID=616) to work on /opt/airflow/dags/helper/callbacks/slack_notifier.py
[2024-10-04T06:48:18.509+0000] {processor.py:914} INFO - Processing file /opt/airflow/dags/helper/callbacks/slack_notifier.py for tasks to queue
[2024-10-04T06:48:18.514+0000] {logging_mixin.py:190} INFO - [2024-10-04T06:48:18.513+0000] {dagbag.py:588} INFO - Filling up the DagBag from /opt/airflow/dags/helper/callbacks/slack_notifier.py
[2024-10-04T06:48:18.518+0000] {processor.py:927} WARNING - No viable dags retrieved from /opt/airflow/dags/helper/callbacks/slack_notifier.py
[2024-10-04T06:48:18.554+0000] {processor.py:208} INFO - Processing /opt/airflow/dags/helper/callbacks/slack_notifier.py took 0.058 seconds
[2024-10-04T06:48:49.242+0000] {processor.py:186} INFO - Started process (PID=664) to work on /opt/airflow/dags/helper/callbacks/slack_notifier.py
[2024-10-04T06:48:49.245+0000] {processor.py:914} INFO - Processing file /opt/airflow/dags/helper/callbacks/slack_notifier.py for tasks to queue
[2024-10-04T06:48:49.250+0000] {logging_mixin.py:190} INFO - [2024-10-04T06:48:49.249+0000] {dagbag.py:588} INFO - Filling up the DagBag from /opt/airflow/dags/helper/callbacks/slack_notifier.py
[2024-10-04T06:48:49.256+0000] {processor.py:927} WARNING - No viable dags retrieved from /opt/airflow/dags/helper/callbacks/slack_notifier.py
[2024-10-04T06:48:49.299+0000] {processor.py:208} INFO - Processing /opt/airflow/dags/helper/callbacks/slack_notifier.py took 0.077 seconds
[2024-10-04T06:49:19.966+0000] {processor.py:186} INFO - Started process (PID=708) to work on /opt/airflow/dags/helper/callbacks/slack_notifier.py
[2024-10-04T06:49:19.978+0000] {processor.py:914} INFO - Processing file /opt/airflow/dags/helper/callbacks/slack_notifier.py for tasks to queue
[2024-10-04T06:49:19.982+0000] {logging_mixin.py:190} INFO - [2024-10-04T06:49:19.981+0000] {dagbag.py:588} INFO - Filling up the DagBag from /opt/airflow/dags/helper/callbacks/slack_notifier.py
[2024-10-04T06:49:19.985+0000] {processor.py:927} WARNING - No viable dags retrieved from /opt/airflow/dags/helper/callbacks/slack_notifier.py
[2024-10-04T06:49:20.014+0000] {processor.py:208} INFO - Processing /opt/airflow/dags/helper/callbacks/slack_notifier.py took 0.059 seconds
[2024-10-04T06:49:50.784+0000] {processor.py:186} INFO - Started process (PID=757) to work on /opt/airflow/dags/helper/callbacks/slack_notifier.py
[2024-10-04T06:49:50.786+0000] {processor.py:914} INFO - Processing file /opt/airflow/dags/helper/callbacks/slack_notifier.py for tasks to queue
[2024-10-04T06:49:50.790+0000] {logging_mixin.py:190} INFO - [2024-10-04T06:49:50.789+0000] {dagbag.py:588} INFO - Filling up the DagBag from /opt/airflow/dags/helper/callbacks/slack_notifier.py
[2024-10-04T06:49:50.793+0000] {processor.py:927} WARNING - No viable dags retrieved from /opt/airflow/dags/helper/callbacks/slack_notifier.py
[2024-10-04T06:49:50.824+0000] {processor.py:208} INFO - Processing /opt/airflow/dags/helper/callbacks/slack_notifier.py took 0.056 seconds
[2024-10-04T06:50:22.225+0000] {processor.py:186} INFO - Started process (PID=813) to work on /opt/airflow/dags/helper/callbacks/slack_notifier.py
[2024-10-04T06:50:22.228+0000] {processor.py:914} INFO - Processing file /opt/airflow/dags/helper/callbacks/slack_notifier.py for tasks to queue
[2024-10-04T06:50:22.233+0000] {logging_mixin.py:190} INFO - [2024-10-04T06:50:22.232+0000] {dagbag.py:588} INFO - Filling up the DagBag from /opt/airflow/dags/helper/callbacks/slack_notifier.py
[2024-10-04T06:50:22.237+0000] {processor.py:927} WARNING - No viable dags retrieved from /opt/airflow/dags/helper/callbacks/slack_notifier.py
[2024-10-04T06:50:22.269+0000] {processor.py:208} INFO - Processing /opt/airflow/dags/helper/callbacks/slack_notifier.py took 0.058 seconds
[2024-10-04T06:50:52.359+0000] {processor.py:186} INFO - Started process (PID=855) to work on /opt/airflow/dags/helper/callbacks/slack_notifier.py
[2024-10-04T06:50:52.360+0000] {processor.py:914} INFO - Processing file /opt/airflow/dags/helper/callbacks/slack_notifier.py for tasks to queue
[2024-10-04T06:50:52.365+0000] {logging_mixin.py:190} INFO - [2024-10-04T06:50:52.364+0000] {dagbag.py:588} INFO - Filling up the DagBag from /opt/airflow/dags/helper/callbacks/slack_notifier.py
[2024-10-04T06:50:52.369+0000] {processor.py:927} WARNING - No viable dags retrieved from /opt/airflow/dags/helper/callbacks/slack_notifier.py
[2024-10-04T06:50:52.402+0000] {processor.py:208} INFO - Processing /opt/airflow/dags/helper/callbacks/slack_notifier.py took 0.057 seconds
[2024-10-04T06:51:23.025+0000] {processor.py:186} INFO - Started process (PID=904) to work on /opt/airflow/dags/helper/callbacks/slack_notifier.py
[2024-10-04T06:51:23.026+0000] {processor.py:914} INFO - Processing file /opt/airflow/dags/helper/callbacks/slack_notifier.py for tasks to queue
[2024-10-04T06:51:23.030+0000] {logging_mixin.py:190} INFO - [2024-10-04T06:51:23.029+0000] {dagbag.py:588} INFO - Filling up the DagBag from /opt/airflow/dags/helper/callbacks/slack_notifier.py
[2024-10-04T06:51:23.032+0000] {processor.py:927} WARNING - No viable dags retrieved from /opt/airflow/dags/helper/callbacks/slack_notifier.py
[2024-10-04T06:51:23.071+0000] {processor.py:208} INFO - Processing /opt/airflow/dags/helper/callbacks/slack_notifier.py took 0.055 seconds
[2024-10-04T06:51:53.321+0000] {processor.py:186} INFO - Started process (PID=950) to work on /opt/airflow/dags/helper/callbacks/slack_notifier.py
[2024-10-04T06:51:53.334+0000] {processor.py:914} INFO - Processing file /opt/airflow/dags/helper/callbacks/slack_notifier.py for tasks to queue
[2024-10-04T06:51:53.337+0000] {logging_mixin.py:190} INFO - [2024-10-04T06:51:53.336+0000] {dagbag.py:588} INFO - Filling up the DagBag from /opt/airflow/dags/helper/callbacks/slack_notifier.py
[2024-10-04T06:51:53.338+0000] {processor.py:927} WARNING - No viable dags retrieved from /opt/airflow/dags/helper/callbacks/slack_notifier.py
[2024-10-04T06:51:53.363+0000] {processor.py:208} INFO - Processing /opt/airflow/dags/helper/callbacks/slack_notifier.py took 0.050 seconds
[2024-10-04T06:52:23.450+0000] {processor.py:186} INFO - Started process (PID=1012) to work on /opt/airflow/dags/helper/callbacks/slack_notifier.py
[2024-10-04T06:52:23.454+0000] {processor.py:914} INFO - Processing file /opt/airflow/dags/helper/callbacks/slack_notifier.py for tasks to queue
[2024-10-04T06:52:23.458+0000] {logging_mixin.py:190} INFO - [2024-10-04T06:52:23.457+0000] {dagbag.py:588} INFO - Filling up the DagBag from /opt/airflow/dags/helper/callbacks/slack_notifier.py
[2024-10-04T06:52:23.463+0000] {processor.py:927} WARNING - No viable dags retrieved from /opt/airflow/dags/helper/callbacks/slack_notifier.py
[2024-10-04T06:52:23.498+0000] {processor.py:208} INFO - Processing /opt/airflow/dags/helper/callbacks/slack_notifier.py took 0.059 seconds
[2024-10-04T06:52:53.608+0000] {processor.py:186} INFO - Started process (PID=1198) to work on /opt/airflow/dags/helper/callbacks/slack_notifier.py
[2024-10-04T06:52:53.614+0000] {processor.py:914} INFO - Processing file /opt/airflow/dags/helper/callbacks/slack_notifier.py for tasks to queue
[2024-10-04T06:52:53.626+0000] {logging_mixin.py:190} INFO - [2024-10-04T06:52:53.624+0000] {dagbag.py:588} INFO - Filling up the DagBag from /opt/airflow/dags/helper/callbacks/slack_notifier.py
[2024-10-04T06:52:53.634+0000] {processor.py:927} WARNING - No viable dags retrieved from /opt/airflow/dags/helper/callbacks/slack_notifier.py
[2024-10-04T06:52:53.697+0000] {processor.py:208} INFO - Processing /opt/airflow/dags/helper/callbacks/slack_notifier.py took 0.117 seconds
[2024-10-04T06:53:24.268+0000] {processor.py:186} INFO - Started process (PID=1334) to work on /opt/airflow/dags/helper/callbacks/slack_notifier.py
[2024-10-04T06:53:24.273+0000] {processor.py:914} INFO - Processing file /opt/airflow/dags/helper/callbacks/slack_notifier.py for tasks to queue
[2024-10-04T06:53:24.277+0000] {logging_mixin.py:190} INFO - [2024-10-04T06:53:24.276+0000] {dagbag.py:588} INFO - Filling up the DagBag from /opt/airflow/dags/helper/callbacks/slack_notifier.py
[2024-10-04T06:53:24.279+0000] {processor.py:927} WARNING - No viable dags retrieved from /opt/airflow/dags/helper/callbacks/slack_notifier.py
[2024-10-04T06:53:24.310+0000] {processor.py:208} INFO - Processing /opt/airflow/dags/helper/callbacks/slack_notifier.py took 0.050 seconds
[2024-10-04T06:53:54.801+0000] {processor.py:186} INFO - Started process (PID=1383) to work on /opt/airflow/dags/helper/callbacks/slack_notifier.py
[2024-10-04T06:53:54.803+0000] {processor.py:914} INFO - Processing file /opt/airflow/dags/helper/callbacks/slack_notifier.py for tasks to queue
[2024-10-04T06:53:54.807+0000] {logging_mixin.py:190} INFO - [2024-10-04T06:53:54.806+0000] {dagbag.py:588} INFO - Filling up the DagBag from /opt/airflow/dags/helper/callbacks/slack_notifier.py
[2024-10-04T06:53:54.811+0000] {processor.py:927} WARNING - No viable dags retrieved from /opt/airflow/dags/helper/callbacks/slack_notifier.py
[2024-10-04T06:53:54.844+0000] {processor.py:208} INFO - Processing /opt/airflow/dags/helper/callbacks/slack_notifier.py took 0.054 seconds
[2024-10-04T06:54:25.101+0000] {processor.py:186} INFO - Started process (PID=1432) to work on /opt/airflow/dags/helper/callbacks/slack_notifier.py
[2024-10-04T06:54:25.103+0000] {processor.py:914} INFO - Processing file /opt/airflow/dags/helper/callbacks/slack_notifier.py for tasks to queue
[2024-10-04T06:54:25.107+0000] {logging_mixin.py:190} INFO - [2024-10-04T06:54:25.106+0000] {dagbag.py:588} INFO - Filling up the DagBag from /opt/airflow/dags/helper/callbacks/slack_notifier.py
[2024-10-04T06:54:25.112+0000] {processor.py:927} WARNING - No viable dags retrieved from /opt/airflow/dags/helper/callbacks/slack_notifier.py
[2024-10-04T06:54:25.154+0000] {processor.py:208} INFO - Processing /opt/airflow/dags/helper/callbacks/slack_notifier.py took 0.066 seconds
[2024-10-04T06:54:55.489+0000] {processor.py:186} INFO - Started process (PID=1488) to work on /opt/airflow/dags/helper/callbacks/slack_notifier.py
[2024-10-04T06:54:55.491+0000] {processor.py:914} INFO - Processing file /opt/airflow/dags/helper/callbacks/slack_notifier.py for tasks to queue
[2024-10-04T06:54:55.496+0000] {logging_mixin.py:190} INFO - [2024-10-04T06:54:55.495+0000] {dagbag.py:588} INFO - Filling up the DagBag from /opt/airflow/dags/helper/callbacks/slack_notifier.py
[2024-10-04T06:54:55.500+0000] {processor.py:927} WARNING - No viable dags retrieved from /opt/airflow/dags/helper/callbacks/slack_notifier.py
[2024-10-04T06:54:55.544+0000] {processor.py:208} INFO - Processing /opt/airflow/dags/helper/callbacks/slack_notifier.py took 0.071 seconds
[2024-10-04T06:55:26.032+0000] {processor.py:186} INFO - Started process (PID=1539) to work on /opt/airflow/dags/helper/callbacks/slack_notifier.py
[2024-10-04T06:55:26.035+0000] {processor.py:914} INFO - Processing file /opt/airflow/dags/helper/callbacks/slack_notifier.py for tasks to queue
[2024-10-04T06:55:26.040+0000] {logging_mixin.py:190} INFO - [2024-10-04T06:55:26.039+0000] {dagbag.py:588} INFO - Filling up the DagBag from /opt/airflow/dags/helper/callbacks/slack_notifier.py
[2024-10-04T06:55:26.044+0000] {processor.py:927} WARNING - No viable dags retrieved from /opt/airflow/dags/helper/callbacks/slack_notifier.py
[2024-10-04T06:55:26.083+0000] {processor.py:208} INFO - Processing /opt/airflow/dags/helper/callbacks/slack_notifier.py took 0.069 seconds
[2024-10-04T06:55:56.659+0000] {processor.py:186} INFO - Started process (PID=1588) to work on /opt/airflow/dags/helper/callbacks/slack_notifier.py
[2024-10-04T06:55:56.662+0000] {processor.py:914} INFO - Processing file /opt/airflow/dags/helper/callbacks/slack_notifier.py for tasks to queue
[2024-10-04T06:55:56.669+0000] {logging_mixin.py:190} INFO - [2024-10-04T06:55:56.668+0000] {dagbag.py:588} INFO - Filling up the DagBag from /opt/airflow/dags/helper/callbacks/slack_notifier.py
[2024-10-04T06:55:56.675+0000] {processor.py:927} WARNING - No viable dags retrieved from /opt/airflow/dags/helper/callbacks/slack_notifier.py
[2024-10-04T06:55:56.721+0000] {processor.py:208} INFO - Processing /opt/airflow/dags/helper/callbacks/slack_notifier.py took 0.081 seconds
[2024-10-04T06:56:26.943+0000] {processor.py:186} INFO - Started process (PID=1648) to work on /opt/airflow/dags/helper/callbacks/slack_notifier.py
[2024-10-04T06:56:26.948+0000] {processor.py:914} INFO - Processing file /opt/airflow/dags/helper/callbacks/slack_notifier.py for tasks to queue
[2024-10-04T06:56:26.953+0000] {logging_mixin.py:190} INFO - [2024-10-04T06:56:26.952+0000] {dagbag.py:588} INFO - Filling up the DagBag from /opt/airflow/dags/helper/callbacks/slack_notifier.py
[2024-10-04T06:56:26.958+0000] {processor.py:927} WARNING - No viable dags retrieved from /opt/airflow/dags/helper/callbacks/slack_notifier.py
[2024-10-04T06:56:26.997+0000] {processor.py:208} INFO - Processing /opt/airflow/dags/helper/callbacks/slack_notifier.py took 0.066 seconds
[2024-10-04T06:56:57.195+0000] {processor.py:186} INFO - Started process (PID=1842) to work on /opt/airflow/dags/helper/callbacks/slack_notifier.py
[2024-10-04T06:56:57.198+0000] {processor.py:914} INFO - Processing file /opt/airflow/dags/helper/callbacks/slack_notifier.py for tasks to queue
[2024-10-04T06:56:57.205+0000] {logging_mixin.py:190} INFO - [2024-10-04T06:56:57.204+0000] {dagbag.py:588} INFO - Filling up the DagBag from /opt/airflow/dags/helper/callbacks/slack_notifier.py
[2024-10-04T06:56:57.209+0000] {processor.py:927} WARNING - No viable dags retrieved from /opt/airflow/dags/helper/callbacks/slack_notifier.py
[2024-10-04T06:56:57.257+0000] {processor.py:208} INFO - Processing /opt/airflow/dags/helper/callbacks/slack_notifier.py took 0.086 seconds
[2024-10-04T06:57:27.405+0000] {processor.py:186} INFO - Started process (PID=2038) to work on /opt/airflow/dags/helper/callbacks/slack_notifier.py
[2024-10-04T06:57:27.406+0000] {processor.py:914} INFO - Processing file /opt/airflow/dags/helper/callbacks/slack_notifier.py for tasks to queue
[2024-10-04T06:57:27.411+0000] {logging_mixin.py:190} INFO - [2024-10-04T06:57:27.410+0000] {dagbag.py:588} INFO - Filling up the DagBag from /opt/airflow/dags/helper/callbacks/slack_notifier.py
[2024-10-04T06:57:27.414+0000] {processor.py:927} WARNING - No viable dags retrieved from /opt/airflow/dags/helper/callbacks/slack_notifier.py
[2024-10-04T06:57:27.446+0000] {processor.py:208} INFO - Processing /opt/airflow/dags/helper/callbacks/slack_notifier.py took 0.051 seconds
[2024-10-04T06:57:58.368+0000] {processor.py:186} INFO - Started process (PID=2087) to work on /opt/airflow/dags/helper/callbacks/slack_notifier.py
[2024-10-04T06:57:58.370+0000] {processor.py:914} INFO - Processing file /opt/airflow/dags/helper/callbacks/slack_notifier.py for tasks to queue
[2024-10-04T06:57:58.375+0000] {logging_mixin.py:190} INFO - [2024-10-04T06:57:58.374+0000] {dagbag.py:588} INFO - Filling up the DagBag from /opt/airflow/dags/helper/callbacks/slack_notifier.py
[2024-10-04T06:57:58.377+0000] {processor.py:927} WARNING - No viable dags retrieved from /opt/airflow/dags/helper/callbacks/slack_notifier.py
[2024-10-04T06:57:58.411+0000] {processor.py:208} INFO - Processing /opt/airflow/dags/helper/callbacks/slack_notifier.py took 0.053 seconds
[2024-10-04T06:58:28.575+0000] {processor.py:186} INFO - Started process (PID=2136) to work on /opt/airflow/dags/helper/callbacks/slack_notifier.py
[2024-10-04T06:58:28.577+0000] {processor.py:914} INFO - Processing file /opt/airflow/dags/helper/callbacks/slack_notifier.py for tasks to queue
[2024-10-04T06:58:28.584+0000] {logging_mixin.py:190} INFO - [2024-10-04T06:58:28.583+0000] {dagbag.py:588} INFO - Filling up the DagBag from /opt/airflow/dags/helper/callbacks/slack_notifier.py
[2024-10-04T06:58:28.588+0000] {processor.py:927} WARNING - No viable dags retrieved from /opt/airflow/dags/helper/callbacks/slack_notifier.py
[2024-10-04T06:58:28.630+0000] {processor.py:208} INFO - Processing /opt/airflow/dags/helper/callbacks/slack_notifier.py took 0.073 seconds
