[2024-10-02T19:13:06.152+0000] {local_task_job_runner.py:123} INFO - ::group::Pre task execution logs
[2024-10-02T19:13:06.214+0000] {taskinstance.py:2612} INFO - Dependencies all met for dep_context=non-requeueable deps ti=<TaskInstance: sparking_flow.python_job manual__2024-10-02T19:07:16.012695+00:00 [queued]>
[2024-10-02T19:13:06.246+0000] {taskinstance.py:2612} INFO - Dependencies all met for dep_context=requeueable deps ti=<TaskInstance: sparking_flow.python_job manual__2024-10-02T19:07:16.012695+00:00 [queued]>
[2024-10-02T19:13:06.247+0000] {taskinstance.py:2865} INFO - Starting attempt 4 of 4
[2024-10-02T19:13:06.280+0000] {taskinstance.py:2888} INFO - Executing <Task(SparkSubmitOperator): python_job> on 2024-10-02 19:07:16.012695+00:00
[2024-10-02T19:13:06.297+0000] {standard_task_runner.py:104} INFO - Running: ['***', 'tasks', 'run', 'sparking_flow', 'python_job', 'manual__2024-10-02T19:07:16.012695+00:00', '--job-id', '13470', '--raw', '--subdir', 'DAGS_FOLDER/materi/test.py', '--cfg-path', '/tmp/tmp77y11_ho']
[2024-10-02T19:13:06.303+0000] {standard_task_runner.py:105} INFO - Job 13470: Subtask python_job
[2024-10-02T19:13:06.306+0000] {logging_mixin.py:190} WARNING - /home/***/.local/lib/python3.12/site-packages/***/task/task_runner/standard_task_runner.py:70 DeprecationWarning: This process (pid=88891) is multi-threaded, use of fork() may lead to deadlocks in the child.
[2024-10-02T19:13:06.308+0000] {standard_task_runner.py:72} INFO - Started process 88892 to run task
[2024-10-02T19:13:06.439+0000] {task_command.py:467} INFO - Running <TaskInstance: sparking_flow.python_job manual__2024-10-02T19:07:16.012695+00:00 [running]> on host 19cd1516b3ca
[2024-10-02T19:13:06.672+0000] {taskinstance.py:3131} INFO - Exporting env vars: AIRFLOW_CTX_DAG_OWNER='Yusuf Ganiyu' AIRFLOW_CTX_DAG_ID='sparking_flow' AIRFLOW_CTX_TASK_ID='python_job' AIRFLOW_CTX_EXECUTION_DATE='2024-10-02T19:07:16.012695+00:00' AIRFLOW_CTX_TRY_NUMBER='4' AIRFLOW_CTX_DAG_RUN_ID='manual__2024-10-02T19:07:16.012695+00:00'
[2024-10-02T19:13:06.674+0000] {taskinstance.py:731} INFO - ::endgroup::
[2024-10-02T19:13:06.737+0000] {base.py:84} INFO - Retrieving connection 'spark-conn'
[2024-10-02T19:13:06.741+0000] {spark_submit.py:335} INFO - Spark-Submit cmd: spark-submit --master spark://spark-master:7077 --name arrow-spark jobs/wordcountjob.py Hello Spark Hello Python Hello Airflow Hello Docker and Hello Yusuf
[2024-10-02T19:13:06.856+0000] {spark_submit.py:488} INFO - /home/***/.local/lib/python3.12/site-packages/pyspark/bin/load-spark-env.sh: line 68: ps: command not found
[2024-10-02T19:13:15.949+0000] {spark_submit.py:488} INFO - 24/10/02 19:13:15 INFO SparkContext: Running Spark version 3.5.3
[2024-10-02T19:13:15.964+0000] {spark_submit.py:488} INFO - 24/10/02 19:13:15 INFO SparkContext: OS info Linux, 5.15.153.1-microsoft-standard-WSL2, amd64
[2024-10-02T19:13:15.967+0000] {spark_submit.py:488} INFO - 24/10/02 19:13:15 INFO SparkContext: Java version 17.0.12
[2024-10-02T19:13:16.198+0000] {spark_submit.py:488} INFO - 24/10/02 19:13:16 WARN NativeCodeLoader: Unable to load native-hadoop library for your platform... using builtin-java classes where applicable
[2024-10-02T19:13:16.641+0000] {spark_submit.py:488} INFO - 24/10/02 19:13:16 INFO ResourceUtils: ==============================================================
[2024-10-02T19:13:16.645+0000] {spark_submit.py:488} INFO - 24/10/02 19:13:16 INFO ResourceUtils: No custom resources configured for spark.driver.
[2024-10-02T19:13:16.648+0000] {spark_submit.py:488} INFO - 24/10/02 19:13:16 INFO ResourceUtils: ==============================================================
[2024-10-02T19:13:16.651+0000] {spark_submit.py:488} INFO - 24/10/02 19:13:16 INFO SparkContext: Submitted application: PythonWordCount
[2024-10-02T19:13:16.770+0000] {spark_submit.py:488} INFO - 24/10/02 19:13:16 INFO ResourceProfile: Default ResourceProfile created, executor resources: Map(memory -> name: memory, amount: 1024, script: , vendor: , offHeap -> name: offHeap, amount: 0, script: , vendor: ), task resources: Map(cpus -> name: cpus, amount: 1.0)
[2024-10-02T19:13:16.828+0000] {spark_submit.py:488} INFO - 24/10/02 19:13:16 INFO ResourceProfile: Limiting resource is cpu
[2024-10-02T19:13:16.834+0000] {spark_submit.py:488} INFO - 24/10/02 19:13:16 INFO ResourceProfileManager: Added ResourceProfile id: 0
[2024-10-02T19:13:17.298+0000] {spark_submit.py:488} INFO - 24/10/02 19:13:17 INFO SecurityManager: Changing view acls to: ***
[2024-10-02T19:13:17.300+0000] {spark_submit.py:488} INFO - 24/10/02 19:13:17 INFO SecurityManager: Changing modify acls to: ***
[2024-10-02T19:13:17.310+0000] {spark_submit.py:488} INFO - 24/10/02 19:13:17 INFO SecurityManager: Changing view acls groups to:
[2024-10-02T19:13:17.319+0000] {spark_submit.py:488} INFO - 24/10/02 19:13:17 INFO SecurityManager: Changing modify acls groups to:
[2024-10-02T19:13:17.324+0000] {spark_submit.py:488} INFO - 24/10/02 19:13:17 INFO SecurityManager: SecurityManager: authentication disabled; ui acls disabled; users with view permissions: ***; groups with view permissions: EMPTY; users with modify permissions: ***; groups with modify permissions: EMPTY
[2024-10-02T19:13:18.684+0000] {spark_submit.py:488} INFO - 24/10/02 19:13:18 INFO Utils: Successfully started service 'sparkDriver' on port 38403.
[2024-10-02T19:13:18.804+0000] {spark_submit.py:488} INFO - 24/10/02 19:13:18 INFO SparkEnv: Registering MapOutputTracker
[2024-10-02T19:13:18.967+0000] {spark_submit.py:488} INFO - 24/10/02 19:13:18 INFO SparkEnv: Registering BlockManagerMaster
[2024-10-02T19:13:19.041+0000] {spark_submit.py:488} INFO - 24/10/02 19:13:19 INFO BlockManagerMasterEndpoint: Using org.apache.spark.storage.DefaultTopologyMapper for getting topology information
[2024-10-02T19:13:19.046+0000] {spark_submit.py:488} INFO - 24/10/02 19:13:19 INFO BlockManagerMasterEndpoint: BlockManagerMasterEndpoint up
[2024-10-02T19:13:19.059+0000] {spark_submit.py:488} INFO - 24/10/02 19:13:19 INFO SparkEnv: Registering BlockManagerMasterHeartbeat
[2024-10-02T19:13:19.153+0000] {spark_submit.py:488} INFO - 24/10/02 19:13:19 INFO DiskBlockManager: Created local directory at /tmp/blockmgr-f4f804b0-82fb-4c31-b2e7-408a5163f98e
[2024-10-02T19:13:19.270+0000] {spark_submit.py:488} INFO - 24/10/02 19:13:19 INFO MemoryStore: MemoryStore started with capacity 434.4 MiB
[2024-10-02T19:13:19.423+0000] {spark_submit.py:488} INFO - 24/10/02 19:13:19 INFO SparkEnv: Registering OutputCommitCoordinator
[2024-10-02T19:13:20.106+0000] {spark_submit.py:488} INFO - 24/10/02 19:13:20 INFO JettyUtils: Start Jetty 0.0.0.0:4040 for SparkUI
[2024-10-02T19:13:20.482+0000] {spark_submit.py:488} INFO - 24/10/02 19:13:20 INFO Utils: Successfully started service 'SparkUI' on port 4040.
[2024-10-02T19:13:21.262+0000] {spark_submit.py:488} INFO - 24/10/02 19:13:21 INFO StandaloneAppClient$ClientEndpoint: Connecting to master spark://spark-master:7077...
[2024-10-02T19:13:21.493+0000] {spark_submit.py:488} INFO - 24/10/02 19:13:21 INFO TransportClientFactory: Successfully created connection to spark-master/172.20.0.9:7077 after 151 ms (0 ms spent in bootstraps)
[2024-10-02T19:13:21.966+0000] {spark_submit.py:488} INFO - 24/10/02 19:13:21 INFO StandaloneSchedulerBackend: Connected to Spark cluster with app ID app-20241002191321-0001
[2024-10-02T19:13:21.997+0000] {spark_submit.py:488} INFO - 24/10/02 19:13:21 INFO StandaloneAppClient$ClientEndpoint: Executor added: app-20241002191321-0001/0 on worker-20241002185803-172.20.0.10-34453 (172.20.0.10:34453) with 2 core(s)
[2024-10-02T19:13:22.001+0000] {spark_submit.py:488} INFO - 24/10/02 19:13:22 INFO StandaloneSchedulerBackend: Granted executor ID app-20241002191321-0001/0 on hostPort 172.20.0.10:34453 with 2 core(s), 1024.0 MiB RAM
[2024-10-02T19:13:22.032+0000] {spark_submit.py:488} INFO - 24/10/02 19:13:22 INFO Utils: Successfully started service 'org.apache.spark.network.netty.NettyBlockTransferService' on port 43733.
[2024-10-02T19:13:22.036+0000] {spark_submit.py:488} INFO - 24/10/02 19:13:22 INFO NettyBlockTransferService: Server created on 19cd1516b3ca:43733
[2024-10-02T19:13:22.041+0000] {spark_submit.py:488} INFO - 24/10/02 19:13:22 INFO BlockManager: Using org.apache.spark.storage.RandomBlockReplicationPolicy for block replication policy
[2024-10-02T19:13:22.079+0000] {spark_submit.py:488} INFO - 24/10/02 19:13:22 INFO BlockManagerMaster: Registering BlockManager BlockManagerId(driver, 19cd1516b3ca, 43733, None)
[2024-10-02T19:13:22.107+0000] {spark_submit.py:488} INFO - 24/10/02 19:13:22 INFO BlockManagerMasterEndpoint: Registering block manager 19cd1516b3ca:43733 with 434.4 MiB RAM, BlockManagerId(driver, 19cd1516b3ca, 43733, None)
[2024-10-02T19:13:22.117+0000] {spark_submit.py:488} INFO - 24/10/02 19:13:22 INFO BlockManagerMaster: Registered BlockManager BlockManagerId(driver, 19cd1516b3ca, 43733, None)
[2024-10-02T19:13:22.129+0000] {spark_submit.py:488} INFO - 24/10/02 19:13:22 INFO BlockManager: Initialized BlockManager: BlockManagerId(driver, 19cd1516b3ca, 43733, None)
[2024-10-02T19:13:22.201+0000] {spark_submit.py:488} INFO - 24/10/02 19:13:22 INFO StandaloneAppClient$ClientEndpoint: Executor updated: app-20241002191321-0001/0 is now RUNNING
[2024-10-02T19:13:23.506+0000] {spark_submit.py:488} INFO - 24/10/02 19:13:23 INFO StandaloneSchedulerBackend: SchedulerBackend is ready for scheduling beginning after reached minRegisteredResourcesRatio: 0.0
[2024-10-02T19:13:26.756+0000] {spark_submit.py:488} INFO - 24/10/02 19:13:26 INFO SparkContext: Starting job: collect at /opt/***/jobs/wordcountjob.py:10
[2024-10-02T19:13:27.002+0000] {spark_submit.py:488} INFO - 24/10/02 19:13:26 INFO DAGScheduler: Registering RDD 2 (reduceByKey at /opt/***/jobs/wordcountjob.py:8) as input to shuffle 0
[2024-10-02T19:13:27.048+0000] {spark_submit.py:488} INFO - 24/10/02 19:13:27 INFO DAGScheduler: Got job 0 (collect at /opt/***/jobs/wordcountjob.py:10) with 2 output partitions
[2024-10-02T19:13:27.050+0000] {spark_submit.py:488} INFO - 24/10/02 19:13:27 INFO DAGScheduler: Final stage: ResultStage 1 (collect at /opt/***/jobs/wordcountjob.py:10)
[2024-10-02T19:13:27.052+0000] {spark_submit.py:488} INFO - 24/10/02 19:13:27 INFO DAGScheduler: Parents of final stage: List(ShuffleMapStage 0)
[2024-10-02T19:13:27.054+0000] {spark_submit.py:488} INFO - 24/10/02 19:13:27 INFO DAGScheduler: Missing parents: List(ShuffleMapStage 0)
[2024-10-02T19:13:27.123+0000] {spark_submit.py:488} INFO - 24/10/02 19:13:27 INFO DAGScheduler: Submitting ShuffleMapStage 0 (PairwiseRDD[2] at reduceByKey at /opt/***/jobs/wordcountjob.py:8), which has no missing parents
[2024-10-02T19:13:27.993+0000] {spark_submit.py:488} INFO - 24/10/02 19:13:27 INFO MemoryStore: Block broadcast_0 stored as values in memory (estimated size 11.0 KiB, free 434.4 MiB)
[2024-10-02T19:13:28.202+0000] {spark_submit.py:488} INFO - 24/10/02 19:13:28 INFO MemoryStore: Block broadcast_0_piece0 stored as bytes in memory (estimated size 7.0 KiB, free 434.4 MiB)
[2024-10-02T19:13:28.228+0000] {spark_submit.py:488} INFO - 24/10/02 19:13:28 INFO BlockManagerInfo: Added broadcast_0_piece0 in memory on 19cd1516b3ca:43733 (size: 7.0 KiB, free: 434.4 MiB)
[2024-10-02T19:13:28.251+0000] {spark_submit.py:488} INFO - 24/10/02 19:13:28 INFO SparkContext: Created broadcast 0 from broadcast at DAGScheduler.scala:1585
[2024-10-02T19:13:28.346+0000] {spark_submit.py:488} INFO - 24/10/02 19:13:28 INFO DAGScheduler: Submitting 2 missing tasks from ShuffleMapStage 0 (PairwiseRDD[2] at reduceByKey at /opt/***/jobs/wordcountjob.py:8) (first 15 tasks are for partitions Vector(0, 1))
[2024-10-02T19:13:28.353+0000] {spark_submit.py:488} INFO - 24/10/02 19:13:28 INFO TaskSchedulerImpl: Adding task set 0.0 with 2 tasks resource profile 0
[2024-10-02T19:13:35.024+0000] {spark_submit.py:488} INFO - 24/10/02 19:13:35 INFO StandaloneSchedulerBackend$StandaloneDriverEndpoint: Registered executor NettyRpcEndpointRef(spark-client://Executor) (172.20.0.10:41714) with ID 0,  ResourceProfileId 0
[2024-10-02T19:13:35.311+0000] {spark_submit.py:488} INFO - 24/10/02 19:13:35 INFO BlockManagerMasterEndpoint: Registering block manager 172.20.0.10:36999 with 434.4 MiB RAM, BlockManagerId(0, 172.20.0.10, 36999, None)
[2024-10-02T19:13:35.582+0000] {spark_submit.py:488} INFO - 24/10/02 19:13:35 INFO TaskSetManager: Starting task 0.0 in stage 0.0 (TID 0) (172.20.0.10, executor 0, partition 0, PROCESS_LOCAL, 9039 bytes)
[2024-10-02T19:13:35.596+0000] {spark_submit.py:488} INFO - 24/10/02 19:13:35 INFO TaskSetManager: Starting task 1.0 in stage 0.0 (TID 1) (172.20.0.10, executor 0, partition 1, PROCESS_LOCAL, 9072 bytes)
[2024-10-02T19:13:36.599+0000] {spark_submit.py:488} INFO - 24/10/02 19:13:36 INFO BlockManagerInfo: Added broadcast_0_piece0 in memory on 172.20.0.10:36999 (size: 7.0 KiB, free: 434.4 MiB)
[2024-10-02T19:13:40.549+0000] {spark_submit.py:488} INFO - 24/10/02 19:13:40 INFO TaskSetManager: Finished task 0.0 in stage 0.0 (TID 0) in 5017 ms on 172.20.0.10 (executor 0) (1/2)
[2024-10-02T19:13:40.552+0000] {spark_submit.py:488} INFO - 24/10/02 19:13:40 INFO TaskSetManager: Finished task 1.0 in stage 0.0 (TID 1) in 4957 ms on 172.20.0.10 (executor 0) (2/2)
[2024-10-02T19:13:40.554+0000] {spark_submit.py:488} INFO - 24/10/02 19:13:40 INFO TaskSchedulerImpl: Removed TaskSet 0.0, whose tasks have all completed, from pool
[2024-10-02T19:13:40.566+0000] {spark_submit.py:488} INFO - 24/10/02 19:13:40 INFO PythonAccumulatorV2: Connected to AccumulatorServer at host: 127.0.0.1 port: 54171
[2024-10-02T19:13:40.589+0000] {spark_submit.py:488} INFO - 24/10/02 19:13:40 INFO DAGScheduler: ShuffleMapStage 0 (reduceByKey at /opt/***/jobs/wordcountjob.py:8) finished in 13.275 s
[2024-10-02T19:13:40.591+0000] {spark_submit.py:488} INFO - 24/10/02 19:13:40 INFO DAGScheduler: looking for newly runnable stages
[2024-10-02T19:13:40.592+0000] {spark_submit.py:488} INFO - 24/10/02 19:13:40 INFO DAGScheduler: running: Set()
[2024-10-02T19:13:40.593+0000] {spark_submit.py:488} INFO - 24/10/02 19:13:40 INFO DAGScheduler: waiting: Set(ResultStage 1)
[2024-10-02T19:13:40.595+0000] {spark_submit.py:488} INFO - 24/10/02 19:13:40 INFO DAGScheduler: failed: Set()
[2024-10-02T19:13:40.604+0000] {spark_submit.py:488} INFO - 24/10/02 19:13:40 INFO DAGScheduler: Submitting ResultStage 1 (PythonRDD[5] at collect at /opt/***/jobs/wordcountjob.py:10), which has no missing parents
[2024-10-02T19:13:40.631+0000] {spark_submit.py:488} INFO - 24/10/02 19:13:40 INFO MemoryStore: Block broadcast_1 stored as values in memory (estimated size 10.0 KiB, free 434.4 MiB)
[2024-10-02T19:13:40.636+0000] {spark_submit.py:488} INFO - 24/10/02 19:13:40 INFO MemoryStore: Block broadcast_1_piece0 stored as bytes in memory (estimated size 6.0 KiB, free 434.4 MiB)
[2024-10-02T19:13:40.638+0000] {spark_submit.py:488} INFO - 24/10/02 19:13:40 INFO BlockManagerInfo: Added broadcast_1_piece0 in memory on 19cd1516b3ca:43733 (size: 6.0 KiB, free: 434.4 MiB)
[2024-10-02T19:13:40.640+0000] {spark_submit.py:488} INFO - 24/10/02 19:13:40 INFO SparkContext: Created broadcast 1 from broadcast at DAGScheduler.scala:1585
[2024-10-02T19:13:40.645+0000] {spark_submit.py:488} INFO - 24/10/02 19:13:40 INFO DAGScheduler: Submitting 2 missing tasks from ResultStage 1 (PythonRDD[5] at collect at /opt/***/jobs/wordcountjob.py:10) (first 15 tasks are for partitions Vector(0, 1))
[2024-10-02T19:13:40.646+0000] {spark_submit.py:488} INFO - 24/10/02 19:13:40 INFO TaskSchedulerImpl: Adding task set 1.0 with 2 tasks resource profile 0
[2024-10-02T19:13:40.662+0000] {spark_submit.py:488} INFO - 24/10/02 19:13:40 INFO TaskSetManager: Starting task 0.0 in stage 1.0 (TID 2) (172.20.0.10, executor 0, partition 0, NODE_LOCAL, 8821 bytes)
[2024-10-02T19:13:40.664+0000] {spark_submit.py:488} INFO - 24/10/02 19:13:40 INFO TaskSetManager: Starting task 1.0 in stage 1.0 (TID 3) (172.20.0.10, executor 0, partition 1, NODE_LOCAL, 8821 bytes)
[2024-10-02T19:13:40.711+0000] {spark_submit.py:488} INFO - 24/10/02 19:13:40 INFO BlockManagerInfo: Added broadcast_1_piece0 in memory on 172.20.0.10:36999 (size: 6.0 KiB, free: 434.4 MiB)
[2024-10-02T19:13:40.978+0000] {spark_submit.py:488} INFO - 24/10/02 19:13:40 INFO MapOutputTrackerMasterEndpoint: Asked to send map output locations for shuffle 0 to 172.20.0.10:41714
[2024-10-02T19:13:41.579+0000] {spark_submit.py:488} INFO - 24/10/02 19:13:41 INFO TaskSetManager: Finished task 0.0 in stage 1.0 (TID 2) in 922 ms on 172.20.0.10 (executor 0) (1/2)
[2024-10-02T19:13:41.590+0000] {spark_submit.py:488} INFO - 24/10/02 19:13:41 INFO TaskSetManager: Finished task 1.0 in stage 1.0 (TID 3) in 926 ms on 172.20.0.10 (executor 0) (2/2)
[2024-10-02T19:13:41.592+0000] {spark_submit.py:488} INFO - 24/10/02 19:13:41 INFO TaskSchedulerImpl: Removed TaskSet 1.0, whose tasks have all completed, from pool
[2024-10-02T19:13:41.603+0000] {spark_submit.py:488} INFO - 24/10/02 19:13:41 INFO DAGScheduler: ResultStage 1 (collect at /opt/***/jobs/wordcountjob.py:10) finished in 0.978 s
[2024-10-02T19:13:41.621+0000] {spark_submit.py:488} INFO - 24/10/02 19:13:41 INFO DAGScheduler: Job 0 is finished. Cancelling potential speculative or zombie tasks for this job
[2024-10-02T19:13:41.624+0000] {spark_submit.py:488} INFO - 24/10/02 19:13:41 INFO TaskSchedulerImpl: Killing all running tasks in stage 1: Stage finished
[2024-10-02T19:13:41.630+0000] {spark_submit.py:488} INFO - 24/10/02 19:13:41 INFO DAGScheduler: Job 0 finished: collect at /opt/***/jobs/wordcountjob.py:10, took 14.868523 s
[2024-10-02T19:13:41.697+0000] {spark_submit.py:488} INFO - Python 1
[2024-10-02T19:13:41.698+0000] {spark_submit.py:488} INFO - Airflow 1
[2024-10-02T19:13:41.700+0000] {spark_submit.py:488} INFO - Docker 1
[2024-10-02T19:13:41.701+0000] {spark_submit.py:488} INFO - and 1
[2024-10-02T19:13:41.702+0000] {spark_submit.py:488} INFO - Yusuf 1
[2024-10-02T19:13:41.702+0000] {spark_submit.py:488} INFO - Hello 5
[2024-10-02T19:13:41.703+0000] {spark_submit.py:488} INFO - Spark 1
[2024-10-02T19:13:41.704+0000] {spark_submit.py:488} INFO - 24/10/02 19:13:41 INFO SparkContext: SparkContext is stopping with exitCode 0.
[2024-10-02T19:13:41.788+0000] {spark_submit.py:488} INFO - 24/10/02 19:13:41 INFO SparkUI: Stopped Spark web UI at http://19cd1516b3ca:4040
[2024-10-02T19:13:41.808+0000] {spark_submit.py:488} INFO - 24/10/02 19:13:41 INFO StandaloneSchedulerBackend: Shutting down all executors
[2024-10-02T19:13:41.810+0000] {spark_submit.py:488} INFO - 24/10/02 19:13:41 INFO StandaloneSchedulerBackend$StandaloneDriverEndpoint: Asking each executor to shut down
[2024-10-02T19:13:41.900+0000] {spark_submit.py:488} INFO - 24/10/02 19:13:41 INFO MapOutputTrackerMasterEndpoint: MapOutputTrackerMasterEndpoint stopped!
[2024-10-02T19:13:42.024+0000] {spark_submit.py:488} INFO - 24/10/02 19:13:42 INFO MemoryStore: MemoryStore cleared
[2024-10-02T19:13:42.030+0000] {spark_submit.py:488} INFO - 24/10/02 19:13:42 INFO BlockManager: BlockManager stopped
[2024-10-02T19:13:42.058+0000] {spark_submit.py:488} INFO - 24/10/02 19:13:42 INFO BlockManagerMaster: BlockManagerMaster stopped
[2024-10-02T19:13:42.067+0000] {spark_submit.py:488} INFO - 24/10/02 19:13:42 INFO OutputCommitCoordinator$OutputCommitCoordinatorEndpoint: OutputCommitCoordinator stopped!
[2024-10-02T19:13:42.096+0000] {spark_submit.py:488} INFO - 24/10/02 19:13:42 INFO SparkContext: Successfully stopped SparkContext
[2024-10-02T19:13:42.739+0000] {spark_submit.py:488} INFO - 24/10/02 19:13:42 INFO ShutdownHookManager: Shutdown hook called
[2024-10-02T19:13:42.741+0000] {spark_submit.py:488} INFO - 24/10/02 19:13:42 INFO ShutdownHookManager: Deleting directory /tmp/spark-af4cfcb2-d024-4f3c-9c62-a386544aa844
[2024-10-02T19:13:42.746+0000] {spark_submit.py:488} INFO - 24/10/02 19:13:42 INFO ShutdownHookManager: Deleting directory /tmp/spark-af4cfcb2-d024-4f3c-9c62-a386544aa844/pyspark-1aa90171-176d-4719-ba98-f131c419dc99
[2024-10-02T19:13:42.750+0000] {spark_submit.py:488} INFO - 24/10/02 19:13:42 INFO ShutdownHookManager: Deleting directory /tmp/spark-3f31c1e8-3e80-48c5-8bcf-e6cdd3874f8f
[2024-10-02T19:13:42.853+0000] {taskinstance.py:340} INFO - ::group::Post task execution logs
[2024-10-02T19:13:42.854+0000] {taskinstance.py:352} INFO - Marking task as SUCCESS. dag_id=sparking_flow, task_id=python_job, run_id=manual__2024-10-02T19:07:16.012695+00:00, execution_date=20241002T190716, start_date=20241002T191306, end_date=20241002T191342
[2024-10-02T19:13:42.926+0000] {local_task_job_runner.py:266} INFO - Task exited with return code 0
[2024-10-02T19:13:42.996+0000] {taskinstance.py:3900} INFO - 1 downstream tasks scheduled from follow-on schedule check
[2024-10-02T19:13:43.000+0000] {local_task_job_runner.py:245} INFO - ::endgroup::
