[2024-10-02T19:07:18.565+0000] {local_task_job_runner.py:123} INFO - ::group::Pre task execution logs
[2024-10-02T19:07:18.600+0000] {taskinstance.py:2612} INFO - Dependencies all met for dep_context=non-requeueable deps ti=<TaskInstance: sparking_flow.python_job manual__2024-10-02T19:07:16.012695+00:00 [queued]>
[2024-10-02T19:07:18.622+0000] {taskinstance.py:2612} INFO - Dependencies all met for dep_context=requeueable deps ti=<TaskInstance: sparking_flow.python_job manual__2024-10-02T19:07:16.012695+00:00 [queued]>
[2024-10-02T19:07:18.622+0000] {taskinstance.py:2865} INFO - Starting attempt 1 of 1
[2024-10-02T19:07:18.649+0000] {taskinstance.py:2888} INFO - Executing <Task(SparkSubmitOperator): python_job> on 2024-10-02 19:07:16.012695+00:00
[2024-10-02T19:07:18.661+0000] {standard_task_runner.py:104} INFO - Running: ['***', 'tasks', 'run', 'sparking_flow', 'python_job', 'manual__2024-10-02T19:07:16.012695+00:00', '--job-id', '13465', '--raw', '--subdir', 'DAGS_FOLDER/materi/test.py', '--cfg-path', '/tmp/tmp_r3ieu6l']
[2024-10-02T19:07:18.665+0000] {standard_task_runner.py:105} INFO - Job 13465: Subtask python_job
[2024-10-02T19:07:18.665+0000] {logging_mixin.py:190} WARNING - /home/***/.local/lib/python3.12/site-packages/***/task/task_runner/standard_task_runner.py:70 DeprecationWarning: This process (pid=85677) is multi-threaded, use of fork() may lead to deadlocks in the child.
[2024-10-02T19:07:18.667+0000] {standard_task_runner.py:72} INFO - Started process 85678 to run task
[2024-10-02T19:07:18.762+0000] {task_command.py:467} INFO - Running <TaskInstance: sparking_flow.python_job manual__2024-10-02T19:07:16.012695+00:00 [running]> on host 19cd1516b3ca
[2024-10-02T19:07:18.945+0000] {taskinstance.py:3131} INFO - Exporting env vars: AIRFLOW_CTX_DAG_OWNER='Yusuf Ganiyu' AIRFLOW_CTX_DAG_ID='sparking_flow' AIRFLOW_CTX_TASK_ID='python_job' AIRFLOW_CTX_EXECUTION_DATE='2024-10-02T19:07:16.012695+00:00' AIRFLOW_CTX_TRY_NUMBER='1' AIRFLOW_CTX_DAG_RUN_ID='manual__2024-10-02T19:07:16.012695+00:00'
[2024-10-02T19:07:18.946+0000] {taskinstance.py:731} INFO - ::endgroup::
[2024-10-02T19:07:18.993+0000] {base.py:84} INFO - Retrieving connection 'spark-conn'
[2024-10-02T19:07:18.995+0000] {spark_submit.py:335} INFO - Spark-Submit cmd: spark-submit --master spark://spark-master:7077 --name arrow-spark jobs/wordcountjob.py --text Hello Spark Hello Python Hello Airflow Hello Docker and Hello Yusuf
[2024-10-02T19:07:19.063+0000] {spark_submit.py:488} INFO - /home/***/.local/lib/python3.12/site-packages/pyspark/bin/load-spark-env.sh: line 68: ps: command not found
[2024-10-02T19:07:25.792+0000] {spark_submit.py:488} INFO - 24/10/02 19:07:25 INFO ShutdownHookManager: Shutdown hook called
[2024-10-02T19:07:25.796+0000] {spark_submit.py:488} INFO - 24/10/02 19:07:25 INFO ShutdownHookManager: Deleting directory /tmp/spark-8ac43b9c-d007-4443-bd28-a5beb8e15d25
[2024-10-02T19:07:25.879+0000] {taskinstance.py:340} INFO - ::group::Post task execution logs
[2024-10-02T19:07:25.880+0000] {taskinstance.py:352} INFO - Marking task as SUCCESS. dag_id=sparking_flow, task_id=python_job, run_id=manual__2024-10-02T19:07:16.012695+00:00, execution_date=20241002T190716, start_date=20241002T190718, end_date=20241002T190725
[2024-10-02T19:07:25.940+0000] {local_task_job_runner.py:266} INFO - Task exited with return code 0
[2024-10-02T19:07:25.987+0000] {taskinstance.py:3900} INFO - 1 downstream tasks scheduled from follow-on schedule check
[2024-10-02T19:07:25.993+0000] {local_task_job_runner.py:245} INFO - ::endgroup::
