[2024-10-02T19:08:42.218+0000] {local_task_job_runner.py:123} INFO - ::group::Pre task execution logs
[2024-10-02T19:08:42.247+0000] {taskinstance.py:2612} INFO - Dependencies all met for dep_context=non-requeueable deps ti=<TaskInstance: sparking_flow.python_job manual__2024-10-02T19:07:16.012695+00:00 [queued]>
[2024-10-02T19:08:42.260+0000] {taskinstance.py:2612} INFO - Dependencies all met for dep_context=requeueable deps ti=<TaskInstance: sparking_flow.python_job manual__2024-10-02T19:07:16.012695+00:00 [queued]>
[2024-10-02T19:08:42.261+0000] {taskinstance.py:2865} INFO - Starting attempt 3 of 3
[2024-10-02T19:08:42.285+0000] {taskinstance.py:2888} INFO - Executing <Task(SparkSubmitOperator): python_job> on 2024-10-02 19:07:16.012695+00:00
[2024-10-02T19:08:42.295+0000] {standard_task_runner.py:104} INFO - Running: ['***', 'tasks', 'run', 'sparking_flow', 'python_job', 'manual__2024-10-02T19:07:16.012695+00:00', '--job-id', '13468', '--raw', '--subdir', 'DAGS_FOLDER/materi/test.py', '--cfg-path', '/tmp/tmp2zocmnmw']
[2024-10-02T19:08:42.300+0000] {standard_task_runner.py:105} INFO - Job 13468: Subtask python_job
[2024-10-02T19:08:42.300+0000] {logging_mixin.py:190} WARNING - /home/***/.local/lib/python3.12/site-packages/***/task/task_runner/standard_task_runner.py:70 DeprecationWarning: This process (pid=86571) is multi-threaded, use of fork() may lead to deadlocks in the child.
[2024-10-02T19:08:42.301+0000] {standard_task_runner.py:72} INFO - Started process 86572 to run task
[2024-10-02T19:08:42.376+0000] {task_command.py:467} INFO - Running <TaskInstance: sparking_flow.python_job manual__2024-10-02T19:07:16.012695+00:00 [running]> on host 19cd1516b3ca
[2024-10-02T19:08:42.520+0000] {taskinstance.py:3131} INFO - Exporting env vars: AIRFLOW_CTX_DAG_OWNER='Yusuf Ganiyu' AIRFLOW_CTX_DAG_ID='sparking_flow' AIRFLOW_CTX_TASK_ID='python_job' AIRFLOW_CTX_EXECUTION_DATE='2024-10-02T19:07:16.012695+00:00' AIRFLOW_CTX_TRY_NUMBER='3' AIRFLOW_CTX_DAG_RUN_ID='manual__2024-10-02T19:07:16.012695+00:00'
[2024-10-02T19:08:42.521+0000] {taskinstance.py:731} INFO - ::endgroup::
[2024-10-02T19:08:42.555+0000] {base.py:84} INFO - Retrieving connection 'spark-conn'
[2024-10-02T19:08:42.556+0000] {spark_submit.py:335} INFO - Spark-Submit cmd: spark-submit --master spark://spark-master:7077 --name arrow-spark jobs/wordcountjob.py --text Hello Spark Hello Python Hello Airflow Hello Docker and Hello Yusuf
[2024-10-02T19:08:42.609+0000] {spark_submit.py:488} INFO - /home/***/.local/lib/python3.12/site-packages/pyspark/bin/load-spark-env.sh: line 68: ps: command not found
[2024-10-02T19:08:46.979+0000] {spark_submit.py:488} INFO - 24/10/02 19:08:46 INFO ShutdownHookManager: Shutdown hook called
[2024-10-02T19:08:46.982+0000] {spark_submit.py:488} INFO - 24/10/02 19:08:46 INFO ShutdownHookManager: Deleting directory /tmp/spark-b2ea9a24-b804-451f-868b-0ed9ba6b9201
[2024-10-02T19:08:47.032+0000] {taskinstance.py:340} INFO - ::group::Post task execution logs
[2024-10-02T19:08:47.033+0000] {taskinstance.py:352} INFO - Marking task as SUCCESS. dag_id=sparking_flow, task_id=python_job, run_id=manual__2024-10-02T19:07:16.012695+00:00, execution_date=20241002T190716, start_date=20241002T190842, end_date=20241002T190847
[2024-10-02T19:08:47.061+0000] {local_task_job_runner.py:266} INFO - Task exited with return code 0
[2024-10-02T19:08:47.099+0000] {taskinstance.py:3900} INFO - 1 downstream tasks scheduled from follow-on schedule check
[2024-10-02T19:08:47.102+0000] {local_task_job_runner.py:245} INFO - ::endgroup::
