[2024-10-02T19:23:54.010+0000] {local_task_job_runner.py:123} INFO - ::group::Pre task execution logs
[2024-10-02T19:23:54.107+0000] {taskinstance.py:2612} INFO - Dependencies all met for dep_context=non-requeueable deps ti=<TaskInstance: sparking_flow.character_count_job manual__2024-10-02T19:23:04.505398+00:00 [queued]>
[2024-10-02T19:23:54.209+0000] {taskinstance.py:2612} INFO - Dependencies all met for dep_context=requeueable deps ti=<TaskInstance: sparking_flow.character_count_job manual__2024-10-02T19:23:04.505398+00:00 [queued]>
[2024-10-02T19:23:54.222+0000] {taskinstance.py:2865} INFO - Starting attempt 1 of 1
[2024-10-02T19:23:54.322+0000] {taskinstance.py:2888} INFO - Executing <Task(SparkSubmitOperator): character_count_job> on 2024-10-02 19:23:04.505398+00:00
[2024-10-02T19:23:54.377+0000] {standard_task_runner.py:104} INFO - Running: ['***', 'tasks', 'run', 'sparking_flow', 'character_count_job', 'manual__2024-10-02T19:23:04.505398+00:00', '--job-id', '13480', '--raw', '--subdir', 'DAGS_FOLDER/materi/test.py', '--cfg-path', '/tmp/tmpqe7g1r7r']
[2024-10-02T19:23:54.388+0000] {logging_mixin.py:190} WARNING - /home/***/.local/lib/python3.12/site-packages/***/task/task_runner/standard_task_runner.py:70 DeprecationWarning: This process (pid=95274) is multi-threaded, use of fork() may lead to deadlocks in the child.
[2024-10-02T19:23:54.392+0000] {standard_task_runner.py:105} INFO - Job 13480: Subtask character_count_job
[2024-10-02T19:23:54.394+0000] {standard_task_runner.py:72} INFO - Started process 95290 to run task
[2024-10-02T19:23:54.606+0000] {task_command.py:467} INFO - Running <TaskInstance: sparking_flow.character_count_job manual__2024-10-02T19:23:04.505398+00:00 [running]> on host 19cd1516b3ca
[2024-10-02T19:23:55.159+0000] {taskinstance.py:3131} INFO - Exporting env vars: AIRFLOW_CTX_DAG_OWNER='Yusuf Ganiyu' AIRFLOW_CTX_DAG_ID='sparking_flow' AIRFLOW_CTX_TASK_ID='character_count_job' AIRFLOW_CTX_EXECUTION_DATE='2024-10-02T19:23:04.505398+00:00' AIRFLOW_CTX_TRY_NUMBER='1' AIRFLOW_CTX_DAG_RUN_ID='manual__2024-10-02T19:23:04.505398+00:00'
[2024-10-02T19:23:55.162+0000] {taskinstance.py:731} INFO - ::endgroup::
[2024-10-02T19:23:55.491+0000] {base.py:84} INFO - Retrieving connection 'spark-conn'
[2024-10-02T19:23:55.494+0000] {spark_submit.py:335} INFO - Spark-Submit cmd: spark-submit --master spark://spark-master:7077 --name arrow-spark jobs/wordcountjob.py character_count_job Hello Spark Hello Python Hello Airflow Hello Docker and Hello Yusuf
[2024-10-02T19:23:55.888+0000] {spark_submit.py:488} INFO - /home/***/.local/lib/python3.12/site-packages/pyspark/bin/load-spark-env.sh: line 68: ps: command not found
[2024-10-02T19:24:12.964+0000] {spark_submit.py:488} INFO - 24/10/02 19:24:12 INFO SparkContext: Running Spark version 3.5.3
[2024-10-02T19:24:12.983+0000] {spark_submit.py:488} INFO - 24/10/02 19:24:12 INFO SparkContext: OS info Linux, 5.15.153.1-microsoft-standard-WSL2, amd64
[2024-10-02T19:24:12.998+0000] {spark_submit.py:488} INFO - 24/10/02 19:24:12 INFO SparkContext: Java version 17.0.12
[2024-10-02T19:24:13.367+0000] {spark_submit.py:488} INFO - 24/10/02 19:24:13 WARN NativeCodeLoader: Unable to load native-hadoop library for your platform... using builtin-java classes where applicable
[2024-10-02T19:24:13.941+0000] {spark_submit.py:488} INFO - 24/10/02 19:24:13 INFO ResourceUtils: ==============================================================
[2024-10-02T19:24:13.948+0000] {spark_submit.py:488} INFO - 24/10/02 19:24:13 INFO ResourceUtils: No custom resources configured for spark.driver.
[2024-10-02T19:24:13.949+0000] {spark_submit.py:488} INFO - 24/10/02 19:24:13 INFO ResourceUtils: ==============================================================
[2024-10-02T19:24:13.950+0000] {spark_submit.py:488} INFO - 24/10/02 19:24:13 INFO SparkContext: Submitted application: PythonCharacterCount
[2024-10-02T19:24:14.066+0000] {spark_submit.py:488} INFO - 24/10/02 19:24:14 INFO ResourceProfile: Default ResourceProfile created, executor resources: Map(memory -> name: memory, amount: 1024, script: , vendor: , offHeap -> name: offHeap, amount: 0, script: , vendor: ), task resources: Map(cpus -> name: cpus, amount: 1.0)
[2024-10-02T19:24:14.108+0000] {spark_submit.py:488} INFO - 24/10/02 19:24:14 INFO ResourceProfile: Limiting resource is cpu
[2024-10-02T19:24:14.115+0000] {spark_submit.py:488} INFO - 24/10/02 19:24:14 INFO ResourceProfileManager: Added ResourceProfile id: 0
[2024-10-02T19:24:14.444+0000] {spark_submit.py:488} INFO - 24/10/02 19:24:14 INFO SecurityManager: Changing view acls to: ***
[2024-10-02T19:24:14.452+0000] {spark_submit.py:488} INFO - 24/10/02 19:24:14 INFO SecurityManager: Changing modify acls to: ***
[2024-10-02T19:24:14.461+0000] {spark_submit.py:488} INFO - 24/10/02 19:24:14 INFO SecurityManager: Changing view acls groups to:
[2024-10-02T19:24:14.466+0000] {spark_submit.py:488} INFO - 24/10/02 19:24:14 INFO SecurityManager: Changing modify acls groups to:
[2024-10-02T19:24:14.470+0000] {spark_submit.py:488} INFO - 24/10/02 19:24:14 INFO SecurityManager: SecurityManager: authentication disabled; ui acls disabled; users with view permissions: ***; groups with view permissions: EMPTY; users with modify permissions: ***; groups with modify permissions: EMPTY
[2024-10-02T19:24:16.104+0000] {spark_submit.py:488} INFO - 24/10/02 19:24:16 INFO Utils: Successfully started service 'sparkDriver' on port 46635.
[2024-10-02T19:24:16.310+0000] {spark_submit.py:488} INFO - 24/10/02 19:24:16 INFO SparkEnv: Registering MapOutputTracker
[2024-10-02T19:24:16.535+0000] {spark_submit.py:488} INFO - 24/10/02 19:24:16 INFO SparkEnv: Registering BlockManagerMaster
[2024-10-02T19:24:16.622+0000] {spark_submit.py:488} INFO - 24/10/02 19:24:16 INFO BlockManagerMasterEndpoint: Using org.apache.spark.storage.DefaultTopologyMapper for getting topology information
[2024-10-02T19:24:16.625+0000] {spark_submit.py:488} INFO - 24/10/02 19:24:16 INFO BlockManagerMasterEndpoint: BlockManagerMasterEndpoint up
[2024-10-02T19:24:16.646+0000] {spark_submit.py:488} INFO - 24/10/02 19:24:16 INFO SparkEnv: Registering BlockManagerMasterHeartbeat
[2024-10-02T19:24:16.747+0000] {spark_submit.py:488} INFO - 24/10/02 19:24:16 INFO DiskBlockManager: Created local directory at /tmp/blockmgr-ed11eca2-1a32-48f9-8f5c-9d7f14e9da25
[2024-10-02T19:24:16.821+0000] {spark_submit.py:488} INFO - 24/10/02 19:24:16 INFO MemoryStore: MemoryStore started with capacity 434.4 MiB
[2024-10-02T19:24:16.944+0000] {spark_submit.py:488} INFO - 24/10/02 19:24:16 INFO SparkEnv: Registering OutputCommitCoordinator
[2024-10-02T19:24:17.973+0000] {spark_submit.py:488} INFO - 24/10/02 19:24:17 INFO JettyUtils: Start Jetty 0.0.0.0:4040 for SparkUI
[2024-10-02T19:24:18.272+0000] {spark_submit.py:488} INFO - 24/10/02 19:24:18 WARN Utils: Service 'SparkUI' could not bind on port 4040. Attempting port 4041.
[2024-10-02T19:24:18.315+0000] {spark_submit.py:488} INFO - 24/10/02 19:24:18 INFO Utils: Successfully started service 'SparkUI' on port 4041.
[2024-10-02T19:24:18.994+0000] {spark_submit.py:488} INFO - 24/10/02 19:24:18 INFO StandaloneAppClient$ClientEndpoint: Connecting to master spark://spark-master:7077...
[2024-10-02T19:24:19.307+0000] {spark_submit.py:488} INFO - 24/10/02 19:24:19 INFO TransportClientFactory: Successfully created connection to spark-master/172.20.0.9:7077 after 179 ms (0 ms spent in bootstraps)
[2024-10-02T19:24:19.708+0000] {spark_submit.py:488} INFO - 24/10/02 19:24:19 INFO StandaloneSchedulerBackend: Connected to Spark cluster with app ID app-20241002192419-0008
[2024-10-02T19:24:19.729+0000] {spark_submit.py:488} INFO - 24/10/02 19:24:19 INFO StandaloneAppClient$ClientEndpoint: Executor added: app-20241002192419-0008/0 on worker-20241002185803-172.20.0.10-34453 (172.20.0.10:34453) with 2 core(s)
[2024-10-02T19:24:19.749+0000] {spark_submit.py:488} INFO - 24/10/02 19:24:19 INFO StandaloneSchedulerBackend: Granted executor ID app-20241002192419-0008/0 on hostPort 172.20.0.10:34453 with 2 core(s), 1024.0 MiB RAM
[2024-10-02T19:24:19.764+0000] {spark_submit.py:488} INFO - 24/10/02 19:24:19 INFO Utils: Successfully started service 'org.apache.spark.network.netty.NettyBlockTransferService' on port 46711.
[2024-10-02T19:24:19.770+0000] {spark_submit.py:488} INFO - 24/10/02 19:24:19 INFO NettyBlockTransferService: Server created on 19cd1516b3ca:46711
[2024-10-02T19:24:19.775+0000] {spark_submit.py:488} INFO - 24/10/02 19:24:19 INFO BlockManager: Using org.apache.spark.storage.RandomBlockReplicationPolicy for block replication policy
[2024-10-02T19:24:19.871+0000] {spark_submit.py:488} INFO - 24/10/02 19:24:19 INFO BlockManagerMaster: Registering BlockManager BlockManagerId(driver, 19cd1516b3ca, 46711, None)
[2024-10-02T19:24:19.892+0000] {spark_submit.py:488} INFO - 24/10/02 19:24:19 INFO BlockManagerMasterEndpoint: Registering block manager 19cd1516b3ca:46711 with 434.4 MiB RAM, BlockManagerId(driver, 19cd1516b3ca, 46711, None)
[2024-10-02T19:24:19.934+0000] {spark_submit.py:488} INFO - 24/10/02 19:24:19 INFO BlockManagerMaster: Registered BlockManager BlockManagerId(driver, 19cd1516b3ca, 46711, None)
[2024-10-02T19:24:19.935+0000] {spark_submit.py:488} INFO - 24/10/02 19:24:19 INFO BlockManager: Initialized BlockManager: BlockManagerId(driver, 19cd1516b3ca, 46711, None)
[2024-10-02T19:24:19.967+0000] {spark_submit.py:488} INFO - 24/10/02 19:24:19 INFO StandaloneAppClient$ClientEndpoint: Executor updated: app-20241002192419-0008/0 is now RUNNING
[2024-10-02T19:24:22.149+0000] {spark_submit.py:488} INFO - 24/10/02 19:24:22 INFO StandaloneSchedulerBackend: SchedulerBackend is ready for scheduling beginning after reached minRegisteredResourcesRatio: 0.0
[2024-10-02T19:24:26.245+0000] {spark_submit.py:488} INFO - 24/10/02 19:24:26 INFO SparkContext: Starting job: collect at /opt/***/jobs/wordcountjob.py:23
[2024-10-02T19:24:26.422+0000] {spark_submit.py:488} INFO - 24/10/02 19:24:26 INFO DAGScheduler: Registering RDD 2 (reduceByKey at /opt/***/jobs/wordcountjob.py:21) as input to shuffle 0
[2024-10-02T19:24:26.451+0000] {spark_submit.py:488} INFO - 24/10/02 19:24:26 INFO DAGScheduler: Got job 0 (collect at /opt/***/jobs/wordcountjob.py:23) with 2 output partitions
[2024-10-02T19:24:26.458+0000] {spark_submit.py:488} INFO - 24/10/02 19:24:26 INFO DAGScheduler: Final stage: ResultStage 1 (collect at /opt/***/jobs/wordcountjob.py:23)
[2024-10-02T19:24:26.460+0000] {spark_submit.py:488} INFO - 24/10/02 19:24:26 INFO DAGScheduler: Parents of final stage: List(ShuffleMapStage 0)
[2024-10-02T19:24:26.471+0000] {spark_submit.py:488} INFO - 24/10/02 19:24:26 INFO DAGScheduler: Missing parents: List(ShuffleMapStage 0)
[2024-10-02T19:24:26.525+0000] {spark_submit.py:488} INFO - 24/10/02 19:24:26 INFO DAGScheduler: Submitting ShuffleMapStage 0 (PairwiseRDD[2] at reduceByKey at /opt/***/jobs/wordcountjob.py:21), which has no missing parents
[2024-10-02T19:24:27.430+0000] {spark_submit.py:488} INFO - 24/10/02 19:24:27 INFO MemoryStore: Block broadcast_0 stored as values in memory (estimated size 11.0 KiB, free 434.4 MiB)
[2024-10-02T19:24:27.669+0000] {spark_submit.py:488} INFO - 24/10/02 19:24:27 INFO MemoryStore: Block broadcast_0_piece0 stored as bytes in memory (estimated size 7.0 KiB, free 434.4 MiB)
[2024-10-02T19:24:27.684+0000] {spark_submit.py:488} INFO - 24/10/02 19:24:27 INFO BlockManagerInfo: Added broadcast_0_piece0 in memory on 19cd1516b3ca:46711 (size: 7.0 KiB, free: 434.4 MiB)
[2024-10-02T19:24:27.721+0000] {spark_submit.py:488} INFO - 24/10/02 19:24:27 INFO SparkContext: Created broadcast 0 from broadcast at DAGScheduler.scala:1585
[2024-10-02T19:24:28.056+0000] {spark_submit.py:488} INFO - 24/10/02 19:24:28 INFO DAGScheduler: Submitting 2 missing tasks from ShuffleMapStage 0 (PairwiseRDD[2] at reduceByKey at /opt/***/jobs/wordcountjob.py:21) (first 15 tasks are for partitions Vector(0, 1))
[2024-10-02T19:24:28.072+0000] {spark_submit.py:488} INFO - 24/10/02 19:24:28 INFO TaskSchedulerImpl: Adding task set 0.0 with 2 tasks resource profile 0
[2024-10-02T19:24:32.576+0000] {spark_submit.py:488} INFO - 24/10/02 19:24:32 INFO StandaloneSchedulerBackend$StandaloneDriverEndpoint: Registered executor NettyRpcEndpointRef(spark-client://Executor) (172.20.0.10:54388) with ID 0,  ResourceProfileId 0
[2024-10-02T19:24:32.822+0000] {spark_submit.py:488} INFO - 24/10/02 19:24:32 INFO BlockManagerMasterEndpoint: Registering block manager 172.20.0.10:42897 with 434.4 MiB RAM, BlockManagerId(0, 172.20.0.10, 42897, None)
[2024-10-02T19:24:33.079+0000] {spark_submit.py:488} INFO - 24/10/02 19:24:33 INFO TaskSetManager: Starting task 0.0 in stage 0.0 (TID 0) (172.20.0.10, executor 0, partition 0, PROCESS_LOCAL, 9098 bytes)
[2024-10-02T19:24:33.121+0000] {spark_submit.py:488} INFO - 24/10/02 19:24:33 INFO TaskSetManager: Starting task 1.0 in stage 0.0 (TID 1) (172.20.0.10, executor 0, partition 1, PROCESS_LOCAL, 9127 bytes)
[2024-10-02T19:24:34.319+0000] {spark_submit.py:488} INFO - 24/10/02 19:24:34 INFO BlockManagerInfo: Added broadcast_0_piece0 in memory on 172.20.0.10:42897 (size: 7.0 KiB, free: 434.4 MiB)
[2024-10-02T19:24:38.812+0000] {spark_submit.py:488} INFO - 24/10/02 19:24:38 INFO TaskSetManager: Finished task 0.0 in stage 0.0 (TID 0) in 5794 ms on 172.20.0.10 (executor 0) (1/2)
[2024-10-02T19:24:38.816+0000] {spark_submit.py:488} INFO - 24/10/02 19:24:38 INFO TaskSetManager: Finished task 1.0 in stage 0.0 (TID 1) in 5697 ms on 172.20.0.10 (executor 0) (2/2)
[2024-10-02T19:24:38.819+0000] {spark_submit.py:488} INFO - 24/10/02 19:24:38 INFO TaskSchedulerImpl: Removed TaskSet 0.0, whose tasks have all completed, from pool
[2024-10-02T19:24:38.836+0000] {spark_submit.py:488} INFO - 24/10/02 19:24:38 INFO PythonAccumulatorV2: Connected to AccumulatorServer at host: 127.0.0.1 port: 36461
[2024-10-02T19:24:38.872+0000] {spark_submit.py:488} INFO - 24/10/02 19:24:38 INFO DAGScheduler: ShuffleMapStage 0 (reduceByKey at /opt/***/jobs/wordcountjob.py:21) finished in 12.108 s
[2024-10-02T19:24:38.874+0000] {spark_submit.py:488} INFO - 24/10/02 19:24:38 INFO DAGScheduler: looking for newly runnable stages
[2024-10-02T19:24:38.879+0000] {spark_submit.py:488} INFO - 24/10/02 19:24:38 INFO DAGScheduler: running: Set()
[2024-10-02T19:24:38.880+0000] {spark_submit.py:488} INFO - 24/10/02 19:24:38 INFO DAGScheduler: waiting: Set(ResultStage 1)
[2024-10-02T19:24:38.882+0000] {spark_submit.py:488} INFO - 24/10/02 19:24:38 INFO DAGScheduler: failed: Set()
[2024-10-02T19:24:38.912+0000] {spark_submit.py:488} INFO - 24/10/02 19:24:38 INFO DAGScheduler: Submitting ResultStage 1 (PythonRDD[5] at collect at /opt/***/jobs/wordcountjob.py:23), which has no missing parents
[2024-10-02T19:24:38.997+0000] {spark_submit.py:488} INFO - 24/10/02 19:24:38 INFO MemoryStore: Block broadcast_1 stored as values in memory (estimated size 10.0 KiB, free 434.4 MiB)
[2024-10-02T19:24:39.021+0000] {spark_submit.py:488} INFO - 24/10/02 19:24:39 INFO MemoryStore: Block broadcast_1_piece0 stored as bytes in memory (estimated size 6.0 KiB, free 434.4 MiB)
[2024-10-02T19:24:39.022+0000] {spark_submit.py:488} INFO - 24/10/02 19:24:39 INFO BlockManagerInfo: Added broadcast_1_piece0 in memory on 19cd1516b3ca:46711 (size: 6.0 KiB, free: 434.4 MiB)
[2024-10-02T19:24:39.034+0000] {spark_submit.py:488} INFO - 24/10/02 19:24:39 INFO SparkContext: Created broadcast 1 from broadcast at DAGScheduler.scala:1585
[2024-10-02T19:24:39.035+0000] {spark_submit.py:488} INFO - 24/10/02 19:24:39 INFO DAGScheduler: Submitting 2 missing tasks from ResultStage 1 (PythonRDD[5] at collect at /opt/***/jobs/wordcountjob.py:23) (first 15 tasks are for partitions Vector(0, 1))
[2024-10-02T19:24:39.036+0000] {spark_submit.py:488} INFO - 24/10/02 19:24:39 INFO TaskSchedulerImpl: Adding task set 1.0 with 2 tasks resource profile 0
[2024-10-02T19:24:39.077+0000] {spark_submit.py:488} INFO - 24/10/02 19:24:39 INFO TaskSetManager: Starting task 0.0 in stage 1.0 (TID 2) (172.20.0.10, executor 0, partition 0, NODE_LOCAL, 8821 bytes)
[2024-10-02T19:24:39.079+0000] {spark_submit.py:488} INFO - 24/10/02 19:24:39 INFO TaskSetManager: Starting task 1.0 in stage 1.0 (TID 3) (172.20.0.10, executor 0, partition 1, NODE_LOCAL, 8821 bytes)
[2024-10-02T19:24:39.187+0000] {spark_submit.py:488} INFO - 24/10/02 19:24:39 INFO BlockManagerInfo: Added broadcast_1_piece0 in memory on 172.20.0.10:42897 (size: 6.0 KiB, free: 434.4 MiB)
[2024-10-02T19:24:39.522+0000] {spark_submit.py:488} INFO - 24/10/02 19:24:39 INFO MapOutputTrackerMasterEndpoint: Asked to send map output locations for shuffle 0 to 172.20.0.10:54388
[2024-10-02T19:24:40.309+0000] {spark_submit.py:488} INFO - 24/10/02 19:24:40 INFO TaskSetManager: Finished task 0.0 in stage 1.0 (TID 2) in 1249 ms on 172.20.0.10 (executor 0) (1/2)
[2024-10-02T19:24:40.320+0000] {spark_submit.py:488} INFO - 24/10/02 19:24:40 INFO TaskSetManager: Finished task 1.0 in stage 1.0 (TID 3) in 1241 ms on 172.20.0.10 (executor 0) (2/2)
[2024-10-02T19:24:40.321+0000] {spark_submit.py:488} INFO - 24/10/02 19:24:40 INFO TaskSchedulerImpl: Removed TaskSet 1.0, whose tasks have all completed, from pool
[2024-10-02T19:24:40.327+0000] {spark_submit.py:488} INFO - 24/10/02 19:24:40 INFO DAGScheduler: ResultStage 1 (collect at /opt/***/jobs/wordcountjob.py:23) finished in 1.355 s
[2024-10-02T19:24:40.339+0000] {spark_submit.py:488} INFO - 24/10/02 19:24:40 INFO DAGScheduler: Job 0 is finished. Cancelling potential speculative or zombie tasks for this job
[2024-10-02T19:24:40.341+0000] {spark_submit.py:488} INFO - 24/10/02 19:24:40 INFO TaskSchedulerImpl: Killing all running tasks in stage 1: Stage finished
[2024-10-02T19:24:40.347+0000] {spark_submit.py:488} INFO - 24/10/02 19:24:40 INFO DAGScheduler: Job 0 finished: collect at /opt/***/jobs/wordcountjob.py:23, took 14.097328 s
[2024-10-02T19:24:40.421+0000] {spark_submit.py:488} INFO - l 11
[2024-10-02T19:24:40.423+0000] {spark_submit.py:488} INFO - o 8
[2024-10-02T19:24:40.425+0000] {spark_submit.py:488} INFO - 10
[2024-10-02T19:24:40.426+0000] {spark_submit.py:488} INFO - S 1
[2024-10-02T19:24:40.428+0000] {spark_submit.py:488} INFO - p 1
[2024-10-02T19:24:40.429+0000] {spark_submit.py:488} INFO - t 1
[2024-10-02T19:24:40.430+0000] {spark_submit.py:488} INFO - A 1
[2024-10-02T19:24:40.431+0000] {spark_submit.py:488} INFO - D 1
[2024-10-02T19:24:40.432+0000] {spark_submit.py:488} INFO - c 1
[2024-10-02T19:24:40.433+0000] {spark_submit.py:488} INFO - d 1
[2024-10-02T19:24:40.434+0000] {spark_submit.py:488} INFO - H 5
[2024-10-02T19:24:40.435+0000] {spark_submit.py:488} INFO - e 6
[2024-10-02T19:24:40.436+0000] {spark_submit.py:488} INFO - a 2
[2024-10-02T19:24:40.437+0000] {spark_submit.py:488} INFO - r 3
[2024-10-02T19:24:40.438+0000] {spark_submit.py:488} INFO - k 2
[2024-10-02T19:24:40.440+0000] {spark_submit.py:488} INFO - P 1
[2024-10-02T19:24:40.443+0000] {spark_submit.py:488} INFO - y 1
[2024-10-02T19:24:40.445+0000] {spark_submit.py:488} INFO - h 1
[2024-10-02T19:24:40.446+0000] {spark_submit.py:488} INFO - n 2
[2024-10-02T19:24:40.447+0000] {spark_submit.py:488} INFO - i 1
[2024-10-02T19:24:40.448+0000] {spark_submit.py:488} INFO - f 2
[2024-10-02T19:24:40.449+0000] {spark_submit.py:488} INFO - w 1
[2024-10-02T19:24:40.450+0000] {spark_submit.py:488} INFO - Y 1
[2024-10-02T19:24:40.450+0000] {spark_submit.py:488} INFO - u 2
[2024-10-02T19:24:40.451+0000] {spark_submit.py:488} INFO - s 1
[2024-10-02T19:24:40.452+0000] {spark_submit.py:488} INFO - 24/10/02 19:24:40 INFO SparkContext: SparkContext is stopping with exitCode 0.
[2024-10-02T19:24:40.467+0000] {spark_submit.py:488} INFO - 24/10/02 19:24:40 INFO SparkUI: Stopped Spark web UI at http://19cd1516b3ca:4041
[2024-10-02T19:24:40.492+0000] {spark_submit.py:488} INFO - 24/10/02 19:24:40 INFO StandaloneSchedulerBackend: Shutting down all executors
[2024-10-02T19:24:40.499+0000] {spark_submit.py:488} INFO - 24/10/02 19:24:40 INFO StandaloneSchedulerBackend$StandaloneDriverEndpoint: Asking each executor to shut down
[2024-10-02T19:24:40.610+0000] {spark_submit.py:488} INFO - 24/10/02 19:24:40 INFO MapOutputTrackerMasterEndpoint: MapOutputTrackerMasterEndpoint stopped!
[2024-10-02T19:24:40.779+0000] {spark_submit.py:488} INFO - 24/10/02 19:24:40 INFO MemoryStore: MemoryStore cleared
[2024-10-02T19:24:40.781+0000] {spark_submit.py:488} INFO - 24/10/02 19:24:40 INFO BlockManager: BlockManager stopped
[2024-10-02T19:24:40.824+0000] {spark_submit.py:488} INFO - 24/10/02 19:24:40 INFO BlockManagerMaster: BlockManagerMaster stopped
[2024-10-02T19:24:40.825+0000] {spark_submit.py:488} INFO - 24/10/02 19:24:40 INFO OutputCommitCoordinator$OutputCommitCoordinatorEndpoint: OutputCommitCoordinator stopped!
[2024-10-02T19:24:40.949+0000] {spark_submit.py:488} INFO - 24/10/02 19:24:40 INFO SparkContext: Successfully stopped SparkContext
[2024-10-02T19:24:41.585+0000] {spark_submit.py:488} INFO - 24/10/02 19:24:41 INFO ShutdownHookManager: Shutdown hook called
[2024-10-02T19:24:41.589+0000] {spark_submit.py:488} INFO - 24/10/02 19:24:41 INFO ShutdownHookManager: Deleting directory /tmp/spark-4f8fcd0d-1393-4c54-a34c-18781fcea6c1
[2024-10-02T19:24:41.609+0000] {spark_submit.py:488} INFO - 24/10/02 19:24:41 INFO ShutdownHookManager: Deleting directory /tmp/spark-dc2c9765-bbf4-4a6d-bf87-aabcb531cdfe
[2024-10-02T19:24:41.618+0000] {spark_submit.py:488} INFO - 24/10/02 19:24:41 INFO ShutdownHookManager: Deleting directory /tmp/spark-4f8fcd0d-1393-4c54-a34c-18781fcea6c1/pyspark-fd5d641f-b913-4a0c-8853-c82e09547319
[2024-10-02T19:24:41.810+0000] {taskinstance.py:340} INFO - ::group::Post task execution logs
[2024-10-02T19:24:41.811+0000] {taskinstance.py:352} INFO - Marking task as SUCCESS. dag_id=sparking_flow, task_id=character_count_job, run_id=manual__2024-10-02T19:23:04.505398+00:00, execution_date=20241002T192304, start_date=20241002T192354, end_date=20241002T192441
[2024-10-02T19:24:41.920+0000] {local_task_job_runner.py:266} INFO - Task exited with return code 0
[2024-10-02T19:24:42.064+0000] {taskinstance.py:3900} INFO - 1 downstream tasks scheduled from follow-on schedule check
[2024-10-02T19:24:42.071+0000] {local_task_job_runner.py:245} INFO - ::endgroup::
