[2024-10-02T16:15:54.669+0000] {local_task_job_runner.py:123} INFO - ::group::Pre task execution logs
[2024-10-02T16:15:54.705+0000] {taskinstance.py:2612} INFO - Dependencies all met for dep_context=non-requeueable deps ti=<TaskInstance: sparking_flow.java_job manual__2024-10-02T16:15:51.895351+00:00 [queued]>
[2024-10-02T16:15:54.732+0000] {taskinstance.py:2612} INFO - Dependencies all met for dep_context=requeueable deps ti=<TaskInstance: sparking_flow.java_job manual__2024-10-02T16:15:51.895351+00:00 [queued]>
[2024-10-02T16:15:54.733+0000] {taskinstance.py:2865} INFO - Starting attempt 1 of 1
[2024-10-02T16:15:54.773+0000] {taskinstance.py:2888} INFO - Executing <Task(SparkSubmitOperator): java_job> on 2024-10-02 16:15:51.895351+00:00
[2024-10-02T16:15:54.782+0000] {warnings.py:112} WARNING - /home/***/.local/lib/python3.12/site-packages/***/task/task_runner/standard_task_runner.py:70: DeprecationWarning: This process (pid=1153) is multi-threaded, use of fork() may lead to deadlocks in the child.
  pid = os.fork()

[2024-10-02T16:15:54.785+0000] {standard_task_runner.py:72} INFO - Started process 1156 to run task
[2024-10-02T16:15:54.785+0000] {standard_task_runner.py:104} INFO - Running: ['***', 'tasks', 'run', 'sparking_flow', 'java_job', 'manual__2024-10-02T16:15:51.895351+00:00', '--job-id', '11', '--raw', '--subdir', 'DAGS_FOLDER/spark_***.py', '--cfg-path', '/tmp/tmpbx6ceksh']
[2024-10-02T16:15:54.787+0000] {standard_task_runner.py:105} INFO - Job 11: Subtask java_job
[2024-10-02T16:15:54.868+0000] {task_command.py:467} INFO - Running <TaskInstance: sparking_flow.java_job manual__2024-10-02T16:15:51.895351+00:00 [running]> on host 531092bfcd5c
[2024-10-02T16:15:55.038+0000] {taskinstance.py:3131} INFO - Exporting env vars: AIRFLOW_CTX_DAG_OWNER='Yusuf Ganiyu' AIRFLOW_CTX_DAG_ID='sparking_flow' AIRFLOW_CTX_TASK_ID='java_job' AIRFLOW_CTX_EXECUTION_DATE='2024-10-02T16:15:51.895351+00:00' AIRFLOW_CTX_TRY_NUMBER='1' AIRFLOW_CTX_DAG_RUN_ID='manual__2024-10-02T16:15:51.895351+00:00'
[2024-10-02T16:15:55.040+0000] {taskinstance.py:731} INFO - ::endgroup::
[2024-10-02T16:15:55.099+0000] {base.py:84} INFO - Retrieving connection 'spark-conn'
[2024-10-02T16:15:55.103+0000] {spark_submit.py:335} INFO - Spark-Submit cmd: spark-submit --master spark://spark-master:7077 --name arrow-spark --class com.airscholar.spark.WordCountJob jobs/java/spark-job/target/spark-job-1.0-SNAPSHOT.jar
[2024-10-02T16:15:55.215+0000] {spark_submit.py:488} INFO - /home/***/.local/lib/python3.12/site-packages/pyspark/bin/load-spark-env.sh: line 68: ps: command not found
[2024-10-02T16:16:00.745+0000] {spark_submit.py:488} INFO - 24/10/02 16:16:00 INFO SparkContext: Running Spark version 3.5.3
[2024-10-02T16:16:00.752+0000] {spark_submit.py:488} INFO - 24/10/02 16:16:00 INFO SparkContext: OS info Linux, 5.15.153.1-microsoft-standard-WSL2, amd64
[2024-10-02T16:16:00.754+0000] {spark_submit.py:488} INFO - 24/10/02 16:16:00 INFO SparkContext: Java version 17.0.12
[2024-10-02T16:16:01.019+0000] {spark_submit.py:488} INFO - 24/10/02 16:16:01 WARN NativeCodeLoader: Unable to load native-hadoop library for your platform... using builtin-java classes where applicable
[2024-10-02T16:16:01.489+0000] {spark_submit.py:488} INFO - 24/10/02 16:16:01 INFO ResourceUtils: ==============================================================
[2024-10-02T16:16:01.494+0000] {spark_submit.py:488} INFO - 24/10/02 16:16:01 INFO ResourceUtils: No custom resources configured for spark.driver.
[2024-10-02T16:16:01.497+0000] {spark_submit.py:488} INFO - 24/10/02 16:16:01 INFO ResourceUtils: ==============================================================
[2024-10-02T16:16:01.501+0000] {spark_submit.py:488} INFO - 24/10/02 16:16:01 INFO SparkContext: Submitted application: Word Count Job
[2024-10-02T16:16:01.568+0000] {spark_submit.py:488} INFO - 24/10/02 16:16:01 INFO ResourceProfile: Default ResourceProfile created, executor resources: Map(cores -> name: cores, amount: 1, script: , vendor: , memory -> name: memory, amount: 1024, script: , vendor: , offHeap -> name: offHeap, amount: 0, script: , vendor: ), task resources: Map(cpus -> name: cpus, amount: 1.0)
[2024-10-02T16:16:01.591+0000] {spark_submit.py:488} INFO - 24/10/02 16:16:01 INFO ResourceProfile: Limiting resource is cpu
[2024-10-02T16:16:01.594+0000] {spark_submit.py:488} INFO - 24/10/02 16:16:01 INFO ResourceProfileManager: Added ResourceProfile id: 0
[2024-10-02T16:16:01.843+0000] {spark_submit.py:488} INFO - 24/10/02 16:16:01 INFO SecurityManager: Changing view acls to: ***
[2024-10-02T16:16:01.845+0000] {spark_submit.py:488} INFO - 24/10/02 16:16:01 INFO SecurityManager: Changing modify acls to: ***
[2024-10-02T16:16:01.848+0000] {spark_submit.py:488} INFO - 24/10/02 16:16:01 INFO SecurityManager: Changing view acls groups to:
[2024-10-02T16:16:01.850+0000] {spark_submit.py:488} INFO - 24/10/02 16:16:01 INFO SecurityManager: Changing modify acls groups to:
[2024-10-02T16:16:01.852+0000] {spark_submit.py:488} INFO - 24/10/02 16:16:01 INFO SecurityManager: SecurityManager: authentication disabled; ui acls disabled; users with view permissions: ***; groups with view permissions: EMPTY; users with modify permissions: ***; groups with modify permissions: EMPTY
[2024-10-02T16:16:02.426+0000] {spark_submit.py:488} INFO - 24/10/02 16:16:02 INFO Utils: Successfully started service 'sparkDriver' on port 46091.
[2024-10-02T16:16:02.485+0000] {spark_submit.py:488} INFO - 24/10/02 16:16:02 INFO SparkEnv: Registering MapOutputTracker
[2024-10-02T16:16:02.546+0000] {spark_submit.py:488} INFO - 24/10/02 16:16:02 INFO SparkEnv: Registering BlockManagerMaster
[2024-10-02T16:16:02.590+0000] {spark_submit.py:488} INFO - 24/10/02 16:16:02 INFO BlockManagerMasterEndpoint: Using org.apache.spark.storage.DefaultTopologyMapper for getting topology information
[2024-10-02T16:16:02.591+0000] {spark_submit.py:488} INFO - 24/10/02 16:16:02 INFO BlockManagerMasterEndpoint: BlockManagerMasterEndpoint up
[2024-10-02T16:16:02.600+0000] {spark_submit.py:488} INFO - 24/10/02 16:16:02 INFO SparkEnv: Registering BlockManagerMasterHeartbeat
[2024-10-02T16:16:02.647+0000] {spark_submit.py:488} INFO - 24/10/02 16:16:02 INFO DiskBlockManager: Created local directory at /tmp/blockmgr-b8a1574e-de9b-4167-a0d1-0424f34861a8
[2024-10-02T16:16:02.677+0000] {spark_submit.py:488} INFO - 24/10/02 16:16:02 INFO MemoryStore: MemoryStore started with capacity 434.4 MiB
[2024-10-02T16:16:02.713+0000] {spark_submit.py:488} INFO - 24/10/02 16:16:02 INFO SparkEnv: Registering OutputCommitCoordinator
[2024-10-02T16:16:03.068+0000] {spark_submit.py:488} INFO - 24/10/02 16:16:03 INFO JettyUtils: Start Jetty 0.0.0.0:4040 for SparkUI
[2024-10-02T16:16:03.217+0000] {spark_submit.py:488} INFO - 24/10/02 16:16:03 INFO Utils: Successfully started service 'SparkUI' on port 4040.
[2024-10-02T16:16:03.352+0000] {spark_submit.py:488} INFO - 24/10/02 16:16:03 INFO SparkContext: Added JAR file:/opt/***/jobs/java/spark-job/target/spark-job-1.0-SNAPSHOT.jar at spark://531092bfcd5c:46091/jars/spark-job-1.0-SNAPSHOT.jar with timestamp 1727885760694
[2024-10-02T16:16:03.556+0000] {spark_submit.py:488} INFO - 24/10/02 16:16:03 INFO Executor: Starting executor ID driver on host 531092bfcd5c
[2024-10-02T16:16:03.557+0000] {spark_submit.py:488} INFO - 24/10/02 16:16:03 INFO Executor: OS info Linux, 5.15.153.1-microsoft-standard-WSL2, amd64
[2024-10-02T16:16:03.558+0000] {spark_submit.py:488} INFO - 24/10/02 16:16:03 INFO Executor: Java version 17.0.12
[2024-10-02T16:16:03.575+0000] {spark_submit.py:488} INFO - 24/10/02 16:16:03 INFO Executor: Starting executor with user classpath (userClassPathFirst = false): ''
[2024-10-02T16:16:03.577+0000] {spark_submit.py:488} INFO - 24/10/02 16:16:03 INFO Executor: Created or updated repl class loader org.apache.spark.util.MutableURLClassLoader@4483d35 for default.
[2024-10-02T16:16:03.690+0000] {spark_submit.py:488} INFO - 24/10/02 16:16:03 INFO Executor: Fetching spark://531092bfcd5c:46091/jars/spark-job-1.0-SNAPSHOT.jar with timestamp 1727885760694
[2024-10-02T16:16:03.881+0000] {spark_submit.py:488} INFO - 24/10/02 16:16:03 INFO TransportClientFactory: Successfully created connection to 531092bfcd5c/172.20.0.6:46091 after 118 ms (0 ms spent in bootstraps)
[2024-10-02T16:16:03.896+0000] {spark_submit.py:488} INFO - 24/10/02 16:16:03 INFO Utils: Fetching spark://531092bfcd5c:46091/jars/spark-job-1.0-SNAPSHOT.jar to /tmp/spark-6b34601b-095d-4851-bc83-40b23b32474a/userFiles-9a7a85cb-ddea-42a6-bd67-556f4857d349/fetchFileTemp15386370870424070709.tmp
[2024-10-02T16:16:04.026+0000] {spark_submit.py:488} INFO - 24/10/02 16:16:04 INFO Executor: Adding file:/tmp/spark-6b34601b-095d-4851-bc83-40b23b32474a/userFiles-9a7a85cb-ddea-42a6-bd67-556f4857d349/spark-job-1.0-SNAPSHOT.jar to class loader default
[2024-10-02T16:16:04.048+0000] {spark_submit.py:488} INFO - 24/10/02 16:16:04 INFO Utils: Successfully started service 'org.apache.spark.network.netty.NettyBlockTransferService' on port 33609.
[2024-10-02T16:16:04.049+0000] {spark_submit.py:488} INFO - 24/10/02 16:16:04 INFO NettyBlockTransferService: Server created on 531092bfcd5c:33609
[2024-10-02T16:16:04.053+0000] {spark_submit.py:488} INFO - 24/10/02 16:16:04 INFO BlockManager: Using org.apache.spark.storage.RandomBlockReplicationPolicy for block replication policy
[2024-10-02T16:16:04.073+0000] {spark_submit.py:488} INFO - 24/10/02 16:16:04 INFO BlockManagerMaster: Registering BlockManager BlockManagerId(driver, 531092bfcd5c, 33609, None)
[2024-10-02T16:16:04.077+0000] {spark_submit.py:488} INFO - 24/10/02 16:16:04 INFO BlockManagerMasterEndpoint: Registering block manager 531092bfcd5c:33609 with 434.4 MiB RAM, BlockManagerId(driver, 531092bfcd5c, 33609, None)
[2024-10-02T16:16:04.083+0000] {spark_submit.py:488} INFO - 24/10/02 16:16:04 INFO BlockManagerMaster: Registered BlockManager BlockManagerId(driver, 531092bfcd5c, 33609, None)
[2024-10-02T16:16:04.085+0000] {spark_submit.py:488} INFO - 24/10/02 16:16:04 INFO BlockManager: Initialized BlockManager: BlockManagerId(driver, 531092bfcd5c, 33609, None)
[2024-10-02T16:16:07.573+0000] {spark_submit.py:488} INFO - 24/10/02 16:16:07 INFO SparkContext: Starting job: collect at WordCountJob.java:37
[2024-10-02T16:16:07.775+0000] {spark_submit.py:488} INFO - 24/10/02 16:16:07 INFO DAGScheduler: Registering RDD 2 (mapToPair at WordCountJob.java:33) as input to shuffle 0
[2024-10-02T16:16:07.816+0000] {spark_submit.py:488} INFO - 24/10/02 16:16:07 INFO DAGScheduler: Got job 0 (collect at WordCountJob.java:37) with 1 output partitions
[2024-10-02T16:16:07.819+0000] {spark_submit.py:488} INFO - 24/10/02 16:16:07 INFO DAGScheduler: Final stage: ResultStage 1 (collect at WordCountJob.java:37)
[2024-10-02T16:16:07.822+0000] {spark_submit.py:488} INFO - 24/10/02 16:16:07 INFO DAGScheduler: Parents of final stage: List(ShuffleMapStage 0)
[2024-10-02T16:16:07.832+0000] {spark_submit.py:488} INFO - 24/10/02 16:16:07 INFO DAGScheduler: Missing parents: List(ShuffleMapStage 0)
[2024-10-02T16:16:07.849+0000] {spark_submit.py:488} INFO - 24/10/02 16:16:07 INFO DAGScheduler: Submitting ShuffleMapStage 0 (MapPartitionsRDD[2] at mapToPair at WordCountJob.java:33), which has no missing parents
[2024-10-02T16:16:08.374+0000] {spark_submit.py:488} INFO - 24/10/02 16:16:08 INFO MemoryStore: Block broadcast_0 stored as values in memory (estimated size 6.4 KiB, free 434.4 MiB)
[2024-10-02T16:16:08.676+0000] {spark_submit.py:488} INFO - 24/10/02 16:16:08 INFO MemoryStore: Block broadcast_0_piece0 stored as bytes in memory (estimated size 3.4 KiB, free 434.4 MiB)
[2024-10-02T16:16:08.685+0000] {spark_submit.py:488} INFO - 24/10/02 16:16:08 INFO BlockManagerInfo: Added broadcast_0_piece0 in memory on 531092bfcd5c:33609 (size: 3.4 KiB, free: 434.4 MiB)
[2024-10-02T16:16:08.699+0000] {spark_submit.py:488} INFO - 24/10/02 16:16:08 INFO SparkContext: Created broadcast 0 from broadcast at DAGScheduler.scala:1585
[2024-10-02T16:16:08.790+0000] {spark_submit.py:488} INFO - 24/10/02 16:16:08 INFO DAGScheduler: Submitting 1 missing tasks from ShuffleMapStage 0 (MapPartitionsRDD[2] at mapToPair at WordCountJob.java:33) (first 15 tasks are for partitions Vector(0))
[2024-10-02T16:16:08.795+0000] {spark_submit.py:488} INFO - 24/10/02 16:16:08 INFO TaskSchedulerImpl: Adding task set 0.0 with 1 tasks resource profile 0
[2024-10-02T16:16:09.271+0000] {spark_submit.py:488} INFO - 24/10/02 16:16:09 INFO TaskSetManager: Starting task 0.0 in stage 0.0 (TID 0) (531092bfcd5c, executor driver, partition 0, PROCESS_LOCAL, 9249 bytes)
[2024-10-02T16:16:09.394+0000] {spark_submit.py:488} INFO - 24/10/02 16:16:09 INFO Executor: Running task 0.0 in stage 0.0 (TID 0)
[2024-10-02T16:16:09.959+0000] {spark_submit.py:488} INFO - 24/10/02 16:16:09 INFO Executor: Finished task 0.0 in stage 0.0 (TID 0). 1216 bytes result sent to driver
[2024-10-02T16:16:10.020+0000] {spark_submit.py:488} INFO - 24/10/02 16:16:10 INFO TaskSetManager: Finished task 0.0 in stage 0.0 (TID 0) in 994 ms on 531092bfcd5c (executor driver) (1/1)
[2024-10-02T16:16:10.049+0000] {spark_submit.py:488} INFO - 24/10/02 16:16:10 INFO TaskSchedulerImpl: Removed TaskSet 0.0, whose tasks have all completed, from pool
[2024-10-02T16:16:10.055+0000] {spark_submit.py:488} INFO - 24/10/02 16:16:10 INFO DAGScheduler: ShuffleMapStage 0 (mapToPair at WordCountJob.java:33) finished in 2.102 s
[2024-10-02T16:16:10.060+0000] {spark_submit.py:488} INFO - 24/10/02 16:16:10 INFO DAGScheduler: looking for newly runnable stages
[2024-10-02T16:16:10.064+0000] {spark_submit.py:488} INFO - 24/10/02 16:16:10 INFO DAGScheduler: running: Set()
[2024-10-02T16:16:10.068+0000] {spark_submit.py:488} INFO - 24/10/02 16:16:10 INFO DAGScheduler: waiting: Set(ResultStage 1)
[2024-10-02T16:16:10.072+0000] {spark_submit.py:488} INFO - 24/10/02 16:16:10 INFO DAGScheduler: failed: Set()
[2024-10-02T16:16:10.082+0000] {spark_submit.py:488} INFO - 24/10/02 16:16:10 INFO DAGScheduler: Submitting ResultStage 1 (ShuffledRDD[3] at reduceByKey at WordCountJob.java:34), which has no missing parents
[2024-10-02T16:16:10.141+0000] {spark_submit.py:488} INFO - 24/10/02 16:16:10 INFO MemoryStore: Block broadcast_1 stored as values in memory (estimated size 5.2 KiB, free 434.4 MiB)
[2024-10-02T16:16:10.156+0000] {spark_submit.py:488} INFO - 24/10/02 16:16:10 INFO MemoryStore: Block broadcast_1_piece0 stored as bytes in memory (estimated size 2.9 KiB, free 434.4 MiB)
[2024-10-02T16:16:10.174+0000] {spark_submit.py:488} INFO - 24/10/02 16:16:10 INFO BlockManagerInfo: Added broadcast_1_piece0 in memory on 531092bfcd5c:33609 (size: 2.9 KiB, free: 434.4 MiB)
[2024-10-02T16:16:10.190+0000] {spark_submit.py:488} INFO - 24/10/02 16:16:10 INFO SparkContext: Created broadcast 1 from broadcast at DAGScheduler.scala:1585
[2024-10-02T16:16:10.220+0000] {spark_submit.py:488} INFO - 24/10/02 16:16:10 INFO DAGScheduler: Submitting 1 missing tasks from ResultStage 1 (ShuffledRDD[3] at reduceByKey at WordCountJob.java:34) (first 15 tasks are for partitions Vector(0))
[2024-10-02T16:16:10.234+0000] {spark_submit.py:488} INFO - 24/10/02 16:16:10 INFO TaskSchedulerImpl: Adding task set 1.0 with 1 tasks resource profile 0
[2024-10-02T16:16:10.261+0000] {spark_submit.py:488} INFO - 24/10/02 16:16:10 INFO TaskSetManager: Starting task 0.0 in stage 1.0 (TID 1) (531092bfcd5c, executor driver, partition 0, NODE_LOCAL, 9002 bytes)
[2024-10-02T16:16:10.264+0000] {spark_submit.py:488} INFO - 24/10/02 16:16:10 INFO Executor: Running task 0.0 in stage 1.0 (TID 1)
[2024-10-02T16:16:10.460+0000] {spark_submit.py:488} INFO - 24/10/02 16:16:10 INFO BlockManagerInfo: Removed broadcast_0_piece0 on 531092bfcd5c:33609 in memory (size: 3.4 KiB, free: 434.4 MiB)
[2024-10-02T16:16:10.468+0000] {spark_submit.py:488} INFO - 24/10/02 16:16:10 INFO ShuffleBlockFetcherIterator: Getting 1 (189.0 B) non-empty blocks including 1 (189.0 B) local and 0 (0.0 B) host-local and 0 (0.0 B) push-merged-local and 0 (0.0 B) remote blocks
[2024-10-02T16:16:10.479+0000] {spark_submit.py:488} INFO - 24/10/02 16:16:10 INFO ShuffleBlockFetcherIterator: Started 0 remote fetches in 60 ms
[2024-10-02T16:16:10.588+0000] {spark_submit.py:488} INFO - 24/10/02 16:16:10 INFO Executor: Finished task 0.0 in stage 1.0 (TID 1). 2044 bytes result sent to driver
[2024-10-02T16:16:10.609+0000] {spark_submit.py:488} INFO - 24/10/02 16:16:10 INFO TaskSetManager: Finished task 0.0 in stage 1.0 (TID 1) in 363 ms on 531092bfcd5c (executor driver) (1/1)
[2024-10-02T16:16:10.622+0000] {spark_submit.py:488} INFO - 24/10/02 16:16:10 INFO DAGScheduler: ResultStage 1 (collect at WordCountJob.java:37) finished in 0.498 s
[2024-10-02T16:16:10.624+0000] {spark_submit.py:488} INFO - 24/10/02 16:16:10 INFO TaskSchedulerImpl: Removed TaskSet 1.0, whose tasks have all completed, from pool
[2024-10-02T16:16:10.633+0000] {spark_submit.py:488} INFO - 24/10/02 16:16:10 INFO DAGScheduler: Job 0 is finished. Cancelling potential speculative or zombie tasks for this job
[2024-10-02T16:16:10.646+0000] {spark_submit.py:488} INFO - 24/10/02 16:16:10 INFO TaskSchedulerImpl: Killing all running tasks in stage 1: Stage finished
[2024-10-02T16:16:10.663+0000] {spark_submit.py:488} INFO - 24/10/02 16:16:10 INFO DAGScheduler: Job 0 finished: collect at WordCountJob.java:37, took 3.081617 s
[2024-10-02T16:16:10.664+0000] {spark_submit.py:488} INFO - spark: 1
[2024-10-02T16:16:10.666+0000] {spark_submit.py:488} INFO - docker: 1
[2024-10-02T16:16:10.668+0000] {spark_submit.py:488} INFO - Yusuf: 1
[2024-10-02T16:16:10.669+0000] {spark_submit.py:488} INFO - hello: 5
[2024-10-02T16:16:10.670+0000] {spark_submit.py:488} INFO - java: 1
[2024-10-02T16:16:10.672+0000] {spark_submit.py:488} INFO - world: 1
[2024-10-02T16:16:10.674+0000] {spark_submit.py:488} INFO - 24/10/02 16:16:10 INFO SparkContext: SparkContext is stopping with exitCode 0.
[2024-10-02T16:16:10.738+0000] {spark_submit.py:488} INFO - 24/10/02 16:16:10 INFO SparkUI: Stopped Spark web UI at http://531092bfcd5c:4040
[2024-10-02T16:16:10.800+0000] {spark_submit.py:488} INFO - 24/10/02 16:16:10 INFO MapOutputTrackerMasterEndpoint: MapOutputTrackerMasterEndpoint stopped!
[2024-10-02T16:16:10.850+0000] {spark_submit.py:488} INFO - 24/10/02 16:16:10 INFO MemoryStore: MemoryStore cleared
[2024-10-02T16:16:10.851+0000] {spark_submit.py:488} INFO - 24/10/02 16:16:10 INFO BlockManager: BlockManager stopped
[2024-10-02T16:16:10.860+0000] {spark_submit.py:488} INFO - 24/10/02 16:16:10 INFO BlockManagerMaster: BlockManagerMaster stopped
[2024-10-02T16:16:10.865+0000] {spark_submit.py:488} INFO - 24/10/02 16:16:10 INFO OutputCommitCoordinator$OutputCommitCoordinatorEndpoint: OutputCommitCoordinator stopped!
[2024-10-02T16:16:10.931+0000] {spark_submit.py:488} INFO - 24/10/02 16:16:10 INFO SparkContext: Successfully stopped SparkContext
[2024-10-02T16:16:10.942+0000] {spark_submit.py:488} INFO - 24/10/02 16:16:10 INFO ShutdownHookManager: Shutdown hook called
[2024-10-02T16:16:10.945+0000] {spark_submit.py:488} INFO - 24/10/02 16:16:10 INFO ShutdownHookManager: Deleting directory /tmp/spark-aca37aeb-f40f-4a94-a357-ccf1fb90899a
[2024-10-02T16:16:10.963+0000] {spark_submit.py:488} INFO - 24/10/02 16:16:10 INFO ShutdownHookManager: Deleting directory /tmp/spark-6b34601b-095d-4851-bc83-40b23b32474a
[2024-10-02T16:16:11.063+0000] {taskinstance.py:340} INFO - ::group::Post task execution logs
[2024-10-02T16:16:11.065+0000] {taskinstance.py:352} INFO - Marking task as SUCCESS. dag_id=sparking_flow, task_id=java_job, run_id=manual__2024-10-02T16:15:51.895351+00:00, execution_date=20241002T161551, start_date=20241002T161554, end_date=20241002T161611
[2024-10-02T16:16:11.154+0000] {local_task_job_runner.py:266} INFO - Task exited with return code 0
[2024-10-02T16:16:11.235+0000] {taskinstance.py:3900} INFO - 0 downstream tasks scheduled from follow-on schedule check
[2024-10-02T16:16:11.244+0000] {local_task_job_runner.py:245} INFO - ::endgroup::
