[2024-09-25T07:46:02.661+0000] {processor.py:186} INFO - Started process (PID=72) to work on /opt/airflow/dags/etl_pipeline/tasks/staging/components/extract.py
[2024-09-25T07:46:02.663+0000] {processor.py:914} INFO - Processing file /opt/airflow/dags/etl_pipeline/tasks/staging/components/extract.py for tasks to queue
[2024-09-25T07:46:02.672+0000] {logging_mixin.py:190} INFO - [2024-09-25T07:46:02.671+0000] {dagbag.py:588} INFO - Filling up the DagBag from /opt/airflow/dags/etl_pipeline/tasks/staging/components/extract.py
[2024-09-25T07:46:02.696+0000] {logging_mixin.py:190} INFO - [2024-09-25T07:46:02.688+0000] {dagbag.py:387} ERROR - Failed to import: /opt/airflow/dags/etl_pipeline/tasks/staging/components/extract.py
Traceback (most recent call last):
  File "/home/airflow/.local/lib/python3.12/site-packages/airflow/models/dagbag.py", line 383, in parse
    loader.exec_module(new_module)
  File "<frozen importlib._bootstrap_external>", line 995, in exec_module
  File "<frozen importlib._bootstrap>", line 488, in _call_with_frames_removed
  File "/opt/airflow/dags/etl_pipeline/tasks/staging/components/extract.py", line 5, in <module>
    from helper.minio import CustomMinio
  File "/opt/airflow/dags/helper/minio.py", line 2, in <module>
    from minio import Minio
ModuleNotFoundError: No module named 'minio'
[2024-09-25T07:46:02.698+0000] {processor.py:927} WARNING - No viable dags retrieved from /opt/airflow/dags/etl_pipeline/tasks/staging/components/extract.py
[2024-09-25T07:46:02.753+0000] {processor.py:208} INFO - Processing /opt/airflow/dags/etl_pipeline/tasks/staging/components/extract.py took 0.112 seconds
[2024-09-25T07:46:32.990+0000] {processor.py:186} INFO - Started process (PID=90) to work on /opt/airflow/dags/etl_pipeline/tasks/staging/components/extract.py
[2024-09-25T07:46:32.992+0000] {processor.py:914} INFO - Processing file /opt/airflow/dags/etl_pipeline/tasks/staging/components/extract.py for tasks to queue
[2024-09-25T07:46:33.008+0000] {logging_mixin.py:190} INFO - [2024-09-25T07:46:33.006+0000] {dagbag.py:588} INFO - Filling up the DagBag from /opt/airflow/dags/etl_pipeline/tasks/staging/components/extract.py
[2024-09-25T07:46:33.029+0000] {logging_mixin.py:190} INFO - [2024-09-25T07:46:33.020+0000] {dagbag.py:387} ERROR - Failed to import: /opt/airflow/dags/etl_pipeline/tasks/staging/components/extract.py
Traceback (most recent call last):
  File "/home/airflow/.local/lib/python3.12/site-packages/airflow/models/dagbag.py", line 383, in parse
    loader.exec_module(new_module)
  File "<frozen importlib._bootstrap_external>", line 995, in exec_module
  File "<frozen importlib._bootstrap>", line 488, in _call_with_frames_removed
  File "/opt/airflow/dags/etl_pipeline/tasks/staging/components/extract.py", line 5, in <module>
    from helper.minio import CustomMinio
  File "/opt/airflow/dags/helper/minio.py", line 2, in <module>
    from minio import Minio
ModuleNotFoundError: No module named 'minio'
[2024-09-25T07:46:33.032+0000] {processor.py:927} WARNING - No viable dags retrieved from /opt/airflow/dags/etl_pipeline/tasks/staging/components/extract.py
[2024-09-25T07:46:33.126+0000] {processor.py:208} INFO - Processing /opt/airflow/dags/etl_pipeline/tasks/staging/components/extract.py took 0.171 seconds
[2024-09-25T07:47:03.680+0000] {processor.py:186} INFO - Started process (PID=109) to work on /opt/airflow/dags/etl_pipeline/tasks/staging/components/extract.py
[2024-09-25T07:47:03.683+0000] {processor.py:914} INFO - Processing file /opt/airflow/dags/etl_pipeline/tasks/staging/components/extract.py for tasks to queue
[2024-09-25T07:47:03.690+0000] {logging_mixin.py:190} INFO - [2024-09-25T07:47:03.689+0000] {dagbag.py:588} INFO - Filling up the DagBag from /opt/airflow/dags/etl_pipeline/tasks/staging/components/extract.py
[2024-09-25T07:47:03.705+0000] {logging_mixin.py:190} INFO - [2024-09-25T07:47:03.701+0000] {dagbag.py:387} ERROR - Failed to import: /opt/airflow/dags/etl_pipeline/tasks/staging/components/extract.py
Traceback (most recent call last):
  File "/home/airflow/.local/lib/python3.12/site-packages/airflow/models/dagbag.py", line 383, in parse
    loader.exec_module(new_module)
  File "<frozen importlib._bootstrap_external>", line 995, in exec_module
  File "<frozen importlib._bootstrap>", line 488, in _call_with_frames_removed
  File "/opt/airflow/dags/etl_pipeline/tasks/staging/components/extract.py", line 5, in <module>
    from helper.minio import CustomMinio
  File "/opt/airflow/dags/helper/minio.py", line 2, in <module>
    from minio import Minio
ModuleNotFoundError: No module named 'minio'
[2024-09-25T07:47:03.706+0000] {processor.py:927} WARNING - No viable dags retrieved from /opt/airflow/dags/etl_pipeline/tasks/staging/components/extract.py
[2024-09-25T07:47:03.762+0000] {processor.py:208} INFO - Processing /opt/airflow/dags/etl_pipeline/tasks/staging/components/extract.py took 0.103 seconds
[2024-09-25T07:47:34.608+0000] {processor.py:186} INFO - Started process (PID=127) to work on /opt/airflow/dags/etl_pipeline/tasks/staging/components/extract.py
[2024-09-25T07:47:34.611+0000] {processor.py:914} INFO - Processing file /opt/airflow/dags/etl_pipeline/tasks/staging/components/extract.py for tasks to queue
[2024-09-25T07:47:34.622+0000] {logging_mixin.py:190} INFO - [2024-09-25T07:47:34.620+0000] {dagbag.py:588} INFO - Filling up the DagBag from /opt/airflow/dags/etl_pipeline/tasks/staging/components/extract.py
[2024-09-25T07:47:34.632+0000] {logging_mixin.py:190} INFO - [2024-09-25T07:47:34.629+0000] {dagbag.py:387} ERROR - Failed to import: /opt/airflow/dags/etl_pipeline/tasks/staging/components/extract.py
Traceback (most recent call last):
  File "/home/airflow/.local/lib/python3.12/site-packages/airflow/models/dagbag.py", line 383, in parse
    loader.exec_module(new_module)
  File "<frozen importlib._bootstrap_external>", line 995, in exec_module
  File "<frozen importlib._bootstrap>", line 488, in _call_with_frames_removed
  File "/opt/airflow/dags/etl_pipeline/tasks/staging/components/extract.py", line 5, in <module>
    from helper.minio import CustomMinio
  File "/opt/airflow/dags/helper/minio.py", line 2, in <module>
    from minio import Minio
ModuleNotFoundError: No module named 'minio'
[2024-09-25T07:47:34.634+0000] {processor.py:927} WARNING - No viable dags retrieved from /opt/airflow/dags/etl_pipeline/tasks/staging/components/extract.py
[2024-09-25T07:47:34.690+0000] {processor.py:208} INFO - Processing /opt/airflow/dags/etl_pipeline/tasks/staging/components/extract.py took 0.099 seconds
[2024-09-25T07:48:05.236+0000] {processor.py:186} INFO - Started process (PID=145) to work on /opt/airflow/dags/etl_pipeline/tasks/staging/components/extract.py
[2024-09-25T07:48:05.239+0000] {processor.py:914} INFO - Processing file /opt/airflow/dags/etl_pipeline/tasks/staging/components/extract.py for tasks to queue
[2024-09-25T07:48:05.245+0000] {logging_mixin.py:190} INFO - [2024-09-25T07:48:05.244+0000] {dagbag.py:588} INFO - Filling up the DagBag from /opt/airflow/dags/etl_pipeline/tasks/staging/components/extract.py
[2024-09-25T07:48:05.257+0000] {logging_mixin.py:190} INFO - [2024-09-25T07:48:05.254+0000] {dagbag.py:387} ERROR - Failed to import: /opt/airflow/dags/etl_pipeline/tasks/staging/components/extract.py
Traceback (most recent call last):
  File "/home/airflow/.local/lib/python3.12/site-packages/airflow/models/dagbag.py", line 383, in parse
    loader.exec_module(new_module)
  File "<frozen importlib._bootstrap_external>", line 995, in exec_module
  File "<frozen importlib._bootstrap>", line 488, in _call_with_frames_removed
  File "/opt/airflow/dags/etl_pipeline/tasks/staging/components/extract.py", line 5, in <module>
    from helper.minio import CustomMinio
  File "/opt/airflow/dags/helper/minio.py", line 2, in <module>
    from minio import Minio
ModuleNotFoundError: No module named 'minio'
[2024-09-25T07:48:05.258+0000] {processor.py:927} WARNING - No viable dags retrieved from /opt/airflow/dags/etl_pipeline/tasks/staging/components/extract.py
[2024-09-25T07:48:05.299+0000] {processor.py:208} INFO - Processing /opt/airflow/dags/etl_pipeline/tasks/staging/components/extract.py took 0.078 seconds
[2024-09-25T07:48:35.967+0000] {processor.py:186} INFO - Started process (PID=163) to work on /opt/airflow/dags/etl_pipeline/tasks/staging/components/extract.py
[2024-09-25T07:48:35.969+0000] {processor.py:914} INFO - Processing file /opt/airflow/dags/etl_pipeline/tasks/staging/components/extract.py for tasks to queue
[2024-09-25T07:48:35.975+0000] {logging_mixin.py:190} INFO - [2024-09-25T07:48:35.974+0000] {dagbag.py:588} INFO - Filling up the DagBag from /opt/airflow/dags/etl_pipeline/tasks/staging/components/extract.py
[2024-09-25T07:48:35.988+0000] {logging_mixin.py:190} INFO - [2024-09-25T07:48:35.984+0000] {dagbag.py:387} ERROR - Failed to import: /opt/airflow/dags/etl_pipeline/tasks/staging/components/extract.py
Traceback (most recent call last):
  File "/home/airflow/.local/lib/python3.12/site-packages/airflow/models/dagbag.py", line 383, in parse
    loader.exec_module(new_module)
  File "<frozen importlib._bootstrap_external>", line 995, in exec_module
  File "<frozen importlib._bootstrap>", line 488, in _call_with_frames_removed
  File "/opt/airflow/dags/etl_pipeline/tasks/staging/components/extract.py", line 5, in <module>
    from helper.minio import CustomMinio
  File "/opt/airflow/dags/helper/minio.py", line 2, in <module>
    from minio import Minio
ModuleNotFoundError: No module named 'minio'
[2024-09-25T07:48:35.990+0000] {processor.py:927} WARNING - No viable dags retrieved from /opt/airflow/dags/etl_pipeline/tasks/staging/components/extract.py
[2024-09-25T07:48:36.038+0000] {processor.py:208} INFO - Processing /opt/airflow/dags/etl_pipeline/tasks/staging/components/extract.py took 0.085 seconds
[2024-09-25T07:49:06.698+0000] {processor.py:186} INFO - Started process (PID=181) to work on /opt/airflow/dags/etl_pipeline/tasks/staging/components/extract.py
[2024-09-25T07:49:06.711+0000] {processor.py:914} INFO - Processing file /opt/airflow/dags/etl_pipeline/tasks/staging/components/extract.py for tasks to queue
[2024-09-25T07:49:06.717+0000] {logging_mixin.py:190} INFO - [2024-09-25T07:49:06.716+0000] {dagbag.py:588} INFO - Filling up the DagBag from /opt/airflow/dags/etl_pipeline/tasks/staging/components/extract.py
[2024-09-25T07:49:06.729+0000] {logging_mixin.py:190} INFO - [2024-09-25T07:49:06.726+0000] {dagbag.py:387} ERROR - Failed to import: /opt/airflow/dags/etl_pipeline/tasks/staging/components/extract.py
Traceback (most recent call last):
  File "/home/airflow/.local/lib/python3.12/site-packages/airflow/models/dagbag.py", line 383, in parse
    loader.exec_module(new_module)
  File "<frozen importlib._bootstrap_external>", line 995, in exec_module
  File "<frozen importlib._bootstrap>", line 488, in _call_with_frames_removed
  File "/opt/airflow/dags/etl_pipeline/tasks/staging/components/extract.py", line 5, in <module>
    from helper.minio import CustomMinio
  File "/opt/airflow/dags/helper/minio.py", line 2, in <module>
    from minio import Minio
ModuleNotFoundError: No module named 'minio'
[2024-09-25T07:49:06.730+0000] {processor.py:927} WARNING - No viable dags retrieved from /opt/airflow/dags/etl_pipeline/tasks/staging/components/extract.py
[2024-09-25T07:49:06.781+0000] {processor.py:208} INFO - Processing /opt/airflow/dags/etl_pipeline/tasks/staging/components/extract.py took 0.107 seconds
[2024-09-25T07:49:37.626+0000] {processor.py:186} INFO - Started process (PID=199) to work on /opt/airflow/dags/etl_pipeline/tasks/staging/components/extract.py
[2024-09-25T07:49:37.629+0000] {processor.py:914} INFO - Processing file /opt/airflow/dags/etl_pipeline/tasks/staging/components/extract.py for tasks to queue
[2024-09-25T07:49:37.638+0000] {logging_mixin.py:190} INFO - [2024-09-25T07:49:37.637+0000] {dagbag.py:588} INFO - Filling up the DagBag from /opt/airflow/dags/etl_pipeline/tasks/staging/components/extract.py
[2024-09-25T07:49:37.660+0000] {logging_mixin.py:190} INFO - [2024-09-25T07:49:37.651+0000] {dagbag.py:387} ERROR - Failed to import: /opt/airflow/dags/etl_pipeline/tasks/staging/components/extract.py
Traceback (most recent call last):
  File "/home/airflow/.local/lib/python3.12/site-packages/airflow/models/dagbag.py", line 383, in parse
    loader.exec_module(new_module)
  File "<frozen importlib._bootstrap_external>", line 995, in exec_module
  File "<frozen importlib._bootstrap>", line 488, in _call_with_frames_removed
  File "/opt/airflow/dags/etl_pipeline/tasks/staging/components/extract.py", line 5, in <module>
    from helper.minio import CustomMinio
  File "/opt/airflow/dags/helper/minio.py", line 2, in <module>
    from minio import Minio
ModuleNotFoundError: No module named 'minio'
[2024-09-25T07:49:37.662+0000] {processor.py:927} WARNING - No viable dags retrieved from /opt/airflow/dags/etl_pipeline/tasks/staging/components/extract.py
[2024-09-25T07:49:37.722+0000] {processor.py:208} INFO - Processing /opt/airflow/dags/etl_pipeline/tasks/staging/components/extract.py took 0.117 seconds
[2024-09-25T07:50:08.573+0000] {processor.py:186} INFO - Started process (PID=217) to work on /opt/airflow/dags/etl_pipeline/tasks/staging/components/extract.py
[2024-09-25T07:50:08.576+0000] {processor.py:914} INFO - Processing file /opt/airflow/dags/etl_pipeline/tasks/staging/components/extract.py for tasks to queue
[2024-09-25T07:50:08.582+0000] {logging_mixin.py:190} INFO - [2024-09-25T07:50:08.581+0000] {dagbag.py:588} INFO - Filling up the DagBag from /opt/airflow/dags/etl_pipeline/tasks/staging/components/extract.py
[2024-09-25T07:50:08.599+0000] {logging_mixin.py:190} INFO - [2024-09-25T07:50:08.596+0000] {dagbag.py:387} ERROR - Failed to import: /opt/airflow/dags/etl_pipeline/tasks/staging/components/extract.py
Traceback (most recent call last):
  File "/home/airflow/.local/lib/python3.12/site-packages/airflow/models/dagbag.py", line 383, in parse
    loader.exec_module(new_module)
  File "<frozen importlib._bootstrap_external>", line 995, in exec_module
  File "<frozen importlib._bootstrap>", line 488, in _call_with_frames_removed
  File "/opt/airflow/dags/etl_pipeline/tasks/staging/components/extract.py", line 5, in <module>
    from helper.minio import CustomMinio
  File "/opt/airflow/dags/helper/minio.py", line 2, in <module>
    from minio import Minio
ModuleNotFoundError: No module named 'minio'
[2024-09-25T07:50:08.601+0000] {processor.py:927} WARNING - No viable dags retrieved from /opt/airflow/dags/etl_pipeline/tasks/staging/components/extract.py
[2024-09-25T07:50:08.653+0000] {processor.py:208} INFO - Processing /opt/airflow/dags/etl_pipeline/tasks/staging/components/extract.py took 0.099 seconds
[2024-09-25T07:57:23.765+0000] {processor.py:186} INFO - Started process (PID=70) to work on /opt/airflow/dags/etl_pipeline/tasks/staging/components/extract.py
[2024-09-25T07:57:23.778+0000] {processor.py:914} INFO - Processing file /opt/airflow/dags/etl_pipeline/tasks/staging/components/extract.py for tasks to queue
[2024-09-25T07:57:23.795+0000] {logging_mixin.py:190} INFO - [2024-09-25T07:57:23.787+0000] {dagbag.py:588} INFO - Filling up the DagBag from /opt/airflow/dags/etl_pipeline/tasks/staging/components/extract.py
[2024-09-25T07:57:29.047+0000] {processor.py:927} WARNING - No viable dags retrieved from /opt/airflow/dags/etl_pipeline/tasks/staging/components/extract.py
[2024-09-25T07:57:29.087+0000] {processor.py:208} INFO - Processing /opt/airflow/dags/etl_pipeline/tasks/staging/components/extract.py took 5.357 seconds
[2024-09-25T07:57:59.488+0000] {processor.py:186} INFO - Started process (PID=95) to work on /opt/airflow/dags/etl_pipeline/tasks/staging/components/extract.py
[2024-09-25T07:57:59.501+0000] {processor.py:914} INFO - Processing file /opt/airflow/dags/etl_pipeline/tasks/staging/components/extract.py for tasks to queue
[2024-09-25T07:57:59.509+0000] {logging_mixin.py:190} INFO - [2024-09-25T07:57:59.508+0000] {dagbag.py:588} INFO - Filling up the DagBag from /opt/airflow/dags/etl_pipeline/tasks/staging/components/extract.py
[2024-09-25T07:58:00.635+0000] {processor.py:927} WARNING - No viable dags retrieved from /opt/airflow/dags/etl_pipeline/tasks/staging/components/extract.py
[2024-09-25T07:58:00.663+0000] {processor.py:208} INFO - Processing /opt/airflow/dags/etl_pipeline/tasks/staging/components/extract.py took 1.195 seconds
[2024-09-25T07:58:30.948+0000] {processor.py:186} INFO - Started process (PID=120) to work on /opt/airflow/dags/etl_pipeline/tasks/staging/components/extract.py
[2024-09-25T07:58:30.950+0000] {processor.py:914} INFO - Processing file /opt/airflow/dags/etl_pipeline/tasks/staging/components/extract.py for tasks to queue
[2024-09-25T07:58:30.960+0000] {logging_mixin.py:190} INFO - [2024-09-25T07:58:30.959+0000] {dagbag.py:588} INFO - Filling up the DagBag from /opt/airflow/dags/etl_pipeline/tasks/staging/components/extract.py
[2024-09-25T07:58:32.595+0000] {processor.py:927} WARNING - No viable dags retrieved from /opt/airflow/dags/etl_pipeline/tasks/staging/components/extract.py
[2024-09-25T07:58:32.634+0000] {processor.py:208} INFO - Processing /opt/airflow/dags/etl_pipeline/tasks/staging/components/extract.py took 1.708 seconds
[2024-09-25T07:59:02.829+0000] {processor.py:186} INFO - Started process (PID=145) to work on /opt/airflow/dags/etl_pipeline/tasks/staging/components/extract.py
[2024-09-25T07:59:02.831+0000] {processor.py:914} INFO - Processing file /opt/airflow/dags/etl_pipeline/tasks/staging/components/extract.py for tasks to queue
[2024-09-25T07:59:02.836+0000] {logging_mixin.py:190} INFO - [2024-09-25T07:59:02.836+0000] {dagbag.py:588} INFO - Filling up the DagBag from /opt/airflow/dags/etl_pipeline/tasks/staging/components/extract.py
[2024-09-25T07:59:03.940+0000] {processor.py:927} WARNING - No viable dags retrieved from /opt/airflow/dags/etl_pipeline/tasks/staging/components/extract.py
[2024-09-25T07:59:03.976+0000] {processor.py:208} INFO - Processing /opt/airflow/dags/etl_pipeline/tasks/staging/components/extract.py took 1.160 seconds
[2024-09-25T07:59:34.544+0000] {processor.py:186} INFO - Started process (PID=170) to work on /opt/airflow/dags/etl_pipeline/tasks/staging/components/extract.py
[2024-09-25T07:59:34.556+0000] {processor.py:914} INFO - Processing file /opt/airflow/dags/etl_pipeline/tasks/staging/components/extract.py for tasks to queue
[2024-09-25T07:59:34.562+0000] {logging_mixin.py:190} INFO - [2024-09-25T07:59:34.561+0000] {dagbag.py:588} INFO - Filling up the DagBag from /opt/airflow/dags/etl_pipeline/tasks/staging/components/extract.py
[2024-09-25T07:59:35.912+0000] {processor.py:927} WARNING - No viable dags retrieved from /opt/airflow/dags/etl_pipeline/tasks/staging/components/extract.py
[2024-09-25T07:59:35.946+0000] {processor.py:208} INFO - Processing /opt/airflow/dags/etl_pipeline/tasks/staging/components/extract.py took 1.417 seconds
[2024-09-25T08:00:06.140+0000] {processor.py:186} INFO - Started process (PID=196) to work on /opt/airflow/dags/etl_pipeline/tasks/staging/components/extract.py
[2024-09-25T08:00:06.142+0000] {processor.py:914} INFO - Processing file /opt/airflow/dags/etl_pipeline/tasks/staging/components/extract.py for tasks to queue
[2024-09-25T08:00:06.147+0000] {logging_mixin.py:190} INFO - [2024-09-25T08:00:06.146+0000] {dagbag.py:588} INFO - Filling up the DagBag from /opt/airflow/dags/etl_pipeline/tasks/staging/components/extract.py
[2024-09-25T08:00:07.112+0000] {processor.py:927} WARNING - No viable dags retrieved from /opt/airflow/dags/etl_pipeline/tasks/staging/components/extract.py
[2024-09-25T08:00:07.135+0000] {processor.py:208} INFO - Processing /opt/airflow/dags/etl_pipeline/tasks/staging/components/extract.py took 1.008 seconds
[2024-09-25T08:00:37.951+0000] {processor.py:186} INFO - Started process (PID=221) to work on /opt/airflow/dags/etl_pipeline/tasks/staging/components/extract.py
[2024-09-25T08:00:37.953+0000] {processor.py:914} INFO - Processing file /opt/airflow/dags/etl_pipeline/tasks/staging/components/extract.py for tasks to queue
[2024-09-25T08:00:37.958+0000] {logging_mixin.py:190} INFO - [2024-09-25T08:00:37.957+0000] {dagbag.py:588} INFO - Filling up the DagBag from /opt/airflow/dags/etl_pipeline/tasks/staging/components/extract.py
[2024-09-25T08:00:39.095+0000] {processor.py:927} WARNING - No viable dags retrieved from /opt/airflow/dags/etl_pipeline/tasks/staging/components/extract.py
[2024-09-25T08:00:39.122+0000] {processor.py:208} INFO - Processing /opt/airflow/dags/etl_pipeline/tasks/staging/components/extract.py took 1.185 seconds
[2024-09-25T08:01:09.213+0000] {processor.py:186} INFO - Started process (PID=246) to work on /opt/airflow/dags/etl_pipeline/tasks/staging/components/extract.py
[2024-09-25T08:01:09.215+0000] {processor.py:914} INFO - Processing file /opt/airflow/dags/etl_pipeline/tasks/staging/components/extract.py for tasks to queue
[2024-09-25T08:01:09.220+0000] {logging_mixin.py:190} INFO - [2024-09-25T08:01:09.219+0000] {dagbag.py:588} INFO - Filling up the DagBag from /opt/airflow/dags/etl_pipeline/tasks/staging/components/extract.py
[2024-09-25T08:01:10.180+0000] {processor.py:927} WARNING - No viable dags retrieved from /opt/airflow/dags/etl_pipeline/tasks/staging/components/extract.py
[2024-09-25T08:01:10.205+0000] {processor.py:208} INFO - Processing /opt/airflow/dags/etl_pipeline/tasks/staging/components/extract.py took 1.004 seconds
[2024-09-25T08:01:40.512+0000] {processor.py:186} INFO - Started process (PID=272) to work on /opt/airflow/dags/etl_pipeline/tasks/staging/components/extract.py
[2024-09-25T08:01:40.514+0000] {processor.py:914} INFO - Processing file /opt/airflow/dags/etl_pipeline/tasks/staging/components/extract.py for tasks to queue
[2024-09-25T08:01:40.520+0000] {logging_mixin.py:190} INFO - [2024-09-25T08:01:40.519+0000] {dagbag.py:588} INFO - Filling up the DagBag from /opt/airflow/dags/etl_pipeline/tasks/staging/components/extract.py
[2024-09-25T08:01:41.814+0000] {processor.py:927} WARNING - No viable dags retrieved from /opt/airflow/dags/etl_pipeline/tasks/staging/components/extract.py
[2024-09-25T08:01:41.841+0000] {processor.py:208} INFO - Processing /opt/airflow/dags/etl_pipeline/tasks/staging/components/extract.py took 1.346 seconds
[2024-09-25T08:02:12.406+0000] {processor.py:186} INFO - Started process (PID=297) to work on /opt/airflow/dags/etl_pipeline/tasks/staging/components/extract.py
[2024-09-25T08:02:12.414+0000] {processor.py:914} INFO - Processing file /opt/airflow/dags/etl_pipeline/tasks/staging/components/extract.py for tasks to queue
[2024-09-25T08:02:12.421+0000] {logging_mixin.py:190} INFO - [2024-09-25T08:02:12.420+0000] {dagbag.py:588} INFO - Filling up the DagBag from /opt/airflow/dags/etl_pipeline/tasks/staging/components/extract.py
[2024-09-25T08:02:13.763+0000] {processor.py:927} WARNING - No viable dags retrieved from /opt/airflow/dags/etl_pipeline/tasks/staging/components/extract.py
[2024-09-25T08:02:13.797+0000] {processor.py:208} INFO - Processing /opt/airflow/dags/etl_pipeline/tasks/staging/components/extract.py took 1.430 seconds
[2024-09-25T08:02:43.930+0000] {processor.py:186} INFO - Started process (PID=322) to work on /opt/airflow/dags/etl_pipeline/tasks/staging/components/extract.py
[2024-09-25T08:02:43.934+0000] {processor.py:914} INFO - Processing file /opt/airflow/dags/etl_pipeline/tasks/staging/components/extract.py for tasks to queue
[2024-09-25T08:02:43.944+0000] {logging_mixin.py:190} INFO - [2024-09-25T08:02:43.944+0000] {dagbag.py:588} INFO - Filling up the DagBag from /opt/airflow/dags/etl_pipeline/tasks/staging/components/extract.py
[2024-09-25T08:02:45.177+0000] {processor.py:927} WARNING - No viable dags retrieved from /opt/airflow/dags/etl_pipeline/tasks/staging/components/extract.py
[2024-09-25T08:02:45.206+0000] {processor.py:208} INFO - Processing /opt/airflow/dags/etl_pipeline/tasks/staging/components/extract.py took 1.299 seconds
[2024-09-25T08:03:15.622+0000] {processor.py:186} INFO - Started process (PID=353) to work on /opt/airflow/dags/etl_pipeline/tasks/staging/components/extract.py
[2024-09-25T08:03:15.624+0000] {processor.py:914} INFO - Processing file /opt/airflow/dags/etl_pipeline/tasks/staging/components/extract.py for tasks to queue
[2024-09-25T08:03:15.629+0000] {logging_mixin.py:190} INFO - [2024-09-25T08:03:15.628+0000] {dagbag.py:588} INFO - Filling up the DagBag from /opt/airflow/dags/etl_pipeline/tasks/staging/components/extract.py
[2024-09-25T08:03:16.594+0000] {processor.py:927} WARNING - No viable dags retrieved from /opt/airflow/dags/etl_pipeline/tasks/staging/components/extract.py
[2024-09-25T08:03:16.618+0000] {processor.py:208} INFO - Processing /opt/airflow/dags/etl_pipeline/tasks/staging/components/extract.py took 1.012 seconds
[2024-09-25T08:03:46.715+0000] {processor.py:186} INFO - Started process (PID=378) to work on /opt/airflow/dags/etl_pipeline/tasks/staging/components/extract.py
[2024-09-25T08:03:46.717+0000] {processor.py:914} INFO - Processing file /opt/airflow/dags/etl_pipeline/tasks/staging/components/extract.py for tasks to queue
[2024-09-25T08:03:46.721+0000] {logging_mixin.py:190} INFO - [2024-09-25T08:03:46.721+0000] {dagbag.py:588} INFO - Filling up the DagBag from /opt/airflow/dags/etl_pipeline/tasks/staging/components/extract.py
[2024-09-25T08:03:47.734+0000] {processor.py:927} WARNING - No viable dags retrieved from /opt/airflow/dags/etl_pipeline/tasks/staging/components/extract.py
[2024-09-25T08:03:47.758+0000] {processor.py:208} INFO - Processing /opt/airflow/dags/etl_pipeline/tasks/staging/components/extract.py took 1.056 seconds
[2024-09-25T08:04:18.291+0000] {processor.py:186} INFO - Started process (PID=403) to work on /opt/airflow/dags/etl_pipeline/tasks/staging/components/extract.py
[2024-09-25T08:04:18.293+0000] {processor.py:914} INFO - Processing file /opt/airflow/dags/etl_pipeline/tasks/staging/components/extract.py for tasks to queue
[2024-09-25T08:04:18.299+0000] {logging_mixin.py:190} INFO - [2024-09-25T08:04:18.298+0000] {dagbag.py:588} INFO - Filling up the DagBag from /opt/airflow/dags/etl_pipeline/tasks/staging/components/extract.py
[2024-09-25T08:04:19.239+0000] {processor.py:927} WARNING - No viable dags retrieved from /opt/airflow/dags/etl_pipeline/tasks/staging/components/extract.py
[2024-09-25T08:04:19.264+0000] {processor.py:208} INFO - Processing /opt/airflow/dags/etl_pipeline/tasks/staging/components/extract.py took 0.986 seconds
[2024-09-25T08:04:49.778+0000] {processor.py:186} INFO - Started process (PID=428) to work on /opt/airflow/dags/etl_pipeline/tasks/staging/components/extract.py
[2024-09-25T08:04:49.781+0000] {processor.py:914} INFO - Processing file /opt/airflow/dags/etl_pipeline/tasks/staging/components/extract.py for tasks to queue
[2024-09-25T08:04:49.787+0000] {logging_mixin.py:190} INFO - [2024-09-25T08:04:49.786+0000] {dagbag.py:588} INFO - Filling up the DagBag from /opt/airflow/dags/etl_pipeline/tasks/staging/components/extract.py
[2024-09-25T08:04:50.907+0000] {processor.py:927} WARNING - No viable dags retrieved from /opt/airflow/dags/etl_pipeline/tasks/staging/components/extract.py
[2024-09-25T08:04:50.932+0000] {processor.py:208} INFO - Processing /opt/airflow/dags/etl_pipeline/tasks/staging/components/extract.py took 1.168 seconds
[2024-09-25T08:05:21.062+0000] {processor.py:186} INFO - Started process (PID=453) to work on /opt/airflow/dags/etl_pipeline/tasks/staging/components/extract.py
[2024-09-25T08:05:21.064+0000] {processor.py:914} INFO - Processing file /opt/airflow/dags/etl_pipeline/tasks/staging/components/extract.py for tasks to queue
[2024-09-25T08:05:21.069+0000] {logging_mixin.py:190} INFO - [2024-09-25T08:05:21.068+0000] {dagbag.py:588} INFO - Filling up the DagBag from /opt/airflow/dags/etl_pipeline/tasks/staging/components/extract.py
[2024-09-25T08:05:22.283+0000] {processor.py:927} WARNING - No viable dags retrieved from /opt/airflow/dags/etl_pipeline/tasks/staging/components/extract.py
[2024-09-25T08:05:22.312+0000] {processor.py:208} INFO - Processing /opt/airflow/dags/etl_pipeline/tasks/staging/components/extract.py took 1.266 seconds
[2024-09-25T08:05:52.561+0000] {processor.py:186} INFO - Started process (PID=478) to work on /opt/airflow/dags/etl_pipeline/tasks/staging/components/extract.py
[2024-09-25T08:05:52.589+0000] {processor.py:914} INFO - Processing file /opt/airflow/dags/etl_pipeline/tasks/staging/components/extract.py for tasks to queue
[2024-09-25T08:05:52.594+0000] {logging_mixin.py:190} INFO - [2024-09-25T08:05:52.593+0000] {dagbag.py:588} INFO - Filling up the DagBag from /opt/airflow/dags/etl_pipeline/tasks/staging/components/extract.py
[2024-09-25T08:05:53.862+0000] {processor.py:927} WARNING - No viable dags retrieved from /opt/airflow/dags/etl_pipeline/tasks/staging/components/extract.py
[2024-09-25T08:05:53.892+0000] {processor.py:208} INFO - Processing /opt/airflow/dags/etl_pipeline/tasks/staging/components/extract.py took 1.345 seconds
[2024-09-25T08:06:24.288+0000] {processor.py:186} INFO - Started process (PID=503) to work on /opt/airflow/dags/etl_pipeline/tasks/staging/components/extract.py
[2024-09-25T08:06:24.290+0000] {processor.py:914} INFO - Processing file /opt/airflow/dags/etl_pipeline/tasks/staging/components/extract.py for tasks to queue
[2024-09-25T08:06:24.296+0000] {logging_mixin.py:190} INFO - [2024-09-25T08:06:24.295+0000] {dagbag.py:588} INFO - Filling up the DagBag from /opt/airflow/dags/etl_pipeline/tasks/staging/components/extract.py
[2024-09-25T08:06:25.317+0000] {processor.py:927} WARNING - No viable dags retrieved from /opt/airflow/dags/etl_pipeline/tasks/staging/components/extract.py
[2024-09-25T08:06:25.341+0000] {processor.py:208} INFO - Processing /opt/airflow/dags/etl_pipeline/tasks/staging/components/extract.py took 1.066 seconds
[2024-09-25T08:06:55.961+0000] {processor.py:186} INFO - Started process (PID=528) to work on /opt/airflow/dags/etl_pipeline/tasks/staging/components/extract.py
[2024-09-25T08:06:55.973+0000] {processor.py:914} INFO - Processing file /opt/airflow/dags/etl_pipeline/tasks/staging/components/extract.py for tasks to queue
[2024-09-25T08:06:55.978+0000] {logging_mixin.py:190} INFO - [2024-09-25T08:06:55.977+0000] {dagbag.py:588} INFO - Filling up the DagBag from /opt/airflow/dags/etl_pipeline/tasks/staging/components/extract.py
[2024-09-25T08:06:56.966+0000] {processor.py:927} WARNING - No viable dags retrieved from /opt/airflow/dags/etl_pipeline/tasks/staging/components/extract.py
[2024-09-25T08:06:56.988+0000] {processor.py:208} INFO - Processing /opt/airflow/dags/etl_pipeline/tasks/staging/components/extract.py took 1.041 seconds
[2024-09-25T08:07:27.127+0000] {processor.py:186} INFO - Started process (PID=554) to work on /opt/airflow/dags/etl_pipeline/tasks/staging/components/extract.py
[2024-09-25T08:07:27.130+0000] {processor.py:914} INFO - Processing file /opt/airflow/dags/etl_pipeline/tasks/staging/components/extract.py for tasks to queue
[2024-09-25T08:07:27.135+0000] {logging_mixin.py:190} INFO - [2024-09-25T08:07:27.134+0000] {dagbag.py:588} INFO - Filling up the DagBag from /opt/airflow/dags/etl_pipeline/tasks/staging/components/extract.py
[2024-09-25T08:07:28.363+0000] {processor.py:927} WARNING - No viable dags retrieved from /opt/airflow/dags/etl_pipeline/tasks/staging/components/extract.py
[2024-09-25T08:07:28.395+0000] {processor.py:208} INFO - Processing /opt/airflow/dags/etl_pipeline/tasks/staging/components/extract.py took 1.283 seconds
[2024-09-25T08:07:58.930+0000] {processor.py:186} INFO - Started process (PID=579) to work on /opt/airflow/dags/etl_pipeline/tasks/staging/components/extract.py
[2024-09-25T08:07:58.932+0000] {processor.py:914} INFO - Processing file /opt/airflow/dags/etl_pipeline/tasks/staging/components/extract.py for tasks to queue
[2024-09-25T08:07:58.937+0000] {logging_mixin.py:190} INFO - [2024-09-25T08:07:58.936+0000] {dagbag.py:588} INFO - Filling up the DagBag from /opt/airflow/dags/etl_pipeline/tasks/staging/components/extract.py
[2024-09-25T08:07:59.929+0000] {processor.py:927} WARNING - No viable dags retrieved from /opt/airflow/dags/etl_pipeline/tasks/staging/components/extract.py
[2024-09-25T08:07:59.952+0000] {processor.py:208} INFO - Processing /opt/airflow/dags/etl_pipeline/tasks/staging/components/extract.py took 1.035 seconds
[2024-09-25T08:08:30.739+0000] {processor.py:186} INFO - Started process (PID=604) to work on /opt/airflow/dags/etl_pipeline/tasks/staging/components/extract.py
[2024-09-25T08:08:30.752+0000] {processor.py:914} INFO - Processing file /opt/airflow/dags/etl_pipeline/tasks/staging/components/extract.py for tasks to queue
[2024-09-25T08:08:30.758+0000] {logging_mixin.py:190} INFO - [2024-09-25T08:08:30.757+0000] {dagbag.py:588} INFO - Filling up the DagBag from /opt/airflow/dags/etl_pipeline/tasks/staging/components/extract.py
[2024-09-25T08:08:31.894+0000] {processor.py:927} WARNING - No viable dags retrieved from /opt/airflow/dags/etl_pipeline/tasks/staging/components/extract.py
[2024-09-25T08:08:31.921+0000] {processor.py:208} INFO - Processing /opt/airflow/dags/etl_pipeline/tasks/staging/components/extract.py took 1.197 seconds
[2024-09-25T08:09:02.609+0000] {processor.py:186} INFO - Started process (PID=629) to work on /opt/airflow/dags/etl_pipeline/tasks/staging/components/extract.py
[2024-09-25T08:09:02.612+0000] {processor.py:914} INFO - Processing file /opt/airflow/dags/etl_pipeline/tasks/staging/components/extract.py for tasks to queue
[2024-09-25T08:09:02.618+0000] {logging_mixin.py:190} INFO - [2024-09-25T08:09:02.617+0000] {dagbag.py:588} INFO - Filling up the DagBag from /opt/airflow/dags/etl_pipeline/tasks/staging/components/extract.py
[2024-09-25T08:09:03.733+0000] {processor.py:927} WARNING - No viable dags retrieved from /opt/airflow/dags/etl_pipeline/tasks/staging/components/extract.py
[2024-09-25T08:09:03.760+0000] {processor.py:208} INFO - Processing /opt/airflow/dags/etl_pipeline/tasks/staging/components/extract.py took 1.167 seconds
[2024-09-25T08:09:34.119+0000] {processor.py:186} INFO - Started process (PID=654) to work on /opt/airflow/dags/etl_pipeline/tasks/staging/components/extract.py
[2024-09-25T08:09:34.121+0000] {processor.py:914} INFO - Processing file /opt/airflow/dags/etl_pipeline/tasks/staging/components/extract.py for tasks to queue
[2024-09-25T08:09:34.127+0000] {logging_mixin.py:190} INFO - [2024-09-25T08:09:34.126+0000] {dagbag.py:588} INFO - Filling up the DagBag from /opt/airflow/dags/etl_pipeline/tasks/staging/components/extract.py
[2024-09-25T08:09:35.448+0000] {processor.py:927} WARNING - No viable dags retrieved from /opt/airflow/dags/etl_pipeline/tasks/staging/components/extract.py
[2024-09-25T08:09:35.479+0000] {processor.py:208} INFO - Processing /opt/airflow/dags/etl_pipeline/tasks/staging/components/extract.py took 1.374 seconds
[2024-09-25T08:10:05.670+0000] {processor.py:186} INFO - Started process (PID=679) to work on /opt/airflow/dags/etl_pipeline/tasks/staging/components/extract.py
[2024-09-25T08:10:05.683+0000] {processor.py:914} INFO - Processing file /opt/airflow/dags/etl_pipeline/tasks/staging/components/extract.py for tasks to queue
[2024-09-25T08:10:05.688+0000] {logging_mixin.py:190} INFO - [2024-09-25T08:10:05.688+0000] {dagbag.py:588} INFO - Filling up the DagBag from /opt/airflow/dags/etl_pipeline/tasks/staging/components/extract.py
[2024-09-25T08:10:06.722+0000] {processor.py:927} WARNING - No viable dags retrieved from /opt/airflow/dags/etl_pipeline/tasks/staging/components/extract.py
[2024-09-25T08:10:06.745+0000] {processor.py:208} INFO - Processing /opt/airflow/dags/etl_pipeline/tasks/staging/components/extract.py took 1.089 seconds
[2024-09-25T08:10:36.861+0000] {processor.py:186} INFO - Started process (PID=705) to work on /opt/airflow/dags/etl_pipeline/tasks/staging/components/extract.py
[2024-09-25T08:10:36.863+0000] {processor.py:914} INFO - Processing file /opt/airflow/dags/etl_pipeline/tasks/staging/components/extract.py for tasks to queue
[2024-09-25T08:10:36.870+0000] {logging_mixin.py:190} INFO - [2024-09-25T08:10:36.869+0000] {dagbag.py:588} INFO - Filling up the DagBag from /opt/airflow/dags/etl_pipeline/tasks/staging/components/extract.py
[2024-09-25T08:10:37.834+0000] {processor.py:927} WARNING - No viable dags retrieved from /opt/airflow/dags/etl_pipeline/tasks/staging/components/extract.py
[2024-09-25T08:10:37.856+0000] {processor.py:208} INFO - Processing /opt/airflow/dags/etl_pipeline/tasks/staging/components/extract.py took 1.008 seconds
[2024-09-25T08:11:08.000+0000] {processor.py:186} INFO - Started process (PID=730) to work on /opt/airflow/dags/etl_pipeline/tasks/staging/components/extract.py
[2024-09-25T08:11:08.003+0000] {processor.py:914} INFO - Processing file /opt/airflow/dags/etl_pipeline/tasks/staging/components/extract.py for tasks to queue
[2024-09-25T08:11:08.009+0000] {logging_mixin.py:190} INFO - [2024-09-25T08:11:08.008+0000] {dagbag.py:588} INFO - Filling up the DagBag from /opt/airflow/dags/etl_pipeline/tasks/staging/components/extract.py
[2024-09-25T08:11:09.281+0000] {processor.py:927} WARNING - No viable dags retrieved from /opt/airflow/dags/etl_pipeline/tasks/staging/components/extract.py
[2024-09-25T08:11:09.313+0000] {processor.py:208} INFO - Processing /opt/airflow/dags/etl_pipeline/tasks/staging/components/extract.py took 1.330 seconds
[2024-09-25T08:11:39.844+0000] {processor.py:186} INFO - Started process (PID=755) to work on /opt/airflow/dags/etl_pipeline/tasks/staging/components/extract.py
[2024-09-25T08:11:39.846+0000] {processor.py:914} INFO - Processing file /opt/airflow/dags/etl_pipeline/tasks/staging/components/extract.py for tasks to queue
[2024-09-25T08:11:39.853+0000] {logging_mixin.py:190} INFO - [2024-09-25T08:11:39.852+0000] {dagbag.py:588} INFO - Filling up the DagBag from /opt/airflow/dags/etl_pipeline/tasks/staging/components/extract.py
[2024-09-25T08:11:41.381+0000] {processor.py:927} WARNING - No viable dags retrieved from /opt/airflow/dags/etl_pipeline/tasks/staging/components/extract.py
[2024-09-25T08:11:41.429+0000] {processor.py:208} INFO - Processing /opt/airflow/dags/etl_pipeline/tasks/staging/components/extract.py took 1.610 seconds
[2024-09-25T08:12:11.644+0000] {processor.py:186} INFO - Started process (PID=780) to work on /opt/airflow/dags/etl_pipeline/tasks/staging/components/extract.py
[2024-09-25T08:12:11.647+0000] {processor.py:914} INFO - Processing file /opt/airflow/dags/etl_pipeline/tasks/staging/components/extract.py for tasks to queue
[2024-09-25T08:12:11.662+0000] {logging_mixin.py:190} INFO - [2024-09-25T08:12:11.660+0000] {dagbag.py:588} INFO - Filling up the DagBag from /opt/airflow/dags/etl_pipeline/tasks/staging/components/extract.py
[2024-09-25T08:12:13.278+0000] {processor.py:927} WARNING - No viable dags retrieved from /opt/airflow/dags/etl_pipeline/tasks/staging/components/extract.py
[2024-09-25T08:12:13.331+0000] {processor.py:208} INFO - Processing /opt/airflow/dags/etl_pipeline/tasks/staging/components/extract.py took 1.715 seconds
[2024-09-25T08:12:43.728+0000] {processor.py:186} INFO - Started process (PID=805) to work on /opt/airflow/dags/etl_pipeline/tasks/staging/components/extract.py
[2024-09-25T08:12:43.730+0000] {processor.py:914} INFO - Processing file /opt/airflow/dags/etl_pipeline/tasks/staging/components/extract.py for tasks to queue
[2024-09-25T08:12:43.736+0000] {logging_mixin.py:190} INFO - [2024-09-25T08:12:43.735+0000] {dagbag.py:588} INFO - Filling up the DagBag from /opt/airflow/dags/etl_pipeline/tasks/staging/components/extract.py
[2024-09-25T08:12:44.884+0000] {processor.py:927} WARNING - No viable dags retrieved from /opt/airflow/dags/etl_pipeline/tasks/staging/components/extract.py
[2024-09-25T08:12:44.910+0000] {processor.py:208} INFO - Processing /opt/airflow/dags/etl_pipeline/tasks/staging/components/extract.py took 1.198 seconds
[2024-09-25T08:13:15.272+0000] {processor.py:186} INFO - Started process (PID=830) to work on /opt/airflow/dags/etl_pipeline/tasks/staging/components/extract.py
[2024-09-25T08:13:15.274+0000] {processor.py:914} INFO - Processing file /opt/airflow/dags/etl_pipeline/tasks/staging/components/extract.py for tasks to queue
[2024-09-25T08:13:15.279+0000] {logging_mixin.py:190} INFO - [2024-09-25T08:13:15.279+0000] {dagbag.py:588} INFO - Filling up the DagBag from /opt/airflow/dags/etl_pipeline/tasks/staging/components/extract.py
[2024-09-25T08:13:16.290+0000] {processor.py:927} WARNING - No viable dags retrieved from /opt/airflow/dags/etl_pipeline/tasks/staging/components/extract.py
[2024-09-25T08:13:16.312+0000] {processor.py:208} INFO - Processing /opt/airflow/dags/etl_pipeline/tasks/staging/components/extract.py took 1.054 seconds
[2024-09-25T08:13:46.673+0000] {processor.py:186} INFO - Started process (PID=862) to work on /opt/airflow/dags/etl_pipeline/tasks/staging/components/extract.py
[2024-09-25T08:13:46.675+0000] {processor.py:914} INFO - Processing file /opt/airflow/dags/etl_pipeline/tasks/staging/components/extract.py for tasks to queue
[2024-09-25T08:13:46.681+0000] {logging_mixin.py:190} INFO - [2024-09-25T08:13:46.680+0000] {dagbag.py:588} INFO - Filling up the DagBag from /opt/airflow/dags/etl_pipeline/tasks/staging/components/extract.py
[2024-09-25T08:13:47.648+0000] {processor.py:927} WARNING - No viable dags retrieved from /opt/airflow/dags/etl_pipeline/tasks/staging/components/extract.py
[2024-09-25T08:13:47.671+0000] {processor.py:208} INFO - Processing /opt/airflow/dags/etl_pipeline/tasks/staging/components/extract.py took 1.013 seconds
[2024-09-25T08:14:17.991+0000] {processor.py:186} INFO - Started process (PID=887) to work on /opt/airflow/dags/etl_pipeline/tasks/staging/components/extract.py
[2024-09-25T08:14:17.993+0000] {processor.py:914} INFO - Processing file /opt/airflow/dags/etl_pipeline/tasks/staging/components/extract.py for tasks to queue
[2024-09-25T08:14:17.998+0000] {logging_mixin.py:190} INFO - [2024-09-25T08:14:17.997+0000] {dagbag.py:588} INFO - Filling up the DagBag from /opt/airflow/dags/etl_pipeline/tasks/staging/components/extract.py
[2024-09-25T08:14:19.017+0000] {processor.py:927} WARNING - No viable dags retrieved from /opt/airflow/dags/etl_pipeline/tasks/staging/components/extract.py
[2024-09-25T08:14:19.042+0000] {processor.py:208} INFO - Processing /opt/airflow/dags/etl_pipeline/tasks/staging/components/extract.py took 1.068 seconds
[2024-09-25T08:14:49.430+0000] {processor.py:186} INFO - Started process (PID=912) to work on /opt/airflow/dags/etl_pipeline/tasks/staging/components/extract.py
[2024-09-25T08:14:49.438+0000] {processor.py:914} INFO - Processing file /opt/airflow/dags/etl_pipeline/tasks/staging/components/extract.py for tasks to queue
[2024-09-25T08:14:49.443+0000] {logging_mixin.py:190} INFO - [2024-09-25T08:14:49.442+0000] {dagbag.py:588} INFO - Filling up the DagBag from /opt/airflow/dags/etl_pipeline/tasks/staging/components/extract.py
[2024-09-25T08:14:50.499+0000] {processor.py:927} WARNING - No viable dags retrieved from /opt/airflow/dags/etl_pipeline/tasks/staging/components/extract.py
[2024-09-25T08:14:50.530+0000] {processor.py:208} INFO - Processing /opt/airflow/dags/etl_pipeline/tasks/staging/components/extract.py took 1.112 seconds
[2024-09-25T08:15:20.787+0000] {processor.py:186} INFO - Started process (PID=937) to work on /opt/airflow/dags/etl_pipeline/tasks/staging/components/extract.py
[2024-09-25T08:15:20.790+0000] {processor.py:914} INFO - Processing file /opt/airflow/dags/etl_pipeline/tasks/staging/components/extract.py for tasks to queue
[2024-09-25T08:15:20.796+0000] {logging_mixin.py:190} INFO - [2024-09-25T08:15:20.795+0000] {dagbag.py:588} INFO - Filling up the DagBag from /opt/airflow/dags/etl_pipeline/tasks/staging/components/extract.py
[2024-09-25T08:15:21.982+0000] {processor.py:927} WARNING - No viable dags retrieved from /opt/airflow/dags/etl_pipeline/tasks/staging/components/extract.py
[2024-09-25T08:15:22.009+0000] {processor.py:208} INFO - Processing /opt/airflow/dags/etl_pipeline/tasks/staging/components/extract.py took 1.238 seconds
[2024-09-25T08:15:52.709+0000] {processor.py:186} INFO - Started process (PID=962) to work on /opt/airflow/dags/etl_pipeline/tasks/staging/components/extract.py
[2024-09-25T08:15:52.721+0000] {processor.py:914} INFO - Processing file /opt/airflow/dags/etl_pipeline/tasks/staging/components/extract.py for tasks to queue
[2024-09-25T08:15:52.726+0000] {logging_mixin.py:190} INFO - [2024-09-25T08:15:52.726+0000] {dagbag.py:588} INFO - Filling up the DagBag from /opt/airflow/dags/etl_pipeline/tasks/staging/components/extract.py
[2024-09-25T08:15:53.746+0000] {processor.py:927} WARNING - No viable dags retrieved from /opt/airflow/dags/etl_pipeline/tasks/staging/components/extract.py
[2024-09-25T08:15:53.769+0000] {processor.py:208} INFO - Processing /opt/airflow/dags/etl_pipeline/tasks/staging/components/extract.py took 1.074 seconds
[2024-09-25T08:16:24.219+0000] {processor.py:186} INFO - Started process (PID=987) to work on /opt/airflow/dags/etl_pipeline/tasks/staging/components/extract.py
[2024-09-25T08:16:24.222+0000] {processor.py:914} INFO - Processing file /opt/airflow/dags/etl_pipeline/tasks/staging/components/extract.py for tasks to queue
[2024-09-25T08:16:24.234+0000] {logging_mixin.py:190} INFO - [2024-09-25T08:16:24.233+0000] {dagbag.py:588} INFO - Filling up the DagBag from /opt/airflow/dags/etl_pipeline/tasks/staging/components/extract.py
[2024-09-25T08:16:26.390+0000] {processor.py:927} WARNING - No viable dags retrieved from /opt/airflow/dags/etl_pipeline/tasks/staging/components/extract.py
[2024-09-25T08:16:26.431+0000] {processor.py:208} INFO - Processing /opt/airflow/dags/etl_pipeline/tasks/staging/components/extract.py took 2.240 seconds
[2024-09-25T08:16:56.927+0000] {processor.py:186} INFO - Started process (PID=1012) to work on /opt/airflow/dags/etl_pipeline/tasks/staging/components/extract.py
[2024-09-25T08:16:56.940+0000] {processor.py:914} INFO - Processing file /opt/airflow/dags/etl_pipeline/tasks/staging/components/extract.py for tasks to queue
[2024-09-25T08:16:56.946+0000] {logging_mixin.py:190} INFO - [2024-09-25T08:16:56.944+0000] {dagbag.py:588} INFO - Filling up the DagBag from /opt/airflow/dags/etl_pipeline/tasks/staging/components/extract.py
[2024-09-25T08:16:58.431+0000] {processor.py:927} WARNING - No viable dags retrieved from /opt/airflow/dags/etl_pipeline/tasks/staging/components/extract.py
[2024-09-25T08:16:58.461+0000] {processor.py:208} INFO - Processing /opt/airflow/dags/etl_pipeline/tasks/staging/components/extract.py took 1.549 seconds
[2024-09-25T08:17:29.152+0000] {processor.py:186} INFO - Started process (PID=1037) to work on /opt/airflow/dags/etl_pipeline/tasks/staging/components/extract.py
[2024-09-25T08:17:29.155+0000] {processor.py:914} INFO - Processing file /opt/airflow/dags/etl_pipeline/tasks/staging/components/extract.py for tasks to queue
[2024-09-25T08:17:29.162+0000] {logging_mixin.py:190} INFO - [2024-09-25T08:17:29.161+0000] {dagbag.py:588} INFO - Filling up the DagBag from /opt/airflow/dags/etl_pipeline/tasks/staging/components/extract.py
[2024-09-25T08:17:30.476+0000] {processor.py:927} WARNING - No viable dags retrieved from /opt/airflow/dags/etl_pipeline/tasks/staging/components/extract.py
[2024-09-25T08:17:30.504+0000] {processor.py:208} INFO - Processing /opt/airflow/dags/etl_pipeline/tasks/staging/components/extract.py took 1.370 seconds
[2024-09-25T08:18:00.910+0000] {processor.py:186} INFO - Started process (PID=1062) to work on /opt/airflow/dags/etl_pipeline/tasks/staging/components/extract.py
[2024-09-25T08:18:00.912+0000] {processor.py:914} INFO - Processing file /opt/airflow/dags/etl_pipeline/tasks/staging/components/extract.py for tasks to queue
[2024-09-25T08:18:00.918+0000] {logging_mixin.py:190} INFO - [2024-09-25T08:18:00.917+0000] {dagbag.py:588} INFO - Filling up the DagBag from /opt/airflow/dags/etl_pipeline/tasks/staging/components/extract.py
[2024-09-25T08:18:02.175+0000] {processor.py:927} WARNING - No viable dags retrieved from /opt/airflow/dags/etl_pipeline/tasks/staging/components/extract.py
[2024-09-25T08:18:02.202+0000] {processor.py:208} INFO - Processing /opt/airflow/dags/etl_pipeline/tasks/staging/components/extract.py took 1.316 seconds
[2024-09-25T08:18:32.439+0000] {processor.py:186} INFO - Started process (PID=1087) to work on /opt/airflow/dags/etl_pipeline/tasks/staging/components/extract.py
[2024-09-25T08:18:32.450+0000] {processor.py:914} INFO - Processing file /opt/airflow/dags/etl_pipeline/tasks/staging/components/extract.py for tasks to queue
[2024-09-25T08:18:32.463+0000] {logging_mixin.py:190} INFO - [2024-09-25T08:18:32.456+0000] {dagbag.py:588} INFO - Filling up the DagBag from /opt/airflow/dags/etl_pipeline/tasks/staging/components/extract.py
[2024-09-25T08:18:34.698+0000] {processor.py:927} WARNING - No viable dags retrieved from /opt/airflow/dags/etl_pipeline/tasks/staging/components/extract.py
[2024-09-25T08:18:34.759+0000] {processor.py:208} INFO - Processing /opt/airflow/dags/etl_pipeline/tasks/staging/components/extract.py took 2.356 seconds
[2024-09-25T08:19:05.008+0000] {processor.py:186} INFO - Started process (PID=1112) to work on /opt/airflow/dags/etl_pipeline/tasks/staging/components/extract.py
[2024-09-25T08:19:05.021+0000] {processor.py:914} INFO - Processing file /opt/airflow/dags/etl_pipeline/tasks/staging/components/extract.py for tasks to queue
[2024-09-25T08:19:05.026+0000] {logging_mixin.py:190} INFO - [2024-09-25T08:19:05.025+0000] {dagbag.py:588} INFO - Filling up the DagBag from /opt/airflow/dags/etl_pipeline/tasks/staging/components/extract.py
[2024-09-25T08:19:06.173+0000] {processor.py:927} WARNING - No viable dags retrieved from /opt/airflow/dags/etl_pipeline/tasks/staging/components/extract.py
[2024-09-25T08:19:06.202+0000] {processor.py:208} INFO - Processing /opt/airflow/dags/etl_pipeline/tasks/staging/components/extract.py took 1.211 seconds
[2024-09-25T08:19:36.354+0000] {processor.py:186} INFO - Started process (PID=1137) to work on /opt/airflow/dags/etl_pipeline/tasks/staging/components/extract.py
[2024-09-25T08:19:36.367+0000] {processor.py:914} INFO - Processing file /opt/airflow/dags/etl_pipeline/tasks/staging/components/extract.py for tasks to queue
[2024-09-25T08:19:36.374+0000] {logging_mixin.py:190} INFO - [2024-09-25T08:19:36.373+0000] {dagbag.py:588} INFO - Filling up the DagBag from /opt/airflow/dags/etl_pipeline/tasks/staging/components/extract.py
[2024-09-25T08:19:37.681+0000] {processor.py:927} WARNING - No viable dags retrieved from /opt/airflow/dags/etl_pipeline/tasks/staging/components/extract.py
[2024-09-25T08:19:37.712+0000] {processor.py:208} INFO - Processing /opt/airflow/dags/etl_pipeline/tasks/staging/components/extract.py took 1.384 seconds
[2024-09-25T08:20:08.512+0000] {processor.py:186} INFO - Started process (PID=1162) to work on /opt/airflow/dags/etl_pipeline/tasks/staging/components/extract.py
[2024-09-25T08:20:08.524+0000] {processor.py:914} INFO - Processing file /opt/airflow/dags/etl_pipeline/tasks/staging/components/extract.py for tasks to queue
[2024-09-25T08:20:08.530+0000] {logging_mixin.py:190} INFO - [2024-09-25T08:20:08.529+0000] {dagbag.py:588} INFO - Filling up the DagBag from /opt/airflow/dags/etl_pipeline/tasks/staging/components/extract.py
[2024-09-25T08:20:09.491+0000] {processor.py:927} WARNING - No viable dags retrieved from /opt/airflow/dags/etl_pipeline/tasks/staging/components/extract.py
[2024-09-25T08:20:09.515+0000] {processor.py:208} INFO - Processing /opt/airflow/dags/etl_pipeline/tasks/staging/components/extract.py took 1.015 seconds
[2024-09-25T08:20:40.030+0000] {processor.py:186} INFO - Started process (PID=1187) to work on /opt/airflow/dags/etl_pipeline/tasks/staging/components/extract.py
[2024-09-25T08:20:40.043+0000] {processor.py:914} INFO - Processing file /opt/airflow/dags/etl_pipeline/tasks/staging/components/extract.py for tasks to queue
[2024-09-25T08:20:40.048+0000] {logging_mixin.py:190} INFO - [2024-09-25T08:20:40.047+0000] {dagbag.py:588} INFO - Filling up the DagBag from /opt/airflow/dags/etl_pipeline/tasks/staging/components/extract.py
[2024-09-25T08:20:41.045+0000] {processor.py:927} WARNING - No viable dags retrieved from /opt/airflow/dags/etl_pipeline/tasks/staging/components/extract.py
[2024-09-25T08:20:41.068+0000] {processor.py:208} INFO - Processing /opt/airflow/dags/etl_pipeline/tasks/staging/components/extract.py took 1.052 seconds
[2024-09-25T08:21:11.175+0000] {processor.py:186} INFO - Started process (PID=1212) to work on /opt/airflow/dags/etl_pipeline/tasks/staging/components/extract.py
[2024-09-25T08:21:11.187+0000] {processor.py:914} INFO - Processing file /opt/airflow/dags/etl_pipeline/tasks/staging/components/extract.py for tasks to queue
[2024-09-25T08:21:11.191+0000] {logging_mixin.py:190} INFO - [2024-09-25T08:21:11.191+0000] {dagbag.py:588} INFO - Filling up the DagBag from /opt/airflow/dags/etl_pipeline/tasks/staging/components/extract.py
[2024-09-25T08:21:12.542+0000] {processor.py:927} WARNING - No viable dags retrieved from /opt/airflow/dags/etl_pipeline/tasks/staging/components/extract.py
[2024-09-25T08:21:12.561+0000] {processor.py:208} INFO - Processing /opt/airflow/dags/etl_pipeline/tasks/staging/components/extract.py took 1.399 seconds
[2024-09-25T08:21:42.666+0000] {processor.py:186} INFO - Started process (PID=1237) to work on /opt/airflow/dags/etl_pipeline/tasks/staging/components/extract.py
[2024-09-25T08:21:42.669+0000] {processor.py:914} INFO - Processing file /opt/airflow/dags/etl_pipeline/tasks/staging/components/extract.py for tasks to queue
[2024-09-25T08:21:42.675+0000] {logging_mixin.py:190} INFO - [2024-09-25T08:21:42.674+0000] {dagbag.py:588} INFO - Filling up the DagBag from /opt/airflow/dags/etl_pipeline/tasks/staging/components/extract.py
[2024-09-25T08:21:44.409+0000] {processor.py:927} WARNING - No viable dags retrieved from /opt/airflow/dags/etl_pipeline/tasks/staging/components/extract.py
[2024-09-25T08:21:44.437+0000] {processor.py:208} INFO - Processing /opt/airflow/dags/etl_pipeline/tasks/staging/components/extract.py took 1.786 seconds
[2024-09-25T08:22:14.896+0000] {processor.py:186} INFO - Started process (PID=1262) to work on /opt/airflow/dags/etl_pipeline/tasks/staging/components/extract.py
[2024-09-25T08:22:14.898+0000] {processor.py:914} INFO - Processing file /opt/airflow/dags/etl_pipeline/tasks/staging/components/extract.py for tasks to queue
[2024-09-25T08:22:14.904+0000] {logging_mixin.py:190} INFO - [2024-09-25T08:22:14.903+0000] {dagbag.py:588} INFO - Filling up the DagBag from /opt/airflow/dags/etl_pipeline/tasks/staging/components/extract.py
[2024-09-25T08:22:16.162+0000] {processor.py:927} WARNING - No viable dags retrieved from /opt/airflow/dags/etl_pipeline/tasks/staging/components/extract.py
[2024-09-25T08:22:16.191+0000] {processor.py:208} INFO - Processing /opt/airflow/dags/etl_pipeline/tasks/staging/components/extract.py took 1.313 seconds
[2024-09-25T08:22:46.285+0000] {processor.py:186} INFO - Started process (PID=1288) to work on /opt/airflow/dags/etl_pipeline/tasks/staging/components/extract.py
[2024-09-25T08:22:46.287+0000] {processor.py:914} INFO - Processing file /opt/airflow/dags/etl_pipeline/tasks/staging/components/extract.py for tasks to queue
[2024-09-25T08:22:46.293+0000] {logging_mixin.py:190} INFO - [2024-09-25T08:22:46.292+0000] {dagbag.py:588} INFO - Filling up the DagBag from /opt/airflow/dags/etl_pipeline/tasks/staging/components/extract.py
[2024-09-25T08:22:47.701+0000] {processor.py:927} WARNING - No viable dags retrieved from /opt/airflow/dags/etl_pipeline/tasks/staging/components/extract.py
[2024-09-25T08:22:47.721+0000] {processor.py:208} INFO - Processing /opt/airflow/dags/etl_pipeline/tasks/staging/components/extract.py took 1.450 seconds
[2024-09-25T08:23:18.115+0000] {processor.py:186} INFO - Started process (PID=1313) to work on /opt/airflow/dags/etl_pipeline/tasks/staging/components/extract.py
[2024-09-25T08:23:18.117+0000] {processor.py:914} INFO - Processing file /opt/airflow/dags/etl_pipeline/tasks/staging/components/extract.py for tasks to queue
[2024-09-25T08:23:18.123+0000] {logging_mixin.py:190} INFO - [2024-09-25T08:23:18.122+0000] {dagbag.py:588} INFO - Filling up the DagBag from /opt/airflow/dags/etl_pipeline/tasks/staging/components/extract.py
[2024-09-25T08:23:19.568+0000] {processor.py:927} WARNING - No viable dags retrieved from /opt/airflow/dags/etl_pipeline/tasks/staging/components/extract.py
[2024-09-25T08:23:19.602+0000] {processor.py:208} INFO - Processing /opt/airflow/dags/etl_pipeline/tasks/staging/components/extract.py took 1.505 seconds
