[2024-09-25T07:46:03.036+0000] {processor.py:186} INFO - Started process (PID=75) to work on /opt/airflow/dags/etl_pipeline/tasks/warehouse/components/extract_transform.py
[2024-09-25T07:46:03.037+0000] {processor.py:914} INFO - Processing file /opt/airflow/dags/etl_pipeline/tasks/warehouse/components/extract_transform.py for tasks to queue
[2024-09-25T07:46:03.046+0000] {logging_mixin.py:190} INFO - [2024-09-25T07:46:03.044+0000] {dagbag.py:588} INFO - Filling up the DagBag from /opt/airflow/dags/etl_pipeline/tasks/warehouse/components/extract_transform.py
[2024-09-25T07:46:06.559+0000] {logging_mixin.py:190} INFO - [2024-09-25T07:46:06.554+0000] {dagbag.py:387} ERROR - Failed to import: /opt/airflow/dags/etl_pipeline/tasks/warehouse/components/extract_transform.py
Traceback (most recent call last):
  File "/home/airflow/.local/lib/python3.12/site-packages/airflow/models/dagbag.py", line 383, in parse
    loader.exec_module(new_module)
  File "<frozen importlib._bootstrap_external>", line 995, in exec_module
  File "<frozen importlib._bootstrap>", line 488, in _call_with_frames_removed
  File "/opt/airflow/dags/etl_pipeline/tasks/warehouse/components/extract_transform.py", line 5, in <module>
    from etl_pipeline.tasks.warehouse.components.validations import Validation, ValidationType
  File "/opt/airflow/dags/etl_pipeline/tasks/warehouse/components/validations.py", line 3, in <module>
    from helper.minio import CustomMinio
  File "/opt/airflow/dags/helper/minio.py", line 2, in <module>
    from minio import Minio
ModuleNotFoundError: No module named 'minio'
[2024-09-25T07:46:06.561+0000] {processor.py:927} WARNING - No viable dags retrieved from /opt/airflow/dags/etl_pipeline/tasks/warehouse/components/extract_transform.py
[2024-09-25T07:46:06.616+0000] {processor.py:208} INFO - Processing /opt/airflow/dags/etl_pipeline/tasks/warehouse/components/extract_transform.py took 3.596 seconds
[2024-09-25T07:46:37.411+0000] {processor.py:186} INFO - Started process (PID=98) to work on /opt/airflow/dags/etl_pipeline/tasks/warehouse/components/extract_transform.py
[2024-09-25T07:46:37.414+0000] {processor.py:914} INFO - Processing file /opt/airflow/dags/etl_pipeline/tasks/warehouse/components/extract_transform.py for tasks to queue
[2024-09-25T07:46:37.420+0000] {logging_mixin.py:190} INFO - [2024-09-25T07:46:37.420+0000] {dagbag.py:588} INFO - Filling up the DagBag from /opt/airflow/dags/etl_pipeline/tasks/warehouse/components/extract_transform.py
[2024-09-25T07:46:38.338+0000] {logging_mixin.py:190} INFO - [2024-09-25T07:46:38.333+0000] {dagbag.py:387} ERROR - Failed to import: /opt/airflow/dags/etl_pipeline/tasks/warehouse/components/extract_transform.py
Traceback (most recent call last):
  File "/home/airflow/.local/lib/python3.12/site-packages/airflow/models/dagbag.py", line 383, in parse
    loader.exec_module(new_module)
  File "<frozen importlib._bootstrap_external>", line 995, in exec_module
  File "<frozen importlib._bootstrap>", line 488, in _call_with_frames_removed
  File "/opt/airflow/dags/etl_pipeline/tasks/warehouse/components/extract_transform.py", line 5, in <module>
    from etl_pipeline.tasks.warehouse.components.validations import Validation, ValidationType
  File "/opt/airflow/dags/etl_pipeline/tasks/warehouse/components/validations.py", line 3, in <module>
    from helper.minio import CustomMinio
  File "/opt/airflow/dags/helper/minio.py", line 2, in <module>
    from minio import Minio
ModuleNotFoundError: No module named 'minio'
[2024-09-25T07:46:38.339+0000] {processor.py:927} WARNING - No viable dags retrieved from /opt/airflow/dags/etl_pipeline/tasks/warehouse/components/extract_transform.py
[2024-09-25T07:46:38.392+0000] {processor.py:208} INFO - Processing /opt/airflow/dags/etl_pipeline/tasks/warehouse/components/extract_transform.py took 1.000 seconds
[2024-09-25T07:47:08.658+0000] {processor.py:186} INFO - Started process (PID=117) to work on /opt/airflow/dags/etl_pipeline/tasks/warehouse/components/extract_transform.py
[2024-09-25T07:47:08.663+0000] {processor.py:914} INFO - Processing file /opt/airflow/dags/etl_pipeline/tasks/warehouse/components/extract_transform.py for tasks to queue
[2024-09-25T07:47:08.669+0000] {logging_mixin.py:190} INFO - [2024-09-25T07:47:08.668+0000] {dagbag.py:588} INFO - Filling up the DagBag from /opt/airflow/dags/etl_pipeline/tasks/warehouse/components/extract_transform.py
[2024-09-25T07:47:10.237+0000] {logging_mixin.py:190} INFO - [2024-09-25T07:47:10.208+0000] {dagbag.py:387} ERROR - Failed to import: /opt/airflow/dags/etl_pipeline/tasks/warehouse/components/extract_transform.py
Traceback (most recent call last):
  File "/home/airflow/.local/lib/python3.12/site-packages/airflow/models/dagbag.py", line 383, in parse
    loader.exec_module(new_module)
  File "<frozen importlib._bootstrap_external>", line 995, in exec_module
  File "<frozen importlib._bootstrap>", line 488, in _call_with_frames_removed
  File "/opt/airflow/dags/etl_pipeline/tasks/warehouse/components/extract_transform.py", line 5, in <module>
    from etl_pipeline.tasks.warehouse.components.validations import Validation, ValidationType
  File "/opt/airflow/dags/etl_pipeline/tasks/warehouse/components/validations.py", line 3, in <module>
    from helper.minio import CustomMinio
  File "/opt/airflow/dags/helper/minio.py", line 2, in <module>
    from minio import Minio
ModuleNotFoundError: No module named 'minio'
[2024-09-25T07:47:10.238+0000] {processor.py:927} WARNING - No viable dags retrieved from /opt/airflow/dags/etl_pipeline/tasks/warehouse/components/extract_transform.py
[2024-09-25T07:47:10.353+0000] {processor.py:208} INFO - Processing /opt/airflow/dags/etl_pipeline/tasks/warehouse/components/extract_transform.py took 1.722 seconds
[2024-09-25T07:47:41.251+0000] {processor.py:186} INFO - Started process (PID=135) to work on /opt/airflow/dags/etl_pipeline/tasks/warehouse/components/extract_transform.py
[2024-09-25T07:47:41.254+0000] {processor.py:914} INFO - Processing file /opt/airflow/dags/etl_pipeline/tasks/warehouse/components/extract_transform.py for tasks to queue
[2024-09-25T07:47:41.259+0000] {logging_mixin.py:190} INFO - [2024-09-25T07:47:41.258+0000] {dagbag.py:588} INFO - Filling up the DagBag from /opt/airflow/dags/etl_pipeline/tasks/warehouse/components/extract_transform.py
[2024-09-25T07:47:41.962+0000] {logging_mixin.py:190} INFO - [2024-09-25T07:47:41.956+0000] {dagbag.py:387} ERROR - Failed to import: /opt/airflow/dags/etl_pipeline/tasks/warehouse/components/extract_transform.py
Traceback (most recent call last):
  File "/home/airflow/.local/lib/python3.12/site-packages/airflow/models/dagbag.py", line 383, in parse
    loader.exec_module(new_module)
  File "<frozen importlib._bootstrap_external>", line 995, in exec_module
  File "<frozen importlib._bootstrap>", line 488, in _call_with_frames_removed
  File "/opt/airflow/dags/etl_pipeline/tasks/warehouse/components/extract_transform.py", line 5, in <module>
    from etl_pipeline.tasks.warehouse.components.validations import Validation, ValidationType
  File "/opt/airflow/dags/etl_pipeline/tasks/warehouse/components/validations.py", line 3, in <module>
    from helper.minio import CustomMinio
  File "/opt/airflow/dags/helper/minio.py", line 2, in <module>
    from minio import Minio
ModuleNotFoundError: No module named 'minio'
[2024-09-25T07:47:41.965+0000] {processor.py:927} WARNING - No viable dags retrieved from /opt/airflow/dags/etl_pipeline/tasks/warehouse/components/extract_transform.py
[2024-09-25T07:47:42.024+0000] {processor.py:208} INFO - Processing /opt/airflow/dags/etl_pipeline/tasks/warehouse/components/extract_transform.py took 0.790 seconds
[2024-09-25T07:48:12.851+0000] {processor.py:186} INFO - Started process (PID=153) to work on /opt/airflow/dags/etl_pipeline/tasks/warehouse/components/extract_transform.py
[2024-09-25T07:48:12.864+0000] {processor.py:914} INFO - Processing file /opt/airflow/dags/etl_pipeline/tasks/warehouse/components/extract_transform.py for tasks to queue
[2024-09-25T07:48:12.869+0000] {logging_mixin.py:190} INFO - [2024-09-25T07:48:12.868+0000] {dagbag.py:588} INFO - Filling up the DagBag from /opt/airflow/dags/etl_pipeline/tasks/warehouse/components/extract_transform.py
[2024-09-25T07:48:13.696+0000] {logging_mixin.py:190} INFO - [2024-09-25T07:48:13.690+0000] {dagbag.py:387} ERROR - Failed to import: /opt/airflow/dags/etl_pipeline/tasks/warehouse/components/extract_transform.py
Traceback (most recent call last):
  File "/home/airflow/.local/lib/python3.12/site-packages/airflow/models/dagbag.py", line 383, in parse
    loader.exec_module(new_module)
  File "<frozen importlib._bootstrap_external>", line 995, in exec_module
  File "<frozen importlib._bootstrap>", line 488, in _call_with_frames_removed
  File "/opt/airflow/dags/etl_pipeline/tasks/warehouse/components/extract_transform.py", line 5, in <module>
    from etl_pipeline.tasks.warehouse.components.validations import Validation, ValidationType
  File "/opt/airflow/dags/etl_pipeline/tasks/warehouse/components/validations.py", line 3, in <module>
    from helper.minio import CustomMinio
  File "/opt/airflow/dags/helper/minio.py", line 2, in <module>
    from minio import Minio
ModuleNotFoundError: No module named 'minio'
[2024-09-25T07:48:13.698+0000] {processor.py:927} WARNING - No viable dags retrieved from /opt/airflow/dags/etl_pipeline/tasks/warehouse/components/extract_transform.py
[2024-09-25T07:48:13.743+0000] {processor.py:208} INFO - Processing /opt/airflow/dags/etl_pipeline/tasks/warehouse/components/extract_transform.py took 0.909 seconds
[2024-09-25T07:48:44.640+0000] {processor.py:186} INFO - Started process (PID=171) to work on /opt/airflow/dags/etl_pipeline/tasks/warehouse/components/extract_transform.py
[2024-09-25T07:48:44.642+0000] {processor.py:914} INFO - Processing file /opt/airflow/dags/etl_pipeline/tasks/warehouse/components/extract_transform.py for tasks to queue
[2024-09-25T07:48:44.647+0000] {logging_mixin.py:190} INFO - [2024-09-25T07:48:44.646+0000] {dagbag.py:588} INFO - Filling up the DagBag from /opt/airflow/dags/etl_pipeline/tasks/warehouse/components/extract_transform.py
[2024-09-25T07:48:45.417+0000] {logging_mixin.py:190} INFO - [2024-09-25T07:48:45.412+0000] {dagbag.py:387} ERROR - Failed to import: /opt/airflow/dags/etl_pipeline/tasks/warehouse/components/extract_transform.py
Traceback (most recent call last):
  File "/home/airflow/.local/lib/python3.12/site-packages/airflow/models/dagbag.py", line 383, in parse
    loader.exec_module(new_module)
  File "<frozen importlib._bootstrap_external>", line 995, in exec_module
  File "<frozen importlib._bootstrap>", line 488, in _call_with_frames_removed
  File "/opt/airflow/dags/etl_pipeline/tasks/warehouse/components/extract_transform.py", line 5, in <module>
    from etl_pipeline.tasks.warehouse.components.validations import Validation, ValidationType
  File "/opt/airflow/dags/etl_pipeline/tasks/warehouse/components/validations.py", line 3, in <module>
    from helper.minio import CustomMinio
  File "/opt/airflow/dags/helper/minio.py", line 2, in <module>
    from minio import Minio
ModuleNotFoundError: No module named 'minio'
[2024-09-25T07:48:45.418+0000] {processor.py:927} WARNING - No viable dags retrieved from /opt/airflow/dags/etl_pipeline/tasks/warehouse/components/extract_transform.py
[2024-09-25T07:48:45.465+0000] {processor.py:208} INFO - Processing /opt/airflow/dags/etl_pipeline/tasks/warehouse/components/extract_transform.py took 0.839 seconds
[2024-09-25T07:49:16.380+0000] {processor.py:186} INFO - Started process (PID=195) to work on /opt/airflow/dags/etl_pipeline/tasks/warehouse/components/extract_transform.py
[2024-09-25T07:49:16.382+0000] {processor.py:914} INFO - Processing file /opt/airflow/dags/etl_pipeline/tasks/warehouse/components/extract_transform.py for tasks to queue
[2024-09-25T07:49:16.390+0000] {logging_mixin.py:190} INFO - [2024-09-25T07:49:16.388+0000] {dagbag.py:588} INFO - Filling up the DagBag from /opt/airflow/dags/etl_pipeline/tasks/warehouse/components/extract_transform.py
[2024-09-25T07:49:17.330+0000] {logging_mixin.py:190} INFO - [2024-09-25T07:49:17.326+0000] {dagbag.py:387} ERROR - Failed to import: /opt/airflow/dags/etl_pipeline/tasks/warehouse/components/extract_transform.py
Traceback (most recent call last):
  File "/home/airflow/.local/lib/python3.12/site-packages/airflow/models/dagbag.py", line 383, in parse
    loader.exec_module(new_module)
  File "<frozen importlib._bootstrap_external>", line 995, in exec_module
  File "<frozen importlib._bootstrap>", line 488, in _call_with_frames_removed
  File "/opt/airflow/dags/etl_pipeline/tasks/warehouse/components/extract_transform.py", line 5, in <module>
    from etl_pipeline.tasks.warehouse.components.validations import Validation, ValidationType
  File "/opt/airflow/dags/etl_pipeline/tasks/warehouse/components/validations.py", line 3, in <module>
    from helper.minio import CustomMinio
  File "/opt/airflow/dags/helper/minio.py", line 2, in <module>
    from minio import Minio
ModuleNotFoundError: No module named 'minio'
[2024-09-25T07:49:17.333+0000] {processor.py:927} WARNING - No viable dags retrieved from /opt/airflow/dags/etl_pipeline/tasks/warehouse/components/extract_transform.py
[2024-09-25T07:49:17.392+0000] {processor.py:208} INFO - Processing /opt/airflow/dags/etl_pipeline/tasks/warehouse/components/extract_transform.py took 1.034 seconds
[2024-09-25T07:49:47.599+0000] {processor.py:186} INFO - Started process (PID=213) to work on /opt/airflow/dags/etl_pipeline/tasks/warehouse/components/extract_transform.py
[2024-09-25T07:49:47.601+0000] {processor.py:914} INFO - Processing file /opt/airflow/dags/etl_pipeline/tasks/warehouse/components/extract_transform.py for tasks to queue
[2024-09-25T07:49:47.607+0000] {logging_mixin.py:190} INFO - [2024-09-25T07:49:47.606+0000] {dagbag.py:588} INFO - Filling up the DagBag from /opt/airflow/dags/etl_pipeline/tasks/warehouse/components/extract_transform.py
[2024-09-25T07:49:48.327+0000] {logging_mixin.py:190} INFO - [2024-09-25T07:49:48.323+0000] {dagbag.py:387} ERROR - Failed to import: /opt/airflow/dags/etl_pipeline/tasks/warehouse/components/extract_transform.py
Traceback (most recent call last):
  File "/home/airflow/.local/lib/python3.12/site-packages/airflow/models/dagbag.py", line 383, in parse
    loader.exec_module(new_module)
  File "<frozen importlib._bootstrap_external>", line 995, in exec_module
  File "<frozen importlib._bootstrap>", line 488, in _call_with_frames_removed
  File "/opt/airflow/dags/etl_pipeline/tasks/warehouse/components/extract_transform.py", line 5, in <module>
    from etl_pipeline.tasks.warehouse.components.validations import Validation, ValidationType
  File "/opt/airflow/dags/etl_pipeline/tasks/warehouse/components/validations.py", line 3, in <module>
    from helper.minio import CustomMinio
  File "/opt/airflow/dags/helper/minio.py", line 2, in <module>
    from minio import Minio
ModuleNotFoundError: No module named 'minio'
[2024-09-25T07:49:48.328+0000] {processor.py:927} WARNING - No viable dags retrieved from /opt/airflow/dags/etl_pipeline/tasks/warehouse/components/extract_transform.py
[2024-09-25T07:49:48.361+0000] {processor.py:208} INFO - Processing /opt/airflow/dags/etl_pipeline/tasks/warehouse/components/extract_transform.py took 0.777 seconds
[2024-09-25T07:57:29.880+0000] {processor.py:186} INFO - Started process (PID=75) to work on /opt/airflow/dags/etl_pipeline/tasks/warehouse/components/extract_transform.py
[2024-09-25T07:57:29.882+0000] {processor.py:914} INFO - Processing file /opt/airflow/dags/etl_pipeline/tasks/warehouse/components/extract_transform.py for tasks to queue
[2024-09-25T07:57:29.890+0000] {logging_mixin.py:190} INFO - [2024-09-25T07:57:29.889+0000] {dagbag.py:588} INFO - Filling up the DagBag from /opt/airflow/dags/etl_pipeline/tasks/warehouse/components/extract_transform.py
[2024-09-25T07:57:31.310+0000] {processor.py:927} WARNING - No viable dags retrieved from /opt/airflow/dags/etl_pipeline/tasks/warehouse/components/extract_transform.py
[2024-09-25T07:57:31.353+0000] {processor.py:208} INFO - Processing /opt/airflow/dags/etl_pipeline/tasks/warehouse/components/extract_transform.py took 1.495 seconds
[2024-09-25T07:58:02.288+0000] {processor.py:186} INFO - Started process (PID=100) to work on /opt/airflow/dags/etl_pipeline/tasks/warehouse/components/extract_transform.py
[2024-09-25T07:58:02.300+0000] {processor.py:914} INFO - Processing file /opt/airflow/dags/etl_pipeline/tasks/warehouse/components/extract_transform.py for tasks to queue
[2024-09-25T07:58:02.304+0000] {logging_mixin.py:190} INFO - [2024-09-25T07:58:02.304+0000] {dagbag.py:588} INFO - Filling up the DagBag from /opt/airflow/dags/etl_pipeline/tasks/warehouse/components/extract_transform.py
[2024-09-25T07:58:03.302+0000] {processor.py:927} WARNING - No viable dags retrieved from /opt/airflow/dags/etl_pipeline/tasks/warehouse/components/extract_transform.py
[2024-09-25T07:58:03.329+0000] {processor.py:208} INFO - Processing /opt/airflow/dags/etl_pipeline/tasks/warehouse/components/extract_transform.py took 1.054 seconds
[2024-09-25T07:58:33.463+0000] {processor.py:186} INFO - Started process (PID=125) to work on /opt/airflow/dags/etl_pipeline/tasks/warehouse/components/extract_transform.py
[2024-09-25T07:58:33.468+0000] {processor.py:914} INFO - Processing file /opt/airflow/dags/etl_pipeline/tasks/warehouse/components/extract_transform.py for tasks to queue
[2024-09-25T07:58:33.474+0000] {logging_mixin.py:190} INFO - [2024-09-25T07:58:33.473+0000] {dagbag.py:588} INFO - Filling up the DagBag from /opt/airflow/dags/etl_pipeline/tasks/warehouse/components/extract_transform.py
[2024-09-25T07:58:34.969+0000] {processor.py:927} WARNING - No viable dags retrieved from /opt/airflow/dags/etl_pipeline/tasks/warehouse/components/extract_transform.py
[2024-09-25T07:58:35.013+0000] {processor.py:208} INFO - Processing /opt/airflow/dags/etl_pipeline/tasks/warehouse/components/extract_transform.py took 1.578 seconds
[2024-09-25T07:59:05.329+0000] {processor.py:186} INFO - Started process (PID=150) to work on /opt/airflow/dags/etl_pipeline/tasks/warehouse/components/extract_transform.py
[2024-09-25T07:59:05.331+0000] {processor.py:914} INFO - Processing file /opt/airflow/dags/etl_pipeline/tasks/warehouse/components/extract_transform.py for tasks to queue
[2024-09-25T07:59:05.337+0000] {logging_mixin.py:190} INFO - [2024-09-25T07:59:05.336+0000] {dagbag.py:588} INFO - Filling up the DagBag from /opt/airflow/dags/etl_pipeline/tasks/warehouse/components/extract_transform.py
[2024-09-25T07:59:06.356+0000] {processor.py:927} WARNING - No viable dags retrieved from /opt/airflow/dags/etl_pipeline/tasks/warehouse/components/extract_transform.py
[2024-09-25T07:59:06.387+0000] {processor.py:208} INFO - Processing /opt/airflow/dags/etl_pipeline/tasks/warehouse/components/extract_transform.py took 1.071 seconds
[2024-09-25T07:59:36.753+0000] {processor.py:186} INFO - Started process (PID=175) to work on /opt/airflow/dags/etl_pipeline/tasks/warehouse/components/extract_transform.py
[2024-09-25T07:59:36.766+0000] {processor.py:914} INFO - Processing file /opt/airflow/dags/etl_pipeline/tasks/warehouse/components/extract_transform.py for tasks to queue
[2024-09-25T07:59:36.773+0000] {logging_mixin.py:190} INFO - [2024-09-25T07:59:36.772+0000] {dagbag.py:588} INFO - Filling up the DagBag from /opt/airflow/dags/etl_pipeline/tasks/warehouse/components/extract_transform.py
[2024-09-25T07:59:38.261+0000] {processor.py:927} WARNING - No viable dags retrieved from /opt/airflow/dags/etl_pipeline/tasks/warehouse/components/extract_transform.py
[2024-09-25T07:59:38.301+0000] {processor.py:208} INFO - Processing /opt/airflow/dags/etl_pipeline/tasks/warehouse/components/extract_transform.py took 1.577 seconds
[2024-09-25T08:00:09.190+0000] {processor.py:186} INFO - Started process (PID=200) to work on /opt/airflow/dags/etl_pipeline/tasks/warehouse/components/extract_transform.py
[2024-09-25T08:00:09.203+0000] {processor.py:914} INFO - Processing file /opt/airflow/dags/etl_pipeline/tasks/warehouse/components/extract_transform.py for tasks to queue
[2024-09-25T08:00:09.208+0000] {logging_mixin.py:190} INFO - [2024-09-25T08:00:09.207+0000] {dagbag.py:588} INFO - Filling up the DagBag from /opt/airflow/dags/etl_pipeline/tasks/warehouse/components/extract_transform.py
[2024-09-25T08:00:10.418+0000] {processor.py:927} WARNING - No viable dags retrieved from /opt/airflow/dags/etl_pipeline/tasks/warehouse/components/extract_transform.py
[2024-09-25T08:00:10.449+0000] {processor.py:208} INFO - Processing /opt/airflow/dags/etl_pipeline/tasks/warehouse/components/extract_transform.py took 1.275 seconds
[2024-09-25T08:00:41.122+0000] {processor.py:186} INFO - Started process (PID=225) to work on /opt/airflow/dags/etl_pipeline/tasks/warehouse/components/extract_transform.py
[2024-09-25T08:00:41.125+0000] {processor.py:914} INFO - Processing file /opt/airflow/dags/etl_pipeline/tasks/warehouse/components/extract_transform.py for tasks to queue
[2024-09-25T08:00:41.132+0000] {logging_mixin.py:190} INFO - [2024-09-25T08:00:41.130+0000] {dagbag.py:588} INFO - Filling up the DagBag from /opt/airflow/dags/etl_pipeline/tasks/warehouse/components/extract_transform.py
[2024-09-25T08:00:42.255+0000] {processor.py:927} WARNING - No viable dags retrieved from /opt/airflow/dags/etl_pipeline/tasks/warehouse/components/extract_transform.py
[2024-09-25T08:00:42.283+0000] {processor.py:208} INFO - Processing /opt/airflow/dags/etl_pipeline/tasks/warehouse/components/extract_transform.py took 1.176 seconds
[2024-09-25T08:01:13.285+0000] {processor.py:186} INFO - Started process (PID=250) to work on /opt/airflow/dags/etl_pipeline/tasks/warehouse/components/extract_transform.py
[2024-09-25T08:01:13.298+0000] {processor.py:914} INFO - Processing file /opt/airflow/dags/etl_pipeline/tasks/warehouse/components/extract_transform.py for tasks to queue
[2024-09-25T08:01:13.303+0000] {logging_mixin.py:190} INFO - [2024-09-25T08:01:13.302+0000] {dagbag.py:588} INFO - Filling up the DagBag from /opt/airflow/dags/etl_pipeline/tasks/warehouse/components/extract_transform.py
[2024-09-25T08:01:14.323+0000] {processor.py:927} WARNING - No viable dags retrieved from /opt/airflow/dags/etl_pipeline/tasks/warehouse/components/extract_transform.py
[2024-09-25T08:01:14.348+0000] {processor.py:208} INFO - Processing /opt/airflow/dags/etl_pipeline/tasks/warehouse/components/extract_transform.py took 1.082 seconds
[2024-09-25T08:01:44.583+0000] {processor.py:186} INFO - Started process (PID=282) to work on /opt/airflow/dags/etl_pipeline/tasks/warehouse/components/extract_transform.py
[2024-09-25T08:01:44.595+0000] {processor.py:914} INFO - Processing file /opt/airflow/dags/etl_pipeline/tasks/warehouse/components/extract_transform.py for tasks to queue
[2024-09-25T08:01:44.602+0000] {logging_mixin.py:190} INFO - [2024-09-25T08:01:44.601+0000] {dagbag.py:588} INFO - Filling up the DagBag from /opt/airflow/dags/etl_pipeline/tasks/warehouse/components/extract_transform.py
[2024-09-25T08:01:45.727+0000] {processor.py:927} WARNING - No viable dags retrieved from /opt/airflow/dags/etl_pipeline/tasks/warehouse/components/extract_transform.py
[2024-09-25T08:01:45.757+0000] {processor.py:208} INFO - Processing /opt/airflow/dags/etl_pipeline/tasks/warehouse/components/extract_transform.py took 1.194 seconds
[2024-09-25T08:02:15.943+0000] {processor.py:186} INFO - Started process (PID=306) to work on /opt/airflow/dags/etl_pipeline/tasks/warehouse/components/extract_transform.py
[2024-09-25T08:02:15.948+0000] {processor.py:914} INFO - Processing file /opt/airflow/dags/etl_pipeline/tasks/warehouse/components/extract_transform.py for tasks to queue
[2024-09-25T08:02:15.954+0000] {logging_mixin.py:190} INFO - [2024-09-25T08:02:15.953+0000] {dagbag.py:588} INFO - Filling up the DagBag from /opt/airflow/dags/etl_pipeline/tasks/warehouse/components/extract_transform.py
[2024-09-25T08:02:17.613+0000] {processor.py:927} WARNING - No viable dags retrieved from /opt/airflow/dags/etl_pipeline/tasks/warehouse/components/extract_transform.py
[2024-09-25T08:02:17.651+0000] {processor.py:208} INFO - Processing /opt/airflow/dags/etl_pipeline/tasks/warehouse/components/extract_transform.py took 1.740 seconds
[2024-09-25T08:02:48.006+0000] {processor.py:186} INFO - Started process (PID=331) to work on /opt/airflow/dags/etl_pipeline/tasks/warehouse/components/extract_transform.py
[2024-09-25T08:02:48.011+0000] {processor.py:914} INFO - Processing file /opt/airflow/dags/etl_pipeline/tasks/warehouse/components/extract_transform.py for tasks to queue
[2024-09-25T08:02:48.018+0000] {logging_mixin.py:190} INFO - [2024-09-25T08:02:48.017+0000] {dagbag.py:588} INFO - Filling up the DagBag from /opt/airflow/dags/etl_pipeline/tasks/warehouse/components/extract_transform.py
[2024-09-25T08:02:49.245+0000] {processor.py:927} WARNING - No viable dags retrieved from /opt/airflow/dags/etl_pipeline/tasks/warehouse/components/extract_transform.py
[2024-09-25T08:02:49.294+0000] {processor.py:208} INFO - Processing /opt/airflow/dags/etl_pipeline/tasks/warehouse/components/extract_transform.py took 1.313 seconds
[2024-09-25T08:03:19.686+0000] {processor.py:186} INFO - Started process (PID=356) to work on /opt/airflow/dags/etl_pipeline/tasks/warehouse/components/extract_transform.py
[2024-09-25T08:03:19.688+0000] {processor.py:914} INFO - Processing file /opt/airflow/dags/etl_pipeline/tasks/warehouse/components/extract_transform.py for tasks to queue
[2024-09-25T08:03:19.693+0000] {logging_mixin.py:190} INFO - [2024-09-25T08:03:19.692+0000] {dagbag.py:588} INFO - Filling up the DagBag from /opt/airflow/dags/etl_pipeline/tasks/warehouse/components/extract_transform.py
[2024-09-25T08:03:20.758+0000] {processor.py:927} WARNING - No viable dags retrieved from /opt/airflow/dags/etl_pipeline/tasks/warehouse/components/extract_transform.py
[2024-09-25T08:03:20.790+0000] {processor.py:208} INFO - Processing /opt/airflow/dags/etl_pipeline/tasks/warehouse/components/extract_transform.py took 1.120 seconds
[2024-09-25T08:03:51.789+0000] {processor.py:186} INFO - Started process (PID=381) to work on /opt/airflow/dags/etl_pipeline/tasks/warehouse/components/extract_transform.py
[2024-09-25T08:03:51.791+0000] {processor.py:914} INFO - Processing file /opt/airflow/dags/etl_pipeline/tasks/warehouse/components/extract_transform.py for tasks to queue
[2024-09-25T08:03:51.797+0000] {logging_mixin.py:190} INFO - [2024-09-25T08:03:51.796+0000] {dagbag.py:588} INFO - Filling up the DagBag from /opt/airflow/dags/etl_pipeline/tasks/warehouse/components/extract_transform.py
[2024-09-25T08:03:52.886+0000] {processor.py:927} WARNING - No viable dags retrieved from /opt/airflow/dags/etl_pipeline/tasks/warehouse/components/extract_transform.py
[2024-09-25T08:03:52.916+0000] {processor.py:208} INFO - Processing /opt/airflow/dags/etl_pipeline/tasks/warehouse/components/extract_transform.py took 1.142 seconds
[2024-09-25T08:04:23.358+0000] {processor.py:186} INFO - Started process (PID=406) to work on /opt/airflow/dags/etl_pipeline/tasks/warehouse/components/extract_transform.py
[2024-09-25T08:04:23.360+0000] {processor.py:914} INFO - Processing file /opt/airflow/dags/etl_pipeline/tasks/warehouse/components/extract_transform.py for tasks to queue
[2024-09-25T08:04:23.365+0000] {logging_mixin.py:190} INFO - [2024-09-25T08:04:23.364+0000] {dagbag.py:588} INFO - Filling up the DagBag from /opt/airflow/dags/etl_pipeline/tasks/warehouse/components/extract_transform.py
[2024-09-25T08:04:24.421+0000] {processor.py:927} WARNING - No viable dags retrieved from /opt/airflow/dags/etl_pipeline/tasks/warehouse/components/extract_transform.py
[2024-09-25T08:04:24.452+0000] {processor.py:208} INFO - Processing /opt/airflow/dags/etl_pipeline/tasks/warehouse/components/extract_transform.py took 1.108 seconds
[2024-09-25T08:04:54.854+0000] {processor.py:186} INFO - Started process (PID=431) to work on /opt/airflow/dags/etl_pipeline/tasks/warehouse/components/extract_transform.py
[2024-09-25T08:04:54.857+0000] {processor.py:914} INFO - Processing file /opt/airflow/dags/etl_pipeline/tasks/warehouse/components/extract_transform.py for tasks to queue
[2024-09-25T08:04:54.863+0000] {logging_mixin.py:190} INFO - [2024-09-25T08:04:54.862+0000] {dagbag.py:588} INFO - Filling up the DagBag from /opt/airflow/dags/etl_pipeline/tasks/warehouse/components/extract_transform.py
[2024-09-25T08:04:55.898+0000] {processor.py:927} WARNING - No viable dags retrieved from /opt/airflow/dags/etl_pipeline/tasks/warehouse/components/extract_transform.py
[2024-09-25T08:04:55.926+0000] {processor.py:208} INFO - Processing /opt/airflow/dags/etl_pipeline/tasks/warehouse/components/extract_transform.py took 1.088 seconds
[2024-09-25T08:05:26.120+0000] {processor.py:186} INFO - Started process (PID=455) to work on /opt/airflow/dags/etl_pipeline/tasks/warehouse/components/extract_transform.py
[2024-09-25T08:05:26.122+0000] {processor.py:914} INFO - Processing file /opt/airflow/dags/etl_pipeline/tasks/warehouse/components/extract_transform.py for tasks to queue
[2024-09-25T08:05:26.128+0000] {logging_mixin.py:190} INFO - [2024-09-25T08:05:26.127+0000] {dagbag.py:588} INFO - Filling up the DagBag from /opt/airflow/dags/etl_pipeline/tasks/warehouse/components/extract_transform.py
[2024-09-25T08:05:27.296+0000] {processor.py:927} WARNING - No viable dags retrieved from /opt/airflow/dags/etl_pipeline/tasks/warehouse/components/extract_transform.py
[2024-09-25T08:05:27.325+0000] {processor.py:208} INFO - Processing /opt/airflow/dags/etl_pipeline/tasks/warehouse/components/extract_transform.py took 1.221 seconds
[2024-09-25T08:05:57.624+0000] {processor.py:186} INFO - Started process (PID=480) to work on /opt/airflow/dags/etl_pipeline/tasks/warehouse/components/extract_transform.py
[2024-09-25T08:05:57.626+0000] {processor.py:914} INFO - Processing file /opt/airflow/dags/etl_pipeline/tasks/warehouse/components/extract_transform.py for tasks to queue
[2024-09-25T08:05:57.633+0000] {logging_mixin.py:190} INFO - [2024-09-25T08:05:57.632+0000] {dagbag.py:588} INFO - Filling up the DagBag from /opt/airflow/dags/etl_pipeline/tasks/warehouse/components/extract_transform.py
[2024-09-25T08:05:58.824+0000] {processor.py:927} WARNING - No viable dags retrieved from /opt/airflow/dags/etl_pipeline/tasks/warehouse/components/extract_transform.py
[2024-09-25T08:05:58.858+0000] {processor.py:208} INFO - Processing /opt/airflow/dags/etl_pipeline/tasks/warehouse/components/extract_transform.py took 1.250 seconds
[2024-09-25T08:06:29.348+0000] {processor.py:186} INFO - Started process (PID=505) to work on /opt/airflow/dags/etl_pipeline/tasks/warehouse/components/extract_transform.py
[2024-09-25T08:06:29.361+0000] {processor.py:914} INFO - Processing file /opt/airflow/dags/etl_pipeline/tasks/warehouse/components/extract_transform.py for tasks to queue
[2024-09-25T08:06:29.366+0000] {logging_mixin.py:190} INFO - [2024-09-25T08:06:29.365+0000] {dagbag.py:588} INFO - Filling up the DagBag from /opt/airflow/dags/etl_pipeline/tasks/warehouse/components/extract_transform.py
[2024-09-25T08:06:30.458+0000] {processor.py:927} WARNING - No viable dags retrieved from /opt/airflow/dags/etl_pipeline/tasks/warehouse/components/extract_transform.py
[2024-09-25T08:06:30.487+0000] {processor.py:208} INFO - Processing /opt/airflow/dags/etl_pipeline/tasks/warehouse/components/extract_transform.py took 1.152 seconds
[2024-09-25T08:07:01.012+0000] {processor.py:186} INFO - Started process (PID=530) to work on /opt/airflow/dags/etl_pipeline/tasks/warehouse/components/extract_transform.py
[2024-09-25T08:07:01.024+0000] {processor.py:914} INFO - Processing file /opt/airflow/dags/etl_pipeline/tasks/warehouse/components/extract_transform.py for tasks to queue
[2024-09-25T08:07:01.028+0000] {logging_mixin.py:190} INFO - [2024-09-25T08:07:01.028+0000] {dagbag.py:588} INFO - Filling up the DagBag from /opt/airflow/dags/etl_pipeline/tasks/warehouse/components/extract_transform.py
[2024-09-25T08:07:01.979+0000] {processor.py:927} WARNING - No viable dags retrieved from /opt/airflow/dags/etl_pipeline/tasks/warehouse/components/extract_transform.py
[2024-09-25T08:07:02.002+0000] {processor.py:208} INFO - Processing /opt/airflow/dags/etl_pipeline/tasks/warehouse/components/extract_transform.py took 1.003 seconds
[2024-09-25T08:07:32.209+0000] {processor.py:186} INFO - Started process (PID=556) to work on /opt/airflow/dags/etl_pipeline/tasks/warehouse/components/extract_transform.py
[2024-09-25T08:07:32.211+0000] {processor.py:914} INFO - Processing file /opt/airflow/dags/etl_pipeline/tasks/warehouse/components/extract_transform.py for tasks to queue
[2024-09-25T08:07:32.218+0000] {logging_mixin.py:190} INFO - [2024-09-25T08:07:32.217+0000] {dagbag.py:588} INFO - Filling up the DagBag from /opt/airflow/dags/etl_pipeline/tasks/warehouse/components/extract_transform.py
[2024-09-25T08:07:33.470+0000] {processor.py:927} WARNING - No viable dags retrieved from /opt/airflow/dags/etl_pipeline/tasks/warehouse/components/extract_transform.py
[2024-09-25T08:07:33.512+0000] {processor.py:208} INFO - Processing /opt/airflow/dags/etl_pipeline/tasks/warehouse/components/extract_transform.py took 1.323 seconds
[2024-09-25T08:08:03.987+0000] {processor.py:186} INFO - Started process (PID=581) to work on /opt/airflow/dags/etl_pipeline/tasks/warehouse/components/extract_transform.py
[2024-09-25T08:08:03.989+0000] {processor.py:914} INFO - Processing file /opt/airflow/dags/etl_pipeline/tasks/warehouse/components/extract_transform.py for tasks to queue
[2024-09-25T08:08:03.994+0000] {logging_mixin.py:190} INFO - [2024-09-25T08:08:03.993+0000] {dagbag.py:588} INFO - Filling up the DagBag from /opt/airflow/dags/etl_pipeline/tasks/warehouse/components/extract_transform.py
[2024-09-25T08:08:04.940+0000] {processor.py:927} WARNING - No viable dags retrieved from /opt/airflow/dags/etl_pipeline/tasks/warehouse/components/extract_transform.py
[2024-09-25T08:08:04.963+0000] {processor.py:208} INFO - Processing /opt/airflow/dags/etl_pipeline/tasks/warehouse/components/extract_transform.py took 0.989 seconds
[2024-09-25T08:08:35.799+0000] {processor.py:186} INFO - Started process (PID=606) to work on /opt/airflow/dags/etl_pipeline/tasks/warehouse/components/extract_transform.py
[2024-09-25T08:08:35.812+0000] {processor.py:914} INFO - Processing file /opt/airflow/dags/etl_pipeline/tasks/warehouse/components/extract_transform.py for tasks to queue
[2024-09-25T08:08:35.817+0000] {logging_mixin.py:190} INFO - [2024-09-25T08:08:35.817+0000] {dagbag.py:588} INFO - Filling up the DagBag from /opt/airflow/dags/etl_pipeline/tasks/warehouse/components/extract_transform.py
[2024-09-25T08:08:36.761+0000] {processor.py:927} WARNING - No viable dags retrieved from /opt/airflow/dags/etl_pipeline/tasks/warehouse/components/extract_transform.py
[2024-09-25T08:08:36.785+0000] {processor.py:208} INFO - Processing /opt/airflow/dags/etl_pipeline/tasks/warehouse/components/extract_transform.py took 1.002 seconds
[2024-09-25T08:09:06.846+0000] {processor.py:186} INFO - Started process (PID=631) to work on /opt/airflow/dags/etl_pipeline/tasks/warehouse/components/extract_transform.py
[2024-09-25T08:09:06.859+0000] {processor.py:914} INFO - Processing file /opt/airflow/dags/etl_pipeline/tasks/warehouse/components/extract_transform.py for tasks to queue
[2024-09-25T08:09:06.866+0000] {logging_mixin.py:190} INFO - [2024-09-25T08:09:06.865+0000] {dagbag.py:588} INFO - Filling up the DagBag from /opt/airflow/dags/etl_pipeline/tasks/warehouse/components/extract_transform.py
[2024-09-25T08:09:07.883+0000] {processor.py:927} WARNING - No viable dags retrieved from /opt/airflow/dags/etl_pipeline/tasks/warehouse/components/extract_transform.py
[2024-09-25T08:09:07.910+0000] {processor.py:208} INFO - Processing /opt/airflow/dags/etl_pipeline/tasks/warehouse/components/extract_transform.py took 1.078 seconds
[2024-09-25T08:09:38.452+0000] {processor.py:186} INFO - Started process (PID=656) to work on /opt/airflow/dags/etl_pipeline/tasks/warehouse/components/extract_transform.py
[2024-09-25T08:09:38.455+0000] {processor.py:914} INFO - Processing file /opt/airflow/dags/etl_pipeline/tasks/warehouse/components/extract_transform.py for tasks to queue
[2024-09-25T08:09:38.470+0000] {logging_mixin.py:190} INFO - [2024-09-25T08:09:38.469+0000] {dagbag.py:588} INFO - Filling up the DagBag from /opt/airflow/dags/etl_pipeline/tasks/warehouse/components/extract_transform.py
[2024-09-25T08:09:40.057+0000] {processor.py:927} WARNING - No viable dags retrieved from /opt/airflow/dags/etl_pipeline/tasks/warehouse/components/extract_transform.py
[2024-09-25T08:09:40.082+0000] {processor.py:208} INFO - Processing /opt/airflow/dags/etl_pipeline/tasks/warehouse/components/extract_transform.py took 1.661 seconds
[2024-09-25T08:10:10.736+0000] {processor.py:186} INFO - Started process (PID=681) to work on /opt/airflow/dags/etl_pipeline/tasks/warehouse/components/extract_transform.py
[2024-09-25T08:10:10.738+0000] {processor.py:914} INFO - Processing file /opt/airflow/dags/etl_pipeline/tasks/warehouse/components/extract_transform.py for tasks to queue
[2024-09-25T08:10:10.744+0000] {logging_mixin.py:190} INFO - [2024-09-25T08:10:10.744+0000] {dagbag.py:588} INFO - Filling up the DagBag from /opt/airflow/dags/etl_pipeline/tasks/warehouse/components/extract_transform.py
[2024-09-25T08:10:11.827+0000] {processor.py:927} WARNING - No viable dags retrieved from /opt/airflow/dags/etl_pipeline/tasks/warehouse/components/extract_transform.py
[2024-09-25T08:10:11.853+0000] {processor.py:208} INFO - Processing /opt/airflow/dags/etl_pipeline/tasks/warehouse/components/extract_transform.py took 1.134 seconds
[2024-09-25T08:10:41.920+0000] {processor.py:186} INFO - Started process (PID=707) to work on /opt/airflow/dags/etl_pipeline/tasks/warehouse/components/extract_transform.py
[2024-09-25T08:10:41.922+0000] {processor.py:914} INFO - Processing file /opt/airflow/dags/etl_pipeline/tasks/warehouse/components/extract_transform.py for tasks to queue
[2024-09-25T08:10:41.929+0000] {logging_mixin.py:190} INFO - [2024-09-25T08:10:41.928+0000] {dagbag.py:588} INFO - Filling up the DagBag from /opt/airflow/dags/etl_pipeline/tasks/warehouse/components/extract_transform.py
[2024-09-25T08:10:42.817+0000] {processor.py:927} WARNING - No viable dags retrieved from /opt/airflow/dags/etl_pipeline/tasks/warehouse/components/extract_transform.py
[2024-09-25T08:10:42.839+0000] {processor.py:208} INFO - Processing /opt/airflow/dags/etl_pipeline/tasks/warehouse/components/extract_transform.py took 0.934 seconds
[2024-09-25T08:11:13.069+0000] {processor.py:186} INFO - Started process (PID=732) to work on /opt/airflow/dags/etl_pipeline/tasks/warehouse/components/extract_transform.py
[2024-09-25T08:11:13.071+0000] {processor.py:914} INFO - Processing file /opt/airflow/dags/etl_pipeline/tasks/warehouse/components/extract_transform.py for tasks to queue
[2024-09-25T08:11:13.077+0000] {logging_mixin.py:190} INFO - [2024-09-25T08:11:13.076+0000] {dagbag.py:588} INFO - Filling up the DagBag from /opt/airflow/dags/etl_pipeline/tasks/warehouse/components/extract_transform.py
[2024-09-25T08:11:14.216+0000] {processor.py:927} WARNING - No viable dags retrieved from /opt/airflow/dags/etl_pipeline/tasks/warehouse/components/extract_transform.py
[2024-09-25T08:11:14.250+0000] {processor.py:208} INFO - Processing /opt/airflow/dags/etl_pipeline/tasks/warehouse/components/extract_transform.py took 1.197 seconds
[2024-09-25T08:11:44.558+0000] {processor.py:186} INFO - Started process (PID=757) to work on /opt/airflow/dags/etl_pipeline/tasks/warehouse/components/extract_transform.py
[2024-09-25T08:11:44.561+0000] {processor.py:914} INFO - Processing file /opt/airflow/dags/etl_pipeline/tasks/warehouse/components/extract_transform.py for tasks to queue
[2024-09-25T08:11:44.568+0000] {logging_mixin.py:190} INFO - [2024-09-25T08:11:44.567+0000] {dagbag.py:588} INFO - Filling up the DagBag from /opt/airflow/dags/etl_pipeline/tasks/warehouse/components/extract_transform.py
[2024-09-25T08:11:45.680+0000] {processor.py:927} WARNING - No viable dags retrieved from /opt/airflow/dags/etl_pipeline/tasks/warehouse/components/extract_transform.py
[2024-09-25T08:11:45.707+0000] {processor.py:208} INFO - Processing /opt/airflow/dags/etl_pipeline/tasks/warehouse/components/extract_transform.py took 1.167 seconds
[2024-09-25T08:12:16.380+0000] {processor.py:186} INFO - Started process (PID=788) to work on /opt/airflow/dags/etl_pipeline/tasks/warehouse/components/extract_transform.py
[2024-09-25T08:12:16.382+0000] {processor.py:914} INFO - Processing file /opt/airflow/dags/etl_pipeline/tasks/warehouse/components/extract_transform.py for tasks to queue
[2024-09-25T08:12:16.389+0000] {logging_mixin.py:190} INFO - [2024-09-25T08:12:16.388+0000] {dagbag.py:588} INFO - Filling up the DagBag from /opt/airflow/dags/etl_pipeline/tasks/warehouse/components/extract_transform.py
[2024-09-25T08:12:17.469+0000] {processor.py:927} WARNING - No viable dags retrieved from /opt/airflow/dags/etl_pipeline/tasks/warehouse/components/extract_transform.py
[2024-09-25T08:12:17.496+0000] {processor.py:208} INFO - Processing /opt/airflow/dags/etl_pipeline/tasks/warehouse/components/extract_transform.py took 1.131 seconds
[2024-09-25T08:12:47.792+0000] {processor.py:186} INFO - Started process (PID=813) to work on /opt/airflow/dags/etl_pipeline/tasks/warehouse/components/extract_transform.py
[2024-09-25T08:12:47.795+0000] {processor.py:914} INFO - Processing file /opt/airflow/dags/etl_pipeline/tasks/warehouse/components/extract_transform.py for tasks to queue
[2024-09-25T08:12:47.803+0000] {logging_mixin.py:190} INFO - [2024-09-25T08:12:47.801+0000] {dagbag.py:588} INFO - Filling up the DagBag from /opt/airflow/dags/etl_pipeline/tasks/warehouse/components/extract_transform.py
[2024-09-25T08:12:48.899+0000] {processor.py:927} WARNING - No viable dags retrieved from /opt/airflow/dags/etl_pipeline/tasks/warehouse/components/extract_transform.py
[2024-09-25T08:12:48.926+0000] {processor.py:208} INFO - Processing /opt/airflow/dags/etl_pipeline/tasks/warehouse/components/extract_transform.py took 1.152 seconds
[2024-09-25T08:13:19.325+0000] {processor.py:186} INFO - Started process (PID=838) to work on /opt/airflow/dags/etl_pipeline/tasks/warehouse/components/extract_transform.py
[2024-09-25T08:13:19.328+0000] {processor.py:914} INFO - Processing file /opt/airflow/dags/etl_pipeline/tasks/warehouse/components/extract_transform.py for tasks to queue
[2024-09-25T08:13:19.335+0000] {logging_mixin.py:190} INFO - [2024-09-25T08:13:19.334+0000] {dagbag.py:588} INFO - Filling up the DagBag from /opt/airflow/dags/etl_pipeline/tasks/warehouse/components/extract_transform.py
[2024-09-25T08:13:20.412+0000] {processor.py:927} WARNING - No viable dags retrieved from /opt/airflow/dags/etl_pipeline/tasks/warehouse/components/extract_transform.py
[2024-09-25T08:13:20.439+0000] {processor.py:208} INFO - Processing /opt/airflow/dags/etl_pipeline/tasks/warehouse/components/extract_transform.py took 1.129 seconds
[2024-09-25T08:13:50.717+0000] {processor.py:186} INFO - Started process (PID=864) to work on /opt/airflow/dags/etl_pipeline/tasks/warehouse/components/extract_transform.py
[2024-09-25T08:13:50.719+0000] {processor.py:914} INFO - Processing file /opt/airflow/dags/etl_pipeline/tasks/warehouse/components/extract_transform.py for tasks to queue
[2024-09-25T08:13:50.725+0000] {logging_mixin.py:190} INFO - [2024-09-25T08:13:50.724+0000] {dagbag.py:588} INFO - Filling up the DagBag from /opt/airflow/dags/etl_pipeline/tasks/warehouse/components/extract_transform.py
[2024-09-25T08:13:51.677+0000] {processor.py:927} WARNING - No viable dags retrieved from /opt/airflow/dags/etl_pipeline/tasks/warehouse/components/extract_transform.py
[2024-09-25T08:13:51.699+0000] {processor.py:208} INFO - Processing /opt/airflow/dags/etl_pipeline/tasks/warehouse/components/extract_transform.py took 0.995 seconds
[2024-09-25T08:14:22.037+0000] {processor.py:186} INFO - Started process (PID=889) to work on /opt/airflow/dags/etl_pipeline/tasks/warehouse/components/extract_transform.py
[2024-09-25T08:14:22.041+0000] {processor.py:914} INFO - Processing file /opt/airflow/dags/etl_pipeline/tasks/warehouse/components/extract_transform.py for tasks to queue
[2024-09-25T08:14:22.047+0000] {logging_mixin.py:190} INFO - [2024-09-25T08:14:22.046+0000] {dagbag.py:588} INFO - Filling up the DagBag from /opt/airflow/dags/etl_pipeline/tasks/warehouse/components/extract_transform.py
[2024-09-25T08:14:23.001+0000] {processor.py:927} WARNING - No viable dags retrieved from /opt/airflow/dags/etl_pipeline/tasks/warehouse/components/extract_transform.py
[2024-09-25T08:14:23.024+0000] {processor.py:208} INFO - Processing /opt/airflow/dags/etl_pipeline/tasks/warehouse/components/extract_transform.py took 1.001 seconds
[2024-09-25T08:14:53.483+0000] {processor.py:186} INFO - Started process (PID=914) to work on /opt/airflow/dags/etl_pipeline/tasks/warehouse/components/extract_transform.py
[2024-09-25T08:14:53.485+0000] {processor.py:914} INFO - Processing file /opt/airflow/dags/etl_pipeline/tasks/warehouse/components/extract_transform.py for tasks to queue
[2024-09-25T08:14:53.490+0000] {logging_mixin.py:190} INFO - [2024-09-25T08:14:53.489+0000] {dagbag.py:588} INFO - Filling up the DagBag from /opt/airflow/dags/etl_pipeline/tasks/warehouse/components/extract_transform.py
[2024-09-25T08:14:54.436+0000] {processor.py:927} WARNING - No viable dags retrieved from /opt/airflow/dags/etl_pipeline/tasks/warehouse/components/extract_transform.py
[2024-09-25T08:14:54.459+0000] {processor.py:208} INFO - Processing /opt/airflow/dags/etl_pipeline/tasks/warehouse/components/extract_transform.py took 0.991 seconds
[2024-09-25T08:15:24.842+0000] {processor.py:186} INFO - Started process (PID=939) to work on /opt/airflow/dags/etl_pipeline/tasks/warehouse/components/extract_transform.py
[2024-09-25T08:15:24.844+0000] {processor.py:914} INFO - Processing file /opt/airflow/dags/etl_pipeline/tasks/warehouse/components/extract_transform.py for tasks to queue
[2024-09-25T08:15:24.852+0000] {logging_mixin.py:190} INFO - [2024-09-25T08:15:24.850+0000] {dagbag.py:588} INFO - Filling up the DagBag from /opt/airflow/dags/etl_pipeline/tasks/warehouse/components/extract_transform.py
[2024-09-25T08:15:25.805+0000] {processor.py:927} WARNING - No viable dags retrieved from /opt/airflow/dags/etl_pipeline/tasks/warehouse/components/extract_transform.py
[2024-09-25T08:15:25.828+0000] {processor.py:208} INFO - Processing /opt/airflow/dags/etl_pipeline/tasks/warehouse/components/extract_transform.py took 1.004 seconds
[2024-09-25T08:15:56.781+0000] {processor.py:186} INFO - Started process (PID=964) to work on /opt/airflow/dags/etl_pipeline/tasks/warehouse/components/extract_transform.py
[2024-09-25T08:15:56.794+0000] {processor.py:914} INFO - Processing file /opt/airflow/dags/etl_pipeline/tasks/warehouse/components/extract_transform.py for tasks to queue
[2024-09-25T08:15:56.799+0000] {logging_mixin.py:190} INFO - [2024-09-25T08:15:56.798+0000] {dagbag.py:588} INFO - Filling up the DagBag from /opt/airflow/dags/etl_pipeline/tasks/warehouse/components/extract_transform.py
[2024-09-25T08:15:57.852+0000] {processor.py:927} WARNING - No viable dags retrieved from /opt/airflow/dags/etl_pipeline/tasks/warehouse/components/extract_transform.py
[2024-09-25T08:15:57.879+0000] {processor.py:208} INFO - Processing /opt/airflow/dags/etl_pipeline/tasks/warehouse/components/extract_transform.py took 1.111 seconds
[2024-09-25T08:16:28.349+0000] {processor.py:186} INFO - Started process (PID=989) to work on /opt/airflow/dags/etl_pipeline/tasks/warehouse/components/extract_transform.py
[2024-09-25T08:16:28.351+0000] {processor.py:914} INFO - Processing file /opt/airflow/dags/etl_pipeline/tasks/warehouse/components/extract_transform.py for tasks to queue
[2024-09-25T08:16:28.359+0000] {logging_mixin.py:190} INFO - [2024-09-25T08:16:28.357+0000] {dagbag.py:588} INFO - Filling up the DagBag from /opt/airflow/dags/etl_pipeline/tasks/warehouse/components/extract_transform.py
[2024-09-25T08:16:29.974+0000] {processor.py:927} WARNING - No viable dags retrieved from /opt/airflow/dags/etl_pipeline/tasks/warehouse/components/extract_transform.py
[2024-09-25T08:16:30.017+0000] {processor.py:208} INFO - Processing /opt/airflow/dags/etl_pipeline/tasks/warehouse/components/extract_transform.py took 1.689 seconds
[2024-09-25T08:17:00.279+0000] {processor.py:186} INFO - Started process (PID=1014) to work on /opt/airflow/dags/etl_pipeline/tasks/warehouse/components/extract_transform.py
[2024-09-25T08:17:00.282+0000] {processor.py:914} INFO - Processing file /opt/airflow/dags/etl_pipeline/tasks/warehouse/components/extract_transform.py for tasks to queue
[2024-09-25T08:17:00.296+0000] {logging_mixin.py:190} INFO - [2024-09-25T08:17:00.295+0000] {dagbag.py:588} INFO - Filling up the DagBag from /opt/airflow/dags/etl_pipeline/tasks/warehouse/components/extract_transform.py
[2024-09-25T08:17:01.894+0000] {processor.py:927} WARNING - No viable dags retrieved from /opt/airflow/dags/etl_pipeline/tasks/warehouse/components/extract_transform.py
[2024-09-25T08:17:01.942+0000] {processor.py:208} INFO - Processing /opt/airflow/dags/etl_pipeline/tasks/warehouse/components/extract_transform.py took 1.698 seconds
[2024-09-25T08:17:32.552+0000] {processor.py:186} INFO - Started process (PID=1039) to work on /opt/airflow/dags/etl_pipeline/tasks/warehouse/components/extract_transform.py
[2024-09-25T08:17:32.554+0000] {processor.py:914} INFO - Processing file /opt/airflow/dags/etl_pipeline/tasks/warehouse/components/extract_transform.py for tasks to queue
[2024-09-25T08:17:32.561+0000] {logging_mixin.py:190} INFO - [2024-09-25T08:17:32.559+0000] {dagbag.py:588} INFO - Filling up the DagBag from /opt/airflow/dags/etl_pipeline/tasks/warehouse/components/extract_transform.py
[2024-09-25T08:17:33.819+0000] {processor.py:927} WARNING - No viable dags retrieved from /opt/airflow/dags/etl_pipeline/tasks/warehouse/components/extract_transform.py
[2024-09-25T08:17:33.847+0000] {processor.py:208} INFO - Processing /opt/airflow/dags/etl_pipeline/tasks/warehouse/components/extract_transform.py took 1.313 seconds
[2024-09-25T08:18:04.053+0000] {processor.py:186} INFO - Started process (PID=1064) to work on /opt/airflow/dags/etl_pipeline/tasks/warehouse/components/extract_transform.py
[2024-09-25T08:18:04.055+0000] {processor.py:914} INFO - Processing file /opt/airflow/dags/etl_pipeline/tasks/warehouse/components/extract_transform.py for tasks to queue
[2024-09-25T08:18:04.061+0000] {logging_mixin.py:190} INFO - [2024-09-25T08:18:04.060+0000] {dagbag.py:588} INFO - Filling up the DagBag from /opt/airflow/dags/etl_pipeline/tasks/warehouse/components/extract_transform.py
[2024-09-25T08:18:05.227+0000] {processor.py:927} WARNING - No viable dags retrieved from /opt/airflow/dags/etl_pipeline/tasks/warehouse/components/extract_transform.py
[2024-09-25T08:18:05.254+0000] {processor.py:208} INFO - Processing /opt/airflow/dags/etl_pipeline/tasks/warehouse/components/extract_transform.py took 1.217 seconds
[2024-09-25T08:18:35.543+0000] {processor.py:186} INFO - Started process (PID=1089) to work on /opt/airflow/dags/etl_pipeline/tasks/warehouse/components/extract_transform.py
[2024-09-25T08:18:35.546+0000] {processor.py:914} INFO - Processing file /opt/airflow/dags/etl_pipeline/tasks/warehouse/components/extract_transform.py for tasks to queue
[2024-09-25T08:18:35.570+0000] {logging_mixin.py:190} INFO - [2024-09-25T08:18:35.566+0000] {dagbag.py:588} INFO - Filling up the DagBag from /opt/airflow/dags/etl_pipeline/tasks/warehouse/components/extract_transform.py
[2024-09-25T08:18:37.330+0000] {processor.py:927} WARNING - No viable dags retrieved from /opt/airflow/dags/etl_pipeline/tasks/warehouse/components/extract_transform.py
[2024-09-25T08:18:37.362+0000] {processor.py:208} INFO - Processing /opt/airflow/dags/etl_pipeline/tasks/warehouse/components/extract_transform.py took 1.856 seconds
[2024-09-25T08:19:08.052+0000] {processor.py:186} INFO - Started process (PID=1114) to work on /opt/airflow/dags/etl_pipeline/tasks/warehouse/components/extract_transform.py
[2024-09-25T08:19:08.054+0000] {processor.py:914} INFO - Processing file /opt/airflow/dags/etl_pipeline/tasks/warehouse/components/extract_transform.py for tasks to queue
[2024-09-25T08:19:08.059+0000] {logging_mixin.py:190} INFO - [2024-09-25T08:19:08.059+0000] {dagbag.py:588} INFO - Filling up the DagBag from /opt/airflow/dags/etl_pipeline/tasks/warehouse/components/extract_transform.py
[2024-09-25T08:19:09.136+0000] {processor.py:927} WARNING - No viable dags retrieved from /opt/airflow/dags/etl_pipeline/tasks/warehouse/components/extract_transform.py
[2024-09-25T08:19:09.160+0000] {processor.py:208} INFO - Processing /opt/airflow/dags/etl_pipeline/tasks/warehouse/components/extract_transform.py took 1.126 seconds
[2024-09-25T08:19:39.389+0000] {processor.py:186} INFO - Started process (PID=1139) to work on /opt/airflow/dags/etl_pipeline/tasks/warehouse/components/extract_transform.py
[2024-09-25T08:19:39.391+0000] {processor.py:914} INFO - Processing file /opt/airflow/dags/etl_pipeline/tasks/warehouse/components/extract_transform.py for tasks to queue
[2024-09-25T08:19:39.397+0000] {logging_mixin.py:190} INFO - [2024-09-25T08:19:39.396+0000] {dagbag.py:588} INFO - Filling up the DagBag from /opt/airflow/dags/etl_pipeline/tasks/warehouse/components/extract_transform.py
[2024-09-25T08:19:40.662+0000] {processor.py:927} WARNING - No viable dags retrieved from /opt/airflow/dags/etl_pipeline/tasks/warehouse/components/extract_transform.py
[2024-09-25T08:19:40.699+0000] {processor.py:208} INFO - Processing /opt/airflow/dags/etl_pipeline/tasks/warehouse/components/extract_transform.py took 1.327 seconds
[2024-09-25T08:20:11.558+0000] {processor.py:186} INFO - Started process (PID=1164) to work on /opt/airflow/dags/etl_pipeline/tasks/warehouse/components/extract_transform.py
[2024-09-25T08:20:11.570+0000] {processor.py:914} INFO - Processing file /opt/airflow/dags/etl_pipeline/tasks/warehouse/components/extract_transform.py for tasks to queue
[2024-09-25T08:20:11.575+0000] {logging_mixin.py:190} INFO - [2024-09-25T08:20:11.574+0000] {dagbag.py:588} INFO - Filling up the DagBag from /opt/airflow/dags/etl_pipeline/tasks/warehouse/components/extract_transform.py
[2024-09-25T08:20:12.530+0000] {processor.py:927} WARNING - No viable dags retrieved from /opt/airflow/dags/etl_pipeline/tasks/warehouse/components/extract_transform.py
[2024-09-25T08:20:12.560+0000] {processor.py:208} INFO - Processing /opt/airflow/dags/etl_pipeline/tasks/warehouse/components/extract_transform.py took 1.016 seconds
[2024-09-25T08:20:43.075+0000] {processor.py:186} INFO - Started process (PID=1189) to work on /opt/airflow/dags/etl_pipeline/tasks/warehouse/components/extract_transform.py
[2024-09-25T08:20:43.087+0000] {processor.py:914} INFO - Processing file /opt/airflow/dags/etl_pipeline/tasks/warehouse/components/extract_transform.py for tasks to queue
[2024-09-25T08:20:43.092+0000] {logging_mixin.py:190} INFO - [2024-09-25T08:20:43.091+0000] {dagbag.py:588} INFO - Filling up the DagBag from /opt/airflow/dags/etl_pipeline/tasks/warehouse/components/extract_transform.py
[2024-09-25T08:20:44.002+0000] {processor.py:927} WARNING - No viable dags retrieved from /opt/airflow/dags/etl_pipeline/tasks/warehouse/components/extract_transform.py
[2024-09-25T08:20:44.025+0000] {processor.py:208} INFO - Processing /opt/airflow/dags/etl_pipeline/tasks/warehouse/components/extract_transform.py took 0.964 seconds
[2024-09-25T08:21:14.660+0000] {processor.py:186} INFO - Started process (PID=1214) to work on /opt/airflow/dags/etl_pipeline/tasks/warehouse/components/extract_transform.py
[2024-09-25T08:21:14.675+0000] {processor.py:914} INFO - Processing file /opt/airflow/dags/etl_pipeline/tasks/warehouse/components/extract_transform.py for tasks to queue
[2024-09-25T08:21:14.681+0000] {logging_mixin.py:190} INFO - [2024-09-25T08:21:14.680+0000] {dagbag.py:588} INFO - Filling up the DagBag from /opt/airflow/dags/etl_pipeline/tasks/warehouse/components/extract_transform.py
[2024-09-25T08:21:15.665+0000] {processor.py:927} WARNING - No viable dags retrieved from /opt/airflow/dags/etl_pipeline/tasks/warehouse/components/extract_transform.py
[2024-09-25T08:21:15.690+0000] {processor.py:208} INFO - Processing /opt/airflow/dags/etl_pipeline/tasks/warehouse/components/extract_transform.py took 1.052 seconds
[2024-09-25T08:21:46.213+0000] {processor.py:186} INFO - Started process (PID=1240) to work on /opt/airflow/dags/etl_pipeline/tasks/warehouse/components/extract_transform.py
[2024-09-25T08:21:46.215+0000] {processor.py:914} INFO - Processing file /opt/airflow/dags/etl_pipeline/tasks/warehouse/components/extract_transform.py for tasks to queue
[2024-09-25T08:21:46.221+0000] {logging_mixin.py:190} INFO - [2024-09-25T08:21:46.220+0000] {dagbag.py:588} INFO - Filling up the DagBag from /opt/airflow/dags/etl_pipeline/tasks/warehouse/components/extract_transform.py
[2024-09-25T08:21:47.375+0000] {processor.py:927} WARNING - No viable dags retrieved from /opt/airflow/dags/etl_pipeline/tasks/warehouse/components/extract_transform.py
[2024-09-25T08:21:47.401+0000] {processor.py:208} INFO - Processing /opt/airflow/dags/etl_pipeline/tasks/warehouse/components/extract_transform.py took 1.206 seconds
[2024-09-25T08:22:17.536+0000] {processor.py:186} INFO - Started process (PID=1265) to work on /opt/airflow/dags/etl_pipeline/tasks/warehouse/components/extract_transform.py
[2024-09-25T08:22:17.538+0000] {processor.py:914} INFO - Processing file /opt/airflow/dags/etl_pipeline/tasks/warehouse/components/extract_transform.py for tasks to queue
[2024-09-25T08:22:17.547+0000] {logging_mixin.py:190} INFO - [2024-09-25T08:22:17.546+0000] {dagbag.py:588} INFO - Filling up the DagBag from /opt/airflow/dags/etl_pipeline/tasks/warehouse/components/extract_transform.py
[2024-09-25T08:22:18.761+0000] {processor.py:927} WARNING - No viable dags retrieved from /opt/airflow/dags/etl_pipeline/tasks/warehouse/components/extract_transform.py
[2024-09-25T08:22:18.791+0000] {processor.py:208} INFO - Processing /opt/airflow/dags/etl_pipeline/tasks/warehouse/components/extract_transform.py took 1.272 seconds
[2024-09-25T08:22:49.282+0000] {processor.py:186} INFO - Started process (PID=1297) to work on /opt/airflow/dags/etl_pipeline/tasks/warehouse/components/extract_transform.py
[2024-09-25T08:22:49.295+0000] {processor.py:914} INFO - Processing file /opt/airflow/dags/etl_pipeline/tasks/warehouse/components/extract_transform.py for tasks to queue
[2024-09-25T08:22:49.300+0000] {logging_mixin.py:190} INFO - [2024-09-25T08:22:49.299+0000] {dagbag.py:588} INFO - Filling up the DagBag from /opt/airflow/dags/etl_pipeline/tasks/warehouse/components/extract_transform.py
[2024-09-25T08:22:50.355+0000] {processor.py:927} WARNING - No viable dags retrieved from /opt/airflow/dags/etl_pipeline/tasks/warehouse/components/extract_transform.py
[2024-09-25T08:22:50.382+0000] {processor.py:208} INFO - Processing /opt/airflow/dags/etl_pipeline/tasks/warehouse/components/extract_transform.py took 1.113 seconds
[2024-09-25T08:23:20.718+0000] {processor.py:186} INFO - Started process (PID=1322) to work on /opt/airflow/dags/etl_pipeline/tasks/warehouse/components/extract_transform.py
[2024-09-25T08:23:20.731+0000] {processor.py:914} INFO - Processing file /opt/airflow/dags/etl_pipeline/tasks/warehouse/components/extract_transform.py for tasks to queue
[2024-09-25T08:23:20.742+0000] {logging_mixin.py:190} INFO - [2024-09-25T08:23:20.740+0000] {dagbag.py:588} INFO - Filling up the DagBag from /opt/airflow/dags/etl_pipeline/tasks/warehouse/components/extract_transform.py
[2024-09-25T08:23:21.874+0000] {processor.py:927} WARNING - No viable dags retrieved from /opt/airflow/dags/etl_pipeline/tasks/warehouse/components/extract_transform.py
[2024-09-25T08:23:21.907+0000] {processor.py:208} INFO - Processing /opt/airflow/dags/etl_pipeline/tasks/warehouse/components/extract_transform.py took 1.212 seconds
