[2024-10-03T00:00:01.725+0000] {local_task_job_runner.py:123} INFO - ::group::Pre task execution logs
[2024-10-03T00:00:01.746+0000] {taskinstance.py:2612} INFO - Dependencies all met for dep_context=non-requeueable deps ti=<TaskInstance: sparking_flow.wordcount_job scheduled__2024-10-02T00:00:00+00:00 [queued]>
[2024-10-03T00:00:01.758+0000] {taskinstance.py:2612} INFO - Dependencies all met for dep_context=requeueable deps ti=<TaskInstance: sparking_flow.wordcount_job scheduled__2024-10-02T00:00:00+00:00 [queued]>
[2024-10-03T00:00:01.758+0000] {taskinstance.py:2865} INFO - Starting attempt 1 of 1
[2024-10-03T00:00:01.774+0000] {taskinstance.py:2888} INFO - Executing <Task(SparkSubmitOperator): wordcount_job> on 2024-10-02 00:00:00+00:00
[2024-10-03T00:00:01.782+0000] {standard_task_runner.py:104} INFO - Running: ['***', 'tasks', 'run', 'sparking_flow', 'wordcount_job', 'scheduled__2024-10-02T00:00:00+00:00', '--job-id', '13508', '--raw', '--subdir', 'DAGS_FOLDER/materi/test.py', '--cfg-path', '/tmp/tmpowrurl12']
[2024-10-03T00:00:01.785+0000] {standard_task_runner.py:105} INFO - Job 13508: Subtask wordcount_job
[2024-10-03T00:00:01.785+0000] {logging_mixin.py:190} WARNING - /home/***/.local/lib/python3.12/site-packages/***/task/task_runner/standard_task_runner.py:70 DeprecationWarning: This process (pid=261437) is multi-threaded, use of fork() may lead to deadlocks in the child.
[2024-10-03T00:00:01.786+0000] {standard_task_runner.py:72} INFO - Started process 261438 to run task
[2024-10-03T00:00:01.846+0000] {task_command.py:467} INFO - Running <TaskInstance: sparking_flow.wordcount_job scheduled__2024-10-02T00:00:00+00:00 [running]> on host 19cd1516b3ca
[2024-10-03T00:00:01.953+0000] {taskinstance.py:3131} INFO - Exporting env vars: AIRFLOW_CTX_DAG_OWNER='Yusuf Ganiyu' AIRFLOW_CTX_DAG_ID='sparking_flow' AIRFLOW_CTX_TASK_ID='wordcount_job' AIRFLOW_CTX_EXECUTION_DATE='2024-10-02T00:00:00+00:00' AIRFLOW_CTX_TRY_NUMBER='1' AIRFLOW_CTX_DAG_RUN_ID='scheduled__2024-10-02T00:00:00+00:00'
[2024-10-03T00:00:01.954+0000] {taskinstance.py:731} INFO - ::endgroup::
[2024-10-03T00:00:01.983+0000] {base.py:84} INFO - Retrieving connection 'spark-conn'
[2024-10-03T00:00:01.984+0000] {spark_submit.py:335} INFO - Spark-Submit cmd: spark-submit --master spark://spark-master:7077 --name arrow-spark jobs/wordcountjob.py wordcountjob Hello Spark Hello Python Hello Airflow Hello Docker and Hello Yusuf
[2024-10-03T00:00:02.044+0000] {spark_submit.py:488} INFO - /home/***/.local/lib/python3.12/site-packages/pyspark/bin/load-spark-env.sh: line 68: ps: command not found
[2024-10-03T00:00:05.417+0000] {spark_submit.py:488} INFO - 24/10/03 00:00:05 INFO SparkContext: Running Spark version 3.5.3
[2024-10-03T00:00:05.420+0000] {spark_submit.py:488} INFO - 24/10/03 00:00:05 INFO SparkContext: OS info Linux, 5.15.153.1-microsoft-standard-WSL2, amd64
[2024-10-03T00:00:05.421+0000] {spark_submit.py:488} INFO - 24/10/03 00:00:05 INFO SparkContext: Java version 17.0.12
[2024-10-03T00:00:05.508+0000] {spark_submit.py:488} INFO - 24/10/03 00:00:05 WARN NativeCodeLoader: Unable to load native-hadoop library for your platform... using builtin-java classes where applicable
[2024-10-03T00:00:05.692+0000] {spark_submit.py:488} INFO - 24/10/03 00:00:05 INFO ResourceUtils: ==============================================================
[2024-10-03T00:00:05.693+0000] {spark_submit.py:488} INFO - 24/10/03 00:00:05 INFO ResourceUtils: No custom resources configured for spark.driver.
[2024-10-03T00:00:05.694+0000] {spark_submit.py:488} INFO - 24/10/03 00:00:05 INFO ResourceUtils: ==============================================================
[2024-10-03T00:00:05.695+0000] {spark_submit.py:488} INFO - 24/10/03 00:00:05 INFO SparkContext: Submitted application: PythonWordCount
[2024-10-03T00:00:05.739+0000] {spark_submit.py:488} INFO - 24/10/03 00:00:05 INFO ResourceProfile: Default ResourceProfile created, executor resources: Map(memory -> name: memory, amount: 1024, script: , vendor: , offHeap -> name: offHeap, amount: 0, script: , vendor: ), task resources: Map(cpus -> name: cpus, amount: 1.0)
[2024-10-03T00:00:05.759+0000] {spark_submit.py:488} INFO - 24/10/03 00:00:05 INFO ResourceProfile: Limiting resource is cpu
[2024-10-03T00:00:05.762+0000] {spark_submit.py:488} INFO - 24/10/03 00:00:05 INFO ResourceProfileManager: Added ResourceProfile id: 0
[2024-10-03T00:00:05.861+0000] {spark_submit.py:488} INFO - 24/10/03 00:00:05 INFO SecurityManager: Changing view acls to: ***
[2024-10-03T00:00:05.862+0000] {spark_submit.py:488} INFO - 24/10/03 00:00:05 INFO SecurityManager: Changing modify acls to: ***
[2024-10-03T00:00:05.863+0000] {spark_submit.py:488} INFO - 24/10/03 00:00:05 INFO SecurityManager: Changing view acls groups to:
[2024-10-03T00:00:05.865+0000] {spark_submit.py:488} INFO - 24/10/03 00:00:05 INFO SecurityManager: Changing modify acls groups to:
[2024-10-03T00:00:05.866+0000] {spark_submit.py:488} INFO - 24/10/03 00:00:05 INFO SecurityManager: SecurityManager: authentication disabled; ui acls disabled; users with view permissions: ***; groups with view permissions: EMPTY; users with modify permissions: ***; groups with modify permissions: EMPTY
[2024-10-03T00:00:06.248+0000] {spark_submit.py:488} INFO - 24/10/03 00:00:06 INFO Utils: Successfully started service 'sparkDriver' on port 34385.
[2024-10-03T00:00:06.288+0000] {spark_submit.py:488} INFO - 24/10/03 00:00:06 INFO SparkEnv: Registering MapOutputTracker
[2024-10-03T00:00:06.338+0000] {spark_submit.py:488} INFO - 24/10/03 00:00:06 INFO SparkEnv: Registering BlockManagerMaster
[2024-10-03T00:00:06.391+0000] {spark_submit.py:488} INFO - 24/10/03 00:00:06 INFO BlockManagerMasterEndpoint: Using org.apache.spark.storage.DefaultTopologyMapper for getting topology information
[2024-10-03T00:00:06.392+0000] {spark_submit.py:488} INFO - 24/10/03 00:00:06 INFO BlockManagerMasterEndpoint: BlockManagerMasterEndpoint up
[2024-10-03T00:00:06.401+0000] {spark_submit.py:488} INFO - 24/10/03 00:00:06 INFO SparkEnv: Registering BlockManagerMasterHeartbeat
[2024-10-03T00:00:06.443+0000] {spark_submit.py:488} INFO - 24/10/03 00:00:06 INFO DiskBlockManager: Created local directory at /tmp/blockmgr-65a16205-b958-4975-aa1f-08b6c42804f2
[2024-10-03T00:00:06.470+0000] {spark_submit.py:488} INFO - 24/10/03 00:00:06 INFO MemoryStore: MemoryStore started with capacity 434.4 MiB
[2024-10-03T00:00:06.501+0000] {spark_submit.py:488} INFO - 24/10/03 00:00:06 INFO SparkEnv: Registering OutputCommitCoordinator
[2024-10-03T00:00:06.714+0000] {spark_submit.py:488} INFO - 24/10/03 00:00:06 INFO JettyUtils: Start Jetty 0.0.0.0:4040 for SparkUI
[2024-10-03T00:00:06.816+0000] {spark_submit.py:488} INFO - 24/10/03 00:00:06 INFO Utils: Successfully started service 'SparkUI' on port 4040.
[2024-10-03T00:00:07.171+0000] {spark_submit.py:488} INFO - 24/10/03 00:00:07 INFO StandaloneAppClient$ClientEndpoint: Connecting to master spark://spark-master:7077...
[2024-10-03T00:00:07.367+0000] {spark_submit.py:488} INFO - 24/10/03 00:00:07 INFO TransportClientFactory: Successfully created connection to spark-master/172.20.0.9:7077 after 97 ms (0 ms spent in bootstraps)
[2024-10-03T00:00:07.663+0000] {spark_submit.py:488} INFO - 24/10/03 00:00:07 INFO StandaloneSchedulerBackend: Connected to Spark cluster with app ID app-20241003000007-0014
[2024-10-03T00:00:07.688+0000] {spark_submit.py:488} INFO - 24/10/03 00:00:07 INFO StandaloneAppClient$ClientEndpoint: Executor added: app-20241003000007-0014/0 on worker-20241002185803-172.20.0.10-34453 (172.20.0.10:34453) with 2 core(s)
[2024-10-03T00:00:07.691+0000] {spark_submit.py:488} INFO - 24/10/03 00:00:07 INFO Utils: Successfully started service 'org.apache.spark.network.netty.NettyBlockTransferService' on port 36019.
[2024-10-03T00:00:07.692+0000] {spark_submit.py:488} INFO - 24/10/03 00:00:07 INFO NettyBlockTransferService: Server created on 19cd1516b3ca:36019
[2024-10-03T00:00:07.693+0000] {spark_submit.py:488} INFO - 24/10/03 00:00:07 INFO StandaloneSchedulerBackend: Granted executor ID app-20241003000007-0014/0 on hostPort 172.20.0.10:34453 with 2 core(s), 1024.0 MiB RAM
[2024-10-03T00:00:07.695+0000] {spark_submit.py:488} INFO - 24/10/03 00:00:07 INFO BlockManager: Using org.apache.spark.storage.RandomBlockReplicationPolicy for block replication policy
[2024-10-03T00:00:07.713+0000] {spark_submit.py:488} INFO - 24/10/03 00:00:07 INFO BlockManagerMaster: Registering BlockManager BlockManagerId(driver, 19cd1516b3ca, 36019, None)
[2024-10-03T00:00:07.724+0000] {spark_submit.py:488} INFO - 24/10/03 00:00:07 INFO BlockManagerMasterEndpoint: Registering block manager 19cd1516b3ca:36019 with 434.4 MiB RAM, BlockManagerId(driver, 19cd1516b3ca, 36019, None)
[2024-10-03T00:00:07.727+0000] {spark_submit.py:488} INFO - 24/10/03 00:00:07 INFO BlockManagerMaster: Registered BlockManager BlockManagerId(driver, 19cd1516b3ca, 36019, None)
[2024-10-03T00:00:07.730+0000] {spark_submit.py:488} INFO - 24/10/03 00:00:07 INFO BlockManager: Initialized BlockManager: BlockManagerId(driver, 19cd1516b3ca, 36019, None)
[2024-10-03T00:00:08.159+0000] {spark_submit.py:488} INFO - 24/10/03 00:00:08 INFO StandaloneAppClient$ClientEndpoint: Executor updated: app-20241003000007-0014/0 is now RUNNING
[2024-10-03T00:00:08.248+0000] {spark_submit.py:488} INFO - 24/10/03 00:00:08 INFO StandaloneSchedulerBackend: SchedulerBackend is ready for scheduling beginning after reached minRegisteredResourcesRatio: 0.0
[2024-10-03T00:00:09.692+0000] {spark_submit.py:488} INFO - 24/10/03 00:00:09 INFO SparkContext: Starting job: collect at /opt/***/jobs/wordcountjob.py:13
[2024-10-03T00:00:09.762+0000] {spark_submit.py:488} INFO - 24/10/03 00:00:09 INFO DAGScheduler: Registering RDD 2 (reduceByKey at /opt/***/jobs/wordcountjob.py:11) as input to shuffle 0
[2024-10-03T00:00:09.773+0000] {spark_submit.py:488} INFO - 24/10/03 00:00:09 INFO DAGScheduler: Got job 0 (collect at /opt/***/jobs/wordcountjob.py:13) with 2 output partitions
[2024-10-03T00:00:09.774+0000] {spark_submit.py:488} INFO - 24/10/03 00:00:09 INFO DAGScheduler: Final stage: ResultStage 1 (collect at /opt/***/jobs/wordcountjob.py:13)
[2024-10-03T00:00:09.775+0000] {spark_submit.py:488} INFO - 24/10/03 00:00:09 INFO DAGScheduler: Parents of final stage: List(ShuffleMapStage 0)
[2024-10-03T00:00:09.781+0000] {spark_submit.py:488} INFO - 24/10/03 00:00:09 INFO DAGScheduler: Missing parents: List(ShuffleMapStage 0)
[2024-10-03T00:00:09.794+0000] {spark_submit.py:488} INFO - 24/10/03 00:00:09 INFO DAGScheduler: Submitting ShuffleMapStage 0 (PairwiseRDD[2] at reduceByKey at /opt/***/jobs/wordcountjob.py:11), which has no missing parents
[2024-10-03T00:00:10.023+0000] {spark_submit.py:488} INFO - 24/10/03 00:00:10 INFO MemoryStore: Block broadcast_0 stored as values in memory (estimated size 11.0 KiB, free 434.4 MiB)
[2024-10-03T00:00:10.130+0000] {spark_submit.py:488} INFO - 24/10/03 00:00:10 INFO MemoryStore: Block broadcast_0_piece0 stored as bytes in memory (estimated size 7.0 KiB, free 434.4 MiB)
[2024-10-03T00:00:10.141+0000] {spark_submit.py:488} INFO - 24/10/03 00:00:10 INFO BlockManagerInfo: Added broadcast_0_piece0 in memory on 19cd1516b3ca:36019 (size: 7.0 KiB, free: 434.4 MiB)
[2024-10-03T00:00:10.166+0000] {spark_submit.py:488} INFO - 24/10/03 00:00:10 INFO SparkContext: Created broadcast 0 from broadcast at DAGScheduler.scala:1585
[2024-10-03T00:00:10.213+0000] {spark_submit.py:488} INFO - 24/10/03 00:00:10 INFO DAGScheduler: Submitting 2 missing tasks from ShuffleMapStage 0 (PairwiseRDD[2] at reduceByKey at /opt/***/jobs/wordcountjob.py:11) (first 15 tasks are for partitions Vector(0, 1))
[2024-10-03T00:00:10.217+0000] {spark_submit.py:488} INFO - 24/10/03 00:00:10 INFO TaskSchedulerImpl: Adding task set 0.0 with 2 tasks resource profile 0
[2024-10-03T00:00:14.557+0000] {spark_submit.py:488} INFO - 24/10/03 00:00:14 INFO StandaloneSchedulerBackend$StandaloneDriverEndpoint: Registered executor NettyRpcEndpointRef(spark-client://Executor) (172.20.0.10:56382) with ID 0,  ResourceProfileId 0
[2024-10-03T00:00:14.685+0000] {spark_submit.py:488} INFO - 24/10/03 00:00:14 INFO BlockManagerMasterEndpoint: Registering block manager 172.20.0.10:37095 with 434.4 MiB RAM, BlockManagerId(0, 172.20.0.10, 37095, None)
[2024-10-03T00:00:14.801+0000] {spark_submit.py:488} INFO - 24/10/03 00:00:14 INFO TaskSetManager: Starting task 0.0 in stage 0.0 (TID 0) (172.20.0.10, executor 0, partition 0, PROCESS_LOCAL, 9039 bytes)
[2024-10-03T00:00:14.807+0000] {spark_submit.py:488} INFO - 24/10/03 00:00:14 INFO TaskSetManager: Starting task 1.0 in stage 0.0 (TID 1) (172.20.0.10, executor 0, partition 1, PROCESS_LOCAL, 9072 bytes)
[2024-10-03T00:00:15.205+0000] {spark_submit.py:488} INFO - 24/10/03 00:00:15 INFO BlockManagerInfo: Added broadcast_0_piece0 in memory on 172.20.0.10:37095 (size: 7.0 KiB, free: 434.4 MiB)
[2024-10-03T00:00:17.000+0000] {spark_submit.py:488} INFO - 24/10/03 00:00:16 INFO TaskSetManager: Finished task 0.0 in stage 0.0 (TID 0) in 2224 ms on 172.20.0.10 (executor 0) (1/2)
[2024-10-03T00:00:17.002+0000] {spark_submit.py:488} INFO - 24/10/03 00:00:17 INFO TaskSetManager: Finished task 1.0 in stage 0.0 (TID 1) in 2195 ms on 172.20.0.10 (executor 0) (2/2)
[2024-10-03T00:00:17.003+0000] {spark_submit.py:488} INFO - 24/10/03 00:00:17 INFO TaskSchedulerImpl: Removed TaskSet 0.0, whose tasks have all completed, from pool
[2024-10-03T00:00:17.009+0000] {spark_submit.py:488} INFO - 24/10/03 00:00:17 INFO PythonAccumulatorV2: Connected to AccumulatorServer at host: 127.0.0.1 port: 57895
[2024-10-03T00:00:17.017+0000] {spark_submit.py:488} INFO - 24/10/03 00:00:17 INFO DAGScheduler: ShuffleMapStage 0 (reduceByKey at /opt/***/jobs/wordcountjob.py:11) finished in 7.164 s
[2024-10-03T00:00:17.018+0000] {spark_submit.py:488} INFO - 24/10/03 00:00:17 INFO DAGScheduler: looking for newly runnable stages
[2024-10-03T00:00:17.019+0000] {spark_submit.py:488} INFO - 24/10/03 00:00:17 INFO DAGScheduler: running: Set()
[2024-10-03T00:00:17.020+0000] {spark_submit.py:488} INFO - 24/10/03 00:00:17 INFO DAGScheduler: waiting: Set(ResultStage 1)
[2024-10-03T00:00:17.021+0000] {spark_submit.py:488} INFO - 24/10/03 00:00:17 INFO DAGScheduler: failed: Set()
[2024-10-03T00:00:17.024+0000] {spark_submit.py:488} INFO - 24/10/03 00:00:17 INFO DAGScheduler: Submitting ResultStage 1 (PythonRDD[5] at collect at /opt/***/jobs/wordcountjob.py:13), which has no missing parents
[2024-10-03T00:00:17.042+0000] {spark_submit.py:488} INFO - 24/10/03 00:00:17 INFO MemoryStore: Block broadcast_1 stored as values in memory (estimated size 10.0 KiB, free 434.4 MiB)
[2024-10-03T00:00:17.045+0000] {spark_submit.py:488} INFO - 24/10/03 00:00:17 INFO MemoryStore: Block broadcast_1_piece0 stored as bytes in memory (estimated size 6.0 KiB, free 434.4 MiB)
[2024-10-03T00:00:17.046+0000] {spark_submit.py:488} INFO - 24/10/03 00:00:17 INFO BlockManagerInfo: Added broadcast_1_piece0 in memory on 19cd1516b3ca:36019 (size: 6.0 KiB, free: 434.4 MiB)
[2024-10-03T00:00:17.047+0000] {spark_submit.py:488} INFO - 24/10/03 00:00:17 INFO SparkContext: Created broadcast 1 from broadcast at DAGScheduler.scala:1585
[2024-10-03T00:00:17.050+0000] {spark_submit.py:488} INFO - 24/10/03 00:00:17 INFO DAGScheduler: Submitting 2 missing tasks from ResultStage 1 (PythonRDD[5] at collect at /opt/***/jobs/wordcountjob.py:13) (first 15 tasks are for partitions Vector(0, 1))
[2024-10-03T00:00:17.051+0000] {spark_submit.py:488} INFO - 24/10/03 00:00:17 INFO TaskSchedulerImpl: Adding task set 1.0 with 2 tasks resource profile 0
[2024-10-03T00:00:17.059+0000] {spark_submit.py:488} INFO - 24/10/03 00:00:17 INFO TaskSetManager: Starting task 0.0 in stage 1.0 (TID 2) (172.20.0.10, executor 0, partition 0, NODE_LOCAL, 8821 bytes)
[2024-10-03T00:00:17.061+0000] {spark_submit.py:488} INFO - 24/10/03 00:00:17 INFO TaskSetManager: Starting task 1.0 in stage 1.0 (TID 3) (172.20.0.10, executor 0, partition 1, NODE_LOCAL, 8821 bytes)
[2024-10-03T00:00:17.105+0000] {spark_submit.py:488} INFO - 24/10/03 00:00:17 INFO BlockManagerInfo: Added broadcast_1_piece0 in memory on 172.20.0.10:37095 (size: 6.0 KiB, free: 434.4 MiB)
[2024-10-03T00:00:17.230+0000] {spark_submit.py:488} INFO - 24/10/03 00:00:17 INFO MapOutputTrackerMasterEndpoint: Asked to send map output locations for shuffle 0 to 172.20.0.10:56382
[2024-10-03T00:00:17.556+0000] {spark_submit.py:488} INFO - 24/10/03 00:00:17 INFO TaskSetManager: Finished task 0.0 in stage 1.0 (TID 2) in 499 ms on 172.20.0.10 (executor 0) (1/2)
[2024-10-03T00:00:17.577+0000] {spark_submit.py:488} INFO - 24/10/03 00:00:17 INFO TaskSetManager: Finished task 1.0 in stage 1.0 (TID 3) in 516 ms on 172.20.0.10 (executor 0) (2/2)
[2024-10-03T00:00:17.577+0000] {spark_submit.py:488} INFO - 24/10/03 00:00:17 INFO TaskSchedulerImpl: Removed TaskSet 1.0, whose tasks have all completed, from pool
[2024-10-03T00:00:17.579+0000] {spark_submit.py:488} INFO - 24/10/03 00:00:17 INFO DAGScheduler: ResultStage 1 (collect at /opt/***/jobs/wordcountjob.py:13) finished in 0.541 s
[2024-10-03T00:00:17.584+0000] {spark_submit.py:488} INFO - 24/10/03 00:00:17 INFO DAGScheduler: Job 0 is finished. Cancelling potential speculative or zombie tasks for this job
[2024-10-03T00:00:17.585+0000] {spark_submit.py:488} INFO - 24/10/03 00:00:17 INFO TaskSchedulerImpl: Killing all running tasks in stage 1: Stage finished
[2024-10-03T00:00:17.588+0000] {spark_submit.py:488} INFO - 24/10/03 00:00:17 INFO DAGScheduler: Job 0 finished: collect at /opt/***/jobs/wordcountjob.py:13, took 7.893616 s
[2024-10-03T00:00:17.615+0000] {spark_submit.py:488} INFO - Python: 1
[2024-10-03T00:00:17.615+0000] {spark_submit.py:488} INFO - Airflow: 1
[2024-10-03T00:00:17.616+0000] {spark_submit.py:488} INFO - Docker: 1
[2024-10-03T00:00:17.616+0000] {spark_submit.py:488} INFO - and: 1
[2024-10-03T00:00:17.617+0000] {spark_submit.py:488} INFO - Yusuf: 1
[2024-10-03T00:00:17.618+0000] {spark_submit.py:488} INFO - Hello: 5
[2024-10-03T00:00:17.618+0000] {spark_submit.py:488} INFO - Spark: 1
[2024-10-03T00:00:17.619+0000] {spark_submit.py:488} INFO - 24/10/03 00:00:17 INFO SparkContext: SparkContext is stopping with exitCode 0.
[2024-10-03T00:00:17.629+0000] {spark_submit.py:488} INFO - 24/10/03 00:00:17 INFO SparkUI: Stopped Spark web UI at http://19cd1516b3ca:4040
[2024-10-03T00:00:17.635+0000] {spark_submit.py:488} INFO - 24/10/03 00:00:17 INFO StandaloneSchedulerBackend: Shutting down all executors
[2024-10-03T00:00:17.636+0000] {spark_submit.py:488} INFO - 24/10/03 00:00:17 INFO StandaloneSchedulerBackend$StandaloneDriverEndpoint: Asking each executor to shut down
[2024-10-03T00:00:17.677+0000] {spark_submit.py:488} INFO - 24/10/03 00:00:17 INFO MapOutputTrackerMasterEndpoint: MapOutputTrackerMasterEndpoint stopped!
[2024-10-03T00:00:17.712+0000] {spark_submit.py:488} INFO - 24/10/03 00:00:17 INFO MemoryStore: MemoryStore cleared
[2024-10-03T00:00:17.713+0000] {spark_submit.py:488} INFO - 24/10/03 00:00:17 INFO BlockManager: BlockManager stopped
[2024-10-03T00:00:17.720+0000] {spark_submit.py:488} INFO - 24/10/03 00:00:17 INFO BlockManagerMaster: BlockManagerMaster stopped
[2024-10-03T00:00:17.723+0000] {spark_submit.py:488} INFO - 24/10/03 00:00:17 INFO OutputCommitCoordinator$OutputCommitCoordinatorEndpoint: OutputCommitCoordinator stopped!
[2024-10-03T00:00:17.745+0000] {spark_submit.py:488} INFO - 24/10/03 00:00:17 INFO SparkContext: Successfully stopped SparkContext
[2024-10-03T00:00:18.647+0000] {spark_submit.py:488} INFO - 24/10/03 00:00:18 INFO ShutdownHookManager: Shutdown hook called
[2024-10-03T00:00:18.648+0000] {spark_submit.py:488} INFO - 24/10/03 00:00:18 INFO ShutdownHookManager: Deleting directory /tmp/spark-43fa59e4-d44c-4558-9e60-ee0d591367a9/pyspark-11bee786-d161-4018-b86f-59919d417a48
[2024-10-03T00:00:18.651+0000] {spark_submit.py:488} INFO - 24/10/03 00:00:18 INFO ShutdownHookManager: Deleting directory /tmp/spark-53f106db-de6b-49df-b6f2-111f163b9e87
[2024-10-03T00:00:18.655+0000] {spark_submit.py:488} INFO - 24/10/03 00:00:18 INFO ShutdownHookManager: Deleting directory /tmp/spark-43fa59e4-d44c-4558-9e60-ee0d591367a9
[2024-10-03T00:00:18.702+0000] {taskinstance.py:340} INFO - ::group::Post task execution logs
[2024-10-03T00:00:18.703+0000] {taskinstance.py:352} INFO - Marking task as SUCCESS. dag_id=sparking_flow, task_id=wordcount_job, run_id=scheduled__2024-10-02T00:00:00+00:00, execution_date=20241002T000000, start_date=20241003T000001, end_date=20241003T000018
[2024-10-03T00:00:18.776+0000] {local_task_job_runner.py:266} INFO - Task exited with return code 0
[2024-10-03T00:00:18.811+0000] {taskinstance.py:3900} INFO - 1 downstream tasks scheduled from follow-on schedule check
[2024-10-03T00:00:18.814+0000] {local_task_job_runner.py:245} INFO - ::endgroup::
