[2024-10-02T15:28:46.537+0000] {local_task_job_runner.py:123} INFO - ::group::Pre task execution logs
[2024-10-02T15:28:46.591+0000] {taskinstance.py:2612} INFO - Dependencies all met for dep_context=non-requeueable deps ti=<TaskInstance: sparking_flow.start scheduled__2024-10-01T00:00:00+00:00 [queued]>
[2024-10-02T15:28:46.622+0000] {taskinstance.py:2612} INFO - Dependencies all met for dep_context=requeueable deps ti=<TaskInstance: sparking_flow.start scheduled__2024-10-01T00:00:00+00:00 [queued]>
[2024-10-02T15:28:46.622+0000] {taskinstance.py:2865} INFO - Starting attempt 1 of 1
[2024-10-02T15:28:46.656+0000] {taskinstance.py:2888} INFO - Executing <Task(PythonOperator): start> on 2024-10-01 00:00:00+00:00
[2024-10-02T15:28:46.667+0000] {warnings.py:112} WARNING - /home/***/.local/lib/python3.12/site-packages/***/task/task_runner/standard_task_runner.py:70: DeprecationWarning: This process (pid=78) is multi-threaded, use of fork() may lead to deadlocks in the child.
  pid = os.fork()

[2024-10-02T15:28:46.670+0000] {standard_task_runner.py:72} INFO - Started process 79 to run task
[2024-10-02T15:28:46.671+0000] {standard_task_runner.py:104} INFO - Running: ['***', 'tasks', 'run', 'sparking_flow', 'start', 'scheduled__2024-10-01T00:00:00+00:00', '--job-id', '5', '--raw', '--subdir', 'DAGS_FOLDER/spark_***.py', '--cfg-path', '/tmp/tmpofr7s_7h']
[2024-10-02T15:28:46.673+0000] {standard_task_runner.py:105} INFO - Job 5: Subtask start
[2024-10-02T15:28:46.778+0000] {task_command.py:467} INFO - Running <TaskInstance: sparking_flow.start scheduled__2024-10-01T00:00:00+00:00 [running]> on host 531092bfcd5c
[2024-10-02T15:28:46.925+0000] {taskinstance.py:3131} INFO - Exporting env vars: AIRFLOW_CTX_DAG_OWNER='Yusuf Ganiyu' AIRFLOW_CTX_DAG_ID='sparking_flow' AIRFLOW_CTX_TASK_ID='start' AIRFLOW_CTX_EXECUTION_DATE='2024-10-01T00:00:00+00:00' AIRFLOW_CTX_TRY_NUMBER='1' AIRFLOW_CTX_DAG_RUN_ID='scheduled__2024-10-01T00:00:00+00:00'
[2024-10-02T15:28:46.926+0000] {taskinstance.py:731} INFO - ::endgroup::
[2024-10-02T15:28:47.021+0000] {logging_mixin.py:190} INFO - Jobs started
[2024-10-02T15:28:47.022+0000] {python.py:240} INFO - Done. Returned value was: None
[2024-10-02T15:28:47.061+0000] {taskinstance.py:340} INFO - ::group::Post task execution logs
[2024-10-02T15:28:47.062+0000] {taskinstance.py:352} INFO - Marking task as SUCCESS. dag_id=sparking_flow, task_id=start, run_id=scheduled__2024-10-01T00:00:00+00:00, execution_date=20241001T000000, start_date=20241002T152846, end_date=20241002T152847
[2024-10-02T15:28:47.128+0000] {local_task_job_runner.py:266} INFO - Task exited with return code 0
[2024-10-02T15:28:47.208+0000] {taskinstance.py:3900} INFO - 3 downstream tasks scheduled from follow-on schedule check
[2024-10-02T15:28:47.214+0000] {local_task_job_runner.py:245} INFO - ::endgroup::
[2024-10-02T18:55:02.367+0000] {local_task_job_runner.py:123} INFO - ::group::Pre task execution logs
[2024-10-02T18:55:02.415+0000] {taskinstance.py:2612} INFO - Dependencies all met for dep_context=non-requeueable deps ti=<TaskInstance: sparking_flow.start scheduled__2024-10-01T00:00:00+00:00 [queued]>
[2024-10-02T18:55:02.437+0000] {taskinstance.py:2612} INFO - Dependencies all met for dep_context=requeueable deps ti=<TaskInstance: sparking_flow.start scheduled__2024-10-01T00:00:00+00:00 [queued]>
[2024-10-02T18:55:02.438+0000] {taskinstance.py:2865} INFO - Starting attempt 1 of 1
[2024-10-02T18:55:02.467+0000] {taskinstance.py:2888} INFO - Executing <Task(PythonOperator): start> on 2024-10-01 00:00:00+00:00
[2024-10-02T18:55:02.481+0000] {standard_task_runner.py:104} INFO - Running: ['***', 'tasks', 'run', 'sparking_flow', 'start', 'scheduled__2024-10-01T00:00:00+00:00', '--job-id', '13453', '--raw', '--subdir', 'DAGS_FOLDER/materi/test.py', '--cfg-path', '/tmp/tmpne1rh92u']
[2024-10-02T18:55:02.486+0000] {standard_task_runner.py:105} INFO - Job 13453: Subtask start
[2024-10-02T18:55:02.490+0000] {logging_mixin.py:190} WARNING - /home/***/.local/lib/python3.12/site-packages/***/task/task_runner/standard_task_runner.py:70 DeprecationWarning: This process (pid=77815) is multi-threaded, use of fork() may lead to deadlocks in the child.
[2024-10-02T18:55:02.491+0000] {standard_task_runner.py:72} INFO - Started process 77818 to run task
[2024-10-02T18:55:02.597+0000] {task_command.py:467} INFO - Running <TaskInstance: sparking_flow.start scheduled__2024-10-01T00:00:00+00:00 [running]> on host 19cd1516b3ca
[2024-10-02T18:55:02.784+0000] {taskinstance.py:3131} INFO - Exporting env vars: AIRFLOW_CTX_DAG_OWNER='Yusuf Ganiyu' AIRFLOW_CTX_DAG_ID='sparking_flow' AIRFLOW_CTX_TASK_ID='start' AIRFLOW_CTX_EXECUTION_DATE='2024-10-01T00:00:00+00:00' AIRFLOW_CTX_TRY_NUMBER='1' AIRFLOW_CTX_DAG_RUN_ID='scheduled__2024-10-01T00:00:00+00:00'
[2024-10-02T18:55:02.786+0000] {taskinstance.py:731} INFO - ::endgroup::
[2024-10-02T18:55:02.812+0000] {logging_mixin.py:190} INFO - Jobs started
[2024-10-02T18:55:02.812+0000] {python.py:240} INFO - Done. Returned value was: None
[2024-10-02T18:55:02.832+0000] {taskinstance.py:340} INFO - ::group::Post task execution logs
[2024-10-02T18:55:02.832+0000] {taskinstance.py:352} INFO - Marking task as SUCCESS. dag_id=sparking_flow, task_id=start, run_id=scheduled__2024-10-01T00:00:00+00:00, execution_date=20241001T000000, start_date=20241002T185502, end_date=20241002T185502
[2024-10-02T18:55:02.872+0000] {local_task_job_runner.py:266} INFO - Task exited with return code 0
[2024-10-02T18:55:02.915+0000] {taskinstance.py:3900} INFO - 1 downstream tasks scheduled from follow-on schedule check
[2024-10-02T18:55:02.919+0000] {local_task_job_runner.py:245} INFO - ::endgroup::
