[2024-10-04T06:36:49.699+0000] {processor.py:186} INFO - Started process (PID=284) to work on /opt/airflow/dags/materi/branch_operator.py
[2024-10-04T06:36:49.701+0000] {processor.py:914} INFO - Processing file /opt/airflow/dags/materi/branch_operator.py for tasks to queue
[2024-10-04T06:36:49.713+0000] {logging_mixin.py:190} INFO - [2024-10-04T06:36:49.712+0000] {dagbag.py:588} INFO - Filling up the DagBag from /opt/airflow/dags/materi/branch_operator.py
[2024-10-04T06:36:49.799+0000] {processor.py:925} INFO - DAG(s) 'branch_python_operator_example' retrieved from /opt/airflow/dags/materi/branch_operator.py
[2024-10-04T06:36:50.064+0000] {logging_mixin.py:190} INFO - [2024-10-04T06:36:50.063+0000] {dag.py:3239} INFO - Sync 1 DAGs
[2024-10-04T06:36:50.323+0000] {logging_mixin.py:190} INFO - [2024-10-04T06:36:50.322+0000] {dag.py:4180} INFO - Setting next_dagrun for branch_python_operator_example to 2024-10-03 00:00:00+00:00, run_after=2024-10-04 00:00:00+00:00
[2024-10-04T06:36:50.405+0000] {processor.py:208} INFO - Processing /opt/airflow/dags/materi/branch_operator.py took 0.725 seconds
[2024-10-04T06:37:21.226+0000] {processor.py:186} INFO - Started process (PID=562) to work on /opt/airflow/dags/materi/branch_operator.py
[2024-10-04T06:37:21.230+0000] {processor.py:914} INFO - Processing file /opt/airflow/dags/materi/branch_operator.py for tasks to queue
[2024-10-04T06:37:21.241+0000] {logging_mixin.py:190} INFO - [2024-10-04T06:37:21.240+0000] {dagbag.py:588} INFO - Filling up the DagBag from /opt/airflow/dags/materi/branch_operator.py
[2024-10-04T06:37:21.283+0000] {processor.py:925} INFO - DAG(s) 'branch_python_operator_example' retrieved from /opt/airflow/dags/materi/branch_operator.py
[2024-10-04T06:37:21.361+0000] {logging_mixin.py:190} INFO - [2024-10-04T06:37:21.360+0000] {dag.py:3239} INFO - Sync 1 DAGs
[2024-10-04T06:37:21.458+0000] {logging_mixin.py:190} INFO - [2024-10-04T06:37:21.458+0000] {dag.py:4180} INFO - Setting next_dagrun for branch_python_operator_example to 2024-10-03 00:00:00+00:00, run_after=2024-10-04 00:00:00+00:00
[2024-10-04T06:37:21.524+0000] {processor.py:208} INFO - Processing /opt/airflow/dags/materi/branch_operator.py took 0.321 seconds
[2024-10-04T06:37:52.194+0000] {processor.py:186} INFO - Started process (PID=721) to work on /opt/airflow/dags/materi/branch_operator.py
[2024-10-04T06:37:52.199+0000] {processor.py:914} INFO - Processing file /opt/airflow/dags/materi/branch_operator.py for tasks to queue
[2024-10-04T06:37:52.202+0000] {logging_mixin.py:190} INFO - [2024-10-04T06:37:52.201+0000] {dagbag.py:588} INFO - Filling up the DagBag from /opt/airflow/dags/materi/branch_operator.py
[2024-10-04T06:37:52.224+0000] {processor.py:925} INFO - DAG(s) 'branch_python_operator_example' retrieved from /opt/airflow/dags/materi/branch_operator.py
[2024-10-04T06:37:52.293+0000] {logging_mixin.py:190} INFO - [2024-10-04T06:37:52.291+0000] {dag.py:3239} INFO - Sync 1 DAGs
[2024-10-04T06:37:52.347+0000] {logging_mixin.py:190} INFO - [2024-10-04T06:37:52.347+0000] {dag.py:4180} INFO - Setting next_dagrun for branch_python_operator_example to 2024-10-03 00:00:00+00:00, run_after=2024-10-04 00:00:00+00:00
[2024-10-04T06:37:52.382+0000] {processor.py:208} INFO - Processing /opt/airflow/dags/materi/branch_operator.py took 0.197 seconds
[2024-10-04T06:38:22.458+0000] {processor.py:186} INFO - Started process (PID=766) to work on /opt/airflow/dags/materi/branch_operator.py
[2024-10-04T06:38:22.460+0000] {processor.py:914} INFO - Processing file /opt/airflow/dags/materi/branch_operator.py for tasks to queue
[2024-10-04T06:38:22.464+0000] {logging_mixin.py:190} INFO - [2024-10-04T06:38:22.464+0000] {dagbag.py:588} INFO - Filling up the DagBag from /opt/airflow/dags/materi/branch_operator.py
[2024-10-04T06:38:22.489+0000] {processor.py:925} INFO - DAG(s) 'branch_python_operator_example' retrieved from /opt/airflow/dags/materi/branch_operator.py
[2024-10-04T06:38:22.554+0000] {logging_mixin.py:190} INFO - [2024-10-04T06:38:22.553+0000] {dag.py:3239} INFO - Sync 1 DAGs
[2024-10-04T06:38:22.624+0000] {logging_mixin.py:190} INFO - [2024-10-04T06:38:22.623+0000] {dag.py:4180} INFO - Setting next_dagrun for branch_python_operator_example to 2024-10-03 00:00:00+00:00, run_after=2024-10-04 00:00:00+00:00
[2024-10-04T06:38:22.668+0000] {processor.py:208} INFO - Processing /opt/airflow/dags/materi/branch_operator.py took 0.223 seconds
[2024-10-04T06:38:53.868+0000] {processor.py:186} INFO - Started process (PID=815) to work on /opt/airflow/dags/materi/branch_operator.py
[2024-10-04T06:38:53.871+0000] {processor.py:914} INFO - Processing file /opt/airflow/dags/materi/branch_operator.py for tasks to queue
[2024-10-04T06:38:53.876+0000] {logging_mixin.py:190} INFO - [2024-10-04T06:38:53.875+0000] {dagbag.py:588} INFO - Filling up the DagBag from /opt/airflow/dags/materi/branch_operator.py
[2024-10-04T06:38:53.899+0000] {processor.py:925} INFO - DAG(s) 'branch_python_operator_example' retrieved from /opt/airflow/dags/materi/branch_operator.py
[2024-10-04T06:38:53.958+0000] {logging_mixin.py:190} INFO - [2024-10-04T06:38:53.957+0000] {dag.py:3239} INFO - Sync 1 DAGs
[2024-10-04T06:38:54.013+0000] {logging_mixin.py:190} INFO - [2024-10-04T06:38:54.012+0000] {dag.py:4180} INFO - Setting next_dagrun for branch_python_operator_example to 2024-10-03 00:00:00+00:00, run_after=2024-10-04 00:00:00+00:00
[2024-10-04T06:38:54.052+0000] {processor.py:208} INFO - Processing /opt/airflow/dags/materi/branch_operator.py took 0.200 seconds
[2024-10-04T06:39:24.408+0000] {processor.py:186} INFO - Started process (PID=994) to work on /opt/airflow/dags/materi/branch_operator.py
[2024-10-04T06:39:24.415+0000] {processor.py:914} INFO - Processing file /opt/airflow/dags/materi/branch_operator.py for tasks to queue
[2024-10-04T06:39:24.427+0000] {logging_mixin.py:190} INFO - [2024-10-04T06:39:24.421+0000] {dagbag.py:588} INFO - Filling up the DagBag from /opt/airflow/dags/materi/branch_operator.py
[2024-10-04T06:39:24.517+0000] {processor.py:925} INFO - DAG(s) 'branch_python_operator_example' retrieved from /opt/airflow/dags/materi/branch_operator.py
[2024-10-04T06:39:24.658+0000] {logging_mixin.py:190} INFO - [2024-10-04T06:39:24.654+0000] {dag.py:3239} INFO - Sync 1 DAGs
[2024-10-04T06:39:24.756+0000] {logging_mixin.py:190} INFO - [2024-10-04T06:39:24.755+0000] {dag.py:4180} INFO - Setting next_dagrun for branch_python_operator_example to 2024-10-03 00:00:00+00:00, run_after=2024-10-04 00:00:00+00:00
[2024-10-04T06:39:24.842+0000] {processor.py:208} INFO - Processing /opt/airflow/dags/materi/branch_operator.py took 0.463 seconds
[2024-10-04T06:39:54.920+0000] {processor.py:186} INFO - Started process (PID=1124) to work on /opt/airflow/dags/materi/branch_operator.py
[2024-10-04T06:39:54.933+0000] {processor.py:914} INFO - Processing file /opt/airflow/dags/materi/branch_operator.py for tasks to queue
[2024-10-04T06:39:54.937+0000] {logging_mixin.py:190} INFO - [2024-10-04T06:39:54.937+0000] {dagbag.py:588} INFO - Filling up the DagBag from /opt/airflow/dags/materi/branch_operator.py
[2024-10-04T06:39:54.954+0000] {processor.py:925} INFO - DAG(s) 'branch_python_operator_example' retrieved from /opt/airflow/dags/materi/branch_operator.py
[2024-10-04T06:39:54.999+0000] {logging_mixin.py:190} INFO - [2024-10-04T06:39:54.998+0000] {dag.py:3239} INFO - Sync 1 DAGs
[2024-10-04T06:39:55.040+0000] {logging_mixin.py:190} INFO - [2024-10-04T06:39:55.040+0000] {dag.py:4180} INFO - Setting next_dagrun for branch_python_operator_example to 2024-10-03 00:00:00+00:00, run_after=2024-10-04 00:00:00+00:00
[2024-10-04T06:39:55.066+0000] {processor.py:208} INFO - Processing /opt/airflow/dags/materi/branch_operator.py took 0.157 seconds
[2024-10-04T06:40:25.370+0000] {processor.py:186} INFO - Started process (PID=1173) to work on /opt/airflow/dags/materi/branch_operator.py
[2024-10-04T06:40:25.372+0000] {processor.py:914} INFO - Processing file /opt/airflow/dags/materi/branch_operator.py for tasks to queue
[2024-10-04T06:40:25.377+0000] {logging_mixin.py:190} INFO - [2024-10-04T06:40:25.376+0000] {dagbag.py:588} INFO - Filling up the DagBag from /opt/airflow/dags/materi/branch_operator.py
[2024-10-04T06:40:25.404+0000] {processor.py:925} INFO - DAG(s) 'branch_python_operator_example' retrieved from /opt/airflow/dags/materi/branch_operator.py
[2024-10-04T06:40:25.452+0000] {logging_mixin.py:190} INFO - [2024-10-04T06:40:25.451+0000] {dag.py:3239} INFO - Sync 1 DAGs
[2024-10-04T06:40:25.488+0000] {logging_mixin.py:190} INFO - [2024-10-04T06:40:25.488+0000] {dag.py:4180} INFO - Setting next_dagrun for branch_python_operator_example to 2024-10-03 00:00:00+00:00, run_after=2024-10-04 00:00:00+00:00
[2024-10-04T06:40:25.516+0000] {processor.py:208} INFO - Processing /opt/airflow/dags/materi/branch_operator.py took 0.158 seconds
[2024-10-04T06:40:55.741+0000] {processor.py:186} INFO - Started process (PID=1222) to work on /opt/airflow/dags/materi/branch_operator.py
[2024-10-04T06:40:55.754+0000] {processor.py:914} INFO - Processing file /opt/airflow/dags/materi/branch_operator.py for tasks to queue
[2024-10-04T06:40:55.760+0000] {logging_mixin.py:190} INFO - [2024-10-04T06:40:55.760+0000] {dagbag.py:588} INFO - Filling up the DagBag from /opt/airflow/dags/materi/branch_operator.py
[2024-10-04T06:40:55.782+0000] {processor.py:925} INFO - DAG(s) 'branch_python_operator_example' retrieved from /opt/airflow/dags/materi/branch_operator.py
[2024-10-04T06:40:55.837+0000] {logging_mixin.py:190} INFO - [2024-10-04T06:40:55.836+0000] {dag.py:3239} INFO - Sync 1 DAGs
[2024-10-04T06:40:55.887+0000] {logging_mixin.py:190} INFO - [2024-10-04T06:40:55.886+0000] {dag.py:4180} INFO - Setting next_dagrun for branch_python_operator_example to 2024-10-03 00:00:00+00:00, run_after=2024-10-04 00:00:00+00:00
[2024-10-04T06:40:55.927+0000] {processor.py:208} INFO - Processing /opt/airflow/dags/materi/branch_operator.py took 0.199 seconds
[2024-10-04T06:41:26.049+0000] {processor.py:186} INFO - Started process (PID=1271) to work on /opt/airflow/dags/materi/branch_operator.py
[2024-10-04T06:41:26.051+0000] {processor.py:914} INFO - Processing file /opt/airflow/dags/materi/branch_operator.py for tasks to queue
[2024-10-04T06:41:26.054+0000] {logging_mixin.py:190} INFO - [2024-10-04T06:41:26.053+0000] {dagbag.py:588} INFO - Filling up the DagBag from /opt/airflow/dags/materi/branch_operator.py
[2024-10-04T06:41:26.066+0000] {processor.py:925} INFO - DAG(s) 'branch_python_operator_example' retrieved from /opt/airflow/dags/materi/branch_operator.py
[2024-10-04T06:41:26.106+0000] {logging_mixin.py:190} INFO - [2024-10-04T06:41:26.105+0000] {dag.py:3239} INFO - Sync 1 DAGs
[2024-10-04T06:41:26.140+0000] {logging_mixin.py:190} INFO - [2024-10-04T06:41:26.140+0000] {dag.py:4180} INFO - Setting next_dagrun for branch_python_operator_example to 2024-10-03 00:00:00+00:00, run_after=2024-10-04 00:00:00+00:00
[2024-10-04T06:41:26.165+0000] {processor.py:208} INFO - Processing /opt/airflow/dags/materi/branch_operator.py took 0.124 seconds
[2024-10-04T06:41:56.412+0000] {processor.py:186} INFO - Started process (PID=1320) to work on /opt/airflow/dags/materi/branch_operator.py
[2024-10-04T06:41:56.416+0000] {processor.py:914} INFO - Processing file /opt/airflow/dags/materi/branch_operator.py for tasks to queue
[2024-10-04T06:41:56.425+0000] {logging_mixin.py:190} INFO - [2024-10-04T06:41:56.424+0000] {dagbag.py:588} INFO - Filling up the DagBag from /opt/airflow/dags/materi/branch_operator.py
[2024-10-04T06:41:56.463+0000] {processor.py:925} INFO - DAG(s) 'branch_python_operator_example' retrieved from /opt/airflow/dags/materi/branch_operator.py
[2024-10-04T06:41:56.530+0000] {logging_mixin.py:190} INFO - [2024-10-04T06:41:56.529+0000] {dag.py:3239} INFO - Sync 1 DAGs
[2024-10-04T06:41:56.591+0000] {logging_mixin.py:190} INFO - [2024-10-04T06:41:56.591+0000] {dag.py:4180} INFO - Setting next_dagrun for branch_python_operator_example to 2024-10-03 00:00:00+00:00, run_after=2024-10-04 00:00:00+00:00
[2024-10-04T06:41:56.635+0000] {processor.py:208} INFO - Processing /opt/airflow/dags/materi/branch_operator.py took 0.243 seconds
[2024-10-04T06:42:27.488+0000] {processor.py:186} INFO - Started process (PID=1369) to work on /opt/airflow/dags/materi/branch_operator.py
[2024-10-04T06:42:27.489+0000] {processor.py:914} INFO - Processing file /opt/airflow/dags/materi/branch_operator.py for tasks to queue
[2024-10-04T06:42:27.493+0000] {logging_mixin.py:190} INFO - [2024-10-04T06:42:27.492+0000] {dagbag.py:588} INFO - Filling up the DagBag from /opt/airflow/dags/materi/branch_operator.py
[2024-10-04T06:42:27.506+0000] {processor.py:925} INFO - DAG(s) 'branch_python_operator_example' retrieved from /opt/airflow/dags/materi/branch_operator.py
[2024-10-04T06:42:27.552+0000] {logging_mixin.py:190} INFO - [2024-10-04T06:42:27.551+0000] {dag.py:3239} INFO - Sync 1 DAGs
[2024-10-04T06:42:27.589+0000] {logging_mixin.py:190} INFO - [2024-10-04T06:42:27.589+0000] {dag.py:4180} INFO - Setting next_dagrun for branch_python_operator_example to 2024-10-03 00:00:00+00:00, run_after=2024-10-04 00:00:00+00:00
[2024-10-04T06:42:27.614+0000] {processor.py:208} INFO - Processing /opt/airflow/dags/materi/branch_operator.py took 0.137 seconds
[2024-10-04T06:42:57.661+0000] {processor.py:186} INFO - Started process (PID=1418) to work on /opt/airflow/dags/materi/branch_operator.py
[2024-10-04T06:42:57.664+0000] {processor.py:914} INFO - Processing file /opt/airflow/dags/materi/branch_operator.py for tasks to queue
[2024-10-04T06:42:57.669+0000] {logging_mixin.py:190} INFO - [2024-10-04T06:42:57.668+0000] {dagbag.py:588} INFO - Filling up the DagBag from /opt/airflow/dags/materi/branch_operator.py
[2024-10-04T06:42:57.688+0000] {processor.py:925} INFO - DAG(s) 'branch_python_operator_example' retrieved from /opt/airflow/dags/materi/branch_operator.py
[2024-10-04T06:42:57.747+0000] {logging_mixin.py:190} INFO - [2024-10-04T06:42:57.744+0000] {dag.py:3239} INFO - Sync 1 DAGs
[2024-10-04T06:42:57.790+0000] {logging_mixin.py:190} INFO - [2024-10-04T06:42:57.790+0000] {dag.py:4180} INFO - Setting next_dagrun for branch_python_operator_example to 2024-10-03 00:00:00+00:00, run_after=2024-10-04 00:00:00+00:00
[2024-10-04T06:42:57.821+0000] {processor.py:208} INFO - Processing /opt/airflow/dags/materi/branch_operator.py took 0.169 seconds
[2024-10-04T06:43:27.994+0000] {processor.py:186} INFO - Started process (PID=1467) to work on /opt/airflow/dags/materi/branch_operator.py
[2024-10-04T06:43:27.996+0000] {processor.py:914} INFO - Processing file /opt/airflow/dags/materi/branch_operator.py for tasks to queue
[2024-10-04T06:43:28.000+0000] {logging_mixin.py:190} INFO - [2024-10-04T06:43:27.999+0000] {dagbag.py:588} INFO - Filling up the DagBag from /opt/airflow/dags/materi/branch_operator.py
[2024-10-04T06:43:28.019+0000] {processor.py:925} INFO - DAG(s) 'branch_python_operator_example' retrieved from /opt/airflow/dags/materi/branch_operator.py
[2024-10-04T06:43:28.061+0000] {logging_mixin.py:190} INFO - [2024-10-04T06:43:28.060+0000] {dag.py:3239} INFO - Sync 1 DAGs
[2024-10-04T06:43:28.098+0000] {logging_mixin.py:190} INFO - [2024-10-04T06:43:28.097+0000] {dag.py:4180} INFO - Setting next_dagrun for branch_python_operator_example to 2024-10-03 00:00:00+00:00, run_after=2024-10-04 00:00:00+00:00
[2024-10-04T06:43:28.125+0000] {processor.py:208} INFO - Processing /opt/airflow/dags/materi/branch_operator.py took 0.139 seconds
[2024-10-04T06:43:58.455+0000] {processor.py:186} INFO - Started process (PID=1516) to work on /opt/airflow/dags/materi/branch_operator.py
[2024-10-04T06:43:58.467+0000] {processor.py:914} INFO - Processing file /opt/airflow/dags/materi/branch_operator.py for tasks to queue
[2024-10-04T06:43:58.470+0000] {logging_mixin.py:190} INFO - [2024-10-04T06:43:58.470+0000] {dagbag.py:588} INFO - Filling up the DagBag from /opt/airflow/dags/materi/branch_operator.py
[2024-10-04T06:43:58.487+0000] {processor.py:925} INFO - DAG(s) 'branch_python_operator_example' retrieved from /opt/airflow/dags/materi/branch_operator.py
[2024-10-04T06:43:58.530+0000] {logging_mixin.py:190} INFO - [2024-10-04T06:43:58.530+0000] {dag.py:3239} INFO - Sync 1 DAGs
[2024-10-04T06:43:58.571+0000] {logging_mixin.py:190} INFO - [2024-10-04T06:43:58.571+0000] {dag.py:4180} INFO - Setting next_dagrun for branch_python_operator_example to 2024-10-03 00:00:00+00:00, run_after=2024-10-04 00:00:00+00:00
[2024-10-04T06:43:58.599+0000] {processor.py:208} INFO - Processing /opt/airflow/dags/materi/branch_operator.py took 0.154 seconds
[2024-10-04T06:44:28.815+0000] {processor.py:186} INFO - Started process (PID=1565) to work on /opt/airflow/dags/materi/branch_operator.py
[2024-10-04T06:44:28.829+0000] {processor.py:914} INFO - Processing file /opt/airflow/dags/materi/branch_operator.py for tasks to queue
[2024-10-04T06:44:28.834+0000] {logging_mixin.py:190} INFO - [2024-10-04T06:44:28.832+0000] {dagbag.py:588} INFO - Filling up the DagBag from /opt/airflow/dags/materi/branch_operator.py
[2024-10-04T06:44:28.858+0000] {processor.py:925} INFO - DAG(s) 'branch_python_operator_example' retrieved from /opt/airflow/dags/materi/branch_operator.py
[2024-10-04T06:44:28.936+0000] {logging_mixin.py:190} INFO - [2024-10-04T06:44:28.934+0000] {dag.py:3239} INFO - Sync 1 DAGs
[2024-10-04T06:44:29.003+0000] {logging_mixin.py:190} INFO - [2024-10-04T06:44:29.002+0000] {dag.py:4180} INFO - Setting next_dagrun for branch_python_operator_example to 2024-10-03 00:00:00+00:00, run_after=2024-10-04 00:00:00+00:00
[2024-10-04T06:44:29.050+0000] {processor.py:208} INFO - Processing /opt/airflow/dags/materi/branch_operator.py took 0.251 seconds
[2024-10-04T06:44:59.411+0000] {processor.py:186} INFO - Started process (PID=1614) to work on /opt/airflow/dags/materi/branch_operator.py
[2024-10-04T06:44:59.414+0000] {processor.py:914} INFO - Processing file /opt/airflow/dags/materi/branch_operator.py for tasks to queue
[2024-10-04T06:44:59.416+0000] {logging_mixin.py:190} INFO - [2024-10-04T06:44:59.416+0000] {dagbag.py:588} INFO - Filling up the DagBag from /opt/airflow/dags/materi/branch_operator.py
[2024-10-04T06:44:59.431+0000] {processor.py:925} INFO - DAG(s) 'branch_python_operator_example' retrieved from /opt/airflow/dags/materi/branch_operator.py
[2024-10-04T06:44:59.486+0000] {logging_mixin.py:190} INFO - [2024-10-04T06:44:59.486+0000] {dag.py:3239} INFO - Sync 1 DAGs
[2024-10-04T06:44:59.528+0000] {logging_mixin.py:190} INFO - [2024-10-04T06:44:59.528+0000] {dag.py:4180} INFO - Setting next_dagrun for branch_python_operator_example to 2024-10-03 00:00:00+00:00, run_after=2024-10-04 00:00:00+00:00
[2024-10-04T06:44:59.559+0000] {processor.py:208} INFO - Processing /opt/airflow/dags/materi/branch_operator.py took 0.154 seconds
[2024-10-04T06:45:29.628+0000] {processor.py:186} INFO - Started process (PID=1663) to work on /opt/airflow/dags/materi/branch_operator.py
[2024-10-04T06:45:29.642+0000] {processor.py:914} INFO - Processing file /opt/airflow/dags/materi/branch_operator.py for tasks to queue
[2024-10-04T06:45:29.649+0000] {logging_mixin.py:190} INFO - [2024-10-04T06:45:29.648+0000] {dagbag.py:588} INFO - Filling up the DagBag from /opt/airflow/dags/materi/branch_operator.py
[2024-10-04T06:45:29.680+0000] {processor.py:925} INFO - DAG(s) 'branch_python_operator_example' retrieved from /opt/airflow/dags/materi/branch_operator.py
[2024-10-04T06:45:29.741+0000] {logging_mixin.py:190} INFO - [2024-10-04T06:45:29.740+0000] {dag.py:3239} INFO - Sync 1 DAGs
[2024-10-04T06:45:29.800+0000] {logging_mixin.py:190} INFO - [2024-10-04T06:45:29.800+0000] {dag.py:4180} INFO - Setting next_dagrun for branch_python_operator_example to 2024-10-03 00:00:00+00:00, run_after=2024-10-04 00:00:00+00:00
[2024-10-04T06:45:29.839+0000] {processor.py:208} INFO - Processing /opt/airflow/dags/materi/branch_operator.py took 0.228 seconds
[2024-10-04T06:46:42.745+0000] {processor.py:186} INFO - Started process (PID=211) to work on /opt/airflow/dags/materi/branch_operator.py
[2024-10-04T06:46:42.747+0000] {processor.py:914} INFO - Processing file /opt/airflow/dags/materi/branch_operator.py for tasks to queue
[2024-10-04T06:46:42.753+0000] {logging_mixin.py:190} INFO - [2024-10-04T06:46:42.752+0000] {dagbag.py:588} INFO - Filling up the DagBag from /opt/airflow/dags/materi/branch_operator.py
[2024-10-04T06:46:42.776+0000] {processor.py:925} INFO - DAG(s) 'branch_python_operator_example' retrieved from /opt/airflow/dags/materi/branch_operator.py
[2024-10-04T06:46:42.838+0000] {logging_mixin.py:190} INFO - [2024-10-04T06:46:42.837+0000] {dag.py:3239} INFO - Sync 1 DAGs
[2024-10-04T06:46:42.893+0000] {logging_mixin.py:190} INFO - [2024-10-04T06:46:42.892+0000] {dag.py:4180} INFO - Setting next_dagrun for branch_python_operator_example to 2024-10-03 00:00:00+00:00, run_after=2024-10-04 00:00:00+00:00
[2024-10-04T06:46:42.927+0000] {processor.py:208} INFO - Processing /opt/airflow/dags/materi/branch_operator.py took 0.195 seconds
[2024-10-04T06:47:13.462+0000] {processor.py:186} INFO - Started process (PID=278) to work on /opt/airflow/dags/materi/branch_operator.py
[2024-10-04T06:47:13.464+0000] {processor.py:914} INFO - Processing file /opt/airflow/dags/materi/branch_operator.py for tasks to queue
[2024-10-04T06:47:13.468+0000] {logging_mixin.py:190} INFO - [2024-10-04T06:47:13.467+0000] {dagbag.py:588} INFO - Filling up the DagBag from /opt/airflow/dags/materi/branch_operator.py
[2024-10-04T06:47:13.489+0000] {processor.py:925} INFO - DAG(s) 'branch_python_operator_example' retrieved from /opt/airflow/dags/materi/branch_operator.py
[2024-10-04T06:47:13.541+0000] {logging_mixin.py:190} INFO - [2024-10-04T06:47:13.536+0000] {dag.py:3239} INFO - Sync 1 DAGs
[2024-10-04T06:47:13.581+0000] {logging_mixin.py:190} INFO - [2024-10-04T06:47:13.580+0000] {dag.py:4180} INFO - Setting next_dagrun for branch_python_operator_example to 2024-10-03 00:00:00+00:00, run_after=2024-10-04 00:00:00+00:00
[2024-10-04T06:47:13.622+0000] {processor.py:208} INFO - Processing /opt/airflow/dags/materi/branch_operator.py took 0.174 seconds
[2024-10-04T06:47:45.053+0000] {processor.py:186} INFO - Started process (PID=451) to work on /opt/airflow/dags/materi/branch_operator.py
[2024-10-04T06:47:45.060+0000] {processor.py:914} INFO - Processing file /opt/airflow/dags/materi/branch_operator.py for tasks to queue
[2024-10-04T06:47:45.078+0000] {logging_mixin.py:190} INFO - [2024-10-04T06:47:45.077+0000] {dagbag.py:588} INFO - Filling up the DagBag from /opt/airflow/dags/materi/branch_operator.py
[2024-10-04T06:47:45.178+0000] {processor.py:925} INFO - DAG(s) 'branch_python_operator_example' retrieved from /opt/airflow/dags/materi/branch_operator.py
[2024-10-04T06:47:45.309+0000] {logging_mixin.py:190} INFO - [2024-10-04T06:47:45.307+0000] {dag.py:3239} INFO - Sync 1 DAGs
[2024-10-04T06:47:45.418+0000] {logging_mixin.py:190} INFO - [2024-10-04T06:47:45.418+0000] {dag.py:4180} INFO - Setting next_dagrun for branch_python_operator_example to 2024-10-03 00:00:00+00:00, run_after=2024-10-04 00:00:00+00:00
[2024-10-04T06:47:45.490+0000] {processor.py:208} INFO - Processing /opt/airflow/dags/materi/branch_operator.py took 0.482 seconds
[2024-10-04T06:48:16.277+0000] {processor.py:186} INFO - Started process (PID=598) to work on /opt/airflow/dags/materi/branch_operator.py
[2024-10-04T06:48:16.278+0000] {processor.py:914} INFO - Processing file /opt/airflow/dags/materi/branch_operator.py for tasks to queue
[2024-10-04T06:48:16.283+0000] {logging_mixin.py:190} INFO - [2024-10-04T06:48:16.282+0000] {dagbag.py:588} INFO - Filling up the DagBag from /opt/airflow/dags/materi/branch_operator.py
[2024-10-04T06:48:16.300+0000] {processor.py:925} INFO - DAG(s) 'branch_python_operator_example' retrieved from /opt/airflow/dags/materi/branch_operator.py
[2024-10-04T06:48:16.365+0000] {logging_mixin.py:190} INFO - [2024-10-04T06:48:16.365+0000] {dag.py:3239} INFO - Sync 1 DAGs
[2024-10-04T06:48:16.405+0000] {logging_mixin.py:190} INFO - [2024-10-04T06:48:16.404+0000] {dag.py:4180} INFO - Setting next_dagrun for branch_python_operator_example to 2024-10-03 00:00:00+00:00, run_after=2024-10-04 00:00:00+00:00
[2024-10-04T06:48:16.438+0000] {processor.py:208} INFO - Processing /opt/airflow/dags/materi/branch_operator.py took 0.173 seconds
[2024-10-04T06:48:46.632+0000] {processor.py:186} INFO - Started process (PID=644) to work on /opt/airflow/dags/materi/branch_operator.py
[2024-10-04T06:48:46.635+0000] {processor.py:914} INFO - Processing file /opt/airflow/dags/materi/branch_operator.py for tasks to queue
[2024-10-04T06:48:46.639+0000] {logging_mixin.py:190} INFO - [2024-10-04T06:48:46.638+0000] {dagbag.py:588} INFO - Filling up the DagBag from /opt/airflow/dags/materi/branch_operator.py
[2024-10-04T06:48:46.663+0000] {processor.py:925} INFO - DAG(s) 'branch_python_operator_example' retrieved from /opt/airflow/dags/materi/branch_operator.py
[2024-10-04T06:48:46.728+0000] {logging_mixin.py:190} INFO - [2024-10-04T06:48:46.727+0000] {dag.py:3239} INFO - Sync 1 DAGs
[2024-10-04T06:48:46.766+0000] {logging_mixin.py:190} INFO - [2024-10-04T06:48:46.766+0000] {dag.py:4180} INFO - Setting next_dagrun for branch_python_operator_example to 2024-10-03 00:00:00+00:00, run_after=2024-10-04 00:00:00+00:00
[2024-10-04T06:48:46.800+0000] {processor.py:208} INFO - Processing /opt/airflow/dags/materi/branch_operator.py took 0.179 seconds
[2024-10-04T06:49:17.145+0000] {processor.py:186} INFO - Started process (PID=693) to work on /opt/airflow/dags/materi/branch_operator.py
[2024-10-04T06:49:17.148+0000] {processor.py:914} INFO - Processing file /opt/airflow/dags/materi/branch_operator.py for tasks to queue
[2024-10-04T06:49:17.155+0000] {logging_mixin.py:190} INFO - [2024-10-04T06:49:17.154+0000] {dagbag.py:588} INFO - Filling up the DagBag from /opt/airflow/dags/materi/branch_operator.py
[2024-10-04T06:49:17.177+0000] {processor.py:925} INFO - DAG(s) 'branch_python_operator_example' retrieved from /opt/airflow/dags/materi/branch_operator.py
[2024-10-04T06:49:17.226+0000] {logging_mixin.py:190} INFO - [2024-10-04T06:49:17.225+0000] {dag.py:3239} INFO - Sync 1 DAGs
[2024-10-04T06:49:17.267+0000] {logging_mixin.py:190} INFO - [2024-10-04T06:49:17.267+0000] {dag.py:4180} INFO - Setting next_dagrun for branch_python_operator_example to 2024-10-03 00:00:00+00:00, run_after=2024-10-04 00:00:00+00:00
[2024-10-04T06:49:17.300+0000] {processor.py:208} INFO - Processing /opt/airflow/dags/materi/branch_operator.py took 0.173 seconds
[2024-10-04T06:49:47.912+0000] {processor.py:186} INFO - Started process (PID=740) to work on /opt/airflow/dags/materi/branch_operator.py
[2024-10-04T06:49:47.914+0000] {processor.py:914} INFO - Processing file /opt/airflow/dags/materi/branch_operator.py for tasks to queue
[2024-10-04T06:49:47.917+0000] {logging_mixin.py:190} INFO - [2024-10-04T06:49:47.917+0000] {dagbag.py:588} INFO - Filling up the DagBag from /opt/airflow/dags/materi/branch_operator.py
[2024-10-04T06:49:47.936+0000] {processor.py:925} INFO - DAG(s) 'branch_python_operator_example' retrieved from /opt/airflow/dags/materi/branch_operator.py
[2024-10-04T06:49:47.999+0000] {logging_mixin.py:190} INFO - [2024-10-04T06:49:47.999+0000] {dag.py:3239} INFO - Sync 1 DAGs
[2024-10-04T06:49:48.054+0000] {logging_mixin.py:190} INFO - [2024-10-04T06:49:48.053+0000] {dag.py:4180} INFO - Setting next_dagrun for branch_python_operator_example to 2024-10-03 00:00:00+00:00, run_after=2024-10-04 00:00:00+00:00
[2024-10-04T06:49:48.100+0000] {processor.py:208} INFO - Processing /opt/airflow/dags/materi/branch_operator.py took 0.200 seconds
[2024-10-04T06:50:18.390+0000] {processor.py:186} INFO - Started process (PID=796) to work on /opt/airflow/dags/materi/branch_operator.py
[2024-10-04T06:50:18.392+0000] {processor.py:914} INFO - Processing file /opt/airflow/dags/materi/branch_operator.py for tasks to queue
[2024-10-04T06:50:18.395+0000] {logging_mixin.py:190} INFO - [2024-10-04T06:50:18.395+0000] {dagbag.py:588} INFO - Filling up the DagBag from /opt/airflow/dags/materi/branch_operator.py
[2024-10-04T06:50:18.413+0000] {processor.py:925} INFO - DAG(s) 'branch_python_operator_example' retrieved from /opt/airflow/dags/materi/branch_operator.py
[2024-10-04T06:50:18.468+0000] {logging_mixin.py:190} INFO - [2024-10-04T06:50:18.467+0000] {dag.py:3239} INFO - Sync 1 DAGs
[2024-10-04T06:50:18.521+0000] {logging_mixin.py:190} INFO - [2024-10-04T06:50:18.520+0000] {dag.py:4180} INFO - Setting next_dagrun for branch_python_operator_example to 2024-10-03 00:00:00+00:00, run_after=2024-10-04 00:00:00+00:00
[2024-10-04T06:50:18.560+0000] {processor.py:208} INFO - Processing /opt/airflow/dags/materi/branch_operator.py took 0.180 seconds
[2024-10-04T06:50:48.724+0000] {processor.py:186} INFO - Started process (PID=842) to work on /opt/airflow/dags/materi/branch_operator.py
[2024-10-04T06:50:48.727+0000] {processor.py:914} INFO - Processing file /opt/airflow/dags/materi/branch_operator.py for tasks to queue
[2024-10-04T06:50:48.740+0000] {logging_mixin.py:190} INFO - [2024-10-04T06:50:48.739+0000] {dagbag.py:588} INFO - Filling up the DagBag from /opt/airflow/dags/materi/branch_operator.py
[2024-10-04T06:50:48.800+0000] {processor.py:925} INFO - DAG(s) 'branch_python_operator_example' retrieved from /opt/airflow/dags/materi/branch_operator.py
[2024-10-04T06:50:48.873+0000] {logging_mixin.py:190} INFO - [2024-10-04T06:50:48.872+0000] {dag.py:3239} INFO - Sync 1 DAGs
[2024-10-04T06:50:48.915+0000] {logging_mixin.py:190} INFO - [2024-10-04T06:50:48.914+0000] {dag.py:4180} INFO - Setting next_dagrun for branch_python_operator_example to 2024-10-03 00:00:00+00:00, run_after=2024-10-04 00:00:00+00:00
[2024-10-04T06:50:48.955+0000] {processor.py:208} INFO - Processing /opt/airflow/dags/materi/branch_operator.py took 0.268 seconds
[2024-10-04T06:51:19.735+0000] {processor.py:186} INFO - Started process (PID=894) to work on /opt/airflow/dags/materi/branch_operator.py
[2024-10-04T06:51:19.737+0000] {processor.py:914} INFO - Processing file /opt/airflow/dags/materi/branch_operator.py for tasks to queue
[2024-10-04T06:51:19.747+0000] {logging_mixin.py:190} INFO - [2024-10-04T06:51:19.746+0000] {dagbag.py:588} INFO - Filling up the DagBag from /opt/airflow/dags/materi/branch_operator.py
[2024-10-04T06:51:19.767+0000] {processor.py:925} INFO - DAG(s) 'branch_python_operator_example' retrieved from /opt/airflow/dags/materi/branch_operator.py
[2024-10-04T06:51:19.851+0000] {logging_mixin.py:190} INFO - [2024-10-04T06:51:19.850+0000] {dag.py:3239} INFO - Sync 1 DAGs
[2024-10-04T06:51:19.913+0000] {logging_mixin.py:190} INFO - [2024-10-04T06:51:19.913+0000] {dag.py:4180} INFO - Setting next_dagrun for branch_python_operator_example to 2024-10-03 00:00:00+00:00, run_after=2024-10-04 00:00:00+00:00
[2024-10-04T06:51:19.949+0000] {processor.py:208} INFO - Processing /opt/airflow/dags/materi/branch_operator.py took 0.232 seconds
[2024-10-04T06:51:50.107+0000] {processor.py:186} INFO - Started process (PID=940) to work on /opt/airflow/dags/materi/branch_operator.py
[2024-10-04T06:51:50.119+0000] {processor.py:914} INFO - Processing file /opt/airflow/dags/materi/branch_operator.py for tasks to queue
[2024-10-04T06:51:50.122+0000] {logging_mixin.py:190} INFO - [2024-10-04T06:51:50.122+0000] {dagbag.py:588} INFO - Filling up the DagBag from /opt/airflow/dags/materi/branch_operator.py
[2024-10-04T06:51:50.136+0000] {processor.py:925} INFO - DAG(s) 'branch_python_operator_example' retrieved from /opt/airflow/dags/materi/branch_operator.py
[2024-10-04T06:51:50.184+0000] {logging_mixin.py:190} INFO - [2024-10-04T06:51:50.183+0000] {dag.py:3239} INFO - Sync 1 DAGs
[2024-10-04T06:51:50.232+0000] {logging_mixin.py:190} INFO - [2024-10-04T06:51:50.232+0000] {dag.py:4180} INFO - Setting next_dagrun for branch_python_operator_example to 2024-10-03 00:00:00+00:00, run_after=2024-10-04 00:00:00+00:00
[2024-10-04T06:51:50.258+0000] {processor.py:208} INFO - Processing /opt/airflow/dags/materi/branch_operator.py took 0.160 seconds
[2024-10-04T06:52:20.299+0000] {processor.py:186} INFO - Started process (PID=989) to work on /opt/airflow/dags/materi/branch_operator.py
[2024-10-04T06:52:20.312+0000] {processor.py:914} INFO - Processing file /opt/airflow/dags/materi/branch_operator.py for tasks to queue
[2024-10-04T06:52:20.314+0000] {logging_mixin.py:190} INFO - [2024-10-04T06:52:20.314+0000] {dagbag.py:588} INFO - Filling up the DagBag from /opt/airflow/dags/materi/branch_operator.py
[2024-10-04T06:52:20.327+0000] {processor.py:925} INFO - DAG(s) 'branch_python_operator_example' retrieved from /opt/airflow/dags/materi/branch_operator.py
[2024-10-04T06:52:20.364+0000] {logging_mixin.py:190} INFO - [2024-10-04T06:52:20.364+0000] {dag.py:3239} INFO - Sync 1 DAGs
[2024-10-04T06:52:20.399+0000] {logging_mixin.py:190} INFO - [2024-10-04T06:52:20.398+0000] {dag.py:4180} INFO - Setting next_dagrun for branch_python_operator_example to 2024-10-03 00:00:00+00:00, run_after=2024-10-04 00:00:00+00:00
[2024-10-04T06:52:20.429+0000] {processor.py:208} INFO - Processing /opt/airflow/dags/materi/branch_operator.py took 0.139 seconds
[2024-10-04T06:52:50.535+0000] {processor.py:186} INFO - Started process (PID=1180) to work on /opt/airflow/dags/materi/branch_operator.py
[2024-10-04T06:52:50.538+0000] {processor.py:914} INFO - Processing file /opt/airflow/dags/materi/branch_operator.py for tasks to queue
[2024-10-04T06:52:50.546+0000] {logging_mixin.py:190} INFO - [2024-10-04T06:52:50.545+0000] {dagbag.py:588} INFO - Filling up the DagBag from /opt/airflow/dags/materi/branch_operator.py
[2024-10-04T06:52:50.577+0000] {processor.py:925} INFO - DAG(s) 'branch_python_operator_example' retrieved from /opt/airflow/dags/materi/branch_operator.py
[2024-10-04T06:52:50.667+0000] {logging_mixin.py:190} INFO - [2024-10-04T06:52:50.666+0000] {dag.py:3239} INFO - Sync 1 DAGs
[2024-10-04T06:52:50.779+0000] {logging_mixin.py:190} INFO - [2024-10-04T06:52:50.778+0000] {dag.py:4180} INFO - Setting next_dagrun for branch_python_operator_example to 2024-10-03 00:00:00+00:00, run_after=2024-10-04 00:00:00+00:00
[2024-10-04T06:52:50.849+0000] {processor.py:208} INFO - Processing /opt/airflow/dags/materi/branch_operator.py took 0.332 seconds
[2024-10-04T06:53:21.041+0000] {processor.py:186} INFO - Started process (PID=1321) to work on /opt/airflow/dags/materi/branch_operator.py
[2024-10-04T06:53:21.053+0000] {processor.py:914} INFO - Processing file /opt/airflow/dags/materi/branch_operator.py for tasks to queue
[2024-10-04T06:53:21.056+0000] {logging_mixin.py:190} INFO - [2024-10-04T06:53:21.055+0000] {dagbag.py:588} INFO - Filling up the DagBag from /opt/airflow/dags/materi/branch_operator.py
[2024-10-04T06:53:21.071+0000] {processor.py:925} INFO - DAG(s) 'branch_python_operator_example' retrieved from /opt/airflow/dags/materi/branch_operator.py
[2024-10-04T06:53:21.117+0000] {logging_mixin.py:190} INFO - [2024-10-04T06:53:21.116+0000] {dag.py:3239} INFO - Sync 1 DAGs
[2024-10-04T06:53:21.167+0000] {logging_mixin.py:190} INFO - [2024-10-04T06:53:21.167+0000] {dag.py:4180} INFO - Setting next_dagrun for branch_python_operator_example to 2024-10-03 00:00:00+00:00, run_after=2024-10-04 00:00:00+00:00
[2024-10-04T06:53:21.196+0000] {processor.py:208} INFO - Processing /opt/airflow/dags/materi/branch_operator.py took 0.163 seconds
[2024-10-04T06:53:51.359+0000] {processor.py:186} INFO - Started process (PID=1370) to work on /opt/airflow/dags/materi/branch_operator.py
[2024-10-04T06:53:51.373+0000] {processor.py:914} INFO - Processing file /opt/airflow/dags/materi/branch_operator.py for tasks to queue
[2024-10-04T06:53:51.380+0000] {logging_mixin.py:190} INFO - [2024-10-04T06:53:51.379+0000] {dagbag.py:588} INFO - Filling up the DagBag from /opt/airflow/dags/materi/branch_operator.py
[2024-10-04T06:53:51.415+0000] {processor.py:925} INFO - DAG(s) 'branch_python_operator_example' retrieved from /opt/airflow/dags/materi/branch_operator.py
[2024-10-04T06:53:51.597+0000] {logging_mixin.py:190} INFO - [2024-10-04T06:53:51.595+0000] {dag.py:3239} INFO - Sync 1 DAGs
[2024-10-04T06:53:51.669+0000] {logging_mixin.py:190} INFO - [2024-10-04T06:53:51.669+0000] {dag.py:4180} INFO - Setting next_dagrun for branch_python_operator_example to 2024-10-03 00:00:00+00:00, run_after=2024-10-04 00:00:00+00:00
[2024-10-04T06:53:51.715+0000] {processor.py:208} INFO - Processing /opt/airflow/dags/materi/branch_operator.py took 0.380 seconds
[2024-10-04T06:54:21.884+0000] {processor.py:186} INFO - Started process (PID=1419) to work on /opt/airflow/dags/materi/branch_operator.py
[2024-10-04T06:54:21.897+0000] {processor.py:914} INFO - Processing file /opt/airflow/dags/materi/branch_operator.py for tasks to queue
[2024-10-04T06:54:21.899+0000] {logging_mixin.py:190} INFO - [2024-10-04T06:54:21.899+0000] {dagbag.py:588} INFO - Filling up the DagBag from /opt/airflow/dags/materi/branch_operator.py
[2024-10-04T06:54:21.912+0000] {processor.py:925} INFO - DAG(s) 'branch_python_operator_example' retrieved from /opt/airflow/dags/materi/branch_operator.py
[2024-10-04T06:54:21.954+0000] {logging_mixin.py:190} INFO - [2024-10-04T06:54:21.954+0000] {dag.py:3239} INFO - Sync 1 DAGs
[2024-10-04T06:54:21.994+0000] {logging_mixin.py:190} INFO - [2024-10-04T06:54:21.994+0000] {dag.py:4180} INFO - Setting next_dagrun for branch_python_operator_example to 2024-10-03 00:00:00+00:00, run_after=2024-10-04 00:00:00+00:00
[2024-10-04T06:54:22.024+0000] {processor.py:208} INFO - Processing /opt/airflow/dags/materi/branch_operator.py took 0.148 seconds
[2024-10-04T06:54:52.888+0000] {processor.py:186} INFO - Started process (PID=1475) to work on /opt/airflow/dags/materi/branch_operator.py
[2024-10-04T06:54:52.890+0000] {processor.py:914} INFO - Processing file /opt/airflow/dags/materi/branch_operator.py for tasks to queue
[2024-10-04T06:54:52.893+0000] {logging_mixin.py:190} INFO - [2024-10-04T06:54:52.893+0000] {dagbag.py:588} INFO - Filling up the DagBag from /opt/airflow/dags/materi/branch_operator.py
[2024-10-04T06:54:52.906+0000] {processor.py:925} INFO - DAG(s) 'branch_python_operator_example' retrieved from /opt/airflow/dags/materi/branch_operator.py
[2024-10-04T06:54:52.958+0000] {logging_mixin.py:190} INFO - [2024-10-04T06:54:52.957+0000] {dag.py:3239} INFO - Sync 1 DAGs
[2024-10-04T06:54:52.996+0000] {logging_mixin.py:190} INFO - [2024-10-04T06:54:52.996+0000] {dag.py:4180} INFO - Setting next_dagrun for branch_python_operator_example to 2024-10-03 00:00:00+00:00, run_after=2024-10-04 00:00:00+00:00
[2024-10-04T06:54:53.023+0000] {processor.py:208} INFO - Processing /opt/airflow/dags/materi/branch_operator.py took 0.142 seconds
[2024-10-04T06:55:23.736+0000] {processor.py:186} INFO - Started process (PID=1526) to work on /opt/airflow/dags/materi/branch_operator.py
[2024-10-04T06:55:23.738+0000] {processor.py:914} INFO - Processing file /opt/airflow/dags/materi/branch_operator.py for tasks to queue
[2024-10-04T06:55:23.742+0000] {logging_mixin.py:190} INFO - [2024-10-04T06:55:23.741+0000] {dagbag.py:588} INFO - Filling up the DagBag from /opt/airflow/dags/materi/branch_operator.py
[2024-10-04T06:55:23.754+0000] {processor.py:925} INFO - DAG(s) 'branch_python_operator_example' retrieved from /opt/airflow/dags/materi/branch_operator.py
[2024-10-04T06:55:23.793+0000] {logging_mixin.py:190} INFO - [2024-10-04T06:55:23.793+0000] {dag.py:3239} INFO - Sync 1 DAGs
[2024-10-04T06:55:23.829+0000] {logging_mixin.py:190} INFO - [2024-10-04T06:55:23.828+0000] {dag.py:4180} INFO - Setting next_dagrun for branch_python_operator_example to 2024-10-03 00:00:00+00:00, run_after=2024-10-04 00:00:00+00:00
[2024-10-04T06:55:23.859+0000] {processor.py:208} INFO - Processing /opt/airflow/dags/materi/branch_operator.py took 0.131 seconds
[2024-10-04T06:55:54.359+0000] {processor.py:186} INFO - Started process (PID=1575) to work on /opt/airflow/dags/materi/branch_operator.py
[2024-10-04T06:55:54.371+0000] {processor.py:914} INFO - Processing file /opt/airflow/dags/materi/branch_operator.py for tasks to queue
[2024-10-04T06:55:54.374+0000] {logging_mixin.py:190} INFO - [2024-10-04T06:55:54.374+0000] {dagbag.py:588} INFO - Filling up the DagBag from /opt/airflow/dags/materi/branch_operator.py
[2024-10-04T06:55:54.387+0000] {processor.py:925} INFO - DAG(s) 'branch_python_operator_example' retrieved from /opt/airflow/dags/materi/branch_operator.py
[2024-10-04T06:55:54.433+0000] {logging_mixin.py:190} INFO - [2024-10-04T06:55:54.432+0000] {dag.py:3239} INFO - Sync 1 DAGs
[2024-10-04T06:55:54.489+0000] {logging_mixin.py:190} INFO - [2024-10-04T06:55:54.489+0000] {dag.py:4180} INFO - Setting next_dagrun for branch_python_operator_example to 2024-10-03 00:00:00+00:00, run_after=2024-10-04 00:00:00+00:00
[2024-10-04T06:55:54.517+0000] {processor.py:208} INFO - Processing /opt/airflow/dags/materi/branch_operator.py took 0.167 seconds
[2024-10-04T06:56:24.614+0000] {processor.py:186} INFO - Started process (PID=1630) to work on /opt/airflow/dags/materi/branch_operator.py
[2024-10-04T06:56:24.616+0000] {processor.py:914} INFO - Processing file /opt/airflow/dags/materi/branch_operator.py for tasks to queue
[2024-10-04T06:56:24.622+0000] {logging_mixin.py:190} INFO - [2024-10-04T06:56:24.621+0000] {dagbag.py:588} INFO - Filling up the DagBag from /opt/airflow/dags/materi/branch_operator.py
[2024-10-04T06:56:24.643+0000] {processor.py:925} INFO - DAG(s) 'branch_python_operator_example' retrieved from /opt/airflow/dags/materi/branch_operator.py
[2024-10-04T06:56:24.705+0000] {logging_mixin.py:190} INFO - [2024-10-04T06:56:24.704+0000] {dag.py:3239} INFO - Sync 1 DAGs
[2024-10-04T06:56:24.735+0000] {logging_mixin.py:190} INFO - [2024-10-04T06:56:24.735+0000] {dag.py:4180} INFO - Setting next_dagrun for branch_python_operator_example to 2024-10-03 00:00:00+00:00, run_after=2024-10-04 00:00:00+00:00
[2024-10-04T06:56:24.762+0000] {processor.py:208} INFO - Processing /opt/airflow/dags/materi/branch_operator.py took 0.155 seconds
[2024-10-04T06:56:55.121+0000] {processor.py:186} INFO - Started process (PID=1831) to work on /opt/airflow/dags/materi/branch_operator.py
[2024-10-04T06:56:55.125+0000] {processor.py:914} INFO - Processing file /opt/airflow/dags/materi/branch_operator.py for tasks to queue
[2024-10-04T06:56:55.134+0000] {logging_mixin.py:190} INFO - [2024-10-04T06:56:55.132+0000] {dagbag.py:588} INFO - Filling up the DagBag from /opt/airflow/dags/materi/branch_operator.py
[2024-10-04T06:56:55.172+0000] {processor.py:925} INFO - DAG(s) 'branch_python_operator_example' retrieved from /opt/airflow/dags/materi/branch_operator.py
[2024-10-04T06:56:55.256+0000] {logging_mixin.py:190} INFO - [2024-10-04T06:56:55.255+0000] {dag.py:3239} INFO - Sync 1 DAGs
[2024-10-04T06:56:55.340+0000] {logging_mixin.py:190} INFO - [2024-10-04T06:56:55.340+0000] {dag.py:4180} INFO - Setting next_dagrun for branch_python_operator_example to 2024-10-03 00:00:00+00:00, run_after=2024-10-04 00:00:00+00:00
[2024-10-04T06:56:55.394+0000] {processor.py:208} INFO - Processing /opt/airflow/dags/materi/branch_operator.py took 0.293 seconds
[2024-10-04T06:57:26.281+0000] {processor.py:186} INFO - Started process (PID=2030) to work on /opt/airflow/dags/materi/branch_operator.py
[2024-10-04T06:57:26.300+0000] {processor.py:914} INFO - Processing file /opt/airflow/dags/materi/branch_operator.py for tasks to queue
[2024-10-04T06:57:26.304+0000] {logging_mixin.py:190} INFO - [2024-10-04T06:57:26.303+0000] {dagbag.py:588} INFO - Filling up the DagBag from /opt/airflow/dags/materi/branch_operator.py
[2024-10-04T06:57:26.318+0000] {processor.py:925} INFO - DAG(s) 'branch_python_operator_example' retrieved from /opt/airflow/dags/materi/branch_operator.py
[2024-10-04T06:57:26.358+0000] {logging_mixin.py:190} INFO - [2024-10-04T06:57:26.357+0000] {dag.py:3239} INFO - Sync 1 DAGs
[2024-10-04T06:57:26.394+0000] {logging_mixin.py:190} INFO - [2024-10-04T06:57:26.394+0000] {dag.py:4180} INFO - Setting next_dagrun for branch_python_operator_example to 2024-10-03 00:00:00+00:00, run_after=2024-10-04 00:00:00+00:00
[2024-10-04T06:57:26.428+0000] {processor.py:208} INFO - Processing /opt/airflow/dags/materi/branch_operator.py took 0.155 seconds
[2024-10-04T06:57:57.229+0000] {processor.py:186} INFO - Started process (PID=2079) to work on /opt/airflow/dags/materi/branch_operator.py
[2024-10-04T06:57:57.242+0000] {processor.py:914} INFO - Processing file /opt/airflow/dags/materi/branch_operator.py for tasks to queue
[2024-10-04T06:57:57.246+0000] {logging_mixin.py:190} INFO - [2024-10-04T06:57:57.245+0000] {dagbag.py:588} INFO - Filling up the DagBag from /opt/airflow/dags/materi/branch_operator.py
[2024-10-04T06:57:57.264+0000] {processor.py:925} INFO - DAG(s) 'branch_python_operator_example' retrieved from /opt/airflow/dags/materi/branch_operator.py
[2024-10-04T06:57:57.306+0000] {logging_mixin.py:190} INFO - [2024-10-04T06:57:57.306+0000] {dag.py:3239} INFO - Sync 1 DAGs
[2024-10-04T06:57:57.342+0000] {logging_mixin.py:190} INFO - [2024-10-04T06:57:57.342+0000] {dag.py:4180} INFO - Setting next_dagrun for branch_python_operator_example to 2024-10-03 00:00:00+00:00, run_after=2024-10-04 00:00:00+00:00
[2024-10-04T06:57:57.367+0000] {processor.py:208} INFO - Processing /opt/airflow/dags/materi/branch_operator.py took 0.146 seconds
[2024-10-04T06:58:28.283+0000] {processor.py:186} INFO - Started process (PID=2128) to work on /opt/airflow/dags/materi/branch_operator.py
[2024-10-04T06:58:28.286+0000] {processor.py:914} INFO - Processing file /opt/airflow/dags/materi/branch_operator.py for tasks to queue
[2024-10-04T06:58:28.294+0000] {logging_mixin.py:190} INFO - [2024-10-04T06:58:28.293+0000] {dagbag.py:588} INFO - Filling up the DagBag from /opt/airflow/dags/materi/branch_operator.py
[2024-10-04T06:58:28.329+0000] {processor.py:925} INFO - DAG(s) 'branch_python_operator_example' retrieved from /opt/airflow/dags/materi/branch_operator.py
[2024-10-04T06:58:28.403+0000] {logging_mixin.py:190} INFO - [2024-10-04T06:58:28.402+0000] {dag.py:3239} INFO - Sync 1 DAGs
[2024-10-04T06:58:28.463+0000] {logging_mixin.py:190} INFO - [2024-10-04T06:58:28.463+0000] {dag.py:4180} INFO - Setting next_dagrun for branch_python_operator_example to 2024-10-03 00:00:00+00:00, run_after=2024-10-04 00:00:00+00:00
[2024-10-04T06:58:28.499+0000] {processor.py:208} INFO - Processing /opt/airflow/dags/materi/branch_operator.py took 0.235 seconds
