[2024-09-25T11:02:32.650+0000] {local_task_job_runner.py:123} INFO - ::group::Pre task execution logs
[2024-09-25T11:02:32.674+0000] {taskinstance.py:2612} INFO - Dependencies all met for dep_context=non-requeueable deps ti=<TaskInstance: etl_pipeline.pipeline.staging.dellstore_db.load.inventory manual__2024-09-25T11:02:00.229060+00:00 [queued]>
[2024-09-25T11:02:32.689+0000] {taskinstance.py:2612} INFO - Dependencies all met for dep_context=requeueable deps ti=<TaskInstance: etl_pipeline.pipeline.staging.dellstore_db.load.inventory manual__2024-09-25T11:02:00.229060+00:00 [queued]>
[2024-09-25T11:02:32.689+0000] {taskinstance.py:2865} INFO - Starting attempt 1 of 1
[2024-09-25T11:02:32.709+0000] {taskinstance.py:2888} INFO - Executing <Task(PythonOperator): pipeline.staging.dellstore_db.load.inventory> on 2024-09-25 11:02:00.229060+00:00
[2024-09-25T11:02:32.718+0000] {warnings.py:112} WARNING - /home/***/.local/lib/python3.12/site-packages/***/task/task_runner/standard_task_runner.py:70: DeprecationWarning: This process (pid=309) is multi-threaded, use of fork() may lead to deadlocks in the child.
  pid = os.fork()

[2024-09-25T11:02:32.720+0000] {standard_task_runner.py:72} INFO - Started process 311 to run task
[2024-09-25T11:02:32.721+0000] {standard_task_runner.py:104} INFO - Running: ['***', 'tasks', 'run', 'etl_pipeline', 'pipeline.staging.dellstore_db.load.inventory', 'manual__2024-09-25T11:02:00.229060+00:00', '--job-id', '103', '--raw', '--subdir', 'DAGS_FOLDER/etl_pipeline/run.py', '--cfg-path', '/tmp/tmp67yy5xle']
[2024-09-25T11:02:32.725+0000] {standard_task_runner.py:105} INFO - Job 103: Subtask pipeline.staging.dellstore_db.load.inventory
[2024-09-25T11:02:32.803+0000] {task_command.py:467} INFO - Running <TaskInstance: etl_pipeline.pipeline.staging.dellstore_db.load.inventory manual__2024-09-25T11:02:00.229060+00:00 [running]> on host e10075799413
[2024-09-25T11:02:32.941+0000] {taskinstance.py:3131} INFO - Exporting env vars: AIRFLOW_CTX_DAG_OWNER='***' AIRFLOW_CTX_DAG_ID='etl_pipeline' AIRFLOW_CTX_TASK_ID='pipeline.staging.dellstore_db.load.inventory' AIRFLOW_CTX_EXECUTION_DATE='2024-09-25T11:02:00.229060+00:00' AIRFLOW_CTX_TRY_NUMBER='1' AIRFLOW_CTX_DAG_RUN_ID='manual__2024-09-25T11:02:00.229060+00:00'
[2024-09-25T11:02:32.943+0000] {taskinstance.py:731} INFO - ::endgroup::
[2024-09-25T11:02:32.964+0000] {base.py:84} INFO - Retrieving connection 'staging_db'
[2024-09-25T11:02:32.978+0000] {base.py:84} INFO - Retrieving connection 'minio'
[2024-09-25T11:02:34.900+0000] {python.py:240} INFO - Done. Returned value was: None
[2024-09-25T11:02:34.918+0000] {taskinstance.py:340} INFO - ::group::Post task execution logs
[2024-09-25T11:02:34.918+0000] {taskinstance.py:352} INFO - Marking task as SUCCESS. dag_id=etl_pipeline, task_id=pipeline.staging.dellstore_db.load.inventory, run_id=manual__2024-09-25T11:02:00.229060+00:00, execution_date=20240925T110200, start_date=20240925T110232, end_date=20240925T110234
[2024-09-25T11:02:34.988+0000] {local_task_job_runner.py:266} INFO - Task exited with return code 0
[2024-09-25T11:02:35.093+0000] {taskinstance.py:3900} INFO - 1 downstream tasks scheduled from follow-on schedule check
[2024-09-25T11:02:35.096+0000] {local_task_job_runner.py:245} INFO - ::endgroup::
