[2024-10-02T16:20:34.655+0000] {local_task_job_runner.py:123} INFO - ::group::Pre task execution logs
[2024-10-02T16:20:34.737+0000] {taskinstance.py:2612} INFO - Dependencies all met for dep_context=non-requeueable deps ti=<TaskInstance: sparking_flow.python_job manual__2024-10-02T16:20:28.423075+00:00 [queued]>
[2024-10-02T16:20:34.775+0000] {taskinstance.py:2612} INFO - Dependencies all met for dep_context=requeueable deps ti=<TaskInstance: sparking_flow.python_job manual__2024-10-02T16:20:28.423075+00:00 [queued]>
[2024-10-02T16:20:34.778+0000] {taskinstance.py:2865} INFO - Starting attempt 1 of 1
[2024-10-02T16:20:34.872+0000] {taskinstance.py:2888} INFO - Executing <Task(SparkSubmitOperator): python_job> on 2024-10-02 16:20:28.423075+00:00
[2024-10-02T16:20:34.894+0000] {warnings.py:112} WARNING - /home/***/.local/lib/python3.12/site-packages/***/task/task_runner/standard_task_runner.py:70: DeprecationWarning: This process (pid=78) is multi-threaded, use of fork() may lead to deadlocks in the child.
  pid = os.fork()

[2024-10-02T16:20:34.898+0000] {standard_task_runner.py:72} INFO - Started process 81 to run task
[2024-10-02T16:20:34.901+0000] {standard_task_runner.py:104} INFO - Running: ['***', 'tasks', 'run', 'sparking_flow', 'python_job', 'manual__2024-10-02T16:20:28.423075+00:00', '--job-id', '18', '--raw', '--subdir', 'DAGS_FOLDER/spark_***.py', '--cfg-path', '/tmp/tmpjmaoqybp']
[2024-10-02T16:20:34.904+0000] {standard_task_runner.py:105} INFO - Job 18: Subtask python_job
[2024-10-02T16:20:35.009+0000] {task_command.py:467} INFO - Running <TaskInstance: sparking_flow.python_job manual__2024-10-02T16:20:28.423075+00:00 [running]> on host 5ad0e88773d9
[2024-10-02T16:20:35.237+0000] {taskinstance.py:3131} INFO - Exporting env vars: AIRFLOW_CTX_DAG_OWNER='Yusuf Ganiyu' AIRFLOW_CTX_DAG_ID='sparking_flow' AIRFLOW_CTX_TASK_ID='python_job' AIRFLOW_CTX_EXECUTION_DATE='2024-10-02T16:20:28.423075+00:00' AIRFLOW_CTX_TRY_NUMBER='1' AIRFLOW_CTX_DAG_RUN_ID='manual__2024-10-02T16:20:28.423075+00:00'
[2024-10-02T16:20:35.239+0000] {taskinstance.py:731} INFO - ::endgroup::
[2024-10-02T16:20:35.280+0000] {base.py:84} INFO - Retrieving connection 'spark-conn'
[2024-10-02T16:20:35.285+0000] {spark_submit.py:335} INFO - Spark-Submit cmd: spark-submit --master spark://spark-master:7077 --name arrow-spark jobs/python/wordcountjob.py
[2024-10-02T16:20:35.454+0000] {spark_submit.py:488} INFO - /home/***/.local/lib/python3.12/site-packages/pyspark/bin/load-spark-env.sh: line 68: ps: command not found
[2024-10-02T16:20:51.346+0000] {spark_submit.py:488} INFO - 24/10/02 16:20:51 INFO SparkContext: Running Spark version 3.5.3
[2024-10-02T16:20:51.403+0000] {spark_submit.py:488} INFO - 24/10/02 16:20:51 INFO SparkContext: OS info Linux, 5.15.153.1-microsoft-standard-WSL2, amd64
[2024-10-02T16:20:51.478+0000] {spark_submit.py:488} INFO - 24/10/02 16:20:51 INFO SparkContext: Java version 17.0.12
[2024-10-02T16:20:51.992+0000] {spark_submit.py:488} INFO - 24/10/02 16:20:51 WARN NativeCodeLoader: Unable to load native-hadoop library for your platform... using builtin-java classes where applicable
[2024-10-02T16:20:52.551+0000] {spark_submit.py:488} INFO - 24/10/02 16:20:52 INFO ResourceUtils: ==============================================================
[2024-10-02T16:20:52.554+0000] {spark_submit.py:488} INFO - 24/10/02 16:20:52 INFO ResourceUtils: No custom resources configured for spark.driver.
[2024-10-02T16:20:52.564+0000] {spark_submit.py:488} INFO - 24/10/02 16:20:52 INFO ResourceUtils: ==============================================================
[2024-10-02T16:20:52.567+0000] {spark_submit.py:488} INFO - 24/10/02 16:20:52 INFO SparkContext: Submitted application: PythonWordCount
[2024-10-02T16:20:52.640+0000] {spark_submit.py:488} INFO - 24/10/02 16:20:52 INFO ResourceProfile: Default ResourceProfile created, executor resources: Map(memory -> name: memory, amount: 1024, script: , vendor: , offHeap -> name: offHeap, amount: 0, script: , vendor: ), task resources: Map(cpus -> name: cpus, amount: 1.0)
[2024-10-02T16:20:52.705+0000] {spark_submit.py:488} INFO - 24/10/02 16:20:52 INFO ResourceProfile: Limiting resource is cpu
[2024-10-02T16:20:52.712+0000] {spark_submit.py:488} INFO - 24/10/02 16:20:52 INFO ResourceProfileManager: Added ResourceProfile id: 0
[2024-10-02T16:20:52.948+0000] {spark_submit.py:488} INFO - 24/10/02 16:20:52 INFO SecurityManager: Changing view acls to: ***
[2024-10-02T16:20:52.950+0000] {spark_submit.py:488} INFO - 24/10/02 16:20:52 INFO SecurityManager: Changing modify acls to: ***
[2024-10-02T16:20:52.952+0000] {spark_submit.py:488} INFO - 24/10/02 16:20:52 INFO SecurityManager: Changing view acls groups to:
[2024-10-02T16:20:52.953+0000] {spark_submit.py:488} INFO - 24/10/02 16:20:52 INFO SecurityManager: Changing modify acls groups to:
[2024-10-02T16:20:52.955+0000] {spark_submit.py:488} INFO - 24/10/02 16:20:52 INFO SecurityManager: SecurityManager: authentication disabled; ui acls disabled; users with view permissions: ***; groups with view permissions: EMPTY; users with modify permissions: ***; groups with modify permissions: EMPTY
[2024-10-02T16:20:55.002+0000] {spark_submit.py:488} INFO - 24/10/02 16:20:55 INFO Utils: Successfully started service 'sparkDriver' on port 46207.
[2024-10-02T16:20:55.211+0000] {spark_submit.py:488} INFO - 24/10/02 16:20:55 INFO SparkEnv: Registering MapOutputTracker
[2024-10-02T16:20:55.359+0000] {spark_submit.py:488} INFO - 24/10/02 16:20:55 INFO SparkEnv: Registering BlockManagerMaster
[2024-10-02T16:20:55.412+0000] {spark_submit.py:488} INFO - 24/10/02 16:20:55 INFO BlockManagerMasterEndpoint: Using org.apache.spark.storage.DefaultTopologyMapper for getting topology information
[2024-10-02T16:20:55.414+0000] {spark_submit.py:488} INFO - 24/10/02 16:20:55 INFO BlockManagerMasterEndpoint: BlockManagerMasterEndpoint up
[2024-10-02T16:20:55.455+0000] {spark_submit.py:488} INFO - 24/10/02 16:20:55 INFO SparkEnv: Registering BlockManagerMasterHeartbeat
[2024-10-02T16:20:55.541+0000] {spark_submit.py:488} INFO - 24/10/02 16:20:55 INFO DiskBlockManager: Created local directory at /tmp/blockmgr-4d7cb286-29c4-47c5-a5c1-0bb586fef50b
[2024-10-02T16:20:55.585+0000] {spark_submit.py:488} INFO - 24/10/02 16:20:55 INFO MemoryStore: MemoryStore started with capacity 434.4 MiB
[2024-10-02T16:20:55.763+0000] {spark_submit.py:488} INFO - 24/10/02 16:20:55 INFO SparkEnv: Registering OutputCommitCoordinator
[2024-10-02T16:20:57.047+0000] {spark_submit.py:488} INFO - 24/10/02 16:20:57 INFO JettyUtils: Start Jetty 0.0.0.0:4040 for SparkUI
[2024-10-02T16:20:57.940+0000] {spark_submit.py:488} INFO - 24/10/02 16:20:57 WARN Utils: Service 'SparkUI' could not bind on port 4040. Attempting port 4041.
[2024-10-02T16:20:57.961+0000] {spark_submit.py:488} INFO - 24/10/02 16:20:57 WARN Utils: Service 'SparkUI' could not bind on port 4041. Attempting port 4042.
[2024-10-02T16:20:58.025+0000] {spark_submit.py:488} INFO - 24/10/02 16:20:58 INFO Utils: Successfully started service 'SparkUI' on port 4042.
[2024-10-02T16:20:59.373+0000] {spark_submit.py:488} INFO - 24/10/02 16:20:59 INFO StandaloneAppClient$ClientEndpoint: Connecting to master spark://spark-master:7077...
[2024-10-02T16:20:59.690+0000] {spark_submit.py:488} INFO - 24/10/02 16:20:59 INFO TransportClientFactory: Successfully created connection to spark-master/172.20.0.2:7077 after 203 ms (0 ms spent in bootstraps)
[2024-10-02T16:21:00.411+0000] {spark_submit.py:488} INFO - 24/10/02 16:21:00 INFO StandaloneSchedulerBackend: Connected to Spark cluster with app ID app-20241002162100-0001
[2024-10-02T16:21:00.474+0000] {spark_submit.py:488} INFO - 24/10/02 16:21:00 INFO Utils: Successfully started service 'org.apache.spark.network.netty.NettyBlockTransferService' on port 41543.
[2024-10-02T16:21:00.476+0000] {spark_submit.py:488} INFO - 24/10/02 16:21:00 INFO NettyBlockTransferService: Server created on 5ad0e88773d9:41543
[2024-10-02T16:21:00.504+0000] {spark_submit.py:488} INFO - 24/10/02 16:21:00 INFO BlockManager: Using org.apache.spark.storage.RandomBlockReplicationPolicy for block replication policy
[2024-10-02T16:21:00.586+0000] {spark_submit.py:488} INFO - 24/10/02 16:21:00 INFO BlockManagerMaster: Registering BlockManager BlockManagerId(driver, 5ad0e88773d9, 41543, None)
[2024-10-02T16:21:00.623+0000] {spark_submit.py:488} INFO - 24/10/02 16:21:00 INFO BlockManagerMasterEndpoint: Registering block manager 5ad0e88773d9:41543 with 434.4 MiB RAM, BlockManagerId(driver, 5ad0e88773d9, 41543, None)
[2024-10-02T16:21:00.629+0000] {spark_submit.py:488} INFO - 24/10/02 16:21:00 INFO BlockManagerMaster: Registered BlockManager BlockManagerId(driver, 5ad0e88773d9, 41543, None)
[2024-10-02T16:21:00.635+0000] {spark_submit.py:488} INFO - 24/10/02 16:21:00 INFO BlockManager: Initialized BlockManager: BlockManagerId(driver, 5ad0e88773d9, 41543, None)
[2024-10-02T16:21:01.656+0000] {spark_submit.py:488} INFO - 24/10/02 16:21:01 INFO StandaloneSchedulerBackend: SchedulerBackend is ready for scheduling beginning after reached minRegisteredResourcesRatio: 0.0
[2024-10-02T16:21:03.642+0000] {spark_submit.py:488} INFO - 24/10/02 16:21:03 INFO SparkContext: Starting job: collect at /opt/***/jobs/python/wordcountjob.py:11
[2024-10-02T16:21:03.814+0000] {spark_submit.py:488} INFO - 24/10/02 16:21:03 INFO DAGScheduler: Registering RDD 2 (reduceByKey at /opt/***/jobs/python/wordcountjob.py:9) as input to shuffle 0
[2024-10-02T16:21:03.837+0000] {spark_submit.py:488} INFO - 24/10/02 16:21:03 INFO DAGScheduler: Got job 0 (collect at /opt/***/jobs/python/wordcountjob.py:11) with 2 output partitions
[2024-10-02T16:21:03.840+0000] {spark_submit.py:488} INFO - 24/10/02 16:21:03 INFO DAGScheduler: Final stage: ResultStage 1 (collect at /opt/***/jobs/python/wordcountjob.py:11)
[2024-10-02T16:21:03.842+0000] {spark_submit.py:488} INFO - 24/10/02 16:21:03 INFO DAGScheduler: Parents of final stage: List(ShuffleMapStage 0)
[2024-10-02T16:21:03.861+0000] {spark_submit.py:488} INFO - 24/10/02 16:21:03 INFO DAGScheduler: Missing parents: List(ShuffleMapStage 0)
[2024-10-02T16:21:03.875+0000] {spark_submit.py:488} INFO - 24/10/02 16:21:03 INFO DAGScheduler: Submitting ShuffleMapStage 0 (PairwiseRDD[2] at reduceByKey at /opt/***/jobs/python/wordcountjob.py:9), which has no missing parents
[2024-10-02T16:21:04.211+0000] {spark_submit.py:488} INFO - 24/10/02 16:21:04 INFO MemoryStore: Block broadcast_0 stored as values in memory (estimated size 10.9 KiB, free 434.4 MiB)
[2024-10-02T16:21:04.330+0000] {spark_submit.py:488} INFO - 24/10/02 16:21:04 INFO MemoryStore: Block broadcast_0_piece0 stored as bytes in memory (estimated size 7.0 KiB, free 434.4 MiB)
[2024-10-02T16:21:04.338+0000] {spark_submit.py:488} INFO - 24/10/02 16:21:04 INFO BlockManagerInfo: Added broadcast_0_piece0 in memory on 5ad0e88773d9:41543 (size: 7.0 KiB, free: 434.4 MiB)
[2024-10-02T16:21:04.350+0000] {spark_submit.py:488} INFO - 24/10/02 16:21:04 INFO SparkContext: Created broadcast 0 from broadcast at DAGScheduler.scala:1585
[2024-10-02T16:21:04.392+0000] {spark_submit.py:488} INFO - 24/10/02 16:21:04 INFO DAGScheduler: Submitting 2 missing tasks from ShuffleMapStage 0 (PairwiseRDD[2] at reduceByKey at /opt/***/jobs/python/wordcountjob.py:9) (first 15 tasks are for partitions Vector(0, 1))
[2024-10-02T16:21:04.394+0000] {spark_submit.py:488} INFO - 24/10/02 16:21:04 INFO TaskSchedulerImpl: Adding task set 0.0 with 2 tasks resource profile 0
[2024-10-02T16:21:07.596+0000] {spark_submit.py:488} INFO - 24/10/02 16:21:07 INFO StandaloneAppClient$ClientEndpoint: Executor added: app-20241002162100-0001/0 on worker-20241002161809-172.20.0.5-46539 (172.20.0.5:46539) with 2 core(s)
[2024-10-02T16:21:07.596+0000] {spark_submit.py:488} INFO - 24/10/02 16:21:07 INFO StandaloneSchedulerBackend: Granted executor ID app-20241002162100-0001/0 on hostPort 172.20.0.5:46539 with 2 core(s), 1024.0 MiB RAM
[2024-10-02T16:21:07.719+0000] {spark_submit.py:488} INFO - 24/10/02 16:21:07 INFO StandaloneAppClient$ClientEndpoint: Executor updated: app-20241002162100-0001/0 is now RUNNING
[2024-10-02T16:21:13.016+0000] {spark_submit.py:488} INFO - 24/10/02 16:21:13 INFO StandaloneSchedulerBackend$StandaloneDriverEndpoint: Registered executor NettyRpcEndpointRef(spark-client://Executor) (172.20.0.5:58588) with ID 0,  ResourceProfileId 0
[2024-10-02T16:21:13.147+0000] {spark_submit.py:488} INFO - 24/10/02 16:21:13 INFO BlockManagerMasterEndpoint: Registering block manager 172.20.0.5:38021 with 434.4 MiB RAM, BlockManagerId(0, 172.20.0.5, 38021, None)
[2024-10-02T16:21:13.236+0000] {spark_submit.py:488} INFO - 24/10/02 16:21:13 INFO TaskSetManager: Starting task 0.0 in stage 0.0 (TID 0) (172.20.0.5, executor 0, partition 0, PROCESS_LOCAL, 9039 bytes)
[2024-10-02T16:21:13.244+0000] {spark_submit.py:488} INFO - 24/10/02 16:21:13 INFO TaskSetManager: Starting task 1.0 in stage 0.0 (TID 1) (172.20.0.5, executor 0, partition 1, PROCESS_LOCAL, 9072 bytes)
[2024-10-02T16:21:13.949+0000] {spark_submit.py:488} INFO - 24/10/02 16:21:13 INFO BlockManagerInfo: Added broadcast_0_piece0 in memory on 172.20.0.5:38021 (size: 7.0 KiB, free: 434.4 MiB)
[2024-10-02T16:21:16.510+0000] {spark_submit.py:488} INFO - 24/10/02 16:21:16 INFO TaskSetManager: Finished task 1.0 in stage 0.0 (TID 1) in 3265 ms on 172.20.0.5 (executor 0) (1/2)
[2024-10-02T16:21:16.515+0000] {spark_submit.py:488} INFO - 24/10/02 16:21:16 INFO TaskSetManager: Finished task 0.0 in stage 0.0 (TID 0) in 3300 ms on 172.20.0.5 (executor 0) (2/2)
[2024-10-02T16:21:16.518+0000] {spark_submit.py:488} INFO - 24/10/02 16:21:16 INFO TaskSchedulerImpl: Removed TaskSet 0.0, whose tasks have all completed, from pool
[2024-10-02T16:21:16.528+0000] {spark_submit.py:488} INFO - 24/10/02 16:21:16 INFO PythonAccumulatorV2: Connected to AccumulatorServer at host: 127.0.0.1 port: 57455
[2024-10-02T16:21:16.553+0000] {spark_submit.py:488} INFO - 24/10/02 16:21:16 INFO DAGScheduler: ShuffleMapStage 0 (reduceByKey at /opt/***/jobs/python/wordcountjob.py:9) finished in 12.610 s
[2024-10-02T16:21:16.554+0000] {spark_submit.py:488} INFO - 24/10/02 16:21:16 INFO DAGScheduler: looking for newly runnable stages
[2024-10-02T16:21:16.559+0000] {spark_submit.py:488} INFO - 24/10/02 16:21:16 INFO DAGScheduler: running: Set()
[2024-10-02T16:21:16.565+0000] {spark_submit.py:488} INFO - 24/10/02 16:21:16 INFO DAGScheduler: waiting: Set(ResultStage 1)
[2024-10-02T16:21:16.569+0000] {spark_submit.py:488} INFO - 24/10/02 16:21:16 INFO DAGScheduler: failed: Set()
[2024-10-02T16:21:16.581+0000] {spark_submit.py:488} INFO - 24/10/02 16:21:16 INFO DAGScheduler: Submitting ResultStage 1 (PythonRDD[5] at collect at /opt/***/jobs/python/wordcountjob.py:11), which has no missing parents
[2024-10-02T16:21:16.670+0000] {spark_submit.py:488} INFO - 24/10/02 16:21:16 INFO MemoryStore: Block broadcast_1 stored as values in memory (estimated size 10.0 KiB, free 434.4 MiB)
[2024-10-02T16:21:16.689+0000] {spark_submit.py:488} INFO - 24/10/02 16:21:16 INFO MemoryStore: Block broadcast_1_piece0 stored as bytes in memory (estimated size 6.0 KiB, free 434.4 MiB)
[2024-10-02T16:21:16.693+0000] {spark_submit.py:488} INFO - 24/10/02 16:21:16 INFO BlockManagerInfo: Added broadcast_1_piece0 in memory on 5ad0e88773d9:41543 (size: 6.0 KiB, free: 434.4 MiB)
[2024-10-02T16:21:16.695+0000] {spark_submit.py:488} INFO - 24/10/02 16:21:16 INFO SparkContext: Created broadcast 1 from broadcast at DAGScheduler.scala:1585
[2024-10-02T16:21:16.704+0000] {spark_submit.py:488} INFO - 24/10/02 16:21:16 INFO DAGScheduler: Submitting 2 missing tasks from ResultStage 1 (PythonRDD[5] at collect at /opt/***/jobs/python/wordcountjob.py:11) (first 15 tasks are for partitions Vector(0, 1))
[2024-10-02T16:21:16.705+0000] {spark_submit.py:488} INFO - 24/10/02 16:21:16 INFO TaskSchedulerImpl: Adding task set 1.0 with 2 tasks resource profile 0
[2024-10-02T16:21:16.722+0000] {spark_submit.py:488} INFO - 24/10/02 16:21:16 INFO TaskSetManager: Starting task 0.0 in stage 1.0 (TID 2) (172.20.0.5, executor 0, partition 0, NODE_LOCAL, 8821 bytes)
[2024-10-02T16:21:16.724+0000] {spark_submit.py:488} INFO - 24/10/02 16:21:16 INFO TaskSetManager: Starting task 1.0 in stage 1.0 (TID 3) (172.20.0.5, executor 0, partition 1, NODE_LOCAL, 8821 bytes)
[2024-10-02T16:21:16.795+0000] {spark_submit.py:488} INFO - 24/10/02 16:21:16 INFO BlockManagerInfo: Added broadcast_1_piece0 in memory on 172.20.0.5:38021 (size: 6.0 KiB, free: 434.4 MiB)
[2024-10-02T16:21:16.976+0000] {spark_submit.py:488} INFO - 24/10/02 16:21:16 INFO MapOutputTrackerMasterEndpoint: Asked to send map output locations for shuffle 0 to 172.20.0.5:58588
[2024-10-02T16:21:17.434+0000] {spark_submit.py:488} INFO - 24/10/02 16:21:17 INFO TaskSetManager: Finished task 0.0 in stage 1.0 (TID 2) in 722 ms on 172.20.0.5 (executor 0) (1/2)
[2024-10-02T16:21:17.438+0000] {spark_submit.py:488} INFO - 24/10/02 16:21:17 INFO TaskSetManager: Finished task 1.0 in stage 1.0 (TID 3) in 715 ms on 172.20.0.5 (executor 0) (2/2)
[2024-10-02T16:21:17.440+0000] {spark_submit.py:488} INFO - 24/10/02 16:21:17 INFO TaskSchedulerImpl: Removed TaskSet 1.0, whose tasks have all completed, from pool
[2024-10-02T16:21:17.444+0000] {spark_submit.py:488} INFO - 24/10/02 16:21:17 INFO DAGScheduler: ResultStage 1 (collect at /opt/***/jobs/python/wordcountjob.py:11) finished in 0.805 s
[2024-10-02T16:21:17.450+0000] {spark_submit.py:488} INFO - 24/10/02 16:21:17 INFO DAGScheduler: Job 0 is finished. Cancelling potential speculative or zombie tasks for this job
[2024-10-02T16:21:17.451+0000] {spark_submit.py:488} INFO - 24/10/02 16:21:17 INFO TaskSchedulerImpl: Killing all running tasks in stage 1: Stage finished
[2024-10-02T16:21:17.453+0000] {spark_submit.py:488} INFO - 24/10/02 16:21:17 INFO DAGScheduler: Job 0 finished: collect at /opt/***/jobs/python/wordcountjob.py:11, took 13.809319 s
[2024-10-02T16:21:17.480+0000] {spark_submit.py:488} INFO - Python 1
[2024-10-02T16:21:17.481+0000] {spark_submit.py:488} INFO - Airflow 1
[2024-10-02T16:21:17.482+0000] {spark_submit.py:488} INFO - Docker 1
[2024-10-02T16:21:17.482+0000] {spark_submit.py:488} INFO - and 1
[2024-10-02T16:21:17.483+0000] {spark_submit.py:488} INFO - Yusuf 1
[2024-10-02T16:21:17.483+0000] {spark_submit.py:488} INFO - Hello 5
[2024-10-02T16:21:17.484+0000] {spark_submit.py:488} INFO - Spark 1
[2024-10-02T16:21:17.484+0000] {spark_submit.py:488} INFO - 24/10/02 16:21:17 INFO SparkContext: SparkContext is stopping with exitCode 0.
[2024-10-02T16:21:17.494+0000] {spark_submit.py:488} INFO - 24/10/02 16:21:17 INFO SparkUI: Stopped Spark web UI at http://5ad0e88773d9:4042
[2024-10-02T16:21:17.499+0000] {spark_submit.py:488} INFO - 24/10/02 16:21:17 INFO StandaloneSchedulerBackend: Shutting down all executors
[2024-10-02T16:21:17.499+0000] {spark_submit.py:488} INFO - 24/10/02 16:21:17 INFO StandaloneSchedulerBackend$StandaloneDriverEndpoint: Asking each executor to shut down
[2024-10-02T16:21:17.541+0000] {spark_submit.py:488} INFO - 24/10/02 16:21:17 INFO MapOutputTrackerMasterEndpoint: MapOutputTrackerMasterEndpoint stopped!
[2024-10-02T16:21:17.584+0000] {spark_submit.py:488} INFO - 24/10/02 16:21:17 INFO MemoryStore: MemoryStore cleared
[2024-10-02T16:21:17.585+0000] {spark_submit.py:488} INFO - 24/10/02 16:21:17 INFO BlockManager: BlockManager stopped
[2024-10-02T16:21:17.592+0000] {spark_submit.py:488} INFO - 24/10/02 16:21:17 INFO BlockManagerMaster: BlockManagerMaster stopped
[2024-10-02T16:21:17.596+0000] {spark_submit.py:488} INFO - 24/10/02 16:21:17 INFO OutputCommitCoordinator$OutputCommitCoordinatorEndpoint: OutputCommitCoordinator stopped!
[2024-10-02T16:21:17.664+0000] {spark_submit.py:488} INFO - 24/10/02 16:21:17 INFO SparkContext: Successfully stopped SparkContext
[2024-10-02T16:21:18.545+0000] {spark_submit.py:488} INFO - 24/10/02 16:21:18 INFO ShutdownHookManager: Shutdown hook called
[2024-10-02T16:21:18.546+0000] {spark_submit.py:488} INFO - 24/10/02 16:21:18 INFO ShutdownHookManager: Deleting directory /tmp/spark-5a7bf71e-db0e-4af7-acab-d0c7d15780b2/pyspark-57caed2c-d0a7-465f-9bb7-defcfb6375f1
[2024-10-02T16:21:18.552+0000] {spark_submit.py:488} INFO - 24/10/02 16:21:18 INFO ShutdownHookManager: Deleting directory /tmp/spark-9cf8519e-2df1-4869-9cfd-e3dd910b7ef6
[2024-10-02T16:21:18.557+0000] {spark_submit.py:488} INFO - 24/10/02 16:21:18 INFO ShutdownHookManager: Deleting directory /tmp/spark-5a7bf71e-db0e-4af7-acab-d0c7d15780b2
[2024-10-02T16:21:18.654+0000] {taskinstance.py:340} INFO - ::group::Post task execution logs
[2024-10-02T16:21:18.656+0000] {taskinstance.py:352} INFO - Marking task as SUCCESS. dag_id=sparking_flow, task_id=python_job, run_id=manual__2024-10-02T16:20:28.423075+00:00, execution_date=20241002T162028, start_date=20241002T162034, end_date=20241002T162118
[2024-10-02T16:21:18.705+0000] {local_task_job_runner.py:266} INFO - Task exited with return code 0
[2024-10-02T16:21:18.734+0000] {taskinstance.py:3900} INFO - 1 downstream tasks scheduled from follow-on schedule check
[2024-10-02T16:21:18.738+0000] {local_task_job_runner.py:245} INFO - ::endgroup::
