[2024-10-04T06:36:35.516+0000] {processor.py:186} INFO - Started process (PID=185) to work on /opt/airflow/dags/etl_pipeline/tasks/warehouse/main.py
[2024-10-04T06:36:35.518+0000] {processor.py:914} INFO - Processing file /opt/airflow/dags/etl_pipeline/tasks/warehouse/main.py for tasks to queue
[2024-10-04T06:36:35.525+0000] {logging_mixin.py:190} INFO - [2024-10-04T06:36:35.523+0000] {dagbag.py:588} INFO - Filling up the DagBag from /opt/airflow/dags/etl_pipeline/tasks/warehouse/main.py
[2024-10-04T06:36:35.530+0000] {processor.py:927} WARNING - No viable dags retrieved from /opt/airflow/dags/etl_pipeline/tasks/warehouse/main.py
[2024-10-04T06:36:35.591+0000] {processor.py:208} INFO - Processing /opt/airflow/dags/etl_pipeline/tasks/warehouse/main.py took 0.091 seconds
[2024-10-04T06:37:06.206+0000] {processor.py:186} INFO - Started process (PID=411) to work on /opt/airflow/dags/etl_pipeline/tasks/warehouse/main.py
[2024-10-04T06:37:06.207+0000] {processor.py:914} INFO - Processing file /opt/airflow/dags/etl_pipeline/tasks/warehouse/main.py for tasks to queue
[2024-10-04T06:37:06.210+0000] {logging_mixin.py:190} INFO - [2024-10-04T06:37:06.210+0000] {dagbag.py:588} INFO - Filling up the DagBag from /opt/airflow/dags/etl_pipeline/tasks/warehouse/main.py
[2024-10-04T06:37:06.214+0000] {processor.py:927} WARNING - No viable dags retrieved from /opt/airflow/dags/etl_pipeline/tasks/warehouse/main.py
[2024-10-04T06:37:06.254+0000] {processor.py:208} INFO - Processing /opt/airflow/dags/etl_pipeline/tasks/warehouse/main.py took 0.062 seconds
[2024-10-04T06:37:36.600+0000] {processor.py:186} INFO - Started process (PID=697) to work on /opt/airflow/dags/etl_pipeline/tasks/warehouse/main.py
[2024-10-04T06:37:36.602+0000] {processor.py:914} INFO - Processing file /opt/airflow/dags/etl_pipeline/tasks/warehouse/main.py for tasks to queue
[2024-10-04T06:37:36.607+0000] {logging_mixin.py:190} INFO - [2024-10-04T06:37:36.606+0000] {dagbag.py:588} INFO - Filling up the DagBag from /opt/airflow/dags/etl_pipeline/tasks/warehouse/main.py
[2024-10-04T06:37:36.612+0000] {processor.py:927} WARNING - No viable dags retrieved from /opt/airflow/dags/etl_pipeline/tasks/warehouse/main.py
[2024-10-04T06:37:36.658+0000] {processor.py:208} INFO - Processing /opt/airflow/dags/etl_pipeline/tasks/warehouse/main.py took 0.071 seconds
[2024-10-04T06:38:06.788+0000] {processor.py:186} INFO - Started process (PID=746) to work on /opt/airflow/dags/etl_pipeline/tasks/warehouse/main.py
[2024-10-04T06:38:06.790+0000] {processor.py:914} INFO - Processing file /opt/airflow/dags/etl_pipeline/tasks/warehouse/main.py for tasks to queue
[2024-10-04T06:38:06.797+0000] {logging_mixin.py:190} INFO - [2024-10-04T06:38:06.796+0000] {dagbag.py:588} INFO - Filling up the DagBag from /opt/airflow/dags/etl_pipeline/tasks/warehouse/main.py
[2024-10-04T06:38:06.803+0000] {processor.py:927} WARNING - No viable dags retrieved from /opt/airflow/dags/etl_pipeline/tasks/warehouse/main.py
[2024-10-04T06:38:06.838+0000] {processor.py:208} INFO - Processing /opt/airflow/dags/etl_pipeline/tasks/warehouse/main.py took 0.061 seconds
[2024-10-04T06:38:37.077+0000] {processor.py:186} INFO - Started process (PID=796) to work on /opt/airflow/dags/etl_pipeline/tasks/warehouse/main.py
[2024-10-04T06:38:37.079+0000] {processor.py:914} INFO - Processing file /opt/airflow/dags/etl_pipeline/tasks/warehouse/main.py for tasks to queue
[2024-10-04T06:38:37.086+0000] {logging_mixin.py:190} INFO - [2024-10-04T06:38:37.082+0000] {dagbag.py:588} INFO - Filling up the DagBag from /opt/airflow/dags/etl_pipeline/tasks/warehouse/main.py
[2024-10-04T06:38:37.094+0000] {processor.py:927} WARNING - No viable dags retrieved from /opt/airflow/dags/etl_pipeline/tasks/warehouse/main.py
[2024-10-04T06:38:37.163+0000] {processor.py:208} INFO - Processing /opt/airflow/dags/etl_pipeline/tasks/warehouse/main.py took 0.104 seconds
[2024-10-04T06:39:07.930+0000] {processor.py:186} INFO - Started process (PID=912) to work on /opt/airflow/dags/etl_pipeline/tasks/warehouse/main.py
[2024-10-04T06:39:07.932+0000] {processor.py:914} INFO - Processing file /opt/airflow/dags/etl_pipeline/tasks/warehouse/main.py for tasks to queue
[2024-10-04T06:39:07.939+0000] {logging_mixin.py:190} INFO - [2024-10-04T06:39:07.937+0000] {dagbag.py:588} INFO - Filling up the DagBag from /opt/airflow/dags/etl_pipeline/tasks/warehouse/main.py
[2024-10-04T06:39:07.946+0000] {processor.py:927} WARNING - No viable dags retrieved from /opt/airflow/dags/etl_pipeline/tasks/warehouse/main.py
[2024-10-04T06:39:08.000+0000] {processor.py:208} INFO - Processing /opt/airflow/dags/etl_pipeline/tasks/warehouse/main.py took 0.092 seconds
[2024-10-04T06:39:38.117+0000] {processor.py:186} INFO - Started process (PID=1056) to work on /opt/airflow/dags/etl_pipeline/tasks/warehouse/main.py
[2024-10-04T06:39:38.119+0000] {processor.py:914} INFO - Processing file /opt/airflow/dags/etl_pipeline/tasks/warehouse/main.py for tasks to queue
[2024-10-04T06:39:38.127+0000] {logging_mixin.py:190} INFO - [2024-10-04T06:39:38.126+0000] {dagbag.py:588} INFO - Filling up the DagBag from /opt/airflow/dags/etl_pipeline/tasks/warehouse/main.py
[2024-10-04T06:39:38.132+0000] {processor.py:927} WARNING - No viable dags retrieved from /opt/airflow/dags/etl_pipeline/tasks/warehouse/main.py
[2024-10-04T06:39:38.177+0000] {processor.py:208} INFO - Processing /opt/airflow/dags/etl_pipeline/tasks/warehouse/main.py took 0.081 seconds
[2024-10-04T06:40:09.165+0000] {processor.py:186} INFO - Started process (PID=1163) to work on /opt/airflow/dags/etl_pipeline/tasks/warehouse/main.py
[2024-10-04T06:40:09.167+0000] {processor.py:914} INFO - Processing file /opt/airflow/dags/etl_pipeline/tasks/warehouse/main.py for tasks to queue
[2024-10-04T06:40:09.170+0000] {logging_mixin.py:190} INFO - [2024-10-04T06:40:09.170+0000] {dagbag.py:588} INFO - Filling up the DagBag from /opt/airflow/dags/etl_pipeline/tasks/warehouse/main.py
[2024-10-04T06:40:09.173+0000] {processor.py:927} WARNING - No viable dags retrieved from /opt/airflow/dags/etl_pipeline/tasks/warehouse/main.py
[2024-10-04T06:40:09.197+0000] {processor.py:208} INFO - Processing /opt/airflow/dags/etl_pipeline/tasks/warehouse/main.py took 0.045 seconds
[2024-10-04T06:40:39.504+0000] {processor.py:186} INFO - Started process (PID=1212) to work on /opt/airflow/dags/etl_pipeline/tasks/warehouse/main.py
[2024-10-04T06:40:39.517+0000] {processor.py:914} INFO - Processing file /opt/airflow/dags/etl_pipeline/tasks/warehouse/main.py for tasks to queue
[2024-10-04T06:40:39.520+0000] {logging_mixin.py:190} INFO - [2024-10-04T06:40:39.520+0000] {dagbag.py:588} INFO - Filling up the DagBag from /opt/airflow/dags/etl_pipeline/tasks/warehouse/main.py
[2024-10-04T06:40:39.525+0000] {processor.py:927} WARNING - No viable dags retrieved from /opt/airflow/dags/etl_pipeline/tasks/warehouse/main.py
[2024-10-04T06:40:39.553+0000] {processor.py:208} INFO - Processing /opt/airflow/dags/etl_pipeline/tasks/warehouse/main.py took 0.061 seconds
[2024-10-04T06:41:09.839+0000] {processor.py:186} INFO - Started process (PID=1261) to work on /opt/airflow/dags/etl_pipeline/tasks/warehouse/main.py
[2024-10-04T06:41:09.851+0000] {processor.py:914} INFO - Processing file /opt/airflow/dags/etl_pipeline/tasks/warehouse/main.py for tasks to queue
[2024-10-04T06:41:09.857+0000] {logging_mixin.py:190} INFO - [2024-10-04T06:41:09.856+0000] {dagbag.py:588} INFO - Filling up the DagBag from /opt/airflow/dags/etl_pipeline/tasks/warehouse/main.py
[2024-10-04T06:41:09.861+0000] {processor.py:927} WARNING - No viable dags retrieved from /opt/airflow/dags/etl_pipeline/tasks/warehouse/main.py
[2024-10-04T06:41:09.893+0000] {processor.py:208} INFO - Processing /opt/airflow/dags/etl_pipeline/tasks/warehouse/main.py took 0.064 seconds
[2024-10-04T06:41:40.192+0000] {processor.py:186} INFO - Started process (PID=1310) to work on /opt/airflow/dags/etl_pipeline/tasks/warehouse/main.py
[2024-10-04T06:41:40.194+0000] {processor.py:914} INFO - Processing file /opt/airflow/dags/etl_pipeline/tasks/warehouse/main.py for tasks to queue
[2024-10-04T06:41:40.199+0000] {logging_mixin.py:190} INFO - [2024-10-04T06:41:40.199+0000] {dagbag.py:588} INFO - Filling up the DagBag from /opt/airflow/dags/etl_pipeline/tasks/warehouse/main.py
[2024-10-04T06:41:40.202+0000] {processor.py:927} WARNING - No viable dags retrieved from /opt/airflow/dags/etl_pipeline/tasks/warehouse/main.py
[2024-10-04T06:41:40.233+0000] {processor.py:208} INFO - Processing /opt/airflow/dags/etl_pipeline/tasks/warehouse/main.py took 0.056 seconds
[2024-10-04T06:42:10.287+0000] {processor.py:186} INFO - Started process (PID=1359) to work on /opt/airflow/dags/etl_pipeline/tasks/warehouse/main.py
[2024-10-04T06:42:10.288+0000] {processor.py:914} INFO - Processing file /opt/airflow/dags/etl_pipeline/tasks/warehouse/main.py for tasks to queue
[2024-10-04T06:42:10.290+0000] {logging_mixin.py:190} INFO - [2024-10-04T06:42:10.290+0000] {dagbag.py:588} INFO - Filling up the DagBag from /opt/airflow/dags/etl_pipeline/tasks/warehouse/main.py
[2024-10-04T06:42:10.293+0000] {processor.py:927} WARNING - No viable dags retrieved from /opt/airflow/dags/etl_pipeline/tasks/warehouse/main.py
[2024-10-04T06:42:10.316+0000] {processor.py:208} INFO - Processing /opt/airflow/dags/etl_pipeline/tasks/warehouse/main.py took 0.039 seconds
[2024-10-04T06:42:40.440+0000] {processor.py:186} INFO - Started process (PID=1408) to work on /opt/airflow/dags/etl_pipeline/tasks/warehouse/main.py
[2024-10-04T06:42:40.442+0000] {processor.py:914} INFO - Processing file /opt/airflow/dags/etl_pipeline/tasks/warehouse/main.py for tasks to queue
[2024-10-04T06:42:40.445+0000] {logging_mixin.py:190} INFO - [2024-10-04T06:42:40.445+0000] {dagbag.py:588} INFO - Filling up the DagBag from /opt/airflow/dags/etl_pipeline/tasks/warehouse/main.py
[2024-10-04T06:42:40.448+0000] {processor.py:927} WARNING - No viable dags retrieved from /opt/airflow/dags/etl_pipeline/tasks/warehouse/main.py
[2024-10-04T06:42:40.478+0000] {processor.py:208} INFO - Processing /opt/airflow/dags/etl_pipeline/tasks/warehouse/main.py took 0.050 seconds
[2024-10-04T06:43:10.606+0000] {processor.py:186} INFO - Started process (PID=1457) to work on /opt/airflow/dags/etl_pipeline/tasks/warehouse/main.py
[2024-10-04T06:43:10.618+0000] {processor.py:914} INFO - Processing file /opt/airflow/dags/etl_pipeline/tasks/warehouse/main.py for tasks to queue
[2024-10-04T06:43:10.621+0000] {logging_mixin.py:190} INFO - [2024-10-04T06:43:10.621+0000] {dagbag.py:588} INFO - Filling up the DagBag from /opt/airflow/dags/etl_pipeline/tasks/warehouse/main.py
[2024-10-04T06:43:10.624+0000] {processor.py:927} WARNING - No viable dags retrieved from /opt/airflow/dags/etl_pipeline/tasks/warehouse/main.py
[2024-10-04T06:43:10.647+0000] {processor.py:208} INFO - Processing /opt/airflow/dags/etl_pipeline/tasks/warehouse/main.py took 0.049 seconds
[2024-10-04T06:43:40.950+0000] {processor.py:186} INFO - Started process (PID=1504) to work on /opt/airflow/dags/etl_pipeline/tasks/warehouse/main.py
[2024-10-04T06:43:40.962+0000] {processor.py:914} INFO - Processing file /opt/airflow/dags/etl_pipeline/tasks/warehouse/main.py for tasks to queue
[2024-10-04T06:43:40.966+0000] {logging_mixin.py:190} INFO - [2024-10-04T06:43:40.966+0000] {dagbag.py:588} INFO - Filling up the DagBag from /opt/airflow/dags/etl_pipeline/tasks/warehouse/main.py
[2024-10-04T06:43:40.970+0000] {processor.py:927} WARNING - No viable dags retrieved from /opt/airflow/dags/etl_pipeline/tasks/warehouse/main.py
[2024-10-04T06:43:41.007+0000] {processor.py:208} INFO - Processing /opt/airflow/dags/etl_pipeline/tasks/warehouse/main.py took 0.067 seconds
[2024-10-04T06:44:11.331+0000] {processor.py:186} INFO - Started process (PID=1547) to work on /opt/airflow/dags/etl_pipeline/tasks/warehouse/main.py
[2024-10-04T06:44:11.343+0000] {processor.py:914} INFO - Processing file /opt/airflow/dags/etl_pipeline/tasks/warehouse/main.py for tasks to queue
[2024-10-04T06:44:11.348+0000] {logging_mixin.py:190} INFO - [2024-10-04T06:44:11.347+0000] {dagbag.py:588} INFO - Filling up the DagBag from /opt/airflow/dags/etl_pipeline/tasks/warehouse/main.py
[2024-10-04T06:44:11.351+0000] {processor.py:927} WARNING - No viable dags retrieved from /opt/airflow/dags/etl_pipeline/tasks/warehouse/main.py
[2024-10-04T06:44:11.387+0000] {processor.py:208} INFO - Processing /opt/airflow/dags/etl_pipeline/tasks/warehouse/main.py took 0.076 seconds
[2024-10-04T06:44:41.956+0000] {processor.py:186} INFO - Started process (PID=1590) to work on /opt/airflow/dags/etl_pipeline/tasks/warehouse/main.py
[2024-10-04T06:44:41.958+0000] {processor.py:914} INFO - Processing file /opt/airflow/dags/etl_pipeline/tasks/warehouse/main.py for tasks to queue
[2024-10-04T06:44:41.962+0000] {logging_mixin.py:190} INFO - [2024-10-04T06:44:41.961+0000] {dagbag.py:588} INFO - Filling up the DagBag from /opt/airflow/dags/etl_pipeline/tasks/warehouse/main.py
[2024-10-04T06:44:41.966+0000] {processor.py:927} WARNING - No viable dags retrieved from /opt/airflow/dags/etl_pipeline/tasks/warehouse/main.py
[2024-10-04T06:44:41.996+0000] {processor.py:208} INFO - Processing /opt/airflow/dags/etl_pipeline/tasks/warehouse/main.py took 0.050 seconds
[2024-10-04T06:45:12.719+0000] {processor.py:186} INFO - Started process (PID=1629) to work on /opt/airflow/dags/etl_pipeline/tasks/warehouse/main.py
[2024-10-04T06:45:12.720+0000] {processor.py:914} INFO - Processing file /opt/airflow/dags/etl_pipeline/tasks/warehouse/main.py for tasks to queue
[2024-10-04T06:45:12.724+0000] {logging_mixin.py:190} INFO - [2024-10-04T06:45:12.724+0000] {dagbag.py:588} INFO - Filling up the DagBag from /opt/airflow/dags/etl_pipeline/tasks/warehouse/main.py
[2024-10-04T06:45:12.727+0000] {processor.py:927} WARNING - No viable dags retrieved from /opt/airflow/dags/etl_pipeline/tasks/warehouse/main.py
[2024-10-04T06:45:12.766+0000] {processor.py:208} INFO - Processing /opt/airflow/dags/etl_pipeline/tasks/warehouse/main.py took 0.062 seconds
[2024-10-04T06:46:36.756+0000] {processor.py:186} INFO - Started process (PID=185) to work on /opt/airflow/dags/etl_pipeline/tasks/warehouse/main.py
[2024-10-04T06:46:36.758+0000] {processor.py:914} INFO - Processing file /opt/airflow/dags/etl_pipeline/tasks/warehouse/main.py for tasks to queue
[2024-10-04T06:46:36.764+0000] {logging_mixin.py:190} INFO - [2024-10-04T06:46:36.763+0000] {dagbag.py:588} INFO - Filling up the DagBag from /opt/airflow/dags/etl_pipeline/tasks/warehouse/main.py
[2024-10-04T06:46:36.768+0000] {processor.py:927} WARNING - No viable dags retrieved from /opt/airflow/dags/etl_pipeline/tasks/warehouse/main.py
[2024-10-04T06:46:36.811+0000] {processor.py:208} INFO - Processing /opt/airflow/dags/etl_pipeline/tasks/warehouse/main.py took 0.072 seconds
[2024-10-04T06:47:06.918+0000] {processor.py:186} INFO - Started process (PID=249) to work on /opt/airflow/dags/etl_pipeline/tasks/warehouse/main.py
[2024-10-04T06:47:06.919+0000] {processor.py:914} INFO - Processing file /opt/airflow/dags/etl_pipeline/tasks/warehouse/main.py for tasks to queue
[2024-10-04T06:47:06.923+0000] {logging_mixin.py:190} INFO - [2024-10-04T06:47:06.922+0000] {dagbag.py:588} INFO - Filling up the DagBag from /opt/airflow/dags/etl_pipeline/tasks/warehouse/main.py
[2024-10-04T06:47:06.930+0000] {processor.py:927} WARNING - No viable dags retrieved from /opt/airflow/dags/etl_pipeline/tasks/warehouse/main.py
[2024-10-04T06:47:06.973+0000] {processor.py:208} INFO - Processing /opt/airflow/dags/etl_pipeline/tasks/warehouse/main.py took 0.074 seconds
[2024-10-04T06:47:37.399+0000] {processor.py:186} INFO - Started process (PID=365) to work on /opt/airflow/dags/etl_pipeline/tasks/warehouse/main.py
[2024-10-04T06:47:37.402+0000] {processor.py:914} INFO - Processing file /opt/airflow/dags/etl_pipeline/tasks/warehouse/main.py for tasks to queue
[2024-10-04T06:47:37.416+0000] {logging_mixin.py:190} INFO - [2024-10-04T06:47:37.413+0000] {dagbag.py:588} INFO - Filling up the DagBag from /opt/airflow/dags/etl_pipeline/tasks/warehouse/main.py
[2024-10-04T06:47:37.424+0000] {processor.py:927} WARNING - No viable dags retrieved from /opt/airflow/dags/etl_pipeline/tasks/warehouse/main.py
[2024-10-04T06:47:37.493+0000] {processor.py:208} INFO - Processing /opt/airflow/dags/etl_pipeline/tasks/warehouse/main.py took 0.131 seconds
[2024-10-04T06:48:07.870+0000] {processor.py:186} INFO - Started process (PID=580) to work on /opt/airflow/dags/etl_pipeline/tasks/warehouse/main.py
[2024-10-04T06:48:07.882+0000] {processor.py:914} INFO - Processing file /opt/airflow/dags/etl_pipeline/tasks/warehouse/main.py for tasks to queue
[2024-10-04T06:48:07.886+0000] {logging_mixin.py:190} INFO - [2024-10-04T06:48:07.885+0000] {dagbag.py:588} INFO - Filling up the DagBag from /opt/airflow/dags/etl_pipeline/tasks/warehouse/main.py
[2024-10-04T06:48:07.890+0000] {processor.py:927} WARNING - No viable dags retrieved from /opt/airflow/dags/etl_pipeline/tasks/warehouse/main.py
[2024-10-04T06:48:07.933+0000] {processor.py:208} INFO - Processing /opt/airflow/dags/etl_pipeline/tasks/warehouse/main.py took 0.081 seconds
[2024-10-04T06:48:38.836+0000] {processor.py:186} INFO - Started process (PID=629) to work on /opt/airflow/dags/etl_pipeline/tasks/warehouse/main.py
[2024-10-04T06:48:38.839+0000] {processor.py:914} INFO - Processing file /opt/airflow/dags/etl_pipeline/tasks/warehouse/main.py for tasks to queue
[2024-10-04T06:48:38.847+0000] {logging_mixin.py:190} INFO - [2024-10-04T06:48:38.846+0000] {dagbag.py:588} INFO - Filling up the DagBag from /opt/airflow/dags/etl_pipeline/tasks/warehouse/main.py
[2024-10-04T06:48:38.853+0000] {processor.py:927} WARNING - No viable dags retrieved from /opt/airflow/dags/etl_pipeline/tasks/warehouse/main.py
[2024-10-04T06:48:38.910+0000] {processor.py:208} INFO - Processing /opt/airflow/dags/etl_pipeline/tasks/warehouse/main.py took 0.105 seconds
[2024-10-04T06:49:09.515+0000] {processor.py:186} INFO - Started process (PID=678) to work on /opt/airflow/dags/etl_pipeline/tasks/warehouse/main.py
[2024-10-04T06:49:09.517+0000] {processor.py:914} INFO - Processing file /opt/airflow/dags/etl_pipeline/tasks/warehouse/main.py for tasks to queue
[2024-10-04T06:49:09.521+0000] {logging_mixin.py:190} INFO - [2024-10-04T06:49:09.521+0000] {dagbag.py:588} INFO - Filling up the DagBag from /opt/airflow/dags/etl_pipeline/tasks/warehouse/main.py
[2024-10-04T06:49:09.525+0000] {processor.py:927} WARNING - No viable dags retrieved from /opt/airflow/dags/etl_pipeline/tasks/warehouse/main.py
[2024-10-04T06:49:09.554+0000] {processor.py:208} INFO - Processing /opt/airflow/dags/etl_pipeline/tasks/warehouse/main.py took 0.050 seconds
[2024-10-04T06:49:39.736+0000] {processor.py:186} INFO - Started process (PID=727) to work on /opt/airflow/dags/etl_pipeline/tasks/warehouse/main.py
[2024-10-04T06:49:39.738+0000] {processor.py:914} INFO - Processing file /opt/airflow/dags/etl_pipeline/tasks/warehouse/main.py for tasks to queue
[2024-10-04T06:49:39.742+0000] {logging_mixin.py:190} INFO - [2024-10-04T06:49:39.741+0000] {dagbag.py:588} INFO - Filling up the DagBag from /opt/airflow/dags/etl_pipeline/tasks/warehouse/main.py
[2024-10-04T06:49:39.748+0000] {processor.py:927} WARNING - No viable dags retrieved from /opt/airflow/dags/etl_pipeline/tasks/warehouse/main.py
[2024-10-04T06:49:39.779+0000] {processor.py:208} INFO - Processing /opt/airflow/dags/etl_pipeline/tasks/warehouse/main.py took 0.053 seconds
[2024-10-04T06:50:10.235+0000] {processor.py:186} INFO - Started process (PID=783) to work on /opt/airflow/dags/etl_pipeline/tasks/warehouse/main.py
[2024-10-04T06:50:10.247+0000] {processor.py:914} INFO - Processing file /opt/airflow/dags/etl_pipeline/tasks/warehouse/main.py for tasks to queue
[2024-10-04T06:50:10.251+0000] {logging_mixin.py:190} INFO - [2024-10-04T06:50:10.250+0000] {dagbag.py:588} INFO - Filling up the DagBag from /opt/airflow/dags/etl_pipeline/tasks/warehouse/main.py
[2024-10-04T06:50:10.253+0000] {processor.py:927} WARNING - No viable dags retrieved from /opt/airflow/dags/etl_pipeline/tasks/warehouse/main.py
[2024-10-04T06:50:10.277+0000] {processor.py:208} INFO - Processing /opt/airflow/dags/etl_pipeline/tasks/warehouse/main.py took 0.050 seconds
[2024-10-04T06:50:40.368+0000] {processor.py:186} INFO - Started process (PID=832) to work on /opt/airflow/dags/etl_pipeline/tasks/warehouse/main.py
[2024-10-04T06:50:40.370+0000] {processor.py:914} INFO - Processing file /opt/airflow/dags/etl_pipeline/tasks/warehouse/main.py for tasks to queue
[2024-10-04T06:50:40.376+0000] {logging_mixin.py:190} INFO - [2024-10-04T06:50:40.374+0000] {dagbag.py:588} INFO - Filling up the DagBag from /opt/airflow/dags/etl_pipeline/tasks/warehouse/main.py
[2024-10-04T06:50:40.380+0000] {processor.py:927} WARNING - No viable dags retrieved from /opt/airflow/dags/etl_pipeline/tasks/warehouse/main.py
[2024-10-04T06:50:40.411+0000] {processor.py:208} INFO - Processing /opt/airflow/dags/etl_pipeline/tasks/warehouse/main.py took 0.058 seconds
[2024-10-04T06:51:10.561+0000] {processor.py:186} INFO - Started process (PID=881) to work on /opt/airflow/dags/etl_pipeline/tasks/warehouse/main.py
[2024-10-04T06:51:10.563+0000] {processor.py:914} INFO - Processing file /opt/airflow/dags/etl_pipeline/tasks/warehouse/main.py for tasks to queue
[2024-10-04T06:51:10.565+0000] {logging_mixin.py:190} INFO - [2024-10-04T06:51:10.565+0000] {dagbag.py:588} INFO - Filling up the DagBag from /opt/airflow/dags/etl_pipeline/tasks/warehouse/main.py
[2024-10-04T06:51:10.568+0000] {processor.py:927} WARNING - No viable dags retrieved from /opt/airflow/dags/etl_pipeline/tasks/warehouse/main.py
[2024-10-04T06:51:10.592+0000] {processor.py:208} INFO - Processing /opt/airflow/dags/etl_pipeline/tasks/warehouse/main.py took 0.039 seconds
[2024-10-04T06:51:40.755+0000] {processor.py:186} INFO - Started process (PID=930) to work on /opt/airflow/dags/etl_pipeline/tasks/warehouse/main.py
[2024-10-04T06:51:40.757+0000] {processor.py:914} INFO - Processing file /opt/airflow/dags/etl_pipeline/tasks/warehouse/main.py for tasks to queue
[2024-10-04T06:51:40.762+0000] {logging_mixin.py:190} INFO - [2024-10-04T06:51:40.762+0000] {dagbag.py:588} INFO - Filling up the DagBag from /opt/airflow/dags/etl_pipeline/tasks/warehouse/main.py
[2024-10-04T06:51:40.768+0000] {processor.py:927} WARNING - No viable dags retrieved from /opt/airflow/dags/etl_pipeline/tasks/warehouse/main.py
[2024-10-04T06:51:40.819+0000] {processor.py:208} INFO - Processing /opt/airflow/dags/etl_pipeline/tasks/warehouse/main.py took 0.089 seconds
[2024-10-04T06:52:11.057+0000] {processor.py:186} INFO - Started process (PID=979) to work on /opt/airflow/dags/etl_pipeline/tasks/warehouse/main.py
[2024-10-04T06:52:11.059+0000] {processor.py:914} INFO - Processing file /opt/airflow/dags/etl_pipeline/tasks/warehouse/main.py for tasks to queue
[2024-10-04T06:52:11.062+0000] {logging_mixin.py:190} INFO - [2024-10-04T06:52:11.061+0000] {dagbag.py:588} INFO - Filling up the DagBag from /opt/airflow/dags/etl_pipeline/tasks/warehouse/main.py
[2024-10-04T06:52:11.064+0000] {processor.py:927} WARNING - No viable dags retrieved from /opt/airflow/dags/etl_pipeline/tasks/warehouse/main.py
[2024-10-04T06:52:11.089+0000] {processor.py:208} INFO - Processing /opt/airflow/dags/etl_pipeline/tasks/warehouse/main.py took 0.040 seconds
[2024-10-04T06:52:21.317+0000] {processor.py:186} INFO - Started process (PID=994) to work on /opt/airflow/dags/etl_pipeline/tasks/warehouse/main.py
[2024-10-04T06:52:21.319+0000] {processor.py:914} INFO - Processing file /opt/airflow/dags/etl_pipeline/tasks/warehouse/main.py for tasks to queue
[2024-10-04T06:52:21.322+0000] {logging_mixin.py:190} INFO - [2024-10-04T06:52:21.322+0000] {dagbag.py:588} INFO - Filling up the DagBag from /opt/airflow/dags/etl_pipeline/tasks/warehouse/main.py
[2024-10-04T06:52:21.327+0000] {processor.py:927} WARNING - No viable dags retrieved from /opt/airflow/dags/etl_pipeline/tasks/warehouse/main.py
[2024-10-04T06:52:21.359+0000] {processor.py:208} INFO - Processing /opt/airflow/dags/etl_pipeline/tasks/warehouse/main.py took 0.054 seconds
[2024-10-04T06:52:22.425+0000] {processor.py:186} INFO - Started process (PID=1004) to work on /opt/airflow/dags/etl_pipeline/tasks/warehouse/main.py
[2024-10-04T06:52:22.427+0000] {processor.py:914} INFO - Processing file /opt/airflow/dags/etl_pipeline/tasks/warehouse/main.py for tasks to queue
[2024-10-04T06:52:22.429+0000] {logging_mixin.py:190} INFO - [2024-10-04T06:52:22.428+0000] {dagbag.py:588} INFO - Filling up the DagBag from /opt/airflow/dags/etl_pipeline/tasks/warehouse/main.py
[2024-10-04T06:52:22.433+0000] {processor.py:927} WARNING - No viable dags retrieved from /opt/airflow/dags/etl_pipeline/tasks/warehouse/main.py
[2024-10-04T06:52:22.464+0000] {processor.py:208} INFO - Processing /opt/airflow/dags/etl_pipeline/tasks/warehouse/main.py took 0.052 seconds
[2024-10-04T06:52:23.443+0000] {processor.py:186} INFO - Started process (PID=1009) to work on /opt/airflow/dags/etl_pipeline/tasks/warehouse/main.py
[2024-10-04T06:52:23.444+0000] {processor.py:914} INFO - Processing file /opt/airflow/dags/etl_pipeline/tasks/warehouse/main.py for tasks to queue
[2024-10-04T06:52:23.447+0000] {logging_mixin.py:190} INFO - [2024-10-04T06:52:23.447+0000] {dagbag.py:588} INFO - Filling up the DagBag from /opt/airflow/dags/etl_pipeline/tasks/warehouse/main.py
[2024-10-04T06:52:23.450+0000] {processor.py:927} WARNING - No viable dags retrieved from /opt/airflow/dags/etl_pipeline/tasks/warehouse/main.py
[2024-10-04T06:52:23.486+0000] {processor.py:208} INFO - Processing /opt/airflow/dags/etl_pipeline/tasks/warehouse/main.py took 0.057 seconds
[2024-10-04T06:52:53.582+0000] {processor.py:186} INFO - Started process (PID=1195) to work on /opt/airflow/dags/etl_pipeline/tasks/warehouse/main.py
[2024-10-04T06:52:53.598+0000] {processor.py:914} INFO - Processing file /opt/airflow/dags/etl_pipeline/tasks/warehouse/main.py for tasks to queue
[2024-10-04T06:52:53.609+0000] {logging_mixin.py:190} INFO - [2024-10-04T06:52:53.607+0000] {dagbag.py:588} INFO - Filling up the DagBag from /opt/airflow/dags/etl_pipeline/tasks/warehouse/main.py
[2024-10-04T06:52:53.617+0000] {processor.py:927} WARNING - No viable dags retrieved from /opt/airflow/dags/etl_pipeline/tasks/warehouse/main.py
[2024-10-04T06:52:53.679+0000] {processor.py:208} INFO - Processing /opt/airflow/dags/etl_pipeline/tasks/warehouse/main.py took 0.117 seconds
[2024-10-04T06:53:24.260+0000] {processor.py:186} INFO - Started process (PID=1331) to work on /opt/airflow/dags/etl_pipeline/tasks/warehouse/main.py
[2024-10-04T06:53:24.273+0000] {processor.py:914} INFO - Processing file /opt/airflow/dags/etl_pipeline/tasks/warehouse/main.py for tasks to queue
[2024-10-04T06:53:24.277+0000] {logging_mixin.py:190} INFO - [2024-10-04T06:53:24.276+0000] {dagbag.py:588} INFO - Filling up the DagBag from /opt/airflow/dags/etl_pipeline/tasks/warehouse/main.py
[2024-10-04T06:53:24.280+0000] {processor.py:927} WARNING - No viable dags retrieved from /opt/airflow/dags/etl_pipeline/tasks/warehouse/main.py
[2024-10-04T06:53:24.310+0000] {processor.py:208} INFO - Processing /opt/airflow/dags/etl_pipeline/tasks/warehouse/main.py took 0.061 seconds
[2024-10-04T06:53:54.793+0000] {processor.py:186} INFO - Started process (PID=1380) to work on /opt/airflow/dags/etl_pipeline/tasks/warehouse/main.py
[2024-10-04T06:53:54.794+0000] {processor.py:914} INFO - Processing file /opt/airflow/dags/etl_pipeline/tasks/warehouse/main.py for tasks to queue
[2024-10-04T06:53:54.798+0000] {logging_mixin.py:190} INFO - [2024-10-04T06:53:54.797+0000] {dagbag.py:588} INFO - Filling up the DagBag from /opt/airflow/dags/etl_pipeline/tasks/warehouse/main.py
[2024-10-04T06:53:54.801+0000] {processor.py:927} WARNING - No viable dags retrieved from /opt/airflow/dags/etl_pipeline/tasks/warehouse/main.py
[2024-10-04T06:53:54.835+0000] {processor.py:208} INFO - Processing /opt/airflow/dags/etl_pipeline/tasks/warehouse/main.py took 0.056 seconds
[2024-10-04T06:54:25.090+0000] {processor.py:186} INFO - Started process (PID=1429) to work on /opt/airflow/dags/etl_pipeline/tasks/warehouse/main.py
[2024-10-04T06:54:25.093+0000] {processor.py:914} INFO - Processing file /opt/airflow/dags/etl_pipeline/tasks/warehouse/main.py for tasks to queue
[2024-10-04T06:54:25.097+0000] {logging_mixin.py:190} INFO - [2024-10-04T06:54:25.096+0000] {dagbag.py:588} INFO - Filling up the DagBag from /opt/airflow/dags/etl_pipeline/tasks/warehouse/main.py
[2024-10-04T06:54:25.101+0000] {processor.py:927} WARNING - No viable dags retrieved from /opt/airflow/dags/etl_pipeline/tasks/warehouse/main.py
[2024-10-04T06:54:25.139+0000] {processor.py:208} INFO - Processing /opt/airflow/dags/etl_pipeline/tasks/warehouse/main.py took 0.060 seconds
[2024-10-04T06:54:55.475+0000] {processor.py:186} INFO - Started process (PID=1485) to work on /opt/airflow/dags/etl_pipeline/tasks/warehouse/main.py
[2024-10-04T06:54:55.478+0000] {processor.py:914} INFO - Processing file /opt/airflow/dags/etl_pipeline/tasks/warehouse/main.py for tasks to queue
[2024-10-04T06:54:55.483+0000] {logging_mixin.py:190} INFO - [2024-10-04T06:54:55.481+0000] {dagbag.py:588} INFO - Filling up the DagBag from /opt/airflow/dags/etl_pipeline/tasks/warehouse/main.py
[2024-10-04T06:54:55.488+0000] {processor.py:927} WARNING - No viable dags retrieved from /opt/airflow/dags/etl_pipeline/tasks/warehouse/main.py
[2024-10-04T06:54:55.523+0000] {processor.py:208} INFO - Processing /opt/airflow/dags/etl_pipeline/tasks/warehouse/main.py took 0.064 seconds
[2024-10-04T06:55:25.903+0000] {processor.py:186} INFO - Started process (PID=1531) to work on /opt/airflow/dags/etl_pipeline/tasks/warehouse/main.py
[2024-10-04T06:55:25.916+0000] {processor.py:914} INFO - Processing file /opt/airflow/dags/etl_pipeline/tasks/warehouse/main.py for tasks to queue
[2024-10-04T06:55:25.923+0000] {logging_mixin.py:190} INFO - [2024-10-04T06:55:25.922+0000] {dagbag.py:588} INFO - Filling up the DagBag from /opt/airflow/dags/etl_pipeline/tasks/warehouse/main.py
[2024-10-04T06:55:25.927+0000] {processor.py:927} WARNING - No viable dags retrieved from /opt/airflow/dags/etl_pipeline/tasks/warehouse/main.py
[2024-10-04T06:55:25.965+0000] {processor.py:208} INFO - Processing /opt/airflow/dags/etl_pipeline/tasks/warehouse/main.py took 0.077 seconds
[2024-10-04T06:55:56.521+0000] {processor.py:186} INFO - Started process (PID=1580) to work on /opt/airflow/dags/etl_pipeline/tasks/warehouse/main.py
[2024-10-04T06:55:56.534+0000] {processor.py:914} INFO - Processing file /opt/airflow/dags/etl_pipeline/tasks/warehouse/main.py for tasks to queue
[2024-10-04T06:55:56.540+0000] {logging_mixin.py:190} INFO - [2024-10-04T06:55:56.539+0000] {dagbag.py:588} INFO - Filling up the DagBag from /opt/airflow/dags/etl_pipeline/tasks/warehouse/main.py
[2024-10-04T06:55:56.545+0000] {processor.py:927} WARNING - No viable dags retrieved from /opt/airflow/dags/etl_pipeline/tasks/warehouse/main.py
[2024-10-04T06:55:56.588+0000] {processor.py:208} INFO - Processing /opt/airflow/dags/etl_pipeline/tasks/warehouse/main.py took 0.085 seconds
[2024-10-04T06:56:24.524+0000] {processor.py:186} INFO - Started process (PID=1625) to work on /opt/airflow/dags/etl_pipeline/tasks/warehouse/main.py
[2024-10-04T06:56:24.526+0000] {processor.py:914} INFO - Processing file /opt/airflow/dags/etl_pipeline/tasks/warehouse/main.py for tasks to queue
[2024-10-04T06:56:24.530+0000] {logging_mixin.py:190} INFO - [2024-10-04T06:56:24.530+0000] {dagbag.py:588} INFO - Filling up the DagBag from /opt/airflow/dags/etl_pipeline/tasks/warehouse/main.py
[2024-10-04T06:56:24.537+0000] {processor.py:927} WARNING - No viable dags retrieved from /opt/airflow/dags/etl_pipeline/tasks/warehouse/main.py
[2024-10-04T06:56:24.573+0000] {processor.py:208} INFO - Processing /opt/airflow/dags/etl_pipeline/tasks/warehouse/main.py took 0.067 seconds
[2024-10-04T06:56:24.802+0000] {processor.py:186} INFO - Started process (PID=1635) to work on /opt/airflow/dags/etl_pipeline/tasks/warehouse/main.py
[2024-10-04T06:56:24.803+0000] {processor.py:914} INFO - Processing file /opt/airflow/dags/etl_pipeline/tasks/warehouse/main.py for tasks to queue
[2024-10-04T06:56:24.807+0000] {logging_mixin.py:190} INFO - [2024-10-04T06:56:24.806+0000] {dagbag.py:588} INFO - Filling up the DagBag from /opt/airflow/dags/etl_pipeline/tasks/warehouse/main.py
[2024-10-04T06:56:24.810+0000] {processor.py:927} WARNING - No viable dags retrieved from /opt/airflow/dags/etl_pipeline/tasks/warehouse/main.py
[2024-10-04T06:56:24.846+0000] {processor.py:208} INFO - Processing /opt/airflow/dags/etl_pipeline/tasks/warehouse/main.py took 0.052 seconds
[2024-10-04T06:56:25.851+0000] {processor.py:186} INFO - Started process (PID=1640) to work on /opt/airflow/dags/etl_pipeline/tasks/warehouse/main.py
[2024-10-04T06:56:25.854+0000] {processor.py:914} INFO - Processing file /opt/airflow/dags/etl_pipeline/tasks/warehouse/main.py for tasks to queue
[2024-10-04T06:56:25.865+0000] {logging_mixin.py:190} INFO - [2024-10-04T06:56:25.863+0000] {dagbag.py:588} INFO - Filling up the DagBag from /opt/airflow/dags/etl_pipeline/tasks/warehouse/main.py
[2024-10-04T06:56:25.876+0000] {processor.py:927} WARNING - No viable dags retrieved from /opt/airflow/dags/etl_pipeline/tasks/warehouse/main.py
[2024-10-04T06:56:25.918+0000] {processor.py:208} INFO - Processing /opt/airflow/dags/etl_pipeline/tasks/warehouse/main.py took 0.090 seconds
[2024-10-04T06:56:26.933+0000] {processor.py:186} INFO - Started process (PID=1645) to work on /opt/airflow/dags/etl_pipeline/tasks/warehouse/main.py
[2024-10-04T06:56:26.934+0000] {processor.py:914} INFO - Processing file /opt/airflow/dags/etl_pipeline/tasks/warehouse/main.py for tasks to queue
[2024-10-04T06:56:26.939+0000] {logging_mixin.py:190} INFO - [2024-10-04T06:56:26.938+0000] {dagbag.py:588} INFO - Filling up the DagBag from /opt/airflow/dags/etl_pipeline/tasks/warehouse/main.py
[2024-10-04T06:56:26.945+0000] {processor.py:927} WARNING - No viable dags retrieved from /opt/airflow/dags/etl_pipeline/tasks/warehouse/main.py
[2024-10-04T06:56:26.986+0000] {processor.py:208} INFO - Processing /opt/airflow/dags/etl_pipeline/tasks/warehouse/main.py took 0.068 seconds
[2024-10-04T06:56:57.174+0000] {processor.py:186} INFO - Started process (PID=1839) to work on /opt/airflow/dags/etl_pipeline/tasks/warehouse/main.py
[2024-10-04T06:56:57.176+0000] {processor.py:914} INFO - Processing file /opt/airflow/dags/etl_pipeline/tasks/warehouse/main.py for tasks to queue
[2024-10-04T06:56:57.182+0000] {logging_mixin.py:190} INFO - [2024-10-04T06:56:57.181+0000] {dagbag.py:588} INFO - Filling up the DagBag from /opt/airflow/dags/etl_pipeline/tasks/warehouse/main.py
[2024-10-04T06:56:57.189+0000] {processor.py:927} WARNING - No viable dags retrieved from /opt/airflow/dags/etl_pipeline/tasks/warehouse/main.py
[2024-10-04T06:56:57.235+0000] {processor.py:208} INFO - Processing /opt/airflow/dags/etl_pipeline/tasks/warehouse/main.py took 0.080 seconds
[2024-10-04T06:57:27.396+0000] {processor.py:186} INFO - Started process (PID=2035) to work on /opt/airflow/dags/etl_pipeline/tasks/warehouse/main.py
[2024-10-04T06:57:27.397+0000] {processor.py:914} INFO - Processing file /opt/airflow/dags/etl_pipeline/tasks/warehouse/main.py for tasks to queue
[2024-10-04T06:57:27.401+0000] {logging_mixin.py:190} INFO - [2024-10-04T06:57:27.400+0000] {dagbag.py:588} INFO - Filling up the DagBag from /opt/airflow/dags/etl_pipeline/tasks/warehouse/main.py
[2024-10-04T06:57:27.404+0000] {processor.py:927} WARNING - No viable dags retrieved from /opt/airflow/dags/etl_pipeline/tasks/warehouse/main.py
[2024-10-04T06:57:27.433+0000] {processor.py:208} INFO - Processing /opt/airflow/dags/etl_pipeline/tasks/warehouse/main.py took 0.049 seconds
[2024-10-04T06:57:58.358+0000] {processor.py:186} INFO - Started process (PID=2084) to work on /opt/airflow/dags/etl_pipeline/tasks/warehouse/main.py
[2024-10-04T06:57:58.360+0000] {processor.py:914} INFO - Processing file /opt/airflow/dags/etl_pipeline/tasks/warehouse/main.py for tasks to queue
[2024-10-04T06:57:58.364+0000] {logging_mixin.py:190} INFO - [2024-10-04T06:57:58.364+0000] {dagbag.py:588} INFO - Filling up the DagBag from /opt/airflow/dags/etl_pipeline/tasks/warehouse/main.py
[2024-10-04T06:57:58.367+0000] {processor.py:927} WARNING - No viable dags retrieved from /opt/airflow/dags/etl_pipeline/tasks/warehouse/main.py
[2024-10-04T06:57:58.399+0000] {processor.py:208} INFO - Processing /opt/airflow/dags/etl_pipeline/tasks/warehouse/main.py took 0.052 seconds
[2024-10-04T06:58:28.561+0000] {processor.py:186} INFO - Started process (PID=2133) to work on /opt/airflow/dags/etl_pipeline/tasks/warehouse/main.py
[2024-10-04T06:58:28.563+0000] {processor.py:914} INFO - Processing file /opt/airflow/dags/etl_pipeline/tasks/warehouse/main.py for tasks to queue
[2024-10-04T06:58:28.569+0000] {logging_mixin.py:190} INFO - [2024-10-04T06:58:28.568+0000] {dagbag.py:588} INFO - Filling up the DagBag from /opt/airflow/dags/etl_pipeline/tasks/warehouse/main.py
[2024-10-04T06:58:28.574+0000] {processor.py:927} WARNING - No viable dags retrieved from /opt/airflow/dags/etl_pipeline/tasks/warehouse/main.py
[2024-10-04T06:58:28.614+0000] {processor.py:208} INFO - Processing /opt/airflow/dags/etl_pipeline/tasks/warehouse/main.py took 0.068 seconds
