[2024-09-25T11:11:38.173+0000] {local_task_job_runner.py:123} INFO - ::group::Pre task execution logs
[2024-09-25T11:11:38.279+0000] {taskinstance.py:2612} INFO - Dependencies all met for dep_context=non-requeueable deps ti=<TaskInstance: etl_pipeline.pipeline.warehouse.step_1.extract_transform.customers_history manual__2024-09-25T11:08:58.108660+00:00 [queued]>
[2024-09-25T11:11:38.341+0000] {taskinstance.py:2612} INFO - Dependencies all met for dep_context=requeueable deps ti=<TaskInstance: etl_pipeline.pipeline.warehouse.step_1.extract_transform.customers_history manual__2024-09-25T11:08:58.108660+00:00 [queued]>
[2024-09-25T11:11:38.385+0000] {taskinstance.py:2865} INFO - Starting attempt 1 of 1
[2024-09-25T11:11:38.716+0000] {taskinstance.py:2888} INFO - Executing <Task(PythonOperator): pipeline.warehouse.step_1.extract_transform.customers_history> on 2024-09-25 11:08:58.108660+00:00
[2024-09-25T11:11:38.761+0000] {warnings.py:112} WARNING - /home/***/.local/lib/python3.12/site-packages/***/task/task_runner/standard_task_runner.py:70: DeprecationWarning: This process (pid=917) is multi-threaded, use of fork() may lead to deadlocks in the child.
  pid = os.fork()

[2024-09-25T11:11:38.796+0000] {standard_task_runner.py:72} INFO - Started process 945 to run task
[2024-09-25T11:11:38.793+0000] {standard_task_runner.py:104} INFO - Running: ['***', 'tasks', 'run', 'etl_pipeline', 'pipeline.warehouse.step_1.extract_transform.customers_history', 'manual__2024-09-25T11:08:58.108660+00:00', '--job-id', '233', '--raw', '--subdir', 'DAGS_FOLDER/etl_pipeline/run.py', '--cfg-path', '/tmp/tmpycneztvc']
[2024-09-25T11:11:38.802+0000] {standard_task_runner.py:105} INFO - Job 233: Subtask pipeline.warehouse.step_1.extract_transform.customers_history
[2024-09-25T11:11:39.514+0000] {task_command.py:467} INFO - Running <TaskInstance: etl_pipeline.pipeline.warehouse.step_1.extract_transform.customers_history manual__2024-09-25T11:08:58.108660+00:00 [running]> on host e10075799413
[2024-09-25T11:11:40.440+0000] {taskinstance.py:3131} INFO - Exporting env vars: AIRFLOW_CTX_DAG_OWNER='***' AIRFLOW_CTX_DAG_ID='etl_pipeline' AIRFLOW_CTX_TASK_ID='pipeline.warehouse.step_1.extract_transform.customers_history' AIRFLOW_CTX_EXECUTION_DATE='2024-09-25T11:08:58.108660+00:00' AIRFLOW_CTX_TRY_NUMBER='1' AIRFLOW_CTX_DAG_RUN_ID='manual__2024-09-25T11:08:58.108660+00:00'
[2024-09-25T11:11:40.443+0000] {taskinstance.py:731} INFO - ::endgroup::
[2024-09-25T11:11:40.538+0000] {base.py:84} INFO - Retrieving connection 'staging_db'
[2024-09-25T11:11:41.887+0000] {base.py:84} INFO - Retrieving connection 'minio'
[2024-09-25T11:11:41.972+0000] {python.py:240} INFO - Done. Returned value was: None
[2024-09-25T11:11:42.059+0000] {taskinstance.py:340} INFO - ::group::Post task execution logs
[2024-09-25T11:11:42.060+0000] {taskinstance.py:352} INFO - Marking task as SUCCESS. dag_id=etl_pipeline, task_id=pipeline.warehouse.step_1.extract_transform.customers_history, run_id=manual__2024-09-25T11:08:58.108660+00:00, execution_date=20240925T110858, start_date=20240925T111138, end_date=20240925T111142
[2024-09-25T11:11:42.180+0000] {local_task_job_runner.py:266} INFO - Task exited with return code 0
[2024-09-25T11:11:42.323+0000] {taskinstance.py:3900} INFO - 0 downstream tasks scheduled from follow-on schedule check
[2024-09-25T11:11:42.336+0000] {local_task_job_runner.py:245} INFO - ::endgroup::
