[2024-09-25T09:59:15.128+0000] {local_task_job_runner.py:123} INFO - ::group::Pre task execution logs
[2024-09-25T09:59:15.146+0000] {taskinstance.py:2612} INFO - Dependencies all met for dep_context=non-requeueable deps ti=<TaskInstance: etl_init.create_bucket scheduled__2024-09-01T00:00:00+00:00 [queued]>
[2024-09-25T09:59:15.156+0000] {taskinstance.py:2612} INFO - Dependencies all met for dep_context=requeueable deps ti=<TaskInstance: etl_init.create_bucket scheduled__2024-09-01T00:00:00+00:00 [queued]>
[2024-09-25T09:59:15.156+0000] {taskinstance.py:2865} INFO - Starting attempt 1 of 1
[2024-09-25T09:59:15.171+0000] {taskinstance.py:2888} INFO - Executing <Task(_PythonDecoratedOperator): create_bucket> on 2024-09-01 00:00:00+00:00
[2024-09-25T09:59:15.178+0000] {warnings.py:112} WARNING - /home/***/.local/lib/python3.12/site-packages/***/task/task_runner/standard_task_runner.py:70: DeprecationWarning: This process (pid=366) is multi-threaded, use of fork() may lead to deadlocks in the child.
  pid = os.fork()

[2024-09-25T09:59:15.180+0000] {standard_task_runner.py:72} INFO - Started process 368 to run task
[2024-09-25T09:59:15.181+0000] {standard_task_runner.py:104} INFO - Running: ['***', 'tasks', 'run', 'etl_init', 'create_bucket', 'scheduled__2024-09-01T00:00:00+00:00', '--job-id', '56', '--raw', '--subdir', 'DAGS_FOLDER/etl_init/run.py', '--cfg-path', '/tmp/tmpg7mszk9u']
[2024-09-25T09:59:15.184+0000] {standard_task_runner.py:105} INFO - Job 56: Subtask create_bucket
[2024-09-25T09:59:15.241+0000] {task_command.py:467} INFO - Running <TaskInstance: etl_init.create_bucket scheduled__2024-09-01T00:00:00+00:00 [running]> on host 639d778bfb8f
[2024-09-25T09:59:15.350+0000] {taskinstance.py:3131} INFO - Exporting env vars: AIRFLOW_CTX_DAG_OWNER='***' AIRFLOW_CTX_DAG_ID='etl_init' AIRFLOW_CTX_TASK_ID='create_bucket' AIRFLOW_CTX_EXECUTION_DATE='2024-09-01T00:00:00+00:00' AIRFLOW_CTX_TRY_NUMBER='1' AIRFLOW_CTX_DAG_RUN_ID='scheduled__2024-09-01T00:00:00+00:00'
[2024-09-25T09:59:15.354+0000] {taskinstance.py:731} INFO - ::endgroup::
[2024-09-25T09:59:15.384+0000] {base.py:84} INFO - Retrieving connection 'minio'
[2024-09-25T09:59:15.455+0000] {python.py:240} INFO - Done. Returned value was: None
[2024-09-25T09:59:15.467+0000] {taskinstance.py:340} INFO - ::group::Post task execution logs
[2024-09-25T09:59:15.468+0000] {taskinstance.py:352} INFO - Marking task as SUCCESS. dag_id=etl_init, task_id=create_bucket, run_id=scheduled__2024-09-01T00:00:00+00:00, execution_date=20240901T000000, start_date=20240925T095915, end_date=20240925T095915
[2024-09-25T09:59:15.517+0000] {local_task_job_runner.py:266} INFO - Task exited with return code 0
[2024-09-25T09:59:15.565+0000] {taskinstance.py:3900} INFO - 1 downstream tasks scheduled from follow-on schedule check
[2024-09-25T09:59:15.570+0000] {local_task_job_runner.py:245} INFO - ::endgroup::
