[2024-09-25T11:08:02.670+0000] {local_task_job_runner.py:123} INFO - ::group::Pre task execution logs
[2024-09-25T11:08:02.747+0000] {taskinstance.py:2612} INFO - Dependencies all met for dep_context=non-requeueable deps ti=<TaskInstance: etl_pipeline.pipeline.staging.dellstore_spreadsheet.extract manual__2024-09-25T11:05:57.968197+00:00 [queued]>
[2024-09-25T11:08:02.783+0000] {taskinstance.py:2612} INFO - Dependencies all met for dep_context=requeueable deps ti=<TaskInstance: etl_pipeline.pipeline.staging.dellstore_spreadsheet.extract manual__2024-09-25T11:05:57.968197+00:00 [queued]>
[2024-09-25T11:08:02.784+0000] {taskinstance.py:2865} INFO - Starting attempt 1 of 1
[2024-09-25T11:08:02.834+0000] {taskinstance.py:2888} INFO - Executing <Task(PythonOperator): pipeline.staging.dellstore_spreadsheet.extract> on 2024-09-25 11:05:57.968197+00:00
[2024-09-25T11:08:02.854+0000] {warnings.py:112} WARNING - /home/***/.local/lib/python3.12/site-packages/***/task/task_runner/standard_task_runner.py:70: DeprecationWarning: This process (pid=590) is multi-threaded, use of fork() may lead to deadlocks in the child.
  pid = os.fork()

[2024-09-25T11:08:02.858+0000] {standard_task_runner.py:72} INFO - Started process 595 to run task
[2024-09-25T11:08:02.880+0000] {standard_task_runner.py:104} INFO - Running: ['***', 'tasks', 'run', 'etl_pipeline', 'pipeline.staging.dellstore_spreadsheet.extract', 'manual__2024-09-25T11:05:57.968197+00:00', '--job-id', '156', '--raw', '--subdir', 'DAGS_FOLDER/etl_pipeline/run.py', '--cfg-path', '/tmp/tmp_fbvqcx_']
[2024-09-25T11:08:02.886+0000] {standard_task_runner.py:105} INFO - Job 156: Subtask pipeline.staging.dellstore_spreadsheet.extract
[2024-09-25T11:08:03.040+0000] {task_command.py:467} INFO - Running <TaskInstance: etl_pipeline.pipeline.staging.dellstore_spreadsheet.extract manual__2024-09-25T11:05:57.968197+00:00 [running]> on host e10075799413
[2024-09-25T11:08:03.384+0000] {taskinstance.py:3131} INFO - Exporting env vars: AIRFLOW_CTX_DAG_OWNER='***' AIRFLOW_CTX_DAG_ID='etl_pipeline' AIRFLOW_CTX_TASK_ID='pipeline.staging.dellstore_spreadsheet.extract' AIRFLOW_CTX_EXECUTION_DATE='2024-09-25T11:05:57.968197+00:00' AIRFLOW_CTX_TRY_NUMBER='1' AIRFLOW_CTX_DAG_RUN_ID='manual__2024-09-25T11:05:57.968197+00:00'
[2024-09-25T11:08:03.386+0000] {taskinstance.py:731} INFO - ::endgroup::
[2024-09-25T11:08:03.422+0000] {connection.py:277} WARNING - Connection schemes (type: google_cloud_platform) shall not contain '_' according to RFC3986.
[2024-09-25T11:08:03.440+0000] {base.py:84} INFO - Retrieving connection 'dellstore_analytics'
[2024-09-25T11:08:06.089+0000] {base.py:84} INFO - Retrieving connection 'minio'
[2024-09-25T11:08:06.247+0000] {python.py:240} INFO - Done. Returned value was: None
[2024-09-25T11:08:06.329+0000] {taskinstance.py:340} INFO - ::group::Post task execution logs
[2024-09-25T11:08:06.333+0000] {taskinstance.py:352} INFO - Marking task as SUCCESS. dag_id=etl_pipeline, task_id=pipeline.staging.dellstore_spreadsheet.extract, run_id=manual__2024-09-25T11:05:57.968197+00:00, execution_date=20240925T110557, start_date=20240925T110802, end_date=20240925T110806
[2024-09-25T11:08:06.470+0000] {local_task_job_runner.py:266} INFO - Task exited with return code 0
[2024-09-25T11:08:06.633+0000] {taskinstance.py:3900} INFO - 1 downstream tasks scheduled from follow-on schedule check
[2024-09-25T11:08:06.637+0000] {local_task_job_runner.py:245} INFO - ::endgroup::
