[2024-09-25T07:46:02.946+0000] {processor.py:186} INFO - Started process (PID=74) to work on /opt/airflow/dags/materi/retry.py
[2024-09-25T07:46:02.947+0000] {processor.py:914} INFO - Processing file /opt/airflow/dags/materi/retry.py for tasks to queue
[2024-09-25T07:46:02.951+0000] {logging_mixin.py:190} INFO - [2024-09-25T07:46:02.950+0000] {dagbag.py:588} INFO - Filling up the DagBag from /opt/airflow/dags/materi/retry.py
[2024-09-25T07:46:02.997+0000] {processor.py:925} INFO - DAG(s) 'retry_dag' retrieved from /opt/airflow/dags/materi/retry.py
[2024-09-25T07:46:03.714+0000] {logging_mixin.py:190} INFO - [2024-09-25T07:46:03.713+0000] {override.py:1900} INFO - Created Permission View: can edit on DAG:retry_dag
[2024-09-25T07:46:03.743+0000] {logging_mixin.py:190} INFO - [2024-09-25T07:46:03.742+0000] {override.py:1900} INFO - Created Permission View: can delete on DAG:retry_dag
[2024-09-25T07:46:03.762+0000] {logging_mixin.py:190} INFO - [2024-09-25T07:46:03.762+0000] {override.py:1900} INFO - Created Permission View: can read on DAG:retry_dag
[2024-09-25T07:46:03.787+0000] {logging_mixin.py:190} INFO - [2024-09-25T07:46:03.786+0000] {override.py:1900} INFO - Created Permission View: can delete on DAG Run:retry_dag
[2024-09-25T07:46:03.805+0000] {logging_mixin.py:190} INFO - [2024-09-25T07:46:03.805+0000] {override.py:1900} INFO - Created Permission View: menu access on DAG Run:retry_dag
[2024-09-25T07:46:03.824+0000] {logging_mixin.py:190} INFO - [2024-09-25T07:46:03.823+0000] {override.py:1900} INFO - Created Permission View: can create on DAG Run:retry_dag
[2024-09-25T07:46:03.841+0000] {logging_mixin.py:190} INFO - [2024-09-25T07:46:03.840+0000] {override.py:1900} INFO - Created Permission View: can read on DAG Run:retry_dag
[2024-09-25T07:46:03.842+0000] {logging_mixin.py:190} INFO - [2024-09-25T07:46:03.841+0000] {dag.py:3239} INFO - Sync 1 DAGs
[2024-09-25T07:46:03.880+0000] {logging_mixin.py:190} INFO - [2024-09-25T07:46:03.879+0000] {dag.py:3262} INFO - Creating ORM DAG for retry_dag
[2024-09-25T07:46:03.913+0000] {logging_mixin.py:190} INFO - [2024-09-25T07:46:03.912+0000] {dag.py:4180} INFO - Setting next_dagrun for retry_dag to 2024-09-26 00:00:00+00:00, run_after=2024-09-27 00:00:00+00:00
[2024-09-25T07:46:03.963+0000] {processor.py:208} INFO - Processing /opt/airflow/dags/materi/retry.py took 1.057 seconds
[2024-09-25T07:46:34.219+0000] {processor.py:186} INFO - Started process (PID=92) to work on /opt/airflow/dags/materi/retry.py
[2024-09-25T07:46:34.221+0000] {processor.py:914} INFO - Processing file /opt/airflow/dags/materi/retry.py for tasks to queue
[2024-09-25T07:46:34.227+0000] {logging_mixin.py:190} INFO - [2024-09-25T07:46:34.226+0000] {dagbag.py:588} INFO - Filling up the DagBag from /opt/airflow/dags/materi/retry.py
[2024-09-25T07:46:34.256+0000] {processor.py:925} INFO - DAG(s) 'retry_dag' retrieved from /opt/airflow/dags/materi/retry.py
[2024-09-25T07:46:34.737+0000] {logging_mixin.py:190} INFO - [2024-09-25T07:46:34.732+0000] {dag.py:3239} INFO - Sync 1 DAGs
[2024-09-25T07:46:34.834+0000] {logging_mixin.py:190} INFO - [2024-09-25T07:46:34.831+0000] {dag.py:4180} INFO - Setting next_dagrun for retry_dag to 2024-09-26 00:00:00+00:00, run_after=2024-09-27 00:00:00+00:00
[2024-09-25T07:46:34.906+0000] {processor.py:208} INFO - Processing /opt/airflow/dags/materi/retry.py took 0.703 seconds
[2024-09-25T07:47:05.749+0000] {processor.py:186} INFO - Started process (PID=111) to work on /opt/airflow/dags/materi/retry.py
[2024-09-25T07:47:05.751+0000] {processor.py:914} INFO - Processing file /opt/airflow/dags/materi/retry.py for tasks to queue
[2024-09-25T07:47:05.761+0000] {logging_mixin.py:190} INFO - [2024-09-25T07:47:05.759+0000] {dagbag.py:588} INFO - Filling up the DagBag from /opt/airflow/dags/materi/retry.py
[2024-09-25T07:47:05.805+0000] {processor.py:925} INFO - DAG(s) 'retry_dag' retrieved from /opt/airflow/dags/materi/retry.py
[2024-09-25T07:47:06.350+0000] {logging_mixin.py:190} INFO - [2024-09-25T07:47:06.347+0000] {dag.py:3239} INFO - Sync 1 DAGs
[2024-09-25T07:47:06.445+0000] {logging_mixin.py:190} INFO - [2024-09-25T07:47:06.444+0000] {dag.py:4180} INFO - Setting next_dagrun for retry_dag to 2024-09-26 00:00:00+00:00, run_after=2024-09-27 00:00:00+00:00
[2024-09-25T07:47:06.517+0000] {processor.py:208} INFO - Processing /opt/airflow/dags/materi/retry.py took 0.788 seconds
[2024-09-25T07:47:36.665+0000] {processor.py:186} INFO - Started process (PID=129) to work on /opt/airflow/dags/materi/retry.py
[2024-09-25T07:47:36.677+0000] {processor.py:914} INFO - Processing file /opt/airflow/dags/materi/retry.py for tasks to queue
[2024-09-25T07:47:36.682+0000] {logging_mixin.py:190} INFO - [2024-09-25T07:47:36.681+0000] {dagbag.py:588} INFO - Filling up the DagBag from /opt/airflow/dags/materi/retry.py
[2024-09-25T07:47:36.710+0000] {processor.py:925} INFO - DAG(s) 'retry_dag' retrieved from /opt/airflow/dags/materi/retry.py
[2024-09-25T07:47:37.028+0000] {logging_mixin.py:190} INFO - [2024-09-25T07:47:37.027+0000] {dag.py:3239} INFO - Sync 1 DAGs
[2024-09-25T07:47:37.093+0000] {logging_mixin.py:190} INFO - [2024-09-25T07:47:37.092+0000] {dag.py:4180} INFO - Setting next_dagrun for retry_dag to 2024-09-26 00:00:00+00:00, run_after=2024-09-27 00:00:00+00:00
[2024-09-25T07:47:37.150+0000] {processor.py:208} INFO - Processing /opt/airflow/dags/materi/retry.py took 0.500 seconds
[2024-09-25T07:48:07.293+0000] {processor.py:186} INFO - Started process (PID=147) to work on /opt/airflow/dags/materi/retry.py
[2024-09-25T07:48:07.295+0000] {processor.py:914} INFO - Processing file /opt/airflow/dags/materi/retry.py for tasks to queue
[2024-09-25T07:48:07.300+0000] {logging_mixin.py:190} INFO - [2024-09-25T07:48:07.299+0000] {dagbag.py:588} INFO - Filling up the DagBag from /opt/airflow/dags/materi/retry.py
[2024-09-25T07:48:07.325+0000] {processor.py:925} INFO - DAG(s) 'retry_dag' retrieved from /opt/airflow/dags/materi/retry.py
[2024-09-25T07:48:07.643+0000] {logging_mixin.py:190} INFO - [2024-09-25T07:48:07.642+0000] {dag.py:3239} INFO - Sync 1 DAGs
[2024-09-25T07:48:07.703+0000] {logging_mixin.py:190} INFO - [2024-09-25T07:48:07.703+0000] {dag.py:4180} INFO - Setting next_dagrun for retry_dag to 2024-09-26 00:00:00+00:00, run_after=2024-09-27 00:00:00+00:00
[2024-09-25T07:48:07.749+0000] {processor.py:208} INFO - Processing /opt/airflow/dags/materi/retry.py took 0.471 seconds
[2024-09-25T07:48:38.099+0000] {processor.py:186} INFO - Started process (PID=165) to work on /opt/airflow/dags/materi/retry.py
[2024-09-25T07:48:38.101+0000] {processor.py:914} INFO - Processing file /opt/airflow/dags/materi/retry.py for tasks to queue
[2024-09-25T07:48:38.106+0000] {logging_mixin.py:190} INFO - [2024-09-25T07:48:38.105+0000] {dagbag.py:588} INFO - Filling up the DagBag from /opt/airflow/dags/materi/retry.py
[2024-09-25T07:48:38.131+0000] {processor.py:925} INFO - DAG(s) 'retry_dag' retrieved from /opt/airflow/dags/materi/retry.py
[2024-09-25T07:48:38.428+0000] {logging_mixin.py:190} INFO - [2024-09-25T07:48:38.427+0000] {dag.py:3239} INFO - Sync 1 DAGs
[2024-09-25T07:48:38.482+0000] {logging_mixin.py:190} INFO - [2024-09-25T07:48:38.481+0000] {dag.py:4180} INFO - Setting next_dagrun for retry_dag to 2024-09-26 00:00:00+00:00, run_after=2024-09-27 00:00:00+00:00
[2024-09-25T07:48:38.530+0000] {processor.py:208} INFO - Processing /opt/airflow/dags/materi/retry.py took 0.442 seconds
[2024-09-25T07:49:08.761+0000] {processor.py:186} INFO - Started process (PID=183) to work on /opt/airflow/dags/materi/retry.py
[2024-09-25T07:49:08.763+0000] {processor.py:914} INFO - Processing file /opt/airflow/dags/materi/retry.py for tasks to queue
[2024-09-25T07:49:08.769+0000] {logging_mixin.py:190} INFO - [2024-09-25T07:49:08.768+0000] {dagbag.py:588} INFO - Filling up the DagBag from /opt/airflow/dags/materi/retry.py
[2024-09-25T07:49:08.793+0000] {processor.py:925} INFO - DAG(s) 'retry_dag' retrieved from /opt/airflow/dags/materi/retry.py
[2024-09-25T07:49:09.127+0000] {logging_mixin.py:190} INFO - [2024-09-25T07:49:09.126+0000] {dag.py:3239} INFO - Sync 1 DAGs
[2024-09-25T07:49:09.189+0000] {logging_mixin.py:190} INFO - [2024-09-25T07:49:09.188+0000] {dag.py:4180} INFO - Setting next_dagrun for retry_dag to 2024-09-26 00:00:00+00:00, run_after=2024-09-27 00:00:00+00:00
[2024-09-25T07:49:09.239+0000] {processor.py:208} INFO - Processing /opt/airflow/dags/materi/retry.py took 0.495 seconds
[2024-09-25T07:49:39.822+0000] {processor.py:186} INFO - Started process (PID=201) to work on /opt/airflow/dags/materi/retry.py
[2024-09-25T07:49:39.825+0000] {processor.py:914} INFO - Processing file /opt/airflow/dags/materi/retry.py for tasks to queue
[2024-09-25T07:49:39.838+0000] {logging_mixin.py:190} INFO - [2024-09-25T07:49:39.837+0000] {dagbag.py:588} INFO - Filling up the DagBag from /opt/airflow/dags/materi/retry.py
[2024-09-25T07:49:39.876+0000] {processor.py:925} INFO - DAG(s) 'retry_dag' retrieved from /opt/airflow/dags/materi/retry.py
[2024-09-25T07:49:40.315+0000] {logging_mixin.py:190} INFO - [2024-09-25T07:49:40.313+0000] {dag.py:3239} INFO - Sync 1 DAGs
[2024-09-25T07:49:40.397+0000] {logging_mixin.py:190} INFO - [2024-09-25T07:49:40.396+0000] {dag.py:4180} INFO - Setting next_dagrun for retry_dag to 2024-09-26 00:00:00+00:00, run_after=2024-09-27 00:00:00+00:00
[2024-09-25T07:49:40.465+0000] {processor.py:208} INFO - Processing /opt/airflow/dags/materi/retry.py took 0.674 seconds
[2024-09-25T07:50:10.728+0000] {processor.py:186} INFO - Started process (PID=219) to work on /opt/airflow/dags/materi/retry.py
[2024-09-25T07:50:10.731+0000] {processor.py:914} INFO - Processing file /opt/airflow/dags/materi/retry.py for tasks to queue
[2024-09-25T07:50:10.736+0000] {logging_mixin.py:190} INFO - [2024-09-25T07:50:10.735+0000] {dagbag.py:588} INFO - Filling up the DagBag from /opt/airflow/dags/materi/retry.py
[2024-09-25T07:50:10.761+0000] {processor.py:925} INFO - DAG(s) 'retry_dag' retrieved from /opt/airflow/dags/materi/retry.py
[2024-09-25T07:50:11.112+0000] {logging_mixin.py:190} INFO - [2024-09-25T07:50:11.111+0000] {dag.py:3239} INFO - Sync 1 DAGs
[2024-09-25T07:50:11.195+0000] {logging_mixin.py:190} INFO - [2024-09-25T07:50:11.194+0000] {dag.py:4180} INFO - Setting next_dagrun for retry_dag to 2024-09-26 00:00:00+00:00, run_after=2024-09-27 00:00:00+00:00
[2024-09-25T07:50:11.254+0000] {processor.py:208} INFO - Processing /opt/airflow/dags/materi/retry.py took 0.541 seconds
[2024-09-25T07:57:29.162+0000] {processor.py:186} INFO - Started process (PID=74) to work on /opt/airflow/dags/materi/retry.py
[2024-09-25T07:57:29.164+0000] {processor.py:914} INFO - Processing file /opt/airflow/dags/materi/retry.py for tasks to queue
[2024-09-25T07:57:29.174+0000] {logging_mixin.py:190} INFO - [2024-09-25T07:57:29.173+0000] {dagbag.py:588} INFO - Filling up the DagBag from /opt/airflow/dags/materi/retry.py
[2024-09-25T07:57:29.206+0000] {processor.py:925} INFO - DAG(s) 'retry_dag' retrieved from /opt/airflow/dags/materi/retry.py
[2024-09-25T07:57:29.646+0000] {logging_mixin.py:190} INFO - [2024-09-25T07:57:29.645+0000] {dag.py:3239} INFO - Sync 1 DAGs
[2024-09-25T07:57:29.729+0000] {logging_mixin.py:190} INFO - [2024-09-25T07:57:29.729+0000] {dag.py:4180} INFO - Setting next_dagrun for retry_dag to 2024-09-26 00:00:00+00:00, run_after=2024-09-27 00:00:00+00:00
[2024-09-25T07:57:29.798+0000] {processor.py:208} INFO - Processing /opt/airflow/dags/materi/retry.py took 0.654 seconds
[2024-09-25T07:58:00.719+0000] {processor.py:186} INFO - Started process (PID=99) to work on /opt/airflow/dags/materi/retry.py
[2024-09-25T07:58:00.720+0000] {processor.py:914} INFO - Processing file /opt/airflow/dags/materi/retry.py for tasks to queue
[2024-09-25T07:58:00.725+0000] {logging_mixin.py:190} INFO - [2024-09-25T07:58:00.725+0000] {dagbag.py:588} INFO - Filling up the DagBag from /opt/airflow/dags/materi/retry.py
[2024-09-25T07:58:00.752+0000] {processor.py:925} INFO - DAG(s) 'retry_dag' retrieved from /opt/airflow/dags/materi/retry.py
[2024-09-25T07:58:01.080+0000] {logging_mixin.py:190} INFO - [2024-09-25T07:58:01.078+0000] {dag.py:3239} INFO - Sync 1 DAGs
[2024-09-25T07:58:01.155+0000] {logging_mixin.py:190} INFO - [2024-09-25T07:58:01.155+0000] {dag.py:4180} INFO - Setting next_dagrun for retry_dag to 2024-09-26 00:00:00+00:00, run_after=2024-09-27 00:00:00+00:00
[2024-09-25T07:58:01.221+0000] {processor.py:208} INFO - Processing /opt/airflow/dags/materi/retry.py took 0.517 seconds
[2024-09-25T07:58:32.728+0000] {processor.py:186} INFO - Started process (PID=124) to work on /opt/airflow/dags/materi/retry.py
[2024-09-25T07:58:32.754+0000] {processor.py:914} INFO - Processing file /opt/airflow/dags/materi/retry.py for tasks to queue
[2024-09-25T07:58:32.759+0000] {logging_mixin.py:190} INFO - [2024-09-25T07:58:32.758+0000] {dagbag.py:588} INFO - Filling up the DagBag from /opt/airflow/dags/materi/retry.py
[2024-09-25T07:58:32.808+0000] {processor.py:925} INFO - DAG(s) 'retry_dag' retrieved from /opt/airflow/dags/materi/retry.py
[2024-09-25T07:58:33.201+0000] {logging_mixin.py:190} INFO - [2024-09-25T07:58:33.200+0000] {dag.py:3239} INFO - Sync 1 DAGs
[2024-09-25T07:58:33.288+0000] {logging_mixin.py:190} INFO - [2024-09-25T07:58:33.287+0000] {dag.py:4180} INFO - Setting next_dagrun for retry_dag to 2024-09-26 00:00:00+00:00, run_after=2024-09-27 00:00:00+00:00
[2024-09-25T07:58:33.356+0000] {processor.py:208} INFO - Processing /opt/airflow/dags/materi/retry.py took 0.655 seconds
[2024-09-25T07:59:03.858+0000] {processor.py:186} INFO - Started process (PID=147) to work on /opt/airflow/dags/materi/retry.py
[2024-09-25T07:59:03.861+0000] {processor.py:914} INFO - Processing file /opt/airflow/dags/materi/retry.py for tasks to queue
[2024-09-25T07:59:03.868+0000] {logging_mixin.py:190} INFO - [2024-09-25T07:59:03.866+0000] {dagbag.py:588} INFO - Filling up the DagBag from /opt/airflow/dags/materi/retry.py
[2024-09-25T07:59:03.904+0000] {processor.py:925} INFO - DAG(s) 'retry_dag' retrieved from /opt/airflow/dags/materi/retry.py
[2024-09-25T07:59:04.268+0000] {logging_mixin.py:190} INFO - [2024-09-25T07:59:04.267+0000] {dag.py:3239} INFO - Sync 1 DAGs
[2024-09-25T07:59:04.332+0000] {logging_mixin.py:190} INFO - [2024-09-25T07:59:04.332+0000] {dag.py:4180} INFO - Setting next_dagrun for retry_dag to 2024-09-26 00:00:00+00:00, run_after=2024-09-27 00:00:00+00:00
[2024-09-25T07:59:04.380+0000] {processor.py:208} INFO - Processing /opt/airflow/dags/materi/retry.py took 0.540 seconds
[2024-09-25T07:59:34.553+0000] {processor.py:186} INFO - Started process (PID=171) to work on /opt/airflow/dags/materi/retry.py
[2024-09-25T07:59:34.556+0000] {processor.py:914} INFO - Processing file /opt/airflow/dags/materi/retry.py for tasks to queue
[2024-09-25T07:59:34.562+0000] {logging_mixin.py:190} INFO - [2024-09-25T07:59:34.561+0000] {dagbag.py:588} INFO - Filling up the DagBag from /opt/airflow/dags/materi/retry.py
[2024-09-25T07:59:34.587+0000] {processor.py:925} INFO - DAG(s) 'retry_dag' retrieved from /opt/airflow/dags/materi/retry.py
[2024-09-25T07:59:34.908+0000] {logging_mixin.py:190} INFO - [2024-09-25T07:59:34.907+0000] {dag.py:3239} INFO - Sync 1 DAGs
[2024-09-25T07:59:34.982+0000] {logging_mixin.py:190} INFO - [2024-09-25T07:59:34.981+0000] {dag.py:4180} INFO - Setting next_dagrun for retry_dag to 2024-09-26 00:00:00+00:00, run_after=2024-09-27 00:00:00+00:00
[2024-09-25T07:59:35.031+0000] {processor.py:208} INFO - Processing /opt/airflow/dags/materi/retry.py took 0.491 seconds
[2024-09-25T08:00:05.674+0000] {processor.py:186} INFO - Started process (PID=195) to work on /opt/airflow/dags/materi/retry.py
[2024-09-25T08:00:05.676+0000] {processor.py:914} INFO - Processing file /opt/airflow/dags/materi/retry.py for tasks to queue
[2024-09-25T08:00:05.682+0000] {logging_mixin.py:190} INFO - [2024-09-25T08:00:05.681+0000] {dagbag.py:588} INFO - Filling up the DagBag from /opt/airflow/dags/materi/retry.py
[2024-09-25T08:00:05.705+0000] {processor.py:925} INFO - DAG(s) 'retry_dag' retrieved from /opt/airflow/dags/materi/retry.py
[2024-09-25T08:00:06.001+0000] {logging_mixin.py:190} INFO - [2024-09-25T08:00:05.999+0000] {dag.py:3239} INFO - Sync 1 DAGs
[2024-09-25T08:00:06.054+0000] {logging_mixin.py:190} INFO - [2024-09-25T08:00:06.054+0000] {dag.py:4180} INFO - Setting next_dagrun for retry_dag to 2024-09-26 00:00:00+00:00, run_after=2024-09-27 00:00:00+00:00
[2024-09-25T08:00:06.094+0000] {processor.py:208} INFO - Processing /opt/airflow/dags/materi/retry.py took 0.432 seconds
[2024-09-25T08:00:36.611+0000] {processor.py:186} INFO - Started process (PID=220) to work on /opt/airflow/dags/materi/retry.py
[2024-09-25T08:00:36.624+0000] {processor.py:914} INFO - Processing file /opt/airflow/dags/materi/retry.py for tasks to queue
[2024-09-25T08:00:36.629+0000] {logging_mixin.py:190} INFO - [2024-09-25T08:00:36.628+0000] {dagbag.py:588} INFO - Filling up the DagBag from /opt/airflow/dags/materi/retry.py
[2024-09-25T08:00:36.652+0000] {processor.py:925} INFO - DAG(s) 'retry_dag' retrieved from /opt/airflow/dags/materi/retry.py
[2024-09-25T08:00:36.928+0000] {logging_mixin.py:190} INFO - [2024-09-25T08:00:36.927+0000] {dag.py:3239} INFO - Sync 1 DAGs
[2024-09-25T08:00:36.978+0000] {logging_mixin.py:190} INFO - [2024-09-25T08:00:36.977+0000] {dag.py:4180} INFO - Setting next_dagrun for retry_dag to 2024-09-26 00:00:00+00:00, run_after=2024-09-27 00:00:00+00:00
[2024-09-25T08:00:37.018+0000] {processor.py:208} INFO - Processing /opt/airflow/dags/materi/retry.py took 0.419 seconds
[2024-09-25T08:01:07.190+0000] {processor.py:186} INFO - Started process (PID=245) to work on /opt/airflow/dags/materi/retry.py
[2024-09-25T08:01:07.193+0000] {processor.py:914} INFO - Processing file /opt/airflow/dags/materi/retry.py for tasks to queue
[2024-09-25T08:01:07.199+0000] {logging_mixin.py:190} INFO - [2024-09-25T08:01:07.198+0000] {dagbag.py:588} INFO - Filling up the DagBag from /opt/airflow/dags/materi/retry.py
[2024-09-25T08:01:07.224+0000] {processor.py:925} INFO - DAG(s) 'retry_dag' retrieved from /opt/airflow/dags/materi/retry.py
[2024-09-25T08:01:07.539+0000] {logging_mixin.py:190} INFO - [2024-09-25T08:01:07.538+0000] {dag.py:3239} INFO - Sync 1 DAGs
[2024-09-25T08:01:07.598+0000] {logging_mixin.py:190} INFO - [2024-09-25T08:01:07.597+0000] {dag.py:4180} INFO - Setting next_dagrun for retry_dag to 2024-09-26 00:00:00+00:00, run_after=2024-09-27 00:00:00+00:00
[2024-09-25T08:01:07.654+0000] {processor.py:208} INFO - Processing /opt/airflow/dags/materi/retry.py took 0.478 seconds
[2024-09-25T08:01:37.901+0000] {processor.py:186} INFO - Started process (PID=271) to work on /opt/airflow/dags/materi/retry.py
[2024-09-25T08:01:37.904+0000] {processor.py:914} INFO - Processing file /opt/airflow/dags/materi/retry.py for tasks to queue
[2024-09-25T08:01:37.915+0000] {logging_mixin.py:190} INFO - [2024-09-25T08:01:37.914+0000] {dagbag.py:588} INFO - Filling up the DagBag from /opt/airflow/dags/materi/retry.py
[2024-09-25T08:01:37.940+0000] {processor.py:925} INFO - DAG(s) 'retry_dag' retrieved from /opt/airflow/dags/materi/retry.py
[2024-09-25T08:01:38.298+0000] {logging_mixin.py:190} INFO - [2024-09-25T08:01:38.296+0000] {dag.py:3239} INFO - Sync 1 DAGs
[2024-09-25T08:01:38.371+0000] {logging_mixin.py:190} INFO - [2024-09-25T08:01:38.370+0000] {dag.py:4180} INFO - Setting next_dagrun for retry_dag to 2024-09-26 00:00:00+00:00, run_after=2024-09-27 00:00:00+00:00
[2024-09-25T08:01:38.430+0000] {processor.py:208} INFO - Processing /opt/airflow/dags/materi/retry.py took 0.547 seconds
[2024-09-25T08:02:08.783+0000] {processor.py:186} INFO - Started process (PID=296) to work on /opt/airflow/dags/materi/retry.py
[2024-09-25T08:02:08.786+0000] {processor.py:914} INFO - Processing file /opt/airflow/dags/materi/retry.py for tasks to queue
[2024-09-25T08:02:08.793+0000] {logging_mixin.py:190} INFO - [2024-09-25T08:02:08.792+0000] {dagbag.py:588} INFO - Filling up the DagBag from /opt/airflow/dags/materi/retry.py
[2024-09-25T08:02:08.819+0000] {processor.py:925} INFO - DAG(s) 'retry_dag' retrieved from /opt/airflow/dags/materi/retry.py
[2024-09-25T08:02:09.167+0000] {logging_mixin.py:190} INFO - [2024-09-25T08:02:09.166+0000] {dag.py:3239} INFO - Sync 1 DAGs
[2024-09-25T08:02:09.228+0000] {logging_mixin.py:190} INFO - [2024-09-25T08:02:09.227+0000] {dag.py:4180} INFO - Setting next_dagrun for retry_dag to 2024-09-26 00:00:00+00:00, run_after=2024-09-27 00:00:00+00:00
[2024-09-25T08:02:09.280+0000] {processor.py:208} INFO - Processing /opt/airflow/dags/materi/retry.py took 0.512 seconds
[2024-09-25T08:02:39.736+0000] {processor.py:186} INFO - Started process (PID=321) to work on /opt/airflow/dags/materi/retry.py
[2024-09-25T08:02:39.739+0000] {processor.py:914} INFO - Processing file /opt/airflow/dags/materi/retry.py for tasks to queue
[2024-09-25T08:02:39.745+0000] {logging_mixin.py:190} INFO - [2024-09-25T08:02:39.744+0000] {dagbag.py:588} INFO - Filling up the DagBag from /opt/airflow/dags/materi/retry.py
[2024-09-25T08:02:39.771+0000] {processor.py:925} INFO - DAG(s) 'retry_dag' retrieved from /opt/airflow/dags/materi/retry.py
[2024-09-25T08:02:40.080+0000] {logging_mixin.py:190} INFO - [2024-09-25T08:02:40.079+0000] {dag.py:3239} INFO - Sync 1 DAGs
[2024-09-25T08:02:40.139+0000] {logging_mixin.py:190} INFO - [2024-09-25T08:02:40.139+0000] {dag.py:4180} INFO - Setting next_dagrun for retry_dag to 2024-09-26 00:00:00+00:00, run_after=2024-09-27 00:00:00+00:00
[2024-09-25T08:02:40.193+0000] {processor.py:208} INFO - Processing /opt/airflow/dags/materi/retry.py took 0.474 seconds
[2024-09-25T08:03:10.248+0000] {processor.py:186} INFO - Started process (PID=346) to work on /opt/airflow/dags/materi/retry.py
[2024-09-25T08:03:10.249+0000] {processor.py:914} INFO - Processing file /opt/airflow/dags/materi/retry.py for tasks to queue
[2024-09-25T08:03:10.255+0000] {logging_mixin.py:190} INFO - [2024-09-25T08:03:10.254+0000] {dagbag.py:588} INFO - Filling up the DagBag from /opt/airflow/dags/materi/retry.py
[2024-09-25T08:03:10.279+0000] {processor.py:925} INFO - DAG(s) 'retry_dag' retrieved from /opt/airflow/dags/materi/retry.py
[2024-09-25T08:03:10.552+0000] {logging_mixin.py:190} INFO - [2024-09-25T08:03:10.550+0000] {dag.py:3239} INFO - Sync 1 DAGs
[2024-09-25T08:03:10.605+0000] {logging_mixin.py:190} INFO - [2024-09-25T08:03:10.605+0000] {dag.py:4180} INFO - Setting next_dagrun for retry_dag to 2024-09-26 00:00:00+00:00, run_after=2024-09-27 00:00:00+00:00
[2024-09-25T08:03:10.655+0000] {processor.py:208} INFO - Processing /opt/airflow/dags/materi/retry.py took 0.423 seconds
[2024-09-25T08:03:41.231+0000] {processor.py:186} INFO - Started process (PID=371) to work on /opt/airflow/dags/materi/retry.py
[2024-09-25T08:03:41.239+0000] {processor.py:914} INFO - Processing file /opt/airflow/dags/materi/retry.py for tasks to queue
[2024-09-25T08:03:41.244+0000] {logging_mixin.py:190} INFO - [2024-09-25T08:03:41.243+0000] {dagbag.py:588} INFO - Filling up the DagBag from /opt/airflow/dags/materi/retry.py
[2024-09-25T08:03:41.267+0000] {processor.py:925} INFO - DAG(s) 'retry_dag' retrieved from /opt/airflow/dags/materi/retry.py
[2024-09-25T08:03:41.542+0000] {logging_mixin.py:190} INFO - [2024-09-25T08:03:41.541+0000] {dag.py:3239} INFO - Sync 1 DAGs
[2024-09-25T08:03:41.592+0000] {logging_mixin.py:190} INFO - [2024-09-25T08:03:41.592+0000] {dag.py:4180} INFO - Setting next_dagrun for retry_dag to 2024-09-26 00:00:00+00:00, run_after=2024-09-27 00:00:00+00:00
[2024-09-25T08:03:41.635+0000] {processor.py:208} INFO - Processing /opt/airflow/dags/materi/retry.py took 0.418 seconds
[2024-09-25T08:04:11.728+0000] {processor.py:186} INFO - Started process (PID=396) to work on /opt/airflow/dags/materi/retry.py
[2024-09-25T08:04:11.741+0000] {processor.py:914} INFO - Processing file /opt/airflow/dags/materi/retry.py for tasks to queue
[2024-09-25T08:04:11.746+0000] {logging_mixin.py:190} INFO - [2024-09-25T08:04:11.746+0000] {dagbag.py:588} INFO - Filling up the DagBag from /opt/airflow/dags/materi/retry.py
[2024-09-25T08:04:11.768+0000] {processor.py:925} INFO - DAG(s) 'retry_dag' retrieved from /opt/airflow/dags/materi/retry.py
[2024-09-25T08:04:12.067+0000] {logging_mixin.py:190} INFO - [2024-09-25T08:04:12.066+0000] {dag.py:3239} INFO - Sync 1 DAGs
[2024-09-25T08:04:12.120+0000] {logging_mixin.py:190} INFO - [2024-09-25T08:04:12.120+0000] {dag.py:4180} INFO - Setting next_dagrun for retry_dag to 2024-09-26 00:00:00+00:00, run_after=2024-09-27 00:00:00+00:00
[2024-09-25T08:04:12.181+0000] {processor.py:208} INFO - Processing /opt/airflow/dags/materi/retry.py took 0.467 seconds
[2024-09-25T08:04:43.205+0000] {processor.py:186} INFO - Started process (PID=421) to work on /opt/airflow/dags/materi/retry.py
[2024-09-25T08:04:43.207+0000] {processor.py:914} INFO - Processing file /opt/airflow/dags/materi/retry.py for tasks to queue
[2024-09-25T08:04:43.212+0000] {logging_mixin.py:190} INFO - [2024-09-25T08:04:43.212+0000] {dagbag.py:588} INFO - Filling up the DagBag from /opt/airflow/dags/materi/retry.py
[2024-09-25T08:04:43.244+0000] {processor.py:925} INFO - DAG(s) 'retry_dag' retrieved from /opt/airflow/dags/materi/retry.py
[2024-09-25T08:04:43.559+0000] {logging_mixin.py:190} INFO - [2024-09-25T08:04:43.558+0000] {dag.py:3239} INFO - Sync 1 DAGs
[2024-09-25T08:04:43.618+0000] {logging_mixin.py:190} INFO - [2024-09-25T08:04:43.618+0000] {dag.py:4180} INFO - Setting next_dagrun for retry_dag to 2024-09-26 00:00:00+00:00, run_after=2024-09-27 00:00:00+00:00
[2024-09-25T08:04:43.674+0000] {processor.py:208} INFO - Processing /opt/airflow/dags/materi/retry.py took 0.486 seconds
[2024-09-25T08:05:14.546+0000] {processor.py:186} INFO - Started process (PID=452) to work on /opt/airflow/dags/materi/retry.py
[2024-09-25T08:05:14.548+0000] {processor.py:914} INFO - Processing file /opt/airflow/dags/materi/retry.py for tasks to queue
[2024-09-25T08:05:14.553+0000] {logging_mixin.py:190} INFO - [2024-09-25T08:05:14.552+0000] {dagbag.py:588} INFO - Filling up the DagBag from /opt/airflow/dags/materi/retry.py
[2024-09-25T08:05:14.576+0000] {processor.py:925} INFO - DAG(s) 'retry_dag' retrieved from /opt/airflow/dags/materi/retry.py
[2024-09-25T08:05:14.852+0000] {logging_mixin.py:190} INFO - [2024-09-25T08:05:14.851+0000] {dag.py:3239} INFO - Sync 1 DAGs
[2024-09-25T08:05:14.909+0000] {logging_mixin.py:190} INFO - [2024-09-25T08:05:14.909+0000] {dag.py:4180} INFO - Setting next_dagrun for retry_dag to 2024-09-26 00:00:00+00:00, run_after=2024-09-27 00:00:00+00:00
[2024-09-25T08:05:14.961+0000] {processor.py:208} INFO - Processing /opt/airflow/dags/materi/retry.py took 0.430 seconds
[2024-09-25T08:05:45.051+0000] {processor.py:186} INFO - Started process (PID=477) to work on /opt/airflow/dags/materi/retry.py
[2024-09-25T08:05:45.053+0000] {processor.py:914} INFO - Processing file /opt/airflow/dags/materi/retry.py for tasks to queue
[2024-09-25T08:05:45.058+0000] {logging_mixin.py:190} INFO - [2024-09-25T08:05:45.058+0000] {dagbag.py:588} INFO - Filling up the DagBag from /opt/airflow/dags/materi/retry.py
[2024-09-25T08:05:45.084+0000] {processor.py:925} INFO - DAG(s) 'retry_dag' retrieved from /opt/airflow/dags/materi/retry.py
[2024-09-25T08:05:45.359+0000] {logging_mixin.py:190} INFO - [2024-09-25T08:05:45.358+0000] {dag.py:3239} INFO - Sync 1 DAGs
[2024-09-25T08:05:45.410+0000] {logging_mixin.py:190} INFO - [2024-09-25T08:05:45.410+0000] {dag.py:4180} INFO - Setting next_dagrun for retry_dag to 2024-09-26 00:00:00+00:00, run_after=2024-09-27 00:00:00+00:00
[2024-09-25T08:05:45.455+0000] {processor.py:208} INFO - Processing /opt/airflow/dags/materi/retry.py took 0.420 seconds
[2024-09-25T08:06:15.728+0000] {processor.py:186} INFO - Started process (PID=502) to work on /opt/airflow/dags/materi/retry.py
[2024-09-25T08:06:15.740+0000] {processor.py:914} INFO - Processing file /opt/airflow/dags/materi/retry.py for tasks to queue
[2024-09-25T08:06:15.745+0000] {logging_mixin.py:190} INFO - [2024-09-25T08:06:15.744+0000] {dagbag.py:588} INFO - Filling up the DagBag from /opt/airflow/dags/materi/retry.py
[2024-09-25T08:06:15.766+0000] {processor.py:925} INFO - DAG(s) 'retry_dag' retrieved from /opt/airflow/dags/materi/retry.py
[2024-09-25T08:06:16.046+0000] {logging_mixin.py:190} INFO - [2024-09-25T08:06:16.043+0000] {dag.py:3239} INFO - Sync 1 DAGs
[2024-09-25T08:06:16.125+0000] {logging_mixin.py:190} INFO - [2024-09-25T08:06:16.124+0000] {dag.py:4180} INFO - Setting next_dagrun for retry_dag to 2024-09-26 00:00:00+00:00, run_after=2024-09-27 00:00:00+00:00
[2024-09-25T08:06:16.183+0000] {processor.py:208} INFO - Processing /opt/airflow/dags/materi/retry.py took 0.467 seconds
[2024-09-25T08:06:46.763+0000] {processor.py:186} INFO - Started process (PID=527) to work on /opt/airflow/dags/materi/retry.py
[2024-09-25T08:06:46.765+0000] {processor.py:914} INFO - Processing file /opt/airflow/dags/materi/retry.py for tasks to queue
[2024-09-25T08:06:46.773+0000] {logging_mixin.py:190} INFO - [2024-09-25T08:06:46.772+0000] {dagbag.py:588} INFO - Filling up the DagBag from /opt/airflow/dags/materi/retry.py
[2024-09-25T08:06:46.798+0000] {processor.py:925} INFO - DAG(s) 'retry_dag' retrieved from /opt/airflow/dags/materi/retry.py
[2024-09-25T08:06:47.064+0000] {logging_mixin.py:190} INFO - [2024-09-25T08:06:47.063+0000] {dag.py:3239} INFO - Sync 1 DAGs
[2024-09-25T08:06:47.115+0000] {logging_mixin.py:190} INFO - [2024-09-25T08:06:47.115+0000] {dag.py:4180} INFO - Setting next_dagrun for retry_dag to 2024-09-26 00:00:00+00:00, run_after=2024-09-27 00:00:00+00:00
[2024-09-25T08:06:47.157+0000] {processor.py:208} INFO - Processing /opt/airflow/dags/materi/retry.py took 0.408 seconds
[2024-09-25T08:07:17.497+0000] {processor.py:186} INFO - Started process (PID=553) to work on /opt/airflow/dags/materi/retry.py
[2024-09-25T08:07:17.510+0000] {processor.py:914} INFO - Processing file /opt/airflow/dags/materi/retry.py for tasks to queue
[2024-09-25T08:07:17.516+0000] {logging_mixin.py:190} INFO - [2024-09-25T08:07:17.515+0000] {dagbag.py:588} INFO - Filling up the DagBag from /opt/airflow/dags/materi/retry.py
[2024-09-25T08:07:17.541+0000] {processor.py:925} INFO - DAG(s) 'retry_dag' retrieved from /opt/airflow/dags/materi/retry.py
[2024-09-25T08:07:17.863+0000] {logging_mixin.py:190} INFO - [2024-09-25T08:07:17.862+0000] {dag.py:3239} INFO - Sync 1 DAGs
[2024-09-25T08:07:17.919+0000] {logging_mixin.py:190} INFO - [2024-09-25T08:07:17.918+0000] {dag.py:4180} INFO - Setting next_dagrun for retry_dag to 2024-09-26 00:00:00+00:00, run_after=2024-09-27 00:00:00+00:00
[2024-09-25T08:07:17.963+0000] {processor.py:208} INFO - Processing /opt/airflow/dags/materi/retry.py took 0.480 seconds
[2024-09-25T08:07:48.181+0000] {processor.py:186} INFO - Started process (PID=578) to work on /opt/airflow/dags/materi/retry.py
[2024-09-25T08:07:48.183+0000] {processor.py:914} INFO - Processing file /opt/airflow/dags/materi/retry.py for tasks to queue
[2024-09-25T08:07:48.191+0000] {logging_mixin.py:190} INFO - [2024-09-25T08:07:48.190+0000] {dagbag.py:588} INFO - Filling up the DagBag from /opt/airflow/dags/materi/retry.py
[2024-09-25T08:07:48.222+0000] {processor.py:925} INFO - DAG(s) 'retry_dag' retrieved from /opt/airflow/dags/materi/retry.py
[2024-09-25T08:07:48.608+0000] {logging_mixin.py:190} INFO - [2024-09-25T08:07:48.607+0000] {dag.py:3239} INFO - Sync 1 DAGs
[2024-09-25T08:07:48.703+0000] {logging_mixin.py:190} INFO - [2024-09-25T08:07:48.702+0000] {dag.py:4180} INFO - Setting next_dagrun for retry_dag to 2024-09-26 00:00:00+00:00, run_after=2024-09-27 00:00:00+00:00
[2024-09-25T08:07:48.776+0000] {processor.py:208} INFO - Processing /opt/airflow/dags/materi/retry.py took 0.613 seconds
[2024-09-25T08:08:19.470+0000] {processor.py:186} INFO - Started process (PID=603) to work on /opt/airflow/dags/materi/retry.py
[2024-09-25T08:08:19.482+0000] {processor.py:914} INFO - Processing file /opt/airflow/dags/materi/retry.py for tasks to queue
[2024-09-25T08:08:19.488+0000] {logging_mixin.py:190} INFO - [2024-09-25T08:08:19.487+0000] {dagbag.py:588} INFO - Filling up the DagBag from /opt/airflow/dags/materi/retry.py
[2024-09-25T08:08:19.511+0000] {processor.py:925} INFO - DAG(s) 'retry_dag' retrieved from /opt/airflow/dags/materi/retry.py
[2024-09-25T08:08:19.790+0000] {logging_mixin.py:190} INFO - [2024-09-25T08:08:19.789+0000] {dag.py:3239} INFO - Sync 1 DAGs
[2024-09-25T08:08:19.837+0000] {logging_mixin.py:190} INFO - [2024-09-25T08:08:19.837+0000] {dag.py:4180} INFO - Setting next_dagrun for retry_dag to 2024-09-26 00:00:00+00:00, run_after=2024-09-27 00:00:00+00:00
[2024-09-25T08:08:19.877+0000] {processor.py:208} INFO - Processing /opt/airflow/dags/materi/retry.py took 0.420 seconds
[2024-09-25T08:08:50.345+0000] {processor.py:186} INFO - Started process (PID=628) to work on /opt/airflow/dags/materi/retry.py
[2024-09-25T08:08:50.357+0000] {processor.py:914} INFO - Processing file /opt/airflow/dags/materi/retry.py for tasks to queue
[2024-09-25T08:08:50.363+0000] {logging_mixin.py:190} INFO - [2024-09-25T08:08:50.362+0000] {dagbag.py:588} INFO - Filling up the DagBag from /opt/airflow/dags/materi/retry.py
[2024-09-25T08:08:50.385+0000] {processor.py:925} INFO - DAG(s) 'retry_dag' retrieved from /opt/airflow/dags/materi/retry.py
[2024-09-25T08:08:50.657+0000] {logging_mixin.py:190} INFO - [2024-09-25T08:08:50.656+0000] {dag.py:3239} INFO - Sync 1 DAGs
[2024-09-25T08:08:50.707+0000] {logging_mixin.py:190} INFO - [2024-09-25T08:08:50.706+0000] {dag.py:4180} INFO - Setting next_dagrun for retry_dag to 2024-09-26 00:00:00+00:00, run_after=2024-09-27 00:00:00+00:00
[2024-09-25T08:08:50.756+0000] {processor.py:208} INFO - Processing /opt/airflow/dags/materi/retry.py took 0.425 seconds
[2024-09-25T08:09:20.825+0000] {processor.py:186} INFO - Started process (PID=653) to work on /opt/airflow/dags/materi/retry.py
[2024-09-25T08:09:20.834+0000] {processor.py:914} INFO - Processing file /opt/airflow/dags/materi/retry.py for tasks to queue
[2024-09-25T08:09:20.838+0000] {logging_mixin.py:190} INFO - [2024-09-25T08:09:20.838+0000] {dagbag.py:588} INFO - Filling up the DagBag from /opt/airflow/dags/materi/retry.py
[2024-09-25T08:09:20.859+0000] {processor.py:925} INFO - DAG(s) 'retry_dag' retrieved from /opt/airflow/dags/materi/retry.py
[2024-09-25T08:09:21.126+0000] {logging_mixin.py:190} INFO - [2024-09-25T08:09:21.125+0000] {dag.py:3239} INFO - Sync 1 DAGs
[2024-09-25T08:09:21.176+0000] {logging_mixin.py:190} INFO - [2024-09-25T08:09:21.175+0000] {dag.py:4180} INFO - Setting next_dagrun for retry_dag to 2024-09-26 00:00:00+00:00, run_after=2024-09-27 00:00:00+00:00
[2024-09-25T08:09:21.234+0000] {processor.py:208} INFO - Processing /opt/airflow/dags/materi/retry.py took 0.421 seconds
[2024-09-25T08:09:51.488+0000] {processor.py:186} INFO - Started process (PID=678) to work on /opt/airflow/dags/materi/retry.py
[2024-09-25T08:09:51.500+0000] {processor.py:914} INFO - Processing file /opt/airflow/dags/materi/retry.py for tasks to queue
[2024-09-25T08:09:51.505+0000] {logging_mixin.py:190} INFO - [2024-09-25T08:09:51.504+0000] {dagbag.py:588} INFO - Filling up the DagBag from /opt/airflow/dags/materi/retry.py
[2024-09-25T08:09:51.525+0000] {processor.py:925} INFO - DAG(s) 'retry_dag' retrieved from /opt/airflow/dags/materi/retry.py
[2024-09-25T08:09:51.782+0000] {logging_mixin.py:190} INFO - [2024-09-25T08:09:51.781+0000] {dag.py:3239} INFO - Sync 1 DAGs
[2024-09-25T08:09:51.833+0000] {logging_mixin.py:190} INFO - [2024-09-25T08:09:51.832+0000] {dag.py:4180} INFO - Setting next_dagrun for retry_dag to 2024-09-26 00:00:00+00:00, run_after=2024-09-27 00:00:00+00:00
[2024-09-25T08:09:51.877+0000] {processor.py:208} INFO - Processing /opt/airflow/dags/materi/retry.py took 0.403 seconds
[2024-09-25T08:10:22.644+0000] {processor.py:186} INFO - Started process (PID=704) to work on /opt/airflow/dags/materi/retry.py
[2024-09-25T08:10:22.649+0000] {processor.py:914} INFO - Processing file /opt/airflow/dags/materi/retry.py for tasks to queue
[2024-09-25T08:10:22.657+0000] {logging_mixin.py:190} INFO - [2024-09-25T08:10:22.655+0000] {dagbag.py:588} INFO - Filling up the DagBag from /opt/airflow/dags/materi/retry.py
[2024-09-25T08:10:22.695+0000] {processor.py:925} INFO - DAG(s) 'retry_dag' retrieved from /opt/airflow/dags/materi/retry.py
[2024-09-25T08:10:23.070+0000] {logging_mixin.py:190} INFO - [2024-09-25T08:10:23.069+0000] {dag.py:3239} INFO - Sync 1 DAGs
[2024-09-25T08:10:23.130+0000] {logging_mixin.py:190} INFO - [2024-09-25T08:10:23.130+0000] {dag.py:4180} INFO - Setting next_dagrun for retry_dag to 2024-09-26 00:00:00+00:00, run_after=2024-09-27 00:00:00+00:00
[2024-09-25T08:10:23.178+0000] {processor.py:208} INFO - Processing /opt/airflow/dags/materi/retry.py took 0.564 seconds
[2024-09-25T08:10:54.489+0000] {processor.py:186} INFO - Started process (PID=729) to work on /opt/airflow/dags/materi/retry.py
[2024-09-25T08:10:54.499+0000] {processor.py:914} INFO - Processing file /opt/airflow/dags/materi/retry.py for tasks to queue
[2024-09-25T08:10:54.508+0000] {logging_mixin.py:190} INFO - [2024-09-25T08:10:54.505+0000] {dagbag.py:588} INFO - Filling up the DagBag from /opt/airflow/dags/materi/retry.py
[2024-09-25T08:10:54.572+0000] {processor.py:925} INFO - DAG(s) 'retry_dag' retrieved from /opt/airflow/dags/materi/retry.py
[2024-09-25T08:10:55.227+0000] {logging_mixin.py:190} INFO - [2024-09-25T08:10:55.225+0000] {dag.py:3239} INFO - Sync 1 DAGs
[2024-09-25T08:10:55.331+0000] {logging_mixin.py:190} INFO - [2024-09-25T08:10:55.330+0000] {dag.py:4180} INFO - Setting next_dagrun for retry_dag to 2024-09-26 00:00:00+00:00, run_after=2024-09-27 00:00:00+00:00
[2024-09-25T08:10:55.415+0000] {processor.py:208} INFO - Processing /opt/airflow/dags/materi/retry.py took 0.963 seconds
[2024-09-25T08:11:26.460+0000] {processor.py:186} INFO - Started process (PID=752) to work on /opt/airflow/dags/materi/retry.py
[2024-09-25T08:11:26.462+0000] {processor.py:914} INFO - Processing file /opt/airflow/dags/materi/retry.py for tasks to queue
[2024-09-25T08:11:26.472+0000] {logging_mixin.py:190} INFO - [2024-09-25T08:11:26.471+0000] {dagbag.py:588} INFO - Filling up the DagBag from /opt/airflow/dags/materi/retry.py
[2024-09-25T08:11:26.505+0000] {processor.py:925} INFO - DAG(s) 'retry_dag' retrieved from /opt/airflow/dags/materi/retry.py
[2024-09-25T08:11:26.938+0000] {logging_mixin.py:190} INFO - [2024-09-25T08:11:26.936+0000] {dag.py:3239} INFO - Sync 1 DAGs
[2024-09-25T08:11:27.010+0000] {logging_mixin.py:190} INFO - [2024-09-25T08:11:27.010+0000] {dag.py:4180} INFO - Setting next_dagrun for retry_dag to 2024-09-26 00:00:00+00:00, run_after=2024-09-27 00:00:00+00:00
[2024-09-25T08:11:27.071+0000] {processor.py:208} INFO - Processing /opt/airflow/dags/materi/retry.py took 0.632 seconds
[2024-09-25T08:11:59.025+0000] {processor.py:186} INFO - Started process (PID=777) to work on /opt/airflow/dags/materi/retry.py
[2024-09-25T08:11:59.028+0000] {processor.py:914} INFO - Processing file /opt/airflow/dags/materi/retry.py for tasks to queue
[2024-09-25T08:11:59.037+0000] {logging_mixin.py:190} INFO - [2024-09-25T08:11:59.036+0000] {dagbag.py:588} INFO - Filling up the DagBag from /opt/airflow/dags/materi/retry.py
[2024-09-25T08:11:59.075+0000] {processor.py:925} INFO - DAG(s) 'retry_dag' retrieved from /opt/airflow/dags/materi/retry.py
[2024-09-25T08:11:59.567+0000] {logging_mixin.py:190} INFO - [2024-09-25T08:11:59.562+0000] {dag.py:3239} INFO - Sync 1 DAGs
[2024-09-25T08:11:59.661+0000] {logging_mixin.py:190} INFO - [2024-09-25T08:11:59.660+0000] {dag.py:4180} INFO - Setting next_dagrun for retry_dag to 2024-09-26 00:00:00+00:00, run_after=2024-09-27 00:00:00+00:00
[2024-09-25T08:11:59.726+0000] {processor.py:208} INFO - Processing /opt/airflow/dags/materi/retry.py took 0.724 seconds
[2024-09-25T08:12:29.906+0000] {processor.py:186} INFO - Started process (PID=798) to work on /opt/airflow/dags/materi/retry.py
[2024-09-25T08:12:29.919+0000] {processor.py:914} INFO - Processing file /opt/airflow/dags/materi/retry.py for tasks to queue
[2024-09-25T08:12:29.924+0000] {logging_mixin.py:190} INFO - [2024-09-25T08:12:29.923+0000] {dagbag.py:588} INFO - Filling up the DagBag from /opt/airflow/dags/materi/retry.py
[2024-09-25T08:12:29.950+0000] {processor.py:925} INFO - DAG(s) 'retry_dag' retrieved from /opt/airflow/dags/materi/retry.py
[2024-09-25T08:12:30.248+0000] {logging_mixin.py:190} INFO - [2024-09-25T08:12:30.247+0000] {dag.py:3239} INFO - Sync 1 DAGs
[2024-09-25T08:12:30.304+0000] {logging_mixin.py:190} INFO - [2024-09-25T08:12:30.304+0000] {dag.py:4180} INFO - Setting next_dagrun for retry_dag to 2024-09-26 00:00:00+00:00, run_after=2024-09-27 00:00:00+00:00
[2024-09-25T08:12:30.364+0000] {processor.py:208} INFO - Processing /opt/airflow/dags/materi/retry.py took 0.472 seconds
[2024-09-25T08:13:00.421+0000] {processor.py:186} INFO - Started process (PID=823) to work on /opt/airflow/dags/materi/retry.py
[2024-09-25T08:13:00.434+0000] {processor.py:914} INFO - Processing file /opt/airflow/dags/materi/retry.py for tasks to queue
[2024-09-25T08:13:00.440+0000] {logging_mixin.py:190} INFO - [2024-09-25T08:13:00.438+0000] {dagbag.py:588} INFO - Filling up the DagBag from /opt/airflow/dags/materi/retry.py
[2024-09-25T08:13:00.460+0000] {processor.py:925} INFO - DAG(s) 'retry_dag' retrieved from /opt/airflow/dags/materi/retry.py
[2024-09-25T08:13:00.739+0000] {logging_mixin.py:190} INFO - [2024-09-25T08:13:00.737+0000] {dag.py:3239} INFO - Sync 1 DAGs
[2024-09-25T08:13:00.793+0000] {logging_mixin.py:190} INFO - [2024-09-25T08:13:00.793+0000] {dag.py:4180} INFO - Setting next_dagrun for retry_dag to 2024-09-26 00:00:00+00:00, run_after=2024-09-27 00:00:00+00:00
[2024-09-25T08:13:00.845+0000] {processor.py:208} INFO - Processing /opt/airflow/dags/materi/retry.py took 0.440 seconds
[2024-09-25T08:13:30.988+0000] {processor.py:186} INFO - Started process (PID=847) to work on /opt/airflow/dags/materi/retry.py
[2024-09-25T08:13:30.991+0000] {processor.py:914} INFO - Processing file /opt/airflow/dags/materi/retry.py for tasks to queue
[2024-09-25T08:13:31.002+0000] {logging_mixin.py:190} INFO - [2024-09-25T08:13:31.001+0000] {dagbag.py:588} INFO - Filling up the DagBag from /opt/airflow/dags/materi/retry.py
[2024-09-25T08:13:31.037+0000] {processor.py:925} INFO - DAG(s) 'retry_dag' retrieved from /opt/airflow/dags/materi/retry.py
[2024-09-25T08:13:31.389+0000] {logging_mixin.py:190} INFO - [2024-09-25T08:13:31.388+0000] {dag.py:3239} INFO - Sync 1 DAGs
[2024-09-25T08:13:31.459+0000] {logging_mixin.py:190} INFO - [2024-09-25T08:13:31.459+0000] {dag.py:4180} INFO - Setting next_dagrun for retry_dag to 2024-09-26 00:00:00+00:00, run_after=2024-09-27 00:00:00+00:00
[2024-09-25T08:13:31.514+0000] {processor.py:208} INFO - Processing /opt/airflow/dags/materi/retry.py took 0.545 seconds
[2024-09-25T08:14:01.868+0000] {processor.py:186} INFO - Started process (PID=872) to work on /opt/airflow/dags/materi/retry.py
[2024-09-25T08:14:01.870+0000] {processor.py:914} INFO - Processing file /opt/airflow/dags/materi/retry.py for tasks to queue
[2024-09-25T08:14:01.879+0000] {logging_mixin.py:190} INFO - [2024-09-25T08:14:01.877+0000] {dagbag.py:588} INFO - Filling up the DagBag from /opt/airflow/dags/materi/retry.py
[2024-09-25T08:14:01.908+0000] {processor.py:925} INFO - DAG(s) 'retry_dag' retrieved from /opt/airflow/dags/materi/retry.py
[2024-09-25T08:14:02.259+0000] {logging_mixin.py:190} INFO - [2024-09-25T08:14:02.258+0000] {dag.py:3239} INFO - Sync 1 DAGs
[2024-09-25T08:14:02.317+0000] {logging_mixin.py:190} INFO - [2024-09-25T08:14:02.316+0000] {dag.py:4180} INFO - Setting next_dagrun for retry_dag to 2024-09-26 00:00:00+00:00, run_after=2024-09-27 00:00:00+00:00
[2024-09-25T08:14:02.364+0000] {processor.py:208} INFO - Processing /opt/airflow/dags/materi/retry.py took 0.509 seconds
[2024-09-25T08:14:33.659+0000] {processor.py:186} INFO - Started process (PID=895) to work on /opt/airflow/dags/materi/retry.py
[2024-09-25T08:14:33.661+0000] {processor.py:914} INFO - Processing file /opt/airflow/dags/materi/retry.py for tasks to queue
[2024-09-25T08:14:33.669+0000] {logging_mixin.py:190} INFO - [2024-09-25T08:14:33.668+0000] {dagbag.py:588} INFO - Filling up the DagBag from /opt/airflow/dags/materi/retry.py
[2024-09-25T08:14:33.691+0000] {processor.py:925} INFO - DAG(s) 'retry_dag' retrieved from /opt/airflow/dags/materi/retry.py
[2024-09-25T08:14:34.023+0000] {logging_mixin.py:190} INFO - [2024-09-25T08:14:34.022+0000] {dag.py:3239} INFO - Sync 1 DAGs
[2024-09-25T08:14:34.077+0000] {logging_mixin.py:190} INFO - [2024-09-25T08:14:34.076+0000] {dag.py:4180} INFO - Setting next_dagrun for retry_dag to 2024-09-26 00:00:00+00:00, run_after=2024-09-27 00:00:00+00:00
[2024-09-25T08:14:34.124+0000] {processor.py:208} INFO - Processing /opt/airflow/dags/materi/retry.py took 0.482 seconds
[2024-09-25T08:15:04.586+0000] {processor.py:186} INFO - Started process (PID=917) to work on /opt/airflow/dags/materi/retry.py
[2024-09-25T08:15:04.589+0000] {processor.py:914} INFO - Processing file /opt/airflow/dags/materi/retry.py for tasks to queue
[2024-09-25T08:15:04.596+0000] {logging_mixin.py:190} INFO - [2024-09-25T08:15:04.595+0000] {dagbag.py:588} INFO - Filling up the DagBag from /opt/airflow/dags/materi/retry.py
[2024-09-25T08:15:04.619+0000] {processor.py:925} INFO - DAG(s) 'retry_dag' retrieved from /opt/airflow/dags/materi/retry.py
[2024-09-25T08:15:04.912+0000] {logging_mixin.py:190} INFO - [2024-09-25T08:15:04.911+0000] {dag.py:3239} INFO - Sync 1 DAGs
[2024-09-25T08:15:04.968+0000] {logging_mixin.py:190} INFO - [2024-09-25T08:15:04.968+0000] {dag.py:4180} INFO - Setting next_dagrun for retry_dag to 2024-09-26 00:00:00+00:00, run_after=2024-09-27 00:00:00+00:00
[2024-09-25T08:15:05.023+0000] {processor.py:208} INFO - Processing /opt/airflow/dags/materi/retry.py took 0.451 seconds
[2024-09-25T08:15:35.941+0000] {processor.py:186} INFO - Started process (PID=941) to work on /opt/airflow/dags/materi/retry.py
[2024-09-25T08:15:35.954+0000] {processor.py:914} INFO - Processing file /opt/airflow/dags/materi/retry.py for tasks to queue
[2024-09-25T08:15:35.960+0000] {logging_mixin.py:190} INFO - [2024-09-25T08:15:35.959+0000] {dagbag.py:588} INFO - Filling up the DagBag from /opt/airflow/dags/materi/retry.py
[2024-09-25T08:15:35.984+0000] {processor.py:925} INFO - DAG(s) 'retry_dag' retrieved from /opt/airflow/dags/materi/retry.py
[2024-09-25T08:15:36.260+0000] {logging_mixin.py:190} INFO - [2024-09-25T08:15:36.259+0000] {dag.py:3239} INFO - Sync 1 DAGs
[2024-09-25T08:15:36.309+0000] {logging_mixin.py:190} INFO - [2024-09-25T08:15:36.308+0000] {dag.py:4180} INFO - Setting next_dagrun for retry_dag to 2024-09-26 00:00:00+00:00, run_after=2024-09-27 00:00:00+00:00
[2024-09-25T08:15:36.348+0000] {processor.py:208} INFO - Processing /opt/airflow/dags/materi/retry.py took 0.423 seconds
[2024-09-25T08:16:06.933+0000] {processor.py:186} INFO - Started process (PID=966) to work on /opt/airflow/dags/materi/retry.py
[2024-09-25T08:16:06.935+0000] {processor.py:914} INFO - Processing file /opt/airflow/dags/materi/retry.py for tasks to queue
[2024-09-25T08:16:06.941+0000] {logging_mixin.py:190} INFO - [2024-09-25T08:16:06.940+0000] {dagbag.py:588} INFO - Filling up the DagBag from /opt/airflow/dags/materi/retry.py
[2024-09-25T08:16:06.964+0000] {processor.py:925} INFO - DAG(s) 'retry_dag' retrieved from /opt/airflow/dags/materi/retry.py
[2024-09-25T08:16:07.241+0000] {logging_mixin.py:190} INFO - [2024-09-25T08:16:07.240+0000] {dag.py:3239} INFO - Sync 1 DAGs
[2024-09-25T08:16:07.293+0000] {logging_mixin.py:190} INFO - [2024-09-25T08:16:07.292+0000] {dag.py:4180} INFO - Setting next_dagrun for retry_dag to 2024-09-26 00:00:00+00:00, run_after=2024-09-27 00:00:00+00:00
[2024-09-25T08:16:07.334+0000] {processor.py:208} INFO - Processing /opt/airflow/dags/materi/retry.py took 0.416 seconds
[2024-09-25T08:16:37.659+0000] {processor.py:186} INFO - Started process (PID=991) to work on /opt/airflow/dags/materi/retry.py
[2024-09-25T08:16:37.662+0000] {processor.py:914} INFO - Processing file /opt/airflow/dags/materi/retry.py for tasks to queue
[2024-09-25T08:16:37.678+0000] {logging_mixin.py:190} INFO - [2024-09-25T08:16:37.677+0000] {dagbag.py:588} INFO - Filling up the DagBag from /opt/airflow/dags/materi/retry.py
[2024-09-25T08:16:37.730+0000] {processor.py:925} INFO - DAG(s) 'retry_dag' retrieved from /opt/airflow/dags/materi/retry.py
[2024-09-25T08:16:38.433+0000] {logging_mixin.py:190} INFO - [2024-09-25T08:16:38.432+0000] {dag.py:3239} INFO - Sync 1 DAGs
[2024-09-25T08:16:38.558+0000] {logging_mixin.py:190} INFO - [2024-09-25T08:16:38.557+0000] {dag.py:4180} INFO - Setting next_dagrun for retry_dag to 2024-09-26 00:00:00+00:00, run_after=2024-09-27 00:00:00+00:00
[2024-09-25T08:16:38.656+0000] {processor.py:208} INFO - Processing /opt/airflow/dags/materi/retry.py took 1.029 seconds
[2024-09-25T08:17:09.120+0000] {processor.py:186} INFO - Started process (PID=1016) to work on /opt/airflow/dags/materi/retry.py
[2024-09-25T08:17:09.123+0000] {processor.py:914} INFO - Processing file /opt/airflow/dags/materi/retry.py for tasks to queue
[2024-09-25T08:17:09.138+0000] {logging_mixin.py:190} INFO - [2024-09-25T08:17:09.137+0000] {dagbag.py:588} INFO - Filling up the DagBag from /opt/airflow/dags/materi/retry.py
[2024-09-25T08:17:09.191+0000] {processor.py:925} INFO - DAG(s) 'retry_dag' retrieved from /opt/airflow/dags/materi/retry.py
[2024-09-25T08:17:09.855+0000] {logging_mixin.py:190} INFO - [2024-09-25T08:17:09.853+0000] {dag.py:3239} INFO - Sync 1 DAGs
[2024-09-25T08:17:09.983+0000] {logging_mixin.py:190} INFO - [2024-09-25T08:17:09.982+0000] {dag.py:4180} INFO - Setting next_dagrun for retry_dag to 2024-09-26 00:00:00+00:00, run_after=2024-09-27 00:00:00+00:00
[2024-09-25T08:17:10.079+0000] {processor.py:208} INFO - Processing /opt/airflow/dags/materi/retry.py took 0.984 seconds
[2024-09-25T08:17:40.669+0000] {processor.py:186} INFO - Started process (PID=1041) to work on /opt/airflow/dags/materi/retry.py
[2024-09-25T08:17:40.681+0000] {processor.py:914} INFO - Processing file /opt/airflow/dags/materi/retry.py for tasks to queue
[2024-09-25T08:17:40.689+0000] {logging_mixin.py:190} INFO - [2024-09-25T08:17:40.688+0000] {dagbag.py:588} INFO - Filling up the DagBag from /opt/airflow/dags/materi/retry.py
[2024-09-25T08:17:40.724+0000] {processor.py:925} INFO - DAG(s) 'retry_dag' retrieved from /opt/airflow/dags/materi/retry.py
[2024-09-25T08:17:41.162+0000] {logging_mixin.py:190} INFO - [2024-09-25T08:17:41.160+0000] {dag.py:3239} INFO - Sync 1 DAGs
[2024-09-25T08:17:41.233+0000] {logging_mixin.py:190} INFO - [2024-09-25T08:17:41.233+0000] {dag.py:4180} INFO - Setting next_dagrun for retry_dag to 2024-09-26 00:00:00+00:00, run_after=2024-09-27 00:00:00+00:00
[2024-09-25T08:17:41.311+0000] {processor.py:208} INFO - Processing /opt/airflow/dags/materi/retry.py took 0.660 seconds
[2024-09-25T08:18:11.398+0000] {processor.py:186} INFO - Started process (PID=1066) to work on /opt/airflow/dags/materi/retry.py
[2024-09-25T08:18:11.401+0000] {processor.py:914} INFO - Processing file /opt/airflow/dags/materi/retry.py for tasks to queue
[2024-09-25T08:18:11.410+0000] {logging_mixin.py:190} INFO - [2024-09-25T08:18:11.409+0000] {dagbag.py:588} INFO - Filling up the DagBag from /opt/airflow/dags/materi/retry.py
[2024-09-25T08:18:11.446+0000] {processor.py:925} INFO - DAG(s) 'retry_dag' retrieved from /opt/airflow/dags/materi/retry.py
[2024-09-25T08:18:11.925+0000] {logging_mixin.py:190} INFO - [2024-09-25T08:18:11.924+0000] {dag.py:3239} INFO - Sync 1 DAGs
[2024-09-25T08:18:11.990+0000] {logging_mixin.py:190} INFO - [2024-09-25T08:18:11.989+0000] {dag.py:4180} INFO - Setting next_dagrun for retry_dag to 2024-09-26 00:00:00+00:00, run_after=2024-09-27 00:00:00+00:00
[2024-09-25T08:18:12.045+0000] {processor.py:208} INFO - Processing /opt/airflow/dags/materi/retry.py took 0.671 seconds
[2024-09-25T08:18:42.484+0000] {processor.py:186} INFO - Started process (PID=1091) to work on /opt/airflow/dags/materi/retry.py
[2024-09-25T08:18:42.487+0000] {processor.py:914} INFO - Processing file /opt/airflow/dags/materi/retry.py for tasks to queue
[2024-09-25T08:18:42.494+0000] {logging_mixin.py:190} INFO - [2024-09-25T08:18:42.493+0000] {dagbag.py:588} INFO - Filling up the DagBag from /opt/airflow/dags/materi/retry.py
[2024-09-25T08:18:42.526+0000] {processor.py:925} INFO - DAG(s) 'retry_dag' retrieved from /opt/airflow/dags/materi/retry.py
[2024-09-25T08:18:42.855+0000] {logging_mixin.py:190} INFO - [2024-09-25T08:18:42.854+0000] {dag.py:3239} INFO - Sync 1 DAGs
[2024-09-25T08:18:42.927+0000] {logging_mixin.py:190} INFO - [2024-09-25T08:18:42.926+0000] {dag.py:4180} INFO - Setting next_dagrun for retry_dag to 2024-09-26 00:00:00+00:00, run_after=2024-09-27 00:00:00+00:00
[2024-09-25T08:18:42.975+0000] {processor.py:208} INFO - Processing /opt/airflow/dags/materi/retry.py took 0.510 seconds
[2024-09-25T08:19:13.112+0000] {processor.py:186} INFO - Started process (PID=1116) to work on /opt/airflow/dags/materi/retry.py
[2024-09-25T08:19:13.114+0000] {processor.py:914} INFO - Processing file /opt/airflow/dags/materi/retry.py for tasks to queue
[2024-09-25T08:19:13.118+0000] {logging_mixin.py:190} INFO - [2024-09-25T08:19:13.117+0000] {dagbag.py:588} INFO - Filling up the DagBag from /opt/airflow/dags/materi/retry.py
[2024-09-25T08:19:13.146+0000] {processor.py:925} INFO - DAG(s) 'retry_dag' retrieved from /opt/airflow/dags/materi/retry.py
[2024-09-25T08:19:13.487+0000] {logging_mixin.py:190} INFO - [2024-09-25T08:19:13.484+0000] {dag.py:3239} INFO - Sync 1 DAGs
[2024-09-25T08:19:13.550+0000] {logging_mixin.py:190} INFO - [2024-09-25T08:19:13.549+0000] {dag.py:4180} INFO - Setting next_dagrun for retry_dag to 2024-09-26 00:00:00+00:00, run_after=2024-09-27 00:00:00+00:00
[2024-09-25T08:19:13.598+0000] {processor.py:208} INFO - Processing /opt/airflow/dags/materi/retry.py took 0.498 seconds
[2024-09-25T08:19:43.780+0000] {processor.py:186} INFO - Started process (PID=1141) to work on /opt/airflow/dags/materi/retry.py
[2024-09-25T08:19:43.782+0000] {processor.py:914} INFO - Processing file /opt/airflow/dags/materi/retry.py for tasks to queue
[2024-09-25T08:19:43.787+0000] {logging_mixin.py:190} INFO - [2024-09-25T08:19:43.786+0000] {dagbag.py:588} INFO - Filling up the DagBag from /opt/airflow/dags/materi/retry.py
[2024-09-25T08:19:43.808+0000] {processor.py:925} INFO - DAG(s) 'retry_dag' retrieved from /opt/airflow/dags/materi/retry.py
[2024-09-25T08:19:44.066+0000] {logging_mixin.py:190} INFO - [2024-09-25T08:19:44.065+0000] {dag.py:3239} INFO - Sync 1 DAGs
[2024-09-25T08:19:44.116+0000] {logging_mixin.py:190} INFO - [2024-09-25T08:19:44.116+0000] {dag.py:4180} INFO - Setting next_dagrun for retry_dag to 2024-09-26 00:00:00+00:00, run_after=2024-09-27 00:00:00+00:00
[2024-09-25T08:19:44.166+0000] {processor.py:208} INFO - Processing /opt/airflow/dags/materi/retry.py took 0.399 seconds
[2024-09-25T08:20:14.613+0000] {processor.py:186} INFO - Started process (PID=1166) to work on /opt/airflow/dags/materi/retry.py
[2024-09-25T08:20:14.625+0000] {processor.py:914} INFO - Processing file /opt/airflow/dags/materi/retry.py for tasks to queue
[2024-09-25T08:20:14.631+0000] {logging_mixin.py:190} INFO - [2024-09-25T08:20:14.630+0000] {dagbag.py:588} INFO - Filling up the DagBag from /opt/airflow/dags/materi/retry.py
[2024-09-25T08:20:14.654+0000] {processor.py:925} INFO - DAG(s) 'retry_dag' retrieved from /opt/airflow/dags/materi/retry.py
[2024-09-25T08:20:14.958+0000] {logging_mixin.py:190} INFO - [2024-09-25T08:20:14.957+0000] {dag.py:3239} INFO - Sync 1 DAGs
[2024-09-25T08:20:15.020+0000] {logging_mixin.py:190} INFO - [2024-09-25T08:20:15.019+0000] {dag.py:4180} INFO - Setting next_dagrun for retry_dag to 2024-09-26 00:00:00+00:00, run_after=2024-09-27 00:00:00+00:00
[2024-09-25T08:20:15.074+0000] {processor.py:208} INFO - Processing /opt/airflow/dags/materi/retry.py took 0.476 seconds
[2024-09-25T08:20:45.154+0000] {processor.py:186} INFO - Started process (PID=1191) to work on /opt/airflow/dags/materi/retry.py
[2024-09-25T08:20:45.166+0000] {processor.py:914} INFO - Processing file /opt/airflow/dags/materi/retry.py for tasks to queue
[2024-09-25T08:20:45.171+0000] {logging_mixin.py:190} INFO - [2024-09-25T08:20:45.170+0000] {dagbag.py:588} INFO - Filling up the DagBag from /opt/airflow/dags/materi/retry.py
[2024-09-25T08:20:45.192+0000] {processor.py:925} INFO - DAG(s) 'retry_dag' retrieved from /opt/airflow/dags/materi/retry.py
[2024-09-25T08:20:45.471+0000] {logging_mixin.py:190} INFO - [2024-09-25T08:20:45.469+0000] {dag.py:3239} INFO - Sync 1 DAGs
[2024-09-25T08:20:45.531+0000] {logging_mixin.py:190} INFO - [2024-09-25T08:20:45.530+0000] {dag.py:4180} INFO - Setting next_dagrun for retry_dag to 2024-09-26 00:00:00+00:00, run_after=2024-09-27 00:00:00+00:00
[2024-09-25T08:20:45.573+0000] {processor.py:208} INFO - Processing /opt/airflow/dags/materi/retry.py took 0.433 seconds
[2024-09-25T08:21:15.670+0000] {processor.py:186} INFO - Started process (PID=1216) to work on /opt/airflow/dags/materi/retry.py
[2024-09-25T08:21:15.682+0000] {processor.py:914} INFO - Processing file /opt/airflow/dags/materi/retry.py for tasks to queue
[2024-09-25T08:21:15.688+0000] {logging_mixin.py:190} INFO - [2024-09-25T08:21:15.687+0000] {dagbag.py:588} INFO - Filling up the DagBag from /opt/airflow/dags/materi/retry.py
[2024-09-25T08:21:15.712+0000] {processor.py:925} INFO - DAG(s) 'retry_dag' retrieved from /opt/airflow/dags/materi/retry.py
[2024-09-25T08:21:15.991+0000] {logging_mixin.py:190} INFO - [2024-09-25T08:21:15.990+0000] {dag.py:3239} INFO - Sync 1 DAGs
[2024-09-25T08:21:16.038+0000] {logging_mixin.py:190} INFO - [2024-09-25T08:21:16.038+0000] {dag.py:4180} INFO - Setting next_dagrun for retry_dag to 2024-09-26 00:00:00+00:00, run_after=2024-09-27 00:00:00+00:00
[2024-09-25T08:21:16.079+0000] {processor.py:208} INFO - Processing /opt/airflow/dags/materi/retry.py took 0.425 seconds
[2024-09-25T08:21:46.185+0000] {processor.py:186} INFO - Started process (PID=1239) to work on /opt/airflow/dags/materi/retry.py
[2024-09-25T08:21:46.188+0000] {processor.py:914} INFO - Processing file /opt/airflow/dags/materi/retry.py for tasks to queue
[2024-09-25T08:21:46.193+0000] {logging_mixin.py:190} INFO - [2024-09-25T08:21:46.192+0000] {dagbag.py:588} INFO - Filling up the DagBag from /opt/airflow/dags/materi/retry.py
[2024-09-25T08:21:46.220+0000] {processor.py:925} INFO - DAG(s) 'retry_dag' retrieved from /opt/airflow/dags/materi/retry.py
[2024-09-25T08:21:46.556+0000] {logging_mixin.py:190} INFO - [2024-09-25T08:21:46.555+0000] {dag.py:3239} INFO - Sync 1 DAGs
[2024-09-25T08:21:46.628+0000] {logging_mixin.py:190} INFO - [2024-09-25T08:21:46.627+0000] {dag.py:4180} INFO - Setting next_dagrun for retry_dag to 2024-09-26 00:00:00+00:00, run_after=2024-09-27 00:00:00+00:00
[2024-09-25T08:21:46.676+0000] {processor.py:208} INFO - Processing /opt/airflow/dags/materi/retry.py took 0.507 seconds
[2024-09-25T08:22:16.922+0000] {processor.py:186} INFO - Started process (PID=1264) to work on /opt/airflow/dags/materi/retry.py
[2024-09-25T08:22:16.925+0000] {processor.py:914} INFO - Processing file /opt/airflow/dags/materi/retry.py for tasks to queue
[2024-09-25T08:22:16.931+0000] {logging_mixin.py:190} INFO - [2024-09-25T08:22:16.930+0000] {dagbag.py:588} INFO - Filling up the DagBag from /opt/airflow/dags/materi/retry.py
[2024-09-25T08:22:16.960+0000] {processor.py:925} INFO - DAG(s) 'retry_dag' retrieved from /opt/airflow/dags/materi/retry.py
[2024-09-25T08:22:17.334+0000] {logging_mixin.py:190} INFO - [2024-09-25T08:22:17.332+0000] {dag.py:3239} INFO - Sync 1 DAGs
[2024-09-25T08:22:17.401+0000] {logging_mixin.py:190} INFO - [2024-09-25T08:22:17.401+0000] {dag.py:4180} INFO - Setting next_dagrun for retry_dag to 2024-09-26 00:00:00+00:00, run_after=2024-09-27 00:00:00+00:00
[2024-09-25T08:22:17.468+0000] {processor.py:208} INFO - Processing /opt/airflow/dags/materi/retry.py took 0.562 seconds
[2024-09-25T08:22:47.779+0000] {processor.py:186} INFO - Started process (PID=1290) to work on /opt/airflow/dags/materi/retry.py
[2024-09-25T08:22:47.782+0000] {processor.py:914} INFO - Processing file /opt/airflow/dags/materi/retry.py for tasks to queue
[2024-09-25T08:22:47.787+0000] {logging_mixin.py:190} INFO - [2024-09-25T08:22:47.786+0000] {dagbag.py:588} INFO - Filling up the DagBag from /opt/airflow/dags/materi/retry.py
[2024-09-25T08:22:47.809+0000] {processor.py:925} INFO - DAG(s) 'retry_dag' retrieved from /opt/airflow/dags/materi/retry.py
[2024-09-25T08:22:48.116+0000] {logging_mixin.py:190} INFO - [2024-09-25T08:22:48.115+0000] {dag.py:3239} INFO - Sync 1 DAGs
[2024-09-25T08:22:48.170+0000] {logging_mixin.py:190} INFO - [2024-09-25T08:22:48.169+0000] {dag.py:4180} INFO - Setting next_dagrun for retry_dag to 2024-09-26 00:00:00+00:00, run_after=2024-09-27 00:00:00+00:00
[2024-09-25T08:22:48.215+0000] {processor.py:208} INFO - Processing /opt/airflow/dags/materi/retry.py took 0.451 seconds
[2024-09-25T08:23:19.145+0000] {processor.py:186} INFO - Started process (PID=1321) to work on /opt/airflow/dags/materi/retry.py
[2024-09-25T08:23:19.148+0000] {processor.py:914} INFO - Processing file /opt/airflow/dags/materi/retry.py for tasks to queue
[2024-09-25T08:23:19.155+0000] {logging_mixin.py:190} INFO - [2024-09-25T08:23:19.154+0000] {dagbag.py:588} INFO - Filling up the DagBag from /opt/airflow/dags/materi/retry.py
[2024-09-25T08:23:19.190+0000] {processor.py:925} INFO - DAG(s) 'retry_dag' retrieved from /opt/airflow/dags/materi/retry.py
[2024-09-25T08:23:19.654+0000] {logging_mixin.py:190} INFO - [2024-09-25T08:23:19.653+0000] {dag.py:3239} INFO - Sync 1 DAGs
[2024-09-25T08:23:19.736+0000] {logging_mixin.py:190} INFO - [2024-09-25T08:23:19.735+0000] {dag.py:4180} INFO - Setting next_dagrun for retry_dag to 2024-09-26 00:00:00+00:00, run_after=2024-09-27 00:00:00+00:00
[2024-09-25T08:23:19.819+0000] {processor.py:208} INFO - Processing /opt/airflow/dags/materi/retry.py took 0.697 seconds
