[2024-09-25T11:10:17.680+0000] {local_task_job_runner.py:123} INFO - ::group::Pre task execution logs
[2024-09-25T11:10:17.724+0000] {taskinstance.py:2612} INFO - Dependencies all met for dep_context=non-requeueable deps ti=<TaskInstance: etl_pipeline.pipeline.staging.dellstore_db.load.products manual__2024-09-25T11:08:58.108660+00:00 [queued]>
[2024-09-25T11:10:17.747+0000] {taskinstance.py:2612} INFO - Dependencies all met for dep_context=requeueable deps ti=<TaskInstance: etl_pipeline.pipeline.staging.dellstore_db.load.products manual__2024-09-25T11:08:58.108660+00:00 [queued]>
[2024-09-25T11:10:17.748+0000] {taskinstance.py:2865} INFO - Starting attempt 1 of 1
[2024-09-25T11:10:17.781+0000] {taskinstance.py:2888} INFO - Executing <Task(PythonOperator): pipeline.staging.dellstore_db.load.products> on 2024-09-25 11:08:58.108660+00:00
[2024-09-25T11:10:17.807+0000] {warnings.py:112} WARNING - /home/***/.local/lib/python3.12/site-packages/***/task/task_runner/standard_task_runner.py:70: DeprecationWarning: This process (pid=798) is multi-threaded, use of fork() may lead to deadlocks in the child.
  pid = os.fork()

[2024-09-25T11:10:17.810+0000] {standard_task_runner.py:72} INFO - Started process 810 to run task
[2024-09-25T11:10:17.808+0000] {standard_task_runner.py:104} INFO - Running: ['***', 'tasks', 'run', 'etl_pipeline', 'pipeline.staging.dellstore_db.load.products', 'manual__2024-09-25T11:08:58.108660+00:00', '--job-id', '203', '--raw', '--subdir', 'DAGS_FOLDER/etl_pipeline/run.py', '--cfg-path', '/tmp/tmpork6k4pf']
[2024-09-25T11:10:17.816+0000] {standard_task_runner.py:105} INFO - Job 203: Subtask pipeline.staging.dellstore_db.load.products
[2024-09-25T11:10:17.935+0000] {task_command.py:467} INFO - Running <TaskInstance: etl_pipeline.pipeline.staging.dellstore_db.load.products manual__2024-09-25T11:08:58.108660+00:00 [running]> on host e10075799413
[2024-09-25T11:10:18.236+0000] {taskinstance.py:3131} INFO - Exporting env vars: AIRFLOW_CTX_DAG_OWNER='***' AIRFLOW_CTX_DAG_ID='etl_pipeline' AIRFLOW_CTX_TASK_ID='pipeline.staging.dellstore_db.load.products' AIRFLOW_CTX_EXECUTION_DATE='2024-09-25T11:08:58.108660+00:00' AIRFLOW_CTX_TRY_NUMBER='1' AIRFLOW_CTX_DAG_RUN_ID='manual__2024-09-25T11:08:58.108660+00:00'
[2024-09-25T11:10:18.239+0000] {taskinstance.py:731} INFO - ::endgroup::
[2024-09-25T11:10:18.273+0000] {base.py:84} INFO - Retrieving connection 'staging_db'
[2024-09-25T11:10:18.318+0000] {base.py:84} INFO - Retrieving connection 'minio'
[2024-09-25T11:10:24.865+0000] {python.py:240} INFO - Done. Returned value was: None
[2024-09-25T11:10:24.886+0000] {taskinstance.py:340} INFO - ::group::Post task execution logs
[2024-09-25T11:10:24.886+0000] {taskinstance.py:352} INFO - Marking task as SUCCESS. dag_id=etl_pipeline, task_id=pipeline.staging.dellstore_db.load.products, run_id=manual__2024-09-25T11:08:58.108660+00:00, execution_date=20240925T110858, start_date=20240925T111017, end_date=20240925T111024
[2024-09-25T11:10:24.958+0000] {local_task_job_runner.py:266} INFO - Task exited with return code 0
[2024-09-25T11:10:24.972+0000] {local_task_job_runner.py:245} INFO - ::endgroup::
