[2024-10-03T05:56:38.429+0000] {local_task_job_runner.py:123} INFO - ::group::Pre task execution logs
[2024-10-03T05:56:38.496+0000] {taskinstance.py:2612} INFO - Dependencies all met for dep_context=non-requeueable deps ti=<TaskInstance: etl_pipeline.staging.dellstore_db.extract.orderlines scheduled__2024-10-02T00:00:00+00:00 [queued]>
[2024-10-03T05:56:38.517+0000] {taskinstance.py:2612} INFO - Dependencies all met for dep_context=requeueable deps ti=<TaskInstance: etl_pipeline.staging.dellstore_db.extract.orderlines scheduled__2024-10-02T00:00:00+00:00 [queued]>
[2024-10-03T05:56:38.518+0000] {taskinstance.py:2865} INFO - Starting attempt 1 of 1
[2024-10-03T05:56:38.577+0000] {taskinstance.py:2888} INFO - Executing <Task(PythonOperator): staging.dellstore_db.extract.orderlines> on 2024-10-02 00:00:00+00:00
[2024-10-03T05:56:38.598+0000] {clientserver.py:543} INFO - Closing down clientserver connection
[2024-10-03T05:56:38.613+0000] {standard_task_runner.py:104} INFO - Running: ['***', 'tasks', 'run', 'etl_pipeline', 'staging.dellstore_db.extract.orderlines', 'scheduled__2024-10-02T00:00:00+00:00', '--job-id', '13513', '--raw', '--subdir', 'DAGS_FOLDER/etl_pipeline/run.py', '--cfg-path', '/tmp/tmporayytet']
[2024-10-03T05:56:38.619+0000] {standard_task_runner.py:105} INFO - Job 13513: Subtask staging.dellstore_db.extract.orderlines
[2024-10-03T05:56:38.623+0000] {logging_mixin.py:190} WARNING - /home/***/.local/lib/python3.12/site-packages/***/task/task_runner/standard_task_runner.py:70 DeprecationWarning: This process (pid=545) is multi-threaded, use of fork() may lead to deadlocks in the child.
[2024-10-03T05:56:38.630+0000] {standard_task_runner.py:72} INFO - Started process 1418 to run task
[2024-10-03T05:56:38.932+0000] {task_command.py:467} INFO - Running <TaskInstance: etl_pipeline.staging.dellstore_db.extract.orderlines scheduled__2024-10-02T00:00:00+00:00 [running]> on host b9e3ad173054
[2024-10-03T05:56:40.292+0000] {taskinstance.py:3131} INFO - Exporting env vars: AIRFLOW_CTX_DAG_OWNER='***' AIRFLOW_CTX_DAG_ID='etl_pipeline' AIRFLOW_CTX_TASK_ID='staging.dellstore_db.extract.orderlines' AIRFLOW_CTX_EXECUTION_DATE='2024-10-02T00:00:00+00:00' AIRFLOW_CTX_TRY_NUMBER='1' AIRFLOW_CTX_DAG_RUN_ID='scheduled__2024-10-02T00:00:00+00:00'
[2024-10-03T05:56:40.307+0000] {taskinstance.py:731} INFO - ::endgroup::
[2024-10-03T05:56:40.380+0000] {base.py:84} INFO - Retrieving connection 'dellstore_db'
[2024-10-03T05:56:43.265+0000] {base.py:84} INFO - Retrieving connection 'minio'
[2024-10-03T05:56:43.472+0000] {python.py:240} INFO - Done. Returned value was: None
[2024-10-03T05:56:43.570+0000] {taskinstance.py:340} INFO - ::group::Post task execution logs
[2024-10-03T05:56:43.573+0000] {taskinstance.py:352} INFO - Marking task as SUCCESS. dag_id=etl_pipeline, task_id=staging.dellstore_db.extract.orderlines, run_id=scheduled__2024-10-02T00:00:00+00:00, execution_date=20241002T000000, start_date=20241003T055638, end_date=20241003T055643
[2024-10-03T05:56:44.372+0000] {local_task_job_runner.py:266} INFO - Task exited with return code 0
[2024-10-03T05:56:44.460+0000] {local_task_job_runner.py:245} INFO - ::endgroup::
