[2024-09-25T07:46:04.614+0000] {processor.py:186} INFO - Started process (PID=79) to work on /opt/airflow/dags/profiling_quality_init/run.py
[2024-09-25T07:46:04.616+0000] {processor.py:914} INFO - Processing file /opt/airflow/dags/profiling_quality_init/run.py for tasks to queue
[2024-09-25T07:46:04.623+0000] {logging_mixin.py:190} INFO - [2024-09-25T07:46:04.620+0000] {dagbag.py:588} INFO - Filling up the DagBag from /opt/airflow/dags/profiling_quality_init/run.py
[2024-09-25T07:46:04.636+0000] {logging_mixin.py:190} INFO - [2024-09-25T07:46:04.633+0000] {dagbag.py:387} ERROR - Failed to import: /opt/airflow/dags/profiling_quality_init/run.py
Traceback (most recent call last):
  File "/home/airflow/.local/lib/python3.12/site-packages/airflow/models/dagbag.py", line 383, in parse
    loader.exec_module(new_module)
  File "<frozen importlib._bootstrap_external>", line 995, in exec_module
  File "<frozen importlib._bootstrap>", line 488, in _call_with_frames_removed
  File "/opt/airflow/dags/profiling_quality_init/run.py", line 4, in <module>
    from helper.minio import MinioClient
  File "/opt/airflow/dags/helper/minio.py", line 2, in <module>
    from minio import Minio
ModuleNotFoundError: No module named 'minio'
[2024-09-25T07:46:04.637+0000] {processor.py:927} WARNING - No viable dags retrieved from /opt/airflow/dags/profiling_quality_init/run.py
[2024-09-25T07:46:04.691+0000] {processor.py:208} INFO - Processing /opt/airflow/dags/profiling_quality_init/run.py took 0.095 seconds
[2024-09-25T07:46:35.125+0000] {processor.py:186} INFO - Started process (PID=95) to work on /opt/airflow/dags/profiling_quality_init/run.py
[2024-09-25T07:46:35.127+0000] {processor.py:914} INFO - Processing file /opt/airflow/dags/profiling_quality_init/run.py for tasks to queue
[2024-09-25T07:46:35.132+0000] {logging_mixin.py:190} INFO - [2024-09-25T07:46:35.131+0000] {dagbag.py:588} INFO - Filling up the DagBag from /opt/airflow/dags/profiling_quality_init/run.py
[2024-09-25T07:46:35.145+0000] {logging_mixin.py:190} INFO - [2024-09-25T07:46:35.141+0000] {dagbag.py:387} ERROR - Failed to import: /opt/airflow/dags/profiling_quality_init/run.py
Traceback (most recent call last):
  File "/home/airflow/.local/lib/python3.12/site-packages/airflow/models/dagbag.py", line 383, in parse
    loader.exec_module(new_module)
  File "<frozen importlib._bootstrap_external>", line 995, in exec_module
  File "<frozen importlib._bootstrap>", line 488, in _call_with_frames_removed
  File "/opt/airflow/dags/profiling_quality_init/run.py", line 4, in <module>
    from helper.minio import MinioClient
  File "/opt/airflow/dags/helper/minio.py", line 2, in <module>
    from minio import Minio
ModuleNotFoundError: No module named 'minio'
[2024-09-25T07:46:35.146+0000] {processor.py:927} WARNING - No viable dags retrieved from /opt/airflow/dags/profiling_quality_init/run.py
[2024-09-25T07:46:35.193+0000] {processor.py:208} INFO - Processing /opt/airflow/dags/profiling_quality_init/run.py took 0.085 seconds
[2024-09-25T07:47:06.137+0000] {processor.py:186} INFO - Started process (PID=114) to work on /opt/airflow/dags/profiling_quality_init/run.py
[2024-09-25T07:47:06.140+0000] {processor.py:914} INFO - Processing file /opt/airflow/dags/profiling_quality_init/run.py for tasks to queue
[2024-09-25T07:47:06.149+0000] {logging_mixin.py:190} INFO - [2024-09-25T07:47:06.147+0000] {dagbag.py:588} INFO - Filling up the DagBag from /opt/airflow/dags/profiling_quality_init/run.py
[2024-09-25T07:47:06.164+0000] {logging_mixin.py:190} INFO - [2024-09-25T07:47:06.159+0000] {dagbag.py:387} ERROR - Failed to import: /opt/airflow/dags/profiling_quality_init/run.py
Traceback (most recent call last):
  File "/home/airflow/.local/lib/python3.12/site-packages/airflow/models/dagbag.py", line 383, in parse
    loader.exec_module(new_module)
  File "<frozen importlib._bootstrap_external>", line 995, in exec_module
  File "<frozen importlib._bootstrap>", line 488, in _call_with_frames_removed
  File "/opt/airflow/dags/profiling_quality_init/run.py", line 4, in <module>
    from helper.minio import MinioClient
  File "/opt/airflow/dags/helper/minio.py", line 2, in <module>
    from minio import Minio
ModuleNotFoundError: No module named 'minio'
[2024-09-25T07:47:06.166+0000] {processor.py:927} WARNING - No viable dags retrieved from /opt/airflow/dags/profiling_quality_init/run.py
[2024-09-25T07:47:06.232+0000] {processor.py:208} INFO - Processing /opt/airflow/dags/profiling_quality_init/run.py took 0.116 seconds
[2024-09-25T07:47:36.901+0000] {processor.py:186} INFO - Started process (PID=132) to work on /opt/airflow/dags/profiling_quality_init/run.py
[2024-09-25T07:47:36.903+0000] {processor.py:914} INFO - Processing file /opt/airflow/dags/profiling_quality_init/run.py for tasks to queue
[2024-09-25T07:47:36.908+0000] {logging_mixin.py:190} INFO - [2024-09-25T07:47:36.908+0000] {dagbag.py:588} INFO - Filling up the DagBag from /opt/airflow/dags/profiling_quality_init/run.py
[2024-09-25T07:47:36.919+0000] {logging_mixin.py:190} INFO - [2024-09-25T07:47:36.916+0000] {dagbag.py:387} ERROR - Failed to import: /opt/airflow/dags/profiling_quality_init/run.py
Traceback (most recent call last):
  File "/home/airflow/.local/lib/python3.12/site-packages/airflow/models/dagbag.py", line 383, in parse
    loader.exec_module(new_module)
  File "<frozen importlib._bootstrap_external>", line 995, in exec_module
  File "<frozen importlib._bootstrap>", line 488, in _call_with_frames_removed
  File "/opt/airflow/dags/profiling_quality_init/run.py", line 4, in <module>
    from helper.minio import MinioClient
  File "/opt/airflow/dags/helper/minio.py", line 2, in <module>
    from minio import Minio
ModuleNotFoundError: No module named 'minio'
[2024-09-25T07:47:36.921+0000] {processor.py:927} WARNING - No viable dags retrieved from /opt/airflow/dags/profiling_quality_init/run.py
[2024-09-25T07:47:36.966+0000] {processor.py:208} INFO - Processing /opt/airflow/dags/profiling_quality_init/run.py took 0.080 seconds
[2024-09-25T07:48:07.522+0000] {processor.py:186} INFO - Started process (PID=150) to work on /opt/airflow/dags/profiling_quality_init/run.py
[2024-09-25T07:48:07.524+0000] {processor.py:914} INFO - Processing file /opt/airflow/dags/profiling_quality_init/run.py for tasks to queue
[2024-09-25T07:48:07.532+0000] {logging_mixin.py:190} INFO - [2024-09-25T07:48:07.531+0000] {dagbag.py:588} INFO - Filling up the DagBag from /opt/airflow/dags/profiling_quality_init/run.py
[2024-09-25T07:48:07.541+0000] {logging_mixin.py:190} INFO - [2024-09-25T07:48:07.539+0000] {dagbag.py:387} ERROR - Failed to import: /opt/airflow/dags/profiling_quality_init/run.py
Traceback (most recent call last):
  File "/home/airflow/.local/lib/python3.12/site-packages/airflow/models/dagbag.py", line 383, in parse
    loader.exec_module(new_module)
  File "<frozen importlib._bootstrap_external>", line 995, in exec_module
  File "<frozen importlib._bootstrap>", line 488, in _call_with_frames_removed
  File "/opt/airflow/dags/profiling_quality_init/run.py", line 4, in <module>
    from helper.minio import MinioClient
  File "/opt/airflow/dags/helper/minio.py", line 2, in <module>
    from minio import Minio
ModuleNotFoundError: No module named 'minio'
[2024-09-25T07:48:07.542+0000] {processor.py:927} WARNING - No viable dags retrieved from /opt/airflow/dags/profiling_quality_init/run.py
[2024-09-25T07:48:07.588+0000] {processor.py:208} INFO - Processing /opt/airflow/dags/profiling_quality_init/run.py took 0.081 seconds
[2024-09-25T07:48:38.336+0000] {processor.py:186} INFO - Started process (PID=168) to work on /opt/airflow/dags/profiling_quality_init/run.py
[2024-09-25T07:48:38.338+0000] {processor.py:914} INFO - Processing file /opt/airflow/dags/profiling_quality_init/run.py for tasks to queue
[2024-09-25T07:48:38.344+0000] {logging_mixin.py:190} INFO - [2024-09-25T07:48:38.343+0000] {dagbag.py:588} INFO - Filling up the DagBag from /opt/airflow/dags/profiling_quality_init/run.py
[2024-09-25T07:48:38.353+0000] {logging_mixin.py:190} INFO - [2024-09-25T07:48:38.350+0000] {dagbag.py:387} ERROR - Failed to import: /opt/airflow/dags/profiling_quality_init/run.py
Traceback (most recent call last):
  File "/home/airflow/.local/lib/python3.12/site-packages/airflow/models/dagbag.py", line 383, in parse
    loader.exec_module(new_module)
  File "<frozen importlib._bootstrap_external>", line 995, in exec_module
  File "<frozen importlib._bootstrap>", line 488, in _call_with_frames_removed
  File "/opt/airflow/dags/profiling_quality_init/run.py", line 4, in <module>
    from helper.minio import MinioClient
  File "/opt/airflow/dags/helper/minio.py", line 2, in <module>
    from minio import Minio
ModuleNotFoundError: No module named 'minio'
[2024-09-25T07:48:38.354+0000] {processor.py:927} WARNING - No viable dags retrieved from /opt/airflow/dags/profiling_quality_init/run.py
[2024-09-25T07:48:38.399+0000] {processor.py:208} INFO - Processing /opt/airflow/dags/profiling_quality_init/run.py took 0.079 seconds
[2024-09-25T07:49:09.015+0000] {processor.py:186} INFO - Started process (PID=186) to work on /opt/airflow/dags/profiling_quality_init/run.py
[2024-09-25T07:49:09.017+0000] {processor.py:914} INFO - Processing file /opt/airflow/dags/profiling_quality_init/run.py for tasks to queue
[2024-09-25T07:49:09.024+0000] {logging_mixin.py:190} INFO - [2024-09-25T07:49:09.023+0000] {dagbag.py:588} INFO - Filling up the DagBag from /opt/airflow/dags/profiling_quality_init/run.py
[2024-09-25T07:49:09.033+0000] {logging_mixin.py:190} INFO - [2024-09-25T07:49:09.030+0000] {dagbag.py:387} ERROR - Failed to import: /opt/airflow/dags/profiling_quality_init/run.py
Traceback (most recent call last):
  File "/home/airflow/.local/lib/python3.12/site-packages/airflow/models/dagbag.py", line 383, in parse
    loader.exec_module(new_module)
  File "<frozen importlib._bootstrap_external>", line 995, in exec_module
  File "<frozen importlib._bootstrap>", line 488, in _call_with_frames_removed
  File "/opt/airflow/dags/profiling_quality_init/run.py", line 4, in <module>
    from helper.minio import MinioClient
  File "/opt/airflow/dags/helper/minio.py", line 2, in <module>
    from minio import Minio
ModuleNotFoundError: No module named 'minio'
[2024-09-25T07:49:09.034+0000] {processor.py:927} WARNING - No viable dags retrieved from /opt/airflow/dags/profiling_quality_init/run.py
[2024-09-25T07:49:09.083+0000] {processor.py:208} INFO - Processing /opt/airflow/dags/profiling_quality_init/run.py took 0.083 seconds
[2024-09-25T07:49:40.144+0000] {processor.py:186} INFO - Started process (PID=204) to work on /opt/airflow/dags/profiling_quality_init/run.py
[2024-09-25T07:49:40.148+0000] {processor.py:914} INFO - Processing file /opt/airflow/dags/profiling_quality_init/run.py for tasks to queue
[2024-09-25T07:49:40.156+0000] {logging_mixin.py:190} INFO - [2024-09-25T07:49:40.155+0000] {dagbag.py:588} INFO - Filling up the DagBag from /opt/airflow/dags/profiling_quality_init/run.py
[2024-09-25T07:49:40.175+0000] {logging_mixin.py:190} INFO - [2024-09-25T07:49:40.171+0000] {dagbag.py:387} ERROR - Failed to import: /opt/airflow/dags/profiling_quality_init/run.py
Traceback (most recent call last):
  File "/home/airflow/.local/lib/python3.12/site-packages/airflow/models/dagbag.py", line 383, in parse
    loader.exec_module(new_module)
  File "<frozen importlib._bootstrap_external>", line 995, in exec_module
  File "<frozen importlib._bootstrap>", line 488, in _call_with_frames_removed
  File "/opt/airflow/dags/profiling_quality_init/run.py", line 4, in <module>
    from helper.minio import MinioClient
  File "/opt/airflow/dags/helper/minio.py", line 2, in <module>
    from minio import Minio
ModuleNotFoundError: No module named 'minio'
[2024-09-25T07:49:40.177+0000] {processor.py:927} WARNING - No viable dags retrieved from /opt/airflow/dags/profiling_quality_init/run.py
[2024-09-25T07:49:40.236+0000] {processor.py:208} INFO - Processing /opt/airflow/dags/profiling_quality_init/run.py took 0.117 seconds
[2024-09-25T07:50:10.976+0000] {processor.py:186} INFO - Started process (PID=222) to work on /opt/airflow/dags/profiling_quality_init/run.py
[2024-09-25T07:50:10.979+0000] {processor.py:914} INFO - Processing file /opt/airflow/dags/profiling_quality_init/run.py for tasks to queue
[2024-09-25T07:50:10.984+0000] {logging_mixin.py:190} INFO - [2024-09-25T07:50:10.983+0000] {dagbag.py:588} INFO - Filling up the DagBag from /opt/airflow/dags/profiling_quality_init/run.py
[2024-09-25T07:50:10.998+0000] {logging_mixin.py:190} INFO - [2024-09-25T07:50:10.994+0000] {dagbag.py:387} ERROR - Failed to import: /opt/airflow/dags/profiling_quality_init/run.py
Traceback (most recent call last):
  File "/home/airflow/.local/lib/python3.12/site-packages/airflow/models/dagbag.py", line 383, in parse
    loader.exec_module(new_module)
  File "<frozen importlib._bootstrap_external>", line 995, in exec_module
  File "<frozen importlib._bootstrap>", line 488, in _call_with_frames_removed
  File "/opt/airflow/dags/profiling_quality_init/run.py", line 4, in <module>
    from helper.minio import MinioClient
  File "/opt/airflow/dags/helper/minio.py", line 2, in <module>
    from minio import Minio
ModuleNotFoundError: No module named 'minio'
[2024-09-25T07:50:10.999+0000] {processor.py:927} WARNING - No viable dags retrieved from /opt/airflow/dags/profiling_quality_init/run.py
[2024-09-25T07:50:11.060+0000] {processor.py:208} INFO - Processing /opt/airflow/dags/profiling_quality_init/run.py took 0.107 seconds
[2024-09-25T07:57:32.046+0000] {processor.py:186} INFO - Started process (PID=80) to work on /opt/airflow/dags/profiling_quality_init/run.py
[2024-09-25T07:57:32.050+0000] {processor.py:914} INFO - Processing file /opt/airflow/dags/profiling_quality_init/run.py for tasks to queue
[2024-09-25T07:57:32.059+0000] {logging_mixin.py:190} INFO - [2024-09-25T07:57:32.058+0000] {dagbag.py:588} INFO - Filling up the DagBag from /opt/airflow/dags/profiling_quality_init/run.py
[2024-09-25T07:57:33.516+0000] {processor.py:925} INFO - DAG(s) 'profiling_quality_init' retrieved from /opt/airflow/dags/profiling_quality_init/run.py
[2024-09-25T07:57:33.934+0000] {logging_mixin.py:190} INFO - [2024-09-25T07:57:33.931+0000] {override.py:1900} INFO - Created Permission View: can edit on DAG:profiling_quality_init
[2024-09-25T07:57:33.972+0000] {logging_mixin.py:190} INFO - [2024-09-25T07:57:33.971+0000] {override.py:1900} INFO - Created Permission View: can delete on DAG:profiling_quality_init
[2024-09-25T07:57:33.996+0000] {logging_mixin.py:190} INFO - [2024-09-25T07:57:33.992+0000] {override.py:1900} INFO - Created Permission View: can read on DAG:profiling_quality_init
[2024-09-25T07:57:34.025+0000] {logging_mixin.py:190} INFO - [2024-09-25T07:57:34.024+0000] {override.py:1900} INFO - Created Permission View: menu access on DAG Run:profiling_quality_init
[2024-09-25T07:57:34.047+0000] {logging_mixin.py:190} INFO - [2024-09-25T07:57:34.047+0000] {override.py:1900} INFO - Created Permission View: can delete on DAG Run:profiling_quality_init
[2024-09-25T07:57:34.070+0000] {logging_mixin.py:190} INFO - [2024-09-25T07:57:34.068+0000] {override.py:1900} INFO - Created Permission View: can create on DAG Run:profiling_quality_init
[2024-09-25T07:57:34.093+0000] {logging_mixin.py:190} INFO - [2024-09-25T07:57:34.092+0000] {override.py:1900} INFO - Created Permission View: can read on DAG Run:profiling_quality_init
[2024-09-25T07:57:34.094+0000] {logging_mixin.py:190} INFO - [2024-09-25T07:57:34.093+0000] {dag.py:3239} INFO - Sync 1 DAGs
[2024-09-25T07:57:34.143+0000] {logging_mixin.py:190} INFO - [2024-09-25T07:57:34.141+0000] {dag.py:3262} INFO - Creating ORM DAG for profiling_quality_init
[2024-09-25T07:57:34.170+0000] {logging_mixin.py:190} INFO - [2024-09-25T07:57:34.170+0000] {dag.py:4180} INFO - Setting next_dagrun for profiling_quality_init to 2024-09-01 00:00:00+00:00, run_after=2024-09-01 00:00:00+00:00
[2024-09-25T07:57:34.217+0000] {processor.py:208} INFO - Processing /opt/airflow/dags/profiling_quality_init/run.py took 2.194 seconds
[2024-09-25T07:58:04.401+0000] {processor.py:186} INFO - Started process (PID=105) to work on /opt/airflow/dags/profiling_quality_init/run.py
[2024-09-25T07:58:04.402+0000] {processor.py:914} INFO - Processing file /opt/airflow/dags/profiling_quality_init/run.py for tasks to queue
[2024-09-25T07:58:04.407+0000] {logging_mixin.py:190} INFO - [2024-09-25T07:58:04.407+0000] {dagbag.py:588} INFO - Filling up the DagBag from /opt/airflow/dags/profiling_quality_init/run.py
[2024-09-25T07:58:05.404+0000] {processor.py:925} INFO - DAG(s) 'profiling_quality_init' retrieved from /opt/airflow/dags/profiling_quality_init/run.py
[2024-09-25T07:58:05.464+0000] {logging_mixin.py:190} INFO - [2024-09-25T07:58:05.463+0000] {dag.py:3239} INFO - Sync 1 DAGs
[2024-09-25T07:58:05.527+0000] {logging_mixin.py:190} INFO - [2024-09-25T07:58:05.527+0000] {dag.py:4180} INFO - Setting next_dagrun for profiling_quality_init to 2024-09-01 00:00:00+00:00, run_after=2024-09-01 00:00:00+00:00
[2024-09-25T07:58:05.568+0000] {processor.py:208} INFO - Processing /opt/airflow/dags/profiling_quality_init/run.py took 1.181 seconds
[2024-09-25T07:58:35.641+0000] {processor.py:186} INFO - Started process (PID=129) to work on /opt/airflow/dags/profiling_quality_init/run.py
[2024-09-25T07:58:35.644+0000] {processor.py:914} INFO - Processing file /opt/airflow/dags/profiling_quality_init/run.py for tasks to queue
[2024-09-25T07:58:35.651+0000] {logging_mixin.py:190} INFO - [2024-09-25T07:58:35.650+0000] {dagbag.py:588} INFO - Filling up the DagBag from /opt/airflow/dags/profiling_quality_init/run.py
[2024-09-25T07:58:37.313+0000] {processor.py:925} INFO - DAG(s) 'profiling_quality_init' retrieved from /opt/airflow/dags/profiling_quality_init/run.py
[2024-09-25T07:58:37.416+0000] {logging_mixin.py:190} INFO - [2024-09-25T07:58:37.414+0000] {dag.py:3239} INFO - Sync 1 DAGs
[2024-09-25T07:58:37.525+0000] {logging_mixin.py:190} INFO - [2024-09-25T07:58:37.524+0000] {dag.py:4180} INFO - Setting next_dagrun for profiling_quality_init to 2024-09-01 00:00:00+00:00, run_after=2024-09-01 00:00:00+00:00
[2024-09-25T07:58:37.580+0000] {processor.py:208} INFO - Processing /opt/airflow/dags/profiling_quality_init/run.py took 1.956 seconds
[2024-09-25T07:59:08.272+0000] {processor.py:186} INFO - Started process (PID=155) to work on /opt/airflow/dags/profiling_quality_init/run.py
[2024-09-25T07:59:08.275+0000] {processor.py:914} INFO - Processing file /opt/airflow/dags/profiling_quality_init/run.py for tasks to queue
[2024-09-25T07:59:08.280+0000] {logging_mixin.py:190} INFO - [2024-09-25T07:59:08.279+0000] {dagbag.py:588} INFO - Filling up the DagBag from /opt/airflow/dags/profiling_quality_init/run.py
[2024-09-25T07:59:09.607+0000] {processor.py:925} INFO - DAG(s) 'profiling_quality_init' retrieved from /opt/airflow/dags/profiling_quality_init/run.py
[2024-09-25T07:59:09.685+0000] {logging_mixin.py:190} INFO - [2024-09-25T07:59:09.684+0000] {dag.py:3239} INFO - Sync 1 DAGs
[2024-09-25T07:59:09.768+0000] {logging_mixin.py:190} INFO - [2024-09-25T07:59:09.767+0000] {dag.py:4180} INFO - Setting next_dagrun for profiling_quality_init to 2024-09-01 00:00:00+00:00, run_after=2024-09-01 00:00:00+00:00
[2024-09-25T07:59:09.820+0000] {processor.py:208} INFO - Processing /opt/airflow/dags/profiling_quality_init/run.py took 1.564 seconds
[2024-09-25T07:59:40.076+0000] {processor.py:186} INFO - Started process (PID=180) to work on /opt/airflow/dags/profiling_quality_init/run.py
[2024-09-25T07:59:40.079+0000] {processor.py:914} INFO - Processing file /opt/airflow/dags/profiling_quality_init/run.py for tasks to queue
[2024-09-25T07:59:40.084+0000] {logging_mixin.py:190} INFO - [2024-09-25T07:59:40.084+0000] {dagbag.py:588} INFO - Filling up the DagBag from /opt/airflow/dags/profiling_quality_init/run.py
[2024-09-25T07:59:41.295+0000] {processor.py:925} INFO - DAG(s) 'profiling_quality_init' retrieved from /opt/airflow/dags/profiling_quality_init/run.py
[2024-09-25T07:59:41.347+0000] {logging_mixin.py:190} INFO - [2024-09-25T07:59:41.346+0000] {dag.py:3239} INFO - Sync 1 DAGs
[2024-09-25T07:59:41.413+0000] {logging_mixin.py:190} INFO - [2024-09-25T07:59:41.413+0000] {dag.py:4180} INFO - Setting next_dagrun for profiling_quality_init to 2024-09-01 00:00:00+00:00, run_after=2024-09-01 00:00:00+00:00
[2024-09-25T07:59:41.458+0000] {processor.py:208} INFO - Processing /opt/airflow/dags/profiling_quality_init/run.py took 1.396 seconds
[2024-09-25T08:00:11.513+0000] {processor.py:186} INFO - Started process (PID=204) to work on /opt/airflow/dags/profiling_quality_init/run.py
[2024-09-25T08:00:11.515+0000] {processor.py:914} INFO - Processing file /opt/airflow/dags/profiling_quality_init/run.py for tasks to queue
[2024-09-25T08:00:11.519+0000] {logging_mixin.py:190} INFO - [2024-09-25T08:00:11.519+0000] {dagbag.py:588} INFO - Filling up the DagBag from /opt/airflow/dags/profiling_quality_init/run.py
[2024-09-25T08:00:12.570+0000] {processor.py:925} INFO - DAG(s) 'profiling_quality_init' retrieved from /opt/airflow/dags/profiling_quality_init/run.py
[2024-09-25T08:00:12.641+0000] {logging_mixin.py:190} INFO - [2024-09-25T08:00:12.639+0000] {dag.py:3239} INFO - Sync 1 DAGs
[2024-09-25T08:00:12.706+0000] {logging_mixin.py:190} INFO - [2024-09-25T08:00:12.704+0000] {dag.py:4180} INFO - Setting next_dagrun for profiling_quality_init to 2024-09-01 00:00:00+00:00, run_after=2024-09-01 00:00:00+00:00
[2024-09-25T08:00:12.752+0000] {processor.py:208} INFO - Processing /opt/airflow/dags/profiling_quality_init/run.py took 1.251 seconds
[2024-09-25T08:00:43.362+0000] {processor.py:186} INFO - Started process (PID=230) to work on /opt/airflow/dags/profiling_quality_init/run.py
[2024-09-25T08:00:43.364+0000] {processor.py:914} INFO - Processing file /opt/airflow/dags/profiling_quality_init/run.py for tasks to queue
[2024-09-25T08:00:43.370+0000] {logging_mixin.py:190} INFO - [2024-09-25T08:00:43.369+0000] {dagbag.py:588} INFO - Filling up the DagBag from /opt/airflow/dags/profiling_quality_init/run.py
[2024-09-25T08:00:44.476+0000] {processor.py:925} INFO - DAG(s) 'profiling_quality_init' retrieved from /opt/airflow/dags/profiling_quality_init/run.py
[2024-09-25T08:00:44.537+0000] {logging_mixin.py:190} INFO - [2024-09-25T08:00:44.536+0000] {dag.py:3239} INFO - Sync 1 DAGs
[2024-09-25T08:00:44.592+0000] {logging_mixin.py:190} INFO - [2024-09-25T08:00:44.591+0000] {dag.py:4180} INFO - Setting next_dagrun for profiling_quality_init to 2024-09-01 00:00:00+00:00, run_after=2024-09-01 00:00:00+00:00
[2024-09-25T08:00:44.645+0000] {processor.py:208} INFO - Processing /opt/airflow/dags/profiling_quality_init/run.py took 1.300 seconds
[2024-09-25T08:01:15.418+0000] {processor.py:186} INFO - Started process (PID=262) to work on /opt/airflow/dags/profiling_quality_init/run.py
[2024-09-25T08:01:15.421+0000] {processor.py:914} INFO - Processing file /opt/airflow/dags/profiling_quality_init/run.py for tasks to queue
[2024-09-25T08:01:15.427+0000] {logging_mixin.py:190} INFO - [2024-09-25T08:01:15.426+0000] {dagbag.py:588} INFO - Filling up the DagBag from /opt/airflow/dags/profiling_quality_init/run.py
[2024-09-25T08:01:16.464+0000] {processor.py:925} INFO - DAG(s) 'profiling_quality_init' retrieved from /opt/airflow/dags/profiling_quality_init/run.py
[2024-09-25T08:01:16.524+0000] {logging_mixin.py:190} INFO - [2024-09-25T08:01:16.523+0000] {dag.py:3239} INFO - Sync 1 DAGs
[2024-09-25T08:01:16.579+0000] {logging_mixin.py:190} INFO - [2024-09-25T08:01:16.578+0000] {dag.py:4180} INFO - Setting next_dagrun for profiling_quality_init to 2024-09-01 00:00:00+00:00, run_after=2024-09-01 00:00:00+00:00
[2024-09-25T08:01:16.619+0000] {processor.py:208} INFO - Processing /opt/airflow/dags/profiling_quality_init/run.py took 1.215 seconds
[2024-09-25T08:01:47.153+0000] {processor.py:186} INFO - Started process (PID=287) to work on /opt/airflow/dags/profiling_quality_init/run.py
[2024-09-25T08:01:47.155+0000] {processor.py:914} INFO - Processing file /opt/airflow/dags/profiling_quality_init/run.py for tasks to queue
[2024-09-25T08:01:47.161+0000] {logging_mixin.py:190} INFO - [2024-09-25T08:01:47.160+0000] {dagbag.py:588} INFO - Filling up the DagBag from /opt/airflow/dags/profiling_quality_init/run.py
[2024-09-25T08:01:48.208+0000] {processor.py:925} INFO - DAG(s) 'profiling_quality_init' retrieved from /opt/airflow/dags/profiling_quality_init/run.py
[2024-09-25T08:01:48.261+0000] {logging_mixin.py:190} INFO - [2024-09-25T08:01:48.260+0000] {dag.py:3239} INFO - Sync 1 DAGs
[2024-09-25T08:01:48.324+0000] {logging_mixin.py:190} INFO - [2024-09-25T08:01:48.324+0000] {dag.py:4180} INFO - Setting next_dagrun for profiling_quality_init to 2024-09-01 00:00:00+00:00, run_after=2024-09-01 00:00:00+00:00
[2024-09-25T08:01:48.370+0000] {processor.py:208} INFO - Processing /opt/airflow/dags/profiling_quality_init/run.py took 1.231 seconds
[2024-09-25T08:02:20.024+0000] {processor.py:186} INFO - Started process (PID=313) to work on /opt/airflow/dags/profiling_quality_init/run.py
[2024-09-25T08:02:20.027+0000] {processor.py:914} INFO - Processing file /opt/airflow/dags/profiling_quality_init/run.py for tasks to queue
[2024-09-25T08:02:20.039+0000] {logging_mixin.py:190} INFO - [2024-09-25T08:02:20.037+0000] {dagbag.py:588} INFO - Filling up the DagBag from /opt/airflow/dags/profiling_quality_init/run.py
[2024-09-25T08:02:22.156+0000] {processor.py:925} INFO - DAG(s) 'profiling_quality_init' retrieved from /opt/airflow/dags/profiling_quality_init/run.py
[2024-09-25T08:02:22.242+0000] {logging_mixin.py:190} INFO - [2024-09-25T08:02:22.241+0000] {dag.py:3239} INFO - Sync 1 DAGs
[2024-09-25T08:02:22.339+0000] {logging_mixin.py:190} INFO - [2024-09-25T08:02:22.335+0000] {dag.py:4180} INFO - Setting next_dagrun for profiling_quality_init to 2024-09-01 00:00:00+00:00, run_after=2024-09-01 00:00:00+00:00
[2024-09-25T08:02:22.430+0000] {processor.py:208} INFO - Processing /opt/airflow/dags/profiling_quality_init/run.py took 2.442 seconds
[2024-09-25T08:02:52.708+0000] {processor.py:186} INFO - Started process (PID=338) to work on /opt/airflow/dags/profiling_quality_init/run.py
[2024-09-25T08:02:52.710+0000] {processor.py:914} INFO - Processing file /opt/airflow/dags/profiling_quality_init/run.py for tasks to queue
[2024-09-25T08:02:52.717+0000] {logging_mixin.py:190} INFO - [2024-09-25T08:02:52.716+0000] {dagbag.py:588} INFO - Filling up the DagBag from /opt/airflow/dags/profiling_quality_init/run.py
[2024-09-25T08:02:53.968+0000] {processor.py:925} INFO - DAG(s) 'profiling_quality_init' retrieved from /opt/airflow/dags/profiling_quality_init/run.py
[2024-09-25T08:02:54.049+0000] {logging_mixin.py:190} INFO - [2024-09-25T08:02:54.048+0000] {dag.py:3239} INFO - Sync 1 DAGs
[2024-09-25T08:02:54.130+0000] {logging_mixin.py:190} INFO - [2024-09-25T08:02:54.130+0000] {dag.py:4180} INFO - Setting next_dagrun for profiling_quality_init to 2024-09-01 00:00:00+00:00, run_after=2024-09-01 00:00:00+00:00
[2024-09-25T08:02:54.190+0000] {processor.py:208} INFO - Processing /opt/airflow/dags/profiling_quality_init/run.py took 1.499 seconds
[2024-09-25T08:03:24.906+0000] {processor.py:186} INFO - Started process (PID=363) to work on /opt/airflow/dags/profiling_quality_init/run.py
[2024-09-25T08:03:24.908+0000] {processor.py:914} INFO - Processing file /opt/airflow/dags/profiling_quality_init/run.py for tasks to queue
[2024-09-25T08:03:24.924+0000] {logging_mixin.py:190} INFO - [2024-09-25T08:03:24.923+0000] {dagbag.py:588} INFO - Filling up the DagBag from /opt/airflow/dags/profiling_quality_init/run.py
[2024-09-25T08:03:26.108+0000] {processor.py:925} INFO - DAG(s) 'profiling_quality_init' retrieved from /opt/airflow/dags/profiling_quality_init/run.py
[2024-09-25T08:03:26.163+0000] {logging_mixin.py:190} INFO - [2024-09-25T08:03:26.162+0000] {dag.py:3239} INFO - Sync 1 DAGs
[2024-09-25T08:03:26.218+0000] {logging_mixin.py:190} INFO - [2024-09-25T08:03:26.218+0000] {dag.py:4180} INFO - Setting next_dagrun for profiling_quality_init to 2024-09-01 00:00:00+00:00, run_after=2024-09-01 00:00:00+00:00
[2024-09-25T08:03:26.259+0000] {processor.py:208} INFO - Processing /opt/airflow/dags/profiling_quality_init/run.py took 1.372 seconds
[2024-09-25T08:03:57.164+0000] {processor.py:186} INFO - Started process (PID=388) to work on /opt/airflow/dags/profiling_quality_init/run.py
[2024-09-25T08:03:57.178+0000] {processor.py:914} INFO - Processing file /opt/airflow/dags/profiling_quality_init/run.py for tasks to queue
[2024-09-25T08:03:57.186+0000] {logging_mixin.py:190} INFO - [2024-09-25T08:03:57.184+0000] {dagbag.py:588} INFO - Filling up the DagBag from /opt/airflow/dags/profiling_quality_init/run.py
[2024-09-25T08:03:58.290+0000] {processor.py:925} INFO - DAG(s) 'profiling_quality_init' retrieved from /opt/airflow/dags/profiling_quality_init/run.py
[2024-09-25T08:03:58.346+0000] {logging_mixin.py:190} INFO - [2024-09-25T08:03:58.345+0000] {dag.py:3239} INFO - Sync 1 DAGs
[2024-09-25T08:03:58.399+0000] {logging_mixin.py:190} INFO - [2024-09-25T08:03:58.399+0000] {dag.py:4180} INFO - Setting next_dagrun for profiling_quality_init to 2024-09-01 00:00:00+00:00, run_after=2024-09-01 00:00:00+00:00
[2024-09-25T08:03:58.440+0000] {processor.py:208} INFO - Processing /opt/airflow/dags/profiling_quality_init/run.py took 1.298 seconds
[2024-09-25T08:04:28.707+0000] {processor.py:186} INFO - Started process (PID=413) to work on /opt/airflow/dags/profiling_quality_init/run.py
[2024-09-25T08:04:28.719+0000] {processor.py:914} INFO - Processing file /opt/airflow/dags/profiling_quality_init/run.py for tasks to queue
[2024-09-25T08:04:28.725+0000] {logging_mixin.py:190} INFO - [2024-09-25T08:04:28.724+0000] {dagbag.py:588} INFO - Filling up the DagBag from /opt/airflow/dags/profiling_quality_init/run.py
[2024-09-25T08:04:29.776+0000] {processor.py:925} INFO - DAG(s) 'profiling_quality_init' retrieved from /opt/airflow/dags/profiling_quality_init/run.py
[2024-09-25T08:04:29.831+0000] {logging_mixin.py:190} INFO - [2024-09-25T08:04:29.830+0000] {dag.py:3239} INFO - Sync 1 DAGs
[2024-09-25T08:04:29.895+0000] {logging_mixin.py:190} INFO - [2024-09-25T08:04:29.895+0000] {dag.py:4180} INFO - Setting next_dagrun for profiling_quality_init to 2024-09-01 00:00:00+00:00, run_after=2024-09-01 00:00:00+00:00
[2024-09-25T08:04:29.954+0000] {processor.py:208} INFO - Processing /opt/airflow/dags/profiling_quality_init/run.py took 1.262 seconds
[2024-09-25T08:05:00.052+0000] {processor.py:186} INFO - Started process (PID=438) to work on /opt/airflow/dags/profiling_quality_init/run.py
[2024-09-25T08:05:00.056+0000] {processor.py:914} INFO - Processing file /opt/airflow/dags/profiling_quality_init/run.py for tasks to queue
[2024-09-25T08:05:00.064+0000] {logging_mixin.py:190} INFO - [2024-09-25T08:05:00.063+0000] {dagbag.py:588} INFO - Filling up the DagBag from /opt/airflow/dags/profiling_quality_init/run.py
[2024-09-25T08:05:01.177+0000] {processor.py:925} INFO - DAG(s) 'profiling_quality_init' retrieved from /opt/airflow/dags/profiling_quality_init/run.py
[2024-09-25T08:05:01.227+0000] {logging_mixin.py:190} INFO - [2024-09-25T08:05:01.226+0000] {dag.py:3239} INFO - Sync 1 DAGs
[2024-09-25T08:05:01.284+0000] {logging_mixin.py:190} INFO - [2024-09-25T08:05:01.284+0000] {dag.py:4180} INFO - Setting next_dagrun for profiling_quality_init to 2024-09-01 00:00:00+00:00, run_after=2024-09-01 00:00:00+00:00
[2024-09-25T08:05:01.336+0000] {processor.py:208} INFO - Processing /opt/airflow/dags/profiling_quality_init/run.py took 1.303 seconds
[2024-09-25T08:05:31.438+0000] {processor.py:186} INFO - Started process (PID=463) to work on /opt/airflow/dags/profiling_quality_init/run.py
[2024-09-25T08:05:31.440+0000] {processor.py:914} INFO - Processing file /opt/airflow/dags/profiling_quality_init/run.py for tasks to queue
[2024-09-25T08:05:31.446+0000] {logging_mixin.py:190} INFO - [2024-09-25T08:05:31.445+0000] {dagbag.py:588} INFO - Filling up the DagBag from /opt/airflow/dags/profiling_quality_init/run.py
[2024-09-25T08:05:32.531+0000] {processor.py:925} INFO - DAG(s) 'profiling_quality_init' retrieved from /opt/airflow/dags/profiling_quality_init/run.py
[2024-09-25T08:05:32.583+0000] {logging_mixin.py:190} INFO - [2024-09-25T08:05:32.582+0000] {dag.py:3239} INFO - Sync 1 DAGs
[2024-09-25T08:05:32.635+0000] {logging_mixin.py:190} INFO - [2024-09-25T08:05:32.634+0000] {dag.py:4180} INFO - Setting next_dagrun for profiling_quality_init to 2024-09-01 00:00:00+00:00, run_after=2024-09-01 00:00:00+00:00
[2024-09-25T08:05:32.686+0000] {processor.py:208} INFO - Processing /opt/airflow/dags/profiling_quality_init/run.py took 1.262 seconds
[2024-09-25T08:06:02.976+0000] {processor.py:186} INFO - Started process (PID=488) to work on /opt/airflow/dags/profiling_quality_init/run.py
[2024-09-25T08:06:02.978+0000] {processor.py:914} INFO - Processing file /opt/airflow/dags/profiling_quality_init/run.py for tasks to queue
[2024-09-25T08:06:02.985+0000] {logging_mixin.py:190} INFO - [2024-09-25T08:06:02.984+0000] {dagbag.py:588} INFO - Filling up the DagBag from /opt/airflow/dags/profiling_quality_init/run.py
[2024-09-25T08:06:04.211+0000] {processor.py:925} INFO - DAG(s) 'profiling_quality_init' retrieved from /opt/airflow/dags/profiling_quality_init/run.py
[2024-09-25T08:06:04.271+0000] {logging_mixin.py:190} INFO - [2024-09-25T08:06:04.270+0000] {dag.py:3239} INFO - Sync 1 DAGs
[2024-09-25T08:06:04.334+0000] {logging_mixin.py:190} INFO - [2024-09-25T08:06:04.334+0000] {dag.py:4180} INFO - Setting next_dagrun for profiling_quality_init to 2024-09-01 00:00:00+00:00, run_after=2024-09-01 00:00:00+00:00
[2024-09-25T08:06:04.401+0000] {processor.py:208} INFO - Processing /opt/airflow/dags/profiling_quality_init/run.py took 1.443 seconds
[2024-09-25T08:06:34.946+0000] {processor.py:186} INFO - Started process (PID=513) to work on /opt/airflow/dags/profiling_quality_init/run.py
[2024-09-25T08:06:34.948+0000] {processor.py:914} INFO - Processing file /opt/airflow/dags/profiling_quality_init/run.py for tasks to queue
[2024-09-25T08:06:34.954+0000] {logging_mixin.py:190} INFO - [2024-09-25T08:06:34.953+0000] {dagbag.py:588} INFO - Filling up the DagBag from /opt/airflow/dags/profiling_quality_init/run.py
[2024-09-25T08:06:36.218+0000] {processor.py:925} INFO - DAG(s) 'profiling_quality_init' retrieved from /opt/airflow/dags/profiling_quality_init/run.py
[2024-09-25T08:06:36.281+0000] {logging_mixin.py:190} INFO - [2024-09-25T08:06:36.280+0000] {dag.py:3239} INFO - Sync 1 DAGs
[2024-09-25T08:06:36.377+0000] {logging_mixin.py:190} INFO - [2024-09-25T08:06:36.377+0000] {dag.py:4180} INFO - Setting next_dagrun for profiling_quality_init to 2024-09-01 00:00:00+00:00, run_after=2024-09-01 00:00:00+00:00
[2024-09-25T08:06:36.444+0000] {processor.py:208} INFO - Processing /opt/airflow/dags/profiling_quality_init/run.py took 1.515 seconds
[2024-09-25T08:07:06.645+0000] {processor.py:186} INFO - Started process (PID=538) to work on /opt/airflow/dags/profiling_quality_init/run.py
[2024-09-25T08:07:06.649+0000] {processor.py:914} INFO - Processing file /opt/airflow/dags/profiling_quality_init/run.py for tasks to queue
[2024-09-25T08:07:06.657+0000] {logging_mixin.py:190} INFO - [2024-09-25T08:07:06.656+0000] {dagbag.py:588} INFO - Filling up the DagBag from /opt/airflow/dags/profiling_quality_init/run.py
[2024-09-25T08:07:08.066+0000] {processor.py:925} INFO - DAG(s) 'profiling_quality_init' retrieved from /opt/airflow/dags/profiling_quality_init/run.py
[2024-09-25T08:07:08.126+0000] {logging_mixin.py:190} INFO - [2024-09-25T08:07:08.124+0000] {dag.py:3239} INFO - Sync 1 DAGs
[2024-09-25T08:07:08.183+0000] {logging_mixin.py:190} INFO - [2024-09-25T08:07:08.183+0000] {dag.py:4180} INFO - Setting next_dagrun for profiling_quality_init to 2024-09-01 00:00:00+00:00, run_after=2024-09-01 00:00:00+00:00
[2024-09-25T08:07:08.241+0000] {processor.py:208} INFO - Processing /opt/airflow/dags/profiling_quality_init/run.py took 1.615 seconds
[2024-09-25T08:07:38.989+0000] {processor.py:186} INFO - Started process (PID=564) to work on /opt/airflow/dags/profiling_quality_init/run.py
[2024-09-25T08:07:38.992+0000] {processor.py:914} INFO - Processing file /opt/airflow/dags/profiling_quality_init/run.py for tasks to queue
[2024-09-25T08:07:39.002+0000] {logging_mixin.py:190} INFO - [2024-09-25T08:07:38.999+0000] {dagbag.py:588} INFO - Filling up the DagBag from /opt/airflow/dags/profiling_quality_init/run.py
[2024-09-25T08:07:40.507+0000] {processor.py:925} INFO - DAG(s) 'profiling_quality_init' retrieved from /opt/airflow/dags/profiling_quality_init/run.py
[2024-09-25T08:07:40.570+0000] {logging_mixin.py:190} INFO - [2024-09-25T08:07:40.569+0000] {dag.py:3239} INFO - Sync 1 DAGs
[2024-09-25T08:07:40.642+0000] {logging_mixin.py:190} INFO - [2024-09-25T08:07:40.641+0000] {dag.py:4180} INFO - Setting next_dagrun for profiling_quality_init to 2024-09-01 00:00:00+00:00, run_after=2024-09-01 00:00:00+00:00
[2024-09-25T08:07:40.704+0000] {processor.py:208} INFO - Processing /opt/airflow/dags/profiling_quality_init/run.py took 1.746 seconds
[2024-09-25T08:08:11.331+0000] {processor.py:186} INFO - Started process (PID=589) to work on /opt/airflow/dags/profiling_quality_init/run.py
[2024-09-25T08:08:11.344+0000] {processor.py:914} INFO - Processing file /opt/airflow/dags/profiling_quality_init/run.py for tasks to queue
[2024-09-25T08:08:11.351+0000] {logging_mixin.py:190} INFO - [2024-09-25T08:08:11.350+0000] {dagbag.py:588} INFO - Filling up the DagBag from /opt/airflow/dags/profiling_quality_init/run.py
[2024-09-25T08:08:12.359+0000] {processor.py:925} INFO - DAG(s) 'profiling_quality_init' retrieved from /opt/airflow/dags/profiling_quality_init/run.py
[2024-09-25T08:08:12.412+0000] {logging_mixin.py:190} INFO - [2024-09-25T08:08:12.411+0000] {dag.py:3239} INFO - Sync 1 DAGs
[2024-09-25T08:08:12.469+0000] {logging_mixin.py:190} INFO - [2024-09-25T08:08:12.468+0000] {dag.py:4180} INFO - Setting next_dagrun for profiling_quality_init to 2024-09-01 00:00:00+00:00, run_after=2024-09-01 00:00:00+00:00
[2024-09-25T08:08:12.511+0000] {processor.py:208} INFO - Processing /opt/airflow/dags/profiling_quality_init/run.py took 1.194 seconds
[2024-09-25T08:08:43.157+0000] {processor.py:186} INFO - Started process (PID=614) to work on /opt/airflow/dags/profiling_quality_init/run.py
[2024-09-25T08:08:43.160+0000] {processor.py:914} INFO - Processing file /opt/airflow/dags/profiling_quality_init/run.py for tasks to queue
[2024-09-25T08:08:43.166+0000] {logging_mixin.py:190} INFO - [2024-09-25T08:08:43.165+0000] {dagbag.py:588} INFO - Filling up the DagBag from /opt/airflow/dags/profiling_quality_init/run.py
[2024-09-25T08:08:44.219+0000] {processor.py:925} INFO - DAG(s) 'profiling_quality_init' retrieved from /opt/airflow/dags/profiling_quality_init/run.py
[2024-09-25T08:08:44.276+0000] {logging_mixin.py:190} INFO - [2024-09-25T08:08:44.275+0000] {dag.py:3239} INFO - Sync 1 DAGs
[2024-09-25T08:08:44.332+0000] {logging_mixin.py:190} INFO - [2024-09-25T08:08:44.331+0000] {dag.py:4180} INFO - Setting next_dagrun for profiling_quality_init to 2024-09-01 00:00:00+00:00, run_after=2024-09-01 00:00:00+00:00
[2024-09-25T08:08:44.371+0000] {processor.py:208} INFO - Processing /opt/airflow/dags/profiling_quality_init/run.py took 1.230 seconds
[2024-09-25T08:09:14.429+0000] {processor.py:186} INFO - Started process (PID=639) to work on /opt/airflow/dags/profiling_quality_init/run.py
[2024-09-25T08:09:14.431+0000] {processor.py:914} INFO - Processing file /opt/airflow/dags/profiling_quality_init/run.py for tasks to queue
[2024-09-25T08:09:14.437+0000] {logging_mixin.py:190} INFO - [2024-09-25T08:09:14.437+0000] {dagbag.py:588} INFO - Filling up the DagBag from /opt/airflow/dags/profiling_quality_init/run.py
[2024-09-25T08:09:15.559+0000] {processor.py:925} INFO - DAG(s) 'profiling_quality_init' retrieved from /opt/airflow/dags/profiling_quality_init/run.py
[2024-09-25T08:09:15.614+0000] {logging_mixin.py:190} INFO - [2024-09-25T08:09:15.613+0000] {dag.py:3239} INFO - Sync 1 DAGs
[2024-09-25T08:09:15.674+0000] {logging_mixin.py:190} INFO - [2024-09-25T08:09:15.674+0000] {dag.py:4180} INFO - Setting next_dagrun for profiling_quality_init to 2024-09-01 00:00:00+00:00, run_after=2024-09-01 00:00:00+00:00
[2024-09-25T08:09:15.717+0000] {processor.py:208} INFO - Processing /opt/airflow/dags/profiling_quality_init/run.py took 1.304 seconds
[2024-09-25T08:09:46.099+0000] {processor.py:186} INFO - Started process (PID=671) to work on /opt/airflow/dags/profiling_quality_init/run.py
[2024-09-25T08:09:46.102+0000] {processor.py:914} INFO - Processing file /opt/airflow/dags/profiling_quality_init/run.py for tasks to queue
[2024-09-25T08:09:46.108+0000] {logging_mixin.py:190} INFO - [2024-09-25T08:09:46.108+0000] {dagbag.py:588} INFO - Filling up the DagBag from /opt/airflow/dags/profiling_quality_init/run.py
[2024-09-25T08:09:47.229+0000] {processor.py:925} INFO - DAG(s) 'profiling_quality_init' retrieved from /opt/airflow/dags/profiling_quality_init/run.py
[2024-09-25T08:09:47.278+0000] {logging_mixin.py:190} INFO - [2024-09-25T08:09:47.277+0000] {dag.py:3239} INFO - Sync 1 DAGs
[2024-09-25T08:09:47.337+0000] {logging_mixin.py:190} INFO - [2024-09-25T08:09:47.337+0000] {dag.py:4180} INFO - Setting next_dagrun for profiling_quality_init to 2024-09-01 00:00:00+00:00, run_after=2024-09-01 00:00:00+00:00
[2024-09-25T08:09:47.387+0000] {processor.py:208} INFO - Processing /opt/airflow/dags/profiling_quality_init/run.py took 1.303 seconds
[2024-09-25T08:10:18.033+0000] {processor.py:186} INFO - Started process (PID=698) to work on /opt/airflow/dags/profiling_quality_init/run.py
[2024-09-25T08:10:18.036+0000] {processor.py:914} INFO - Processing file /opt/airflow/dags/profiling_quality_init/run.py for tasks to queue
[2024-09-25T08:10:18.044+0000] {logging_mixin.py:190} INFO - [2024-09-25T08:10:18.043+0000] {dagbag.py:588} INFO - Filling up the DagBag from /opt/airflow/dags/profiling_quality_init/run.py
[2024-09-25T08:10:19.354+0000] {processor.py:925} INFO - DAG(s) 'profiling_quality_init' retrieved from /opt/airflow/dags/profiling_quality_init/run.py
[2024-09-25T08:10:19.422+0000] {logging_mixin.py:190} INFO - [2024-09-25T08:10:19.421+0000] {dag.py:3239} INFO - Sync 1 DAGs
[2024-09-25T08:10:19.484+0000] {logging_mixin.py:190} INFO - [2024-09-25T08:10:19.483+0000] {dag.py:4180} INFO - Setting next_dagrun for profiling_quality_init to 2024-09-01 00:00:00+00:00, run_after=2024-09-01 00:00:00+00:00
[2024-09-25T08:10:19.532+0000] {processor.py:208} INFO - Processing /opt/airflow/dags/profiling_quality_init/run.py took 1.516 seconds
[2024-09-25T08:10:51.834+0000] {processor.py:186} INFO - Started process (PID=723) to work on /opt/airflow/dags/profiling_quality_init/run.py
[2024-09-25T08:10:51.838+0000] {processor.py:914} INFO - Processing file /opt/airflow/dags/profiling_quality_init/run.py for tasks to queue
[2024-09-25T08:10:51.847+0000] {logging_mixin.py:190} INFO - [2024-09-25T08:10:51.846+0000] {dagbag.py:588} INFO - Filling up the DagBag from /opt/airflow/dags/profiling_quality_init/run.py
[2024-09-25T08:10:53.727+0000] {processor.py:925} INFO - DAG(s) 'profiling_quality_init' retrieved from /opt/airflow/dags/profiling_quality_init/run.py
[2024-09-25T08:10:53.872+0000] {logging_mixin.py:190} INFO - [2024-09-25T08:10:53.871+0000] {dag.py:3239} INFO - Sync 1 DAGs
[2024-09-25T08:10:54.017+0000] {logging_mixin.py:190} INFO - [2024-09-25T08:10:54.016+0000] {dag.py:4180} INFO - Setting next_dagrun for profiling_quality_init to 2024-09-01 00:00:00+00:00, run_after=2024-09-01 00:00:00+00:00
[2024-09-25T08:10:54.121+0000] {processor.py:208} INFO - Processing /opt/airflow/dags/profiling_quality_init/run.py took 2.312 seconds
[2024-09-25T08:11:24.340+0000] {processor.py:186} INFO - Started process (PID=748) to work on /opt/airflow/dags/profiling_quality_init/run.py
[2024-09-25T08:11:24.343+0000] {processor.py:914} INFO - Processing file /opt/airflow/dags/profiling_quality_init/run.py for tasks to queue
[2024-09-25T08:11:24.353+0000] {logging_mixin.py:190} INFO - [2024-09-25T08:11:24.352+0000] {dagbag.py:588} INFO - Filling up the DagBag from /opt/airflow/dags/profiling_quality_init/run.py
[2024-09-25T08:11:26.187+0000] {processor.py:925} INFO - DAG(s) 'profiling_quality_init' retrieved from /opt/airflow/dags/profiling_quality_init/run.py
[2024-09-25T08:11:26.255+0000] {logging_mixin.py:190} INFO - [2024-09-25T08:11:26.254+0000] {dag.py:3239} INFO - Sync 1 DAGs
[2024-09-25T08:11:26.326+0000] {logging_mixin.py:190} INFO - [2024-09-25T08:11:26.326+0000] {dag.py:4180} INFO - Setting next_dagrun for profiling_quality_init to 2024-09-01 00:00:00+00:00, run_after=2024-09-01 00:00:00+00:00
[2024-09-25T08:11:26.380+0000] {processor.py:208} INFO - Processing /opt/airflow/dags/profiling_quality_init/run.py took 2.062 seconds
[2024-09-25T08:11:56.623+0000] {processor.py:186} INFO - Started process (PID=773) to work on /opt/airflow/dags/profiling_quality_init/run.py
[2024-09-25T08:11:56.627+0000] {processor.py:914} INFO - Processing file /opt/airflow/dags/profiling_quality_init/run.py for tasks to queue
[2024-09-25T08:11:56.638+0000] {logging_mixin.py:190} INFO - [2024-09-25T08:11:56.637+0000] {dagbag.py:588} INFO - Filling up the DagBag from /opt/airflow/dags/profiling_quality_init/run.py
[2024-09-25T08:11:58.741+0000] {processor.py:925} INFO - DAG(s) 'profiling_quality_init' retrieved from /opt/airflow/dags/profiling_quality_init/run.py
[2024-09-25T08:11:58.811+0000] {logging_mixin.py:190} INFO - [2024-09-25T08:11:58.810+0000] {dag.py:3239} INFO - Sync 1 DAGs
[2024-09-25T08:11:58.884+0000] {logging_mixin.py:190} INFO - [2024-09-25T08:11:58.883+0000] {dag.py:4180} INFO - Setting next_dagrun for profiling_quality_init to 2024-09-01 00:00:00+00:00, run_after=2024-09-01 00:00:00+00:00
[2024-09-25T08:11:58.942+0000] {processor.py:208} INFO - Processing /opt/airflow/dags/profiling_quality_init/run.py took 2.347 seconds
[2024-09-25T08:12:29.916+0000] {processor.py:186} INFO - Started process (PID=799) to work on /opt/airflow/dags/profiling_quality_init/run.py
[2024-09-25T08:12:29.919+0000] {processor.py:914} INFO - Processing file /opt/airflow/dags/profiling_quality_init/run.py for tasks to queue
[2024-09-25T08:12:29.924+0000] {logging_mixin.py:190} INFO - [2024-09-25T08:12:29.923+0000] {dagbag.py:588} INFO - Filling up the DagBag from /opt/airflow/dags/profiling_quality_init/run.py
[2024-09-25T08:12:30.995+0000] {processor.py:925} INFO - DAG(s) 'profiling_quality_init' retrieved from /opt/airflow/dags/profiling_quality_init/run.py
[2024-09-25T08:12:31.045+0000] {logging_mixin.py:190} INFO - [2024-09-25T08:12:31.044+0000] {dag.py:3239} INFO - Sync 1 DAGs
[2024-09-25T08:12:31.097+0000] {logging_mixin.py:190} INFO - [2024-09-25T08:12:31.096+0000] {dag.py:4180} INFO - Setting next_dagrun for profiling_quality_init to 2024-09-01 00:00:00+00:00, run_after=2024-09-01 00:00:00+00:00
[2024-09-25T08:12:31.147+0000] {processor.py:208} INFO - Processing /opt/airflow/dags/profiling_quality_init/run.py took 1.245 seconds
[2024-09-25T08:13:01.438+0000] {processor.py:186} INFO - Started process (PID=824) to work on /opt/airflow/dags/profiling_quality_init/run.py
[2024-09-25T08:13:01.441+0000] {processor.py:914} INFO - Processing file /opt/airflow/dags/profiling_quality_init/run.py for tasks to queue
[2024-09-25T08:13:01.448+0000] {logging_mixin.py:190} INFO - [2024-09-25T08:13:01.447+0000] {dagbag.py:588} INFO - Filling up the DagBag from /opt/airflow/dags/profiling_quality_init/run.py
[2024-09-25T08:13:02.705+0000] {processor.py:925} INFO - DAG(s) 'profiling_quality_init' retrieved from /opt/airflow/dags/profiling_quality_init/run.py
[2024-09-25T08:13:02.763+0000] {logging_mixin.py:190} INFO - [2024-09-25T08:13:02.762+0000] {dag.py:3239} INFO - Sync 1 DAGs
[2024-09-25T08:13:02.826+0000] {logging_mixin.py:190} INFO - [2024-09-25T08:13:02.825+0000] {dag.py:4180} INFO - Setting next_dagrun for profiling_quality_init to 2024-09-01 00:00:00+00:00, run_after=2024-09-01 00:00:00+00:00
[2024-09-25T08:13:02.873+0000] {processor.py:208} INFO - Processing /opt/airflow/dags/profiling_quality_init/run.py took 1.451 seconds
[2024-09-25T08:13:33.596+0000] {processor.py:186} INFO - Started process (PID=849) to work on /opt/airflow/dags/profiling_quality_init/run.py
[2024-09-25T08:13:33.600+0000] {processor.py:914} INFO - Processing file /opt/airflow/dags/profiling_quality_init/run.py for tasks to queue
[2024-09-25T08:13:33.607+0000] {logging_mixin.py:190} INFO - [2024-09-25T08:13:33.606+0000] {dagbag.py:588} INFO - Filling up the DagBag from /opt/airflow/dags/profiling_quality_init/run.py
[2024-09-25T08:13:34.785+0000] {processor.py:925} INFO - DAG(s) 'profiling_quality_init' retrieved from /opt/airflow/dags/profiling_quality_init/run.py
[2024-09-25T08:13:34.839+0000] {logging_mixin.py:190} INFO - [2024-09-25T08:13:34.838+0000] {dag.py:3239} INFO - Sync 1 DAGs
[2024-09-25T08:13:34.902+0000] {logging_mixin.py:190} INFO - [2024-09-25T08:13:34.902+0000] {dag.py:4180} INFO - Setting next_dagrun for profiling_quality_init to 2024-09-01 00:00:00+00:00, run_after=2024-09-01 00:00:00+00:00
[2024-09-25T08:13:34.946+0000] {processor.py:208} INFO - Processing /opt/airflow/dags/profiling_quality_init/run.py took 1.370 seconds
[2024-09-25T08:14:05.443+0000] {processor.py:186} INFO - Started process (PID=875) to work on /opt/airflow/dags/profiling_quality_init/run.py
[2024-09-25T08:14:05.446+0000] {processor.py:914} INFO - Processing file /opt/airflow/dags/profiling_quality_init/run.py for tasks to queue
[2024-09-25T08:14:05.452+0000] {logging_mixin.py:190} INFO - [2024-09-25T08:14:05.451+0000] {dagbag.py:588} INFO - Filling up the DagBag from /opt/airflow/dags/profiling_quality_init/run.py
[2024-09-25T08:14:06.671+0000] {processor.py:925} INFO - DAG(s) 'profiling_quality_init' retrieved from /opt/airflow/dags/profiling_quality_init/run.py
[2024-09-25T08:14:06.733+0000] {logging_mixin.py:190} INFO - [2024-09-25T08:14:06.731+0000] {dag.py:3239} INFO - Sync 1 DAGs
[2024-09-25T08:14:06.787+0000] {logging_mixin.py:190} INFO - [2024-09-25T08:14:06.787+0000] {dag.py:4180} INFO - Setting next_dagrun for profiling_quality_init to 2024-09-01 00:00:00+00:00, run_after=2024-09-01 00:00:00+00:00
[2024-09-25T08:14:06.833+0000] {processor.py:208} INFO - Processing /opt/airflow/dags/profiling_quality_init/run.py took 1.408 seconds
[2024-09-25T08:14:37.042+0000] {processor.py:186} INFO - Started process (PID=900) to work on /opt/airflow/dags/profiling_quality_init/run.py
[2024-09-25T08:14:37.055+0000] {processor.py:914} INFO - Processing file /opt/airflow/dags/profiling_quality_init/run.py for tasks to queue
[2024-09-25T08:14:37.060+0000] {logging_mixin.py:190} INFO - [2024-09-25T08:14:37.059+0000] {dagbag.py:588} INFO - Filling up the DagBag from /opt/airflow/dags/profiling_quality_init/run.py
[2024-09-25T08:14:38.114+0000] {processor.py:925} INFO - DAG(s) 'profiling_quality_init' retrieved from /opt/airflow/dags/profiling_quality_init/run.py
[2024-09-25T08:14:38.167+0000] {logging_mixin.py:190} INFO - [2024-09-25T08:14:38.166+0000] {dag.py:3239} INFO - Sync 1 DAGs
[2024-09-25T08:14:38.228+0000] {logging_mixin.py:190} INFO - [2024-09-25T08:14:38.227+0000] {dag.py:4180} INFO - Setting next_dagrun for profiling_quality_init to 2024-09-01 00:00:00+00:00, run_after=2024-09-01 00:00:00+00:00
[2024-09-25T08:14:38.276+0000] {processor.py:208} INFO - Processing /opt/airflow/dags/profiling_quality_init/run.py took 1.252 seconds
[2024-09-25T08:15:08.769+0000] {processor.py:186} INFO - Started process (PID=925) to work on /opt/airflow/dags/profiling_quality_init/run.py
[2024-09-25T08:15:08.776+0000] {processor.py:914} INFO - Processing file /opt/airflow/dags/profiling_quality_init/run.py for tasks to queue
[2024-09-25T08:15:08.782+0000] {logging_mixin.py:190} INFO - [2024-09-25T08:15:08.781+0000] {dagbag.py:588} INFO - Filling up the DagBag from /opt/airflow/dags/profiling_quality_init/run.py
[2024-09-25T08:15:10.316+0000] {processor.py:925} INFO - DAG(s) 'profiling_quality_init' retrieved from /opt/airflow/dags/profiling_quality_init/run.py
[2024-09-25T08:15:10.400+0000] {logging_mixin.py:190} INFO - [2024-09-25T08:15:10.398+0000] {dag.py:3239} INFO - Sync 1 DAGs
[2024-09-25T08:15:10.496+0000] {logging_mixin.py:190} INFO - [2024-09-25T08:15:10.496+0000] {dag.py:4180} INFO - Setting next_dagrun for profiling_quality_init to 2024-09-01 00:00:00+00:00, run_after=2024-09-01 00:00:00+00:00
[2024-09-25T08:15:10.619+0000] {processor.py:208} INFO - Processing /opt/airflow/dags/profiling_quality_init/run.py took 1.868 seconds
[2024-09-25T08:15:41.398+0000] {processor.py:186} INFO - Started process (PID=952) to work on /opt/airflow/dags/profiling_quality_init/run.py
[2024-09-25T08:15:41.401+0000] {processor.py:914} INFO - Processing file /opt/airflow/dags/profiling_quality_init/run.py for tasks to queue
[2024-09-25T08:15:41.407+0000] {logging_mixin.py:190} INFO - [2024-09-25T08:15:41.406+0000] {dagbag.py:588} INFO - Filling up the DagBag from /opt/airflow/dags/profiling_quality_init/run.py
[2024-09-25T08:15:42.470+0000] {processor.py:925} INFO - DAG(s) 'profiling_quality_init' retrieved from /opt/airflow/dags/profiling_quality_init/run.py
[2024-09-25T08:15:42.516+0000] {logging_mixin.py:190} INFO - [2024-09-25T08:15:42.515+0000] {dag.py:3239} INFO - Sync 1 DAGs
[2024-09-25T08:15:42.568+0000] {logging_mixin.py:190} INFO - [2024-09-25T08:15:42.567+0000] {dag.py:4180} INFO - Setting next_dagrun for profiling_quality_init to 2024-09-01 00:00:00+00:00, run_after=2024-09-01 00:00:00+00:00
[2024-09-25T08:15:42.606+0000] {processor.py:208} INFO - Processing /opt/airflow/dags/profiling_quality_init/run.py took 1.223 seconds
[2024-09-25T08:16:12.894+0000] {processor.py:186} INFO - Started process (PID=977) to work on /opt/airflow/dags/profiling_quality_init/run.py
[2024-09-25T08:16:12.899+0000] {processor.py:914} INFO - Processing file /opt/airflow/dags/profiling_quality_init/run.py for tasks to queue
[2024-09-25T08:16:12.904+0000] {logging_mixin.py:190} INFO - [2024-09-25T08:16:12.903+0000] {dagbag.py:588} INFO - Filling up the DagBag from /opt/airflow/dags/profiling_quality_init/run.py
[2024-09-25T08:16:13.949+0000] {processor.py:925} INFO - DAG(s) 'profiling_quality_init' retrieved from /opt/airflow/dags/profiling_quality_init/run.py
[2024-09-25T08:16:14.006+0000] {logging_mixin.py:190} INFO - [2024-09-25T08:16:14.005+0000] {dag.py:3239} INFO - Sync 1 DAGs
[2024-09-25T08:16:14.066+0000] {logging_mixin.py:190} INFO - [2024-09-25T08:16:14.065+0000] {dag.py:4180} INFO - Setting next_dagrun for profiling_quality_init to 2024-09-01 00:00:00+00:00, run_after=2024-09-01 00:00:00+00:00
[2024-09-25T08:16:14.116+0000] {processor.py:208} INFO - Processing /opt/airflow/dags/profiling_quality_init/run.py took 1.237 seconds
[2024-09-25T08:16:45.756+0000] {processor.py:186} INFO - Started process (PID=1001) to work on /opt/airflow/dags/profiling_quality_init/run.py
[2024-09-25T08:16:45.768+0000] {processor.py:914} INFO - Processing file /opt/airflow/dags/profiling_quality_init/run.py for tasks to queue
[2024-09-25T08:16:45.775+0000] {logging_mixin.py:190} INFO - [2024-09-25T08:16:45.774+0000] {dagbag.py:588} INFO - Filling up the DagBag from /opt/airflow/dags/profiling_quality_init/run.py
[2024-09-25T08:16:48.376+0000] {processor.py:925} INFO - DAG(s) 'profiling_quality_init' retrieved from /opt/airflow/dags/profiling_quality_init/run.py
[2024-09-25T08:16:48.517+0000] {logging_mixin.py:190} INFO - [2024-09-25T08:16:48.516+0000] {dag.py:3239} INFO - Sync 1 DAGs
[2024-09-25T08:16:48.639+0000] {logging_mixin.py:190} INFO - [2024-09-25T08:16:48.638+0000] {dag.py:4180} INFO - Setting next_dagrun for profiling_quality_init to 2024-09-01 00:00:00+00:00, run_after=2024-09-01 00:00:00+00:00
[2024-09-25T08:16:48.740+0000] {processor.py:208} INFO - Processing /opt/airflow/dags/profiling_quality_init/run.py took 3.013 seconds
[2024-09-25T08:17:19.170+0000] {processor.py:186} INFO - Started process (PID=1032) to work on /opt/airflow/dags/profiling_quality_init/run.py
[2024-09-25T08:17:19.174+0000] {processor.py:914} INFO - Processing file /opt/airflow/dags/profiling_quality_init/run.py for tasks to queue
[2024-09-25T08:17:19.186+0000] {logging_mixin.py:190} INFO - [2024-09-25T08:17:19.185+0000] {dagbag.py:588} INFO - Filling up the DagBag from /opt/airflow/dags/profiling_quality_init/run.py
[2024-09-25T08:17:21.729+0000] {processor.py:925} INFO - DAG(s) 'profiling_quality_init' retrieved from /opt/airflow/dags/profiling_quality_init/run.py
[2024-09-25T08:17:21.840+0000] {logging_mixin.py:190} INFO - [2024-09-25T08:17:21.838+0000] {dag.py:3239} INFO - Sync 1 DAGs
[2024-09-25T08:17:21.947+0000] {logging_mixin.py:190} INFO - [2024-09-25T08:17:21.946+0000] {dag.py:4180} INFO - Setting next_dagrun for profiling_quality_init to 2024-09-01 00:00:00+00:00, run_after=2024-09-01 00:00:00+00:00
[2024-09-25T08:17:22.028+0000] {processor.py:208} INFO - Processing /opt/airflow/dags/profiling_quality_init/run.py took 2.885 seconds
[2024-09-25T08:17:52.162+0000] {processor.py:186} INFO - Started process (PID=1056) to work on /opt/airflow/dags/profiling_quality_init/run.py
[2024-09-25T08:17:52.165+0000] {processor.py:914} INFO - Processing file /opt/airflow/dags/profiling_quality_init/run.py for tasks to queue
[2024-09-25T08:17:52.172+0000] {logging_mixin.py:190} INFO - [2024-09-25T08:17:52.171+0000] {dagbag.py:588} INFO - Filling up the DagBag from /opt/airflow/dags/profiling_quality_init/run.py
[2024-09-25T08:17:53.700+0000] {processor.py:925} INFO - DAG(s) 'profiling_quality_init' retrieved from /opt/airflow/dags/profiling_quality_init/run.py
[2024-09-25T08:17:53.773+0000] {logging_mixin.py:190} INFO - [2024-09-25T08:17:53.772+0000] {dag.py:3239} INFO - Sync 1 DAGs
[2024-09-25T08:17:53.850+0000] {logging_mixin.py:190} INFO - [2024-09-25T08:17:53.849+0000] {dag.py:4180} INFO - Setting next_dagrun for profiling_quality_init to 2024-09-01 00:00:00+00:00, run_after=2024-09-01 00:00:00+00:00
[2024-09-25T08:17:53.909+0000] {processor.py:208} INFO - Processing /opt/airflow/dags/profiling_quality_init/run.py took 1.770 seconds
[2024-09-25T08:18:24.344+0000] {processor.py:186} INFO - Started process (PID=1082) to work on /opt/airflow/dags/profiling_quality_init/run.py
[2024-09-25T08:18:24.357+0000] {processor.py:914} INFO - Processing file /opt/airflow/dags/profiling_quality_init/run.py for tasks to queue
[2024-09-25T08:18:24.374+0000] {logging_mixin.py:190} INFO - [2024-09-25T08:18:24.373+0000] {dagbag.py:588} INFO - Filling up the DagBag from /opt/airflow/dags/profiling_quality_init/run.py
[2024-09-25T08:18:27.242+0000] {processor.py:925} INFO - DAG(s) 'profiling_quality_init' retrieved from /opt/airflow/dags/profiling_quality_init/run.py
[2024-09-25T08:18:27.326+0000] {logging_mixin.py:190} INFO - [2024-09-25T08:18:27.324+0000] {dag.py:3239} INFO - Sync 1 DAGs
[2024-09-25T08:18:27.431+0000] {logging_mixin.py:190} INFO - [2024-09-25T08:18:27.428+0000] {dag.py:4180} INFO - Setting next_dagrun for profiling_quality_init to 2024-09-01 00:00:00+00:00, run_after=2024-09-01 00:00:00+00:00
[2024-09-25T08:18:27.961+0000] {processor.py:208} INFO - Processing /opt/airflow/dags/profiling_quality_init/run.py took 3.674 seconds
[2024-09-25T08:18:58.536+0000] {processor.py:186} INFO - Started process (PID=1108) to work on /opt/airflow/dags/profiling_quality_init/run.py
[2024-09-25T08:18:58.556+0000] {processor.py:914} INFO - Processing file /opt/airflow/dags/profiling_quality_init/run.py for tasks to queue
[2024-09-25T08:18:58.563+0000] {logging_mixin.py:190} INFO - [2024-09-25T08:18:58.562+0000] {dagbag.py:588} INFO - Filling up the DagBag from /opt/airflow/dags/profiling_quality_init/run.py
[2024-09-25T08:19:00.078+0000] {processor.py:925} INFO - DAG(s) 'profiling_quality_init' retrieved from /opt/airflow/dags/profiling_quality_init/run.py
[2024-09-25T08:19:00.130+0000] {logging_mixin.py:190} INFO - [2024-09-25T08:19:00.129+0000] {dag.py:3239} INFO - Sync 1 DAGs
[2024-09-25T08:19:00.208+0000] {logging_mixin.py:190} INFO - [2024-09-25T08:19:00.207+0000] {dag.py:4180} INFO - Setting next_dagrun for profiling_quality_init to 2024-09-01 00:00:00+00:00, run_after=2024-09-01 00:00:00+00:00
[2024-09-25T08:19:00.315+0000] {processor.py:208} INFO - Processing /opt/airflow/dags/profiling_quality_init/run.py took 1.797 seconds
[2024-09-25T08:19:30.978+0000] {processor.py:186} INFO - Started process (PID=1135) to work on /opt/airflow/dags/profiling_quality_init/run.py
[2024-09-25T08:19:30.981+0000] {processor.py:914} INFO - Processing file /opt/airflow/dags/profiling_quality_init/run.py for tasks to queue
[2024-09-25T08:19:30.986+0000] {logging_mixin.py:190} INFO - [2024-09-25T08:19:30.985+0000] {dagbag.py:588} INFO - Filling up the DagBag from /opt/airflow/dags/profiling_quality_init/run.py
[2024-09-25T08:19:32.089+0000] {processor.py:925} INFO - DAG(s) 'profiling_quality_init' retrieved from /opt/airflow/dags/profiling_quality_init/run.py
[2024-09-25T08:19:32.137+0000] {logging_mixin.py:190} INFO - [2024-09-25T08:19:32.136+0000] {dag.py:3239} INFO - Sync 1 DAGs
[2024-09-25T08:19:32.184+0000] {logging_mixin.py:190} INFO - [2024-09-25T08:19:32.183+0000] {dag.py:4180} INFO - Setting next_dagrun for profiling_quality_init to 2024-09-01 00:00:00+00:00, run_after=2024-09-01 00:00:00+00:00
[2024-09-25T08:19:32.237+0000] {processor.py:208} INFO - Processing /opt/airflow/dags/profiling_quality_init/run.py took 1.273 seconds
[2024-09-25T08:20:02.457+0000] {processor.py:186} INFO - Started process (PID=1160) to work on /opt/airflow/dags/profiling_quality_init/run.py
[2024-09-25T08:20:02.459+0000] {processor.py:914} INFO - Processing file /opt/airflow/dags/profiling_quality_init/run.py for tasks to queue
[2024-09-25T08:20:02.464+0000] {logging_mixin.py:190} INFO - [2024-09-25T08:20:02.463+0000] {dagbag.py:588} INFO - Filling up the DagBag from /opt/airflow/dags/profiling_quality_init/run.py
[2024-09-25T08:20:03.454+0000] {processor.py:925} INFO - DAG(s) 'profiling_quality_init' retrieved from /opt/airflow/dags/profiling_quality_init/run.py
[2024-09-25T08:20:03.501+0000] {logging_mixin.py:190} INFO - [2024-09-25T08:20:03.500+0000] {dag.py:3239} INFO - Sync 1 DAGs
[2024-09-25T08:20:03.548+0000] {logging_mixin.py:190} INFO - [2024-09-25T08:20:03.547+0000] {dag.py:4180} INFO - Setting next_dagrun for profiling_quality_init to 2024-09-01 00:00:00+00:00, run_after=2024-09-01 00:00:00+00:00
[2024-09-25T08:20:03.595+0000] {processor.py:208} INFO - Processing /opt/airflow/dags/profiling_quality_init/run.py took 1.153 seconds
[2024-09-25T08:20:33.960+0000] {processor.py:186} INFO - Started process (PID=1185) to work on /opt/airflow/dags/profiling_quality_init/run.py
[2024-09-25T08:20:33.973+0000] {processor.py:914} INFO - Processing file /opt/airflow/dags/profiling_quality_init/run.py for tasks to queue
[2024-09-25T08:20:33.978+0000] {logging_mixin.py:190} INFO - [2024-09-25T08:20:33.977+0000] {dagbag.py:588} INFO - Filling up the DagBag from /opt/airflow/dags/profiling_quality_init/run.py
[2024-09-25T08:20:34.952+0000] {processor.py:925} INFO - DAG(s) 'profiling_quality_init' retrieved from /opt/airflow/dags/profiling_quality_init/run.py
[2024-09-25T08:20:34.998+0000] {logging_mixin.py:190} INFO - [2024-09-25T08:20:34.997+0000] {dag.py:3239} INFO - Sync 1 DAGs
[2024-09-25T08:20:35.044+0000] {logging_mixin.py:190} INFO - [2024-09-25T08:20:35.043+0000] {dag.py:4180} INFO - Setting next_dagrun for profiling_quality_init to 2024-09-01 00:00:00+00:00, run_after=2024-09-01 00:00:00+00:00
[2024-09-25T08:20:35.311+0000] {processor.py:208} INFO - Processing /opt/airflow/dags/profiling_quality_init/run.py took 1.365 seconds
[2024-09-25T08:21:05.536+0000] {processor.py:186} INFO - Started process (PID=1210) to work on /opt/airflow/dags/profiling_quality_init/run.py
[2024-09-25T08:21:05.548+0000] {processor.py:914} INFO - Processing file /opt/airflow/dags/profiling_quality_init/run.py for tasks to queue
[2024-09-25T08:21:05.554+0000] {logging_mixin.py:190} INFO - [2024-09-25T08:21:05.553+0000] {dagbag.py:588} INFO - Filling up the DagBag from /opt/airflow/dags/profiling_quality_init/run.py
[2024-09-25T08:21:06.653+0000] {processor.py:925} INFO - DAG(s) 'profiling_quality_init' retrieved from /opt/airflow/dags/profiling_quality_init/run.py
[2024-09-25T08:21:06.723+0000] {logging_mixin.py:190} INFO - [2024-09-25T08:21:06.722+0000] {dag.py:3239} INFO - Sync 1 DAGs
[2024-09-25T08:21:07.054+0000] {logging_mixin.py:190} INFO - [2024-09-25T08:21:07.054+0000] {dag.py:4180} INFO - Setting next_dagrun for profiling_quality_init to 2024-09-01 00:00:00+00:00, run_after=2024-09-01 00:00:00+00:00
[2024-09-25T08:21:07.089+0000] {processor.py:208} INFO - Processing /opt/airflow/dags/profiling_quality_init/run.py took 1.567 seconds
[2024-09-25T08:21:37.542+0000] {processor.py:186} INFO - Started process (PID=1235) to work on /opt/airflow/dags/profiling_quality_init/run.py
[2024-09-25T08:21:37.544+0000] {processor.py:914} INFO - Processing file /opt/airflow/dags/profiling_quality_init/run.py for tasks to queue
[2024-09-25T08:21:37.556+0000] {logging_mixin.py:190} INFO - [2024-09-25T08:21:37.555+0000] {dagbag.py:588} INFO - Filling up the DagBag from /opt/airflow/dags/profiling_quality_init/run.py
[2024-09-25T08:21:38.882+0000] {processor.py:925} INFO - DAG(s) 'profiling_quality_init' retrieved from /opt/airflow/dags/profiling_quality_init/run.py
[2024-09-25T08:21:38.945+0000] {logging_mixin.py:190} INFO - [2024-09-25T08:21:38.944+0000] {dag.py:3239} INFO - Sync 1 DAGs
[2024-09-25T08:21:38.998+0000] {logging_mixin.py:190} INFO - [2024-09-25T08:21:38.998+0000] {dag.py:4180} INFO - Setting next_dagrun for profiling_quality_init to 2024-09-01 00:00:00+00:00, run_after=2024-09-01 00:00:00+00:00
[2024-09-25T08:21:39.056+0000] {processor.py:208} INFO - Processing /opt/airflow/dags/profiling_quality_init/run.py took 1.535 seconds
[2024-09-25T08:22:09.770+0000] {processor.py:186} INFO - Started process (PID=1260) to work on /opt/airflow/dags/profiling_quality_init/run.py
[2024-09-25T08:22:09.773+0000] {processor.py:914} INFO - Processing file /opt/airflow/dags/profiling_quality_init/run.py for tasks to queue
[2024-09-25T08:22:09.781+0000] {logging_mixin.py:190} INFO - [2024-09-25T08:22:09.780+0000] {dagbag.py:588} INFO - Filling up the DagBag from /opt/airflow/dags/profiling_quality_init/run.py
[2024-09-25T08:22:10.920+0000] {processor.py:925} INFO - DAG(s) 'profiling_quality_init' retrieved from /opt/airflow/dags/profiling_quality_init/run.py
[2024-09-25T08:22:10.973+0000] {logging_mixin.py:190} INFO - [2024-09-25T08:22:10.972+0000] {dag.py:3239} INFO - Sync 1 DAGs
[2024-09-25T08:22:11.036+0000] {logging_mixin.py:190} INFO - [2024-09-25T08:22:11.036+0000] {dag.py:4180} INFO - Setting next_dagrun for profiling_quality_init to 2024-09-01 00:00:00+00:00, run_after=2024-09-01 00:00:00+00:00
[2024-09-25T08:22:11.393+0000] {processor.py:208} INFO - Processing /opt/airflow/dags/profiling_quality_init/run.py took 1.637 seconds
[2024-09-25T08:22:41.695+0000] {processor.py:186} INFO - Started process (PID=1286) to work on /opt/airflow/dags/profiling_quality_init/run.py
[2024-09-25T08:22:41.697+0000] {processor.py:914} INFO - Processing file /opt/airflow/dags/profiling_quality_init/run.py for tasks to queue
[2024-09-25T08:22:41.703+0000] {logging_mixin.py:190} INFO - [2024-09-25T08:22:41.702+0000] {dagbag.py:588} INFO - Filling up the DagBag from /opt/airflow/dags/profiling_quality_init/run.py
[2024-09-25T08:22:42.785+0000] {processor.py:925} INFO - DAG(s) 'profiling_quality_init' retrieved from /opt/airflow/dags/profiling_quality_init/run.py
[2024-09-25T08:22:42.833+0000] {logging_mixin.py:190} INFO - [2024-09-25T08:22:42.832+0000] {dag.py:3239} INFO - Sync 1 DAGs
[2024-09-25T08:22:43.158+0000] {logging_mixin.py:190} INFO - [2024-09-25T08:22:43.158+0000] {dag.py:4180} INFO - Setting next_dagrun for profiling_quality_init to 2024-09-01 00:00:00+00:00, run_after=2024-09-01 00:00:00+00:00
[2024-09-25T08:22:43.204+0000] {processor.py:208} INFO - Processing /opt/airflow/dags/profiling_quality_init/run.py took 1.523 seconds
[2024-09-25T08:23:14.011+0000] {processor.py:186} INFO - Started process (PID=1311) to work on /opt/airflow/dags/profiling_quality_init/run.py
[2024-09-25T08:23:14.013+0000] {processor.py:914} INFO - Processing file /opt/airflow/dags/profiling_quality_init/run.py for tasks to queue
[2024-09-25T08:23:14.019+0000] {logging_mixin.py:190} INFO - [2024-09-25T08:23:14.019+0000] {dagbag.py:588} INFO - Filling up the DagBag from /opt/airflow/dags/profiling_quality_init/run.py
[2024-09-25T08:23:14.914+0000] {processor.py:925} INFO - DAG(s) 'profiling_quality_init' retrieved from /opt/airflow/dags/profiling_quality_init/run.py
[2024-09-25T08:23:14.960+0000] {logging_mixin.py:190} INFO - [2024-09-25T08:23:14.959+0000] {dag.py:3239} INFO - Sync 1 DAGs
[2024-09-25T08:23:15.006+0000] {logging_mixin.py:190} INFO - [2024-09-25T08:23:15.006+0000] {dag.py:4180} INFO - Setting next_dagrun for profiling_quality_init to 2024-09-01 00:00:00+00:00, run_after=2024-09-01 00:00:00+00:00
[2024-09-25T08:23:15.044+0000] {processor.py:208} INFO - Processing /opt/airflow/dags/profiling_quality_init/run.py took 1.047 seconds
