[2024-10-02T16:20:32.017+0000] {local_task_job_runner.py:123} INFO - ::group::Pre task execution logs
[2024-10-02T16:20:32.082+0000] {taskinstance.py:2612} INFO - Dependencies all met for dep_context=non-requeueable deps ti=<TaskInstance: sparking_flow.start manual__2024-10-02T16:20:28.423075+00:00 [queued]>
[2024-10-02T16:20:32.099+0000] {taskinstance.py:2612} INFO - Dependencies all met for dep_context=requeueable deps ti=<TaskInstance: sparking_flow.start manual__2024-10-02T16:20:28.423075+00:00 [queued]>
[2024-10-02T16:20:32.100+0000] {taskinstance.py:2865} INFO - Starting attempt 1 of 1
[2024-10-02T16:20:32.120+0000] {taskinstance.py:2888} INFO - Executing <Task(PythonOperator): start> on 2024-10-02 16:20:28.423075+00:00
[2024-10-02T16:20:32.128+0000] {warnings.py:112} WARNING - /home/***/.local/lib/python3.12/site-packages/***/task/task_runner/standard_task_runner.py:70: DeprecationWarning: This process (pid=75) is multi-threaded, use of fork() may lead to deadlocks in the child.
  pid = os.fork()

[2024-10-02T16:20:32.129+0000] {standard_task_runner.py:72} INFO - Started process 76 to run task
[2024-10-02T16:20:32.130+0000] {standard_task_runner.py:104} INFO - Running: ['***', 'tasks', 'run', 'sparking_flow', 'start', 'manual__2024-10-02T16:20:28.423075+00:00', '--job-id', '17', '--raw', '--subdir', 'DAGS_FOLDER/spark_***.py', '--cfg-path', '/tmp/tmpp410ymwf']
[2024-10-02T16:20:32.131+0000] {standard_task_runner.py:105} INFO - Job 17: Subtask start
[2024-10-02T16:20:32.193+0000] {task_command.py:467} INFO - Running <TaskInstance: sparking_flow.start manual__2024-10-02T16:20:28.423075+00:00 [running]> on host 5ad0e88773d9
[2024-10-02T16:20:32.368+0000] {taskinstance.py:3131} INFO - Exporting env vars: AIRFLOW_CTX_DAG_OWNER='Yusuf Ganiyu' AIRFLOW_CTX_DAG_ID='sparking_flow' AIRFLOW_CTX_TASK_ID='start' AIRFLOW_CTX_EXECUTION_DATE='2024-10-02T16:20:28.423075+00:00' AIRFLOW_CTX_TRY_NUMBER='1' AIRFLOW_CTX_DAG_RUN_ID='manual__2024-10-02T16:20:28.423075+00:00'
[2024-10-02T16:20:32.369+0000] {taskinstance.py:731} INFO - ::endgroup::
[2024-10-02T16:20:32.466+0000] {logging_mixin.py:190} INFO - Jobs started
[2024-10-02T16:20:32.467+0000] {python.py:240} INFO - Done. Returned value was: None
[2024-10-02T16:20:32.485+0000] {taskinstance.py:340} INFO - ::group::Post task execution logs
[2024-10-02T16:20:32.486+0000] {taskinstance.py:352} INFO - Marking task as SUCCESS. dag_id=sparking_flow, task_id=start, run_id=manual__2024-10-02T16:20:28.423075+00:00, execution_date=20241002T162028, start_date=20241002T162032, end_date=20241002T162032
[2024-10-02T16:20:32.553+0000] {local_task_job_runner.py:266} INFO - Task exited with return code 0
[2024-10-02T16:20:32.644+0000] {taskinstance.py:3900} INFO - 3 downstream tasks scheduled from follow-on schedule check
[2024-10-02T16:20:32.649+0000] {local_task_job_runner.py:245} INFO - ::endgroup::
