[2024-09-25T11:03:38.340+0000] {local_task_job_runner.py:123} INFO - ::group::Pre task execution logs
[2024-09-25T11:03:38.362+0000] {taskinstance.py:2612} INFO - Dependencies all met for dep_context=non-requeueable deps ti=<TaskInstance: etl_pipeline.pipeline.staging.dellstore_spreadsheet.load manual__2024-09-25T11:02:00.229060+00:00 [queued]>
[2024-09-25T11:03:38.375+0000] {taskinstance.py:2612} INFO - Dependencies all met for dep_context=requeueable deps ti=<TaskInstance: etl_pipeline.pipeline.staging.dellstore_spreadsheet.load manual__2024-09-25T11:02:00.229060+00:00 [queued]>
[2024-09-25T11:03:38.375+0000] {taskinstance.py:2865} INFO - Starting attempt 1 of 1
[2024-09-25T11:03:38.392+0000] {taskinstance.py:2888} INFO - Executing <Task(PythonOperator): pipeline.staging.dellstore_spreadsheet.load> on 2024-09-25 11:02:00.229060+00:00
[2024-09-25T11:03:38.401+0000] {warnings.py:112} WARNING - /home/***/.local/lib/python3.12/site-packages/***/task/task_runner/standard_task_runner.py:70: DeprecationWarning: This process (pid=351) is multi-threaded, use of fork() may lead to deadlocks in the child.
  pid = os.fork()

[2024-09-25T11:03:38.403+0000] {standard_task_runner.py:72} INFO - Started process 353 to run task
[2024-09-25T11:03:38.404+0000] {standard_task_runner.py:104} INFO - Running: ['***', 'tasks', 'run', 'etl_pipeline', 'pipeline.staging.dellstore_spreadsheet.load', 'manual__2024-09-25T11:02:00.229060+00:00', '--job-id', '110', '--raw', '--subdir', 'DAGS_FOLDER/etl_pipeline/run.py', '--cfg-path', '/tmp/tmpbws_mvhb']
[2024-09-25T11:03:38.407+0000] {standard_task_runner.py:105} INFO - Job 110: Subtask pipeline.staging.dellstore_spreadsheet.load
[2024-09-25T11:03:38.473+0000] {task_command.py:467} INFO - Running <TaskInstance: etl_pipeline.pipeline.staging.dellstore_spreadsheet.load manual__2024-09-25T11:02:00.229060+00:00 [running]> on host e10075799413
[2024-09-25T11:03:38.600+0000] {taskinstance.py:3131} INFO - Exporting env vars: AIRFLOW_CTX_DAG_OWNER='***' AIRFLOW_CTX_DAG_ID='etl_pipeline' AIRFLOW_CTX_TASK_ID='pipeline.staging.dellstore_spreadsheet.load' AIRFLOW_CTX_EXECUTION_DATE='2024-09-25T11:02:00.229060+00:00' AIRFLOW_CTX_TRY_NUMBER='1' AIRFLOW_CTX_DAG_RUN_ID='manual__2024-09-25T11:02:00.229060+00:00'
[2024-09-25T11:03:38.602+0000] {taskinstance.py:731} INFO - ::endgroup::
[2024-09-25T11:03:38.621+0000] {base.py:84} INFO - Retrieving connection 'minio'
[2024-09-25T11:03:38.660+0000] {base.py:84} INFO - Retrieving connection 'staging_db'
[2024-09-25T11:03:40.342+0000] {python.py:240} INFO - Done. Returned value was: None
[2024-09-25T11:03:40.355+0000] {taskinstance.py:340} INFO - ::group::Post task execution logs
[2024-09-25T11:03:40.355+0000] {taskinstance.py:352} INFO - Marking task as SUCCESS. dag_id=etl_pipeline, task_id=pipeline.staging.dellstore_spreadsheet.load, run_id=manual__2024-09-25T11:02:00.229060+00:00, execution_date=20240925T110200, start_date=20240925T110338, end_date=20240925T110340
[2024-09-25T11:03:40.387+0000] {local_task_job_runner.py:266} INFO - Task exited with return code 0
[2024-09-25T11:03:40.469+0000] {taskinstance.py:3900} INFO - 7 downstream tasks scheduled from follow-on schedule check
[2024-09-25T11:03:40.472+0000] {local_task_job_runner.py:245} INFO - ::endgroup::
