[2024-09-25T11:03:06.427+0000] {local_task_job_runner.py:123} INFO - ::group::Pre task execution logs
[2024-09-25T11:03:06.456+0000] {taskinstance.py:2612} INFO - Dependencies all met for dep_context=non-requeueable deps ti=<TaskInstance: etl_pipeline.pipeline.staging.dellstore_db.load.orderlines manual__2024-09-25T11:02:00.229060+00:00 [queued]>
[2024-09-25T11:03:06.472+0000] {taskinstance.py:2612} INFO - Dependencies all met for dep_context=requeueable deps ti=<TaskInstance: etl_pipeline.pipeline.staging.dellstore_db.load.orderlines manual__2024-09-25T11:02:00.229060+00:00 [queued]>
[2024-09-25T11:03:06.473+0000] {taskinstance.py:2865} INFO - Starting attempt 1 of 1
[2024-09-25T11:03:06.497+0000] {taskinstance.py:2888} INFO - Executing <Task(PythonOperator): pipeline.staging.dellstore_db.load.orderlines> on 2024-09-25 11:02:00.229060+00:00
[2024-09-25T11:03:06.509+0000] {warnings.py:112} WARNING - /home/***/.local/lib/python3.12/site-packages/***/task/task_runner/standard_task_runner.py:70: DeprecationWarning: This process (pid=332) is multi-threaded, use of fork() may lead to deadlocks in the child.
  pid = os.fork()

[2024-09-25T11:03:06.511+0000] {standard_task_runner.py:72} INFO - Started process 334 to run task
[2024-09-25T11:03:06.512+0000] {standard_task_runner.py:104} INFO - Running: ['***', 'tasks', 'run', 'etl_pipeline', 'pipeline.staging.dellstore_db.load.orderlines', 'manual__2024-09-25T11:02:00.229060+00:00', '--job-id', '107', '--raw', '--subdir', 'DAGS_FOLDER/etl_pipeline/run.py', '--cfg-path', '/tmp/tmpjv904jdg']
[2024-09-25T11:03:06.516+0000] {standard_task_runner.py:105} INFO - Job 107: Subtask pipeline.staging.dellstore_db.load.orderlines
[2024-09-25T11:03:06.597+0000] {task_command.py:467} INFO - Running <TaskInstance: etl_pipeline.pipeline.staging.dellstore_db.load.orderlines manual__2024-09-25T11:02:00.229060+00:00 [running]> on host e10075799413
[2024-09-25T11:03:06.770+0000] {taskinstance.py:3131} INFO - Exporting env vars: AIRFLOW_CTX_DAG_OWNER='***' AIRFLOW_CTX_DAG_ID='etl_pipeline' AIRFLOW_CTX_TASK_ID='pipeline.staging.dellstore_db.load.orderlines' AIRFLOW_CTX_EXECUTION_DATE='2024-09-25T11:02:00.229060+00:00' AIRFLOW_CTX_TRY_NUMBER='1' AIRFLOW_CTX_DAG_RUN_ID='manual__2024-09-25T11:02:00.229060+00:00'
[2024-09-25T11:03:06.774+0000] {taskinstance.py:731} INFO - ::endgroup::
[2024-09-25T11:03:06.815+0000] {base.py:84} INFO - Retrieving connection 'staging_db'
[2024-09-25T11:03:06.831+0000] {base.py:84} INFO - Retrieving connection 'minio'
[2024-09-25T11:03:19.630+0000] {python.py:240} INFO - Done. Returned value was: None
[2024-09-25T11:03:19.651+0000] {taskinstance.py:340} INFO - ::group::Post task execution logs
[2024-09-25T11:03:19.652+0000] {taskinstance.py:352} INFO - Marking task as SUCCESS. dag_id=etl_pipeline, task_id=pipeline.staging.dellstore_db.load.orderlines, run_id=manual__2024-09-25T11:02:00.229060+00:00, execution_date=20240925T110200, start_date=20240925T110306, end_date=20240925T110319
[2024-09-25T11:03:19.724+0000] {local_task_job_runner.py:266} INFO - Task exited with return code 0
[2024-09-25T11:03:19.793+0000] {taskinstance.py:3900} INFO - 1 downstream tasks scheduled from follow-on schedule check
[2024-09-25T11:03:19.797+0000] {local_task_job_runner.py:245} INFO - ::endgroup::
