[2024-10-03T05:56:39.588+0000] {local_task_job_runner.py:123} INFO - ::group::Pre task execution logs
[2024-10-03T05:56:39.680+0000] {taskinstance.py:2612} INFO - Dependencies all met for dep_context=non-requeueable deps ti=<TaskInstance: etl_pipeline.staging.dellstore_db.extract.customers scheduled__2024-10-02T00:00:00+00:00 [queued]>
[2024-10-03T05:56:39.704+0000] {taskinstance.py:2612} INFO - Dependencies all met for dep_context=requeueable deps ti=<TaskInstance: etl_pipeline.staging.dellstore_db.extract.customers scheduled__2024-10-02T00:00:00+00:00 [queued]>
[2024-10-03T05:56:39.705+0000] {taskinstance.py:2865} INFO - Starting attempt 1 of 1
[2024-10-03T05:56:39.746+0000] {taskinstance.py:2888} INFO - Executing <Task(PythonOperator): staging.dellstore_db.extract.customers> on 2024-10-02 00:00:00+00:00
[2024-10-03T05:56:39.761+0000] {clientserver.py:543} INFO - Closing down clientserver connection
[2024-10-03T05:56:39.781+0000] {standard_task_runner.py:104} INFO - Running: ['***', 'tasks', 'run', 'etl_pipeline', 'staging.dellstore_db.extract.customers', 'scheduled__2024-10-02T00:00:00+00:00', '--job-id', '13515', '--raw', '--subdir', 'DAGS_FOLDER/etl_pipeline/run.py', '--cfg-path', '/tmp/tmpbl5kdcb5']
[2024-10-03T05:56:39.790+0000] {standard_task_runner.py:105} INFO - Job 13515: Subtask staging.dellstore_db.extract.customers
[2024-10-03T05:56:39.798+0000] {logging_mixin.py:190} WARNING - /home/***/.local/lib/python3.12/site-packages/***/task/task_runner/standard_task_runner.py:70 DeprecationWarning: This process (pid=542) is multi-threaded, use of fork() may lead to deadlocks in the child.
[2024-10-03T05:56:39.799+0000] {standard_task_runner.py:72} INFO - Started process 1425 to run task
[2024-10-03T05:56:40.180+0000] {task_command.py:467} INFO - Running <TaskInstance: etl_pipeline.staging.dellstore_db.extract.customers scheduled__2024-10-02T00:00:00+00:00 [running]> on host b9e3ad173054
[2024-10-03T05:56:44.686+0000] {taskinstance.py:3131} INFO - Exporting env vars: AIRFLOW_CTX_DAG_OWNER='***' AIRFLOW_CTX_DAG_ID='etl_pipeline' AIRFLOW_CTX_TASK_ID='staging.dellstore_db.extract.customers' AIRFLOW_CTX_EXECUTION_DATE='2024-10-02T00:00:00+00:00' AIRFLOW_CTX_TRY_NUMBER='1' AIRFLOW_CTX_DAG_RUN_ID='scheduled__2024-10-02T00:00:00+00:00'
[2024-10-03T05:56:44.688+0000] {taskinstance.py:731} INFO - ::endgroup::
[2024-10-03T05:56:44.736+0000] {base.py:84} INFO - Retrieving connection 'dellstore_db'
[2024-10-03T05:56:46.488+0000] {base.py:84} INFO - Retrieving connection 'minio'
[2024-10-03T05:56:46.649+0000] {python.py:240} INFO - Done. Returned value was: None
[2024-10-03T05:56:46.683+0000] {taskinstance.py:340} INFO - ::group::Post task execution logs
[2024-10-03T05:56:46.684+0000] {taskinstance.py:352} INFO - Marking task as SUCCESS. dag_id=etl_pipeline, task_id=staging.dellstore_db.extract.customers, run_id=scheduled__2024-10-02T00:00:00+00:00, execution_date=20241002T000000, start_date=20241003T055639, end_date=20241003T055646
[2024-10-03T05:56:46.755+0000] {local_task_job_runner.py:266} INFO - Task exited with return code 0
[2024-10-03T05:56:46.794+0000] {local_task_job_runner.py:245} INFO - ::endgroup::
