[2024-10-02T15:28:48.394+0000] {local_task_job_runner.py:123} INFO - ::group::Pre task execution logs
[2024-10-02T15:28:48.431+0000] {taskinstance.py:2612} INFO - Dependencies all met for dep_context=non-requeueable deps ti=<TaskInstance: sparking_flow.scala_job scheduled__2024-10-01T00:00:00+00:00 [queued]>
[2024-10-02T15:28:48.451+0000] {taskinstance.py:2612} INFO - Dependencies all met for dep_context=requeueable deps ti=<TaskInstance: sparking_flow.scala_job scheduled__2024-10-01T00:00:00+00:00 [queued]>
[2024-10-02T15:28:48.452+0000] {taskinstance.py:2865} INFO - Starting attempt 1 of 1
[2024-10-02T15:28:48.479+0000] {taskinstance.py:2888} INFO - Executing <Task(SparkSubmitOperator): scala_job> on 2024-10-01 00:00:00+00:00
[2024-10-02T15:28:48.489+0000] {warnings.py:112} WARNING - /home/***/.local/lib/python3.12/site-packages/***/task/task_runner/standard_task_runner.py:70: DeprecationWarning: This process (pid=81) is multi-threaded, use of fork() may lead to deadlocks in the child.
  pid = os.fork()

[2024-10-02T15:28:48.492+0000] {standard_task_runner.py:72} INFO - Started process 84 to run task
[2024-10-02T15:28:48.493+0000] {standard_task_runner.py:104} INFO - Running: ['***', 'tasks', 'run', 'sparking_flow', 'scala_job', 'scheduled__2024-10-01T00:00:00+00:00', '--job-id', '6', '--raw', '--subdir', 'DAGS_FOLDER/spark_***.py', '--cfg-path', '/tmp/tmp1yn9eo1h']
[2024-10-02T15:28:48.495+0000] {standard_task_runner.py:105} INFO - Job 6: Subtask scala_job
[2024-10-02T15:28:48.627+0000] {task_command.py:467} INFO - Running <TaskInstance: sparking_flow.scala_job scheduled__2024-10-01T00:00:00+00:00 [running]> on host 531092bfcd5c
[2024-10-02T15:28:48.872+0000] {taskinstance.py:3131} INFO - Exporting env vars: AIRFLOW_CTX_DAG_OWNER='Yusuf Ganiyu' AIRFLOW_CTX_DAG_ID='sparking_flow' AIRFLOW_CTX_TASK_ID='scala_job' AIRFLOW_CTX_EXECUTION_DATE='2024-10-01T00:00:00+00:00' AIRFLOW_CTX_TRY_NUMBER='1' AIRFLOW_CTX_DAG_RUN_ID='scheduled__2024-10-01T00:00:00+00:00'
[2024-10-02T15:28:48.873+0000] {taskinstance.py:731} INFO - ::endgroup::
[2024-10-02T15:28:48.944+0000] {base.py:84} INFO - Retrieving connection 'spark-conn'
[2024-10-02T15:28:48.948+0000] {spark_submit.py:335} INFO - Spark-Submit cmd: spark-submit --master spark://spark-master:7077 --name arrow-spark jobs/scala/target/scala-2.12/word-count_2.12-0.1.jar
[2024-10-02T15:28:49.132+0000] {spark_submit.py:488} INFO - /home/***/.local/lib/python3.12/site-packages/pyspark/bin/load-spark-env.sh: line 68: ps: command not found
[2024-10-02T15:28:57.755+0000] {spark_submit.py:488} INFO - 24/10/02 15:28:57 WARN NativeCodeLoader: Unable to load native-hadoop library for your platform... using builtin-java classes where applicable
[2024-10-02T15:28:58.855+0000] {spark_submit.py:488} INFO - 24/10/02 15:28:58 INFO SparkContext: Running Spark version 3.5.3
[2024-10-02T15:28:58.859+0000] {spark_submit.py:488} INFO - 24/10/02 15:28:58 INFO SparkContext: OS info Linux, 5.15.153.1-microsoft-standard-WSL2, amd64
[2024-10-02T15:28:58.862+0000] {spark_submit.py:488} INFO - 24/10/02 15:28:58 INFO SparkContext: Java version 17.0.12
[2024-10-02T15:28:59.044+0000] {spark_submit.py:488} INFO - 24/10/02 15:28:59 INFO ResourceUtils: ==============================================================
[2024-10-02T15:28:59.047+0000] {spark_submit.py:488} INFO - 24/10/02 15:28:59 INFO ResourceUtils: No custom resources configured for spark.driver.
[2024-10-02T15:28:59.050+0000] {spark_submit.py:488} INFO - 24/10/02 15:28:59 INFO ResourceUtils: ==============================================================
[2024-10-02T15:28:59.054+0000] {spark_submit.py:488} INFO - 24/10/02 15:28:59 INFO SparkContext: Submitted application: Word Count
[2024-10-02T15:28:59.208+0000] {spark_submit.py:488} INFO - 24/10/02 15:28:59 INFO ResourceProfile: Default ResourceProfile created, executor resources: Map(memory -> name: memory, amount: 1024, script: , vendor: , offHeap -> name: offHeap, amount: 0, script: , vendor: ), task resources: Map(cpus -> name: cpus, amount: 1.0)
[2024-10-02T15:28:59.241+0000] {spark_submit.py:488} INFO - 24/10/02 15:28:59 INFO ResourceProfile: Limiting resource is cpu
[2024-10-02T15:28:59.245+0000] {spark_submit.py:488} INFO - 24/10/02 15:28:59 INFO ResourceProfileManager: Added ResourceProfile id: 0
[2024-10-02T15:28:59.500+0000] {spark_submit.py:488} INFO - 24/10/02 15:28:59 INFO SecurityManager: Changing view acls to: ***
[2024-10-02T15:28:59.505+0000] {spark_submit.py:488} INFO - 24/10/02 15:28:59 INFO SecurityManager: Changing modify acls to: ***
[2024-10-02T15:28:59.507+0000] {spark_submit.py:488} INFO - 24/10/02 15:28:59 INFO SecurityManager: Changing view acls groups to:
[2024-10-02T15:28:59.510+0000] {spark_submit.py:488} INFO - 24/10/02 15:28:59 INFO SecurityManager: Changing modify acls groups to:
[2024-10-02T15:28:59.512+0000] {spark_submit.py:488} INFO - 24/10/02 15:28:59 INFO SecurityManager: SecurityManager: authentication disabled; ui acls disabled; users with view permissions: ***; groups with view permissions: EMPTY; users with modify permissions: ***; groups with modify permissions: EMPTY
[2024-10-02T15:29:00.494+0000] {spark_submit.py:488} INFO - 24/10/02 15:29:00 INFO Utils: Successfully started service 'sparkDriver' on port 38563.
[2024-10-02T15:29:00.639+0000] {spark_submit.py:488} INFO - 24/10/02 15:29:00 INFO SparkEnv: Registering MapOutputTracker
[2024-10-02T15:29:00.851+0000] {spark_submit.py:488} INFO - 24/10/02 15:29:00 INFO SparkEnv: Registering BlockManagerMaster
[2024-10-02T15:29:00.955+0000] {spark_submit.py:488} INFO - 24/10/02 15:29:00 INFO BlockManagerMasterEndpoint: Using org.apache.spark.storage.DefaultTopologyMapper for getting topology information
[2024-10-02T15:29:00.957+0000] {spark_submit.py:488} INFO - 24/10/02 15:29:00 INFO BlockManagerMasterEndpoint: BlockManagerMasterEndpoint up
[2024-10-02T15:29:00.978+0000] {spark_submit.py:488} INFO - 24/10/02 15:29:00 INFO SparkEnv: Registering BlockManagerMasterHeartbeat
[2024-10-02T15:29:01.108+0000] {spark_submit.py:488} INFO - 24/10/02 15:29:01 INFO DiskBlockManager: Created local directory at /tmp/blockmgr-ee9f1309-ec7b-468e-a183-4be5b4606dd2
[2024-10-02T15:29:01.172+0000] {spark_submit.py:488} INFO - 24/10/02 15:29:01 INFO MemoryStore: MemoryStore started with capacity 434.4 MiB
[2024-10-02T15:29:01.256+0000] {spark_submit.py:488} INFO - 24/10/02 15:29:01 INFO SparkEnv: Registering OutputCommitCoordinator
[2024-10-02T15:29:01.851+0000] {spark_submit.py:488} INFO - 24/10/02 15:29:01 INFO JettyUtils: Start Jetty 0.0.0.0:4040 for SparkUI
[2024-10-02T15:29:02.222+0000] {spark_submit.py:488} INFO - 24/10/02 15:29:02 WARN Utils: Service 'SparkUI' could not bind on port 4040. Attempting port 4041.
[2024-10-02T15:29:02.335+0000] {spark_submit.py:488} INFO - 24/10/02 15:29:02 INFO Utils: Successfully started service 'SparkUI' on port 4041.
[2024-10-02T15:29:02.572+0000] {spark_submit.py:488} INFO - 24/10/02 15:29:02 INFO SparkContext: Added JAR file:/opt/***/jobs/scala/target/scala-2.12/word-count_2.12-0.1.jar at spark://531092bfcd5c:38563/jars/word-count_2.12-0.1.jar with timestamp 1727882938811
[2024-10-02T15:29:03.330+0000] {spark_submit.py:488} INFO - 24/10/02 15:29:03 INFO StandaloneAppClient$ClientEndpoint: Connecting to master spark://spark-master:7077...
[2024-10-02T15:29:03.623+0000] {spark_submit.py:488} INFO - 24/10/02 15:29:03 INFO TransportClientFactory: Successfully created connection to spark-master/172.20.0.2:7077 after 98 ms (0 ms spent in bootstraps)
[2024-10-02T15:29:04.419+0000] {spark_submit.py:488} INFO - 24/10/02 15:29:04 INFO StandaloneSchedulerBackend: Connected to Spark cluster with app ID app-20241002152904-0000
[2024-10-02T15:29:04.483+0000] {spark_submit.py:488} INFO - 24/10/02 15:29:04 INFO Utils: Successfully started service 'org.apache.spark.network.netty.NettyBlockTransferService' on port 38453.
[2024-10-02T15:29:04.484+0000] {spark_submit.py:488} INFO - 24/10/02 15:29:04 INFO NettyBlockTransferService: Server created on 531092bfcd5c:38453
[2024-10-02T15:29:04.492+0000] {spark_submit.py:488} INFO - 24/10/02 15:29:04 INFO BlockManager: Using org.apache.spark.storage.RandomBlockReplicationPolicy for block replication policy
[2024-10-02T15:29:04.519+0000] {spark_submit.py:488} INFO - 24/10/02 15:29:04 INFO BlockManagerMaster: Registering BlockManager BlockManagerId(driver, 531092bfcd5c, 38453, None)
[2024-10-02T15:29:04.565+0000] {spark_submit.py:488} INFO - 24/10/02 15:29:04 INFO StandaloneAppClient$ClientEndpoint: Executor added: app-20241002152904-0000/0 on worker-20241002152625-172.20.0.5-35887 (172.20.0.5:35887) with 2 core(s)
[2024-10-02T15:29:04.583+0000] {spark_submit.py:488} INFO - 24/10/02 15:29:04 INFO BlockManagerMasterEndpoint: Registering block manager 531092bfcd5c:38453 with 434.4 MiB RAM, BlockManagerId(driver, 531092bfcd5c, 38453, None)
[2024-10-02T15:29:04.594+0000] {spark_submit.py:488} INFO - 24/10/02 15:29:04 INFO BlockManagerMaster: Registered BlockManager BlockManagerId(driver, 531092bfcd5c, 38453, None)
[2024-10-02T15:29:04.603+0000] {spark_submit.py:488} INFO - 24/10/02 15:29:04 INFO BlockManager: Initialized BlockManager: BlockManagerId(driver, 531092bfcd5c, 38453, None)
[2024-10-02T15:29:04.605+0000] {spark_submit.py:488} INFO - 24/10/02 15:29:04 INFO StandaloneSchedulerBackend: Granted executor ID app-20241002152904-0000/0 on hostPort 172.20.0.5:35887 with 2 core(s), 1024.0 MiB RAM
[2024-10-02T15:29:05.560+0000] {spark_submit.py:488} INFO - 24/10/02 15:29:05 INFO StandaloneAppClient$ClientEndpoint: Executor updated: app-20241002152904-0000/0 is now RUNNING
[2024-10-02T15:29:06.295+0000] {spark_submit.py:488} INFO - 24/10/02 15:29:06 INFO StandaloneSchedulerBackend: SchedulerBackend is ready for scheduling beginning after reached minRegisteredResourcesRatio: 0.0
[2024-10-02T15:29:10.522+0000] {spark_submit.py:488} INFO - 24/10/02 15:29:10 INFO SparkContext: Starting job: collect at wordcount.scala:14
[2024-10-02T15:29:12.308+0000] {spark_submit.py:488} INFO - 24/10/02 15:29:12 INFO DAGScheduler: Registering RDD 2 (map at wordcount.scala:11) as input to shuffle 0
[2024-10-02T15:29:12.327+0000] {spark_submit.py:488} INFO - 24/10/02 15:29:12 INFO DAGScheduler: Got job 0 (collect at wordcount.scala:14) with 2 output partitions
[2024-10-02T15:29:12.330+0000] {spark_submit.py:488} INFO - 24/10/02 15:29:12 INFO DAGScheduler: Final stage: ResultStage 1 (collect at wordcount.scala:14)
[2024-10-02T15:29:12.335+0000] {spark_submit.py:488} INFO - 24/10/02 15:29:12 INFO DAGScheduler: Parents of final stage: List(ShuffleMapStage 0)
[2024-10-02T15:29:12.348+0000] {spark_submit.py:488} INFO - 24/10/02 15:29:12 INFO DAGScheduler: Missing parents: List(ShuffleMapStage 0)
[2024-10-02T15:29:12.366+0000] {spark_submit.py:488} INFO - 24/10/02 15:29:12 INFO DAGScheduler: Submitting ShuffleMapStage 0 (MapPartitionsRDD[2] at map at wordcount.scala:11), which has no missing parents
[2024-10-02T15:29:12.725+0000] {spark_submit.py:488} INFO - 24/10/02 15:29:12 INFO MemoryStore: Block broadcast_0 stored as values in memory (estimated size 5.5 KiB, free 434.4 MiB)
[2024-10-02T15:29:12.862+0000] {spark_submit.py:488} INFO - 24/10/02 15:29:12 INFO MemoryStore: Block broadcast_0_piece0 stored as bytes in memory (estimated size 3.2 KiB, free 434.4 MiB)
[2024-10-02T15:29:12.871+0000] {spark_submit.py:488} INFO - 24/10/02 15:29:12 INFO BlockManagerInfo: Added broadcast_0_piece0 in memory on 531092bfcd5c:38453 (size: 3.2 KiB, free: 434.4 MiB)
[2024-10-02T15:29:12.889+0000] {spark_submit.py:488} INFO - 24/10/02 15:29:12 INFO SparkContext: Created broadcast 0 from broadcast at DAGScheduler.scala:1585
[2024-10-02T15:29:13.003+0000] {spark_submit.py:488} INFO - 24/10/02 15:29:13 INFO DAGScheduler: Submitting 2 missing tasks from ShuffleMapStage 0 (MapPartitionsRDD[2] at map at wordcount.scala:11) (first 15 tasks are for partitions Vector(0, 1))
[2024-10-02T15:29:13.010+0000] {spark_submit.py:488} INFO - 24/10/02 15:29:13 INFO TaskSchedulerImpl: Adding task set 0.0 with 2 tasks resource profile 0
[2024-10-02T15:29:17.108+0000] {spark_submit.py:488} INFO - 24/10/02 15:29:17 INFO StandaloneSchedulerBackend$StandaloneDriverEndpoint: Registered executor NettyRpcEndpointRef(spark-client://Executor) (172.20.0.5:59184) with ID 0,  ResourceProfileId 0
[2024-10-02T15:29:17.218+0000] {spark_submit.py:488} INFO - 24/10/02 15:29:17 INFO BlockManagerMasterEndpoint: Registering block manager 172.20.0.5:40253 with 434.4 MiB RAM, BlockManagerId(0, 172.20.0.5, 40253, None)
[2024-10-02T15:29:17.427+0000] {spark_submit.py:488} INFO - 24/10/02 15:29:17 INFO TaskSetManager: Starting task 0.0 in stage 0.0 (TID 0) (172.20.0.5, executor 0, partition 0, PROCESS_LOCAL, 9198 bytes)
[2024-10-02T15:29:17.434+0000] {spark_submit.py:488} INFO - 24/10/02 15:29:17 INFO TaskSetManager: Starting task 1.0 in stage 0.0 (TID 1) (172.20.0.5, executor 0, partition 1, PROCESS_LOCAL, 9213 bytes)
[2024-10-02T15:29:17.948+0000] {spark_submit.py:488} INFO - 24/10/02 15:29:17 INFO BlockManagerInfo: Added broadcast_0_piece0 in memory on 172.20.0.5:40253 (size: 3.2 KiB, free: 434.4 MiB)
[2024-10-02T15:29:19.014+0000] {spark_submit.py:488} INFO - 24/10/02 15:29:19 INFO TaskSetManager: Finished task 0.0 in stage 0.0 (TID 0) in 1612 ms on 172.20.0.5 (executor 0) (1/2)
[2024-10-02T15:29:19.025+0000] {spark_submit.py:488} INFO - 24/10/02 15:29:19 INFO TaskSetManager: Finished task 1.0 in stage 0.0 (TID 1) in 1584 ms on 172.20.0.5 (executor 0) (2/2)
[2024-10-02T15:29:19.035+0000] {spark_submit.py:488} INFO - 24/10/02 15:29:19 INFO TaskSchedulerImpl: Removed TaskSet 0.0, whose tasks have all completed, from pool
[2024-10-02T15:29:19.048+0000] {spark_submit.py:488} INFO - 24/10/02 15:29:19 INFO DAGScheduler: ShuffleMapStage 0 (map at wordcount.scala:11) finished in 6.590 s
[2024-10-02T15:29:19.051+0000] {spark_submit.py:488} INFO - 24/10/02 15:29:19 INFO DAGScheduler: looking for newly runnable stages
[2024-10-02T15:29:19.053+0000] {spark_submit.py:488} INFO - 24/10/02 15:29:19 INFO DAGScheduler: running: Set()
[2024-10-02T15:29:19.054+0000] {spark_submit.py:488} INFO - 24/10/02 15:29:19 INFO DAGScheduler: waiting: Set(ResultStage 1)
[2024-10-02T15:29:19.055+0000] {spark_submit.py:488} INFO - 24/10/02 15:29:19 INFO DAGScheduler: failed: Set()
[2024-10-02T15:29:19.063+0000] {spark_submit.py:488} INFO - 24/10/02 15:29:19 INFO DAGScheduler: Submitting ResultStage 1 (ShuffledRDD[3] at reduceByKey at wordcount.scala:12), which has no missing parents
[2024-10-02T15:29:19.089+0000] {spark_submit.py:488} INFO - 24/10/02 15:29:19 INFO MemoryStore: Block broadcast_1 stored as values in memory (estimated size 5.2 KiB, free 434.4 MiB)
[2024-10-02T15:29:19.096+0000] {spark_submit.py:488} INFO - 24/10/02 15:29:19 INFO MemoryStore: Block broadcast_1_piece0 stored as bytes in memory (estimated size 3.1 KiB, free 434.4 MiB)
[2024-10-02T15:29:19.100+0000] {spark_submit.py:488} INFO - 24/10/02 15:29:19 INFO BlockManagerInfo: Added broadcast_1_piece0 in memory on 531092bfcd5c:38453 (size: 3.1 KiB, free: 434.4 MiB)
[2024-10-02T15:29:19.103+0000] {spark_submit.py:488} INFO - 24/10/02 15:29:19 INFO SparkContext: Created broadcast 1 from broadcast at DAGScheduler.scala:1585
[2024-10-02T15:29:19.114+0000] {spark_submit.py:488} INFO - 24/10/02 15:29:19 INFO DAGScheduler: Submitting 2 missing tasks from ResultStage 1 (ShuffledRDD[3] at reduceByKey at wordcount.scala:12) (first 15 tasks are for partitions Vector(0, 1))
[2024-10-02T15:29:19.115+0000] {spark_submit.py:488} INFO - 24/10/02 15:29:19 INFO TaskSchedulerImpl: Adding task set 1.0 with 2 tasks resource profile 0
[2024-10-02T15:29:19.129+0000] {spark_submit.py:488} INFO - 24/10/02 15:29:19 INFO TaskSetManager: Starting task 0.0 in stage 1.0 (TID 2) (172.20.0.5, executor 0, partition 0, NODE_LOCAL, 9003 bytes)
[2024-10-02T15:29:19.131+0000] {spark_submit.py:488} INFO - 24/10/02 15:29:19 INFO TaskSetManager: Starting task 1.0 in stage 1.0 (TID 3) (172.20.0.5, executor 0, partition 1, NODE_LOCAL, 9003 bytes)
[2024-10-02T15:29:19.169+0000] {spark_submit.py:488} INFO - 24/10/02 15:29:19 INFO BlockManagerInfo: Added broadcast_1_piece0 in memory on 172.20.0.5:40253 (size: 3.1 KiB, free: 434.4 MiB)
[2024-10-02T15:29:19.265+0000] {spark_submit.py:488} INFO - 24/10/02 15:29:19 INFO MapOutputTrackerMasterEndpoint: Asked to send map output locations for shuffle 0 to 172.20.0.5:59184
[2024-10-02T15:29:19.481+0000] {spark_submit.py:488} INFO - 24/10/02 15:29:19 INFO TaskSetManager: Finished task 0.0 in stage 1.0 (TID 2) in 357 ms on 172.20.0.5 (executor 0) (1/2)
[2024-10-02T15:29:19.484+0000] {spark_submit.py:488} INFO - 24/10/02 15:29:19 INFO TaskSetManager: Finished task 1.0 in stage 1.0 (TID 3) in 353 ms on 172.20.0.5 (executor 0) (2/2)
[2024-10-02T15:29:19.485+0000] {spark_submit.py:488} INFO - 24/10/02 15:29:19 INFO TaskSchedulerImpl: Removed TaskSet 1.0, whose tasks have all completed, from pool
[2024-10-02T15:29:19.488+0000] {spark_submit.py:488} INFO - 24/10/02 15:29:19 INFO DAGScheduler: ResultStage 1 (collect at wordcount.scala:14) finished in 0.403 s
[2024-10-02T15:29:19.493+0000] {spark_submit.py:488} INFO - 24/10/02 15:29:19 INFO DAGScheduler: Job 0 is finished. Cancelling potential speculative or zombie tasks for this job
[2024-10-02T15:29:19.494+0000] {spark_submit.py:488} INFO - 24/10/02 15:29:19 INFO TaskSchedulerImpl: Killing all running tasks in stage 1: Stage finished
[2024-10-02T15:29:19.498+0000] {spark_submit.py:488} INFO - 24/10/02 15:29:19 INFO DAGScheduler: Job 0 finished: collect at wordcount.scala:14, took 8.972589 s
[2024-10-02T15:29:19.505+0000] {spark_submit.py:488} INFO - (Hello,5)
[2024-10-02T15:29:19.506+0000] {spark_submit.py:488} INFO - (Yusuf,1)
[2024-10-02T15:29:19.506+0000] {spark_submit.py:488} INFO - (World,1)
[2024-10-02T15:29:19.507+0000] {spark_submit.py:488} INFO - (Scala,1)
[2024-10-02T15:29:19.508+0000] {spark_submit.py:488} INFO - (Docker,1)
[2024-10-02T15:29:19.508+0000] {spark_submit.py:488} INFO - (spark,1)
[2024-10-02T15:29:19.509+0000] {spark_submit.py:488} INFO - 24/10/02 15:29:19 INFO SparkContext: SparkContext is stopping with exitCode 0.
[2024-10-02T15:29:19.525+0000] {spark_submit.py:488} INFO - 24/10/02 15:29:19 INFO SparkUI: Stopped Spark web UI at http://531092bfcd5c:4041
[2024-10-02T15:29:19.536+0000] {spark_submit.py:488} INFO - 24/10/02 15:29:19 INFO StandaloneSchedulerBackend: Shutting down all executors
[2024-10-02T15:29:19.537+0000] {spark_submit.py:488} INFO - 24/10/02 15:29:19 INFO StandaloneSchedulerBackend$StandaloneDriverEndpoint: Asking each executor to shut down
[2024-10-02T15:29:19.567+0000] {spark_submit.py:488} INFO - 24/10/02 15:29:19 INFO MapOutputTrackerMasterEndpoint: MapOutputTrackerMasterEndpoint stopped!
[2024-10-02T15:29:19.662+0000] {spark_submit.py:488} INFO - 24/10/02 15:29:19 INFO MemoryStore: MemoryStore cleared
[2024-10-02T15:29:19.663+0000] {spark_submit.py:488} INFO - 24/10/02 15:29:19 INFO BlockManager: BlockManager stopped
[2024-10-02T15:29:19.681+0000] {spark_submit.py:488} INFO - 24/10/02 15:29:19 INFO BlockManagerMaster: BlockManagerMaster stopped
[2024-10-02T15:29:19.684+0000] {spark_submit.py:488} INFO - 24/10/02 15:29:19 INFO OutputCommitCoordinator$OutputCommitCoordinatorEndpoint: OutputCommitCoordinator stopped!
[2024-10-02T15:29:19.745+0000] {spark_submit.py:488} INFO - 24/10/02 15:29:19 INFO SparkContext: Successfully stopped SparkContext
[2024-10-02T15:29:19.752+0000] {spark_submit.py:488} INFO - 24/10/02 15:29:19 INFO ShutdownHookManager: Shutdown hook called
[2024-10-02T15:29:19.755+0000] {spark_submit.py:488} INFO - 24/10/02 15:29:19 INFO ShutdownHookManager: Deleting directory /tmp/spark-069d9e33-a25b-41af-b1e4-36ba184df951
[2024-10-02T15:29:19.766+0000] {spark_submit.py:488} INFO - 24/10/02 15:29:19 INFO ShutdownHookManager: Deleting directory /tmp/spark-b60e8ab6-0e47-4cda-9042-342a3317c7de
[2024-10-02T15:29:19.875+0000] {taskinstance.py:340} INFO - ::group::Post task execution logs
[2024-10-02T15:29:19.876+0000] {taskinstance.py:352} INFO - Marking task as SUCCESS. dag_id=sparking_flow, task_id=scala_job, run_id=scheduled__2024-10-01T00:00:00+00:00, execution_date=20241001T000000, start_date=20241002T152848, end_date=20241002T152919
[2024-10-02T15:29:19.929+0000] {local_task_job_runner.py:266} INFO - Task exited with return code 0
[2024-10-02T15:29:19.980+0000] {taskinstance.py:3900} INFO - 0 downstream tasks scheduled from follow-on schedule check
[2024-10-02T15:29:19.984+0000] {local_task_job_runner.py:245} INFO - ::endgroup::
