[2024-10-04T06:37:35.331+0000] {local_task_job_runner.py:123} INFO - ::group::Pre task execution logs
[2024-10-04T06:37:35.368+0000] {taskinstance.py:2612} INFO - Dependencies all met for dep_context=non-requeueable deps ti=<TaskInstance: sparking_flow.end scheduled__2024-10-03T00:00:00+00:00 [queued]>
[2024-10-04T06:37:35.390+0000] {taskinstance.py:2612} INFO - Dependencies all met for dep_context=requeueable deps ti=<TaskInstance: sparking_flow.end scheduled__2024-10-03T00:00:00+00:00 [queued]>
[2024-10-04T06:37:35.391+0000] {taskinstance.py:2865} INFO - Starting attempt 1 of 1
[2024-10-04T06:37:35.423+0000] {taskinstance.py:2888} INFO - Executing <Task(PythonOperator): end> on 2024-10-03 00:00:00+00:00
[2024-10-04T06:37:35.435+0000] {standard_task_runner.py:104} INFO - Running: ['***', 'tasks', 'run', 'sparking_flow', 'end', 'scheduled__2024-10-03T00:00:00+00:00', '--job-id', '13695', '--raw', '--subdir', 'DAGS_FOLDER/materi/test.py', '--cfg-path', '/tmp/tmp017zsduv']
[2024-10-04T06:37:35.441+0000] {standard_task_runner.py:105} INFO - Job 13695: Subtask end
[2024-10-04T06:37:35.443+0000] {logging_mixin.py:190} WARNING - /home/***/.local/lib/python3.12/site-packages/***/task/task_runner/standard_task_runner.py:70 DeprecationWarning: This process (pid=694) is multi-threaded, use of fork() may lead to deadlocks in the child.
[2024-10-04T06:37:35.444+0000] {standard_task_runner.py:72} INFO - Started process 695 to run task
[2024-10-04T06:37:35.555+0000] {task_command.py:467} INFO - Running <TaskInstance: sparking_flow.end scheduled__2024-10-03T00:00:00+00:00 [running]> on host 5f5bf3f98309
[2024-10-04T06:37:35.753+0000] {taskinstance.py:3131} INFO - Exporting env vars: AIRFLOW_CTX_DAG_OWNER='Yusuf Ganiyu' AIRFLOW_CTX_DAG_ID='sparking_flow' AIRFLOW_CTX_TASK_ID='end' AIRFLOW_CTX_EXECUTION_DATE='2024-10-03T00:00:00+00:00' AIRFLOW_CTX_TRY_NUMBER='1' AIRFLOW_CTX_DAG_RUN_ID='scheduled__2024-10-03T00:00:00+00:00'
[2024-10-04T06:37:35.754+0000] {taskinstance.py:731} INFO - ::endgroup::
[2024-10-04T06:37:35.794+0000] {logging_mixin.py:190} INFO - Jobs completed successfully
[2024-10-04T06:37:35.794+0000] {python.py:240} INFO - Done. Returned value was: None
[2024-10-04T06:37:35.826+0000] {taskinstance.py:340} INFO - ::group::Post task execution logs
[2024-10-04T06:37:35.827+0000] {taskinstance.py:352} INFO - Marking task as SUCCESS. dag_id=sparking_flow, task_id=end, run_id=scheduled__2024-10-03T00:00:00+00:00, execution_date=20241003T000000, start_date=20241004T063735, end_date=20241004T063735
[2024-10-04T06:37:35.864+0000] {local_task_job_runner.py:266} INFO - Task exited with return code 0
[2024-10-04T06:37:35.897+0000] {taskinstance.py:3900} INFO - 0 downstream tasks scheduled from follow-on schedule check
[2024-10-04T06:37:35.901+0000] {local_task_job_runner.py:245} INFO - ::endgroup::
[2024-10-04T17:32:27.806+0000] {local_task_job_runner.py:123} INFO - ::group::Pre task execution logs
[2024-10-04T17:32:27.886+0000] {taskinstance.py:2612} INFO - Dependencies all met for dep_context=non-requeueable deps ti=<TaskInstance: sparking_flow.end scheduled__2024-10-03T00:00:00+00:00 [queued]>
[2024-10-04T17:32:27.923+0000] {taskinstance.py:2612} INFO - Dependencies all met for dep_context=requeueable deps ti=<TaskInstance: sparking_flow.end scheduled__2024-10-03T00:00:00+00:00 [queued]>
[2024-10-04T17:32:27.925+0000] {taskinstance.py:2865} INFO - Starting attempt 1 of 1
[2024-10-04T17:32:27.987+0000] {taskinstance.py:2888} INFO - Executing <Task(PythonOperator): end> on 2024-10-03 00:00:00+00:00
[2024-10-04T17:32:28.005+0000] {standard_task_runner.py:104} INFO - Running: ['***', 'tasks', 'run', 'sparking_flow', 'end', 'scheduled__2024-10-03T00:00:00+00:00', '--job-id', '13860', '--raw', '--subdir', 'DAGS_FOLDER/materi/test.py', '--cfg-path', '/tmp/tmp3l29zt6q']
[2024-10-04T17:32:28.013+0000] {standard_task_runner.py:105} INFO - Job 13860: Subtask end
[2024-10-04T17:32:28.015+0000] {logging_mixin.py:190} WARNING - /home/***/.local/lib/python3.12/site-packages/***/task/task_runner/standard_task_runner.py:70 DeprecationWarning: This process (pid=18438) is multi-threaded, use of fork() may lead to deadlocks in the child.
[2024-10-04T17:32:28.016+0000] {standard_task_runner.py:72} INFO - Started process 18441 to run task
[2024-10-04T17:32:28.186+0000] {task_command.py:467} INFO - Running <TaskInstance: sparking_flow.end scheduled__2024-10-03T00:00:00+00:00 [running]> on host ec276fc9e43b
[2024-10-04T17:32:28.603+0000] {taskinstance.py:3131} INFO - Exporting env vars: AIRFLOW_CTX_DAG_OWNER='Yusuf Ganiyu' AIRFLOW_CTX_DAG_ID='sparking_flow' AIRFLOW_CTX_TASK_ID='end' AIRFLOW_CTX_EXECUTION_DATE='2024-10-03T00:00:00+00:00' AIRFLOW_CTX_TRY_NUMBER='1' AIRFLOW_CTX_DAG_RUN_ID='scheduled__2024-10-03T00:00:00+00:00'
[2024-10-04T17:32:28.606+0000] {taskinstance.py:731} INFO - ::endgroup::
[2024-10-04T17:32:28.668+0000] {logging_mixin.py:190} INFO - Jobs completed successfully
[2024-10-04T17:32:28.669+0000] {python.py:240} INFO - Done. Returned value was: None
[2024-10-04T17:32:28.700+0000] {taskinstance.py:340} INFO - ::group::Post task execution logs
[2024-10-04T17:32:28.701+0000] {taskinstance.py:352} INFO - Marking task as SUCCESS. dag_id=sparking_flow, task_id=end, run_id=scheduled__2024-10-03T00:00:00+00:00, execution_date=20241003T000000, start_date=20241004T173227, end_date=20241004T173228
[2024-10-04T17:32:28.759+0000] {local_task_job_runner.py:266} INFO - Task exited with return code 0
[2024-10-04T17:32:28.819+0000] {taskinstance.py:3900} INFO - 0 downstream tasks scheduled from follow-on schedule check
[2024-10-04T17:32:28.825+0000] {local_task_job_runner.py:245} INFO - ::endgroup::
