[2024-10-03T08:39:11.754+0000] {local_task_job_runner.py:123} INFO - ::group::Pre task execution logs
[2024-10-03T08:39:11.790+0000] {taskinstance.py:2612} INFO - Dependencies all met for dep_context=non-requeueable deps ti=<TaskInstance: etl_pipeline.warehouse.step_1.extract_transform.categories scheduled__2024-10-02T00:00:00+00:00 [queued]>
[2024-10-03T08:39:11.805+0000] {taskinstance.py:2612} INFO - Dependencies all met for dep_context=requeueable deps ti=<TaskInstance: etl_pipeline.warehouse.step_1.extract_transform.categories scheduled__2024-10-02T00:00:00+00:00 [queued]>
[2024-10-03T08:39:11.806+0000] {taskinstance.py:2865} INFO - Starting attempt 51 of 51
[2024-10-03T08:39:11.825+0000] {taskinstance.py:2888} INFO - Executing <Task(SparkSubmitOperator): warehouse.step_1.extract_transform.categories> on 2024-10-02 00:00:00+00:00
[2024-10-03T08:39:11.838+0000] {logging_mixin.py:190} WARNING - /home/***/.local/lib/python3.12/site-packages/***/task/task_runner/standard_task_runner.py:70 DeprecationWarning: This process (pid=41546) is multi-threaded, use of fork() may lead to deadlocks in the child.
[2024-10-03T08:39:11.840+0000] {standard_task_runner.py:72} INFO - Started process 41555 to run task
[2024-10-03T08:39:11.837+0000] {standard_task_runner.py:104} INFO - Running: ['***', 'tasks', 'run', 'etl_pipeline', 'warehouse.step_1.extract_transform.categories', 'scheduled__2024-10-02T00:00:00+00:00', '--job-id', '13615', '--raw', '--subdir', 'DAGS_FOLDER/etl_pipeline/run.py', '--cfg-path', '/tmp/tmpd_953hoc']
[2024-10-03T08:39:11.841+0000] {standard_task_runner.py:105} INFO - Job 13615: Subtask warehouse.step_1.extract_transform.categories
[2024-10-03T08:39:11.928+0000] {task_command.py:467} INFO - Running <TaskInstance: etl_pipeline.warehouse.step_1.extract_transform.categories scheduled__2024-10-02T00:00:00+00:00 [running]> on host 8c0d519f07a3
[2024-10-03T08:39:12.090+0000] {taskinstance.py:3131} INFO - Exporting env vars: AIRFLOW_CTX_DAG_OWNER='***' AIRFLOW_CTX_DAG_ID='etl_pipeline' AIRFLOW_CTX_TASK_ID='warehouse.step_1.extract_transform.categories' AIRFLOW_CTX_EXECUTION_DATE='2024-10-02T00:00:00+00:00' AIRFLOW_CTX_TRY_NUMBER='51' AIRFLOW_CTX_DAG_RUN_ID='scheduled__2024-10-02T00:00:00+00:00'
[2024-10-03T08:39:12.092+0000] {taskinstance.py:731} INFO - ::endgroup::
[2024-10-03T08:39:12.118+0000] {base.py:84} INFO - Retrieving connection 'spark-conn'
[2024-10-03T08:39:12.120+0000] {spark_submit.py:335} INFO - Spark-Submit cmd: spark-submit --master spark://spark-master:7077 --name arrow-spark dags/etl_pipeline/tasks/warehouse/components/extract_transform.py categories False 2024-10-02
[2024-10-03T08:39:12.194+0000] {spark_submit.py:488} INFO - /home/***/.local/lib/python3.12/site-packages/pyspark/bin/load-spark-env.sh: line 68: ps: command not found
[2024-10-03T08:39:22.960+0000] {spark_submit.py:488} INFO - 24/10/03 08:39:22 INFO SparkContext: Running Spark version 3.5.3
[2024-10-03T08:39:22.965+0000] {spark_submit.py:488} INFO - 24/10/03 08:39:22 INFO SparkContext: OS info Linux, 5.15.153.1-microsoft-standard-WSL2, amd64
[2024-10-03T08:39:22.966+0000] {spark_submit.py:488} INFO - 24/10/03 08:39:22 INFO SparkContext: Java version 17.0.12
[2024-10-03T08:39:23.051+0000] {spark_submit.py:488} INFO - 24/10/03 08:39:23 WARN NativeCodeLoader: Unable to load native-hadoop library for your platform... using builtin-java classes where applicable
[2024-10-03T08:39:23.216+0000] {spark_submit.py:488} INFO - 24/10/03 08:39:23 INFO ResourceUtils: ==============================================================
[2024-10-03T08:39:23.217+0000] {spark_submit.py:488} INFO - 24/10/03 08:39:23 INFO ResourceUtils: No custom resources configured for spark.driver.
[2024-10-03T08:39:23.218+0000] {spark_submit.py:488} INFO - 24/10/03 08:39:23 INFO ResourceUtils: ==============================================================
[2024-10-03T08:39:23.220+0000] {spark_submit.py:488} INFO - 24/10/03 08:39:23 INFO SparkContext: Submitted application: Extract Transform - categories
[2024-10-03T08:39:23.264+0000] {spark_submit.py:488} INFO - 24/10/03 08:39:23 INFO ResourceProfile: Default ResourceProfile created, executor resources: Map(memory -> name: memory, amount: 1024, script: , vendor: , offHeap -> name: offHeap, amount: 0, script: , vendor: ), task resources: Map(cpus -> name: cpus, amount: 1.0)
[2024-10-03T08:39:23.279+0000] {spark_submit.py:488} INFO - 24/10/03 08:39:23 INFO ResourceProfile: Limiting resource is cpu
[2024-10-03T08:39:23.281+0000] {spark_submit.py:488} INFO - 24/10/03 08:39:23 INFO ResourceProfileManager: Added ResourceProfile id: 0
[2024-10-03T08:39:23.369+0000] {spark_submit.py:488} INFO - 24/10/03 08:39:23 INFO SecurityManager: Changing view acls to: ***
[2024-10-03T08:39:23.370+0000] {spark_submit.py:488} INFO - 24/10/03 08:39:23 INFO SecurityManager: Changing modify acls to: ***
[2024-10-03T08:39:23.371+0000] {spark_submit.py:488} INFO - 24/10/03 08:39:23 INFO SecurityManager: Changing view acls groups to:
[2024-10-03T08:39:23.373+0000] {spark_submit.py:488} INFO - 24/10/03 08:39:23 INFO SecurityManager: Changing modify acls groups to:
[2024-10-03T08:39:23.374+0000] {spark_submit.py:488} INFO - 24/10/03 08:39:23 INFO SecurityManager: SecurityManager: authentication disabled; ui acls disabled; users with view permissions: ***; groups with view permissions: EMPTY; users with modify permissions: ***; groups with modify permissions: EMPTY
[2024-10-03T08:39:23.829+0000] {spark_submit.py:488} INFO - 24/10/03 08:39:23 INFO Utils: Successfully started service 'sparkDriver' on port 33223.
[2024-10-03T08:39:23.876+0000] {spark_submit.py:488} INFO - 24/10/03 08:39:23 INFO SparkEnv: Registering MapOutputTracker
[2024-10-03T08:39:23.947+0000] {spark_submit.py:488} INFO - 24/10/03 08:39:23 INFO SparkEnv: Registering BlockManagerMaster
[2024-10-03T08:39:23.983+0000] {spark_submit.py:488} INFO - 24/10/03 08:39:23 INFO BlockManagerMasterEndpoint: Using org.apache.spark.storage.DefaultTopologyMapper for getting topology information
[2024-10-03T08:39:23.985+0000] {spark_submit.py:488} INFO - 24/10/03 08:39:23 INFO BlockManagerMasterEndpoint: BlockManagerMasterEndpoint up
[2024-10-03T08:39:23.993+0000] {spark_submit.py:488} INFO - 24/10/03 08:39:23 INFO SparkEnv: Registering BlockManagerMasterHeartbeat
[2024-10-03T08:39:24.050+0000] {spark_submit.py:488} INFO - 24/10/03 08:39:24 INFO DiskBlockManager: Created local directory at /tmp/blockmgr-c1816408-9198-4d25-9f97-74734352f614
[2024-10-03T08:39:24.087+0000] {spark_submit.py:488} INFO - 24/10/03 08:39:24 INFO MemoryStore: MemoryStore started with capacity 434.4 MiB
[2024-10-03T08:39:24.123+0000] {spark_submit.py:488} INFO - 24/10/03 08:39:24 INFO SparkEnv: Registering OutputCommitCoordinator
[2024-10-03T08:39:24.397+0000] {spark_submit.py:488} INFO - 24/10/03 08:39:24 INFO JettyUtils: Start Jetty 0.0.0.0:4040 for SparkUI
[2024-10-03T08:39:24.503+0000] {spark_submit.py:488} INFO - 24/10/03 08:39:24 INFO Utils: Successfully started service 'SparkUI' on port 4040.
[2024-10-03T08:39:24.711+0000] {spark_submit.py:488} INFO - 24/10/03 08:39:24 INFO StandaloneAppClient$ClientEndpoint: Connecting to master spark://spark-master:7077...
[2024-10-03T08:39:24.772+0000] {spark_submit.py:488} INFO - 24/10/03 08:39:24 INFO TransportClientFactory: Successfully created connection to spark-master/172.20.0.2:7077 after 34 ms (0 ms spent in bootstraps)
[2024-10-03T08:39:24.938+0000] {spark_submit.py:488} INFO - 24/10/03 08:39:24 INFO StandaloneSchedulerBackend: Connected to Spark cluster with app ID app-20241003083924-0046
[2024-10-03T08:39:24.941+0000] {spark_submit.py:488} INFO - 24/10/03 08:39:24 INFO StandaloneAppClient$ClientEndpoint: Executor added: app-20241003083924-0046/0 on worker-20241003061731-172.20.0.9-38803 (172.20.0.9:38803) with 2 core(s)
[2024-10-03T08:39:24.948+0000] {spark_submit.py:488} INFO - 24/10/03 08:39:24 INFO StandaloneSchedulerBackend: Granted executor ID app-20241003083924-0046/0 on hostPort 172.20.0.9:38803 with 2 core(s), 1024.0 MiB RAM
[2024-10-03T08:39:24.955+0000] {spark_submit.py:488} INFO - 24/10/03 08:39:24 INFO Utils: Successfully started service 'org.apache.spark.network.netty.NettyBlockTransferService' on port 32929.
[2024-10-03T08:39:24.956+0000] {spark_submit.py:488} INFO - 24/10/03 08:39:24 INFO NettyBlockTransferService: Server created on 8c0d519f07a3:32929
[2024-10-03T08:39:24.959+0000] {spark_submit.py:488} INFO - 24/10/03 08:39:24 INFO BlockManager: Using org.apache.spark.storage.RandomBlockReplicationPolicy for block replication policy
[2024-10-03T08:39:24.968+0000] {spark_submit.py:488} INFO - 24/10/03 08:39:24 INFO BlockManagerMaster: Registering BlockManager BlockManagerId(driver, 8c0d519f07a3, 32929, None)
[2024-10-03T08:39:24.974+0000] {spark_submit.py:488} INFO - 24/10/03 08:39:24 INFO BlockManagerMasterEndpoint: Registering block manager 8c0d519f07a3:32929 with 434.4 MiB RAM, BlockManagerId(driver, 8c0d519f07a3, 32929, None)
[2024-10-03T08:39:24.980+0000] {spark_submit.py:488} INFO - 24/10/03 08:39:24 INFO BlockManagerMaster: Registered BlockManager BlockManagerId(driver, 8c0d519f07a3, 32929, None)
[2024-10-03T08:39:24.982+0000] {spark_submit.py:488} INFO - 24/10/03 08:39:24 INFO BlockManager: Initialized BlockManager: BlockManagerId(driver, 8c0d519f07a3, 32929, None)
[2024-10-03T08:39:25.026+0000] {spark_submit.py:488} INFO - 24/10/03 08:39:25 INFO StandaloneAppClient$ClientEndpoint: Executor updated: app-20241003083924-0046/0 is now RUNNING
[2024-10-03T08:39:25.476+0000] {spark_submit.py:488} INFO - 24/10/03 08:39:25 INFO StandaloneSchedulerBackend: SchedulerBackend is ready for scheduling beginning after reached minRegisteredResourcesRatio: 0.0
[2024-10-03T08:39:27.351+0000] {spark_submit.py:488} INFO - [2024-10-03T08:39:27.350+0000] {base.py:84} INFO - Retrieving connection 'staging_db'
[2024-10-03T08:39:27.506+0000] {spark_submit.py:488} INFO - 24/10/03 08:39:27 INFO SharedState: Setting hive.metastore.warehouse.dir ('null') to the value of spark.sql.warehouse.dir.
[2024-10-03T08:39:27.525+0000] {spark_submit.py:488} INFO - 24/10/03 08:39:27 INFO SharedState: Warehouse path is 'file:/opt/***/spark-warehouse'.
[2024-10-03T08:39:31.136+0000] {spark_submit.py:488} INFO - 24/10/03 08:39:31 INFO StandaloneSchedulerBackend$StandaloneDriverEndpoint: Registered executor NettyRpcEndpointRef(spark-client://Executor) (172.20.0.9:38224) with ID 0,  ResourceProfileId 0
[2024-10-03T08:39:31.396+0000] {spark_submit.py:488} INFO - 24/10/03 08:39:31 INFO BlockManagerMasterEndpoint: Registering block manager 172.20.0.9:40299 with 434.4 MiB RAM, BlockManagerId(0, 172.20.0.9, 40299, None)
[2024-10-03T08:39:34.898+0000] {spark_submit.py:488} INFO - 24/10/03 08:39:34 INFO CodeGenerator: Code generated in 540.5952 ms
[2024-10-03T08:39:35.118+0000] {spark_submit.py:488} INFO - 24/10/03 08:39:35 INFO DAGScheduler: Registering RDD 6 (count at NativeMethodAccessorImpl.java:0) as input to shuffle 0
[2024-10-03T08:39:35.126+0000] {spark_submit.py:488} INFO - 24/10/03 08:39:35 INFO DAGScheduler: Got map stage job 0 (count at NativeMethodAccessorImpl.java:0) with 2 output partitions
[2024-10-03T08:39:35.127+0000] {spark_submit.py:488} INFO - 24/10/03 08:39:35 INFO DAGScheduler: Final stage: ShuffleMapStage 0 (count at NativeMethodAccessorImpl.java:0)
[2024-10-03T08:39:35.128+0000] {spark_submit.py:488} INFO - 24/10/03 08:39:35 INFO DAGScheduler: Parents of final stage: List()
[2024-10-03T08:39:35.131+0000] {spark_submit.py:488} INFO - 24/10/03 08:39:35 INFO DAGScheduler: Missing parents: List()
[2024-10-03T08:39:35.147+0000] {spark_submit.py:488} INFO - 24/10/03 08:39:35 INFO DAGScheduler: Submitting ShuffleMapStage 0 (MapPartitionsRDD[6] at count at NativeMethodAccessorImpl.java:0), which has no missing parents
[2024-10-03T08:39:35.303+0000] {spark_submit.py:488} INFO - 24/10/03 08:39:35 INFO MemoryStore: Block broadcast_0 stored as values in memory (estimated size 34.3 KiB, free 434.4 MiB)
[2024-10-03T08:39:35.356+0000] {spark_submit.py:488} INFO - 24/10/03 08:39:35 INFO MemoryStore: Block broadcast_0_piece0 stored as bytes in memory (estimated size 16.5 KiB, free 434.4 MiB)
[2024-10-03T08:39:35.362+0000] {spark_submit.py:488} INFO - 24/10/03 08:39:35 INFO BlockManagerInfo: Added broadcast_0_piece0 in memory on 8c0d519f07a3:32929 (size: 16.5 KiB, free: 434.4 MiB)
[2024-10-03T08:39:35.368+0000] {spark_submit.py:488} INFO - 24/10/03 08:39:35 INFO SparkContext: Created broadcast 0 from broadcast at DAGScheduler.scala:1585
[2024-10-03T08:39:35.404+0000] {spark_submit.py:488} INFO - 24/10/03 08:39:35 INFO DAGScheduler: Submitting 2 missing tasks from ShuffleMapStage 0 (MapPartitionsRDD[6] at count at NativeMethodAccessorImpl.java:0) (first 15 tasks are for partitions Vector(0, 1))
[2024-10-03T08:39:35.413+0000] {spark_submit.py:488} INFO - 24/10/03 08:39:35 INFO TaskSchedulerImpl: Adding task set 0.0 with 2 tasks resource profile 0
[2024-10-03T08:39:35.516+0000] {spark_submit.py:488} INFO - 24/10/03 08:39:35 INFO TaskSetManager: Starting task 0.0 in stage 0.0 (TID 0) (172.20.0.9, executor 0, partition 0, PROCESS_LOCAL, 9185 bytes)
[2024-10-03T08:39:35.524+0000] {spark_submit.py:488} INFO - 24/10/03 08:39:35 INFO TaskSetManager: Starting task 1.0 in stage 0.0 (TID 1) (172.20.0.9, executor 0, partition 1, PROCESS_LOCAL, 9170 bytes)
[2024-10-03T08:39:36.198+0000] {spark_submit.py:488} INFO - 24/10/03 08:39:36 INFO BlockManagerInfo: Added broadcast_0_piece0 in memory on 172.20.0.9:40299 (size: 16.5 KiB, free: 434.4 MiB)
[2024-10-03T08:39:39.987+0000] {spark_submit.py:488} INFO - 24/10/03 08:39:39 INFO TaskSetManager: Finished task 0.0 in stage 0.0 (TID 0) in 4521 ms on 172.20.0.9 (executor 0) (1/2)
[2024-10-03T08:39:39.995+0000] {spark_submit.py:488} INFO - 24/10/03 08:39:39 INFO TaskSetManager: Finished task 1.0 in stage 0.0 (TID 1) in 4471 ms on 172.20.0.9 (executor 0) (2/2)
[2024-10-03T08:39:39.996+0000] {spark_submit.py:488} INFO - 24/10/03 08:39:39 INFO TaskSchedulerImpl: Removed TaskSet 0.0, whose tasks have all completed, from pool
[2024-10-03T08:39:39.999+0000] {spark_submit.py:488} INFO - 24/10/03 08:39:39 INFO PythonAccumulatorV2: Connected to AccumulatorServer at host: 127.0.0.1 port: 57559
[2024-10-03T08:39:40.015+0000] {spark_submit.py:488} INFO - 24/10/03 08:39:40 INFO DAGScheduler: ShuffleMapStage 0 (count at NativeMethodAccessorImpl.java:0) finished in 4.834 s
[2024-10-03T08:39:40.018+0000] {spark_submit.py:488} INFO - 24/10/03 08:39:40 INFO DAGScheduler: looking for newly runnable stages
[2024-10-03T08:39:40.019+0000] {spark_submit.py:488} INFO - 24/10/03 08:39:40 INFO DAGScheduler: running: Set()
[2024-10-03T08:39:40.021+0000] {spark_submit.py:488} INFO - 24/10/03 08:39:40 INFO DAGScheduler: waiting: Set()
[2024-10-03T08:39:40.021+0000] {spark_submit.py:488} INFO - 24/10/03 08:39:40 INFO DAGScheduler: failed: Set()
[2024-10-03T08:39:40.083+0000] {spark_submit.py:488} INFO - 24/10/03 08:39:40 INFO ShufflePartitionsUtil: For shuffle(0), advisory target size: 67108864, actual target size 1048576, minimum partition size: 1048576
[2024-10-03T08:39:40.275+0000] {spark_submit.py:488} INFO - 24/10/03 08:39:40 INFO CodeGenerator: Code generated in 104.0979 ms
[2024-10-03T08:39:40.344+0000] {spark_submit.py:488} INFO - 24/10/03 08:39:40 INFO DAGScheduler: Registering RDD 9 (count at NativeMethodAccessorImpl.java:0) as input to shuffle 1
[2024-10-03T08:39:40.345+0000] {spark_submit.py:488} INFO - 24/10/03 08:39:40 INFO DAGScheduler: Got map stage job 1 (count at NativeMethodAccessorImpl.java:0) with 1 output partitions
[2024-10-03T08:39:40.345+0000] {spark_submit.py:488} INFO - 24/10/03 08:39:40 INFO DAGScheduler: Final stage: ShuffleMapStage 2 (count at NativeMethodAccessorImpl.java:0)
[2024-10-03T08:39:40.346+0000] {spark_submit.py:488} INFO - 24/10/03 08:39:40 INFO DAGScheduler: Parents of final stage: List(ShuffleMapStage 1)
[2024-10-03T08:39:40.346+0000] {spark_submit.py:488} INFO - 24/10/03 08:39:40 INFO DAGScheduler: Missing parents: List()
[2024-10-03T08:39:40.348+0000] {spark_submit.py:488} INFO - 24/10/03 08:39:40 INFO DAGScheduler: Submitting ShuffleMapStage 2 (MapPartitionsRDD[9] at count at NativeMethodAccessorImpl.java:0), which has no missing parents
[2024-10-03T08:39:40.376+0000] {spark_submit.py:488} INFO - 24/10/03 08:39:40 INFO MemoryStore: Block broadcast_1 stored as values in memory (estimated size 44.5 KiB, free 434.3 MiB)
[2024-10-03T08:39:40.384+0000] {spark_submit.py:488} INFO - 24/10/03 08:39:40 INFO MemoryStore: Block broadcast_1_piece0 stored as bytes in memory (estimated size 20.9 KiB, free 434.3 MiB)
[2024-10-03T08:39:40.396+0000] {spark_submit.py:488} INFO - 24/10/03 08:39:40 INFO BlockManagerInfo: Added broadcast_1_piece0 in memory on 8c0d519f07a3:32929 (size: 20.9 KiB, free: 434.4 MiB)
[2024-10-03T08:39:40.397+0000] {spark_submit.py:488} INFO - 24/10/03 08:39:40 INFO SparkContext: Created broadcast 1 from broadcast at DAGScheduler.scala:1585
[2024-10-03T08:39:40.399+0000] {spark_submit.py:488} INFO - 24/10/03 08:39:40 INFO DAGScheduler: Submitting 1 missing tasks from ShuffleMapStage 2 (MapPartitionsRDD[9] at count at NativeMethodAccessorImpl.java:0) (first 15 tasks are for partitions Vector(0))
[2024-10-03T08:39:40.401+0000] {spark_submit.py:488} INFO - 24/10/03 08:39:40 INFO TaskSchedulerImpl: Adding task set 2.0 with 1 tasks resource profile 0
[2024-10-03T08:39:40.416+0000] {spark_submit.py:488} INFO - 24/10/03 08:39:40 INFO TaskSetManager: Starting task 0.0 in stage 2.0 (TID 2) (172.20.0.9, executor 0, partition 0, NODE_LOCAL, 8992 bytes)
[2024-10-03T08:39:40.466+0000] {spark_submit.py:488} INFO - 24/10/03 08:39:40 INFO BlockManagerInfo: Added broadcast_1_piece0 in memory on 172.20.0.9:40299 (size: 20.9 KiB, free: 434.4 MiB)
[2024-10-03T08:39:40.514+0000] {spark_submit.py:488} INFO - 24/10/03 08:39:40 INFO BlockManagerInfo: Removed broadcast_0_piece0 on 8c0d519f07a3:32929 in memory (size: 16.5 KiB, free: 434.4 MiB)
[2024-10-03T08:39:40.536+0000] {spark_submit.py:488} INFO - 24/10/03 08:39:40 INFO BlockManagerInfo: Removed broadcast_0_piece0 on 172.20.0.9:40299 in memory (size: 16.5 KiB, free: 434.4 MiB)
[2024-10-03T08:39:40.577+0000] {spark_submit.py:488} INFO - 24/10/03 08:39:40 INFO MapOutputTrackerMasterEndpoint: Asked to send map output locations for shuffle 0 to 172.20.0.9:38224
[2024-10-03T08:39:40.870+0000] {spark_submit.py:488} INFO - 24/10/03 08:39:40 INFO TaskSetManager: Finished task 0.0 in stage 2.0 (TID 2) in 459 ms on 172.20.0.9 (executor 0) (1/1)
[2024-10-03T08:39:40.871+0000] {spark_submit.py:488} INFO - 24/10/03 08:39:40 INFO TaskSchedulerImpl: Removed TaskSet 2.0, whose tasks have all completed, from pool
[2024-10-03T08:39:40.881+0000] {spark_submit.py:488} INFO - 24/10/03 08:39:40 INFO DAGScheduler: ShuffleMapStage 2 (count at NativeMethodAccessorImpl.java:0) finished in 0.511 s
[2024-10-03T08:39:40.882+0000] {spark_submit.py:488} INFO - 24/10/03 08:39:40 INFO DAGScheduler: looking for newly runnable stages
[2024-10-03T08:39:40.882+0000] {spark_submit.py:488} INFO - 24/10/03 08:39:40 INFO DAGScheduler: running: Set()
[2024-10-03T08:39:40.883+0000] {spark_submit.py:488} INFO - 24/10/03 08:39:40 INFO DAGScheduler: waiting: Set()
[2024-10-03T08:39:40.883+0000] {spark_submit.py:488} INFO - 24/10/03 08:39:40 INFO DAGScheduler: failed: Set()
[2024-10-03T08:39:40.956+0000] {spark_submit.py:488} INFO - 24/10/03 08:39:40 INFO CodeGenerator: Code generated in 25.2562 ms
[2024-10-03T08:39:41.003+0000] {spark_submit.py:488} INFO - 24/10/03 08:39:41 INFO SparkContext: Starting job: count at NativeMethodAccessorImpl.java:0
[2024-10-03T08:39:41.016+0000] {spark_submit.py:488} INFO - 24/10/03 08:39:41 INFO DAGScheduler: Got job 2 (count at NativeMethodAccessorImpl.java:0) with 1 output partitions
[2024-10-03T08:39:41.025+0000] {spark_submit.py:488} INFO - 24/10/03 08:39:41 INFO DAGScheduler: Final stage: ResultStage 5 (count at NativeMethodAccessorImpl.java:0)
[2024-10-03T08:39:41.027+0000] {spark_submit.py:488} INFO - 24/10/03 08:39:41 INFO DAGScheduler: Parents of final stage: List(ShuffleMapStage 4)
[2024-10-03T08:39:41.030+0000] {spark_submit.py:488} INFO - 24/10/03 08:39:41 INFO DAGScheduler: Missing parents: List()
[2024-10-03T08:39:41.034+0000] {spark_submit.py:488} INFO - 24/10/03 08:39:41 INFO DAGScheduler: Submitting ResultStage 5 (MapPartitionsRDD[12] at count at NativeMethodAccessorImpl.java:0), which has no missing parents
[2024-10-03T08:39:41.046+0000] {spark_submit.py:488} INFO - 24/10/03 08:39:41 INFO MemoryStore: Block broadcast_2 stored as values in memory (estimated size 12.5 KiB, free 434.3 MiB)
[2024-10-03T08:39:41.051+0000] {spark_submit.py:488} INFO - 24/10/03 08:39:41 INFO MemoryStore: Block broadcast_2_piece0 stored as bytes in memory (estimated size 5.9 KiB, free 434.3 MiB)
[2024-10-03T08:39:41.054+0000] {spark_submit.py:488} INFO - 24/10/03 08:39:41 INFO BlockManagerInfo: Added broadcast_2_piece0 in memory on 8c0d519f07a3:32929 (size: 5.9 KiB, free: 434.4 MiB)
[2024-10-03T08:39:41.056+0000] {spark_submit.py:488} INFO - 24/10/03 08:39:41 INFO SparkContext: Created broadcast 2 from broadcast at DAGScheduler.scala:1585
[2024-10-03T08:39:41.061+0000] {spark_submit.py:488} INFO - 24/10/03 08:39:41 INFO DAGScheduler: Submitting 1 missing tasks from ResultStage 5 (MapPartitionsRDD[12] at count at NativeMethodAccessorImpl.java:0) (first 15 tasks are for partitions Vector(0))
[2024-10-03T08:39:41.062+0000] {spark_submit.py:488} INFO - 24/10/03 08:39:41 INFO TaskSchedulerImpl: Adding task set 5.0 with 1 tasks resource profile 0
[2024-10-03T08:39:41.068+0000] {spark_submit.py:488} INFO - 24/10/03 08:39:41 INFO TaskSetManager: Starting task 0.0 in stage 5.0 (TID 3) (172.20.0.9, executor 0, partition 0, NODE_LOCAL, 9003 bytes)
[2024-10-03T08:39:41.108+0000] {spark_submit.py:488} INFO - 24/10/03 08:39:41 INFO BlockManagerInfo: Added broadcast_2_piece0 in memory on 172.20.0.9:40299 (size: 5.9 KiB, free: 434.4 MiB)
[2024-10-03T08:39:41.238+0000] {spark_submit.py:488} INFO - 24/10/03 08:39:41 INFO MapOutputTrackerMasterEndpoint: Asked to send map output locations for shuffle 1 to 172.20.0.9:38224
[2024-10-03T08:39:41.374+0000] {spark_submit.py:488} INFO - 24/10/03 08:39:41 INFO TaskSetManager: Finished task 0.0 in stage 5.0 (TID 3) in 308 ms on 172.20.0.9 (executor 0) (1/1)
[2024-10-03T08:39:41.377+0000] {spark_submit.py:488} INFO - 24/10/03 08:39:41 INFO TaskSchedulerImpl: Removed TaskSet 5.0, whose tasks have all completed, from pool
[2024-10-03T08:39:41.379+0000] {spark_submit.py:488} INFO - 24/10/03 08:39:41 INFO DAGScheduler: ResultStage 5 (count at NativeMethodAccessorImpl.java:0) finished in 0.339 s
[2024-10-03T08:39:41.386+0000] {spark_submit.py:488} INFO - 24/10/03 08:39:41 INFO DAGScheduler: Job 2 is finished. Cancelling potential speculative or zombie tasks for this job
[2024-10-03T08:39:41.389+0000] {spark_submit.py:488} INFO - 24/10/03 08:39:41 INFO TaskSchedulerImpl: Killing all running tasks in stage 5: Stage finished
[2024-10-03T08:39:41.396+0000] {spark_submit.py:488} INFO - 24/10/03 08:39:41 INFO DAGScheduler: Job 2 finished: count at NativeMethodAccessorImpl.java:0, took 0.391361 s
[2024-10-03T08:39:41.828+0000] {spark_submit.py:488} INFO - 24/10/03 08:39:41 INFO CodeGenerator: Code generated in 37.6042 ms
[2024-10-03T08:39:41.856+0000] {spark_submit.py:488} INFO - 24/10/03 08:39:41 INFO DAGScheduler: Registering RDD 15 (csv at NativeMethodAccessorImpl.java:0) as input to shuffle 2
[2024-10-03T08:39:41.861+0000] {spark_submit.py:488} INFO - 24/10/03 08:39:41 INFO DAGScheduler: Got map stage job 3 (csv at NativeMethodAccessorImpl.java:0) with 2 output partitions
[2024-10-03T08:39:41.862+0000] {spark_submit.py:488} INFO - 24/10/03 08:39:41 INFO DAGScheduler: Final stage: ShuffleMapStage 6 (csv at NativeMethodAccessorImpl.java:0)
[2024-10-03T08:39:41.864+0000] {spark_submit.py:488} INFO - 24/10/03 08:39:41 INFO DAGScheduler: Parents of final stage: List()
[2024-10-03T08:39:41.865+0000] {spark_submit.py:488} INFO - 24/10/03 08:39:41 INFO DAGScheduler: Missing parents: List()
[2024-10-03T08:39:41.873+0000] {spark_submit.py:488} INFO - 24/10/03 08:39:41 INFO DAGScheduler: Submitting ShuffleMapStage 6 (MapPartitionsRDD[15] at csv at NativeMethodAccessorImpl.java:0), which has no missing parents
[2024-10-03T08:39:41.889+0000] {spark_submit.py:488} INFO - 24/10/03 08:39:41 INFO MemoryStore: Block broadcast_3 stored as values in memory (estimated size 29.2 KiB, free 434.3 MiB)
[2024-10-03T08:39:41.895+0000] {spark_submit.py:488} INFO - 24/10/03 08:39:41 INFO MemoryStore: Block broadcast_3_piece0 stored as bytes in memory (estimated size 14.1 KiB, free 434.3 MiB)
[2024-10-03T08:39:41.898+0000] {spark_submit.py:488} INFO - 24/10/03 08:39:41 INFO BlockManagerInfo: Added broadcast_3_piece0 in memory on 8c0d519f07a3:32929 (size: 14.1 KiB, free: 434.4 MiB)
[2024-10-03T08:39:41.900+0000] {spark_submit.py:488} INFO - 24/10/03 08:39:41 INFO SparkContext: Created broadcast 3 from broadcast at DAGScheduler.scala:1585
[2024-10-03T08:39:41.903+0000] {spark_submit.py:488} INFO - 24/10/03 08:39:41 INFO DAGScheduler: Submitting 2 missing tasks from ShuffleMapStage 6 (MapPartitionsRDD[15] at csv at NativeMethodAccessorImpl.java:0) (first 15 tasks are for partitions Vector(0, 1))
[2024-10-03T08:39:41.905+0000] {spark_submit.py:488} INFO - 24/10/03 08:39:41 INFO TaskSchedulerImpl: Adding task set 6.0 with 2 tasks resource profile 0
[2024-10-03T08:39:41.908+0000] {spark_submit.py:488} INFO - 24/10/03 08:39:41 INFO TaskSetManager: Starting task 0.0 in stage 6.0 (TID 4) (172.20.0.9, executor 0, partition 0, PROCESS_LOCAL, 9185 bytes)
[2024-10-03T08:39:41.913+0000] {spark_submit.py:488} INFO - 24/10/03 08:39:41 INFO TaskSetManager: Starting task 1.0 in stage 6.0 (TID 5) (172.20.0.9, executor 0, partition 1, PROCESS_LOCAL, 9170 bytes)
[2024-10-03T08:39:41.966+0000] {spark_submit.py:488} INFO - 24/10/03 08:39:41 INFO BlockManagerInfo: Added broadcast_3_piece0 in memory on 172.20.0.9:40299 (size: 14.1 KiB, free: 434.4 MiB)
[2024-10-03T08:39:42.897+0000] {spark_submit.py:488} INFO - 24/10/03 08:39:42 INFO TaskSetManager: Finished task 0.0 in stage 6.0 (TID 4) in 990 ms on 172.20.0.9 (executor 0) (1/2)
[2024-10-03T08:39:42.899+0000] {spark_submit.py:488} INFO - 24/10/03 08:39:42 INFO TaskSetManager: Finished task 1.0 in stage 6.0 (TID 5) in 990 ms on 172.20.0.9 (executor 0) (2/2)
[2024-10-03T08:39:42.900+0000] {spark_submit.py:488} INFO - 24/10/03 08:39:42 INFO TaskSchedulerImpl: Removed TaskSet 6.0, whose tasks have all completed, from pool
[2024-10-03T08:39:42.906+0000] {spark_submit.py:488} INFO - 24/10/03 08:39:42 INFO DAGScheduler: ShuffleMapStage 6 (csv at NativeMethodAccessorImpl.java:0) finished in 1.030 s
[2024-10-03T08:39:42.909+0000] {spark_submit.py:488} INFO - 24/10/03 08:39:42 INFO DAGScheduler: looking for newly runnable stages
[2024-10-03T08:39:42.909+0000] {spark_submit.py:488} INFO - 24/10/03 08:39:42 INFO DAGScheduler: running: Set()
[2024-10-03T08:39:42.910+0000] {spark_submit.py:488} INFO - 24/10/03 08:39:42 INFO DAGScheduler: waiting: Set()
[2024-10-03T08:39:42.910+0000] {spark_submit.py:488} INFO - 24/10/03 08:39:42 INFO DAGScheduler: failed: Set()
[2024-10-03T08:39:42.929+0000] {spark_submit.py:488} INFO - 24/10/03 08:39:42 INFO ShufflePartitionsUtil: For shuffle(2), advisory target size: 67108864, actual target size 1048576, minimum partition size: 1048576
[2024-10-03T08:39:43.075+0000] {spark_submit.py:488} INFO - 24/10/03 08:39:43 INFO BlockManagerInfo: Removed broadcast_2_piece0 on 172.20.0.9:40299 in memory (size: 5.9 KiB, free: 434.4 MiB)
[2024-10-03T08:39:43.077+0000] {spark_submit.py:488} INFO - 24/10/03 08:39:43 INFO BlockManagerInfo: Removed broadcast_2_piece0 on 8c0d519f07a3:32929 in memory (size: 5.9 KiB, free: 434.4 MiB)
[2024-10-03T08:39:43.092+0000] {spark_submit.py:488} INFO - 24/10/03 08:39:43 INFO BlockManagerInfo: Removed broadcast_1_piece0 on 8c0d519f07a3:32929 in memory (size: 20.9 KiB, free: 434.4 MiB)
[2024-10-03T08:39:43.098+0000] {spark_submit.py:488} INFO - 24/10/03 08:39:43 INFO BlockManagerInfo: Removed broadcast_1_piece0 on 172.20.0.9:40299 in memory (size: 20.9 KiB, free: 434.4 MiB)
[2024-10-03T08:39:43.115+0000] {spark_submit.py:488} INFO - 24/10/03 08:39:43 INFO BlockManagerInfo: Removed broadcast_3_piece0 on 8c0d519f07a3:32929 in memory (size: 14.1 KiB, free: 434.4 MiB)
[2024-10-03T08:39:43.118+0000] {spark_submit.py:488} INFO - 24/10/03 08:39:43 INFO BlockManagerInfo: Removed broadcast_3_piece0 on 172.20.0.9:40299 in memory (size: 14.1 KiB, free: 434.4 MiB)
[2024-10-03T08:39:43.129+0000] {spark_submit.py:488} INFO - 24/10/03 08:39:43 INFO FileOutputCommitter: File Output Committer Algorithm version is 1
[2024-10-03T08:39:43.130+0000] {spark_submit.py:488} INFO - 24/10/03 08:39:43 INFO FileOutputCommitter: FileOutputCommitter skip cleanup _temporary folders under output directory:false, ignore cleanup failures: false
[2024-10-03T08:39:43.132+0000] {spark_submit.py:488} INFO - 24/10/03 08:39:43 INFO SQLHadoopMapReduceCommitProtocol: Using output committer class org.apache.hadoop.mapreduce.lib.output.FileOutputCommitter
[2024-10-03T08:39:43.203+0000] {spark_submit.py:488} INFO - 24/10/03 08:39:43 INFO CodeGenerator: Code generated in 24.9485 ms
[2024-10-03T08:39:43.225+0000] {spark_submit.py:488} INFO - 24/10/03 08:39:43 INFO SparkContext: Starting job: csv at NativeMethodAccessorImpl.java:0
[2024-10-03T08:39:43.229+0000] {spark_submit.py:488} INFO - 24/10/03 08:39:43 INFO DAGScheduler: Got job 4 (csv at NativeMethodAccessorImpl.java:0) with 1 output partitions
[2024-10-03T08:39:43.229+0000] {spark_submit.py:488} INFO - 24/10/03 08:39:43 INFO DAGScheduler: Final stage: ResultStage 8 (csv at NativeMethodAccessorImpl.java:0)
[2024-10-03T08:39:43.230+0000] {spark_submit.py:488} INFO - 24/10/03 08:39:43 INFO DAGScheduler: Parents of final stage: List(ShuffleMapStage 7)
[2024-10-03T08:39:43.231+0000] {spark_submit.py:488} INFO - 24/10/03 08:39:43 INFO DAGScheduler: Missing parents: List()
[2024-10-03T08:39:43.231+0000] {spark_submit.py:488} INFO - 24/10/03 08:39:43 INFO DAGScheduler: Submitting ResultStage 8 (MapPartitionsRDD[19] at csv at NativeMethodAccessorImpl.java:0), which has no missing parents
[2024-10-03T08:39:43.435+0000] {spark_submit.py:488} INFO - 24/10/03 08:39:43 INFO MemoryStore: Block broadcast_4 stored as values in memory (estimated size 236.4 KiB, free 434.2 MiB)
[2024-10-03T08:39:43.452+0000] {spark_submit.py:488} INFO - 24/10/03 08:39:43 INFO MemoryStore: Block broadcast_4_piece0 stored as bytes in memory (estimated size 88.1 KiB, free 434.1 MiB)
[2024-10-03T08:39:43.454+0000] {spark_submit.py:488} INFO - 24/10/03 08:39:43 INFO BlockManagerInfo: Added broadcast_4_piece0 in memory on 8c0d519f07a3:32929 (size: 88.1 KiB, free: 434.3 MiB)
[2024-10-03T08:39:43.455+0000] {spark_submit.py:488} INFO - 24/10/03 08:39:43 INFO SparkContext: Created broadcast 4 from broadcast at DAGScheduler.scala:1585
[2024-10-03T08:39:43.467+0000] {spark_submit.py:488} INFO - 24/10/03 08:39:43 INFO DAGScheduler: Submitting 1 missing tasks from ResultStage 8 (MapPartitionsRDD[19] at csv at NativeMethodAccessorImpl.java:0) (first 15 tasks are for partitions Vector(0))
[2024-10-03T08:39:43.468+0000] {spark_submit.py:488} INFO - 24/10/03 08:39:43 INFO TaskSchedulerImpl: Adding task set 8.0 with 1 tasks resource profile 0
[2024-10-03T08:39:43.471+0000] {spark_submit.py:488} INFO - 24/10/03 08:39:43 INFO TaskSetManager: Starting task 0.0 in stage 8.0 (TID 6) (172.20.0.9, executor 0, partition 0, NODE_LOCAL, 9003 bytes)
[2024-10-03T08:39:43.559+0000] {spark_submit.py:488} INFO - 24/10/03 08:39:43 INFO BlockManagerInfo: Added broadcast_4_piece0 in memory on 172.20.0.9:40299 (size: 88.1 KiB, free: 434.3 MiB)
[2024-10-03T08:39:43.806+0000] {spark_submit.py:488} INFO - 24/10/03 08:39:43 INFO MapOutputTrackerMasterEndpoint: Asked to send map output locations for shuffle 2 to 172.20.0.9:38224
[2024-10-03T08:39:44.382+0000] {spark_submit.py:488} INFO - 24/10/03 08:39:44 INFO TaskSetManager: Finished task 0.0 in stage 8.0 (TID 6) in 911 ms on 172.20.0.9 (executor 0) (1/1)
[2024-10-03T08:39:44.383+0000] {spark_submit.py:488} INFO - 24/10/03 08:39:44 INFO TaskSchedulerImpl: Removed TaskSet 8.0, whose tasks have all completed, from pool
[2024-10-03T08:39:44.390+0000] {spark_submit.py:488} INFO - 24/10/03 08:39:44 INFO DAGScheduler: ResultStage 8 (csv at NativeMethodAccessorImpl.java:0) finished in 1.144 s
[2024-10-03T08:39:44.391+0000] {spark_submit.py:488} INFO - 24/10/03 08:39:44 INFO DAGScheduler: Job 4 is finished. Cancelling potential speculative or zombie tasks for this job
[2024-10-03T08:39:44.391+0000] {spark_submit.py:488} INFO - 24/10/03 08:39:44 INFO TaskSchedulerImpl: Killing all running tasks in stage 8: Stage finished
[2024-10-03T08:39:44.392+0000] {spark_submit.py:488} INFO - 24/10/03 08:39:44 INFO DAGScheduler: Job 4 finished: csv at NativeMethodAccessorImpl.java:0, took 1.163990 s
[2024-10-03T08:39:44.401+0000] {spark_submit.py:488} INFO - 24/10/03 08:39:44 INFO FileFormatWriter: Start to commit write Job e464ac49-9486-4f93-a6aa-c24862c04ac6.
[2024-10-03T08:39:44.433+0000] {spark_submit.py:488} INFO - 24/10/03 08:39:44 INFO FileFormatWriter: Write Job e464ac49-9486-4f93-a6aa-c24862c04ac6 committed. Elapsed time: 33 ms.
[2024-10-03T08:39:44.442+0000] {spark_submit.py:488} INFO - 24/10/03 08:39:44 INFO FileFormatWriter: Finished processing stats for write job e464ac49-9486-4f93-a6aa-c24862c04ac6.
[2024-10-03T08:39:44.460+0000] {spark_submit.py:488} INFO - [2024-10-03T08:39:44.459+0000] {base.py:84} INFO - Retrieving connection 'minio'
[2024-10-03T08:39:44.498+0000] {spark_submit.py:488} INFO - [2024-10-03T08:39:44.497+0000] {base.py:84} INFO - Retrieving connection 'minio'
[2024-10-03T08:39:44.506+0000] {spark_submit.py:488} INFO - Traceback (most recent call last):
[2024-10-03T08:39:44.507+0000] {spark_submit.py:488} INFO - File "/opt/***/dags/etl_pipeline/tasks/warehouse/components/extract_transform.py", line 59, in _categories
[2024-10-03T08:39:44.508+0000] {spark_submit.py:488} INFO - df = CustomMinio._get_dataframe('transformed-data', object_name)
[2024-10-03T08:39:44.509+0000] {spark_submit.py:488} INFO - ^^^^^^^^^^^^^^^^^^^^^^^^^^^^^^^^^^^^^^^^^^^^^^^^^^^^^^^^^^^
[2024-10-03T08:39:44.509+0000] {spark_submit.py:488} INFO - File "/opt/***/dags/helper/minio.py", line 42, in _get_dataframe
[2024-10-03T08:39:44.510+0000] {spark_submit.py:488} INFO - raise ValueError("The CSV file is empty or only contains whitespace.")
[2024-10-03T08:39:44.511+0000] {spark_submit.py:488} INFO - ValueError: The CSV file is empty or only contains whitespace.
[2024-10-03T08:39:44.511+0000] {spark_submit.py:488} INFO - 
[2024-10-03T08:39:44.512+0000] {spark_submit.py:488} INFO - During handling of the above exception, another exception occurred:
[2024-10-03T08:39:44.513+0000] {spark_submit.py:488} INFO - 
[2024-10-03T08:39:44.514+0000] {spark_submit.py:488} INFO - Traceback (most recent call last):
[2024-10-03T08:39:44.515+0000] {spark_submit.py:488} INFO - File "/opt/***/dags/etl_pipeline/tasks/warehouse/components/extract_transform.py", line 77, in <module>
[2024-10-03T08:39:44.515+0000] {spark_submit.py:488} INFO - ExtractTransform._categories(incremental, date)
[2024-10-03T08:39:44.516+0000] {spark_submit.py:488} INFO - File "/opt/***/dags/etl_pipeline/tasks/warehouse/components/extract_transform.py", line 65, in _categories
[2024-10-03T08:39:44.516+0000] {spark_submit.py:488} INFO - raise AirflowException(f"Error when extracting and transforming data from categories: {e}")
[2024-10-03T08:39:44.516+0000] {spark_submit.py:488} INFO - ***.exceptions.AirflowException: Error when extracting and transforming data from categories: The CSV file is empty or only contains whitespace.
[2024-10-03T08:39:44.517+0000] {spark_submit.py:488} INFO - [2024-10-03T08:39:44.511+0000] {clientserver.py:543} INFO - Closing down clientserver connection
[2024-10-03T08:39:45.036+0000] {spark_submit.py:488} INFO - 24/10/03 08:39:45 INFO SparkContext: Invoking stop() from shutdown hook
[2024-10-03T08:39:45.037+0000] {spark_submit.py:488} INFO - 24/10/03 08:39:45 INFO SparkContext: SparkContext is stopping with exitCode 0.
[2024-10-03T08:39:45.052+0000] {spark_submit.py:488} INFO - 24/10/03 08:39:45 INFO SparkUI: Stopped Spark web UI at http://8c0d519f07a3:4040
[2024-10-03T08:39:45.060+0000] {spark_submit.py:488} INFO - 24/10/03 08:39:45 INFO StandaloneSchedulerBackend: Shutting down all executors
[2024-10-03T08:39:45.061+0000] {spark_submit.py:488} INFO - 24/10/03 08:39:45 INFO StandaloneSchedulerBackend$StandaloneDriverEndpoint: Asking each executor to shut down
[2024-10-03T08:39:45.107+0000] {spark_submit.py:488} INFO - 24/10/03 08:39:45 INFO MapOutputTrackerMasterEndpoint: MapOutputTrackerMasterEndpoint stopped!
[2024-10-03T08:39:45.150+0000] {spark_submit.py:488} INFO - 24/10/03 08:39:45 INFO MemoryStore: MemoryStore cleared
[2024-10-03T08:39:45.153+0000] {spark_submit.py:488} INFO - 24/10/03 08:39:45 INFO BlockManager: BlockManager stopped
[2024-10-03T08:39:45.165+0000] {spark_submit.py:488} INFO - 24/10/03 08:39:45 INFO BlockManagerMaster: BlockManagerMaster stopped
[2024-10-03T08:39:45.170+0000] {spark_submit.py:488} INFO - 24/10/03 08:39:45 INFO OutputCommitCoordinator$OutputCommitCoordinatorEndpoint: OutputCommitCoordinator stopped!
[2024-10-03T08:39:45.190+0000] {spark_submit.py:488} INFO - 24/10/03 08:39:45 INFO SparkContext: Successfully stopped SparkContext
[2024-10-03T08:39:45.192+0000] {spark_submit.py:488} INFO - 24/10/03 08:39:45 INFO ShutdownHookManager: Shutdown hook called
[2024-10-03T08:39:45.194+0000] {spark_submit.py:488} INFO - 24/10/03 08:39:45 INFO ShutdownHookManager: Deleting directory /tmp/spark-aa017772-c11d-4e7f-9c9c-53798132d544
[2024-10-03T08:39:45.198+0000] {spark_submit.py:488} INFO - 24/10/03 08:39:45 INFO ShutdownHookManager: Deleting directory /tmp/spark-aa017772-c11d-4e7f-9c9c-53798132d544/pyspark-581ac239-5275-456b-9d30-eadff9c6d738
[2024-10-03T08:39:45.204+0000] {spark_submit.py:488} INFO - 24/10/03 08:39:45 INFO ShutdownHookManager: Deleting directory /tmp/spark-4aeb6aec-35d2-4cf1-8818-45c54bd6a35d
[2024-10-03T08:39:45.279+0000] {taskinstance.py:3310} ERROR - Task failed with exception
Traceback (most recent call last):
  File "/home/airflow/.local/lib/python3.12/site-packages/airflow/models/taskinstance.py", line 767, in _execute_task
    result = _execute_callable(context=context, **execute_callable_kwargs)
             ^^^^^^^^^^^^^^^^^^^^^^^^^^^^^^^^^^^^^^^^^^^^^^^^^^^^^^^^^^^^^
  File "/home/airflow/.local/lib/python3.12/site-packages/airflow/models/taskinstance.py", line 733, in _execute_callable
    return ExecutionCallableRunner(
           ^^^^^^^^^^^^^^^^^^^^^^^^
  File "/home/airflow/.local/lib/python3.12/site-packages/airflow/utils/operator_helpers.py", line 252, in run
    return self.func(*args, **kwargs)
           ^^^^^^^^^^^^^^^^^^^^^^^^^^
  File "/home/airflow/.local/lib/python3.12/site-packages/airflow/models/baseoperator.py", line 406, in wrapper
    return func(self, *args, **kwargs)
           ^^^^^^^^^^^^^^^^^^^^^^^^^^^
  File "/home/airflow/.local/lib/python3.12/site-packages/airflow/providers/apache/spark/operators/spark_submit.py", line 157, in execute
    self._hook.submit(self._application)
  File "/home/airflow/.local/lib/python3.12/site-packages/airflow/providers/apache/spark/hooks/spark_submit.py", line 419, in submit
    raise AirflowException(
airflow.exceptions.AirflowException: Cannot execute: spark-submit --master spark://spark-master:7077 --name arrow-spark dags/etl_pipeline/tasks/warehouse/components/extract_transform.py categories False 2024-10-02. Error code is: 1.
[2024-10-03T08:39:45.285+0000] {taskinstance.py:1225} INFO - Marking task as FAILED. dag_id=etl_pipeline, task_id=warehouse.step_1.extract_transform.categories, run_id=scheduled__2024-10-02T00:00:00+00:00, execution_date=20241002T000000, start_date=20241003T083911, end_date=20241003T083945
[2024-10-03T08:39:45.286+0000] {taskinstance.py:1563} INFO - Executing callback at index 0: slack_notifier
[2024-10-03T08:39:45.288+0000] {baseoperator.py:405} WARNING - SlackWebhookOperator.execute cannot be called outside TaskInstance!
[2024-10-03T08:39:45.297+0000] {logging_mixin.py:190} WARNING - /home/***/.local/lib/python3.12/site-packages/***/providers/slack/hooks/slack_webhook.py:42 UserWarning: You cannot override the default channel (chosen by the user who installed your app), username, or icon when you're using Incoming Webhooks to post messages. Instead, these values will always inherit from the associated Slack app configuration. See: https://api.slack.com/messaging/webhooks#advanced_message_formatting. It is possible to change this values only in Legacy Slack Integration Incoming Webhook: https://api.slack.com/legacy/custom-integrations/messaging/webhooks#legacy-customizations
[2024-10-03T08:39:45.306+0000] {base.py:84} INFO - Retrieving connection 'slack_notifier'
[2024-10-03T08:39:49.395+0000] {client.py:219} ERROR - Failed to send a request to Slack API server: <urlopen error [Errno -5] No address associated with hostname>
[2024-10-03T08:39:49.395+0000] {client.py:231} INFO - A retry handler found: ConnectionErrorRetryHandler for POST *** - <urlopen error [Errno -5] No address associated with hostname>
[2024-10-03T08:39:50.219+0000] {client.py:240} INFO - Going to retry the same request: POST ***
[2024-10-03T08:39:50.620+0000] {taskinstance.py:340} INFO - ::group::Post task execution logs
[2024-10-03T08:39:50.621+0000] {standard_task_runner.py:124} ERROR - Failed to execute job 13615 for task warehouse.step_1.extract_transform.categories (Cannot execute: spark-submit --master spark://spark-master:7077 --name arrow-spark dags/etl_pipeline/tasks/warehouse/components/extract_transform.py categories False 2024-10-02. Error code is: 1.; 41555)
Traceback (most recent call last):
  File "/home/airflow/.local/lib/python3.12/site-packages/airflow/task/task_runner/standard_task_runner.py", line 117, in _start_by_fork
    ret = args.func(args, dag=self.dag)
          ^^^^^^^^^^^^^^^^^^^^^^^^^^^^^
  File "/home/airflow/.local/lib/python3.12/site-packages/airflow/cli/cli_config.py", line 49, in command
    return func(*args, **kwargs)
           ^^^^^^^^^^^^^^^^^^^^^
  File "/home/airflow/.local/lib/python3.12/site-packages/airflow/utils/cli.py", line 115, in wrapper
    return f(*args, **kwargs)
           ^^^^^^^^^^^^^^^^^^
  File "/home/airflow/.local/lib/python3.12/site-packages/airflow/cli/commands/task_command.py", line 483, in task_run
    task_return_code = _run_task_by_selected_method(args, _dag, ti)
                       ^^^^^^^^^^^^^^^^^^^^^^^^^^^^^^^^^^^^^^^^^^^^
  File "/home/airflow/.local/lib/python3.12/site-packages/airflow/cli/commands/task_command.py", line 256, in _run_task_by_selected_method
    return _run_raw_task(args, ti)
           ^^^^^^^^^^^^^^^^^^^^^^^
  File "/home/airflow/.local/lib/python3.12/site-packages/airflow/cli/commands/task_command.py", line 341, in _run_raw_task
    return ti._run_raw_task(
           ^^^^^^^^^^^^^^^^^
  File "/home/airflow/.local/lib/python3.12/site-packages/airflow/utils/session.py", line 97, in wrapper
    return func(*args, session=session, **kwargs)
           ^^^^^^^^^^^^^^^^^^^^^^^^^^^^^^^^^^^^^^
  File "/home/airflow/.local/lib/python3.12/site-packages/airflow/models/taskinstance.py", line 3004, in _run_raw_task
    return _run_raw_task(
           ^^^^^^^^^^^^^^
  File "/home/airflow/.local/lib/python3.12/site-packages/airflow/models/taskinstance.py", line 273, in _run_raw_task
    TaskInstance._execute_task_with_callbacks(
  File "/home/airflow/.local/lib/python3.12/site-packages/airflow/models/taskinstance.py", line 3158, in _execute_task_with_callbacks
    result = self._execute_task(context, task_orig)
             ^^^^^^^^^^^^^^^^^^^^^^^^^^^^^^^^^^^^^^
  File "/home/airflow/.local/lib/python3.12/site-packages/airflow/models/taskinstance.py", line 3182, in _execute_task
    return _execute_task(self, context, task_orig)
           ^^^^^^^^^^^^^^^^^^^^^^^^^^^^^^^^^^^^^^^
  File "/home/airflow/.local/lib/python3.12/site-packages/airflow/models/taskinstance.py", line 767, in _execute_task
    result = _execute_callable(context=context, **execute_callable_kwargs)
             ^^^^^^^^^^^^^^^^^^^^^^^^^^^^^^^^^^^^^^^^^^^^^^^^^^^^^^^^^^^^^
  File "/home/airflow/.local/lib/python3.12/site-packages/airflow/models/taskinstance.py", line 733, in _execute_callable
    return ExecutionCallableRunner(
           ^^^^^^^^^^^^^^^^^^^^^^^^
  File "/home/airflow/.local/lib/python3.12/site-packages/airflow/utils/operator_helpers.py", line 252, in run
    return self.func(*args, **kwargs)
           ^^^^^^^^^^^^^^^^^^^^^^^^^^
  File "/home/airflow/.local/lib/python3.12/site-packages/airflow/models/baseoperator.py", line 406, in wrapper
    return func(self, *args, **kwargs)
           ^^^^^^^^^^^^^^^^^^^^^^^^^^^
  File "/home/airflow/.local/lib/python3.12/site-packages/airflow/providers/apache/spark/operators/spark_submit.py", line 157, in execute
    self._hook.submit(self._application)
  File "/home/airflow/.local/lib/python3.12/site-packages/airflow/providers/apache/spark/hooks/spark_submit.py", line 419, in submit
    raise AirflowException(
airflow.exceptions.AirflowException: Cannot execute: spark-submit --master spark://spark-master:7077 --name arrow-spark dags/etl_pipeline/tasks/warehouse/components/extract_transform.py categories False 2024-10-02. Error code is: 1.
[2024-10-03T08:39:50.662+0000] {local_task_job_runner.py:266} INFO - Task exited with return code 1
[2024-10-03T08:39:50.699+0000] {taskinstance.py:3900} INFO - 0 downstream tasks scheduled from follow-on schedule check
[2024-10-03T08:39:50.703+0000] {local_task_job_runner.py:245} INFO - ::endgroup::
