[2024-10-03T06:52:57.515+0000] {local_task_job_runner.py:123} INFO - ::group::Pre task execution logs
[2024-10-03T06:52:57.561+0000] {taskinstance.py:2612} INFO - Dependencies all met for dep_context=non-requeueable deps ti=<TaskInstance: etl_pipeline.warehouse.step_1.extract_transform.categories scheduled__2024-10-02T00:00:00+00:00 [queued]>
[2024-10-03T06:52:57.586+0000] {taskinstance.py:2612} INFO - Dependencies all met for dep_context=requeueable deps ti=<TaskInstance: etl_pipeline.warehouse.step_1.extract_transform.categories scheduled__2024-10-02T00:00:00+00:00 [queued]>
[2024-10-03T06:52:57.587+0000] {taskinstance.py:2865} INFO - Starting attempt 9 of 9
[2024-10-03T06:52:57.627+0000] {taskinstance.py:2888} INFO - Executing <Task(SparkSubmitOperator): warehouse.step_1.extract_transform.categories> on 2024-10-02 00:00:00+00:00
[2024-10-03T06:52:57.659+0000] {standard_task_runner.py:104} INFO - Running: ['***', 'tasks', 'run', 'etl_pipeline', 'warehouse.step_1.extract_transform.categories', 'scheduled__2024-10-02T00:00:00+00:00', '--job-id', '13545', '--raw', '--subdir', 'DAGS_FOLDER/etl_pipeline/run.py', '--cfg-path', '/tmp/tmpzqy_7ju5']
[2024-10-03T06:52:57.665+0000] {standard_task_runner.py:105} INFO - Job 13545: Subtask warehouse.step_1.extract_transform.categories
[2024-10-03T06:52:57.673+0000] {logging_mixin.py:190} WARNING - /home/***/.local/lib/python3.12/site-packages/***/task/task_runner/standard_task_runner.py:70 DeprecationWarning: This process (pid=23578) is multi-threaded, use of fork() may lead to deadlocks in the child.
[2024-10-03T06:52:57.674+0000] {standard_task_runner.py:72} INFO - Started process 23587 to run task
[2024-10-03T06:52:57.837+0000] {task_command.py:467} INFO - Running <TaskInstance: etl_pipeline.warehouse.step_1.extract_transform.categories scheduled__2024-10-02T00:00:00+00:00 [running]> on host 8c0d519f07a3
[2024-10-03T06:52:58.130+0000] {taskinstance.py:3131} INFO - Exporting env vars: AIRFLOW_CTX_DAG_OWNER='***' AIRFLOW_CTX_DAG_ID='etl_pipeline' AIRFLOW_CTX_TASK_ID='warehouse.step_1.extract_transform.categories' AIRFLOW_CTX_EXECUTION_DATE='2024-10-02T00:00:00+00:00' AIRFLOW_CTX_TRY_NUMBER='9' AIRFLOW_CTX_DAG_RUN_ID='scheduled__2024-10-02T00:00:00+00:00'
[2024-10-03T06:52:58.135+0000] {taskinstance.py:731} INFO - ::endgroup::
[2024-10-03T06:52:58.168+0000] {base.py:84} INFO - Retrieving connection 'spark-conn'
[2024-10-03T06:52:58.170+0000] {spark_submit.py:335} INFO - Spark-Submit cmd: spark-submit --master spark://spark-master:7077 --name arrow-spark dags/etl_pipeline/tasks/warehouse/components/extract_transform.py categories
[2024-10-03T06:52:58.271+0000] {spark_submit.py:488} INFO - /home/***/.local/lib/python3.12/site-packages/pyspark/bin/load-spark-env.sh: line 68: ps: command not found
[2024-10-03T06:53:07.906+0000] {spark_submit.py:488} INFO - 24/10/03 06:53:07 INFO SparkContext: Running Spark version 3.5.3
[2024-10-03T06:53:07.912+0000] {spark_submit.py:488} INFO - 24/10/03 06:53:07 INFO SparkContext: OS info Linux, 5.15.153.1-microsoft-standard-WSL2, amd64
[2024-10-03T06:53:07.913+0000] {spark_submit.py:488} INFO - 24/10/03 06:53:07 INFO SparkContext: Java version 17.0.12
[2024-10-03T06:53:08.007+0000] {spark_submit.py:488} INFO - 24/10/03 06:53:08 WARN NativeCodeLoader: Unable to load native-hadoop library for your platform... using builtin-java classes where applicable
[2024-10-03T06:53:08.192+0000] {spark_submit.py:488} INFO - 24/10/03 06:53:08 INFO ResourceUtils: ==============================================================
[2024-10-03T06:53:08.193+0000] {spark_submit.py:488} INFO - 24/10/03 06:53:08 INFO ResourceUtils: No custom resources configured for spark.driver.
[2024-10-03T06:53:08.194+0000] {spark_submit.py:488} INFO - 24/10/03 06:53:08 INFO ResourceUtils: ==============================================================
[2024-10-03T06:53:08.195+0000] {spark_submit.py:488} INFO - 24/10/03 06:53:08 INFO SparkContext: Submitted application: Extract Transform - categories
[2024-10-03T06:53:08.235+0000] {spark_submit.py:488} INFO - 24/10/03 06:53:08 INFO ResourceProfile: Default ResourceProfile created, executor resources: Map(memory -> name: memory, amount: 1024, script: , vendor: , offHeap -> name: offHeap, amount: 0, script: , vendor: ), task resources: Map(cpus -> name: cpus, amount: 1.0)
[2024-10-03T06:53:08.254+0000] {spark_submit.py:488} INFO - 24/10/03 06:53:08 INFO ResourceProfile: Limiting resource is cpu
[2024-10-03T06:53:08.257+0000] {spark_submit.py:488} INFO - 24/10/03 06:53:08 INFO ResourceProfileManager: Added ResourceProfile id: 0
[2024-10-03T06:53:08.345+0000] {spark_submit.py:488} INFO - 24/10/03 06:53:08 INFO SecurityManager: Changing view acls to: ***
[2024-10-03T06:53:08.347+0000] {spark_submit.py:488} INFO - 24/10/03 06:53:08 INFO SecurityManager: Changing modify acls to: ***
[2024-10-03T06:53:08.350+0000] {spark_submit.py:488} INFO - 24/10/03 06:53:08 INFO SecurityManager: Changing view acls groups to:
[2024-10-03T06:53:08.352+0000] {spark_submit.py:488} INFO - 24/10/03 06:53:08 INFO SecurityManager: Changing modify acls groups to:
[2024-10-03T06:53:08.354+0000] {spark_submit.py:488} INFO - 24/10/03 06:53:08 INFO SecurityManager: SecurityManager: authentication disabled; ui acls disabled; users with view permissions: ***; groups with view permissions: EMPTY; users with modify permissions: ***; groups with modify permissions: EMPTY
[2024-10-03T06:53:08.925+0000] {spark_submit.py:488} INFO - 24/10/03 06:53:08 INFO Utils: Successfully started service 'sparkDriver' on port 41227.
[2024-10-03T06:53:08.999+0000] {spark_submit.py:488} INFO - 24/10/03 06:53:08 INFO SparkEnv: Registering MapOutputTracker
[2024-10-03T06:53:09.070+0000] {spark_submit.py:488} INFO - 24/10/03 06:53:09 INFO SparkEnv: Registering BlockManagerMaster
[2024-10-03T06:53:09.111+0000] {spark_submit.py:488} INFO - 24/10/03 06:53:09 INFO BlockManagerMasterEndpoint: Using org.apache.spark.storage.DefaultTopologyMapper for getting topology information
[2024-10-03T06:53:09.112+0000] {spark_submit.py:488} INFO - 24/10/03 06:53:09 INFO BlockManagerMasterEndpoint: BlockManagerMasterEndpoint up
[2024-10-03T06:53:09.120+0000] {spark_submit.py:488} INFO - 24/10/03 06:53:09 INFO SparkEnv: Registering BlockManagerMasterHeartbeat
[2024-10-03T06:53:09.160+0000] {spark_submit.py:488} INFO - 24/10/03 06:53:09 INFO DiskBlockManager: Created local directory at /tmp/blockmgr-eb10d7f4-3628-4ec9-ad32-ce1bfb969ef0
[2024-10-03T06:53:09.190+0000] {spark_submit.py:488} INFO - 24/10/03 06:53:09 INFO MemoryStore: MemoryStore started with capacity 434.4 MiB
[2024-10-03T06:53:09.223+0000] {spark_submit.py:488} INFO - 24/10/03 06:53:09 INFO SparkEnv: Registering OutputCommitCoordinator
[2024-10-03T06:53:09.466+0000] {spark_submit.py:488} INFO - 24/10/03 06:53:09 INFO JettyUtils: Start Jetty 0.0.0.0:4040 for SparkUI
[2024-10-03T06:53:09.587+0000] {spark_submit.py:488} INFO - 24/10/03 06:53:09 INFO Utils: Successfully started service 'SparkUI' on port 4040.
[2024-10-03T06:53:09.784+0000] {spark_submit.py:488} INFO - 24/10/03 06:53:09 INFO StandaloneAppClient$ClientEndpoint: Connecting to master spark://spark-master:7077...
[2024-10-03T06:53:09.862+0000] {spark_submit.py:488} INFO - 24/10/03 06:53:09 INFO TransportClientFactory: Successfully created connection to spark-master/172.20.0.2:7077 after 44 ms (0 ms spent in bootstraps)
[2024-10-03T06:53:10.035+0000] {spark_submit.py:488} INFO - 24/10/03 06:53:10 INFO StandaloneSchedulerBackend: Connected to Spark cluster with app ID app-20241003065310-0007
[2024-10-03T06:53:10.041+0000] {spark_submit.py:488} INFO - 24/10/03 06:53:10 INFO StandaloneAppClient$ClientEndpoint: Executor added: app-20241003065310-0007/0 on worker-20241003061731-172.20.0.9-38803 (172.20.0.9:38803) with 2 core(s)
[2024-10-03T06:53:10.043+0000] {spark_submit.py:488} INFO - 24/10/03 06:53:10 INFO StandaloneSchedulerBackend: Granted executor ID app-20241003065310-0007/0 on hostPort 172.20.0.9:38803 with 2 core(s), 1024.0 MiB RAM
[2024-10-03T06:53:10.056+0000] {spark_submit.py:488} INFO - 24/10/03 06:53:10 INFO Utils: Successfully started service 'org.apache.spark.network.netty.NettyBlockTransferService' on port 39225.
[2024-10-03T06:53:10.056+0000] {spark_submit.py:488} INFO - 24/10/03 06:53:10 INFO NettyBlockTransferService: Server created on 8c0d519f07a3:39225
[2024-10-03T06:53:10.060+0000] {spark_submit.py:488} INFO - 24/10/03 06:53:10 INFO BlockManager: Using org.apache.spark.storage.RandomBlockReplicationPolicy for block replication policy
[2024-10-03T06:53:10.071+0000] {spark_submit.py:488} INFO - 24/10/03 06:53:10 INFO BlockManagerMaster: Registering BlockManager BlockManagerId(driver, 8c0d519f07a3, 39225, None)
[2024-10-03T06:53:10.076+0000] {spark_submit.py:488} INFO - 24/10/03 06:53:10 INFO BlockManagerMasterEndpoint: Registering block manager 8c0d519f07a3:39225 with 434.4 MiB RAM, BlockManagerId(driver, 8c0d519f07a3, 39225, None)
[2024-10-03T06:53:10.080+0000] {spark_submit.py:488} INFO - 24/10/03 06:53:10 INFO BlockManagerMaster: Registered BlockManager BlockManagerId(driver, 8c0d519f07a3, 39225, None)
[2024-10-03T06:53:10.084+0000] {spark_submit.py:488} INFO - 24/10/03 06:53:10 INFO BlockManager: Initialized BlockManager: BlockManagerId(driver, 8c0d519f07a3, 39225, None)
[2024-10-03T06:53:10.155+0000] {spark_submit.py:488} INFO - 24/10/03 06:53:10 INFO StandaloneAppClient$ClientEndpoint: Executor updated: app-20241003065310-0007/0 is now RUNNING
[2024-10-03T06:53:10.626+0000] {spark_submit.py:488} INFO - 24/10/03 06:53:10 INFO StandaloneSchedulerBackend: SchedulerBackend is ready for scheduling beginning after reached minRegisteredResourcesRatio: 0.0
[2024-10-03T06:53:11.995+0000] {spark_submit.py:488} INFO - 24/10/03 06:53:11 INFO SparkContext: Starting job: collect at /opt/***/dags/etl_pipeline/tasks/warehouse/components/extract_transform.py:27
[2024-10-03T06:53:12.093+0000] {spark_submit.py:488} INFO - 24/10/03 06:53:12 INFO DAGScheduler: Registering RDD 2 (reduceByKey at /opt/***/dags/etl_pipeline/tasks/warehouse/components/extract_transform.py:25) as input to shuffle 0
[2024-10-03T06:53:12.106+0000] {spark_submit.py:488} INFO - 24/10/03 06:53:12 INFO DAGScheduler: Got job 0 (collect at /opt/***/dags/etl_pipeline/tasks/warehouse/components/extract_transform.py:27) with 2 output partitions
[2024-10-03T06:53:12.107+0000] {spark_submit.py:488} INFO - 24/10/03 06:53:12 INFO DAGScheduler: Final stage: ResultStage 1 (collect at /opt/***/dags/etl_pipeline/tasks/warehouse/components/extract_transform.py:27)
[2024-10-03T06:53:12.109+0000] {spark_submit.py:488} INFO - 24/10/03 06:53:12 INFO DAGScheduler: Parents of final stage: List(ShuffleMapStage 0)
[2024-10-03T06:53:12.119+0000] {spark_submit.py:488} INFO - 24/10/03 06:53:12 INFO DAGScheduler: Missing parents: List(ShuffleMapStage 0)
[2024-10-03T06:53:12.142+0000] {spark_submit.py:488} INFO - 24/10/03 06:53:12 INFO DAGScheduler: Submitting ShuffleMapStage 0 (PairwiseRDD[2] at reduceByKey at /opt/***/dags/etl_pipeline/tasks/warehouse/components/extract_transform.py:25), which has no missing parents
[2024-10-03T06:53:12.413+0000] {spark_submit.py:488} INFO - 24/10/03 06:53:12 INFO MemoryStore: Block broadcast_0 stored as values in memory (estimated size 11.1 KiB, free 434.4 MiB)
[2024-10-03T06:53:12.479+0000] {spark_submit.py:488} INFO - 24/10/03 06:53:12 INFO MemoryStore: Block broadcast_0_piece0 stored as bytes in memory (estimated size 7.1 KiB, free 434.4 MiB)
[2024-10-03T06:53:12.486+0000] {spark_submit.py:488} INFO - 24/10/03 06:53:12 INFO BlockManagerInfo: Added broadcast_0_piece0 in memory on 8c0d519f07a3:39225 (size: 7.1 KiB, free: 434.4 MiB)
[2024-10-03T06:53:12.493+0000] {spark_submit.py:488} INFO - 24/10/03 06:53:12 INFO SparkContext: Created broadcast 0 from broadcast at DAGScheduler.scala:1585
[2024-10-03T06:53:12.548+0000] {spark_submit.py:488} INFO - 24/10/03 06:53:12 INFO DAGScheduler: Submitting 2 missing tasks from ShuffleMapStage 0 (PairwiseRDD[2] at reduceByKey at /opt/***/dags/etl_pipeline/tasks/warehouse/components/extract_transform.py:25) (first 15 tasks are for partitions Vector(0, 1))
[2024-10-03T06:53:12.556+0000] {spark_submit.py:488} INFO - 24/10/03 06:53:12 INFO TaskSchedulerImpl: Adding task set 0.0 with 2 tasks resource profile 0
[2024-10-03T06:53:14.867+0000] {spark_submit.py:488} INFO - 24/10/03 06:53:14 INFO StandaloneSchedulerBackend$StandaloneDriverEndpoint: Registered executor NettyRpcEndpointRef(spark-client://Executor) (172.20.0.9:52606) with ID 0,  ResourceProfileId 0
[2024-10-03T06:53:15.022+0000] {spark_submit.py:488} INFO - 24/10/03 06:53:15 INFO BlockManagerMasterEndpoint: Registering block manager 172.20.0.9:43003 with 434.4 MiB RAM, BlockManagerId(0, 172.20.0.9, 43003, None)
[2024-10-03T06:53:15.164+0000] {spark_submit.py:488} INFO - 24/10/03 06:53:15 INFO TaskSetManager: Starting task 0.0 in stage 0.0 (TID 0) (172.20.0.9, executor 0, partition 0, PROCESS_LOCAL, 9039 bytes)
[2024-10-03T06:53:15.172+0000] {spark_submit.py:488} INFO - 24/10/03 06:53:15 INFO TaskSetManager: Starting task 1.0 in stage 0.0 (TID 1) (172.20.0.9, executor 0, partition 1, PROCESS_LOCAL, 9072 bytes)
[2024-10-03T06:53:15.732+0000] {spark_submit.py:488} INFO - 24/10/03 06:53:15 INFO BlockManagerInfo: Added broadcast_0_piece0 in memory on 172.20.0.9:43003 (size: 7.1 KiB, free: 434.4 MiB)
[2024-10-03T06:53:18.022+0000] {spark_submit.py:488} INFO - 24/10/03 06:53:18 INFO TaskSetManager: Finished task 1.0 in stage 0.0 (TID 1) in 2849 ms on 172.20.0.9 (executor 0) (1/2)
[2024-10-03T06:53:18.032+0000] {spark_submit.py:488} INFO - 24/10/03 06:53:18 INFO TaskSetManager: Finished task 0.0 in stage 0.0 (TID 0) in 2902 ms on 172.20.0.9 (executor 0) (2/2)
[2024-10-03T06:53:18.033+0000] {spark_submit.py:488} INFO - 24/10/03 06:53:18 INFO TaskSchedulerImpl: Removed TaskSet 0.0, whose tasks have all completed, from pool
[2024-10-03T06:53:18.038+0000] {spark_submit.py:488} INFO - 24/10/03 06:53:18 INFO PythonAccumulatorV2: Connected to AccumulatorServer at host: 127.0.0.1 port: 59811
[2024-10-03T06:53:18.052+0000] {spark_submit.py:488} INFO - 24/10/03 06:53:18 INFO DAGScheduler: ShuffleMapStage 0 (reduceByKey at /opt/***/dags/etl_pipeline/tasks/warehouse/components/extract_transform.py:25) finished in 5.843 s
[2024-10-03T06:53:18.054+0000] {spark_submit.py:488} INFO - 24/10/03 06:53:18 INFO DAGScheduler: looking for newly runnable stages
[2024-10-03T06:53:18.055+0000] {spark_submit.py:488} INFO - 24/10/03 06:53:18 INFO DAGScheduler: running: Set()
[2024-10-03T06:53:18.056+0000] {spark_submit.py:488} INFO - 24/10/03 06:53:18 INFO DAGScheduler: waiting: Set(ResultStage 1)
[2024-10-03T06:53:18.057+0000] {spark_submit.py:488} INFO - 24/10/03 06:53:18 INFO DAGScheduler: failed: Set()
[2024-10-03T06:53:18.066+0000] {spark_submit.py:488} INFO - 24/10/03 06:53:18 INFO DAGScheduler: Submitting ResultStage 1 (PythonRDD[5] at collect at /opt/***/dags/etl_pipeline/tasks/warehouse/components/extract_transform.py:27), which has no missing parents
[2024-10-03T06:53:18.095+0000] {spark_submit.py:488} INFO - 24/10/03 06:53:18 INFO MemoryStore: Block broadcast_1 stored as values in memory (estimated size 10.1 KiB, free 434.4 MiB)
[2024-10-03T06:53:18.106+0000] {spark_submit.py:488} INFO - 24/10/03 06:53:18 INFO MemoryStore: Block broadcast_1_piece0 stored as bytes in memory (estimated size 6.1 KiB, free 434.4 MiB)
[2024-10-03T06:53:18.108+0000] {spark_submit.py:488} INFO - 24/10/03 06:53:18 INFO BlockManagerInfo: Added broadcast_1_piece0 in memory on 8c0d519f07a3:39225 (size: 6.1 KiB, free: 434.4 MiB)
[2024-10-03T06:53:18.110+0000] {spark_submit.py:488} INFO - 24/10/03 06:53:18 INFO SparkContext: Created broadcast 1 from broadcast at DAGScheduler.scala:1585
[2024-10-03T06:53:18.116+0000] {spark_submit.py:488} INFO - 24/10/03 06:53:18 INFO DAGScheduler: Submitting 2 missing tasks from ResultStage 1 (PythonRDD[5] at collect at /opt/***/dags/etl_pipeline/tasks/warehouse/components/extract_transform.py:27) (first 15 tasks are for partitions Vector(0, 1))
[2024-10-03T06:53:18.117+0000] {spark_submit.py:488} INFO - 24/10/03 06:53:18 INFO TaskSchedulerImpl: Adding task set 1.0 with 2 tasks resource profile 0
[2024-10-03T06:53:18.132+0000] {spark_submit.py:488} INFO - 24/10/03 06:53:18 INFO TaskSetManager: Starting task 0.0 in stage 1.0 (TID 2) (172.20.0.9, executor 0, partition 0, NODE_LOCAL, 8821 bytes)
[2024-10-03T06:53:18.133+0000] {spark_submit.py:488} INFO - 24/10/03 06:53:18 INFO TaskSetManager: Starting task 1.0 in stage 1.0 (TID 3) (172.20.0.9, executor 0, partition 1, NODE_LOCAL, 8821 bytes)
[2024-10-03T06:53:18.190+0000] {spark_submit.py:488} INFO - 24/10/03 06:53:18 INFO BlockManagerInfo: Added broadcast_1_piece0 in memory on 172.20.0.9:43003 (size: 6.1 KiB, free: 434.4 MiB)
[2024-10-03T06:53:18.361+0000] {spark_submit.py:488} INFO - 24/10/03 06:53:18 INFO MapOutputTrackerMasterEndpoint: Asked to send map output locations for shuffle 0 to 172.20.0.9:52606
[2024-10-03T06:53:18.787+0000] {spark_submit.py:488} INFO - 24/10/03 06:53:18 INFO TaskSetManager: Finished task 0.0 in stage 1.0 (TID 2) in 663 ms on 172.20.0.9 (executor 0) (1/2)
[2024-10-03T06:53:18.794+0000] {spark_submit.py:488} INFO - 24/10/03 06:53:18 INFO TaskSetManager: Finished task 1.0 in stage 1.0 (TID 3) in 661 ms on 172.20.0.9 (executor 0) (2/2)
[2024-10-03T06:53:18.795+0000] {spark_submit.py:488} INFO - 24/10/03 06:53:18 INFO TaskSchedulerImpl: Removed TaskSet 1.0, whose tasks have all completed, from pool
[2024-10-03T06:53:18.800+0000] {spark_submit.py:488} INFO - 24/10/03 06:53:18 INFO DAGScheduler: ResultStage 1 (collect at /opt/***/dags/etl_pipeline/tasks/warehouse/components/extract_transform.py:27) finished in 0.711 s
[2024-10-03T06:53:18.806+0000] {spark_submit.py:488} INFO - 24/10/03 06:53:18 INFO DAGScheduler: Job 0 is finished. Cancelling potential speculative or zombie tasks for this job
[2024-10-03T06:53:18.808+0000] {spark_submit.py:488} INFO - 24/10/03 06:53:18 INFO TaskSchedulerImpl: Killing all running tasks in stage 1: Stage finished
[2024-10-03T06:53:18.813+0000] {spark_submit.py:488} INFO - 24/10/03 06:53:18 INFO DAGScheduler: Job 0 finished: collect at /opt/***/dags/etl_pipeline/tasks/warehouse/components/extract_transform.py:27, took 6.817134 s
[2024-10-03T06:53:18.835+0000] {spark_submit.py:488} INFO - Python: 1
[2024-10-03T06:53:18.837+0000] {spark_submit.py:488} INFO - Airflow: 1
[2024-10-03T06:53:18.838+0000] {spark_submit.py:488} INFO - Docker: 1
[2024-10-03T06:53:18.839+0000] {spark_submit.py:488} INFO - and: 1
[2024-10-03T06:53:18.840+0000] {spark_submit.py:488} INFO - Yusuf: 1
[2024-10-03T06:53:18.841+0000] {spark_submit.py:488} INFO - Hello: 5
[2024-10-03T06:53:18.842+0000] {spark_submit.py:488} INFO - Spark: 1
[2024-10-03T06:53:18.843+0000] {spark_submit.py:488} INFO - 24/10/03 06:53:18 INFO SparkContext: SparkContext is stopping with exitCode 0.
[2024-10-03T06:53:18.860+0000] {spark_submit.py:488} INFO - 24/10/03 06:53:18 INFO SparkUI: Stopped Spark web UI at http://8c0d519f07a3:4040
[2024-10-03T06:53:18.870+0000] {spark_submit.py:488} INFO - 24/10/03 06:53:18 INFO StandaloneSchedulerBackend: Shutting down all executors
[2024-10-03T06:53:18.871+0000] {spark_submit.py:488} INFO - 24/10/03 06:53:18 INFO StandaloneSchedulerBackend$StandaloneDriverEndpoint: Asking each executor to shut down
[2024-10-03T06:53:18.904+0000] {spark_submit.py:488} INFO - 24/10/03 06:53:18 INFO MapOutputTrackerMasterEndpoint: MapOutputTrackerMasterEndpoint stopped!
[2024-10-03T06:53:18.966+0000] {spark_submit.py:488} INFO - 24/10/03 06:53:18 INFO MemoryStore: MemoryStore cleared
[2024-10-03T06:53:18.967+0000] {spark_submit.py:488} INFO - 24/10/03 06:53:18 INFO BlockManager: BlockManager stopped
[2024-10-03T06:53:18.976+0000] {spark_submit.py:488} INFO - 24/10/03 06:53:18 INFO BlockManagerMaster: BlockManagerMaster stopped
[2024-10-03T06:53:18.981+0000] {spark_submit.py:488} INFO - 24/10/03 06:53:18 INFO OutputCommitCoordinator$OutputCommitCoordinatorEndpoint: OutputCommitCoordinator stopped!
[2024-10-03T06:53:19.007+0000] {spark_submit.py:488} INFO - 24/10/03 06:53:19 INFO SparkContext: Successfully stopped SparkContext
[2024-10-03T06:53:19.803+0000] {spark_submit.py:488} INFO - [2024-10-03T06:53:19.802+0000] {clientserver.py:543} INFO - Closing down clientserver connection
[2024-10-03T06:53:20.191+0000] {spark_submit.py:488} INFO - 24/10/03 06:53:20 INFO ShutdownHookManager: Shutdown hook called
[2024-10-03T06:53:20.191+0000] {spark_submit.py:488} INFO - 24/10/03 06:53:20 INFO ShutdownHookManager: Deleting directory /tmp/spark-091c12a8-7174-4087-bd7b-e1a7bbd5793a
[2024-10-03T06:53:20.195+0000] {spark_submit.py:488} INFO - 24/10/03 06:53:20 INFO ShutdownHookManager: Deleting directory /tmp/spark-b0f544c0-b7fb-4e52-abca-a69e685a17ea
[2024-10-03T06:53:20.199+0000] {spark_submit.py:488} INFO - 24/10/03 06:53:20 INFO ShutdownHookManager: Deleting directory /tmp/spark-b0f544c0-b7fb-4e52-abca-a69e685a17ea/pyspark-28a2254c-4601-482d-a64b-198a76795f1a
[2024-10-03T06:53:20.263+0000] {taskinstance.py:340} INFO - ::group::Post task execution logs
[2024-10-03T06:53:20.264+0000] {taskinstance.py:352} INFO - Marking task as SUCCESS. dag_id=etl_pipeline, task_id=warehouse.step_1.extract_transform.categories, run_id=scheduled__2024-10-02T00:00:00+00:00, execution_date=20241002T000000, start_date=20241003T065257, end_date=20241003T065320
[2024-10-03T06:53:20.311+0000] {local_task_job_runner.py:266} INFO - Task exited with return code 0
[2024-10-03T06:53:20.338+0000] {taskinstance.py:3900} INFO - 0 downstream tasks scheduled from follow-on schedule check
[2024-10-03T06:53:20.341+0000] {local_task_job_runner.py:245} INFO - ::endgroup::
