[2024-10-03T07:09:09.181+0000] {local_task_job_runner.py:123} INFO - ::group::Pre task execution logs
[2024-10-03T07:09:09.212+0000] {taskinstance.py:2612} INFO - Dependencies all met for dep_context=non-requeueable deps ti=<TaskInstance: etl_pipeline.warehouse.step_1.extract_transform.categories scheduled__2024-10-02T00:00:00+00:00 [queued]>
[2024-10-03T07:09:09.226+0000] {taskinstance.py:2612} INFO - Dependencies all met for dep_context=requeueable deps ti=<TaskInstance: etl_pipeline.warehouse.step_1.extract_transform.categories scheduled__2024-10-02T00:00:00+00:00 [queued]>
[2024-10-03T07:09:09.226+0000] {taskinstance.py:2865} INFO - Starting attempt 16 of 16
[2024-10-03T07:09:09.246+0000] {taskinstance.py:2888} INFO - Executing <Task(SparkSubmitOperator): warehouse.step_1.extract_transform.categories> on 2024-10-02 00:00:00+00:00
[2024-10-03T07:09:09.261+0000] {standard_task_runner.py:104} INFO - Running: ['***', 'tasks', 'run', 'etl_pipeline', 'warehouse.step_1.extract_transform.categories', 'scheduled__2024-10-02T00:00:00+00:00', '--job-id', '13557', '--raw', '--subdir', 'DAGS_FOLDER/etl_pipeline/run.py', '--cfg-path', '/tmp/tmpbxxjdnby']
[2024-10-03T07:09:09.265+0000] {standard_task_runner.py:105} INFO - Job 13557: Subtask warehouse.step_1.extract_transform.categories
[2024-10-03T07:09:09.267+0000] {logging_mixin.py:190} WARNING - /home/***/.local/lib/python3.12/site-packages/***/task/task_runner/standard_task_runner.py:70 DeprecationWarning: This process (pid=26524) is multi-threaded, use of fork() may lead to deadlocks in the child.
[2024-10-03T07:09:09.268+0000] {standard_task_runner.py:72} INFO - Started process 26526 to run task
[2024-10-03T07:09:09.350+0000] {task_command.py:467} INFO - Running <TaskInstance: etl_pipeline.warehouse.step_1.extract_transform.categories scheduled__2024-10-02T00:00:00+00:00 [running]> on host 8c0d519f07a3
[2024-10-03T07:09:09.495+0000] {taskinstance.py:3131} INFO - Exporting env vars: AIRFLOW_CTX_DAG_OWNER='***' AIRFLOW_CTX_DAG_ID='etl_pipeline' AIRFLOW_CTX_TASK_ID='warehouse.step_1.extract_transform.categories' AIRFLOW_CTX_EXECUTION_DATE='2024-10-02T00:00:00+00:00' AIRFLOW_CTX_TRY_NUMBER='16' AIRFLOW_CTX_DAG_RUN_ID='scheduled__2024-10-02T00:00:00+00:00'
[2024-10-03T07:09:09.497+0000] {taskinstance.py:731} INFO - ::endgroup::
[2024-10-03T07:09:09.516+0000] {base.py:84} INFO - Retrieving connection 'spark-conn'
[2024-10-03T07:09:09.518+0000] {spark_submit.py:335} INFO - Spark-Submit cmd: spark-submit --master spark://spark-master:7077 --name arrow-spark dags/etl_pipeline/tasks/warehouse/components/extract_transform.py categories False 2024-10-02
[2024-10-03T07:09:09.573+0000] {spark_submit.py:488} INFO - /home/***/.local/lib/python3.12/site-packages/pyspark/bin/load-spark-env.sh: line 68: ps: command not found
[2024-10-03T07:09:17.658+0000] {spark_submit.py:488} INFO - 24/10/03 07:09:17 INFO SparkContext: Running Spark version 3.5.3
[2024-10-03T07:09:17.661+0000] {spark_submit.py:488} INFO - 24/10/03 07:09:17 INFO SparkContext: OS info Linux, 5.15.153.1-microsoft-standard-WSL2, amd64
[2024-10-03T07:09:17.662+0000] {spark_submit.py:488} INFO - 24/10/03 07:09:17 INFO SparkContext: Java version 17.0.12
[2024-10-03T07:09:17.744+0000] {spark_submit.py:488} INFO - 24/10/03 07:09:17 WARN NativeCodeLoader: Unable to load native-hadoop library for your platform... using builtin-java classes where applicable
[2024-10-03T07:09:17.893+0000] {spark_submit.py:488} INFO - 24/10/03 07:09:17 INFO ResourceUtils: ==============================================================
[2024-10-03T07:09:17.895+0000] {spark_submit.py:488} INFO - 24/10/03 07:09:17 INFO ResourceUtils: No custom resources configured for spark.driver.
[2024-10-03T07:09:17.896+0000] {spark_submit.py:488} INFO - 24/10/03 07:09:17 INFO ResourceUtils: ==============================================================
[2024-10-03T07:09:17.897+0000] {spark_submit.py:488} INFO - 24/10/03 07:09:17 INFO SparkContext: Submitted application: Extract Transform - categories
[2024-10-03T07:09:17.935+0000] {spark_submit.py:488} INFO - 24/10/03 07:09:17 INFO ResourceProfile: Default ResourceProfile created, executor resources: Map(memory -> name: memory, amount: 1024, script: , vendor: , offHeap -> name: offHeap, amount: 0, script: , vendor: ), task resources: Map(cpus -> name: cpus, amount: 1.0)
[2024-10-03T07:09:17.950+0000] {spark_submit.py:488} INFO - 24/10/03 07:09:17 INFO ResourceProfile: Limiting resource is cpu
[2024-10-03T07:09:17.951+0000] {spark_submit.py:488} INFO - 24/10/03 07:09:17 INFO ResourceProfileManager: Added ResourceProfile id: 0
[2024-10-03T07:09:18.032+0000] {spark_submit.py:488} INFO - 24/10/03 07:09:18 INFO SecurityManager: Changing view acls to: ***
[2024-10-03T07:09:18.034+0000] {spark_submit.py:488} INFO - 24/10/03 07:09:18 INFO SecurityManager: Changing modify acls to: ***
[2024-10-03T07:09:18.035+0000] {spark_submit.py:488} INFO - 24/10/03 07:09:18 INFO SecurityManager: Changing view acls groups to:
[2024-10-03T07:09:18.038+0000] {spark_submit.py:488} INFO - 24/10/03 07:09:18 INFO SecurityManager: Changing modify acls groups to:
[2024-10-03T07:09:18.039+0000] {spark_submit.py:488} INFO - 24/10/03 07:09:18 INFO SecurityManager: SecurityManager: authentication disabled; ui acls disabled; users with view permissions: ***; groups with view permissions: EMPTY; users with modify permissions: ***; groups with modify permissions: EMPTY
[2024-10-03T07:09:18.419+0000] {spark_submit.py:488} INFO - 24/10/03 07:09:18 INFO Utils: Successfully started service 'sparkDriver' on port 42043.
[2024-10-03T07:09:18.476+0000] {spark_submit.py:488} INFO - 24/10/03 07:09:18 INFO SparkEnv: Registering MapOutputTracker
[2024-10-03T07:09:18.549+0000] {spark_submit.py:488} INFO - 24/10/03 07:09:18 INFO SparkEnv: Registering BlockManagerMaster
[2024-10-03T07:09:18.586+0000] {spark_submit.py:488} INFO - 24/10/03 07:09:18 INFO BlockManagerMasterEndpoint: Using org.apache.spark.storage.DefaultTopologyMapper for getting topology information
[2024-10-03T07:09:18.589+0000] {spark_submit.py:488} INFO - 24/10/03 07:09:18 INFO BlockManagerMasterEndpoint: BlockManagerMasterEndpoint up
[2024-10-03T07:09:18.596+0000] {spark_submit.py:488} INFO - 24/10/03 07:09:18 INFO SparkEnv: Registering BlockManagerMasterHeartbeat
[2024-10-03T07:09:18.635+0000] {spark_submit.py:488} INFO - 24/10/03 07:09:18 INFO DiskBlockManager: Created local directory at /tmp/blockmgr-8d9a7da3-66ce-4983-8013-7dfa47ec2490
[2024-10-03T07:09:18.663+0000] {spark_submit.py:488} INFO - 24/10/03 07:09:18 INFO MemoryStore: MemoryStore started with capacity 434.4 MiB
[2024-10-03T07:09:18.696+0000] {spark_submit.py:488} INFO - 24/10/03 07:09:18 INFO SparkEnv: Registering OutputCommitCoordinator
[2024-10-03T07:09:18.899+0000] {spark_submit.py:488} INFO - 24/10/03 07:09:18 INFO JettyUtils: Start Jetty 0.0.0.0:4040 for SparkUI
[2024-10-03T07:09:19.014+0000] {spark_submit.py:488} INFO - 24/10/03 07:09:19 INFO Utils: Successfully started service 'SparkUI' on port 4040.
[2024-10-03T07:09:19.279+0000] {spark_submit.py:488} INFO - 24/10/03 07:09:19 INFO StandaloneAppClient$ClientEndpoint: Connecting to master spark://spark-master:7077...
[2024-10-03T07:09:19.362+0000] {spark_submit.py:488} INFO - 24/10/03 07:09:19 INFO TransportClientFactory: Successfully created connection to spark-master/172.20.0.2:7077 after 50 ms (0 ms spent in bootstraps)
[2024-10-03T07:09:19.530+0000] {spark_submit.py:488} INFO - 24/10/03 07:09:19 INFO StandaloneSchedulerBackend: Connected to Spark cluster with app ID app-20241003070919-0013
[2024-10-03T07:09:19.531+0000] {spark_submit.py:488} INFO - 24/10/03 07:09:19 INFO StandaloneAppClient$ClientEndpoint: Executor added: app-20241003070919-0013/0 on worker-20241003061731-172.20.0.9-38803 (172.20.0.9:38803) with 2 core(s)
[2024-10-03T07:09:19.533+0000] {spark_submit.py:488} INFO - 24/10/03 07:09:19 INFO StandaloneSchedulerBackend: Granted executor ID app-20241003070919-0013/0 on hostPort 172.20.0.9:38803 with 2 core(s), 1024.0 MiB RAM
[2024-10-03T07:09:19.544+0000] {spark_submit.py:488} INFO - 24/10/03 07:09:19 INFO Utils: Successfully started service 'org.apache.spark.network.netty.NettyBlockTransferService' on port 43031.
[2024-10-03T07:09:19.544+0000] {spark_submit.py:488} INFO - 24/10/03 07:09:19 INFO NettyBlockTransferService: Server created on 8c0d519f07a3:43031
[2024-10-03T07:09:19.549+0000] {spark_submit.py:488} INFO - 24/10/03 07:09:19 INFO BlockManager: Using org.apache.spark.storage.RandomBlockReplicationPolicy for block replication policy
[2024-10-03T07:09:19.563+0000] {spark_submit.py:488} INFO - 24/10/03 07:09:19 INFO BlockManagerMaster: Registering BlockManager BlockManagerId(driver, 8c0d519f07a3, 43031, None)
[2024-10-03T07:09:19.568+0000] {spark_submit.py:488} INFO - 24/10/03 07:09:19 INFO BlockManagerMasterEndpoint: Registering block manager 8c0d519f07a3:43031 with 434.4 MiB RAM, BlockManagerId(driver, 8c0d519f07a3, 43031, None)
[2024-10-03T07:09:19.574+0000] {spark_submit.py:488} INFO - 24/10/03 07:09:19 INFO BlockManagerMaster: Registered BlockManager BlockManagerId(driver, 8c0d519f07a3, 43031, None)
[2024-10-03T07:09:19.577+0000] {spark_submit.py:488} INFO - 24/10/03 07:09:19 INFO BlockManager: Initialized BlockManager: BlockManagerId(driver, 8c0d519f07a3, 43031, None)
[2024-10-03T07:09:19.645+0000] {spark_submit.py:488} INFO - 24/10/03 07:09:19 INFO StandaloneAppClient$ClientEndpoint: Executor updated: app-20241003070919-0013/0 is now RUNNING
[2024-10-03T07:09:20.243+0000] {spark_submit.py:488} INFO - 24/10/03 07:09:20 INFO StandaloneSchedulerBackend: SchedulerBackend is ready for scheduling beginning after reached minRegisteredResourcesRatio: 0.0
[2024-10-03T07:09:22.544+0000] {spark_submit.py:488} INFO - [2024-10-03T07:09:22.541+0000] {base.py:84} INFO - Retrieving connection 'staging_db'
[2024-10-03T07:09:22.563+0000] {spark_submit.py:488} INFO - False
[2024-10-03T07:09:22.564+0000] {spark_submit.py:488} INFO - 2024-10-02
[2024-10-03T07:09:22.564+0000] {spark_submit.py:488} INFO - ['category', 'categoryname', 'created_at']
[2024-10-03T07:09:22.565+0000] {spark_submit.py:488} INFO - [(1, 'Action', datetime.datetime(2004, 3, 1, 0, 0)), (2, 'Animation', datetime.datetime(2004, 3, 1, 0, 0)), (3, 'Children', datetime.datetime(2004, 3, 1, 0, 0)), (4, 'Classics', datetime.datetime(2004, 3, 1, 0, 0)), (5, 'Comedy', datetime.datetime(2004, 3, 1, 0, 0)), (6, 'Documentary', datetime.datetime(2004, 3, 1, 0, 0)), (7, 'Drama', datetime.datetime(2004, 3, 1, 0, 0)), (8, 'Family', datetime.datetime(2004, 3, 1, 0, 0)), (9, 'Foreign', datetime.datetime(2004, 3, 1, 0, 0)), (10, 'Games', datetime.datetime(2004, 3, 1, 0, 0)), (11, 'Horror', datetime.datetime(2004, 3, 1, 0, 0)), (12, 'Music', datetime.datetime(2004, 3, 1, 0, 0)), (13, 'New', datetime.datetime(2004, 3, 1, 0, 0)), (14, 'Sci-Fi', datetime.datetime(2004, 3, 1, 0, 0)), (15, 'Sports', datetime.datetime(2004, 3, 1, 0, 0)), (16, 'Travel', datetime.datetime(2004, 3, 1, 0, 0))]
[2024-10-03T07:09:22.566+0000] {spark_submit.py:488} INFO - 24/10/03 07:09:22 INFO SparkContext: SparkContext is stopping with exitCode 0.
[2024-10-03T07:09:22.587+0000] {spark_submit.py:488} INFO - 24/10/03 07:09:22 INFO SparkUI: Stopped Spark web UI at http://8c0d519f07a3:4040
[2024-10-03T07:09:22.597+0000] {spark_submit.py:488} INFO - 24/10/03 07:09:22 INFO StandaloneSchedulerBackend: Shutting down all executors
[2024-10-03T07:09:22.604+0000] {spark_submit.py:488} INFO - 24/10/03 07:09:22 INFO StandaloneSchedulerBackend$StandaloneDriverEndpoint: Asking each executor to shut down
[2024-10-03T07:09:22.644+0000] {spark_submit.py:488} INFO - 24/10/03 07:09:22 INFO MapOutputTrackerMasterEndpoint: MapOutputTrackerMasterEndpoint stopped!
[2024-10-03T07:09:22.665+0000] {spark_submit.py:488} INFO - 24/10/03 07:09:22 INFO MemoryStore: MemoryStore cleared
[2024-10-03T07:09:22.666+0000] {spark_submit.py:488} INFO - 24/10/03 07:09:22 INFO BlockManager: BlockManager stopped
[2024-10-03T07:09:22.679+0000] {spark_submit.py:488} INFO - 24/10/03 07:09:22 INFO BlockManagerMaster: BlockManagerMaster stopped
[2024-10-03T07:09:22.683+0000] {spark_submit.py:488} INFO - 24/10/03 07:09:22 INFO OutputCommitCoordinator$OutputCommitCoordinatorEndpoint: OutputCommitCoordinator stopped!
[2024-10-03T07:09:22.698+0000] {spark_submit.py:488} INFO - 24/10/03 07:09:22 INFO SparkContext: Successfully stopped SparkContext
[2024-10-03T07:09:22.867+0000] {spark_submit.py:488} INFO - [2024-10-03T07:09:22.866+0000] {clientserver.py:543} INFO - Closing down clientserver connection
[2024-10-03T07:09:23.462+0000] {spark_submit.py:488} INFO - 24/10/03 07:09:23 INFO ShutdownHookManager: Shutdown hook called
[2024-10-03T07:09:23.463+0000] {spark_submit.py:488} INFO - 24/10/03 07:09:23 INFO ShutdownHookManager: Deleting directory /tmp/spark-6f1144d3-7be0-4616-8058-bcea9d3f49c8
[2024-10-03T07:09:23.466+0000] {spark_submit.py:488} INFO - 24/10/03 07:09:23 INFO ShutdownHookManager: Deleting directory /tmp/spark-df23c7b0-e9d9-41be-aaf0-8b5549bdaae8
[2024-10-03T07:09:23.470+0000] {spark_submit.py:488} INFO - 24/10/03 07:09:23 INFO ShutdownHookManager: Deleting directory /tmp/spark-6f1144d3-7be0-4616-8058-bcea9d3f49c8/pyspark-db3973fb-b7d4-4f02-bf72-108328ce3fc6
[2024-10-03T07:09:23.531+0000] {taskinstance.py:340} INFO - ::group::Post task execution logs
[2024-10-03T07:09:23.532+0000] {taskinstance.py:352} INFO - Marking task as SUCCESS. dag_id=etl_pipeline, task_id=warehouse.step_1.extract_transform.categories, run_id=scheduled__2024-10-02T00:00:00+00:00, execution_date=20241002T000000, start_date=20241003T070909, end_date=20241003T070923
[2024-10-03T07:09:23.562+0000] {local_task_job_runner.py:266} INFO - Task exited with return code 0
[2024-10-03T07:09:23.580+0000] {local_task_job_runner.py:245} INFO - ::endgroup::
