[2024-10-03T07:06:06.433+0000] {local_task_job_runner.py:123} INFO - ::group::Pre task execution logs
[2024-10-03T07:06:06.459+0000] {taskinstance.py:2612} INFO - Dependencies all met for dep_context=non-requeueable deps ti=<TaskInstance: etl_pipeline.warehouse.step_1.extract_transform.categories scheduled__2024-10-02T00:00:00+00:00 [queued]>
[2024-10-03T07:06:06.471+0000] {taskinstance.py:2612} INFO - Dependencies all met for dep_context=requeueable deps ti=<TaskInstance: etl_pipeline.warehouse.step_1.extract_transform.categories scheduled__2024-10-02T00:00:00+00:00 [queued]>
[2024-10-03T07:06:06.472+0000] {taskinstance.py:2865} INFO - Starting attempt 13 of 13
[2024-10-03T07:06:06.488+0000] {taskinstance.py:2888} INFO - Executing <Task(SparkSubmitOperator): warehouse.step_1.extract_transform.categories> on 2024-10-02 00:00:00+00:00
[2024-10-03T07:06:06.499+0000] {standard_task_runner.py:104} INFO - Running: ['***', 'tasks', 'run', 'etl_pipeline', 'warehouse.step_1.extract_transform.categories', 'scheduled__2024-10-02T00:00:00+00:00', '--job-id', '13554', '--raw', '--subdir', 'DAGS_FOLDER/etl_pipeline/run.py', '--cfg-path', '/tmp/tmpy8f0u_dk']
[2024-10-03T07:06:06.502+0000] {standard_task_runner.py:105} INFO - Job 13554: Subtask warehouse.step_1.extract_transform.categories
[2024-10-03T07:06:06.503+0000] {logging_mixin.py:190} WARNING - /home/***/.local/lib/python3.12/site-packages/***/task/task_runner/standard_task_runner.py:70 DeprecationWarning: This process (pid=25725) is multi-threaded, use of fork() may lead to deadlocks in the child.
[2024-10-03T07:06:06.504+0000] {standard_task_runner.py:72} INFO - Started process 25727 to run task
[2024-10-03T07:06:06.585+0000] {task_command.py:467} INFO - Running <TaskInstance: etl_pipeline.warehouse.step_1.extract_transform.categories scheduled__2024-10-02T00:00:00+00:00 [running]> on host 8c0d519f07a3
[2024-10-03T07:06:06.763+0000] {taskinstance.py:3131} INFO - Exporting env vars: AIRFLOW_CTX_DAG_OWNER='***' AIRFLOW_CTX_DAG_ID='etl_pipeline' AIRFLOW_CTX_TASK_ID='warehouse.step_1.extract_transform.categories' AIRFLOW_CTX_EXECUTION_DATE='2024-10-02T00:00:00+00:00' AIRFLOW_CTX_TRY_NUMBER='13' AIRFLOW_CTX_DAG_RUN_ID='scheduled__2024-10-02T00:00:00+00:00'
[2024-10-03T07:06:06.765+0000] {taskinstance.py:731} INFO - ::endgroup::
[2024-10-03T07:06:06.805+0000] {base.py:84} INFO - Retrieving connection 'spark-conn'
[2024-10-03T07:06:06.807+0000] {spark_submit.py:335} INFO - Spark-Submit cmd: spark-submit --master spark://spark-master:7077 --name arrow-spark dags/etl_pipeline/tasks/warehouse/components/extract_transform.py categories False 2024-10-02
[2024-10-03T07:06:06.870+0000] {spark_submit.py:488} INFO - /home/***/.local/lib/python3.12/site-packages/pyspark/bin/load-spark-env.sh: line 68: ps: command not found
[2024-10-03T07:06:15.683+0000] {spark_submit.py:488} INFO - 24/10/03 07:06:15 INFO SparkContext: Running Spark version 3.5.3
[2024-10-03T07:06:15.686+0000] {spark_submit.py:488} INFO - 24/10/03 07:06:15 INFO SparkContext: OS info Linux, 5.15.153.1-microsoft-standard-WSL2, amd64
[2024-10-03T07:06:15.687+0000] {spark_submit.py:488} INFO - 24/10/03 07:06:15 INFO SparkContext: Java version 17.0.12
[2024-10-03T07:06:15.803+0000] {spark_submit.py:488} INFO - 24/10/03 07:06:15 WARN NativeCodeLoader: Unable to load native-hadoop library for your platform... using builtin-java classes where applicable
[2024-10-03T07:06:16.067+0000] {spark_submit.py:488} INFO - 24/10/03 07:06:16 INFO ResourceUtils: ==============================================================
[2024-10-03T07:06:16.069+0000] {spark_submit.py:488} INFO - 24/10/03 07:06:16 INFO ResourceUtils: No custom resources configured for spark.driver.
[2024-10-03T07:06:16.070+0000] {spark_submit.py:488} INFO - 24/10/03 07:06:16 INFO ResourceUtils: ==============================================================
[2024-10-03T07:06:16.071+0000] {spark_submit.py:488} INFO - 24/10/03 07:06:16 INFO SparkContext: Submitted application: Extract Transform - categories
[2024-10-03T07:06:16.114+0000] {spark_submit.py:488} INFO - 24/10/03 07:06:16 INFO ResourceProfile: Default ResourceProfile created, executor resources: Map(memory -> name: memory, amount: 1024, script: , vendor: , offHeap -> name: offHeap, amount: 0, script: , vendor: ), task resources: Map(cpus -> name: cpus, amount: 1.0)
[2024-10-03T07:06:16.131+0000] {spark_submit.py:488} INFO - 24/10/03 07:06:16 INFO ResourceProfile: Limiting resource is cpu
[2024-10-03T07:06:16.132+0000] {spark_submit.py:488} INFO - 24/10/03 07:06:16 INFO ResourceProfileManager: Added ResourceProfile id: 0
[2024-10-03T07:06:16.221+0000] {spark_submit.py:488} INFO - 24/10/03 07:06:16 INFO SecurityManager: Changing view acls to: ***
[2024-10-03T07:06:16.222+0000] {spark_submit.py:488} INFO - 24/10/03 07:06:16 INFO SecurityManager: Changing modify acls to: ***
[2024-10-03T07:06:16.223+0000] {spark_submit.py:488} INFO - 24/10/03 07:06:16 INFO SecurityManager: Changing view acls groups to:
[2024-10-03T07:06:16.227+0000] {spark_submit.py:488} INFO - 24/10/03 07:06:16 INFO SecurityManager: Changing modify acls groups to:
[2024-10-03T07:06:16.228+0000] {spark_submit.py:488} INFO - 24/10/03 07:06:16 INFO SecurityManager: SecurityManager: authentication disabled; ui acls disabled; users with view permissions: ***; groups with view permissions: EMPTY; users with modify permissions: ***; groups with modify permissions: EMPTY
[2024-10-03T07:06:16.760+0000] {spark_submit.py:488} INFO - 24/10/03 07:06:16 INFO Utils: Successfully started service 'sparkDriver' on port 35593.
[2024-10-03T07:06:16.816+0000] {spark_submit.py:488} INFO - 24/10/03 07:06:16 INFO SparkEnv: Registering MapOutputTracker
[2024-10-03T07:06:16.918+0000] {spark_submit.py:488} INFO - 24/10/03 07:06:16 INFO SparkEnv: Registering BlockManagerMaster
[2024-10-03T07:06:16.967+0000] {spark_submit.py:488} INFO - 24/10/03 07:06:16 INFO BlockManagerMasterEndpoint: Using org.apache.spark.storage.DefaultTopologyMapper for getting topology information
[2024-10-03T07:06:16.969+0000] {spark_submit.py:488} INFO - 24/10/03 07:06:16 INFO BlockManagerMasterEndpoint: BlockManagerMasterEndpoint up
[2024-10-03T07:06:16.980+0000] {spark_submit.py:488} INFO - 24/10/03 07:06:16 INFO SparkEnv: Registering BlockManagerMasterHeartbeat
[2024-10-03T07:06:17.031+0000] {spark_submit.py:488} INFO - 24/10/03 07:06:17 INFO DiskBlockManager: Created local directory at /tmp/blockmgr-e382d5e2-046b-40f7-8fd0-d341a0fb139d
[2024-10-03T07:06:17.074+0000] {spark_submit.py:488} INFO - 24/10/03 07:06:17 INFO MemoryStore: MemoryStore started with capacity 434.4 MiB
[2024-10-03T07:06:17.133+0000] {spark_submit.py:488} INFO - 24/10/03 07:06:17 INFO SparkEnv: Registering OutputCommitCoordinator
[2024-10-03T07:06:17.340+0000] {spark_submit.py:488} INFO - 24/10/03 07:06:17 INFO JettyUtils: Start Jetty 0.0.0.0:4040 for SparkUI
[2024-10-03T07:06:17.444+0000] {spark_submit.py:488} INFO - 24/10/03 07:06:17 INFO Utils: Successfully started service 'SparkUI' on port 4040.
[2024-10-03T07:06:17.733+0000] {spark_submit.py:488} INFO - 24/10/03 07:06:17 INFO StandaloneAppClient$ClientEndpoint: Connecting to master spark://spark-master:7077...
[2024-10-03T07:06:17.848+0000] {spark_submit.py:488} INFO - 24/10/03 07:06:17 INFO TransportClientFactory: Successfully created connection to spark-master/172.20.0.2:7077 after 71 ms (0 ms spent in bootstraps)
[2024-10-03T07:06:18.048+0000] {spark_submit.py:488} INFO - 24/10/03 07:06:18 INFO StandaloneSchedulerBackend: Connected to Spark cluster with app ID app-20241003070618-0010
[2024-10-03T07:06:18.064+0000] {spark_submit.py:488} INFO - 24/10/03 07:06:18 INFO StandaloneAppClient$ClientEndpoint: Executor added: app-20241003070618-0010/0 on worker-20241003061731-172.20.0.9-38803 (172.20.0.9:38803) with 2 core(s)
[2024-10-03T07:06:18.069+0000] {spark_submit.py:488} INFO - 24/10/03 07:06:18 INFO StandaloneSchedulerBackend: Granted executor ID app-20241003070618-0010/0 on hostPort 172.20.0.9:38803 with 2 core(s), 1024.0 MiB RAM
[2024-10-03T07:06:18.072+0000] {spark_submit.py:488} INFO - 24/10/03 07:06:18 INFO Utils: Successfully started service 'org.apache.spark.network.netty.NettyBlockTransferService' on port 44123.
[2024-10-03T07:06:18.075+0000] {spark_submit.py:488} INFO - 24/10/03 07:06:18 INFO NettyBlockTransferService: Server created on 8c0d519f07a3:44123
[2024-10-03T07:06:18.080+0000] {spark_submit.py:488} INFO - 24/10/03 07:06:18 INFO BlockManager: Using org.apache.spark.storage.RandomBlockReplicationPolicy for block replication policy
[2024-10-03T07:06:18.097+0000] {spark_submit.py:488} INFO - 24/10/03 07:06:18 INFO BlockManagerMaster: Registering BlockManager BlockManagerId(driver, 8c0d519f07a3, 44123, None)
[2024-10-03T07:06:18.104+0000] {spark_submit.py:488} INFO - 24/10/03 07:06:18 INFO BlockManagerMasterEndpoint: Registering block manager 8c0d519f07a3:44123 with 434.4 MiB RAM, BlockManagerId(driver, 8c0d519f07a3, 44123, None)
[2024-10-03T07:06:18.115+0000] {spark_submit.py:488} INFO - 24/10/03 07:06:18 INFO BlockManagerMaster: Registered BlockManager BlockManagerId(driver, 8c0d519f07a3, 44123, None)
[2024-10-03T07:06:18.118+0000] {spark_submit.py:488} INFO - 24/10/03 07:06:18 INFO BlockManager: Initialized BlockManager: BlockManagerId(driver, 8c0d519f07a3, 44123, None)
[2024-10-03T07:06:18.181+0000] {spark_submit.py:488} INFO - 24/10/03 07:06:18 INFO StandaloneAppClient$ClientEndpoint: Executor updated: app-20241003070618-0010/0 is now RUNNING
[2024-10-03T07:06:18.842+0000] {spark_submit.py:488} INFO - 24/10/03 07:06:18 INFO StandaloneSchedulerBackend: SchedulerBackend is ready for scheduling beginning after reached minRegisteredResourcesRatio: 0.0
[2024-10-03T07:06:19.328+0000] {spark_submit.py:488} INFO - False 2024-10-02
[2024-10-03T07:06:19.329+0000] {spark_submit.py:488} INFO - 24/10/03 07:06:19 INFO SparkContext: SparkContext is stopping with exitCode 0.
[2024-10-03T07:06:19.355+0000] {spark_submit.py:488} INFO - 24/10/03 07:06:19 INFO SparkUI: Stopped Spark web UI at http://8c0d519f07a3:4040
[2024-10-03T07:06:19.366+0000] {spark_submit.py:488} INFO - 24/10/03 07:06:19 INFO StandaloneSchedulerBackend: Shutting down all executors
[2024-10-03T07:06:19.371+0000] {spark_submit.py:488} INFO - 24/10/03 07:06:19 INFO StandaloneSchedulerBackend$StandaloneDriverEndpoint: Asking each executor to shut down
[2024-10-03T07:06:19.412+0000] {spark_submit.py:488} INFO - 24/10/03 07:06:19 INFO MapOutputTrackerMasterEndpoint: MapOutputTrackerMasterEndpoint stopped!
[2024-10-03T07:06:19.447+0000] {spark_submit.py:488} INFO - 24/10/03 07:06:19 INFO MemoryStore: MemoryStore cleared
[2024-10-03T07:06:19.448+0000] {spark_submit.py:488} INFO - 24/10/03 07:06:19 INFO BlockManager: BlockManager stopped
[2024-10-03T07:06:19.459+0000] {spark_submit.py:488} INFO - 24/10/03 07:06:19 INFO BlockManagerMaster: BlockManagerMaster stopped
[2024-10-03T07:06:19.463+0000] {spark_submit.py:488} INFO - 24/10/03 07:06:19 INFO OutputCommitCoordinator$OutputCommitCoordinatorEndpoint: OutputCommitCoordinator stopped!
[2024-10-03T07:06:19.482+0000] {spark_submit.py:488} INFO - 24/10/03 07:06:19 INFO SparkContext: Successfully stopped SparkContext
[2024-10-03T07:06:19.907+0000] {spark_submit.py:488} INFO - [2024-10-03T07:06:19.905+0000] {clientserver.py:543} INFO - Closing down clientserver connection
[2024-10-03T07:06:20.383+0000] {spark_submit.py:488} INFO - 24/10/03 07:06:20 INFO ShutdownHookManager: Shutdown hook called
[2024-10-03T07:06:20.384+0000] {spark_submit.py:488} INFO - 24/10/03 07:06:20 INFO ShutdownHookManager: Deleting directory /tmp/spark-ac625d13-7ec6-470b-ab47-8a38b4d10bf6/pyspark-21cce569-0d40-4968-88a7-c68e39e31cf4
[2024-10-03T07:06:20.388+0000] {spark_submit.py:488} INFO - 24/10/03 07:06:20 INFO ShutdownHookManager: Deleting directory /tmp/spark-4be1f0d6-9c4b-41e4-b3b0-3b04a1235d70
[2024-10-03T07:06:20.392+0000] {spark_submit.py:488} INFO - 24/10/03 07:06:20 INFO ShutdownHookManager: Deleting directory /tmp/spark-ac625d13-7ec6-470b-ab47-8a38b4d10bf6
[2024-10-03T07:06:20.453+0000] {taskinstance.py:340} INFO - ::group::Post task execution logs
[2024-10-03T07:06:20.453+0000] {taskinstance.py:352} INFO - Marking task as SUCCESS. dag_id=etl_pipeline, task_id=warehouse.step_1.extract_transform.categories, run_id=scheduled__2024-10-02T00:00:00+00:00, execution_date=20241002T000000, start_date=20241003T070606, end_date=20241003T070620
[2024-10-03T07:06:20.515+0000] {local_task_job_runner.py:266} INFO - Task exited with return code 0
[2024-10-03T07:06:20.548+0000] {taskinstance.py:3900} INFO - 0 downstream tasks scheduled from follow-on schedule check
[2024-10-03T07:06:20.551+0000] {local_task_job_runner.py:245} INFO - ::endgroup::
