[2024-10-03T07:34:24.334+0000] {local_task_job_runner.py:123} INFO - ::group::Pre task execution logs
[2024-10-03T07:34:24.361+0000] {taskinstance.py:2612} INFO - Dependencies all met for dep_context=non-requeueable deps ti=<TaskInstance: etl_pipeline.warehouse.step_1.extract_transform.categories scheduled__2024-10-02T00:00:00+00:00 [queued]>
[2024-10-03T07:34:24.373+0000] {taskinstance.py:2612} INFO - Dependencies all met for dep_context=requeueable deps ti=<TaskInstance: etl_pipeline.warehouse.step_1.extract_transform.categories scheduled__2024-10-02T00:00:00+00:00 [queued]>
[2024-10-03T07:34:24.374+0000] {taskinstance.py:2865} INFO - Starting attempt 32 of 32
[2024-10-03T07:34:24.393+0000] {taskinstance.py:2888} INFO - Executing <Task(SparkSubmitOperator): warehouse.step_1.extract_transform.categories> on 2024-10-02 00:00:00+00:00
[2024-10-03T07:34:24.407+0000] {standard_task_runner.py:104} INFO - Running: ['***', 'tasks', 'run', 'etl_pipeline', 'warehouse.step_1.extract_transform.categories', 'scheduled__2024-10-02T00:00:00+00:00', '--job-id', '13573', '--raw', '--subdir', 'DAGS_FOLDER/etl_pipeline/run.py', '--cfg-path', '/tmp/tmpy5ej_j4a']
[2024-10-03T07:34:24.409+0000] {logging_mixin.py:190} WARNING - /home/***/.local/lib/python3.12/site-packages/***/task/task_runner/standard_task_runner.py:70 DeprecationWarning: This process (pid=31623) is multi-threaded, use of fork() may lead to deadlocks in the child.
[2024-10-03T07:34:24.410+0000] {standard_task_runner.py:105} INFO - Job 13573: Subtask warehouse.step_1.extract_transform.categories
[2024-10-03T07:34:24.410+0000] {standard_task_runner.py:72} INFO - Started process 31625 to run task
[2024-10-03T07:34:24.489+0000] {task_command.py:467} INFO - Running <TaskInstance: etl_pipeline.warehouse.step_1.extract_transform.categories scheduled__2024-10-02T00:00:00+00:00 [running]> on host 8c0d519f07a3
[2024-10-03T07:34:24.627+0000] {taskinstance.py:3131} INFO - Exporting env vars: AIRFLOW_CTX_DAG_OWNER='***' AIRFLOW_CTX_DAG_ID='etl_pipeline' AIRFLOW_CTX_TASK_ID='warehouse.step_1.extract_transform.categories' AIRFLOW_CTX_EXECUTION_DATE='2024-10-02T00:00:00+00:00' AIRFLOW_CTX_TRY_NUMBER='32' AIRFLOW_CTX_DAG_RUN_ID='scheduled__2024-10-02T00:00:00+00:00'
[2024-10-03T07:34:24.629+0000] {taskinstance.py:731} INFO - ::endgroup::
[2024-10-03T07:34:24.648+0000] {base.py:84} INFO - Retrieving connection 'spark-conn'
[2024-10-03T07:34:24.649+0000] {spark_submit.py:335} INFO - Spark-Submit cmd: spark-submit --master spark://spark-master:7077 --name arrow-spark dags/etl_pipeline/tasks/warehouse/components/extract_transform.py categories True 2024-10-02
[2024-10-03T07:34:24.704+0000] {spark_submit.py:488} INFO - /home/***/.local/lib/python3.12/site-packages/pyspark/bin/load-spark-env.sh: line 68: ps: command not found
[2024-10-03T07:34:32.589+0000] {spark_submit.py:488} INFO - 24/10/03 07:34:32 INFO SparkContext: Running Spark version 3.5.3
[2024-10-03T07:34:32.592+0000] {spark_submit.py:488} INFO - 24/10/03 07:34:32 INFO SparkContext: OS info Linux, 5.15.153.1-microsoft-standard-WSL2, amd64
[2024-10-03T07:34:32.601+0000] {spark_submit.py:488} INFO - 24/10/03 07:34:32 INFO SparkContext: Java version 17.0.12
[2024-10-03T07:34:32.689+0000] {spark_submit.py:488} INFO - 24/10/03 07:34:32 WARN NativeCodeLoader: Unable to load native-hadoop library for your platform... using builtin-java classes where applicable
[2024-10-03T07:34:32.830+0000] {spark_submit.py:488} INFO - 24/10/03 07:34:32 INFO ResourceUtils: ==============================================================
[2024-10-03T07:34:32.831+0000] {spark_submit.py:488} INFO - 24/10/03 07:34:32 INFO ResourceUtils: No custom resources configured for spark.driver.
[2024-10-03T07:34:32.832+0000] {spark_submit.py:488} INFO - 24/10/03 07:34:32 INFO ResourceUtils: ==============================================================
[2024-10-03T07:34:32.833+0000] {spark_submit.py:488} INFO - 24/10/03 07:34:32 INFO SparkContext: Submitted application: Extract Transform - categories
[2024-10-03T07:34:32.866+0000] {spark_submit.py:488} INFO - 24/10/03 07:34:32 INFO ResourceProfile: Default ResourceProfile created, executor resources: Map(memory -> name: memory, amount: 1024, script: , vendor: , offHeap -> name: offHeap, amount: 0, script: , vendor: ), task resources: Map(cpus -> name: cpus, amount: 1.0)
[2024-10-03T07:34:32.879+0000] {spark_submit.py:488} INFO - 24/10/03 07:34:32 INFO ResourceProfile: Limiting resource is cpu
[2024-10-03T07:34:32.880+0000] {spark_submit.py:488} INFO - 24/10/03 07:34:32 INFO ResourceProfileManager: Added ResourceProfile id: 0
[2024-10-03T07:34:32.976+0000] {spark_submit.py:488} INFO - 24/10/03 07:34:32 INFO SecurityManager: Changing view acls to: ***
[2024-10-03T07:34:32.977+0000] {spark_submit.py:488} INFO - 24/10/03 07:34:32 INFO SecurityManager: Changing modify acls to: ***
[2024-10-03T07:34:32.978+0000] {spark_submit.py:488} INFO - 24/10/03 07:34:32 INFO SecurityManager: Changing view acls groups to:
[2024-10-03T07:34:32.980+0000] {spark_submit.py:488} INFO - 24/10/03 07:34:32 INFO SecurityManager: Changing modify acls groups to:
[2024-10-03T07:34:32.981+0000] {spark_submit.py:488} INFO - 24/10/03 07:34:32 INFO SecurityManager: SecurityManager: authentication disabled; ui acls disabled; users with view permissions: ***; groups with view permissions: EMPTY; users with modify permissions: ***; groups with modify permissions: EMPTY
[2024-10-03T07:34:33.421+0000] {spark_submit.py:488} INFO - 24/10/03 07:34:33 INFO Utils: Successfully started service 'sparkDriver' on port 42301.
[2024-10-03T07:34:33.466+0000] {spark_submit.py:488} INFO - 24/10/03 07:34:33 INFO SparkEnv: Registering MapOutputTracker
[2024-10-03T07:34:33.536+0000] {spark_submit.py:488} INFO - 24/10/03 07:34:33 INFO SparkEnv: Registering BlockManagerMaster
[2024-10-03T07:34:33.573+0000] {spark_submit.py:488} INFO - 24/10/03 07:34:33 INFO BlockManagerMasterEndpoint: Using org.apache.spark.storage.DefaultTopologyMapper for getting topology information
[2024-10-03T07:34:33.574+0000] {spark_submit.py:488} INFO - 24/10/03 07:34:33 INFO BlockManagerMasterEndpoint: BlockManagerMasterEndpoint up
[2024-10-03T07:34:33.582+0000] {spark_submit.py:488} INFO - 24/10/03 07:34:33 INFO SparkEnv: Registering BlockManagerMasterHeartbeat
[2024-10-03T07:34:33.636+0000] {spark_submit.py:488} INFO - 24/10/03 07:34:33 INFO DiskBlockManager: Created local directory at /tmp/blockmgr-d15c1c9e-8c96-4e06-8b96-e09ebb65d7dd
[2024-10-03T07:34:33.667+0000] {spark_submit.py:488} INFO - 24/10/03 07:34:33 INFO MemoryStore: MemoryStore started with capacity 434.4 MiB
[2024-10-03T07:34:33.706+0000] {spark_submit.py:488} INFO - 24/10/03 07:34:33 INFO SparkEnv: Registering OutputCommitCoordinator
[2024-10-03T07:34:33.914+0000] {spark_submit.py:488} INFO - 24/10/03 07:34:33 INFO JettyUtils: Start Jetty 0.0.0.0:4040 for SparkUI
[2024-10-03T07:34:34.019+0000] {spark_submit.py:488} INFO - 24/10/03 07:34:34 INFO Utils: Successfully started service 'SparkUI' on port 4040.
[2024-10-03T07:34:34.220+0000] {spark_submit.py:488} INFO - 24/10/03 07:34:34 INFO StandaloneAppClient$ClientEndpoint: Connecting to master spark://spark-master:7077...
[2024-10-03T07:34:34.291+0000] {spark_submit.py:488} INFO - 24/10/03 07:34:34 INFO TransportClientFactory: Successfully created connection to spark-master/172.20.0.2:7077 after 39 ms (0 ms spent in bootstraps)
[2024-10-03T07:34:34.621+0000] {spark_submit.py:488} INFO - 24/10/03 07:34:34 INFO StandaloneSchedulerBackend: Connected to Spark cluster with app ID app-20241003073434-0029
[2024-10-03T07:34:34.639+0000] {spark_submit.py:488} INFO - 24/10/03 07:34:34 INFO StandaloneAppClient$ClientEndpoint: Executor added: app-20241003073434-0029/0 on worker-20241003061731-172.20.0.9-38803 (172.20.0.9:38803) with 2 core(s)
[2024-10-03T07:34:34.641+0000] {spark_submit.py:488} INFO - 24/10/03 07:34:34 INFO StandaloneSchedulerBackend: Granted executor ID app-20241003073434-0029/0 on hostPort 172.20.0.9:38803 with 2 core(s), 1024.0 MiB RAM
[2024-10-03T07:34:34.654+0000] {spark_submit.py:488} INFO - 24/10/03 07:34:34 INFO Utils: Successfully started service 'org.apache.spark.network.netty.NettyBlockTransferService' on port 42541.
[2024-10-03T07:34:34.656+0000] {spark_submit.py:488} INFO - 24/10/03 07:34:34 INFO NettyBlockTransferService: Server created on 8c0d519f07a3:42541
[2024-10-03T07:34:34.658+0000] {spark_submit.py:488} INFO - 24/10/03 07:34:34 INFO BlockManager: Using org.apache.spark.storage.RandomBlockReplicationPolicy for block replication policy
[2024-10-03T07:34:34.673+0000] {spark_submit.py:488} INFO - 24/10/03 07:34:34 INFO BlockManagerMaster: Registering BlockManager BlockManagerId(driver, 8c0d519f07a3, 42541, None)
[2024-10-03T07:34:34.683+0000] {spark_submit.py:488} INFO - 24/10/03 07:34:34 INFO BlockManagerMasterEndpoint: Registering block manager 8c0d519f07a3:42541 with 434.4 MiB RAM, BlockManagerId(driver, 8c0d519f07a3, 42541, None)
[2024-10-03T07:34:34.689+0000] {spark_submit.py:488} INFO - 24/10/03 07:34:34 INFO BlockManagerMaster: Registered BlockManager BlockManagerId(driver, 8c0d519f07a3, 42541, None)
[2024-10-03T07:34:34.693+0000] {spark_submit.py:488} INFO - 24/10/03 07:34:34 INFO BlockManager: Initialized BlockManager: BlockManagerId(driver, 8c0d519f07a3, 42541, None)
[2024-10-03T07:34:34.764+0000] {spark_submit.py:488} INFO - 24/10/03 07:34:34 INFO StandaloneAppClient$ClientEndpoint: Executor updated: app-20241003073434-0029/0 is now RUNNING
[2024-10-03T07:34:35.444+0000] {spark_submit.py:488} INFO - 24/10/03 07:34:35 INFO StandaloneSchedulerBackend: SchedulerBackend is ready for scheduling beginning after reached minRegisteredResourcesRatio: 0.0
[2024-10-03T07:34:37.940+0000] {spark_submit.py:488} INFO - [2024-10-03T07:34:37.931+0000] {base.py:84} INFO - Retrieving connection 'staging_db'
[2024-10-03T07:34:37.974+0000] {spark_submit.py:488} INFO - 24/10/03 07:34:37 INFO SparkContext: SparkContext is stopping with exitCode 0.
[2024-10-03T07:34:38.008+0000] {spark_submit.py:488} INFO - 24/10/03 07:34:38 INFO SparkUI: Stopped Spark web UI at http://8c0d519f07a3:4040
[2024-10-03T07:34:38.038+0000] {spark_submit.py:488} INFO - 24/10/03 07:34:38 INFO StandaloneSchedulerBackend: Shutting down all executors
[2024-10-03T07:34:38.059+0000] {spark_submit.py:488} INFO - 24/10/03 07:34:38 INFO StandaloneSchedulerBackend$StandaloneDriverEndpoint: Asking each executor to shut down
[2024-10-03T07:34:38.111+0000] {spark_submit.py:488} INFO - 24/10/03 07:34:38 INFO MapOutputTrackerMasterEndpoint: MapOutputTrackerMasterEndpoint stopped!
[2024-10-03T07:34:38.159+0000] {spark_submit.py:488} INFO - 24/10/03 07:34:38 INFO MemoryStore: MemoryStore cleared
[2024-10-03T07:34:38.160+0000] {spark_submit.py:488} INFO - 24/10/03 07:34:38 INFO BlockManager: BlockManager stopped
[2024-10-03T07:34:38.176+0000] {spark_submit.py:488} INFO - 24/10/03 07:34:38 INFO BlockManagerMaster: BlockManagerMaster stopped
[2024-10-03T07:34:38.182+0000] {spark_submit.py:488} INFO - 24/10/03 07:34:38 INFO OutputCommitCoordinator$OutputCommitCoordinatorEndpoint: OutputCommitCoordinator stopped!
[2024-10-03T07:34:38.206+0000] {spark_submit.py:488} INFO - 24/10/03 07:34:38 INFO SparkContext: Successfully stopped SparkContext
[2024-10-03T07:34:38.525+0000] {spark_submit.py:488} INFO - categories doesn't have new data. Skipped...
[2024-10-03T07:34:38.528+0000] {spark_submit.py:488} INFO - [2024-10-03T07:34:38.527+0000] {clientserver.py:543} INFO - Closing down clientserver connection
[2024-10-03T07:34:39.164+0000] {spark_submit.py:488} INFO - 24/10/03 07:34:39 INFO ShutdownHookManager: Shutdown hook called
[2024-10-03T07:34:39.165+0000] {spark_submit.py:488} INFO - 24/10/03 07:34:39 INFO ShutdownHookManager: Deleting directory /tmp/spark-76199c19-42e7-4b42-8906-8c37fd5397b8
[2024-10-03T07:34:39.170+0000] {spark_submit.py:488} INFO - 24/10/03 07:34:39 INFO ShutdownHookManager: Deleting directory /tmp/spark-0a9dd7c5-beb0-49a4-a262-795d8397be23/pyspark-d701f42f-5748-46be-8038-8f55953af0b4
[2024-10-03T07:34:39.175+0000] {spark_submit.py:488} INFO - 24/10/03 07:34:39 INFO ShutdownHookManager: Deleting directory /tmp/spark-0a9dd7c5-beb0-49a4-a262-795d8397be23
[2024-10-03T07:34:39.249+0000] {taskinstance.py:340} INFO - ::group::Post task execution logs
[2024-10-03T07:34:39.250+0000] {taskinstance.py:352} INFO - Marking task as SUCCESS. dag_id=etl_pipeline, task_id=warehouse.step_1.extract_transform.categories, run_id=scheduled__2024-10-02T00:00:00+00:00, execution_date=20241002T000000, start_date=20241003T073424, end_date=20241003T073439
[2024-10-03T07:34:39.311+0000] {local_task_job_runner.py:266} INFO - Task exited with return code 0
[2024-10-03T07:34:39.340+0000] {taskinstance.py:3900} INFO - 0 downstream tasks scheduled from follow-on schedule check
[2024-10-03T07:34:39.343+0000] {local_task_job_runner.py:245} INFO - ::endgroup::
