[2024-10-03T07:28:53.140+0000] {local_task_job_runner.py:123} INFO - ::group::Pre task execution logs
[2024-10-03T07:28:53.168+0000] {taskinstance.py:2612} INFO - Dependencies all met for dep_context=non-requeueable deps ti=<TaskInstance: etl_pipeline.warehouse.step_1.extract_transform.categories scheduled__2024-10-02T00:00:00+00:00 [queued]>
[2024-10-03T07:28:53.182+0000] {taskinstance.py:2612} INFO - Dependencies all met for dep_context=requeueable deps ti=<TaskInstance: etl_pipeline.warehouse.step_1.extract_transform.categories scheduled__2024-10-02T00:00:00+00:00 [queued]>
[2024-10-03T07:28:53.183+0000] {taskinstance.py:2865} INFO - Starting attempt 28 of 28
[2024-10-03T07:28:53.201+0000] {taskinstance.py:2888} INFO - Executing <Task(SparkSubmitOperator): warehouse.step_1.extract_transform.categories> on 2024-10-02 00:00:00+00:00
[2024-10-03T07:28:53.215+0000] {logging_mixin.py:190} WARNING - /home/***/.local/lib/python3.12/site-packages/***/task/task_runner/standard_task_runner.py:70 DeprecationWarning: This process (pid=30404) is multi-threaded, use of fork() may lead to deadlocks in the child.
[2024-10-03T07:28:53.217+0000] {standard_task_runner.py:72} INFO - Started process 30411 to run task
[2024-10-03T07:28:53.216+0000] {standard_task_runner.py:104} INFO - Running: ['***', 'tasks', 'run', 'etl_pipeline', 'warehouse.step_1.extract_transform.categories', 'scheduled__2024-10-02T00:00:00+00:00', '--job-id', '13569', '--raw', '--subdir', 'DAGS_FOLDER/etl_pipeline/run.py', '--cfg-path', '/tmp/tmpu2igmcsm']
[2024-10-03T07:28:53.220+0000] {standard_task_runner.py:105} INFO - Job 13569: Subtask warehouse.step_1.extract_transform.categories
[2024-10-03T07:28:53.306+0000] {task_command.py:467} INFO - Running <TaskInstance: etl_pipeline.warehouse.step_1.extract_transform.categories scheduled__2024-10-02T00:00:00+00:00 [running]> on host 8c0d519f07a3
[2024-10-03T07:28:53.444+0000] {taskinstance.py:3131} INFO - Exporting env vars: AIRFLOW_CTX_DAG_OWNER='***' AIRFLOW_CTX_DAG_ID='etl_pipeline' AIRFLOW_CTX_TASK_ID='warehouse.step_1.extract_transform.categories' AIRFLOW_CTX_EXECUTION_DATE='2024-10-02T00:00:00+00:00' AIRFLOW_CTX_TRY_NUMBER='28' AIRFLOW_CTX_DAG_RUN_ID='scheduled__2024-10-02T00:00:00+00:00'
[2024-10-03T07:28:53.445+0000] {taskinstance.py:731} INFO - ::endgroup::
[2024-10-03T07:28:53.464+0000] {base.py:84} INFO - Retrieving connection 'spark-conn'
[2024-10-03T07:28:53.465+0000] {spark_submit.py:335} INFO - Spark-Submit cmd: spark-submit --master spark://spark-master:7077 --name arrow-spark dags/etl_pipeline/tasks/warehouse/components/extract_transform.py categories True 2024-10-02
[2024-10-03T07:28:53.529+0000] {spark_submit.py:488} INFO - /home/***/.local/lib/python3.12/site-packages/pyspark/bin/load-spark-env.sh: line 68: ps: command not found
[2024-10-03T07:29:01.622+0000] {spark_submit.py:488} INFO - 24/10/03 07:29:01 INFO SparkContext: Running Spark version 3.5.3
[2024-10-03T07:29:01.625+0000] {spark_submit.py:488} INFO - 24/10/03 07:29:01 INFO SparkContext: OS info Linux, 5.15.153.1-microsoft-standard-WSL2, amd64
[2024-10-03T07:29:01.626+0000] {spark_submit.py:488} INFO - 24/10/03 07:29:01 INFO SparkContext: Java version 17.0.12
[2024-10-03T07:29:01.743+0000] {spark_submit.py:488} INFO - 24/10/03 07:29:01 WARN NativeCodeLoader: Unable to load native-hadoop library for your platform... using builtin-java classes where applicable
[2024-10-03T07:29:01.915+0000] {spark_submit.py:488} INFO - 24/10/03 07:29:01 INFO ResourceUtils: ==============================================================
[2024-10-03T07:29:01.916+0000] {spark_submit.py:488} INFO - 24/10/03 07:29:01 INFO ResourceUtils: No custom resources configured for spark.driver.
[2024-10-03T07:29:01.918+0000] {spark_submit.py:488} INFO - 24/10/03 07:29:01 INFO ResourceUtils: ==============================================================
[2024-10-03T07:29:01.920+0000] {spark_submit.py:488} INFO - 24/10/03 07:29:01 INFO SparkContext: Submitted application: Extract Transform - categories
[2024-10-03T07:29:01.968+0000] {spark_submit.py:488} INFO - 24/10/03 07:29:01 INFO ResourceProfile: Default ResourceProfile created, executor resources: Map(memory -> name: memory, amount: 1024, script: , vendor: , offHeap -> name: offHeap, amount: 0, script: , vendor: ), task resources: Map(cpus -> name: cpus, amount: 1.0)
[2024-10-03T07:29:01.989+0000] {spark_submit.py:488} INFO - 24/10/03 07:29:01 INFO ResourceProfile: Limiting resource is cpu
[2024-10-03T07:29:01.992+0000] {spark_submit.py:488} INFO - 24/10/03 07:29:01 INFO ResourceProfileManager: Added ResourceProfile id: 0
[2024-10-03T07:29:02.103+0000] {spark_submit.py:488} INFO - 24/10/03 07:29:02 INFO SecurityManager: Changing view acls to: ***
[2024-10-03T07:29:02.106+0000] {spark_submit.py:488} INFO - 24/10/03 07:29:02 INFO SecurityManager: Changing modify acls to: ***
[2024-10-03T07:29:02.108+0000] {spark_submit.py:488} INFO - 24/10/03 07:29:02 INFO SecurityManager: Changing view acls groups to:
[2024-10-03T07:29:02.111+0000] {spark_submit.py:488} INFO - 24/10/03 07:29:02 INFO SecurityManager: Changing modify acls groups to:
[2024-10-03T07:29:02.113+0000] {spark_submit.py:488} INFO - 24/10/03 07:29:02 INFO SecurityManager: SecurityManager: authentication disabled; ui acls disabled; users with view permissions: ***; groups with view permissions: EMPTY; users with modify permissions: ***; groups with modify permissions: EMPTY
[2024-10-03T07:29:02.593+0000] {spark_submit.py:488} INFO - 24/10/03 07:29:02 INFO Utils: Successfully started service 'sparkDriver' on port 41987.
[2024-10-03T07:29:02.644+0000] {spark_submit.py:488} INFO - 24/10/03 07:29:02 INFO SparkEnv: Registering MapOutputTracker
[2024-10-03T07:29:02.710+0000] {spark_submit.py:488} INFO - 24/10/03 07:29:02 INFO SparkEnv: Registering BlockManagerMaster
[2024-10-03T07:29:02.751+0000] {spark_submit.py:488} INFO - 24/10/03 07:29:02 INFO BlockManagerMasterEndpoint: Using org.apache.spark.storage.DefaultTopologyMapper for getting topology information
[2024-10-03T07:29:02.753+0000] {spark_submit.py:488} INFO - 24/10/03 07:29:02 INFO BlockManagerMasterEndpoint: BlockManagerMasterEndpoint up
[2024-10-03T07:29:02.760+0000] {spark_submit.py:488} INFO - 24/10/03 07:29:02 INFO SparkEnv: Registering BlockManagerMasterHeartbeat
[2024-10-03T07:29:02.799+0000] {spark_submit.py:488} INFO - 24/10/03 07:29:02 INFO DiskBlockManager: Created local directory at /tmp/blockmgr-d24c91a7-d375-4599-8f53-f8456355f946
[2024-10-03T07:29:02.826+0000] {spark_submit.py:488} INFO - 24/10/03 07:29:02 INFO MemoryStore: MemoryStore started with capacity 434.4 MiB
[2024-10-03T07:29:02.855+0000] {spark_submit.py:488} INFO - 24/10/03 07:29:02 INFO SparkEnv: Registering OutputCommitCoordinator
[2024-10-03T07:29:03.073+0000] {spark_submit.py:488} INFO - 24/10/03 07:29:03 INFO JettyUtils: Start Jetty 0.0.0.0:4040 for SparkUI
[2024-10-03T07:29:03.193+0000] {spark_submit.py:488} INFO - 24/10/03 07:29:03 INFO Utils: Successfully started service 'SparkUI' on port 4040.
[2024-10-03T07:29:03.476+0000] {spark_submit.py:488} INFO - 24/10/03 07:29:03 INFO StandaloneAppClient$ClientEndpoint: Connecting to master spark://spark-master:7077...
[2024-10-03T07:29:03.558+0000] {spark_submit.py:488} INFO - 24/10/03 07:29:03 INFO TransportClientFactory: Successfully created connection to spark-master/172.20.0.2:7077 after 45 ms (0 ms spent in bootstraps)
[2024-10-03T07:29:03.817+0000] {spark_submit.py:488} INFO - 24/10/03 07:29:03 INFO StandaloneSchedulerBackend: Connected to Spark cluster with app ID app-20241003072903-0025
[2024-10-03T07:29:03.826+0000] {spark_submit.py:488} INFO - 24/10/03 07:29:03 INFO StandaloneAppClient$ClientEndpoint: Executor added: app-20241003072903-0025/0 on worker-20241003061731-172.20.0.9-38803 (172.20.0.9:38803) with 2 core(s)
[2024-10-03T07:29:03.832+0000] {spark_submit.py:488} INFO - 24/10/03 07:29:03 INFO StandaloneSchedulerBackend: Granted executor ID app-20241003072903-0025/0 on hostPort 172.20.0.9:38803 with 2 core(s), 1024.0 MiB RAM
[2024-10-03T07:29:03.858+0000] {spark_submit.py:488} INFO - 24/10/03 07:29:03 INFO Utils: Successfully started service 'org.apache.spark.network.netty.NettyBlockTransferService' on port 40485.
[2024-10-03T07:29:03.864+0000] {spark_submit.py:488} INFO - 24/10/03 07:29:03 INFO NettyBlockTransferService: Server created on 8c0d519f07a3:40485
[2024-10-03T07:29:03.876+0000] {spark_submit.py:488} INFO - 24/10/03 07:29:03 INFO BlockManager: Using org.apache.spark.storage.RandomBlockReplicationPolicy for block replication policy
[2024-10-03T07:29:03.898+0000] {spark_submit.py:488} INFO - 24/10/03 07:29:03 INFO BlockManagerMaster: Registering BlockManager BlockManagerId(driver, 8c0d519f07a3, 40485, None)
[2024-10-03T07:29:03.909+0000] {spark_submit.py:488} INFO - 24/10/03 07:29:03 INFO BlockManagerMasterEndpoint: Registering block manager 8c0d519f07a3:40485 with 434.4 MiB RAM, BlockManagerId(driver, 8c0d519f07a3, 40485, None)
[2024-10-03T07:29:03.916+0000] {spark_submit.py:488} INFO - 24/10/03 07:29:03 INFO BlockManagerMaster: Registered BlockManager BlockManagerId(driver, 8c0d519f07a3, 40485, None)
[2024-10-03T07:29:03.920+0000] {spark_submit.py:488} INFO - 24/10/03 07:29:03 INFO StandaloneAppClient$ClientEndpoint: Executor updated: app-20241003072903-0025/0 is now RUNNING
[2024-10-03T07:29:03.921+0000] {spark_submit.py:488} INFO - 24/10/03 07:29:03 INFO BlockManager: Initialized BlockManager: BlockManagerId(driver, 8c0d519f07a3, 40485, None)
[2024-10-03T07:29:04.510+0000] {spark_submit.py:488} INFO - 24/10/03 07:29:04 INFO StandaloneSchedulerBackend: SchedulerBackend is ready for scheduling beginning after reached minRegisteredResourcesRatio: 0.0
[2024-10-03T07:29:06.628+0000] {spark_submit.py:488} INFO - [2024-10-03T07:29:06.626+0000] {base.py:84} INFO - Retrieving connection 'staging_db'
[2024-10-03T07:29:06.652+0000] {spark_submit.py:488} INFO - 24/10/03 07:29:06 INFO SparkContext: SparkContext is stopping with exitCode 0.
[2024-10-03T07:29:06.680+0000] {spark_submit.py:488} INFO - 24/10/03 07:29:06 INFO SparkUI: Stopped Spark web UI at http://8c0d519f07a3:4040
[2024-10-03T07:29:06.692+0000] {spark_submit.py:488} INFO - 24/10/03 07:29:06 INFO StandaloneSchedulerBackend: Shutting down all executors
[2024-10-03T07:29:06.699+0000] {spark_submit.py:488} INFO - 24/10/03 07:29:06 INFO StandaloneSchedulerBackend$StandaloneDriverEndpoint: Asking each executor to shut down
[2024-10-03T07:29:06.739+0000] {spark_submit.py:488} INFO - 24/10/03 07:29:06 INFO MapOutputTrackerMasterEndpoint: MapOutputTrackerMasterEndpoint stopped!
[2024-10-03T07:29:06.757+0000] {spark_submit.py:488} INFO - 24/10/03 07:29:06 INFO MemoryStore: MemoryStore cleared
[2024-10-03T07:29:06.758+0000] {spark_submit.py:488} INFO - 24/10/03 07:29:06 INFO BlockManager: BlockManager stopped
[2024-10-03T07:29:06.769+0000] {spark_submit.py:488} INFO - 24/10/03 07:29:06 INFO BlockManagerMaster: BlockManagerMaster stopped
[2024-10-03T07:29:06.773+0000] {spark_submit.py:488} INFO - 24/10/03 07:29:06 INFO OutputCommitCoordinator$OutputCommitCoordinatorEndpoint: OutputCommitCoordinator stopped!
[2024-10-03T07:29:06.787+0000] {spark_submit.py:488} INFO - 24/10/03 07:29:06 INFO SparkContext: Successfully stopped SparkContext
[2024-10-03T07:29:07.070+0000] {spark_submit.py:488} INFO - categories doesn't have new data. Skipped...
[2024-10-03T07:29:07.072+0000] {spark_submit.py:488} INFO - [2024-10-03T07:29:07.071+0000] {clientserver.py:543} INFO - Closing down clientserver connection
[2024-10-03T07:29:07.645+0000] {spark_submit.py:488} INFO - 24/10/03 07:29:07 INFO ShutdownHookManager: Shutdown hook called
[2024-10-03T07:29:07.646+0000] {spark_submit.py:488} INFO - 24/10/03 07:29:07 INFO ShutdownHookManager: Deleting directory /tmp/spark-00b321e8-154e-48c3-8e66-4166b2aab414
[2024-10-03T07:29:07.650+0000] {spark_submit.py:488} INFO - 24/10/03 07:29:07 INFO ShutdownHookManager: Deleting directory /tmp/spark-00b321e8-154e-48c3-8e66-4166b2aab414/pyspark-80041130-752c-4a13-9855-d4a03d2ea752
[2024-10-03T07:29:07.654+0000] {spark_submit.py:488} INFO - 24/10/03 07:29:07 INFO ShutdownHookManager: Deleting directory /tmp/spark-e9cf3d09-e6ad-4f8c-9bd8-2e50c73574e8
[2024-10-03T07:29:07.702+0000] {taskinstance.py:340} INFO - ::group::Post task execution logs
[2024-10-03T07:29:07.703+0000] {taskinstance.py:352} INFO - Marking task as SUCCESS. dag_id=etl_pipeline, task_id=warehouse.step_1.extract_transform.categories, run_id=scheduled__2024-10-02T00:00:00+00:00, execution_date=20241002T000000, start_date=20241003T072853, end_date=20241003T072907
[2024-10-03T07:29:07.739+0000] {local_task_job_runner.py:266} INFO - Task exited with return code 0
[2024-10-03T07:29:07.766+0000] {taskinstance.py:3900} INFO - 0 downstream tasks scheduled from follow-on schedule check
[2024-10-03T07:29:07.769+0000] {local_task_job_runner.py:245} INFO - ::endgroup::
