[2024-10-03T07:08:01.641+0000] {local_task_job_runner.py:123} INFO - ::group::Pre task execution logs
[2024-10-03T07:08:01.669+0000] {taskinstance.py:2612} INFO - Dependencies all met for dep_context=non-requeueable deps ti=<TaskInstance: etl_pipeline.warehouse.step_1.extract_transform.categories scheduled__2024-10-02T00:00:00+00:00 [queued]>
[2024-10-03T07:08:01.682+0000] {taskinstance.py:2612} INFO - Dependencies all met for dep_context=requeueable deps ti=<TaskInstance: etl_pipeline.warehouse.step_1.extract_transform.categories scheduled__2024-10-02T00:00:00+00:00 [queued]>
[2024-10-03T07:08:01.682+0000] {taskinstance.py:2865} INFO - Starting attempt 15 of 15
[2024-10-03T07:08:01.701+0000] {taskinstance.py:2888} INFO - Executing <Task(SparkSubmitOperator): warehouse.step_1.extract_transform.categories> on 2024-10-02 00:00:00+00:00
[2024-10-03T07:08:01.714+0000] {standard_task_runner.py:104} INFO - Running: ['***', 'tasks', 'run', 'etl_pipeline', 'warehouse.step_1.extract_transform.categories', 'scheduled__2024-10-02T00:00:00+00:00', '--job-id', '13556', '--raw', '--subdir', 'DAGS_FOLDER/etl_pipeline/run.py', '--cfg-path', '/tmp/tmpd710gm7r']
[2024-10-03T07:08:01.718+0000] {standard_task_runner.py:105} INFO - Job 13556: Subtask warehouse.step_1.extract_transform.categories
[2024-10-03T07:08:01.719+0000] {logging_mixin.py:190} WARNING - /home/***/.local/lib/python3.12/site-packages/***/task/task_runner/standard_task_runner.py:70 DeprecationWarning: This process (pid=26238) is multi-threaded, use of fork() may lead to deadlocks in the child.
[2024-10-03T07:08:01.720+0000] {standard_task_runner.py:72} INFO - Started process 26243 to run task
[2024-10-03T07:08:01.824+0000] {task_command.py:467} INFO - Running <TaskInstance: etl_pipeline.warehouse.step_1.extract_transform.categories scheduled__2024-10-02T00:00:00+00:00 [running]> on host 8c0d519f07a3
[2024-10-03T07:08:02.032+0000] {taskinstance.py:3131} INFO - Exporting env vars: AIRFLOW_CTX_DAG_OWNER='***' AIRFLOW_CTX_DAG_ID='etl_pipeline' AIRFLOW_CTX_TASK_ID='warehouse.step_1.extract_transform.categories' AIRFLOW_CTX_EXECUTION_DATE='2024-10-02T00:00:00+00:00' AIRFLOW_CTX_TRY_NUMBER='15' AIRFLOW_CTX_DAG_RUN_ID='scheduled__2024-10-02T00:00:00+00:00'
[2024-10-03T07:08:02.035+0000] {taskinstance.py:731} INFO - ::endgroup::
[2024-10-03T07:08:02.062+0000] {base.py:84} INFO - Retrieving connection 'spark-conn'
[2024-10-03T07:08:02.064+0000] {spark_submit.py:335} INFO - Spark-Submit cmd: spark-submit --master spark://spark-master:7077 --name arrow-spark dags/etl_pipeline/tasks/warehouse/components/extract_transform.py categories False 2024-10-02
[2024-10-03T07:08:02.161+0000] {spark_submit.py:488} INFO - /home/***/.local/lib/python3.12/site-packages/pyspark/bin/load-spark-env.sh: line 68: ps: command not found
[2024-10-03T07:08:10.741+0000] {spark_submit.py:488} INFO - 24/10/03 07:08:10 INFO SparkContext: Running Spark version 3.5.3
[2024-10-03T07:08:10.744+0000] {spark_submit.py:488} INFO - 24/10/03 07:08:10 INFO SparkContext: OS info Linux, 5.15.153.1-microsoft-standard-WSL2, amd64
[2024-10-03T07:08:10.745+0000] {spark_submit.py:488} INFO - 24/10/03 07:08:10 INFO SparkContext: Java version 17.0.12
[2024-10-03T07:08:10.846+0000] {spark_submit.py:488} INFO - 24/10/03 07:08:10 WARN NativeCodeLoader: Unable to load native-hadoop library for your platform... using builtin-java classes where applicable
[2024-10-03T07:08:11.046+0000] {spark_submit.py:488} INFO - 24/10/03 07:08:11 INFO ResourceUtils: ==============================================================
[2024-10-03T07:08:11.047+0000] {spark_submit.py:488} INFO - 24/10/03 07:08:11 INFO ResourceUtils: No custom resources configured for spark.driver.
[2024-10-03T07:08:11.048+0000] {spark_submit.py:488} INFO - 24/10/03 07:08:11 INFO ResourceUtils: ==============================================================
[2024-10-03T07:08:11.049+0000] {spark_submit.py:488} INFO - 24/10/03 07:08:11 INFO SparkContext: Submitted application: Extract Transform - categories
[2024-10-03T07:08:11.092+0000] {spark_submit.py:488} INFO - 24/10/03 07:08:11 INFO ResourceProfile: Default ResourceProfile created, executor resources: Map(memory -> name: memory, amount: 1024, script: , vendor: , offHeap -> name: offHeap, amount: 0, script: , vendor: ), task resources: Map(cpus -> name: cpus, amount: 1.0)
[2024-10-03T07:08:11.108+0000] {spark_submit.py:488} INFO - 24/10/03 07:08:11 INFO ResourceProfile: Limiting resource is cpu
[2024-10-03T07:08:11.110+0000] {spark_submit.py:488} INFO - 24/10/03 07:08:11 INFO ResourceProfileManager: Added ResourceProfile id: 0
[2024-10-03T07:08:11.207+0000] {spark_submit.py:488} INFO - 24/10/03 07:08:11 INFO SecurityManager: Changing view acls to: ***
[2024-10-03T07:08:11.208+0000] {spark_submit.py:488} INFO - 24/10/03 07:08:11 INFO SecurityManager: Changing modify acls to: ***
[2024-10-03T07:08:11.210+0000] {spark_submit.py:488} INFO - 24/10/03 07:08:11 INFO SecurityManager: Changing view acls groups to:
[2024-10-03T07:08:11.211+0000] {spark_submit.py:488} INFO - 24/10/03 07:08:11 INFO SecurityManager: Changing modify acls groups to:
[2024-10-03T07:08:11.212+0000] {spark_submit.py:488} INFO - 24/10/03 07:08:11 INFO SecurityManager: SecurityManager: authentication disabled; ui acls disabled; users with view permissions: ***; groups with view permissions: EMPTY; users with modify permissions: ***; groups with modify permissions: EMPTY
[2024-10-03T07:08:11.740+0000] {spark_submit.py:488} INFO - 24/10/03 07:08:11 INFO Utils: Successfully started service 'sparkDriver' on port 37517.
[2024-10-03T07:08:11.804+0000] {spark_submit.py:488} INFO - 24/10/03 07:08:11 INFO SparkEnv: Registering MapOutputTracker
[2024-10-03T07:08:11.914+0000] {spark_submit.py:488} INFO - 24/10/03 07:08:11 INFO SparkEnv: Registering BlockManagerMaster
[2024-10-03T07:08:11.957+0000] {spark_submit.py:488} INFO - 24/10/03 07:08:11 INFO BlockManagerMasterEndpoint: Using org.apache.spark.storage.DefaultTopologyMapper for getting topology information
[2024-10-03T07:08:11.958+0000] {spark_submit.py:488} INFO - 24/10/03 07:08:11 INFO BlockManagerMasterEndpoint: BlockManagerMasterEndpoint up
[2024-10-03T07:08:11.967+0000] {spark_submit.py:488} INFO - 24/10/03 07:08:11 INFO SparkEnv: Registering BlockManagerMasterHeartbeat
[2024-10-03T07:08:12.022+0000] {spark_submit.py:488} INFO - 24/10/03 07:08:12 INFO DiskBlockManager: Created local directory at /tmp/blockmgr-458d467e-3ffa-42e9-9e99-cb605e6f255a
[2024-10-03T07:08:12.057+0000] {spark_submit.py:488} INFO - 24/10/03 07:08:12 INFO MemoryStore: MemoryStore started with capacity 434.4 MiB
[2024-10-03T07:08:12.104+0000] {spark_submit.py:488} INFO - 24/10/03 07:08:12 INFO SparkEnv: Registering OutputCommitCoordinator
[2024-10-03T07:08:12.357+0000] {spark_submit.py:488} INFO - 24/10/03 07:08:12 INFO JettyUtils: Start Jetty 0.0.0.0:4040 for SparkUI
[2024-10-03T07:08:12.451+0000] {spark_submit.py:488} INFO - 24/10/03 07:08:12 INFO Utils: Successfully started service 'SparkUI' on port 4040.
[2024-10-03T07:08:12.865+0000] {spark_submit.py:488} INFO - 24/10/03 07:08:12 INFO StandaloneAppClient$ClientEndpoint: Connecting to master spark://spark-master:7077...
[2024-10-03T07:08:12.975+0000] {spark_submit.py:488} INFO - 24/10/03 07:08:12 INFO TransportClientFactory: Successfully created connection to spark-master/172.20.0.2:7077 after 69 ms (0 ms spent in bootstraps)
[2024-10-03T07:08:13.135+0000] {spark_submit.py:488} INFO - 24/10/03 07:08:13 INFO StandaloneSchedulerBackend: Connected to Spark cluster with app ID app-20241003070813-0012
[2024-10-03T07:08:13.139+0000] {spark_submit.py:488} INFO - 24/10/03 07:08:13 INFO StandaloneAppClient$ClientEndpoint: Executor added: app-20241003070813-0012/0 on worker-20241003061731-172.20.0.9-38803 (172.20.0.9:38803) with 2 core(s)
[2024-10-03T07:08:13.144+0000] {spark_submit.py:488} INFO - 24/10/03 07:08:13 INFO StandaloneSchedulerBackend: Granted executor ID app-20241003070813-0012/0 on hostPort 172.20.0.9:38803 with 2 core(s), 1024.0 MiB RAM
[2024-10-03T07:08:13.154+0000] {spark_submit.py:488} INFO - 24/10/03 07:08:13 INFO Utils: Successfully started service 'org.apache.spark.network.netty.NettyBlockTransferService' on port 39019.
[2024-10-03T07:08:13.155+0000] {spark_submit.py:488} INFO - 24/10/03 07:08:13 INFO NettyBlockTransferService: Server created on 8c0d519f07a3:39019
[2024-10-03T07:08:13.158+0000] {spark_submit.py:488} INFO - 24/10/03 07:08:13 INFO BlockManager: Using org.apache.spark.storage.RandomBlockReplicationPolicy for block replication policy
[2024-10-03T07:08:13.173+0000] {spark_submit.py:488} INFO - 24/10/03 07:08:13 INFO BlockManagerMaster: Registering BlockManager BlockManagerId(driver, 8c0d519f07a3, 39019, None)
[2024-10-03T07:08:13.179+0000] {spark_submit.py:488} INFO - 24/10/03 07:08:13 INFO BlockManagerMasterEndpoint: Registering block manager 8c0d519f07a3:39019 with 434.4 MiB RAM, BlockManagerId(driver, 8c0d519f07a3, 39019, None)
[2024-10-03T07:08:13.184+0000] {spark_submit.py:488} INFO - 24/10/03 07:08:13 INFO BlockManagerMaster: Registered BlockManager BlockManagerId(driver, 8c0d519f07a3, 39019, None)
[2024-10-03T07:08:13.188+0000] {spark_submit.py:488} INFO - 24/10/03 07:08:13 INFO BlockManager: Initialized BlockManager: BlockManagerId(driver, 8c0d519f07a3, 39019, None)
[2024-10-03T07:08:13.229+0000] {spark_submit.py:488} INFO - 24/10/03 07:08:13 INFO StandaloneAppClient$ClientEndpoint: Executor updated: app-20241003070813-0012/0 is now RUNNING
[2024-10-03T07:08:13.797+0000] {spark_submit.py:488} INFO - 24/10/03 07:08:13 INFO StandaloneSchedulerBackend: SchedulerBackend is ready for scheduling beginning after reached minRegisteredResourcesRatio: 0.0
[2024-10-03T07:08:16.108+0000] {spark_submit.py:488} INFO - [2024-10-03T07:08:16.107+0000] {base.py:84} INFO - Retrieving connection 'staging_db'
[2024-10-03T07:08:16.129+0000] {spark_submit.py:488} INFO - ['category', 'categoryname', 'created_at']
[2024-10-03T07:08:16.130+0000] {spark_submit.py:488} INFO - [(1, 'Action', datetime.datetime(2004, 3, 1, 0, 0)), (2, 'Animation', datetime.datetime(2004, 3, 1, 0, 0)), (3, 'Children', datetime.datetime(2004, 3, 1, 0, 0)), (4, 'Classics', datetime.datetime(2004, 3, 1, 0, 0)), (5, 'Comedy', datetime.datetime(2004, 3, 1, 0, 0)), (6, 'Documentary', datetime.datetime(2004, 3, 1, 0, 0)), (7, 'Drama', datetime.datetime(2004, 3, 1, 0, 0)), (8, 'Family', datetime.datetime(2004, 3, 1, 0, 0)), (9, 'Foreign', datetime.datetime(2004, 3, 1, 0, 0)), (10, 'Games', datetime.datetime(2004, 3, 1, 0, 0)), (11, 'Horror', datetime.datetime(2004, 3, 1, 0, 0)), (12, 'Music', datetime.datetime(2004, 3, 1, 0, 0)), (13, 'New', datetime.datetime(2004, 3, 1, 0, 0)), (14, 'Sci-Fi', datetime.datetime(2004, 3, 1, 0, 0)), (15, 'Sports', datetime.datetime(2004, 3, 1, 0, 0)), (16, 'Travel', datetime.datetime(2004, 3, 1, 0, 0))]
[2024-10-03T07:08:16.131+0000] {spark_submit.py:488} INFO - 24/10/03 07:08:16 INFO SparkContext: SparkContext is stopping with exitCode 0.
[2024-10-03T07:08:16.162+0000] {spark_submit.py:488} INFO - 24/10/03 07:08:16 INFO SparkUI: Stopped Spark web UI at http://8c0d519f07a3:4040
[2024-10-03T07:08:16.176+0000] {spark_submit.py:488} INFO - 24/10/03 07:08:16 INFO StandaloneSchedulerBackend: Shutting down all executors
[2024-10-03T07:08:16.183+0000] {spark_submit.py:488} INFO - 24/10/03 07:08:16 INFO StandaloneSchedulerBackend$StandaloneDriverEndpoint: Asking each executor to shut down
[2024-10-03T07:08:16.222+0000] {spark_submit.py:488} INFO - 24/10/03 07:08:16 INFO MapOutputTrackerMasterEndpoint: MapOutputTrackerMasterEndpoint stopped!
[2024-10-03T07:08:16.248+0000] {spark_submit.py:488} INFO - 24/10/03 07:08:16 INFO MemoryStore: MemoryStore cleared
[2024-10-03T07:08:16.249+0000] {spark_submit.py:488} INFO - 24/10/03 07:08:16 INFO BlockManager: BlockManager stopped
[2024-10-03T07:08:16.262+0000] {spark_submit.py:488} INFO - 24/10/03 07:08:16 INFO BlockManagerMaster: BlockManagerMaster stopped
[2024-10-03T07:08:16.266+0000] {spark_submit.py:488} INFO - 24/10/03 07:08:16 INFO OutputCommitCoordinator$OutputCommitCoordinatorEndpoint: OutputCommitCoordinator stopped!
[2024-10-03T07:08:16.291+0000] {spark_submit.py:488} INFO - 24/10/03 07:08:16 INFO SparkContext: Successfully stopped SparkContext
[2024-10-03T07:08:16.372+0000] {spark_submit.py:488} INFO - [2024-10-03T07:08:16.371+0000] {clientserver.py:543} INFO - Closing down clientserver connection
[2024-10-03T07:08:17.019+0000] {spark_submit.py:488} INFO - 24/10/03 07:08:17 INFO ShutdownHookManager: Shutdown hook called
[2024-10-03T07:08:17.020+0000] {spark_submit.py:488} INFO - 24/10/03 07:08:17 INFO ShutdownHookManager: Deleting directory /tmp/spark-dae6c8bd-a3f9-4e15-a742-ec7dfb50db98
[2024-10-03T07:08:17.024+0000] {spark_submit.py:488} INFO - 24/10/03 07:08:17 INFO ShutdownHookManager: Deleting directory /tmp/spark-ea3778fe-0979-4b37-a0b7-f64ffd3516ff
[2024-10-03T07:08:17.028+0000] {spark_submit.py:488} INFO - 24/10/03 07:08:17 INFO ShutdownHookManager: Deleting directory /tmp/spark-dae6c8bd-a3f9-4e15-a742-ec7dfb50db98/pyspark-f6100254-d55b-4fa8-bbcc-6cb8de024ad7
[2024-10-03T07:08:17.096+0000] {taskinstance.py:340} INFO - ::group::Post task execution logs
[2024-10-03T07:08:17.097+0000] {taskinstance.py:352} INFO - Marking task as SUCCESS. dag_id=etl_pipeline, task_id=warehouse.step_1.extract_transform.categories, run_id=scheduled__2024-10-02T00:00:00+00:00, execution_date=20241002T000000, start_date=20241003T070801, end_date=20241003T070817
[2024-10-03T07:08:17.133+0000] {local_task_job_runner.py:266} INFO - Task exited with return code 0
[2024-10-03T07:08:17.162+0000] {taskinstance.py:3900} INFO - 0 downstream tasks scheduled from follow-on schedule check
[2024-10-03T07:08:17.165+0000] {local_task_job_runner.py:245} INFO - ::endgroup::
