[2024-10-03T08:31:11.729+0000] {local_task_job_runner.py:123} INFO - ::group::Pre task execution logs
[2024-10-03T08:31:11.756+0000] {taskinstance.py:2612} INFO - Dependencies all met for dep_context=non-requeueable deps ti=<TaskInstance: etl_pipeline.warehouse.step_1.extract_transform.categories scheduled__2024-10-02T00:00:00+00:00 [queued]>
[2024-10-03T08:31:11.769+0000] {taskinstance.py:2612} INFO - Dependencies all met for dep_context=requeueable deps ti=<TaskInstance: etl_pipeline.warehouse.step_1.extract_transform.categories scheduled__2024-10-02T00:00:00+00:00 [queued]>
[2024-10-03T08:31:11.769+0000] {taskinstance.py:2865} INFO - Starting attempt 47 of 47
[2024-10-03T08:31:11.789+0000] {taskinstance.py:2888} INFO - Executing <Task(SparkSubmitOperator): warehouse.step_1.extract_transform.categories> on 2024-10-02 00:00:00+00:00
[2024-10-03T08:31:11.804+0000] {logging_mixin.py:190} WARNING - /home/***/.local/lib/python3.12/site-packages/***/task/task_runner/standard_task_runner.py:70 DeprecationWarning: This process (pid=39946) is multi-threaded, use of fork() may lead to deadlocks in the child.
[2024-10-03T08:31:11.805+0000] {standard_task_runner.py:72} INFO - Started process 39950 to run task
[2024-10-03T08:31:11.804+0000] {standard_task_runner.py:104} INFO - Running: ['***', 'tasks', 'run', 'etl_pipeline', 'warehouse.step_1.extract_transform.categories', 'scheduled__2024-10-02T00:00:00+00:00', '--job-id', '13611', '--raw', '--subdir', 'DAGS_FOLDER/etl_pipeline/run.py', '--cfg-path', '/tmp/tmpwt6jhkfe']
[2024-10-03T08:31:11.807+0000] {standard_task_runner.py:105} INFO - Job 13611: Subtask warehouse.step_1.extract_transform.categories
[2024-10-03T08:31:11.901+0000] {task_command.py:467} INFO - Running <TaskInstance: etl_pipeline.warehouse.step_1.extract_transform.categories scheduled__2024-10-02T00:00:00+00:00 [running]> on host 8c0d519f07a3
[2024-10-03T08:31:12.044+0000] {taskinstance.py:3131} INFO - Exporting env vars: AIRFLOW_CTX_DAG_OWNER='***' AIRFLOW_CTX_DAG_ID='etl_pipeline' AIRFLOW_CTX_TASK_ID='warehouse.step_1.extract_transform.categories' AIRFLOW_CTX_EXECUTION_DATE='2024-10-02T00:00:00+00:00' AIRFLOW_CTX_TRY_NUMBER='47' AIRFLOW_CTX_DAG_RUN_ID='scheduled__2024-10-02T00:00:00+00:00'
[2024-10-03T08:31:12.046+0000] {taskinstance.py:731} INFO - ::endgroup::
[2024-10-03T08:31:12.065+0000] {base.py:84} INFO - Retrieving connection 'spark-conn'
[2024-10-03T08:31:12.066+0000] {spark_submit.py:335} INFO - Spark-Submit cmd: spark-submit --master spark://spark-master:7077 --name arrow-spark dags/etl_pipeline/tasks/warehouse/components/extract_transform.py categories False 2024-10-02
[2024-10-03T08:31:12.126+0000] {spark_submit.py:488} INFO - /home/***/.local/lib/python3.12/site-packages/pyspark/bin/load-spark-env.sh: line 68: ps: command not found
[2024-10-03T08:31:20.049+0000] {spark_submit.py:488} INFO - 24/10/03 08:31:20 INFO SparkContext: Running Spark version 3.5.3
[2024-10-03T08:31:20.053+0000] {spark_submit.py:488} INFO - 24/10/03 08:31:20 INFO SparkContext: OS info Linux, 5.15.153.1-microsoft-standard-WSL2, amd64
[2024-10-03T08:31:20.053+0000] {spark_submit.py:488} INFO - 24/10/03 08:31:20 INFO SparkContext: Java version 17.0.12
[2024-10-03T08:31:20.184+0000] {spark_submit.py:488} INFO - 24/10/03 08:31:20 WARN NativeCodeLoader: Unable to load native-hadoop library for your platform... using builtin-java classes where applicable
[2024-10-03T08:31:20.405+0000] {spark_submit.py:488} INFO - 24/10/03 08:31:20 INFO ResourceUtils: ==============================================================
[2024-10-03T08:31:20.407+0000] {spark_submit.py:488} INFO - 24/10/03 08:31:20 INFO ResourceUtils: No custom resources configured for spark.driver.
[2024-10-03T08:31:20.409+0000] {spark_submit.py:488} INFO - 24/10/03 08:31:20 INFO ResourceUtils: ==============================================================
[2024-10-03T08:31:20.410+0000] {spark_submit.py:488} INFO - 24/10/03 08:31:20 INFO SparkContext: Submitted application: Extract Transform - categories
[2024-10-03T08:31:20.443+0000] {spark_submit.py:488} INFO - 24/10/03 08:31:20 INFO ResourceProfile: Default ResourceProfile created, executor resources: Map(memory -> name: memory, amount: 1024, script: , vendor: , offHeap -> name: offHeap, amount: 0, script: , vendor: ), task resources: Map(cpus -> name: cpus, amount: 1.0)
[2024-10-03T08:31:20.455+0000] {spark_submit.py:488} INFO - 24/10/03 08:31:20 INFO ResourceProfile: Limiting resource is cpu
[2024-10-03T08:31:20.457+0000] {spark_submit.py:488} INFO - 24/10/03 08:31:20 INFO ResourceProfileManager: Added ResourceProfile id: 0
[2024-10-03T08:31:20.546+0000] {spark_submit.py:488} INFO - 24/10/03 08:31:20 INFO SecurityManager: Changing view acls to: ***
[2024-10-03T08:31:20.547+0000] {spark_submit.py:488} INFO - 24/10/03 08:31:20 INFO SecurityManager: Changing modify acls to: ***
[2024-10-03T08:31:20.549+0000] {spark_submit.py:488} INFO - 24/10/03 08:31:20 INFO SecurityManager: Changing view acls groups to:
[2024-10-03T08:31:20.550+0000] {spark_submit.py:488} INFO - 24/10/03 08:31:20 INFO SecurityManager: Changing modify acls groups to:
[2024-10-03T08:31:20.552+0000] {spark_submit.py:488} INFO - 24/10/03 08:31:20 INFO SecurityManager: SecurityManager: authentication disabled; ui acls disabled; users with view permissions: ***; groups with view permissions: EMPTY; users with modify permissions: ***; groups with modify permissions: EMPTY
[2024-10-03T08:31:21.038+0000] {spark_submit.py:488} INFO - 24/10/03 08:31:21 INFO Utils: Successfully started service 'sparkDriver' on port 42287.
[2024-10-03T08:31:21.103+0000] {spark_submit.py:488} INFO - 24/10/03 08:31:21 INFO SparkEnv: Registering MapOutputTracker
[2024-10-03T08:31:21.227+0000] {spark_submit.py:488} INFO - 24/10/03 08:31:21 INFO SparkEnv: Registering BlockManagerMaster
[2024-10-03T08:31:21.277+0000] {spark_submit.py:488} INFO - 24/10/03 08:31:21 INFO BlockManagerMasterEndpoint: Using org.apache.spark.storage.DefaultTopologyMapper for getting topology information
[2024-10-03T08:31:21.279+0000] {spark_submit.py:488} INFO - 24/10/03 08:31:21 INFO BlockManagerMasterEndpoint: BlockManagerMasterEndpoint up
[2024-10-03T08:31:21.290+0000] {spark_submit.py:488} INFO - 24/10/03 08:31:21 INFO SparkEnv: Registering BlockManagerMasterHeartbeat
[2024-10-03T08:31:21.363+0000] {spark_submit.py:488} INFO - 24/10/03 08:31:21 INFO DiskBlockManager: Created local directory at /tmp/blockmgr-1b447e42-b37a-49da-b470-2abf1a308ee6
[2024-10-03T08:31:21.406+0000] {spark_submit.py:488} INFO - 24/10/03 08:31:21 INFO MemoryStore: MemoryStore started with capacity 434.4 MiB
[2024-10-03T08:31:21.448+0000] {spark_submit.py:488} INFO - 24/10/03 08:31:21 INFO SparkEnv: Registering OutputCommitCoordinator
[2024-10-03T08:31:21.688+0000] {spark_submit.py:488} INFO - 24/10/03 08:31:21 INFO JettyUtils: Start Jetty 0.0.0.0:4040 for SparkUI
[2024-10-03T08:31:21.803+0000] {spark_submit.py:488} INFO - 24/10/03 08:31:21 INFO Utils: Successfully started service 'SparkUI' on port 4040.
[2024-10-03T08:31:22.144+0000] {spark_submit.py:488} INFO - 24/10/03 08:31:22 INFO StandaloneAppClient$ClientEndpoint: Connecting to master spark://spark-master:7077...
[2024-10-03T08:31:22.297+0000] {spark_submit.py:488} INFO - 24/10/03 08:31:22 INFO TransportClientFactory: Successfully created connection to spark-master/172.20.0.2:7077 after 84 ms (0 ms spent in bootstraps)
[2024-10-03T08:31:22.526+0000] {spark_submit.py:488} INFO - 24/10/03 08:31:22 INFO StandaloneSchedulerBackend: Connected to Spark cluster with app ID app-20241003083122-0042
[2024-10-03T08:31:22.531+0000] {spark_submit.py:488} INFO - 24/10/03 08:31:22 INFO StandaloneAppClient$ClientEndpoint: Executor added: app-20241003083122-0042/0 on worker-20241003061731-172.20.0.9-38803 (172.20.0.9:38803) with 2 core(s)
[2024-10-03T08:31:22.536+0000] {spark_submit.py:488} INFO - 24/10/03 08:31:22 INFO StandaloneSchedulerBackend: Granted executor ID app-20241003083122-0042/0 on hostPort 172.20.0.9:38803 with 2 core(s), 1024.0 MiB RAM
[2024-10-03T08:31:22.547+0000] {spark_submit.py:488} INFO - 24/10/03 08:31:22 INFO Utils: Successfully started service 'org.apache.spark.network.netty.NettyBlockTransferService' on port 39867.
[2024-10-03T08:31:22.548+0000] {spark_submit.py:488} INFO - 24/10/03 08:31:22 INFO NettyBlockTransferService: Server created on 8c0d519f07a3:39867
[2024-10-03T08:31:22.552+0000] {spark_submit.py:488} INFO - 24/10/03 08:31:22 INFO BlockManager: Using org.apache.spark.storage.RandomBlockReplicationPolicy for block replication policy
[2024-10-03T08:31:22.564+0000] {spark_submit.py:488} INFO - 24/10/03 08:31:22 INFO BlockManagerMaster: Registering BlockManager BlockManagerId(driver, 8c0d519f07a3, 39867, None)
[2024-10-03T08:31:22.570+0000] {spark_submit.py:488} INFO - 24/10/03 08:31:22 INFO BlockManagerMasterEndpoint: Registering block manager 8c0d519f07a3:39867 with 434.4 MiB RAM, BlockManagerId(driver, 8c0d519f07a3, 39867, None)
[2024-10-03T08:31:22.576+0000] {spark_submit.py:488} INFO - 24/10/03 08:31:22 INFO BlockManagerMaster: Registered BlockManager BlockManagerId(driver, 8c0d519f07a3, 39867, None)
[2024-10-03T08:31:22.578+0000] {spark_submit.py:488} INFO - 24/10/03 08:31:22 INFO BlockManager: Initialized BlockManager: BlockManagerId(driver, 8c0d519f07a3, 39867, None)
[2024-10-03T08:31:22.618+0000] {spark_submit.py:488} INFO - 24/10/03 08:31:22 INFO StandaloneAppClient$ClientEndpoint: Executor updated: app-20241003083122-0042/0 is now RUNNING
[2024-10-03T08:31:23.101+0000] {spark_submit.py:488} INFO - 24/10/03 08:31:23 INFO StandaloneSchedulerBackend: SchedulerBackend is ready for scheduling beginning after reached minRegisteredResourcesRatio: 0.0
[2024-10-03T08:31:24.699+0000] {spark_submit.py:488} INFO - [2024-10-03T08:31:24.696+0000] {base.py:84} INFO - Retrieving connection 'staging_db'
[2024-10-03T08:31:24.862+0000] {spark_submit.py:488} INFO - 24/10/03 08:31:24 INFO SharedState: Setting hive.metastore.warehouse.dir ('null') to the value of spark.sql.warehouse.dir.
[2024-10-03T08:31:24.883+0000] {spark_submit.py:488} INFO - 24/10/03 08:31:24 INFO SharedState: Warehouse path is 'file:/opt/***/spark-warehouse'.
[2024-10-03T08:31:28.464+0000] {spark_submit.py:488} INFO - 24/10/03 08:31:28 INFO StandaloneSchedulerBackend$StandaloneDriverEndpoint: Registered executor NettyRpcEndpointRef(spark-client://Executor) (172.20.0.9:44152) with ID 0,  ResourceProfileId 0
[2024-10-03T08:31:28.680+0000] {spark_submit.py:488} INFO - 24/10/03 08:31:28 INFO BlockManagerMasterEndpoint: Registering block manager 172.20.0.9:39841 with 434.4 MiB RAM, BlockManagerId(0, 172.20.0.9, 39841, None)
[2024-10-03T08:31:30.792+0000] {spark_submit.py:488} INFO - 24/10/03 08:31:30 INFO CodeGenerator: Code generated in 388.998199 ms
[2024-10-03T08:31:30.954+0000] {spark_submit.py:488} INFO - 24/10/03 08:31:30 INFO DAGScheduler: Registering RDD 7 (csv at NativeMethodAccessorImpl.java:0) as input to shuffle 0
[2024-10-03T08:31:30.960+0000] {spark_submit.py:488} INFO - 24/10/03 08:31:30 INFO DAGScheduler: Got map stage job 0 (csv at NativeMethodAccessorImpl.java:0) with 2 output partitions
[2024-10-03T08:31:30.960+0000] {spark_submit.py:488} INFO - 24/10/03 08:31:30 INFO DAGScheduler: Final stage: ShuffleMapStage 0 (csv at NativeMethodAccessorImpl.java:0)
[2024-10-03T08:31:30.961+0000] {spark_submit.py:488} INFO - 24/10/03 08:31:30 INFO DAGScheduler: Parents of final stage: List()
[2024-10-03T08:31:30.962+0000] {spark_submit.py:488} INFO - 24/10/03 08:31:30 INFO DAGScheduler: Missing parents: List()
[2024-10-03T08:31:30.967+0000] {spark_submit.py:488} INFO - 24/10/03 08:31:30 INFO DAGScheduler: Submitting ShuffleMapStage 0 (MapPartitionsRDD[7] at csv at NativeMethodAccessorImpl.java:0), which has no missing parents
[2024-10-03T08:31:31.082+0000] {spark_submit.py:488} INFO - 24/10/03 08:31:31 INFO MemoryStore: Block broadcast_0 stored as values in memory (estimated size 29.2 KiB, free 434.4 MiB)
[2024-10-03T08:31:31.142+0000] {spark_submit.py:488} INFO - 24/10/03 08:31:31 INFO MemoryStore: Block broadcast_0_piece0 stored as bytes in memory (estimated size 14.1 KiB, free 434.4 MiB)
[2024-10-03T08:31:31.145+0000] {spark_submit.py:488} INFO - 24/10/03 08:31:31 INFO BlockManagerInfo: Added broadcast_0_piece0 in memory on 8c0d519f07a3:39867 (size: 14.1 KiB, free: 434.4 MiB)
[2024-10-03T08:31:31.150+0000] {spark_submit.py:488} INFO - 24/10/03 08:31:31 INFO SparkContext: Created broadcast 0 from broadcast at DAGScheduler.scala:1585
[2024-10-03T08:31:31.169+0000] {spark_submit.py:488} INFO - 24/10/03 08:31:31 INFO DAGScheduler: Submitting 2 missing tasks from ShuffleMapStage 0 (MapPartitionsRDD[7] at csv at NativeMethodAccessorImpl.java:0) (first 15 tasks are for partitions Vector(0, 1))
[2024-10-03T08:31:31.171+0000] {spark_submit.py:488} INFO - 24/10/03 08:31:31 INFO TaskSchedulerImpl: Adding task set 0.0 with 2 tasks resource profile 0
[2024-10-03T08:31:31.209+0000] {spark_submit.py:488} INFO - 24/10/03 08:31:31 INFO TaskSetManager: Starting task 0.0 in stage 0.0 (TID 0) (172.20.0.9, executor 0, partition 0, PROCESS_LOCAL, 9185 bytes)
[2024-10-03T08:31:31.216+0000] {spark_submit.py:488} INFO - 24/10/03 08:31:31 INFO TaskSetManager: Starting task 1.0 in stage 0.0 (TID 1) (172.20.0.9, executor 0, partition 1, PROCESS_LOCAL, 9170 bytes)
[2024-10-03T08:31:31.697+0000] {spark_submit.py:488} INFO - 24/10/03 08:31:31 INFO BlockManagerInfo: Added broadcast_0_piece0 in memory on 172.20.0.9:39841 (size: 14.1 KiB, free: 434.4 MiB)
[2024-10-03T08:31:35.626+0000] {spark_submit.py:488} INFO - 24/10/03 08:31:35 INFO TaskSetManager: Finished task 0.0 in stage 0.0 (TID 0) in 4430 ms on 172.20.0.9 (executor 0) (1/2)
[2024-10-03T08:31:35.629+0000] {spark_submit.py:488} INFO - 24/10/03 08:31:35 INFO TaskSetManager: Finished task 1.0 in stage 0.0 (TID 1) in 4413 ms on 172.20.0.9 (executor 0) (2/2)
[2024-10-03T08:31:35.631+0000] {spark_submit.py:488} INFO - 24/10/03 08:31:35 INFO TaskSchedulerImpl: Removed TaskSet 0.0, whose tasks have all completed, from pool
[2024-10-03T08:31:35.641+0000] {spark_submit.py:488} INFO - 24/10/03 08:31:35 INFO PythonAccumulatorV2: Connected to AccumulatorServer at host: 127.0.0.1 port: 44459
[2024-10-03T08:31:35.658+0000] {spark_submit.py:488} INFO - 24/10/03 08:31:35 INFO DAGScheduler: ShuffleMapStage 0 (csv at NativeMethodAccessorImpl.java:0) finished in 4.675 s
[2024-10-03T08:31:35.660+0000] {spark_submit.py:488} INFO - 24/10/03 08:31:35 INFO DAGScheduler: looking for newly runnable stages
[2024-10-03T08:31:35.661+0000] {spark_submit.py:488} INFO - 24/10/03 08:31:35 INFO DAGScheduler: running: Set()
[2024-10-03T08:31:35.663+0000] {spark_submit.py:488} INFO - 24/10/03 08:31:35 INFO DAGScheduler: waiting: Set()
[2024-10-03T08:31:35.664+0000] {spark_submit.py:488} INFO - 24/10/03 08:31:35 INFO DAGScheduler: failed: Set()
[2024-10-03T08:31:35.716+0000] {spark_submit.py:488} INFO - 24/10/03 08:31:35 INFO ShufflePartitionsUtil: For shuffle(0), advisory target size: 67108864, actual target size 1048576, minimum partition size: 1048576
[2024-10-03T08:31:35.842+0000] {spark_submit.py:488} INFO - 24/10/03 08:31:35 INFO FileOutputCommitter: File Output Committer Algorithm version is 1
[2024-10-03T08:31:35.842+0000] {spark_submit.py:488} INFO - 24/10/03 08:31:35 INFO FileOutputCommitter: FileOutputCommitter skip cleanup _temporary folders under output directory:false, ignore cleanup failures: false
[2024-10-03T08:31:35.844+0000] {spark_submit.py:488} INFO - 24/10/03 08:31:35 INFO SQLHadoopMapReduceCommitProtocol: Using output committer class org.apache.hadoop.mapreduce.lib.output.FileOutputCommitter
[2024-10-03T08:31:35.896+0000] {spark_submit.py:488} INFO - 24/10/03 08:31:35 INFO CodeGenerator: Code generated in 26.7498 ms
[2024-10-03T08:31:35.949+0000] {spark_submit.py:488} INFO - 24/10/03 08:31:35 INFO SparkContext: Starting job: csv at NativeMethodAccessorImpl.java:0
[2024-10-03T08:31:35.954+0000] {spark_submit.py:488} INFO - 24/10/03 08:31:35 INFO DAGScheduler: Got job 1 (csv at NativeMethodAccessorImpl.java:0) with 1 output partitions
[2024-10-03T08:31:35.956+0000] {spark_submit.py:488} INFO - 24/10/03 08:31:35 INFO DAGScheduler: Final stage: ResultStage 2 (csv at NativeMethodAccessorImpl.java:0)
[2024-10-03T08:31:35.957+0000] {spark_submit.py:488} INFO - 24/10/03 08:31:35 INFO DAGScheduler: Parents of final stage: List(ShuffleMapStage 1)
[2024-10-03T08:31:35.958+0000] {spark_submit.py:488} INFO - 24/10/03 08:31:35 INFO DAGScheduler: Missing parents: List()
[2024-10-03T08:31:35.960+0000] {spark_submit.py:488} INFO - 24/10/03 08:31:35 INFO DAGScheduler: Submitting ResultStage 2 (MapPartitionsRDD[11] at csv at NativeMethodAccessorImpl.java:0), which has no missing parents
[2024-10-03T08:31:36.060+0000] {spark_submit.py:488} INFO - 24/10/03 08:31:36 INFO MemoryStore: Block broadcast_1 stored as values in memory (estimated size 236.4 KiB, free 434.1 MiB)
[2024-10-03T08:31:36.075+0000] {spark_submit.py:488} INFO - 24/10/03 08:31:36 INFO MemoryStore: Block broadcast_1_piece0 stored as bytes in memory (estimated size 88.1 KiB, free 434.0 MiB)
[2024-10-03T08:31:36.076+0000] {spark_submit.py:488} INFO - 24/10/03 08:31:36 INFO BlockManagerInfo: Added broadcast_1_piece0 in memory on 8c0d519f07a3:39867 (size: 88.1 KiB, free: 434.3 MiB)
[2024-10-03T08:31:36.078+0000] {spark_submit.py:488} INFO - 24/10/03 08:31:36 INFO SparkContext: Created broadcast 1 from broadcast at DAGScheduler.scala:1585
[2024-10-03T08:31:36.082+0000] {spark_submit.py:488} INFO - 24/10/03 08:31:36 INFO DAGScheduler: Submitting 1 missing tasks from ResultStage 2 (MapPartitionsRDD[11] at csv at NativeMethodAccessorImpl.java:0) (first 15 tasks are for partitions Vector(0))
[2024-10-03T08:31:36.083+0000] {spark_submit.py:488} INFO - 24/10/03 08:31:36 INFO TaskSchedulerImpl: Adding task set 2.0 with 1 tasks resource profile 0
[2024-10-03T08:31:36.097+0000] {spark_submit.py:488} INFO - 24/10/03 08:31:36 INFO TaskSetManager: Starting task 0.0 in stage 2.0 (TID 2) (172.20.0.9, executor 0, partition 0, NODE_LOCAL, 9003 bytes)
[2024-10-03T08:31:36.119+0000] {spark_submit.py:488} INFO - 24/10/03 08:31:36 INFO BlockManagerInfo: Removed broadcast_0_piece0 on 8c0d519f07a3:39867 in memory (size: 14.1 KiB, free: 434.3 MiB)
[2024-10-03T08:31:36.130+0000] {spark_submit.py:488} INFO - 24/10/03 08:31:36 INFO BlockManagerInfo: Removed broadcast_0_piece0 on 172.20.0.9:39841 in memory (size: 14.1 KiB, free: 434.4 MiB)
[2024-10-03T08:31:36.158+0000] {spark_submit.py:488} INFO - 24/10/03 08:31:36 INFO BlockManagerInfo: Added broadcast_1_piece0 in memory on 172.20.0.9:39841 (size: 88.1 KiB, free: 434.3 MiB)
[2024-10-03T08:31:36.403+0000] {spark_submit.py:488} INFO - 24/10/03 08:31:36 INFO MapOutputTrackerMasterEndpoint: Asked to send map output locations for shuffle 0 to 172.20.0.9:44152
[2024-10-03T08:31:37.118+0000] {spark_submit.py:488} INFO - 24/10/03 08:31:37 INFO TaskSetManager: Finished task 0.0 in stage 2.0 (TID 2) in 1027 ms on 172.20.0.9 (executor 0) (1/1)
[2024-10-03T08:31:37.119+0000] {spark_submit.py:488} INFO - 24/10/03 08:31:37 INFO TaskSchedulerImpl: Removed TaskSet 2.0, whose tasks have all completed, from pool
[2024-10-03T08:31:37.138+0000] {spark_submit.py:488} INFO - 24/10/03 08:31:37 INFO DAGScheduler: ResultStage 2 (csv at NativeMethodAccessorImpl.java:0) finished in 1.138 s
[2024-10-03T08:31:37.139+0000] {spark_submit.py:488} INFO - 24/10/03 08:31:37 INFO DAGScheduler: Job 1 is finished. Cancelling potential speculative or zombie tasks for this job
[2024-10-03T08:31:37.142+0000] {spark_submit.py:488} INFO - 24/10/03 08:31:37 INFO TaskSchedulerImpl: Killing all running tasks in stage 2: Stage finished
[2024-10-03T08:31:37.143+0000] {spark_submit.py:488} INFO - 24/10/03 08:31:37 INFO DAGScheduler: Job 1 finished: csv at NativeMethodAccessorImpl.java:0, took 1.182851 s
[2024-10-03T08:31:37.144+0000] {spark_submit.py:488} INFO - 24/10/03 08:31:37 INFO FileFormatWriter: Start to commit write Job 8522058a-eca1-433b-8781-f397cc2d48a9.
[2024-10-03T08:31:37.186+0000] {spark_submit.py:488} INFO - 24/10/03 08:31:37 INFO FileFormatWriter: Write Job 8522058a-eca1-433b-8781-f397cc2d48a9 committed. Elapsed time: 43 ms.
[2024-10-03T08:31:37.194+0000] {spark_submit.py:488} INFO - 24/10/03 08:31:37 INFO FileFormatWriter: Finished processing stats for write job 8522058a-eca1-433b-8781-f397cc2d48a9.
[2024-10-03T08:31:37.215+0000] {spark_submit.py:488} INFO - [2024-10-03T08:31:37.214+0000] {base.py:84} INFO - Retrieving connection 'minio'
[2024-10-03T08:31:37.247+0000] {spark_submit.py:488} INFO - [2024-10-03T08:31:37.246+0000] {base.py:84} INFO - Retrieving connection 'minio'
[2024-10-03T08:31:37.277+0000] {spark_submit.py:488} INFO - Empty DataFrame
[2024-10-03T08:31:37.277+0000] {spark_submit.py:488} INFO - Columns: [crc]
[2024-10-03T08:31:37.278+0000] {spark_submit.py:488} INFO - Index: []
[2024-10-03T08:31:37.279+0000] {spark_submit.py:488} INFO - 24/10/03 08:31:37 INFO SparkContext: SparkContext is stopping with exitCode 0.
[2024-10-03T08:31:37.297+0000] {spark_submit.py:488} INFO - 24/10/03 08:31:37 INFO SparkUI: Stopped Spark web UI at http://8c0d519f07a3:4040
[2024-10-03T08:31:37.303+0000] {spark_submit.py:488} INFO - 24/10/03 08:31:37 INFO StandaloneSchedulerBackend: Shutting down all executors
[2024-10-03T08:31:37.306+0000] {spark_submit.py:488} INFO - 24/10/03 08:31:37 INFO StandaloneSchedulerBackend$StandaloneDriverEndpoint: Asking each executor to shut down
[2024-10-03T08:31:37.345+0000] {spark_submit.py:488} INFO - 24/10/03 08:31:37 INFO MapOutputTrackerMasterEndpoint: MapOutputTrackerMasterEndpoint stopped!
[2024-10-03T08:31:37.397+0000] {spark_submit.py:488} INFO - 24/10/03 08:31:37 INFO MemoryStore: MemoryStore cleared
[2024-10-03T08:31:37.399+0000] {spark_submit.py:488} INFO - 24/10/03 08:31:37 INFO BlockManager: BlockManager stopped
[2024-10-03T08:31:37.411+0000] {spark_submit.py:488} INFO - 24/10/03 08:31:37 INFO BlockManagerMaster: BlockManagerMaster stopped
[2024-10-03T08:31:37.417+0000] {spark_submit.py:488} INFO - 24/10/03 08:31:37 INFO OutputCommitCoordinator$OutputCommitCoordinatorEndpoint: OutputCommitCoordinator stopped!
[2024-10-03T08:31:37.446+0000] {spark_submit.py:488} INFO - 24/10/03 08:31:37 INFO SparkContext: Successfully stopped SparkContext
[2024-10-03T08:31:38.127+0000] {spark_submit.py:488} INFO - [2024-10-03T08:31:38.126+0000] {clientserver.py:543} INFO - Closing down clientserver connection
[2024-10-03T08:31:38.752+0000] {spark_submit.py:488} INFO - 24/10/03 08:31:38 INFO ShutdownHookManager: Shutdown hook called
[2024-10-03T08:31:38.755+0000] {spark_submit.py:488} INFO - 24/10/03 08:31:38 INFO ShutdownHookManager: Deleting directory /tmp/spark-6c942b6b-723f-4544-8982-f13afe7327dc
[2024-10-03T08:31:38.760+0000] {spark_submit.py:488} INFO - 24/10/03 08:31:38 INFO ShutdownHookManager: Deleting directory /tmp/spark-f0ffab00-bc23-48c9-8040-f02355984e0a
[2024-10-03T08:31:38.766+0000] {spark_submit.py:488} INFO - 24/10/03 08:31:38 INFO ShutdownHookManager: Deleting directory /tmp/spark-6c942b6b-723f-4544-8982-f13afe7327dc/pyspark-d9caeef5-4bca-4818-8101-6ed41f849818
[2024-10-03T08:31:38.847+0000] {taskinstance.py:340} INFO - ::group::Post task execution logs
[2024-10-03T08:31:38.848+0000] {taskinstance.py:352} INFO - Marking task as SUCCESS. dag_id=etl_pipeline, task_id=warehouse.step_1.extract_transform.categories, run_id=scheduled__2024-10-02T00:00:00+00:00, execution_date=20241002T000000, start_date=20241003T083111, end_date=20241003T083138
[2024-10-03T08:31:38.919+0000] {local_task_job_runner.py:266} INFO - Task exited with return code 0
[2024-10-03T08:31:38.947+0000] {taskinstance.py:3900} INFO - 0 downstream tasks scheduled from follow-on schedule check
[2024-10-03T08:31:38.950+0000] {local_task_job_runner.py:245} INFO - ::endgroup::
