[2024-10-03T07:57:11.386+0000] {local_task_job_runner.py:123} INFO - ::group::Pre task execution logs
[2024-10-03T07:57:11.424+0000] {taskinstance.py:2612} INFO - Dependencies all met for dep_context=non-requeueable deps ti=<TaskInstance: etl_pipeline.warehouse.step_1.extract_transform.categories scheduled__2024-10-02T00:00:00+00:00 [queued]>
[2024-10-03T07:57:11.443+0000] {taskinstance.py:2612} INFO - Dependencies all met for dep_context=requeueable deps ti=<TaskInstance: etl_pipeline.warehouse.step_1.extract_transform.categories scheduled__2024-10-02T00:00:00+00:00 [queued]>
[2024-10-03T07:57:11.444+0000] {taskinstance.py:2865} INFO - Starting attempt 39 of 39
[2024-10-03T07:57:11.467+0000] {taskinstance.py:2888} INFO - Executing <Task(SparkSubmitOperator): warehouse.step_1.extract_transform.categories> on 2024-10-02 00:00:00+00:00
[2024-10-03T07:57:11.482+0000] {logging_mixin.py:190} WARNING - /home/***/.local/lib/python3.12/site-packages/***/task/task_runner/standard_task_runner.py:70 DeprecationWarning: This process (pid=35105) is multi-threaded, use of fork() may lead to deadlocks in the child.
[2024-10-03T07:57:11.484+0000] {standard_task_runner.py:72} INFO - Started process 35109 to run task
[2024-10-03T07:57:11.483+0000] {standard_task_runner.py:104} INFO - Running: ['***', 'tasks', 'run', 'etl_pipeline', 'warehouse.step_1.extract_transform.categories', 'scheduled__2024-10-02T00:00:00+00:00', '--job-id', '13600', '--raw', '--subdir', 'DAGS_FOLDER/etl_pipeline/run.py', '--cfg-path', '/tmp/tmppy7m_py6']
[2024-10-03T07:57:11.486+0000] {standard_task_runner.py:105} INFO - Job 13600: Subtask warehouse.step_1.extract_transform.categories
[2024-10-03T07:57:11.583+0000] {task_command.py:467} INFO - Running <TaskInstance: etl_pipeline.warehouse.step_1.extract_transform.categories scheduled__2024-10-02T00:00:00+00:00 [running]> on host 8c0d519f07a3
[2024-10-03T07:57:11.762+0000] {taskinstance.py:3131} INFO - Exporting env vars: AIRFLOW_CTX_DAG_OWNER='***' AIRFLOW_CTX_DAG_ID='etl_pipeline' AIRFLOW_CTX_TASK_ID='warehouse.step_1.extract_transform.categories' AIRFLOW_CTX_EXECUTION_DATE='2024-10-02T00:00:00+00:00' AIRFLOW_CTX_TRY_NUMBER='39' AIRFLOW_CTX_DAG_RUN_ID='scheduled__2024-10-02T00:00:00+00:00'
[2024-10-03T07:57:11.766+0000] {taskinstance.py:731} INFO - ::endgroup::
[2024-10-03T07:57:11.793+0000] {base.py:84} INFO - Retrieving connection 'spark-conn'
[2024-10-03T07:57:11.795+0000] {spark_submit.py:335} INFO - Spark-Submit cmd: spark-submit --master spark://spark-master:7077 --name arrow-spark dags/etl_pipeline/tasks/warehouse/components/extract_transform.py categories True 2024-10-02
[2024-10-03T07:57:11.880+0000] {spark_submit.py:488} INFO - /home/***/.local/lib/python3.12/site-packages/pyspark/bin/load-spark-env.sh: line 68: ps: command not found
[2024-10-03T07:57:20.640+0000] {spark_submit.py:488} INFO - 24/10/03 07:57:20 INFO SparkContext: Running Spark version 3.5.3
[2024-10-03T07:57:20.644+0000] {spark_submit.py:488} INFO - 24/10/03 07:57:20 INFO SparkContext: OS info Linux, 5.15.153.1-microsoft-standard-WSL2, amd64
[2024-10-03T07:57:20.644+0000] {spark_submit.py:488} INFO - 24/10/03 07:57:20 INFO SparkContext: Java version 17.0.12
[2024-10-03T07:57:20.717+0000] {spark_submit.py:488} INFO - 24/10/03 07:57:20 WARN NativeCodeLoader: Unable to load native-hadoop library for your platform... using builtin-java classes where applicable
[2024-10-03T07:57:20.882+0000] {spark_submit.py:488} INFO - 24/10/03 07:57:20 INFO ResourceUtils: ==============================================================
[2024-10-03T07:57:20.882+0000] {spark_submit.py:488} INFO - 24/10/03 07:57:20 INFO ResourceUtils: No custom resources configured for spark.driver.
[2024-10-03T07:57:20.883+0000] {spark_submit.py:488} INFO - 24/10/03 07:57:20 INFO ResourceUtils: ==============================================================
[2024-10-03T07:57:20.884+0000] {spark_submit.py:488} INFO - 24/10/03 07:57:20 INFO SparkContext: Submitted application: Extract Transform - categories
[2024-10-03T07:57:20.915+0000] {spark_submit.py:488} INFO - 24/10/03 07:57:20 INFO ResourceProfile: Default ResourceProfile created, executor resources: Map(memory -> name: memory, amount: 1024, script: , vendor: , offHeap -> name: offHeap, amount: 0, script: , vendor: ), task resources: Map(cpus -> name: cpus, amount: 1.0)
[2024-10-03T07:57:20.928+0000] {spark_submit.py:488} INFO - 24/10/03 07:57:20 INFO ResourceProfile: Limiting resource is cpu
[2024-10-03T07:57:20.930+0000] {spark_submit.py:488} INFO - 24/10/03 07:57:20 INFO ResourceProfileManager: Added ResourceProfile id: 0
[2024-10-03T07:57:21.019+0000] {spark_submit.py:488} INFO - 24/10/03 07:57:21 INFO SecurityManager: Changing view acls to: ***
[2024-10-03T07:57:21.021+0000] {spark_submit.py:488} INFO - 24/10/03 07:57:21 INFO SecurityManager: Changing modify acls to: ***
[2024-10-03T07:57:21.023+0000] {spark_submit.py:488} INFO - 24/10/03 07:57:21 INFO SecurityManager: Changing view acls groups to:
[2024-10-03T07:57:21.025+0000] {spark_submit.py:488} INFO - 24/10/03 07:57:21 INFO SecurityManager: Changing modify acls groups to:
[2024-10-03T07:57:21.026+0000] {spark_submit.py:488} INFO - 24/10/03 07:57:21 INFO SecurityManager: SecurityManager: authentication disabled; ui acls disabled; users with view permissions: ***; groups with view permissions: EMPTY; users with modify permissions: ***; groups with modify permissions: EMPTY
[2024-10-03T07:57:21.474+0000] {spark_submit.py:488} INFO - 24/10/03 07:57:21 INFO Utils: Successfully started service 'sparkDriver' on port 45943.
[2024-10-03T07:57:21.520+0000] {spark_submit.py:488} INFO - 24/10/03 07:57:21 INFO SparkEnv: Registering MapOutputTracker
[2024-10-03T07:57:21.590+0000] {spark_submit.py:488} INFO - 24/10/03 07:57:21 INFO SparkEnv: Registering BlockManagerMaster
[2024-10-03T07:57:21.620+0000] {spark_submit.py:488} INFO - 24/10/03 07:57:21 INFO BlockManagerMasterEndpoint: Using org.apache.spark.storage.DefaultTopologyMapper for getting topology information
[2024-10-03T07:57:21.621+0000] {spark_submit.py:488} INFO - 24/10/03 07:57:21 INFO BlockManagerMasterEndpoint: BlockManagerMasterEndpoint up
[2024-10-03T07:57:21.630+0000] {spark_submit.py:488} INFO - 24/10/03 07:57:21 INFO SparkEnv: Registering BlockManagerMasterHeartbeat
[2024-10-03T07:57:21.673+0000] {spark_submit.py:488} INFO - 24/10/03 07:57:21 INFO DiskBlockManager: Created local directory at /tmp/blockmgr-0e2faa53-2159-444d-8e6c-4118fef00276
[2024-10-03T07:57:21.695+0000] {spark_submit.py:488} INFO - 24/10/03 07:57:21 INFO MemoryStore: MemoryStore started with capacity 434.4 MiB
[2024-10-03T07:57:21.730+0000] {spark_submit.py:488} INFO - 24/10/03 07:57:21 INFO SparkEnv: Registering OutputCommitCoordinator
[2024-10-03T07:57:21.992+0000] {spark_submit.py:488} INFO - 24/10/03 07:57:21 INFO JettyUtils: Start Jetty 0.0.0.0:4040 for SparkUI
[2024-10-03T07:57:22.108+0000] {spark_submit.py:488} INFO - 24/10/03 07:57:22 INFO Utils: Successfully started service 'SparkUI' on port 4040.
[2024-10-03T07:57:22.352+0000] {spark_submit.py:488} INFO - 24/10/03 07:57:22 INFO StandaloneAppClient$ClientEndpoint: Connecting to master spark://spark-master:7077...
[2024-10-03T07:57:22.430+0000] {spark_submit.py:488} INFO - 24/10/03 07:57:22 INFO TransportClientFactory: Successfully created connection to spark-master/172.20.0.2:7077 after 46 ms (0 ms spent in bootstraps)
[2024-10-03T07:57:22.598+0000] {spark_submit.py:488} INFO - 24/10/03 07:57:22 INFO StandaloneSchedulerBackend: Connected to Spark cluster with app ID app-20241003075722-0034
[2024-10-03T07:57:22.603+0000] {spark_submit.py:488} INFO - 24/10/03 07:57:22 INFO StandaloneAppClient$ClientEndpoint: Executor added: app-20241003075722-0034/0 on worker-20241003061731-172.20.0.9-38803 (172.20.0.9:38803) with 2 core(s)
[2024-10-03T07:57:22.607+0000] {spark_submit.py:488} INFO - 24/10/03 07:57:22 INFO StandaloneSchedulerBackend: Granted executor ID app-20241003075722-0034/0 on hostPort 172.20.0.9:38803 with 2 core(s), 1024.0 MiB RAM
[2024-10-03T07:57:22.617+0000] {spark_submit.py:488} INFO - 24/10/03 07:57:22 INFO Utils: Successfully started service 'org.apache.spark.network.netty.NettyBlockTransferService' on port 44601.
[2024-10-03T07:57:22.619+0000] {spark_submit.py:488} INFO - 24/10/03 07:57:22 INFO NettyBlockTransferService: Server created on 8c0d519f07a3:44601
[2024-10-03T07:57:22.622+0000] {spark_submit.py:488} INFO - 24/10/03 07:57:22 INFO BlockManager: Using org.apache.spark.storage.RandomBlockReplicationPolicy for block replication policy
[2024-10-03T07:57:22.636+0000] {spark_submit.py:488} INFO - 24/10/03 07:57:22 INFO BlockManagerMaster: Registering BlockManager BlockManagerId(driver, 8c0d519f07a3, 44601, None)
[2024-10-03T07:57:22.643+0000] {spark_submit.py:488} INFO - 24/10/03 07:57:22 INFO BlockManagerMasterEndpoint: Registering block manager 8c0d519f07a3:44601 with 434.4 MiB RAM, BlockManagerId(driver, 8c0d519f07a3, 44601, None)
[2024-10-03T07:57:22.648+0000] {spark_submit.py:488} INFO - 24/10/03 07:57:22 INFO BlockManagerMaster: Registered BlockManager BlockManagerId(driver, 8c0d519f07a3, 44601, None)
[2024-10-03T07:57:22.652+0000] {spark_submit.py:488} INFO - 24/10/03 07:57:22 INFO BlockManager: Initialized BlockManager: BlockManagerId(driver, 8c0d519f07a3, 44601, None)
[2024-10-03T07:57:22.702+0000] {spark_submit.py:488} INFO - 24/10/03 07:57:22 INFO StandaloneAppClient$ClientEndpoint: Executor updated: app-20241003075722-0034/0 is now RUNNING
[2024-10-03T07:57:23.365+0000] {spark_submit.py:488} INFO - 24/10/03 07:57:23 INFO StandaloneSchedulerBackend: SchedulerBackend is ready for scheduling beginning after reached minRegisteredResourcesRatio: 0.0
[2024-10-03T07:57:25.482+0000] {spark_submit.py:488} INFO - [2024-10-03T07:57:25.479+0000] {base.py:84} INFO - Retrieving connection 'staging_db'
[2024-10-03T07:57:25.504+0000] {spark_submit.py:488} INFO - 24/10/03 07:57:25 INFO SparkContext: SparkContext is stopping with exitCode 0.
[2024-10-03T07:57:25.526+0000] {spark_submit.py:488} INFO - 24/10/03 07:57:25 INFO SparkUI: Stopped Spark web UI at http://8c0d519f07a3:4040
[2024-10-03T07:57:25.541+0000] {spark_submit.py:488} INFO - 24/10/03 07:57:25 INFO StandaloneSchedulerBackend: Shutting down all executors
[2024-10-03T07:57:25.547+0000] {spark_submit.py:488} INFO - 24/10/03 07:57:25 INFO StandaloneSchedulerBackend$StandaloneDriverEndpoint: Asking each executor to shut down
[2024-10-03T07:57:25.580+0000] {spark_submit.py:488} INFO - 24/10/03 07:57:25 INFO MapOutputTrackerMasterEndpoint: MapOutputTrackerMasterEndpoint stopped!
[2024-10-03T07:57:25.607+0000] {spark_submit.py:488} INFO - 24/10/03 07:57:25 INFO MemoryStore: MemoryStore cleared
[2024-10-03T07:57:25.608+0000] {spark_submit.py:488} INFO - 24/10/03 07:57:25 INFO BlockManager: BlockManager stopped
[2024-10-03T07:57:25.617+0000] {spark_submit.py:488} INFO - 24/10/03 07:57:25 INFO BlockManagerMaster: BlockManagerMaster stopped
[2024-10-03T07:57:25.620+0000] {spark_submit.py:488} INFO - 24/10/03 07:57:25 INFO OutputCommitCoordinator$OutputCommitCoordinatorEndpoint: OutputCommitCoordinator stopped!
[2024-10-03T07:57:25.633+0000] {spark_submit.py:488} INFO - 24/10/03 07:57:25 INFO SparkContext: Successfully stopped SparkContext
[2024-10-03T07:57:25.950+0000] {spark_submit.py:488} INFO - categories doesn't have new data. Skipped...
[2024-10-03T07:57:25.951+0000] {spark_submit.py:488} INFO - [2024-10-03T07:57:25.950+0000] {clientserver.py:543} INFO - Closing down clientserver connection
[2024-10-03T07:57:26.478+0000] {spark_submit.py:488} INFO - 24/10/03 07:57:26 INFO ShutdownHookManager: Shutdown hook called
[2024-10-03T07:57:26.480+0000] {spark_submit.py:488} INFO - 24/10/03 07:57:26 INFO ShutdownHookManager: Deleting directory /tmp/spark-ab7f2c77-c52c-428d-8247-88fc8410cf27
[2024-10-03T07:57:26.484+0000] {spark_submit.py:488} INFO - 24/10/03 07:57:26 INFO ShutdownHookManager: Deleting directory /tmp/spark-ab7f2c77-c52c-428d-8247-88fc8410cf27/pyspark-dce6afba-63e7-4b21-937a-fe7de1c88e20
[2024-10-03T07:57:26.487+0000] {spark_submit.py:488} INFO - 24/10/03 07:57:26 INFO ShutdownHookManager: Deleting directory /tmp/spark-943a3966-67cf-4cd0-9a79-799aae00e9c4
[2024-10-03T07:57:26.542+0000] {taskinstance.py:340} INFO - ::group::Post task execution logs
[2024-10-03T07:57:26.543+0000] {taskinstance.py:352} INFO - Marking task as SUCCESS. dag_id=etl_pipeline, task_id=warehouse.step_1.extract_transform.categories, run_id=scheduled__2024-10-02T00:00:00+00:00, execution_date=20241002T000000, start_date=20241003T075711, end_date=20241003T075726
[2024-10-03T07:57:26.578+0000] {local_task_job_runner.py:266} INFO - Task exited with return code 0
[2024-10-03T07:57:26.606+0000] {taskinstance.py:3900} INFO - 0 downstream tasks scheduled from follow-on schedule check
[2024-10-03T07:57:26.609+0000] {local_task_job_runner.py:245} INFO - ::endgroup::
