[2024-10-03T07:59:42.732+0000] {local_task_job_runner.py:123} INFO - ::group::Pre task execution logs
[2024-10-03T07:59:42.763+0000] {taskinstance.py:2612} INFO - Dependencies all met for dep_context=non-requeueable deps ti=<TaskInstance: etl_pipeline.warehouse.step_1.extract_transform.categories scheduled__2024-10-02T00:00:00+00:00 [queued]>
[2024-10-03T07:59:42.777+0000] {taskinstance.py:2612} INFO - Dependencies all met for dep_context=requeueable deps ti=<TaskInstance: etl_pipeline.warehouse.step_1.extract_transform.categories scheduled__2024-10-02T00:00:00+00:00 [queued]>
[2024-10-03T07:59:42.777+0000] {taskinstance.py:2865} INFO - Starting attempt 41 of 41
[2024-10-03T07:59:42.801+0000] {taskinstance.py:2888} INFO - Executing <Task(SparkSubmitOperator): warehouse.step_1.extract_transform.categories> on 2024-10-02 00:00:00+00:00
[2024-10-03T07:59:42.816+0000] {logging_mixin.py:190} WARNING - /home/***/.local/lib/python3.12/site-packages/***/task/task_runner/standard_task_runner.py:70 DeprecationWarning: This process (pid=35725) is multi-threaded, use of fork() may lead to deadlocks in the child.
[2024-10-03T07:59:42.816+0000] {standard_task_runner.py:104} INFO - Running: ['***', 'tasks', 'run', 'etl_pipeline', 'warehouse.step_1.extract_transform.categories', 'scheduled__2024-10-02T00:00:00+00:00', '--job-id', '13602', '--raw', '--subdir', 'DAGS_FOLDER/etl_pipeline/run.py', '--cfg-path', '/tmp/tmprhy9z89d']
[2024-10-03T07:59:42.819+0000] {standard_task_runner.py:72} INFO - Started process 35727 to run task
[2024-10-03T07:59:42.819+0000] {standard_task_runner.py:105} INFO - Job 13602: Subtask warehouse.step_1.extract_transform.categories
[2024-10-03T07:59:42.906+0000] {task_command.py:467} INFO - Running <TaskInstance: etl_pipeline.warehouse.step_1.extract_transform.categories scheduled__2024-10-02T00:00:00+00:00 [running]> on host 8c0d519f07a3
[2024-10-03T07:59:43.087+0000] {taskinstance.py:3131} INFO - Exporting env vars: AIRFLOW_CTX_DAG_OWNER='***' AIRFLOW_CTX_DAG_ID='etl_pipeline' AIRFLOW_CTX_TASK_ID='warehouse.step_1.extract_transform.categories' AIRFLOW_CTX_EXECUTION_DATE='2024-10-02T00:00:00+00:00' AIRFLOW_CTX_TRY_NUMBER='41' AIRFLOW_CTX_DAG_RUN_ID='scheduled__2024-10-02T00:00:00+00:00'
[2024-10-03T07:59:43.090+0000] {taskinstance.py:731} INFO - ::endgroup::
[2024-10-03T07:59:43.114+0000] {base.py:84} INFO - Retrieving connection 'spark-conn'
[2024-10-03T07:59:43.116+0000] {spark_submit.py:335} INFO - Spark-Submit cmd: spark-submit --master spark://spark-master:7077 --name arrow-spark dags/etl_pipeline/tasks/warehouse/components/extract_transform.py categories False 2024-10-02
[2024-10-03T07:59:43.182+0000] {spark_submit.py:488} INFO - /home/***/.local/lib/python3.12/site-packages/pyspark/bin/load-spark-env.sh: line 68: ps: command not found
[2024-10-03T07:59:52.342+0000] {spark_submit.py:488} INFO - 24/10/03 07:59:52 INFO SparkContext: Running Spark version 3.5.3
[2024-10-03T07:59:52.345+0000] {spark_submit.py:488} INFO - 24/10/03 07:59:52 INFO SparkContext: OS info Linux, 5.15.153.1-microsoft-standard-WSL2, amd64
[2024-10-03T07:59:52.354+0000] {spark_submit.py:488} INFO - 24/10/03 07:59:52 INFO SparkContext: Java version 17.0.12
[2024-10-03T07:59:52.423+0000] {spark_submit.py:488} INFO - 24/10/03 07:59:52 WARN NativeCodeLoader: Unable to load native-hadoop library for your platform... using builtin-java classes where applicable
[2024-10-03T07:59:52.595+0000] {spark_submit.py:488} INFO - 24/10/03 07:59:52 INFO ResourceUtils: ==============================================================
[2024-10-03T07:59:52.596+0000] {spark_submit.py:488} INFO - 24/10/03 07:59:52 INFO ResourceUtils: No custom resources configured for spark.driver.
[2024-10-03T07:59:52.598+0000] {spark_submit.py:488} INFO - 24/10/03 07:59:52 INFO ResourceUtils: ==============================================================
[2024-10-03T07:59:52.599+0000] {spark_submit.py:488} INFO - 24/10/03 07:59:52 INFO SparkContext: Submitted application: Extract Transform - categories
[2024-10-03T07:59:52.637+0000] {spark_submit.py:488} INFO - 24/10/03 07:59:52 INFO ResourceProfile: Default ResourceProfile created, executor resources: Map(memory -> name: memory, amount: 1024, script: , vendor: , offHeap -> name: offHeap, amount: 0, script: , vendor: ), task resources: Map(cpus -> name: cpus, amount: 1.0)
[2024-10-03T07:59:52.654+0000] {spark_submit.py:488} INFO - 24/10/03 07:59:52 INFO ResourceProfile: Limiting resource is cpu
[2024-10-03T07:59:52.655+0000] {spark_submit.py:488} INFO - 24/10/03 07:59:52 INFO ResourceProfileManager: Added ResourceProfile id: 0
[2024-10-03T07:59:52.755+0000] {spark_submit.py:488} INFO - 24/10/03 07:59:52 INFO SecurityManager: Changing view acls to: ***
[2024-10-03T07:59:52.756+0000] {spark_submit.py:488} INFO - 24/10/03 07:59:52 INFO SecurityManager: Changing modify acls to: ***
[2024-10-03T07:59:52.758+0000] {spark_submit.py:488} INFO - 24/10/03 07:59:52 INFO SecurityManager: Changing view acls groups to:
[2024-10-03T07:59:52.761+0000] {spark_submit.py:488} INFO - 24/10/03 07:59:52 INFO SecurityManager: Changing modify acls groups to:
[2024-10-03T07:59:52.762+0000] {spark_submit.py:488} INFO - 24/10/03 07:59:52 INFO SecurityManager: SecurityManager: authentication disabled; ui acls disabled; users with view permissions: ***; groups with view permissions: EMPTY; users with modify permissions: ***; groups with modify permissions: EMPTY
[2024-10-03T07:59:53.287+0000] {spark_submit.py:488} INFO - 24/10/03 07:59:53 INFO Utils: Successfully started service 'sparkDriver' on port 44271.
[2024-10-03T07:59:53.335+0000] {spark_submit.py:488} INFO - 24/10/03 07:59:53 INFO SparkEnv: Registering MapOutputTracker
[2024-10-03T07:59:53.395+0000] {spark_submit.py:488} INFO - 24/10/03 07:59:53 INFO SparkEnv: Registering BlockManagerMaster
[2024-10-03T07:59:53.429+0000] {spark_submit.py:488} INFO - 24/10/03 07:59:53 INFO BlockManagerMasterEndpoint: Using org.apache.spark.storage.DefaultTopologyMapper for getting topology information
[2024-10-03T07:59:53.430+0000] {spark_submit.py:488} INFO - 24/10/03 07:59:53 INFO BlockManagerMasterEndpoint: BlockManagerMasterEndpoint up
[2024-10-03T07:59:53.438+0000] {spark_submit.py:488} INFO - 24/10/03 07:59:53 INFO SparkEnv: Registering BlockManagerMasterHeartbeat
[2024-10-03T07:59:53.481+0000] {spark_submit.py:488} INFO - 24/10/03 07:59:53 INFO DiskBlockManager: Created local directory at /tmp/blockmgr-1713a086-3f3a-4ccb-91cc-e65d87c70dc9
[2024-10-03T07:59:53.518+0000] {spark_submit.py:488} INFO - 24/10/03 07:59:53 INFO MemoryStore: MemoryStore started with capacity 434.4 MiB
[2024-10-03T07:59:53.556+0000] {spark_submit.py:488} INFO - 24/10/03 07:59:53 INFO SparkEnv: Registering OutputCommitCoordinator
[2024-10-03T07:59:53.872+0000] {spark_submit.py:488} INFO - 24/10/03 07:59:53 INFO JettyUtils: Start Jetty 0.0.0.0:4040 for SparkUI
[2024-10-03T07:59:53.963+0000] {spark_submit.py:488} INFO - 24/10/03 07:59:53 INFO Utils: Successfully started service 'SparkUI' on port 4040.
[2024-10-03T07:59:54.187+0000] {spark_submit.py:488} INFO - 24/10/03 07:59:54 INFO StandaloneAppClient$ClientEndpoint: Connecting to master spark://spark-master:7077...
[2024-10-03T07:59:54.279+0000] {spark_submit.py:488} INFO - 24/10/03 07:59:54 INFO TransportClientFactory: Successfully created connection to spark-master/172.20.0.2:7077 after 53 ms (0 ms spent in bootstraps)
[2024-10-03T07:59:54.442+0000] {spark_submit.py:488} INFO - 24/10/03 07:59:54 INFO StandaloneSchedulerBackend: Connected to Spark cluster with app ID app-20241003075954-0036
[2024-10-03T07:59:54.446+0000] {spark_submit.py:488} INFO - 24/10/03 07:59:54 INFO StandaloneAppClient$ClientEndpoint: Executor added: app-20241003075954-0036/0 on worker-20241003061731-172.20.0.9-38803 (172.20.0.9:38803) with 2 core(s)
[2024-10-03T07:59:54.452+0000] {spark_submit.py:488} INFO - 24/10/03 07:59:54 INFO StandaloneSchedulerBackend: Granted executor ID app-20241003075954-0036/0 on hostPort 172.20.0.9:38803 with 2 core(s), 1024.0 MiB RAM
[2024-10-03T07:59:54.459+0000] {spark_submit.py:488} INFO - 24/10/03 07:59:54 INFO Utils: Successfully started service 'org.apache.spark.network.netty.NettyBlockTransferService' on port 34665.
[2024-10-03T07:59:54.460+0000] {spark_submit.py:488} INFO - 24/10/03 07:59:54 INFO NettyBlockTransferService: Server created on 8c0d519f07a3:34665
[2024-10-03T07:59:54.463+0000] {spark_submit.py:488} INFO - 24/10/03 07:59:54 INFO BlockManager: Using org.apache.spark.storage.RandomBlockReplicationPolicy for block replication policy
[2024-10-03T07:59:54.475+0000] {spark_submit.py:488} INFO - 24/10/03 07:59:54 INFO BlockManagerMaster: Registering BlockManager BlockManagerId(driver, 8c0d519f07a3, 34665, None)
[2024-10-03T07:59:54.480+0000] {spark_submit.py:488} INFO - 24/10/03 07:59:54 INFO BlockManagerMasterEndpoint: Registering block manager 8c0d519f07a3:34665 with 434.4 MiB RAM, BlockManagerId(driver, 8c0d519f07a3, 34665, None)
[2024-10-03T07:59:54.484+0000] {spark_submit.py:488} INFO - 24/10/03 07:59:54 INFO BlockManagerMaster: Registered BlockManager BlockManagerId(driver, 8c0d519f07a3, 34665, None)
[2024-10-03T07:59:54.487+0000] {spark_submit.py:488} INFO - 24/10/03 07:59:54 INFO BlockManager: Initialized BlockManager: BlockManagerId(driver, 8c0d519f07a3, 34665, None)
[2024-10-03T07:59:54.525+0000] {spark_submit.py:488} INFO - 24/10/03 07:59:54 INFO StandaloneAppClient$ClientEndpoint: Executor updated: app-20241003075954-0036/0 is now RUNNING
[2024-10-03T07:59:55.057+0000] {spark_submit.py:488} INFO - 24/10/03 07:59:55 INFO StandaloneSchedulerBackend: SchedulerBackend is ready for scheduling beginning after reached minRegisteredResourcesRatio: 0.0
[2024-10-03T07:59:56.767+0000] {spark_submit.py:488} INFO - [2024-10-03T07:59:56.763+0000] {base.py:84} INFO - Retrieving connection 'staging_db'
[2024-10-03T07:59:56.977+0000] {spark_submit.py:488} INFO - 24/10/03 07:59:56 INFO SharedState: Setting hive.metastore.warehouse.dir ('null') to the value of spark.sql.warehouse.dir.
[2024-10-03T07:59:57.003+0000] {spark_submit.py:488} INFO - 24/10/03 07:59:57 INFO SharedState: Warehouse path is 'file:/opt/***/spark-warehouse'.
[2024-10-03T08:00:00.233+0000] {spark_submit.py:488} INFO - 24/10/03 08:00:00 INFO StandaloneSchedulerBackend$StandaloneDriverEndpoint: Registered executor NettyRpcEndpointRef(spark-client://Executor) (172.20.0.9:60526) with ID 0,  ResourceProfileId 0
[2024-10-03T08:00:00.416+0000] {spark_submit.py:488} INFO - 24/10/03 08:00:00 INFO BlockManagerMasterEndpoint: Registering block manager 172.20.0.9:38805 with 434.4 MiB RAM, BlockManagerId(0, 172.20.0.9, 38805, None)
[2024-10-03T08:00:02.562+0000] {spark_submit.py:488} INFO - 24/10/03 08:00:02 INFO CodeGenerator: Code generated in 443.573029 ms
[2024-10-03T08:00:02.724+0000] {spark_submit.py:488} INFO - 24/10/03 08:00:02 INFO DAGScheduler: Registering RDD 7 (showString at NativeMethodAccessorImpl.java:0) as input to shuffle 0
[2024-10-03T08:00:02.730+0000] {spark_submit.py:488} INFO - 24/10/03 08:00:02 INFO DAGScheduler: Got map stage job 0 (showString at NativeMethodAccessorImpl.java:0) with 2 output partitions
[2024-10-03T08:00:02.732+0000] {spark_submit.py:488} INFO - 24/10/03 08:00:02 INFO DAGScheduler: Final stage: ShuffleMapStage 0 (showString at NativeMethodAccessorImpl.java:0)
[2024-10-03T08:00:02.733+0000] {spark_submit.py:488} INFO - 24/10/03 08:00:02 INFO DAGScheduler: Parents of final stage: List()
[2024-10-03T08:00:02.737+0000] {spark_submit.py:488} INFO - 24/10/03 08:00:02 INFO DAGScheduler: Missing parents: List()
[2024-10-03T08:00:02.743+0000] {spark_submit.py:488} INFO - 24/10/03 08:00:02 INFO DAGScheduler: Submitting ShuffleMapStage 0 (MapPartitionsRDD[7] at showString at NativeMethodAccessorImpl.java:0), which has no missing parents
[2024-10-03T08:00:02.868+0000] {spark_submit.py:488} INFO - 24/10/03 08:00:02 INFO MemoryStore: Block broadcast_0 stored as values in memory (estimated size 29.2 KiB, free 434.4 MiB)
[2024-10-03T08:00:02.941+0000] {spark_submit.py:488} INFO - 24/10/03 08:00:02 INFO MemoryStore: Block broadcast_0_piece0 stored as bytes in memory (estimated size 14.1 KiB, free 434.4 MiB)
[2024-10-03T08:00:02.946+0000] {spark_submit.py:488} INFO - 24/10/03 08:00:02 INFO BlockManagerInfo: Added broadcast_0_piece0 in memory on 8c0d519f07a3:34665 (size: 14.1 KiB, free: 434.4 MiB)
[2024-10-03T08:00:02.954+0000] {spark_submit.py:488} INFO - 24/10/03 08:00:02 INFO SparkContext: Created broadcast 0 from broadcast at DAGScheduler.scala:1585
[2024-10-03T08:00:02.984+0000] {spark_submit.py:488} INFO - 24/10/03 08:00:02 INFO DAGScheduler: Submitting 2 missing tasks from ShuffleMapStage 0 (MapPartitionsRDD[7] at showString at NativeMethodAccessorImpl.java:0) (first 15 tasks are for partitions Vector(0, 1))
[2024-10-03T08:00:02.986+0000] {spark_submit.py:488} INFO - 24/10/03 08:00:02 INFO TaskSchedulerImpl: Adding task set 0.0 with 2 tasks resource profile 0
[2024-10-03T08:00:03.031+0000] {spark_submit.py:488} INFO - 24/10/03 08:00:03 INFO TaskSetManager: Starting task 0.0 in stage 0.0 (TID 0) (172.20.0.9, executor 0, partition 0, PROCESS_LOCAL, 9185 bytes)
[2024-10-03T08:00:03.037+0000] {spark_submit.py:488} INFO - 24/10/03 08:00:03 INFO TaskSetManager: Starting task 1.0 in stage 0.0 (TID 1) (172.20.0.9, executor 0, partition 1, PROCESS_LOCAL, 9170 bytes)
[2024-10-03T08:00:03.600+0000] {spark_submit.py:488} INFO - 24/10/03 08:00:03 INFO BlockManagerInfo: Added broadcast_0_piece0 in memory on 172.20.0.9:38805 (size: 14.1 KiB, free: 434.4 MiB)
[2024-10-03T08:00:07.053+0000] {spark_submit.py:488} INFO - 24/10/03 08:00:07 INFO TaskSetManager: Finished task 0.0 in stage 0.0 (TID 0) in 4040 ms on 172.20.0.9 (executor 0) (1/2)
[2024-10-03T08:00:07.055+0000] {spark_submit.py:488} INFO - 24/10/03 08:00:07 INFO TaskSetManager: Finished task 1.0 in stage 0.0 (TID 1) in 4018 ms on 172.20.0.9 (executor 0) (2/2)
[2024-10-03T08:00:07.057+0000] {spark_submit.py:488} INFO - 24/10/03 08:00:07 INFO TaskSchedulerImpl: Removed TaskSet 0.0, whose tasks have all completed, from pool
[2024-10-03T08:00:07.067+0000] {spark_submit.py:488} INFO - 24/10/03 08:00:07 INFO PythonAccumulatorV2: Connected to AccumulatorServer at host: 127.0.0.1 port: 56759
[2024-10-03T08:00:07.081+0000] {spark_submit.py:488} INFO - 24/10/03 08:00:07 INFO DAGScheduler: ShuffleMapStage 0 (showString at NativeMethodAccessorImpl.java:0) finished in 4.322 s
[2024-10-03T08:00:07.083+0000] {spark_submit.py:488} INFO - 24/10/03 08:00:07 INFO DAGScheduler: looking for newly runnable stages
[2024-10-03T08:00:07.084+0000] {spark_submit.py:488} INFO - 24/10/03 08:00:07 INFO DAGScheduler: running: Set()
[2024-10-03T08:00:07.085+0000] {spark_submit.py:488} INFO - 24/10/03 08:00:07 INFO DAGScheduler: waiting: Set()
[2024-10-03T08:00:07.086+0000] {spark_submit.py:488} INFO - 24/10/03 08:00:07 INFO DAGScheduler: failed: Set()
[2024-10-03T08:00:07.136+0000] {spark_submit.py:488} INFO - 24/10/03 08:00:07 INFO ShufflePartitionsUtil: For shuffle(0), advisory target size: 67108864, actual target size 1048576, minimum partition size: 1048576
[2024-10-03T08:00:07.205+0000] {spark_submit.py:488} INFO - 24/10/03 08:00:07 INFO CodeGenerator: Code generated in 26.4814 ms
[2024-10-03T08:00:07.291+0000] {spark_submit.py:488} INFO - 24/10/03 08:00:07 INFO SparkContext: Starting job: showString at NativeMethodAccessorImpl.java:0
[2024-10-03T08:00:07.298+0000] {spark_submit.py:488} INFO - 24/10/03 08:00:07 INFO DAGScheduler: Got job 1 (showString at NativeMethodAccessorImpl.java:0) with 1 output partitions
[2024-10-03T08:00:07.299+0000] {spark_submit.py:488} INFO - 24/10/03 08:00:07 INFO DAGScheduler: Final stage: ResultStage 2 (showString at NativeMethodAccessorImpl.java:0)
[2024-10-03T08:00:07.300+0000] {spark_submit.py:488} INFO - 24/10/03 08:00:07 INFO DAGScheduler: Parents of final stage: List(ShuffleMapStage 1)
[2024-10-03T08:00:07.301+0000] {spark_submit.py:488} INFO - 24/10/03 08:00:07 INFO DAGScheduler: Missing parents: List()
[2024-10-03T08:00:07.304+0000] {spark_submit.py:488} INFO - 24/10/03 08:00:07 INFO DAGScheduler: Submitting ResultStage 2 (MapPartitionsRDD[11] at showString at NativeMethodAccessorImpl.java:0), which has no missing parents
[2024-10-03T08:00:07.327+0000] {spark_submit.py:488} INFO - 24/10/03 08:00:07 INFO MemoryStore: Block broadcast_1 stored as values in memory (estimated size 35.6 KiB, free 434.3 MiB)
[2024-10-03T08:00:07.343+0000] {spark_submit.py:488} INFO - 24/10/03 08:00:07 INFO MemoryStore: Block broadcast_1_piece0 stored as bytes in memory (estimated size 17.3 KiB, free 434.3 MiB)
[2024-10-03T08:00:07.345+0000] {spark_submit.py:488} INFO - 24/10/03 08:00:07 INFO BlockManagerInfo: Added broadcast_1_piece0 in memory on 8c0d519f07a3:34665 (size: 17.3 KiB, free: 434.4 MiB)
[2024-10-03T08:00:07.347+0000] {spark_submit.py:488} INFO - 24/10/03 08:00:07 INFO SparkContext: Created broadcast 1 from broadcast at DAGScheduler.scala:1585
[2024-10-03T08:00:07.351+0000] {spark_submit.py:488} INFO - 24/10/03 08:00:07 INFO DAGScheduler: Submitting 1 missing tasks from ResultStage 2 (MapPartitionsRDD[11] at showString at NativeMethodAccessorImpl.java:0) (first 15 tasks are for partitions Vector(0))
[2024-10-03T08:00:07.352+0000] {spark_submit.py:488} INFO - 24/10/03 08:00:07 INFO TaskSchedulerImpl: Adding task set 2.0 with 1 tasks resource profile 0
[2024-10-03T08:00:07.375+0000] {spark_submit.py:488} INFO - 24/10/03 08:00:07 INFO TaskSetManager: Starting task 0.0 in stage 2.0 (TID 2) (172.20.0.9, executor 0, partition 0, NODE_LOCAL, 9003 bytes)
[2024-10-03T08:00:07.405+0000] {spark_submit.py:488} INFO - 24/10/03 08:00:07 INFO BlockManagerInfo: Removed broadcast_0_piece0 on 8c0d519f07a3:34665 in memory (size: 14.1 KiB, free: 434.4 MiB)
[2024-10-03T08:00:07.411+0000] {spark_submit.py:488} INFO - 24/10/03 08:00:07 INFO BlockManagerInfo: Removed broadcast_0_piece0 on 172.20.0.9:38805 in memory (size: 14.1 KiB, free: 434.4 MiB)
[2024-10-03T08:00:07.446+0000] {spark_submit.py:488} INFO - 24/10/03 08:00:07 INFO BlockManagerInfo: Added broadcast_1_piece0 in memory on 172.20.0.9:38805 (size: 17.3 KiB, free: 434.4 MiB)
[2024-10-03T08:00:07.646+0000] {spark_submit.py:488} INFO - 24/10/03 08:00:07 INFO MapOutputTrackerMasterEndpoint: Asked to send map output locations for shuffle 0 to 172.20.0.9:60526
[2024-10-03T08:00:08.092+0000] {spark_submit.py:488} INFO - 24/10/03 08:00:08 INFO TaskSetManager: Finished task 0.0 in stage 2.0 (TID 2) in 732 ms on 172.20.0.9 (executor 0) (1/1)
[2024-10-03T08:00:08.094+0000] {spark_submit.py:488} INFO - 24/10/03 08:00:08 INFO TaskSchedulerImpl: Removed TaskSet 2.0, whose tasks have all completed, from pool
[2024-10-03T08:00:08.105+0000] {spark_submit.py:488} INFO - 24/10/03 08:00:08 INFO DAGScheduler: ResultStage 2 (showString at NativeMethodAccessorImpl.java:0) finished in 0.776 s
[2024-10-03T08:00:08.106+0000] {spark_submit.py:488} INFO - 24/10/03 08:00:08 INFO DAGScheduler: Job 1 is finished. Cancelling potential speculative or zombie tasks for this job
[2024-10-03T08:00:08.107+0000] {spark_submit.py:488} INFO - 24/10/03 08:00:08 INFO TaskSchedulerImpl: Killing all running tasks in stage 2: Stage finished
[2024-10-03T08:00:08.116+0000] {spark_submit.py:488} INFO - 24/10/03 08:00:08 INFO DAGScheduler: Job 1 finished: showString at NativeMethodAccessorImpl.java:0, took 0.819998 s
[2024-10-03T08:00:08.726+0000] {spark_submit.py:488} INFO - 24/10/03 08:00:08 INFO BlockManagerInfo: Removed broadcast_1_piece0 on 8c0d519f07a3:34665 in memory (size: 17.3 KiB, free: 434.4 MiB)
[2024-10-03T08:00:08.730+0000] {spark_submit.py:488} INFO - 24/10/03 08:00:08 INFO BlockManagerInfo: Removed broadcast_1_piece0 on 172.20.0.9:38805 in memory (size: 17.3 KiB, free: 434.4 MiB)
[2024-10-03T08:00:10.213+0000] {spark_submit.py:488} INFO - 24/10/03 08:00:10 INFO CodeGenerator: Code generated in 33.3779 ms
[2024-10-03T08:00:10.242+0000] {spark_submit.py:488} INFO - +-----------+-------------+
[2024-10-03T08:00:10.243+0000] {spark_submit.py:488} INFO - |category_nk|category_name|
[2024-10-03T08:00:10.244+0000] {spark_submit.py:488} INFO - +-----------+-------------+
[2024-10-03T08:00:10.245+0000] {spark_submit.py:488} INFO - |          1|       Action|
[2024-10-03T08:00:10.245+0000] {spark_submit.py:488} INFO - |          2|    Animation|
[2024-10-03T08:00:10.246+0000] {spark_submit.py:488} INFO - |          3|     Children|
[2024-10-03T08:00:10.247+0000] {spark_submit.py:488} INFO - |          4|     Classics|
[2024-10-03T08:00:10.248+0000] {spark_submit.py:488} INFO - |          5|       Comedy|
[2024-10-03T08:00:10.248+0000] {spark_submit.py:488} INFO - |          6|  Documentary|
[2024-10-03T08:00:10.249+0000] {spark_submit.py:488} INFO - |          7|        Drama|
[2024-10-03T08:00:10.249+0000] {spark_submit.py:488} INFO - |          8|       Family|
[2024-10-03T08:00:10.250+0000] {spark_submit.py:488} INFO - |          9|      Foreign|
[2024-10-03T08:00:10.250+0000] {spark_submit.py:488} INFO - |         10|        Games|
[2024-10-03T08:00:10.251+0000] {spark_submit.py:488} INFO - |         11|       Horror|
[2024-10-03T08:00:10.251+0000] {spark_submit.py:488} INFO - |         12|        Music|
[2024-10-03T08:00:10.252+0000] {spark_submit.py:488} INFO - |         13|          New|
[2024-10-03T08:00:10.253+0000] {spark_submit.py:488} INFO - |         14|       Sci-Fi|
[2024-10-03T08:00:10.253+0000] {spark_submit.py:488} INFO - |         15|       Sports|
[2024-10-03T08:00:10.254+0000] {spark_submit.py:488} INFO - |         16|       Travel|
[2024-10-03T08:00:10.254+0000] {spark_submit.py:488} INFO - +-----------+-------------+
[2024-10-03T08:00:10.255+0000] {spark_submit.py:488} INFO - 
[2024-10-03T08:00:10.255+0000] {spark_submit.py:488} INFO - None
[2024-10-03T08:00:10.626+0000] {spark_submit.py:488} INFO - 24/10/03 08:00:10 INFO DAGScheduler: Registering RDD 14 (csv at NativeMethodAccessorImpl.java:0) as input to shuffle 1
[2024-10-03T08:00:10.626+0000] {spark_submit.py:488} INFO - 24/10/03 08:00:10 INFO DAGScheduler: Got map stage job 2 (csv at NativeMethodAccessorImpl.java:0) with 2 output partitions
[2024-10-03T08:00:10.627+0000] {spark_submit.py:488} INFO - 24/10/03 08:00:10 INFO DAGScheduler: Final stage: ShuffleMapStage 3 (csv at NativeMethodAccessorImpl.java:0)
[2024-10-03T08:00:10.628+0000] {spark_submit.py:488} INFO - 24/10/03 08:00:10 INFO DAGScheduler: Parents of final stage: List()
[2024-10-03T08:00:10.629+0000] {spark_submit.py:488} INFO - 24/10/03 08:00:10 INFO DAGScheduler: Missing parents: List()
[2024-10-03T08:00:10.634+0000] {spark_submit.py:488} INFO - 24/10/03 08:00:10 INFO DAGScheduler: Submitting ShuffleMapStage 3 (MapPartitionsRDD[14] at csv at NativeMethodAccessorImpl.java:0), which has no missing parents
[2024-10-03T08:00:10.640+0000] {spark_submit.py:488} INFO - 24/10/03 08:00:10 INFO MemoryStore: Block broadcast_2 stored as values in memory (estimated size 29.2 KiB, free 434.4 MiB)
[2024-10-03T08:00:10.651+0000] {spark_submit.py:488} INFO - 24/10/03 08:00:10 INFO MemoryStore: Block broadcast_2_piece0 stored as bytes in memory (estimated size 14.1 KiB, free 434.4 MiB)
[2024-10-03T08:00:10.651+0000] {spark_submit.py:488} INFO - 24/10/03 08:00:10 INFO BlockManagerInfo: Added broadcast_2_piece0 in memory on 8c0d519f07a3:34665 (size: 14.1 KiB, free: 434.4 MiB)
[2024-10-03T08:00:10.652+0000] {spark_submit.py:488} INFO - 24/10/03 08:00:10 INFO SparkContext: Created broadcast 2 from broadcast at DAGScheduler.scala:1585
[2024-10-03T08:00:10.654+0000] {spark_submit.py:488} INFO - 24/10/03 08:00:10 INFO DAGScheduler: Submitting 2 missing tasks from ShuffleMapStage 3 (MapPartitionsRDD[14] at csv at NativeMethodAccessorImpl.java:0) (first 15 tasks are for partitions Vector(0, 1))
[2024-10-03T08:00:10.655+0000] {spark_submit.py:488} INFO - 24/10/03 08:00:10 INFO TaskSchedulerImpl: Adding task set 3.0 with 2 tasks resource profile 0
[2024-10-03T08:00:10.659+0000] {spark_submit.py:488} INFO - 24/10/03 08:00:10 INFO TaskSetManager: Starting task 0.0 in stage 3.0 (TID 3) (172.20.0.9, executor 0, partition 0, PROCESS_LOCAL, 9185 bytes)
[2024-10-03T08:00:10.662+0000] {spark_submit.py:488} INFO - 24/10/03 08:00:10 INFO TaskSetManager: Starting task 1.0 in stage 3.0 (TID 4) (172.20.0.9, executor 0, partition 1, PROCESS_LOCAL, 9170 bytes)
[2024-10-03T08:00:10.696+0000] {spark_submit.py:488} INFO - 24/10/03 08:00:10 INFO BlockManagerInfo: Added broadcast_2_piece0 in memory on 172.20.0.9:38805 (size: 14.1 KiB, free: 434.4 MiB)
[2024-10-03T08:00:11.034+0000] {spark_submit.py:488} INFO - 24/10/03 08:00:11 INFO TaskSetManager: Finished task 1.0 in stage 3.0 (TID 4) in 374 ms on 172.20.0.9 (executor 0) (1/2)
[2024-10-03T08:00:11.047+0000] {spark_submit.py:488} INFO - 24/10/03 08:00:11 INFO TaskSetManager: Finished task 0.0 in stage 3.0 (TID 3) in 385 ms on 172.20.0.9 (executor 0) (2/2)
[2024-10-03T08:00:11.048+0000] {spark_submit.py:488} INFO - 24/10/03 08:00:11 INFO TaskSchedulerImpl: Removed TaskSet 3.0, whose tasks have all completed, from pool
[2024-10-03T08:00:11.053+0000] {spark_submit.py:488} INFO - 24/10/03 08:00:11 INFO DAGScheduler: ShuffleMapStage 3 (csv at NativeMethodAccessorImpl.java:0) finished in 0.417 s
[2024-10-03T08:00:11.055+0000] {spark_submit.py:488} INFO - 24/10/03 08:00:11 INFO DAGScheduler: looking for newly runnable stages
[2024-10-03T08:00:11.055+0000] {spark_submit.py:488} INFO - 24/10/03 08:00:11 INFO DAGScheduler: running: Set()
[2024-10-03T08:00:11.055+0000] {spark_submit.py:488} INFO - 24/10/03 08:00:11 INFO DAGScheduler: waiting: Set()
[2024-10-03T08:00:11.057+0000] {spark_submit.py:488} INFO - 24/10/03 08:00:11 INFO DAGScheduler: failed: Set()
[2024-10-03T08:00:11.068+0000] {spark_submit.py:488} INFO - 24/10/03 08:00:11 INFO ShufflePartitionsUtil: For shuffle(1), advisory target size: 67108864, actual target size 1048576, minimum partition size: 1048576
[2024-10-03T08:00:11.437+0000] {spark_submit.py:488} INFO - Traceback (most recent call last):
[2024-10-03T08:00:11.438+0000] {spark_submit.py:488} INFO - File "/opt/***/dags/etl_pipeline/tasks/warehouse/components/extract_transform.py", line 40, in _categories
[2024-10-03T08:00:11.438+0000] {spark_submit.py:488} INFO - df.write.csv(f'/tmp/{object_name}', header=True)
[2024-10-03T08:00:11.439+0000] {spark_submit.py:488} INFO - File "/home/***/.local/lib/python3.12/site-packages/pyspark/python/lib/pyspark.zip/pyspark/sql/readwriter.py", line 1864, in csv
[2024-10-03T08:00:11.440+0000] {spark_submit.py:488} INFO - File "/home/***/.local/lib/python3.12/site-packages/pyspark/python/lib/py4j-0.10.9.7-src.zip/py4j/java_gateway.py", line 1322, in __call__
[2024-10-03T08:00:11.440+0000] {spark_submit.py:488} INFO - File "/home/***/.local/lib/python3.12/site-packages/pyspark/python/lib/pyspark.zip/pyspark/errors/exceptions/captured.py", line 185, in deco
[2024-10-03T08:00:11.447+0000] {spark_submit.py:488} INFO - pyspark.errors.exceptions.captured.AnalysisException: [PATH_ALREADY_EXISTS] Path file:/tmp/categories.csv already exists. Set mode as "overwrite" to overwrite the existing path.
[2024-10-03T08:00:11.447+0000] {spark_submit.py:488} INFO - 
[2024-10-03T08:00:11.448+0000] {spark_submit.py:488} INFO - During handling of the above exception, another exception occurred:
[2024-10-03T08:00:11.449+0000] {spark_submit.py:488} INFO - 
[2024-10-03T08:00:11.449+0000] {spark_submit.py:488} INFO - Traceback (most recent call last):
[2024-10-03T08:00:11.450+0000] {spark_submit.py:488} INFO - File "/opt/***/dags/etl_pipeline/tasks/warehouse/components/extract_transform.py", line 58, in <module>
[2024-10-03T08:00:11.451+0000] {spark_submit.py:488} INFO - ExtractTransform._categories(incremental, date)
[2024-10-03T08:00:11.451+0000] {spark_submit.py:488} INFO - File "/opt/***/dags/etl_pipeline/tasks/warehouse/components/extract_transform.py", line 46, in _categories
[2024-10-03T08:00:11.452+0000] {spark_submit.py:488} INFO - raise AirflowException(f"Error when extracting and transforming data from categories: {e}")
[2024-10-03T08:00:11.453+0000] {spark_submit.py:488} INFO - ***.exceptions.AirflowException: Error when extracting and transforming data from categories: [PATH_ALREADY_EXISTS] Path file:/tmp/categories.csv already exists. Set mode as "overwrite" to overwrite the existing path.
[2024-10-03T08:00:11.453+0000] {spark_submit.py:488} INFO - [2024-10-03T08:00:11.449+0000] {clientserver.py:543} INFO - Closing down clientserver connection
[2024-10-03T08:00:12.041+0000] {spark_submit.py:488} INFO - 24/10/03 08:00:12 INFO SparkContext: Invoking stop() from shutdown hook
[2024-10-03T08:00:12.042+0000] {spark_submit.py:488} INFO - 24/10/03 08:00:12 INFO SparkContext: SparkContext is stopping with exitCode 0.
[2024-10-03T08:00:12.055+0000] {spark_submit.py:488} INFO - 24/10/03 08:00:12 INFO SparkUI: Stopped Spark web UI at http://8c0d519f07a3:4040
[2024-10-03T08:00:12.062+0000] {spark_submit.py:488} INFO - 24/10/03 08:00:12 INFO StandaloneSchedulerBackend: Shutting down all executors
[2024-10-03T08:00:12.063+0000] {spark_submit.py:488} INFO - 24/10/03 08:00:12 INFO StandaloneSchedulerBackend$StandaloneDriverEndpoint: Asking each executor to shut down
[2024-10-03T08:00:12.120+0000] {spark_submit.py:488} INFO - 24/10/03 08:00:12 INFO MapOutputTrackerMasterEndpoint: MapOutputTrackerMasterEndpoint stopped!
[2024-10-03T08:00:12.162+0000] {spark_submit.py:488} INFO - 24/10/03 08:00:12 INFO MemoryStore: MemoryStore cleared
[2024-10-03T08:00:12.163+0000] {spark_submit.py:488} INFO - 24/10/03 08:00:12 INFO BlockManager: BlockManager stopped
[2024-10-03T08:00:12.169+0000] {spark_submit.py:488} INFO - 24/10/03 08:00:12 INFO BlockManagerMaster: BlockManagerMaster stopped
[2024-10-03T08:00:12.172+0000] {spark_submit.py:488} INFO - 24/10/03 08:00:12 INFO OutputCommitCoordinator$OutputCommitCoordinatorEndpoint: OutputCommitCoordinator stopped!
[2024-10-03T08:00:12.185+0000] {spark_submit.py:488} INFO - 24/10/03 08:00:12 INFO SparkContext: Successfully stopped SparkContext
[2024-10-03T08:00:12.186+0000] {spark_submit.py:488} INFO - 24/10/03 08:00:12 INFO ShutdownHookManager: Shutdown hook called
[2024-10-03T08:00:12.187+0000] {spark_submit.py:488} INFO - 24/10/03 08:00:12 INFO ShutdownHookManager: Deleting directory /tmp/spark-b025e107-cbc3-4e2d-8e61-8436519b1060/pyspark-30c3ab3f-aa24-4959-887a-c2c08a515f7c
[2024-10-03T08:00:12.191+0000] {spark_submit.py:488} INFO - 24/10/03 08:00:12 INFO ShutdownHookManager: Deleting directory /tmp/spark-b025e107-cbc3-4e2d-8e61-8436519b1060
[2024-10-03T08:00:12.196+0000] {spark_submit.py:488} INFO - 24/10/03 08:00:12 INFO ShutdownHookManager: Deleting directory /tmp/spark-31238f6b-6137-4448-a0e3-578162a2d5c2
[2024-10-03T08:00:12.262+0000] {taskinstance.py:3310} ERROR - Task failed with exception
Traceback (most recent call last):
  File "/home/airflow/.local/lib/python3.12/site-packages/airflow/models/taskinstance.py", line 767, in _execute_task
    result = _execute_callable(context=context, **execute_callable_kwargs)
             ^^^^^^^^^^^^^^^^^^^^^^^^^^^^^^^^^^^^^^^^^^^^^^^^^^^^^^^^^^^^^
  File "/home/airflow/.local/lib/python3.12/site-packages/airflow/models/taskinstance.py", line 733, in _execute_callable
    return ExecutionCallableRunner(
           ^^^^^^^^^^^^^^^^^^^^^^^^
  File "/home/airflow/.local/lib/python3.12/site-packages/airflow/utils/operator_helpers.py", line 252, in run
    return self.func(*args, **kwargs)
           ^^^^^^^^^^^^^^^^^^^^^^^^^^
  File "/home/airflow/.local/lib/python3.12/site-packages/airflow/models/baseoperator.py", line 406, in wrapper
    return func(self, *args, **kwargs)
           ^^^^^^^^^^^^^^^^^^^^^^^^^^^
  File "/home/airflow/.local/lib/python3.12/site-packages/airflow/providers/apache/spark/operators/spark_submit.py", line 157, in execute
    self._hook.submit(self._application)
  File "/home/airflow/.local/lib/python3.12/site-packages/airflow/providers/apache/spark/hooks/spark_submit.py", line 419, in submit
    raise AirflowException(
airflow.exceptions.AirflowException: Cannot execute: spark-submit --master spark://spark-master:7077 --name arrow-spark dags/etl_pipeline/tasks/warehouse/components/extract_transform.py categories False 2024-10-02. Error code is: 1.
[2024-10-03T08:00:12.268+0000] {taskinstance.py:1225} INFO - Marking task as FAILED. dag_id=etl_pipeline, task_id=warehouse.step_1.extract_transform.categories, run_id=scheduled__2024-10-02T00:00:00+00:00, execution_date=20241002T000000, start_date=20241003T075942, end_date=20241003T080012
[2024-10-03T08:00:12.269+0000] {taskinstance.py:1563} INFO - Executing callback at index 0: slack_notifier
[2024-10-03T08:00:12.273+0000] {baseoperator.py:405} WARNING - SlackWebhookOperator.execute cannot be called outside TaskInstance!
[2024-10-03T08:00:12.277+0000] {logging_mixin.py:190} WARNING - /home/***/.local/lib/python3.12/site-packages/***/providers/slack/hooks/slack_webhook.py:42 UserWarning: You cannot override the default channel (chosen by the user who installed your app), username, or icon when you're using Incoming Webhooks to post messages. Instead, these values will always inherit from the associated Slack app configuration. See: https://api.slack.com/messaging/webhooks#advanced_message_formatting. It is possible to change this values only in Legacy Slack Integration Incoming Webhook: https://api.slack.com/legacy/custom-integrations/messaging/webhooks#legacy-customizations
[2024-10-03T08:00:12.286+0000] {base.py:84} INFO - Retrieving connection 'slack_notifier'
[2024-10-03T08:00:12.920+0000] {taskinstance.py:340} INFO - ::group::Post task execution logs
[2024-10-03T08:00:12.921+0000] {standard_task_runner.py:124} ERROR - Failed to execute job 13602 for task warehouse.step_1.extract_transform.categories (Cannot execute: spark-submit --master spark://spark-master:7077 --name arrow-spark dags/etl_pipeline/tasks/warehouse/components/extract_transform.py categories False 2024-10-02. Error code is: 1.; 35727)
Traceback (most recent call last):
  File "/home/airflow/.local/lib/python3.12/site-packages/airflow/task/task_runner/standard_task_runner.py", line 117, in _start_by_fork
    ret = args.func(args, dag=self.dag)
          ^^^^^^^^^^^^^^^^^^^^^^^^^^^^^
  File "/home/airflow/.local/lib/python3.12/site-packages/airflow/cli/cli_config.py", line 49, in command
    return func(*args, **kwargs)
           ^^^^^^^^^^^^^^^^^^^^^
  File "/home/airflow/.local/lib/python3.12/site-packages/airflow/utils/cli.py", line 115, in wrapper
    return f(*args, **kwargs)
           ^^^^^^^^^^^^^^^^^^
  File "/home/airflow/.local/lib/python3.12/site-packages/airflow/cli/commands/task_command.py", line 483, in task_run
    task_return_code = _run_task_by_selected_method(args, _dag, ti)
                       ^^^^^^^^^^^^^^^^^^^^^^^^^^^^^^^^^^^^^^^^^^^^
  File "/home/airflow/.local/lib/python3.12/site-packages/airflow/cli/commands/task_command.py", line 256, in _run_task_by_selected_method
    return _run_raw_task(args, ti)
           ^^^^^^^^^^^^^^^^^^^^^^^
  File "/home/airflow/.local/lib/python3.12/site-packages/airflow/cli/commands/task_command.py", line 341, in _run_raw_task
    return ti._run_raw_task(
           ^^^^^^^^^^^^^^^^^
  File "/home/airflow/.local/lib/python3.12/site-packages/airflow/utils/session.py", line 97, in wrapper
    return func(*args, session=session, **kwargs)
           ^^^^^^^^^^^^^^^^^^^^^^^^^^^^^^^^^^^^^^
  File "/home/airflow/.local/lib/python3.12/site-packages/airflow/models/taskinstance.py", line 3004, in _run_raw_task
    return _run_raw_task(
           ^^^^^^^^^^^^^^
  File "/home/airflow/.local/lib/python3.12/site-packages/airflow/models/taskinstance.py", line 273, in _run_raw_task
    TaskInstance._execute_task_with_callbacks(
  File "/home/airflow/.local/lib/python3.12/site-packages/airflow/models/taskinstance.py", line 3158, in _execute_task_with_callbacks
    result = self._execute_task(context, task_orig)
             ^^^^^^^^^^^^^^^^^^^^^^^^^^^^^^^^^^^^^^
  File "/home/airflow/.local/lib/python3.12/site-packages/airflow/models/taskinstance.py", line 3182, in _execute_task
    return _execute_task(self, context, task_orig)
           ^^^^^^^^^^^^^^^^^^^^^^^^^^^^^^^^^^^^^^^
  File "/home/airflow/.local/lib/python3.12/site-packages/airflow/models/taskinstance.py", line 767, in _execute_task
    result = _execute_callable(context=context, **execute_callable_kwargs)
             ^^^^^^^^^^^^^^^^^^^^^^^^^^^^^^^^^^^^^^^^^^^^^^^^^^^^^^^^^^^^^
  File "/home/airflow/.local/lib/python3.12/site-packages/airflow/models/taskinstance.py", line 733, in _execute_callable
    return ExecutionCallableRunner(
           ^^^^^^^^^^^^^^^^^^^^^^^^
  File "/home/airflow/.local/lib/python3.12/site-packages/airflow/utils/operator_helpers.py", line 252, in run
    return self.func(*args, **kwargs)
           ^^^^^^^^^^^^^^^^^^^^^^^^^^
  File "/home/airflow/.local/lib/python3.12/site-packages/airflow/models/baseoperator.py", line 406, in wrapper
    return func(self, *args, **kwargs)
           ^^^^^^^^^^^^^^^^^^^^^^^^^^^
  File "/home/airflow/.local/lib/python3.12/site-packages/airflow/providers/apache/spark/operators/spark_submit.py", line 157, in execute
    self._hook.submit(self._application)
  File "/home/airflow/.local/lib/python3.12/site-packages/airflow/providers/apache/spark/hooks/spark_submit.py", line 419, in submit
    raise AirflowException(
airflow.exceptions.AirflowException: Cannot execute: spark-submit --master spark://spark-master:7077 --name arrow-spark dags/etl_pipeline/tasks/warehouse/components/extract_transform.py categories False 2024-10-02. Error code is: 1.
[2024-10-03T08:00:12.946+0000] {local_task_job_runner.py:266} INFO - Task exited with return code 1
[2024-10-03T08:00:12.973+0000] {taskinstance.py:3900} INFO - 0 downstream tasks scheduled from follow-on schedule check
[2024-10-03T08:00:12.976+0000] {local_task_job_runner.py:245} INFO - ::endgroup::
