[2024-10-03T07:17:37.509+0000] {local_task_job_runner.py:123} INFO - ::group::Pre task execution logs
[2024-10-03T07:17:37.544+0000] {taskinstance.py:2612} INFO - Dependencies all met for dep_context=non-requeueable deps ti=<TaskInstance: etl_pipeline.warehouse.step_1.extract_transform.categories scheduled__2024-10-02T00:00:00+00:00 [queued]>
[2024-10-03T07:17:37.561+0000] {taskinstance.py:2612} INFO - Dependencies all met for dep_context=requeueable deps ti=<TaskInstance: etl_pipeline.warehouse.step_1.extract_transform.categories scheduled__2024-10-02T00:00:00+00:00 [queued]>
[2024-10-03T07:17:37.561+0000] {taskinstance.py:2865} INFO - Starting attempt 20 of 20
[2024-10-03T07:17:37.585+0000] {taskinstance.py:2888} INFO - Executing <Task(SparkSubmitOperator): warehouse.step_1.extract_transform.categories> on 2024-10-02 00:00:00+00:00
[2024-10-03T07:17:37.602+0000] {standard_task_runner.py:104} INFO - Running: ['***', 'tasks', 'run', 'etl_pipeline', 'warehouse.step_1.extract_transform.categories', 'scheduled__2024-10-02T00:00:00+00:00', '--job-id', '13561', '--raw', '--subdir', 'DAGS_FOLDER/etl_pipeline/run.py', '--cfg-path', '/tmp/tmp8ombsqq1']
[2024-10-03T07:17:37.610+0000] {standard_task_runner.py:105} INFO - Job 13561: Subtask warehouse.step_1.extract_transform.categories
[2024-10-03T07:17:37.610+0000] {logging_mixin.py:190} WARNING - /home/***/.local/lib/python3.12/site-packages/***/task/task_runner/standard_task_runner.py:70 DeprecationWarning: This process (pid=27998) is multi-threaded, use of fork() may lead to deadlocks in the child.
[2024-10-03T07:17:37.611+0000] {standard_task_runner.py:72} INFO - Started process 28000 to run task
[2024-10-03T07:17:37.700+0000] {task_command.py:467} INFO - Running <TaskInstance: etl_pipeline.warehouse.step_1.extract_transform.categories scheduled__2024-10-02T00:00:00+00:00 [running]> on host 8c0d519f07a3
[2024-10-03T07:17:37.866+0000] {taskinstance.py:3131} INFO - Exporting env vars: AIRFLOW_CTX_DAG_OWNER='***' AIRFLOW_CTX_DAG_ID='etl_pipeline' AIRFLOW_CTX_TASK_ID='warehouse.step_1.extract_transform.categories' AIRFLOW_CTX_EXECUTION_DATE='2024-10-02T00:00:00+00:00' AIRFLOW_CTX_TRY_NUMBER='20' AIRFLOW_CTX_DAG_RUN_ID='scheduled__2024-10-02T00:00:00+00:00'
[2024-10-03T07:17:37.868+0000] {taskinstance.py:731} INFO - ::endgroup::
[2024-10-03T07:17:37.892+0000] {base.py:84} INFO - Retrieving connection 'spark-conn'
[2024-10-03T07:17:37.894+0000] {spark_submit.py:335} INFO - Spark-Submit cmd: spark-submit --master spark://spark-master:7077 --name arrow-spark dags/etl_pipeline/tasks/warehouse/components/extract_transform.py categories True 2024-10-02
[2024-10-03T07:17:37.956+0000] {spark_submit.py:488} INFO - /home/***/.local/lib/python3.12/site-packages/pyspark/bin/load-spark-env.sh: line 68: ps: command not found
[2024-10-03T07:17:46.044+0000] {spark_submit.py:488} INFO - 24/10/03 07:17:46 INFO SparkContext: Running Spark version 3.5.3
[2024-10-03T07:17:46.049+0000] {spark_submit.py:488} INFO - 24/10/03 07:17:46 INFO SparkContext: OS info Linux, 5.15.153.1-microsoft-standard-WSL2, amd64
[2024-10-03T07:17:46.050+0000] {spark_submit.py:488} INFO - 24/10/03 07:17:46 INFO SparkContext: Java version 17.0.12
[2024-10-03T07:17:46.175+0000] {spark_submit.py:488} INFO - 24/10/03 07:17:46 WARN NativeCodeLoader: Unable to load native-hadoop library for your platform... using builtin-java classes where applicable
[2024-10-03T07:17:46.354+0000] {spark_submit.py:488} INFO - 24/10/03 07:17:46 INFO ResourceUtils: ==============================================================
[2024-10-03T07:17:46.356+0000] {spark_submit.py:488} INFO - 24/10/03 07:17:46 INFO ResourceUtils: No custom resources configured for spark.driver.
[2024-10-03T07:17:46.357+0000] {spark_submit.py:488} INFO - 24/10/03 07:17:46 INFO ResourceUtils: ==============================================================
[2024-10-03T07:17:46.358+0000] {spark_submit.py:488} INFO - 24/10/03 07:17:46 INFO SparkContext: Submitted application: Extract Transform - categories
[2024-10-03T07:17:46.402+0000] {spark_submit.py:488} INFO - 24/10/03 07:17:46 INFO ResourceProfile: Default ResourceProfile created, executor resources: Map(memory -> name: memory, amount: 1024, script: , vendor: , offHeap -> name: offHeap, amount: 0, script: , vendor: ), task resources: Map(cpus -> name: cpus, amount: 1.0)
[2024-10-03T07:17:46.421+0000] {spark_submit.py:488} INFO - 24/10/03 07:17:46 INFO ResourceProfile: Limiting resource is cpu
[2024-10-03T07:17:46.424+0000] {spark_submit.py:488} INFO - 24/10/03 07:17:46 INFO ResourceProfileManager: Added ResourceProfile id: 0
[2024-10-03T07:17:46.515+0000] {spark_submit.py:488} INFO - 24/10/03 07:17:46 INFO SecurityManager: Changing view acls to: ***
[2024-10-03T07:17:46.516+0000] {spark_submit.py:488} INFO - 24/10/03 07:17:46 INFO SecurityManager: Changing modify acls to: ***
[2024-10-03T07:17:46.518+0000] {spark_submit.py:488} INFO - 24/10/03 07:17:46 INFO SecurityManager: Changing view acls groups to:
[2024-10-03T07:17:46.520+0000] {spark_submit.py:488} INFO - 24/10/03 07:17:46 INFO SecurityManager: Changing modify acls groups to:
[2024-10-03T07:17:46.522+0000] {spark_submit.py:488} INFO - 24/10/03 07:17:46 INFO SecurityManager: SecurityManager: authentication disabled; ui acls disabled; users with view permissions: ***; groups with view permissions: EMPTY; users with modify permissions: ***; groups with modify permissions: EMPTY
[2024-10-03T07:17:46.912+0000] {spark_submit.py:488} INFO - 24/10/03 07:17:46 INFO Utils: Successfully started service 'sparkDriver' on port 34215.
[2024-10-03T07:17:46.963+0000] {spark_submit.py:488} INFO - 24/10/03 07:17:46 INFO SparkEnv: Registering MapOutputTracker
[2024-10-03T07:17:47.051+0000] {spark_submit.py:488} INFO - 24/10/03 07:17:47 INFO SparkEnv: Registering BlockManagerMaster
[2024-10-03T07:17:47.098+0000] {spark_submit.py:488} INFO - 24/10/03 07:17:47 INFO BlockManagerMasterEndpoint: Using org.apache.spark.storage.DefaultTopologyMapper for getting topology information
[2024-10-03T07:17:47.100+0000] {spark_submit.py:488} INFO - 24/10/03 07:17:47 INFO BlockManagerMasterEndpoint: BlockManagerMasterEndpoint up
[2024-10-03T07:17:47.110+0000] {spark_submit.py:488} INFO - 24/10/03 07:17:47 INFO SparkEnv: Registering BlockManagerMasterHeartbeat
[2024-10-03T07:17:47.180+0000] {spark_submit.py:488} INFO - 24/10/03 07:17:47 INFO DiskBlockManager: Created local directory at /tmp/blockmgr-d44d9e39-8894-4978-9dc5-a606fa8ad2aa
[2024-10-03T07:17:47.214+0000] {spark_submit.py:488} INFO - 24/10/03 07:17:47 INFO MemoryStore: MemoryStore started with capacity 434.4 MiB
[2024-10-03T07:17:47.244+0000] {spark_submit.py:488} INFO - 24/10/03 07:17:47 INFO SparkEnv: Registering OutputCommitCoordinator
[2024-10-03T07:17:47.476+0000] {spark_submit.py:488} INFO - 24/10/03 07:17:47 INFO JettyUtils: Start Jetty 0.0.0.0:4040 for SparkUI
[2024-10-03T07:17:47.568+0000] {spark_submit.py:488} INFO - 24/10/03 07:17:47 INFO Utils: Successfully started service 'SparkUI' on port 4040.
[2024-10-03T07:17:47.807+0000] {spark_submit.py:488} INFO - 24/10/03 07:17:47 INFO StandaloneAppClient$ClientEndpoint: Connecting to master spark://spark-master:7077...
[2024-10-03T07:17:47.893+0000] {spark_submit.py:488} INFO - 24/10/03 07:17:47 INFO TransportClientFactory: Successfully created connection to spark-master/172.20.0.2:7077 after 49 ms (0 ms spent in bootstraps)
[2024-10-03T07:17:48.075+0000] {spark_submit.py:488} INFO - 24/10/03 07:17:48 INFO StandaloneSchedulerBackend: Connected to Spark cluster with app ID app-20241003071748-0017
[2024-10-03T07:17:48.078+0000] {spark_submit.py:488} INFO - 24/10/03 07:17:48 INFO StandaloneAppClient$ClientEndpoint: Executor added: app-20241003071748-0017/0 on worker-20241003061731-172.20.0.9-38803 (172.20.0.9:38803) with 2 core(s)
[2024-10-03T07:17:48.082+0000] {spark_submit.py:488} INFO - 24/10/03 07:17:48 INFO StandaloneSchedulerBackend: Granted executor ID app-20241003071748-0017/0 on hostPort 172.20.0.9:38803 with 2 core(s), 1024.0 MiB RAM
[2024-10-03T07:17:48.101+0000] {spark_submit.py:488} INFO - 24/10/03 07:17:48 INFO Utils: Successfully started service 'org.apache.spark.network.netty.NettyBlockTransferService' on port 38273.
[2024-10-03T07:17:48.102+0000] {spark_submit.py:488} INFO - 24/10/03 07:17:48 INFO NettyBlockTransferService: Server created on 8c0d519f07a3:38273
[2024-10-03T07:17:48.108+0000] {spark_submit.py:488} INFO - 24/10/03 07:17:48 INFO BlockManager: Using org.apache.spark.storage.RandomBlockReplicationPolicy for block replication policy
[2024-10-03T07:17:48.118+0000] {spark_submit.py:488} INFO - 24/10/03 07:17:48 INFO BlockManagerMaster: Registering BlockManager BlockManagerId(driver, 8c0d519f07a3, 38273, None)
[2024-10-03T07:17:48.129+0000] {spark_submit.py:488} INFO - 24/10/03 07:17:48 INFO BlockManagerMasterEndpoint: Registering block manager 8c0d519f07a3:38273 with 434.4 MiB RAM, BlockManagerId(driver, 8c0d519f07a3, 38273, None)
[2024-10-03T07:17:48.134+0000] {spark_submit.py:488} INFO - 24/10/03 07:17:48 INFO BlockManagerMaster: Registered BlockManager BlockManagerId(driver, 8c0d519f07a3, 38273, None)
[2024-10-03T07:17:48.141+0000] {spark_submit.py:488} INFO - 24/10/03 07:17:48 INFO BlockManager: Initialized BlockManager: BlockManagerId(driver, 8c0d519f07a3, 38273, None)
[2024-10-03T07:17:48.186+0000] {spark_submit.py:488} INFO - 24/10/03 07:17:48 INFO StandaloneAppClient$ClientEndpoint: Executor updated: app-20241003071748-0017/0 is now RUNNING
[2024-10-03T07:17:48.862+0000] {spark_submit.py:488} INFO - 24/10/03 07:17:48 INFO StandaloneSchedulerBackend: SchedulerBackend is ready for scheduling beginning after reached minRegisteredResourcesRatio: 0.0
[2024-10-03T07:17:51.154+0000] {spark_submit.py:488} INFO - [2024-10-03T07:17:51.151+0000] {base.py:84} INFO - Retrieving connection 'staging_db'
[2024-10-03T07:17:51.173+0000] {spark_submit.py:488} INFO - True
[2024-10-03T07:17:51.174+0000] {spark_submit.py:488} INFO - 2024-10-02
[2024-10-03T07:17:51.174+0000] {spark_submit.py:488} INFO - ['category', 'categoryname', 'created_at']
[2024-10-03T07:17:51.175+0000] {spark_submit.py:488} INFO - []
[2024-10-03T07:17:51.175+0000] {spark_submit.py:488} INFO - tidak ada data
[2024-10-03T07:17:51.176+0000] {spark_submit.py:488} INFO - 24/10/03 07:17:51 INFO SparkContext: SparkContext is stopping with exitCode 0.
[2024-10-03T07:17:51.199+0000] {spark_submit.py:488} INFO - 24/10/03 07:17:51 INFO SparkUI: Stopped Spark web UI at http://8c0d519f07a3:4040
[2024-10-03T07:17:51.209+0000] {spark_submit.py:488} INFO - 24/10/03 07:17:51 INFO StandaloneSchedulerBackend: Shutting down all executors
[2024-10-03T07:17:51.213+0000] {spark_submit.py:488} INFO - 24/10/03 07:17:51 INFO StandaloneSchedulerBackend$StandaloneDriverEndpoint: Asking each executor to shut down
[2024-10-03T07:17:51.247+0000] {spark_submit.py:488} INFO - 24/10/03 07:17:51 INFO MapOutputTrackerMasterEndpoint: MapOutputTrackerMasterEndpoint stopped!
[2024-10-03T07:17:51.269+0000] {spark_submit.py:488} INFO - 24/10/03 07:17:51 INFO MemoryStore: MemoryStore cleared
[2024-10-03T07:17:51.270+0000] {spark_submit.py:488} INFO - 24/10/03 07:17:51 INFO BlockManager: BlockManager stopped
[2024-10-03T07:17:51.276+0000] {spark_submit.py:488} INFO - 24/10/03 07:17:51 INFO BlockManagerMaster: BlockManagerMaster stopped
[2024-10-03T07:17:51.280+0000] {spark_submit.py:488} INFO - 24/10/03 07:17:51 INFO OutputCommitCoordinator$OutputCommitCoordinatorEndpoint: OutputCommitCoordinator stopped!
[2024-10-03T07:17:51.299+0000] {spark_submit.py:488} INFO - 24/10/03 07:17:51 INFO SparkContext: Successfully stopped SparkContext
[2024-10-03T07:17:51.513+0000] {spark_submit.py:488} INFO - [2024-10-03T07:17:51.512+0000] {clientserver.py:543} INFO - Closing down clientserver connection
[2024-10-03T07:17:52.019+0000] {spark_submit.py:488} INFO - 24/10/03 07:17:52 INFO ShutdownHookManager: Shutdown hook called
[2024-10-03T07:17:52.020+0000] {spark_submit.py:488} INFO - 24/10/03 07:17:52 INFO ShutdownHookManager: Deleting directory /tmp/spark-071b1227-7867-4275-87ff-f13561f2c45d/pyspark-f744157f-f274-4fea-b6d3-6329bd2eb99c
[2024-10-03T07:17:52.024+0000] {spark_submit.py:488} INFO - 24/10/03 07:17:52 INFO ShutdownHookManager: Deleting directory /tmp/spark-071b1227-7867-4275-87ff-f13561f2c45d
[2024-10-03T07:17:52.027+0000] {spark_submit.py:488} INFO - 24/10/03 07:17:52 INFO ShutdownHookManager: Deleting directory /tmp/spark-4293ba65-634f-4ed9-86d9-505718ad0964
[2024-10-03T07:17:52.082+0000] {taskinstance.py:340} INFO - ::group::Post task execution logs
[2024-10-03T07:17:52.083+0000] {taskinstance.py:352} INFO - Marking task as SUCCESS. dag_id=etl_pipeline, task_id=warehouse.step_1.extract_transform.categories, run_id=scheduled__2024-10-02T00:00:00+00:00, execution_date=20241002T000000, start_date=20241003T071737, end_date=20241003T071752
[2024-10-03T07:17:52.144+0000] {local_task_job_runner.py:266} INFO - Task exited with return code 0
[2024-10-03T07:17:52.195+0000] {taskinstance.py:3900} INFO - 0 downstream tasks scheduled from follow-on schedule check
[2024-10-03T07:17:52.198+0000] {local_task_job_runner.py:245} INFO - ::endgroup::
