[2024-10-03T08:37:30.383+0000] {local_task_job_runner.py:123} INFO - ::group::Pre task execution logs
[2024-10-03T08:37:30.416+0000] {taskinstance.py:2612} INFO - Dependencies all met for dep_context=non-requeueable deps ti=<TaskInstance: etl_pipeline.warehouse.step_1.extract_transform.categories scheduled__2024-10-02T00:00:00+00:00 [queued]>
[2024-10-03T08:37:30.433+0000] {taskinstance.py:2612} INFO - Dependencies all met for dep_context=requeueable deps ti=<TaskInstance: etl_pipeline.warehouse.step_1.extract_transform.categories scheduled__2024-10-02T00:00:00+00:00 [queued]>
[2024-10-03T08:37:30.433+0000] {taskinstance.py:2865} INFO - Starting attempt 50 of 50
[2024-10-03T08:37:30.458+0000] {taskinstance.py:2888} INFO - Executing <Task(SparkSubmitOperator): warehouse.step_1.extract_transform.categories> on 2024-10-02 00:00:00+00:00
[2024-10-03T08:37:30.472+0000] {standard_task_runner.py:104} INFO - Running: ['***', 'tasks', 'run', 'etl_pipeline', 'warehouse.step_1.extract_transform.categories', 'scheduled__2024-10-02T00:00:00+00:00', '--job-id', '13614', '--raw', '--subdir', 'DAGS_FOLDER/etl_pipeline/run.py', '--cfg-path', '/tmp/tmptnjsxse4']
[2024-10-03T08:37:30.474+0000] {logging_mixin.py:190} WARNING - /home/***/.local/lib/python3.12/site-packages/***/task/task_runner/standard_task_runner.py:70 DeprecationWarning: This process (pid=41140) is multi-threaded, use of fork() may lead to deadlocks in the child.
[2024-10-03T08:37:30.476+0000] {standard_task_runner.py:105} INFO - Job 13614: Subtask warehouse.step_1.extract_transform.categories
[2024-10-03T08:37:30.476+0000] {standard_task_runner.py:72} INFO - Started process 41154 to run task
[2024-10-03T08:37:30.588+0000] {task_command.py:467} INFO - Running <TaskInstance: etl_pipeline.warehouse.step_1.extract_transform.categories scheduled__2024-10-02T00:00:00+00:00 [running]> on host 8c0d519f07a3
[2024-10-03T08:37:30.762+0000] {taskinstance.py:3131} INFO - Exporting env vars: AIRFLOW_CTX_DAG_OWNER='***' AIRFLOW_CTX_DAG_ID='etl_pipeline' AIRFLOW_CTX_TASK_ID='warehouse.step_1.extract_transform.categories' AIRFLOW_CTX_EXECUTION_DATE='2024-10-02T00:00:00+00:00' AIRFLOW_CTX_TRY_NUMBER='50' AIRFLOW_CTX_DAG_RUN_ID='scheduled__2024-10-02T00:00:00+00:00'
[2024-10-03T08:37:30.764+0000] {taskinstance.py:731} INFO - ::endgroup::
[2024-10-03T08:37:30.787+0000] {base.py:84} INFO - Retrieving connection 'spark-conn'
[2024-10-03T08:37:30.789+0000] {spark_submit.py:335} INFO - Spark-Submit cmd: spark-submit --master spark://spark-master:7077 --name arrow-spark dags/etl_pipeline/tasks/warehouse/components/extract_transform.py categories False 2024-10-02
[2024-10-03T08:37:30.854+0000] {spark_submit.py:488} INFO - /home/***/.local/lib/python3.12/site-packages/pyspark/bin/load-spark-env.sh: line 68: ps: command not found
[2024-10-03T08:37:38.869+0000] {spark_submit.py:488} INFO - 24/10/03 08:37:38 INFO SparkContext: Running Spark version 3.5.3
[2024-10-03T08:37:38.872+0000] {spark_submit.py:488} INFO - 24/10/03 08:37:38 INFO SparkContext: OS info Linux, 5.15.153.1-microsoft-standard-WSL2, amd64
[2024-10-03T08:37:38.873+0000] {spark_submit.py:488} INFO - 24/10/03 08:37:38 INFO SparkContext: Java version 17.0.12
[2024-10-03T08:37:38.965+0000] {spark_submit.py:488} INFO - 24/10/03 08:37:38 WARN NativeCodeLoader: Unable to load native-hadoop library for your platform... using builtin-java classes where applicable
[2024-10-03T08:37:39.133+0000] {spark_submit.py:488} INFO - 24/10/03 08:37:39 INFO ResourceUtils: ==============================================================
[2024-10-03T08:37:39.134+0000] {spark_submit.py:488} INFO - 24/10/03 08:37:39 INFO ResourceUtils: No custom resources configured for spark.driver.
[2024-10-03T08:37:39.135+0000] {spark_submit.py:488} INFO - 24/10/03 08:37:39 INFO ResourceUtils: ==============================================================
[2024-10-03T08:37:39.136+0000] {spark_submit.py:488} INFO - 24/10/03 08:37:39 INFO SparkContext: Submitted application: Extract Transform - categories
[2024-10-03T08:37:39.163+0000] {spark_submit.py:488} INFO - 24/10/03 08:37:39 INFO ResourceProfile: Default ResourceProfile created, executor resources: Map(memory -> name: memory, amount: 1024, script: , vendor: , offHeap -> name: offHeap, amount: 0, script: , vendor: ), task resources: Map(cpus -> name: cpus, amount: 1.0)
[2024-10-03T08:37:39.175+0000] {spark_submit.py:488} INFO - 24/10/03 08:37:39 INFO ResourceProfile: Limiting resource is cpu
[2024-10-03T08:37:39.176+0000] {spark_submit.py:488} INFO - 24/10/03 08:37:39 INFO ResourceProfileManager: Added ResourceProfile id: 0
[2024-10-03T08:37:39.254+0000] {spark_submit.py:488} INFO - 24/10/03 08:37:39 INFO SecurityManager: Changing view acls to: ***
[2024-10-03T08:37:39.255+0000] {spark_submit.py:488} INFO - 24/10/03 08:37:39 INFO SecurityManager: Changing modify acls to: ***
[2024-10-03T08:37:39.256+0000] {spark_submit.py:488} INFO - 24/10/03 08:37:39 INFO SecurityManager: Changing view acls groups to:
[2024-10-03T08:37:39.258+0000] {spark_submit.py:488} INFO - 24/10/03 08:37:39 INFO SecurityManager: Changing modify acls groups to:
[2024-10-03T08:37:39.259+0000] {spark_submit.py:488} INFO - 24/10/03 08:37:39 INFO SecurityManager: SecurityManager: authentication disabled; ui acls disabled; users with view permissions: ***; groups with view permissions: EMPTY; users with modify permissions: ***; groups with modify permissions: EMPTY
[2024-10-03T08:37:39.733+0000] {spark_submit.py:488} INFO - 24/10/03 08:37:39 INFO Utils: Successfully started service 'sparkDriver' on port 44347.
[2024-10-03T08:37:39.790+0000] {spark_submit.py:488} INFO - 24/10/03 08:37:39 INFO SparkEnv: Registering MapOutputTracker
[2024-10-03T08:37:39.851+0000] {spark_submit.py:488} INFO - 24/10/03 08:37:39 INFO SparkEnv: Registering BlockManagerMaster
[2024-10-03T08:37:39.884+0000] {spark_submit.py:488} INFO - 24/10/03 08:37:39 INFO BlockManagerMasterEndpoint: Using org.apache.spark.storage.DefaultTopologyMapper for getting topology information
[2024-10-03T08:37:39.886+0000] {spark_submit.py:488} INFO - 24/10/03 08:37:39 INFO BlockManagerMasterEndpoint: BlockManagerMasterEndpoint up
[2024-10-03T08:37:39.893+0000] {spark_submit.py:488} INFO - 24/10/03 08:37:39 INFO SparkEnv: Registering BlockManagerMasterHeartbeat
[2024-10-03T08:37:39.922+0000] {spark_submit.py:488} INFO - 24/10/03 08:37:39 INFO DiskBlockManager: Created local directory at /tmp/blockmgr-8cadd7d0-381f-4581-8890-2b7e31779220
[2024-10-03T08:37:39.943+0000] {spark_submit.py:488} INFO - 24/10/03 08:37:39 INFO MemoryStore: MemoryStore started with capacity 434.4 MiB
[2024-10-03T08:37:39.969+0000] {spark_submit.py:488} INFO - 24/10/03 08:37:39 INFO SparkEnv: Registering OutputCommitCoordinator
[2024-10-03T08:37:40.137+0000] {spark_submit.py:488} INFO - 24/10/03 08:37:40 INFO JettyUtils: Start Jetty 0.0.0.0:4040 for SparkUI
[2024-10-03T08:37:40.213+0000] {spark_submit.py:488} INFO - 24/10/03 08:37:40 INFO Utils: Successfully started service 'SparkUI' on port 4040.
[2024-10-03T08:37:40.410+0000] {spark_submit.py:488} INFO - 24/10/03 08:37:40 INFO StandaloneAppClient$ClientEndpoint: Connecting to master spark://spark-master:7077...
[2024-10-03T08:37:40.491+0000] {spark_submit.py:488} INFO - 24/10/03 08:37:40 INFO TransportClientFactory: Successfully created connection to spark-master/172.20.0.2:7077 after 44 ms (0 ms spent in bootstraps)
[2024-10-03T08:37:40.684+0000] {spark_submit.py:488} INFO - 24/10/03 08:37:40 INFO StandaloneSchedulerBackend: Connected to Spark cluster with app ID app-20241003083740-0045
[2024-10-03T08:37:40.687+0000] {spark_submit.py:488} INFO - 24/10/03 08:37:40 INFO StandaloneAppClient$ClientEndpoint: Executor added: app-20241003083740-0045/0 on worker-20241003061731-172.20.0.9-38803 (172.20.0.9:38803) with 2 core(s)
[2024-10-03T08:37:40.693+0000] {spark_submit.py:488} INFO - 24/10/03 08:37:40 INFO StandaloneSchedulerBackend: Granted executor ID app-20241003083740-0045/0 on hostPort 172.20.0.9:38803 with 2 core(s), 1024.0 MiB RAM
[2024-10-03T08:37:40.713+0000] {spark_submit.py:488} INFO - 24/10/03 08:37:40 INFO Utils: Successfully started service 'org.apache.spark.network.netty.NettyBlockTransferService' on port 46261.
[2024-10-03T08:37:40.715+0000] {spark_submit.py:488} INFO - 24/10/03 08:37:40 INFO NettyBlockTransferService: Server created on 8c0d519f07a3:46261
[2024-10-03T08:37:40.719+0000] {spark_submit.py:488} INFO - 24/10/03 08:37:40 INFO BlockManager: Using org.apache.spark.storage.RandomBlockReplicationPolicy for block replication policy
[2024-10-03T08:37:40.736+0000] {spark_submit.py:488} INFO - 24/10/03 08:37:40 INFO BlockManagerMaster: Registering BlockManager BlockManagerId(driver, 8c0d519f07a3, 46261, None)
[2024-10-03T08:37:40.744+0000] {spark_submit.py:488} INFO - 24/10/03 08:37:40 INFO BlockManagerMasterEndpoint: Registering block manager 8c0d519f07a3:46261 with 434.4 MiB RAM, BlockManagerId(driver, 8c0d519f07a3, 46261, None)
[2024-10-03T08:37:40.750+0000] {spark_submit.py:488} INFO - 24/10/03 08:37:40 INFO BlockManagerMaster: Registered BlockManager BlockManagerId(driver, 8c0d519f07a3, 46261, None)
[2024-10-03T08:37:40.755+0000] {spark_submit.py:488} INFO - 24/10/03 08:37:40 INFO BlockManager: Initialized BlockManager: BlockManagerId(driver, 8c0d519f07a3, 46261, None)
[2024-10-03T08:37:40.780+0000] {spark_submit.py:488} INFO - 24/10/03 08:37:40 INFO StandaloneAppClient$ClientEndpoint: Executor updated: app-20241003083740-0045/0 is now RUNNING
[2024-10-03T08:37:41.562+0000] {spark_submit.py:488} INFO - 24/10/03 08:37:41 INFO StandaloneSchedulerBackend: SchedulerBackend is ready for scheduling beginning after reached minRegisteredResourcesRatio: 0.0
[2024-10-03T08:37:43.317+0000] {spark_submit.py:488} INFO - [2024-10-03T08:37:43.315+0000] {base.py:84} INFO - Retrieving connection 'staging_db'
[2024-10-03T08:37:43.479+0000] {spark_submit.py:488} INFO - 24/10/03 08:37:43 INFO SharedState: Setting hive.metastore.warehouse.dir ('null') to the value of spark.sql.warehouse.dir.
[2024-10-03T08:37:43.496+0000] {spark_submit.py:488} INFO - 24/10/03 08:37:43 INFO SharedState: Warehouse path is 'file:/opt/***/spark-warehouse'.
[2024-10-03T08:37:46.588+0000] {spark_submit.py:488} INFO - 24/10/03 08:37:46 INFO StandaloneSchedulerBackend$StandaloneDriverEndpoint: Registered executor NettyRpcEndpointRef(spark-client://Executor) (172.20.0.9:35506) with ID 0,  ResourceProfileId 0
[2024-10-03T08:37:46.754+0000] {spark_submit.py:488} INFO - 24/10/03 08:37:46 INFO BlockManagerMasterEndpoint: Registering block manager 172.20.0.9:44755 with 434.4 MiB RAM, BlockManagerId(0, 172.20.0.9, 44755, None)
[2024-10-03T08:37:49.383+0000] {spark_submit.py:488} INFO - 24/10/03 08:37:49 INFO CodeGenerator: Code generated in 471.291021 ms
[2024-10-03T08:37:49.525+0000] {spark_submit.py:488} INFO - 24/10/03 08:37:49 INFO DAGScheduler: Registering RDD 6 (count at NativeMethodAccessorImpl.java:0) as input to shuffle 0
[2024-10-03T08:37:49.533+0000] {spark_submit.py:488} INFO - 24/10/03 08:37:49 INFO DAGScheduler: Got map stage job 0 (count at NativeMethodAccessorImpl.java:0) with 2 output partitions
[2024-10-03T08:37:49.534+0000] {spark_submit.py:488} INFO - 24/10/03 08:37:49 INFO DAGScheduler: Final stage: ShuffleMapStage 0 (count at NativeMethodAccessorImpl.java:0)
[2024-10-03T08:37:49.535+0000] {spark_submit.py:488} INFO - 24/10/03 08:37:49 INFO DAGScheduler: Parents of final stage: List()
[2024-10-03T08:37:49.537+0000] {spark_submit.py:488} INFO - 24/10/03 08:37:49 INFO DAGScheduler: Missing parents: List()
[2024-10-03T08:37:49.542+0000] {spark_submit.py:488} INFO - 24/10/03 08:37:49 INFO DAGScheduler: Submitting ShuffleMapStage 0 (MapPartitionsRDD[6] at count at NativeMethodAccessorImpl.java:0), which has no missing parents
[2024-10-03T08:37:49.650+0000] {spark_submit.py:488} INFO - 24/10/03 08:37:49 INFO MemoryStore: Block broadcast_0 stored as values in memory (estimated size 34.3 KiB, free 434.4 MiB)
[2024-10-03T08:37:49.711+0000] {spark_submit.py:488} INFO - 24/10/03 08:37:49 INFO MemoryStore: Block broadcast_0_piece0 stored as bytes in memory (estimated size 16.5 KiB, free 434.4 MiB)
[2024-10-03T08:37:49.716+0000] {spark_submit.py:488} INFO - 24/10/03 08:37:49 INFO BlockManagerInfo: Added broadcast_0_piece0 in memory on 8c0d519f07a3:46261 (size: 16.5 KiB, free: 434.4 MiB)
[2024-10-03T08:37:49.722+0000] {spark_submit.py:488} INFO - 24/10/03 08:37:49 INFO SparkContext: Created broadcast 0 from broadcast at DAGScheduler.scala:1585
[2024-10-03T08:37:49.748+0000] {spark_submit.py:488} INFO - 24/10/03 08:37:49 INFO DAGScheduler: Submitting 2 missing tasks from ShuffleMapStage 0 (MapPartitionsRDD[6] at count at NativeMethodAccessorImpl.java:0) (first 15 tasks are for partitions Vector(0, 1))
[2024-10-03T08:37:49.750+0000] {spark_submit.py:488} INFO - 24/10/03 08:37:49 INFO TaskSchedulerImpl: Adding task set 0.0 with 2 tasks resource profile 0
[2024-10-03T08:37:49.808+0000] {spark_submit.py:488} INFO - 24/10/03 08:37:49 INFO TaskSetManager: Starting task 0.0 in stage 0.0 (TID 0) (172.20.0.9, executor 0, partition 0, PROCESS_LOCAL, 9185 bytes)
[2024-10-03T08:37:49.817+0000] {spark_submit.py:488} INFO - 24/10/03 08:37:49 INFO TaskSetManager: Starting task 1.0 in stage 0.0 (TID 1) (172.20.0.9, executor 0, partition 1, PROCESS_LOCAL, 9170 bytes)
[2024-10-03T08:37:50.375+0000] {spark_submit.py:488} INFO - 24/10/03 08:37:50 INFO BlockManagerInfo: Added broadcast_0_piece0 in memory on 172.20.0.9:44755 (size: 16.5 KiB, free: 434.4 MiB)
[2024-10-03T08:37:53.819+0000] {spark_submit.py:488} INFO - 24/10/03 08:37:53 INFO TaskSetManager: Finished task 0.0 in stage 0.0 (TID 0) in 4031 ms on 172.20.0.9 (executor 0) (1/2)
[2024-10-03T08:37:53.822+0000] {spark_submit.py:488} INFO - 24/10/03 08:37:53 INFO TaskSetManager: Finished task 1.0 in stage 0.0 (TID 1) in 4006 ms on 172.20.0.9 (executor 0) (2/2)
[2024-10-03T08:37:53.825+0000] {spark_submit.py:488} INFO - 24/10/03 08:37:53 INFO TaskSchedulerImpl: Removed TaskSet 0.0, whose tasks have all completed, from pool
[2024-10-03T08:37:53.835+0000] {spark_submit.py:488} INFO - 24/10/03 08:37:53 INFO PythonAccumulatorV2: Connected to AccumulatorServer at host: 127.0.0.1 port: 47719
[2024-10-03T08:37:53.844+0000] {spark_submit.py:488} INFO - 24/10/03 08:37:53 INFO DAGScheduler: ShuffleMapStage 0 (count at NativeMethodAccessorImpl.java:0) finished in 4.286 s
[2024-10-03T08:37:53.846+0000] {spark_submit.py:488} INFO - 24/10/03 08:37:53 INFO DAGScheduler: looking for newly runnable stages
[2024-10-03T08:37:53.847+0000] {spark_submit.py:488} INFO - 24/10/03 08:37:53 INFO DAGScheduler: running: Set()
[2024-10-03T08:37:53.848+0000] {spark_submit.py:488} INFO - 24/10/03 08:37:53 INFO DAGScheduler: waiting: Set()
[2024-10-03T08:37:53.850+0000] {spark_submit.py:488} INFO - 24/10/03 08:37:53 INFO DAGScheduler: failed: Set()
[2024-10-03T08:37:53.904+0000] {spark_submit.py:488} INFO - 24/10/03 08:37:53 INFO ShufflePartitionsUtil: For shuffle(0), advisory target size: 67108864, actual target size 1048576, minimum partition size: 1048576
[2024-10-03T08:37:54.043+0000] {spark_submit.py:488} INFO - 24/10/03 08:37:54 INFO CodeGenerator: Code generated in 75.014301 ms
[2024-10-03T08:37:54.104+0000] {spark_submit.py:488} INFO - 24/10/03 08:37:54 INFO DAGScheduler: Registering RDD 9 (count at NativeMethodAccessorImpl.java:0) as input to shuffle 1
[2024-10-03T08:37:54.104+0000] {spark_submit.py:488} INFO - 24/10/03 08:37:54 INFO DAGScheduler: Got map stage job 1 (count at NativeMethodAccessorImpl.java:0) with 1 output partitions
[2024-10-03T08:37:54.105+0000] {spark_submit.py:488} INFO - 24/10/03 08:37:54 INFO DAGScheduler: Final stage: ShuffleMapStage 2 (count at NativeMethodAccessorImpl.java:0)
[2024-10-03T08:37:54.105+0000] {spark_submit.py:488} INFO - 24/10/03 08:37:54 INFO DAGScheduler: Parents of final stage: List(ShuffleMapStage 1)
[2024-10-03T08:37:54.106+0000] {spark_submit.py:488} INFO - 24/10/03 08:37:54 INFO DAGScheduler: Missing parents: List()
[2024-10-03T08:37:54.107+0000] {spark_submit.py:488} INFO - 24/10/03 08:37:54 INFO DAGScheduler: Submitting ShuffleMapStage 2 (MapPartitionsRDD[9] at count at NativeMethodAccessorImpl.java:0), which has no missing parents
[2024-10-03T08:37:54.139+0000] {spark_submit.py:488} INFO - 24/10/03 08:37:54 INFO MemoryStore: Block broadcast_1 stored as values in memory (estimated size 44.5 KiB, free 434.3 MiB)
[2024-10-03T08:37:54.153+0000] {spark_submit.py:488} INFO - 24/10/03 08:37:54 INFO MemoryStore: Block broadcast_1_piece0 stored as bytes in memory (estimated size 20.9 KiB, free 434.3 MiB)
[2024-10-03T08:37:54.156+0000] {spark_submit.py:488} INFO - 24/10/03 08:37:54 INFO BlockManagerInfo: Added broadcast_1_piece0 in memory on 8c0d519f07a3:46261 (size: 20.9 KiB, free: 434.4 MiB)
[2024-10-03T08:37:54.159+0000] {spark_submit.py:488} INFO - 24/10/03 08:37:54 INFO SparkContext: Created broadcast 1 from broadcast at DAGScheduler.scala:1585
[2024-10-03T08:37:54.161+0000] {spark_submit.py:488} INFO - 24/10/03 08:37:54 INFO DAGScheduler: Submitting 1 missing tasks from ShuffleMapStage 2 (MapPartitionsRDD[9] at count at NativeMethodAccessorImpl.java:0) (first 15 tasks are for partitions Vector(0))
[2024-10-03T08:37:54.163+0000] {spark_submit.py:488} INFO - 24/10/03 08:37:54 INFO TaskSchedulerImpl: Adding task set 2.0 with 1 tasks resource profile 0
[2024-10-03T08:37:54.177+0000] {spark_submit.py:488} INFO - 24/10/03 08:37:54 INFO TaskSetManager: Starting task 0.0 in stage 2.0 (TID 2) (172.20.0.9, executor 0, partition 0, NODE_LOCAL, 8992 bytes)
[2024-10-03T08:37:54.201+0000] {spark_submit.py:488} INFO - 24/10/03 08:37:54 INFO BlockManagerInfo: Removed broadcast_0_piece0 on 8c0d519f07a3:46261 in memory (size: 16.5 KiB, free: 434.4 MiB)
[2024-10-03T08:37:54.232+0000] {spark_submit.py:488} INFO - 24/10/03 08:37:54 INFO BlockManagerInfo: Removed broadcast_0_piece0 on 172.20.0.9:44755 in memory (size: 16.5 KiB, free: 434.4 MiB)
[2024-10-03T08:37:54.276+0000] {spark_submit.py:488} INFO - 24/10/03 08:37:54 INFO BlockManagerInfo: Added broadcast_1_piece0 in memory on 172.20.0.9:44755 (size: 20.9 KiB, free: 434.4 MiB)
[2024-10-03T08:37:54.448+0000] {spark_submit.py:488} INFO - 24/10/03 08:37:54 INFO MapOutputTrackerMasterEndpoint: Asked to send map output locations for shuffle 0 to 172.20.0.9:35506
[2024-10-03T08:37:54.864+0000] {spark_submit.py:488} INFO - 24/10/03 08:37:54 INFO TaskSetManager: Finished task 0.0 in stage 2.0 (TID 2) in 692 ms on 172.20.0.9 (executor 0) (1/1)
[2024-10-03T08:37:54.865+0000] {spark_submit.py:488} INFO - 24/10/03 08:37:54 INFO TaskSchedulerImpl: Removed TaskSet 2.0, whose tasks have all completed, from pool
[2024-10-03T08:37:54.869+0000] {spark_submit.py:488} INFO - 24/10/03 08:37:54 INFO DAGScheduler: ShuffleMapStage 2 (count at NativeMethodAccessorImpl.java:0) finished in 0.736 s
[2024-10-03T08:37:54.870+0000] {spark_submit.py:488} INFO - 24/10/03 08:37:54 INFO DAGScheduler: looking for newly runnable stages
[2024-10-03T08:37:54.871+0000] {spark_submit.py:488} INFO - 24/10/03 08:37:54 INFO DAGScheduler: running: Set()
[2024-10-03T08:37:54.872+0000] {spark_submit.py:488} INFO - 24/10/03 08:37:54 INFO DAGScheduler: waiting: Set()
[2024-10-03T08:37:54.872+0000] {spark_submit.py:488} INFO - 24/10/03 08:37:54 INFO DAGScheduler: failed: Set()
[2024-10-03T08:37:54.943+0000] {spark_submit.py:488} INFO - 24/10/03 08:37:54 INFO CodeGenerator: Code generated in 31.0917 ms
[2024-10-03T08:37:55.001+0000] {spark_submit.py:488} INFO - 24/10/03 08:37:55 INFO SparkContext: Starting job: count at NativeMethodAccessorImpl.java:0
[2024-10-03T08:37:55.022+0000] {spark_submit.py:488} INFO - 24/10/03 08:37:55 INFO DAGScheduler: Got job 2 (count at NativeMethodAccessorImpl.java:0) with 1 output partitions
[2024-10-03T08:37:55.023+0000] {spark_submit.py:488} INFO - 24/10/03 08:37:55 INFO DAGScheduler: Final stage: ResultStage 5 (count at NativeMethodAccessorImpl.java:0)
[2024-10-03T08:37:55.025+0000] {spark_submit.py:488} INFO - 24/10/03 08:37:55 INFO DAGScheduler: Parents of final stage: List(ShuffleMapStage 4)
[2024-10-03T08:37:55.027+0000] {spark_submit.py:488} INFO - 24/10/03 08:37:55 INFO DAGScheduler: Missing parents: List()
[2024-10-03T08:37:55.031+0000] {spark_submit.py:488} INFO - 24/10/03 08:37:55 INFO DAGScheduler: Submitting ResultStage 5 (MapPartitionsRDD[12] at count at NativeMethodAccessorImpl.java:0), which has no missing parents
[2024-10-03T08:37:55.041+0000] {spark_submit.py:488} INFO - 24/10/03 08:37:55 INFO MemoryStore: Block broadcast_2 stored as values in memory (estimated size 12.5 KiB, free 434.3 MiB)
[2024-10-03T08:37:55.055+0000] {spark_submit.py:488} INFO - 24/10/03 08:37:55 INFO MemoryStore: Block broadcast_2_piece0 stored as bytes in memory (estimated size 5.9 KiB, free 434.3 MiB)
[2024-10-03T08:37:55.064+0000] {spark_submit.py:488} INFO - 24/10/03 08:37:55 INFO BlockManagerInfo: Added broadcast_2_piece0 in memory on 8c0d519f07a3:46261 (size: 5.9 KiB, free: 434.4 MiB)
[2024-10-03T08:37:55.070+0000] {spark_submit.py:488} INFO - 24/10/03 08:37:55 INFO BlockManagerInfo: Removed broadcast_1_piece0 on 172.20.0.9:44755 in memory (size: 20.9 KiB, free: 434.4 MiB)
[2024-10-03T08:37:55.081+0000] {spark_submit.py:488} INFO - 24/10/03 08:37:55 INFO BlockManagerInfo: Removed broadcast_1_piece0 on 8c0d519f07a3:46261 in memory (size: 20.9 KiB, free: 434.4 MiB)
[2024-10-03T08:37:55.087+0000] {spark_submit.py:488} INFO - 24/10/03 08:37:55 INFO SparkContext: Created broadcast 2 from broadcast at DAGScheduler.scala:1585
[2024-10-03T08:37:55.096+0000] {spark_submit.py:488} INFO - 24/10/03 08:37:55 INFO DAGScheduler: Submitting 1 missing tasks from ResultStage 5 (MapPartitionsRDD[12] at count at NativeMethodAccessorImpl.java:0) (first 15 tasks are for partitions Vector(0))
[2024-10-03T08:37:55.098+0000] {spark_submit.py:488} INFO - 24/10/03 08:37:55 INFO TaskSchedulerImpl: Adding task set 5.0 with 1 tasks resource profile 0
[2024-10-03T08:37:55.111+0000] {spark_submit.py:488} INFO - 24/10/03 08:37:55 INFO TaskSetManager: Starting task 0.0 in stage 5.0 (TID 3) (172.20.0.9, executor 0, partition 0, NODE_LOCAL, 9003 bytes)
[2024-10-03T08:37:55.213+0000] {spark_submit.py:488} INFO - 24/10/03 08:37:55 INFO BlockManagerInfo: Added broadcast_2_piece0 in memory on 172.20.0.9:44755 (size: 5.9 KiB, free: 434.4 MiB)
[2024-10-03T08:37:55.340+0000] {spark_submit.py:488} INFO - 24/10/03 08:37:55 INFO MapOutputTrackerMasterEndpoint: Asked to send map output locations for shuffle 1 to 172.20.0.9:35506
[2024-10-03T08:37:55.476+0000] {spark_submit.py:488} INFO - 24/10/03 08:37:55 INFO TaskSetManager: Finished task 0.0 in stage 5.0 (TID 3) in 372 ms on 172.20.0.9 (executor 0) (1/1)
[2024-10-03T08:37:55.477+0000] {spark_submit.py:488} INFO - 24/10/03 08:37:55 INFO TaskSchedulerImpl: Removed TaskSet 5.0, whose tasks have all completed, from pool
[2024-10-03T08:37:55.484+0000] {spark_submit.py:488} INFO - 24/10/03 08:37:55 INFO DAGScheduler: ResultStage 5 (count at NativeMethodAccessorImpl.java:0) finished in 0.444 s
[2024-10-03T08:37:55.485+0000] {spark_submit.py:488} INFO - 24/10/03 08:37:55 INFO DAGScheduler: Job 2 is finished. Cancelling potential speculative or zombie tasks for this job
[2024-10-03T08:37:55.486+0000] {spark_submit.py:488} INFO - 24/10/03 08:37:55 INFO TaskSchedulerImpl: Killing all running tasks in stage 5: Stage finished
[2024-10-03T08:37:55.489+0000] {spark_submit.py:488} INFO - 24/10/03 08:37:55 INFO DAGScheduler: Job 2 finished: count at NativeMethodAccessorImpl.java:0, took 0.485383 s
[2024-10-03T08:37:55.851+0000] {spark_submit.py:488} INFO - 24/10/03 08:37:55 INFO CodeGenerator: Code generated in 29.391101 ms
[2024-10-03T08:37:55.870+0000] {spark_submit.py:488} INFO - 24/10/03 08:37:55 INFO DAGScheduler: Registering RDD 15 (csv at NativeMethodAccessorImpl.java:0) as input to shuffle 2
[2024-10-03T08:37:55.871+0000] {spark_submit.py:488} INFO - 24/10/03 08:37:55 INFO DAGScheduler: Got map stage job 3 (csv at NativeMethodAccessorImpl.java:0) with 2 output partitions
[2024-10-03T08:37:55.871+0000] {spark_submit.py:488} INFO - 24/10/03 08:37:55 INFO DAGScheduler: Final stage: ShuffleMapStage 6 (csv at NativeMethodAccessorImpl.java:0)
[2024-10-03T08:37:55.872+0000] {spark_submit.py:488} INFO - 24/10/03 08:37:55 INFO DAGScheduler: Parents of final stage: List()
[2024-10-03T08:37:55.872+0000] {spark_submit.py:488} INFO - 24/10/03 08:37:55 INFO DAGScheduler: Missing parents: List()
[2024-10-03T08:37:55.876+0000] {spark_submit.py:488} INFO - 24/10/03 08:37:55 INFO DAGScheduler: Submitting ShuffleMapStage 6 (MapPartitionsRDD[15] at csv at NativeMethodAccessorImpl.java:0), which has no missing parents
[2024-10-03T08:37:55.888+0000] {spark_submit.py:488} INFO - 24/10/03 08:37:55 INFO MemoryStore: Block broadcast_3 stored as values in memory (estimated size 29.2 KiB, free 434.4 MiB)
[2024-10-03T08:37:55.900+0000] {spark_submit.py:488} INFO - 24/10/03 08:37:55 INFO MemoryStore: Block broadcast_3_piece0 stored as bytes in memory (estimated size 14.1 KiB, free 434.3 MiB)
[2024-10-03T08:37:55.906+0000] {spark_submit.py:488} INFO - 24/10/03 08:37:55 INFO BlockManagerInfo: Added broadcast_3_piece0 in memory on 8c0d519f07a3:46261 (size: 14.1 KiB, free: 434.4 MiB)
[2024-10-03T08:37:55.909+0000] {spark_submit.py:488} INFO - 24/10/03 08:37:55 INFO BlockManagerInfo: Removed broadcast_2_piece0 on 8c0d519f07a3:46261 in memory (size: 5.9 KiB, free: 434.4 MiB)
[2024-10-03T08:37:55.915+0000] {spark_submit.py:488} INFO - 24/10/03 08:37:55 INFO SparkContext: Created broadcast 3 from broadcast at DAGScheduler.scala:1585
[2024-10-03T08:37:55.924+0000] {spark_submit.py:488} INFO - 24/10/03 08:37:55 INFO BlockManagerInfo: Removed broadcast_2_piece0 on 172.20.0.9:44755 in memory (size: 5.9 KiB, free: 434.4 MiB)
[2024-10-03T08:37:55.925+0000] {spark_submit.py:488} INFO - 24/10/03 08:37:55 INFO DAGScheduler: Submitting 2 missing tasks from ShuffleMapStage 6 (MapPartitionsRDD[15] at csv at NativeMethodAccessorImpl.java:0) (first 15 tasks are for partitions Vector(0, 1))
[2024-10-03T08:37:55.926+0000] {spark_submit.py:488} INFO - 24/10/03 08:37:55 INFO TaskSchedulerImpl: Adding task set 6.0 with 2 tasks resource profile 0
[2024-10-03T08:37:55.926+0000] {spark_submit.py:488} INFO - 24/10/03 08:37:55 INFO TaskSetManager: Starting task 0.0 in stage 6.0 (TID 4) (172.20.0.9, executor 0, partition 0, PROCESS_LOCAL, 9185 bytes)
[2024-10-03T08:37:55.927+0000] {spark_submit.py:488} INFO - 24/10/03 08:37:55 INFO TaskSetManager: Starting task 1.0 in stage 6.0 (TID 5) (172.20.0.9, executor 0, partition 1, PROCESS_LOCAL, 9170 bytes)
[2024-10-03T08:37:55.994+0000] {spark_submit.py:488} INFO - 24/10/03 08:37:55 INFO BlockManagerInfo: Added broadcast_3_piece0 in memory on 172.20.0.9:44755 (size: 14.1 KiB, free: 434.4 MiB)
[2024-10-03T08:37:56.522+0000] {spark_submit.py:488} INFO - 24/10/03 08:37:56 INFO TaskSetManager: Finished task 1.0 in stage 6.0 (TID 5) in 599 ms on 172.20.0.9 (executor 0) (1/2)
[2024-10-03T08:37:56.529+0000] {spark_submit.py:488} INFO - 24/10/03 08:37:56 INFO TaskSetManager: Finished task 0.0 in stage 6.0 (TID 4) in 607 ms on 172.20.0.9 (executor 0) (2/2)
[2024-10-03T08:37:56.530+0000] {spark_submit.py:488} INFO - 24/10/03 08:37:56 INFO TaskSchedulerImpl: Removed TaskSet 6.0, whose tasks have all completed, from pool
[2024-10-03T08:37:56.535+0000] {spark_submit.py:488} INFO - 24/10/03 08:37:56 INFO DAGScheduler: ShuffleMapStage 6 (csv at NativeMethodAccessorImpl.java:0) finished in 0.658 s
[2024-10-03T08:37:56.537+0000] {spark_submit.py:488} INFO - 24/10/03 08:37:56 INFO DAGScheduler: looking for newly runnable stages
[2024-10-03T08:37:56.538+0000] {spark_submit.py:488} INFO - 24/10/03 08:37:56 INFO DAGScheduler: running: Set()
[2024-10-03T08:37:56.538+0000] {spark_submit.py:488} INFO - 24/10/03 08:37:56 INFO DAGScheduler: waiting: Set()
[2024-10-03T08:37:56.539+0000] {spark_submit.py:488} INFO - 24/10/03 08:37:56 INFO DAGScheduler: failed: Set()
[2024-10-03T08:37:56.555+0000] {spark_submit.py:488} INFO - 24/10/03 08:37:56 INFO ShufflePartitionsUtil: For shuffle(2), advisory target size: 67108864, actual target size 1048576, minimum partition size: 1048576
[2024-10-03T08:37:56.721+0000] {spark_submit.py:488} INFO - 24/10/03 08:37:56 INFO FileOutputCommitter: File Output Committer Algorithm version is 1
[2024-10-03T08:37:56.722+0000] {spark_submit.py:488} INFO - 24/10/03 08:37:56 INFO FileOutputCommitter: FileOutputCommitter skip cleanup _temporary folders under output directory:false, ignore cleanup failures: false
[2024-10-03T08:37:56.724+0000] {spark_submit.py:488} INFO - 24/10/03 08:37:56 INFO SQLHadoopMapReduceCommitProtocol: Using output committer class org.apache.hadoop.mapreduce.lib.output.FileOutputCommitter
[2024-10-03T08:37:56.769+0000] {spark_submit.py:488} INFO - 24/10/03 08:37:56 INFO CodeGenerator: Code generated in 17.432501 ms
[2024-10-03T08:37:56.788+0000] {spark_submit.py:488} INFO - 24/10/03 08:37:56 INFO SparkContext: Starting job: csv at NativeMethodAccessorImpl.java:0
[2024-10-03T08:37:56.792+0000] {spark_submit.py:488} INFO - 24/10/03 08:37:56 INFO DAGScheduler: Got job 4 (csv at NativeMethodAccessorImpl.java:0) with 1 output partitions
[2024-10-03T08:37:56.793+0000] {spark_submit.py:488} INFO - 24/10/03 08:37:56 INFO DAGScheduler: Final stage: ResultStage 8 (csv at NativeMethodAccessorImpl.java:0)
[2024-10-03T08:37:56.793+0000] {spark_submit.py:488} INFO - 24/10/03 08:37:56 INFO DAGScheduler: Parents of final stage: List(ShuffleMapStage 7)
[2024-10-03T08:37:56.794+0000] {spark_submit.py:488} INFO - 24/10/03 08:37:56 INFO DAGScheduler: Missing parents: List()
[2024-10-03T08:37:56.794+0000] {spark_submit.py:488} INFO - 24/10/03 08:37:56 INFO DAGScheduler: Submitting ResultStage 8 (MapPartitionsRDD[19] at csv at NativeMethodAccessorImpl.java:0), which has no missing parents
[2024-10-03T08:37:56.873+0000] {spark_submit.py:488} INFO - 24/10/03 08:37:56 INFO MemoryStore: Block broadcast_4 stored as values in memory (estimated size 236.4 KiB, free 434.1 MiB)
[2024-10-03T08:37:56.887+0000] {spark_submit.py:488} INFO - 24/10/03 08:37:56 INFO MemoryStore: Block broadcast_4_piece0 stored as bytes in memory (estimated size 88.1 KiB, free 434.0 MiB)
[2024-10-03T08:37:56.889+0000] {spark_submit.py:488} INFO - 24/10/03 08:37:56 INFO BlockManagerInfo: Added broadcast_4_piece0 in memory on 8c0d519f07a3:46261 (size: 88.1 KiB, free: 434.3 MiB)
[2024-10-03T08:37:56.891+0000] {spark_submit.py:488} INFO - 24/10/03 08:37:56 INFO BlockManagerInfo: Removed broadcast_3_piece0 on 8c0d519f07a3:46261 in memory (size: 14.1 KiB, free: 434.3 MiB)
[2024-10-03T08:37:56.892+0000] {spark_submit.py:488} INFO - 24/10/03 08:37:56 INFO SparkContext: Created broadcast 4 from broadcast at DAGScheduler.scala:1585
[2024-10-03T08:37:56.893+0000] {spark_submit.py:488} INFO - 24/10/03 08:37:56 INFO DAGScheduler: Submitting 1 missing tasks from ResultStage 8 (MapPartitionsRDD[19] at csv at NativeMethodAccessorImpl.java:0) (first 15 tasks are for partitions Vector(0))
[2024-10-03T08:37:56.897+0000] {spark_submit.py:488} INFO - 24/10/03 08:37:56 INFO TaskSchedulerImpl: Adding task set 8.0 with 1 tasks resource profile 0
[2024-10-03T08:37:56.899+0000] {spark_submit.py:488} INFO - 24/10/03 08:37:56 INFO BlockManagerInfo: Removed broadcast_3_piece0 on 172.20.0.9:44755 in memory (size: 14.1 KiB, free: 434.4 MiB)
[2024-10-03T08:37:56.900+0000] {spark_submit.py:488} INFO - 24/10/03 08:37:56 INFO TaskSetManager: Starting task 0.0 in stage 8.0 (TID 6) (172.20.0.9, executor 0, partition 0, NODE_LOCAL, 9003 bytes)
[2024-10-03T08:37:56.937+0000] {spark_submit.py:488} INFO - 24/10/03 08:37:56 INFO BlockManagerInfo: Added broadcast_4_piece0 in memory on 172.20.0.9:44755 (size: 88.1 KiB, free: 434.3 MiB)
[2024-10-03T08:37:57.104+0000] {spark_submit.py:488} INFO - 24/10/03 08:37:57 INFO MapOutputTrackerMasterEndpoint: Asked to send map output locations for shuffle 2 to 172.20.0.9:35506
[2024-10-03T08:37:57.833+0000] {spark_submit.py:488} INFO - 24/10/03 08:37:57 INFO TaskSetManager: Finished task 0.0 in stage 8.0 (TID 6) in 934 ms on 172.20.0.9 (executor 0) (1/1)
[2024-10-03T08:37:57.834+0000] {spark_submit.py:488} INFO - 24/10/03 08:37:57 INFO TaskSchedulerImpl: Removed TaskSet 8.0, whose tasks have all completed, from pool
[2024-10-03T08:37:57.849+0000] {spark_submit.py:488} INFO - 24/10/03 08:37:57 INFO DAGScheduler: ResultStage 8 (csv at NativeMethodAccessorImpl.java:0) finished in 1.044 s
[2024-10-03T08:37:57.854+0000] {spark_submit.py:488} INFO - 24/10/03 08:37:57 INFO DAGScheduler: Job 4 is finished. Cancelling potential speculative or zombie tasks for this job
[2024-10-03T08:37:57.855+0000] {spark_submit.py:488} INFO - 24/10/03 08:37:57 INFO TaskSchedulerImpl: Killing all running tasks in stage 8: Stage finished
[2024-10-03T08:37:57.863+0000] {spark_submit.py:488} INFO - 24/10/03 08:37:57 INFO DAGScheduler: Job 4 finished: csv at NativeMethodAccessorImpl.java:0, took 1.061484 s
[2024-10-03T08:37:57.866+0000] {spark_submit.py:488} INFO - 24/10/03 08:37:57 INFO FileFormatWriter: Start to commit write Job 5cb24b0d-9946-4e20-bad7-c9f128482263.
[2024-10-03T08:37:57.949+0000] {spark_submit.py:488} INFO - 24/10/03 08:37:57 INFO FileFormatWriter: Write Job 5cb24b0d-9946-4e20-bad7-c9f128482263 committed. Elapsed time: 81 ms.
[2024-10-03T08:37:57.968+0000] {spark_submit.py:488} INFO - 24/10/03 08:37:57 INFO FileFormatWriter: Finished processing stats for write job 5cb24b0d-9946-4e20-bad7-c9f128482263.
[2024-10-03T08:37:58.024+0000] {spark_submit.py:488} INFO - [2024-10-03T08:37:58.018+0000] {base.py:84} INFO - Retrieving connection 'minio'
[2024-10-03T08:37:58.087+0000] {spark_submit.py:488} INFO - [2024-10-03T08:37:58.086+0000] {base.py:84} INFO - Retrieving connection 'minio'
[2024-10-03T08:37:58.110+0000] {spark_submit.py:488} INFO - Traceback (most recent call last):
[2024-10-03T08:37:58.111+0000] {spark_submit.py:488} INFO - File "/opt/***/dags/etl_pipeline/tasks/warehouse/components/extract_transform.py", line 59, in _categories
[2024-10-03T08:37:58.112+0000] {spark_submit.py:488} INFO - df = CustomMinio._get_dataframe('transformed-data', object_name)
[2024-10-03T08:37:58.113+0000] {spark_submit.py:488} INFO - ^^^^^^^^^^^^^^^^^^^^^^^^^^^^^^^^^^^^^^^^^^^^^^^^^^^^^^^^^^^
[2024-10-03T08:37:58.113+0000] {spark_submit.py:488} INFO - File "/opt/***/dags/helper/minio.py", line 37, in _get_dataframe
[2024-10-03T08:37:58.114+0000] {spark_submit.py:488} INFO - df = pd.read_csv(BytesIO(response.read()))
[2024-10-03T08:37:58.114+0000] {spark_submit.py:488} INFO - ^^^^^^^^^^^^^^^^^^^^^^^^^^^^^^^^^^^^^
[2024-10-03T08:37:58.115+0000] {spark_submit.py:488} INFO - File "/home/***/.local/lib/python3.12/site-packages/pandas/io/parsers/readers.py", line 948, in read_csv
[2024-10-03T08:37:58.115+0000] {spark_submit.py:488} INFO - return _read(filepath_or_buffer, kwds)
[2024-10-03T08:37:58.116+0000] {spark_submit.py:488} INFO - ^^^^^^^^^^^^^^^^^^^^^^^^^^^^^^^
[2024-10-03T08:37:58.116+0000] {spark_submit.py:488} INFO - File "/home/***/.local/lib/python3.12/site-packages/pandas/io/parsers/readers.py", line 611, in _read
[2024-10-03T08:37:58.117+0000] {spark_submit.py:488} INFO - parser = TextFileReader(filepath_or_buffer, **kwds)
[2024-10-03T08:37:58.117+0000] {spark_submit.py:488} INFO - ^^^^^^^^^^^^^^^^^^^^^^^^^^^^^^^^^^^^^^^^^^
[2024-10-03T08:37:58.118+0000] {spark_submit.py:488} INFO - File "/home/***/.local/lib/python3.12/site-packages/pandas/io/parsers/readers.py", line 1448, in __init__
[2024-10-03T08:37:58.118+0000] {spark_submit.py:488} INFO - self._engine = self._make_engine(f, self.engine)
[2024-10-03T08:37:58.119+0000] {spark_submit.py:488} INFO - ^^^^^^^^^^^^^^^^^^^^^^^^^^^^^^^^^
[2024-10-03T08:37:58.119+0000] {spark_submit.py:488} INFO - File "/home/***/.local/lib/python3.12/site-packages/pandas/io/parsers/readers.py", line 1723, in _make_engine
[2024-10-03T08:37:58.127+0000] {spark_submit.py:488} INFO - return mapping[engine](f, **self.options)
[2024-10-03T08:37:58.130+0000] {spark_submit.py:488} INFO - ^^^^^^^^^^^^^^^^^^^^^^^^^^^^^^^^^^
[2024-10-03T08:37:58.131+0000] {spark_submit.py:488} INFO - File "/home/***/.local/lib/python3.12/site-packages/pandas/io/parsers/c_parser_wrapper.py", line 93, in __init__
[2024-10-03T08:37:58.132+0000] {spark_submit.py:488} INFO - self._reader = parsers.TextReader(src, **kwds)
[2024-10-03T08:37:58.132+0000] {spark_submit.py:488} INFO - ^^^^^^^^^^^^^^^^^^^^^^^^^^^^^^^
[2024-10-03T08:37:58.132+0000] {spark_submit.py:488} INFO - File "parsers.pyx", line 586, in pandas._libs.parsers.TextReader.__cinit__
[2024-10-03T08:37:58.133+0000] {spark_submit.py:488} INFO - pandas.errors.EmptyDataError: No columns to parse from file
[2024-10-03T08:37:58.133+0000] {spark_submit.py:488} INFO - 
[2024-10-03T08:37:58.133+0000] {spark_submit.py:488} INFO - During handling of the above exception, another exception occurred:
[2024-10-03T08:37:58.134+0000] {spark_submit.py:488} INFO - 
[2024-10-03T08:37:58.134+0000] {spark_submit.py:488} INFO - Traceback (most recent call last):
[2024-10-03T08:37:58.134+0000] {spark_submit.py:488} INFO - File "/opt/***/dags/etl_pipeline/tasks/warehouse/components/extract_transform.py", line 77, in <module>
[2024-10-03T08:37:58.135+0000] {spark_submit.py:488} INFO - ExtractTransform._categories(incremental, date)
[2024-10-03T08:37:58.135+0000] {spark_submit.py:488} INFO - File "/opt/***/dags/etl_pipeline/tasks/warehouse/components/extract_transform.py", line 65, in _categories
[2024-10-03T08:37:58.136+0000] {spark_submit.py:488} INFO - raise AirflowException(f"Error when extracting and transforming data from categories: {e}")
[2024-10-03T08:37:58.136+0000] {spark_submit.py:488} INFO - ***.exceptions.AirflowException: Error when extracting and transforming data from categories: No columns to parse from file
[2024-10-03T08:37:58.137+0000] {spark_submit.py:488} INFO - [2024-10-03T08:37:58.118+0000] {clientserver.py:543} INFO - Closing down clientserver connection
[2024-10-03T08:37:58.880+0000] {spark_submit.py:488} INFO - 24/10/03 08:37:58 INFO SparkContext: Invoking stop() from shutdown hook
[2024-10-03T08:37:58.881+0000] {spark_submit.py:488} INFO - 24/10/03 08:37:58 INFO SparkContext: SparkContext is stopping with exitCode 0.
[2024-10-03T08:37:58.895+0000] {spark_submit.py:488} INFO - 24/10/03 08:37:58 INFO SparkUI: Stopped Spark web UI at http://8c0d519f07a3:4040
[2024-10-03T08:37:58.902+0000] {spark_submit.py:488} INFO - 24/10/03 08:37:58 INFO StandaloneSchedulerBackend: Shutting down all executors
[2024-10-03T08:37:58.903+0000] {spark_submit.py:488} INFO - 24/10/03 08:37:58 INFO StandaloneSchedulerBackend$StandaloneDriverEndpoint: Asking each executor to shut down
[2024-10-03T08:37:58.942+0000] {spark_submit.py:488} INFO - 24/10/03 08:37:58 INFO MapOutputTrackerMasterEndpoint: MapOutputTrackerMasterEndpoint stopped!
[2024-10-03T08:37:58.990+0000] {spark_submit.py:488} INFO - 24/10/03 08:37:58 INFO MemoryStore: MemoryStore cleared
[2024-10-03T08:37:58.991+0000] {spark_submit.py:488} INFO - 24/10/03 08:37:58 INFO BlockManager: BlockManager stopped
[2024-10-03T08:37:58.998+0000] {spark_submit.py:488} INFO - 24/10/03 08:37:58 INFO BlockManagerMaster: BlockManagerMaster stopped
[2024-10-03T08:37:59.002+0000] {spark_submit.py:488} INFO - 24/10/03 08:37:59 INFO OutputCommitCoordinator$OutputCommitCoordinatorEndpoint: OutputCommitCoordinator stopped!
[2024-10-03T08:37:59.017+0000] {spark_submit.py:488} INFO - 24/10/03 08:37:59 INFO SparkContext: Successfully stopped SparkContext
[2024-10-03T08:37:59.018+0000] {spark_submit.py:488} INFO - 24/10/03 08:37:59 INFO ShutdownHookManager: Shutdown hook called
[2024-10-03T08:37:59.019+0000] {spark_submit.py:488} INFO - 24/10/03 08:37:59 INFO ShutdownHookManager: Deleting directory /tmp/spark-dcc6e488-e571-458f-98e4-9b64e26faedf
[2024-10-03T08:37:59.023+0000] {spark_submit.py:488} INFO - 24/10/03 08:37:59 INFO ShutdownHookManager: Deleting directory /tmp/spark-7ca621b6-8df5-4078-b94b-cac8b335c232/pyspark-a4052b5d-90f3-43cf-a788-99c5f39967d5
[2024-10-03T08:37:59.027+0000] {spark_submit.py:488} INFO - 24/10/03 08:37:59 INFO ShutdownHookManager: Deleting directory /tmp/spark-7ca621b6-8df5-4078-b94b-cac8b335c232
[2024-10-03T08:37:59.101+0000] {taskinstance.py:3310} ERROR - Task failed with exception
Traceback (most recent call last):
  File "/home/airflow/.local/lib/python3.12/site-packages/airflow/models/taskinstance.py", line 767, in _execute_task
    result = _execute_callable(context=context, **execute_callable_kwargs)
             ^^^^^^^^^^^^^^^^^^^^^^^^^^^^^^^^^^^^^^^^^^^^^^^^^^^^^^^^^^^^^
  File "/home/airflow/.local/lib/python3.12/site-packages/airflow/models/taskinstance.py", line 733, in _execute_callable
    return ExecutionCallableRunner(
           ^^^^^^^^^^^^^^^^^^^^^^^^
  File "/home/airflow/.local/lib/python3.12/site-packages/airflow/utils/operator_helpers.py", line 252, in run
    return self.func(*args, **kwargs)
           ^^^^^^^^^^^^^^^^^^^^^^^^^^
  File "/home/airflow/.local/lib/python3.12/site-packages/airflow/models/baseoperator.py", line 406, in wrapper
    return func(self, *args, **kwargs)
           ^^^^^^^^^^^^^^^^^^^^^^^^^^^
  File "/home/airflow/.local/lib/python3.12/site-packages/airflow/providers/apache/spark/operators/spark_submit.py", line 157, in execute
    self._hook.submit(self._application)
  File "/home/airflow/.local/lib/python3.12/site-packages/airflow/providers/apache/spark/hooks/spark_submit.py", line 419, in submit
    raise AirflowException(
airflow.exceptions.AirflowException: Cannot execute: spark-submit --master spark://spark-master:7077 --name arrow-spark dags/etl_pipeline/tasks/warehouse/components/extract_transform.py categories False 2024-10-02. Error code is: 1.
[2024-10-03T08:37:59.106+0000] {taskinstance.py:1225} INFO - Marking task as FAILED. dag_id=etl_pipeline, task_id=warehouse.step_1.extract_transform.categories, run_id=scheduled__2024-10-02T00:00:00+00:00, execution_date=20241002T000000, start_date=20241003T083730, end_date=20241003T083759
[2024-10-03T08:37:59.107+0000] {taskinstance.py:1563} INFO - Executing callback at index 0: slack_notifier
[2024-10-03T08:37:59.109+0000] {baseoperator.py:405} WARNING - SlackWebhookOperator.execute cannot be called outside TaskInstance!
[2024-10-03T08:37:59.113+0000] {logging_mixin.py:190} WARNING - /home/***/.local/lib/python3.12/site-packages/***/providers/slack/hooks/slack_webhook.py:42 UserWarning: You cannot override the default channel (chosen by the user who installed your app), username, or icon when you're using Incoming Webhooks to post messages. Instead, these values will always inherit from the associated Slack app configuration. See: https://api.slack.com/messaging/webhooks#advanced_message_formatting. It is possible to change this values only in Legacy Slack Integration Incoming Webhook: https://api.slack.com/legacy/custom-integrations/messaging/webhooks#legacy-customizations
[2024-10-03T08:37:59.132+0000] {base.py:84} INFO - Retrieving connection 'slack_notifier'
[2024-10-03T08:37:59.626+0000] {taskinstance.py:340} INFO - ::group::Post task execution logs
[2024-10-03T08:37:59.628+0000] {standard_task_runner.py:124} ERROR - Failed to execute job 13614 for task warehouse.step_1.extract_transform.categories (Cannot execute: spark-submit --master spark://spark-master:7077 --name arrow-spark dags/etl_pipeline/tasks/warehouse/components/extract_transform.py categories False 2024-10-02. Error code is: 1.; 41154)
Traceback (most recent call last):
  File "/home/airflow/.local/lib/python3.12/site-packages/airflow/task/task_runner/standard_task_runner.py", line 117, in _start_by_fork
    ret = args.func(args, dag=self.dag)
          ^^^^^^^^^^^^^^^^^^^^^^^^^^^^^
  File "/home/airflow/.local/lib/python3.12/site-packages/airflow/cli/cli_config.py", line 49, in command
    return func(*args, **kwargs)
           ^^^^^^^^^^^^^^^^^^^^^
  File "/home/airflow/.local/lib/python3.12/site-packages/airflow/utils/cli.py", line 115, in wrapper
    return f(*args, **kwargs)
           ^^^^^^^^^^^^^^^^^^
  File "/home/airflow/.local/lib/python3.12/site-packages/airflow/cli/commands/task_command.py", line 483, in task_run
    task_return_code = _run_task_by_selected_method(args, _dag, ti)
                       ^^^^^^^^^^^^^^^^^^^^^^^^^^^^^^^^^^^^^^^^^^^^
  File "/home/airflow/.local/lib/python3.12/site-packages/airflow/cli/commands/task_command.py", line 256, in _run_task_by_selected_method
    return _run_raw_task(args, ti)
           ^^^^^^^^^^^^^^^^^^^^^^^
  File "/home/airflow/.local/lib/python3.12/site-packages/airflow/cli/commands/task_command.py", line 341, in _run_raw_task
    return ti._run_raw_task(
           ^^^^^^^^^^^^^^^^^
  File "/home/airflow/.local/lib/python3.12/site-packages/airflow/utils/session.py", line 97, in wrapper
    return func(*args, session=session, **kwargs)
           ^^^^^^^^^^^^^^^^^^^^^^^^^^^^^^^^^^^^^^
  File "/home/airflow/.local/lib/python3.12/site-packages/airflow/models/taskinstance.py", line 3004, in _run_raw_task
    return _run_raw_task(
           ^^^^^^^^^^^^^^
  File "/home/airflow/.local/lib/python3.12/site-packages/airflow/models/taskinstance.py", line 273, in _run_raw_task
    TaskInstance._execute_task_with_callbacks(
  File "/home/airflow/.local/lib/python3.12/site-packages/airflow/models/taskinstance.py", line 3158, in _execute_task_with_callbacks
    result = self._execute_task(context, task_orig)
             ^^^^^^^^^^^^^^^^^^^^^^^^^^^^^^^^^^^^^^
  File "/home/airflow/.local/lib/python3.12/site-packages/airflow/models/taskinstance.py", line 3182, in _execute_task
    return _execute_task(self, context, task_orig)
           ^^^^^^^^^^^^^^^^^^^^^^^^^^^^^^^^^^^^^^^
  File "/home/airflow/.local/lib/python3.12/site-packages/airflow/models/taskinstance.py", line 767, in _execute_task
    result = _execute_callable(context=context, **execute_callable_kwargs)
             ^^^^^^^^^^^^^^^^^^^^^^^^^^^^^^^^^^^^^^^^^^^^^^^^^^^^^^^^^^^^^
  File "/home/airflow/.local/lib/python3.12/site-packages/airflow/models/taskinstance.py", line 733, in _execute_callable
    return ExecutionCallableRunner(
           ^^^^^^^^^^^^^^^^^^^^^^^^
  File "/home/airflow/.local/lib/python3.12/site-packages/airflow/utils/operator_helpers.py", line 252, in run
    return self.func(*args, **kwargs)
           ^^^^^^^^^^^^^^^^^^^^^^^^^^
  File "/home/airflow/.local/lib/python3.12/site-packages/airflow/models/baseoperator.py", line 406, in wrapper
    return func(self, *args, **kwargs)
           ^^^^^^^^^^^^^^^^^^^^^^^^^^^
  File "/home/airflow/.local/lib/python3.12/site-packages/airflow/providers/apache/spark/operators/spark_submit.py", line 157, in execute
    self._hook.submit(self._application)
  File "/home/airflow/.local/lib/python3.12/site-packages/airflow/providers/apache/spark/hooks/spark_submit.py", line 419, in submit
    raise AirflowException(
airflow.exceptions.AirflowException: Cannot execute: spark-submit --master spark://spark-master:7077 --name arrow-spark dags/etl_pipeline/tasks/warehouse/components/extract_transform.py categories False 2024-10-02. Error code is: 1.
[2024-10-03T08:37:59.676+0000] {local_task_job_runner.py:266} INFO - Task exited with return code 1
[2024-10-03T08:37:59.720+0000] {taskinstance.py:3900} INFO - 0 downstream tasks scheduled from follow-on schedule check
[2024-10-03T08:37:59.725+0000] {local_task_job_runner.py:245} INFO - ::endgroup::
