[2024-10-03T07:16:24.318+0000] {local_task_job_runner.py:123} INFO - ::group::Pre task execution logs
[2024-10-03T07:16:24.344+0000] {taskinstance.py:2612} INFO - Dependencies all met for dep_context=non-requeueable deps ti=<TaskInstance: etl_pipeline.warehouse.step_1.extract_transform.categories scheduled__2024-10-02T00:00:00+00:00 [queued]>
[2024-10-03T07:16:24.357+0000] {taskinstance.py:2612} INFO - Dependencies all met for dep_context=requeueable deps ti=<TaskInstance: etl_pipeline.warehouse.step_1.extract_transform.categories scheduled__2024-10-02T00:00:00+00:00 [queued]>
[2024-10-03T07:16:24.358+0000] {taskinstance.py:2865} INFO - Starting attempt 19 of 19
[2024-10-03T07:16:24.375+0000] {taskinstance.py:2888} INFO - Executing <Task(SparkSubmitOperator): warehouse.step_1.extract_transform.categories> on 2024-10-02 00:00:00+00:00
[2024-10-03T07:16:24.387+0000] {standard_task_runner.py:104} INFO - Running: ['***', 'tasks', 'run', 'etl_pipeline', 'warehouse.step_1.extract_transform.categories', 'scheduled__2024-10-02T00:00:00+00:00', '--job-id', '13560', '--raw', '--subdir', 'DAGS_FOLDER/etl_pipeline/run.py', '--cfg-path', '/tmp/tmpwsu8sn0h']
[2024-10-03T07:16:24.391+0000] {standard_task_runner.py:105} INFO - Job 13560: Subtask warehouse.step_1.extract_transform.categories
[2024-10-03T07:16:24.392+0000] {logging_mixin.py:190} WARNING - /home/***/.local/lib/python3.12/site-packages/***/task/task_runner/standard_task_runner.py:70 DeprecationWarning: This process (pid=27721) is multi-threaded, use of fork() may lead to deadlocks in the child.
[2024-10-03T07:16:24.393+0000] {standard_task_runner.py:72} INFO - Started process 27723 to run task
[2024-10-03T07:16:24.466+0000] {task_command.py:467} INFO - Running <TaskInstance: etl_pipeline.warehouse.step_1.extract_transform.categories scheduled__2024-10-02T00:00:00+00:00 [running]> on host 8c0d519f07a3
[2024-10-03T07:16:24.599+0000] {taskinstance.py:3131} INFO - Exporting env vars: AIRFLOW_CTX_DAG_OWNER='***' AIRFLOW_CTX_DAG_ID='etl_pipeline' AIRFLOW_CTX_TASK_ID='warehouse.step_1.extract_transform.categories' AIRFLOW_CTX_EXECUTION_DATE='2024-10-02T00:00:00+00:00' AIRFLOW_CTX_TRY_NUMBER='19' AIRFLOW_CTX_DAG_RUN_ID='scheduled__2024-10-02T00:00:00+00:00'
[2024-10-03T07:16:24.601+0000] {taskinstance.py:731} INFO - ::endgroup::
[2024-10-03T07:16:24.619+0000] {base.py:84} INFO - Retrieving connection 'spark-conn'
[2024-10-03T07:16:24.620+0000] {spark_submit.py:335} INFO - Spark-Submit cmd: spark-submit --master spark://spark-master:7077 --name arrow-spark dags/etl_pipeline/tasks/warehouse/components/extract_transform.py categories True 2024-10-02
[2024-10-03T07:16:24.677+0000] {spark_submit.py:488} INFO - /home/***/.local/lib/python3.12/site-packages/pyspark/bin/load-spark-env.sh: line 68: ps: command not found
[2024-10-03T07:16:34.089+0000] {spark_submit.py:488} INFO - 24/10/03 07:16:34 INFO SparkContext: Running Spark version 3.5.3
[2024-10-03T07:16:34.093+0000] {spark_submit.py:488} INFO - 24/10/03 07:16:34 INFO SparkContext: OS info Linux, 5.15.153.1-microsoft-standard-WSL2, amd64
[2024-10-03T07:16:34.094+0000] {spark_submit.py:488} INFO - 24/10/03 07:16:34 INFO SparkContext: Java version 17.0.12
[2024-10-03T07:16:34.209+0000] {spark_submit.py:488} INFO - 24/10/03 07:16:34 WARN NativeCodeLoader: Unable to load native-hadoop library for your platform... using builtin-java classes where applicable
[2024-10-03T07:16:34.388+0000] {spark_submit.py:488} INFO - 24/10/03 07:16:34 INFO ResourceUtils: ==============================================================
[2024-10-03T07:16:34.389+0000] {spark_submit.py:488} INFO - 24/10/03 07:16:34 INFO ResourceUtils: No custom resources configured for spark.driver.
[2024-10-03T07:16:34.391+0000] {spark_submit.py:488} INFO - 24/10/03 07:16:34 INFO ResourceUtils: ==============================================================
[2024-10-03T07:16:34.395+0000] {spark_submit.py:488} INFO - 24/10/03 07:16:34 INFO SparkContext: Submitted application: Extract Transform - categories
[2024-10-03T07:16:34.445+0000] {spark_submit.py:488} INFO - 24/10/03 07:16:34 INFO ResourceProfile: Default ResourceProfile created, executor resources: Map(memory -> name: memory, amount: 1024, script: , vendor: , offHeap -> name: offHeap, amount: 0, script: , vendor: ), task resources: Map(cpus -> name: cpus, amount: 1.0)
[2024-10-03T07:16:34.462+0000] {spark_submit.py:488} INFO - 24/10/03 07:16:34 INFO ResourceProfile: Limiting resource is cpu
[2024-10-03T07:16:34.464+0000] {spark_submit.py:488} INFO - 24/10/03 07:16:34 INFO ResourceProfileManager: Added ResourceProfile id: 0
[2024-10-03T07:16:34.586+0000] {spark_submit.py:488} INFO - 24/10/03 07:16:34 INFO SecurityManager: Changing view acls to: ***
[2024-10-03T07:16:34.590+0000] {spark_submit.py:488} INFO - 24/10/03 07:16:34 INFO SecurityManager: Changing modify acls to: ***
[2024-10-03T07:16:34.595+0000] {spark_submit.py:488} INFO - 24/10/03 07:16:34 INFO SecurityManager: Changing view acls groups to:
[2024-10-03T07:16:34.598+0000] {spark_submit.py:488} INFO - 24/10/03 07:16:34 INFO SecurityManager: Changing modify acls groups to:
[2024-10-03T07:16:34.600+0000] {spark_submit.py:488} INFO - 24/10/03 07:16:34 INFO SecurityManager: SecurityManager: authentication disabled; ui acls disabled; users with view permissions: ***; groups with view permissions: EMPTY; users with modify permissions: ***; groups with modify permissions: EMPTY
[2024-10-03T07:16:35.244+0000] {spark_submit.py:488} INFO - 24/10/03 07:16:35 INFO Utils: Successfully started service 'sparkDriver' on port 42053.
[2024-10-03T07:16:35.301+0000] {spark_submit.py:488} INFO - 24/10/03 07:16:35 INFO SparkEnv: Registering MapOutputTracker
[2024-10-03T07:16:35.378+0000] {spark_submit.py:488} INFO - 24/10/03 07:16:35 INFO SparkEnv: Registering BlockManagerMaster
[2024-10-03T07:16:35.431+0000] {spark_submit.py:488} INFO - 24/10/03 07:16:35 INFO BlockManagerMasterEndpoint: Using org.apache.spark.storage.DefaultTopologyMapper for getting topology information
[2024-10-03T07:16:35.434+0000] {spark_submit.py:488} INFO - 24/10/03 07:16:35 INFO BlockManagerMasterEndpoint: BlockManagerMasterEndpoint up
[2024-10-03T07:16:35.445+0000] {spark_submit.py:488} INFO - 24/10/03 07:16:35 INFO SparkEnv: Registering BlockManagerMasterHeartbeat
[2024-10-03T07:16:35.485+0000] {spark_submit.py:488} INFO - 24/10/03 07:16:35 INFO DiskBlockManager: Created local directory at /tmp/blockmgr-b49ebbc6-2cf3-4ff4-96b9-8a70c2c55ea1
[2024-10-03T07:16:35.524+0000] {spark_submit.py:488} INFO - 24/10/03 07:16:35 INFO MemoryStore: MemoryStore started with capacity 434.4 MiB
[2024-10-03T07:16:35.557+0000] {spark_submit.py:488} INFO - 24/10/03 07:16:35 INFO SparkEnv: Registering OutputCommitCoordinator
[2024-10-03T07:16:35.768+0000] {spark_submit.py:488} INFO - 24/10/03 07:16:35 INFO JettyUtils: Start Jetty 0.0.0.0:4040 for SparkUI
[2024-10-03T07:16:35.859+0000] {spark_submit.py:488} INFO - 24/10/03 07:16:35 INFO Utils: Successfully started service 'SparkUI' on port 4040.
[2024-10-03T07:16:36.075+0000] {spark_submit.py:488} INFO - 24/10/03 07:16:36 INFO StandaloneAppClient$ClientEndpoint: Connecting to master spark://spark-master:7077...
[2024-10-03T07:16:36.144+0000] {spark_submit.py:488} INFO - 24/10/03 07:16:36 INFO TransportClientFactory: Successfully created connection to spark-master/172.20.0.2:7077 after 42 ms (0 ms spent in bootstraps)
[2024-10-03T07:16:36.287+0000] {spark_submit.py:488} INFO - 24/10/03 07:16:36 INFO StandaloneSchedulerBackend: Connected to Spark cluster with app ID app-20241003071636-0016
[2024-10-03T07:16:36.293+0000] {spark_submit.py:488} INFO - 24/10/03 07:16:36 INFO StandaloneAppClient$ClientEndpoint: Executor added: app-20241003071636-0016/0 on worker-20241003061731-172.20.0.9-38803 (172.20.0.9:38803) with 2 core(s)
[2024-10-03T07:16:36.297+0000] {spark_submit.py:488} INFO - 24/10/03 07:16:36 INFO StandaloneSchedulerBackend: Granted executor ID app-20241003071636-0016/0 on hostPort 172.20.0.9:38803 with 2 core(s), 1024.0 MiB RAM
[2024-10-03T07:16:36.302+0000] {spark_submit.py:488} INFO - 24/10/03 07:16:36 INFO Utils: Successfully started service 'org.apache.spark.network.netty.NettyBlockTransferService' on port 34045.
[2024-10-03T07:16:36.302+0000] {spark_submit.py:488} INFO - 24/10/03 07:16:36 INFO NettyBlockTransferService: Server created on 8c0d519f07a3:34045
[2024-10-03T07:16:36.305+0000] {spark_submit.py:488} INFO - 24/10/03 07:16:36 INFO BlockManager: Using org.apache.spark.storage.RandomBlockReplicationPolicy for block replication policy
[2024-10-03T07:16:36.312+0000] {spark_submit.py:488} INFO - 24/10/03 07:16:36 INFO BlockManagerMaster: Registering BlockManager BlockManagerId(driver, 8c0d519f07a3, 34045, None)
[2024-10-03T07:16:36.318+0000] {spark_submit.py:488} INFO - 24/10/03 07:16:36 INFO BlockManagerMasterEndpoint: Registering block manager 8c0d519f07a3:34045 with 434.4 MiB RAM, BlockManagerId(driver, 8c0d519f07a3, 34045, None)
[2024-10-03T07:16:36.321+0000] {spark_submit.py:488} INFO - 24/10/03 07:16:36 INFO BlockManagerMaster: Registered BlockManager BlockManagerId(driver, 8c0d519f07a3, 34045, None)
[2024-10-03T07:16:36.323+0000] {spark_submit.py:488} INFO - 24/10/03 07:16:36 INFO BlockManager: Initialized BlockManager: BlockManagerId(driver, 8c0d519f07a3, 34045, None)
[2024-10-03T07:16:36.368+0000] {spark_submit.py:488} INFO - 24/10/03 07:16:36 INFO StandaloneAppClient$ClientEndpoint: Executor updated: app-20241003071636-0016/0 is now RUNNING
[2024-10-03T07:16:36.791+0000] {spark_submit.py:488} INFO - 24/10/03 07:16:36 INFO StandaloneSchedulerBackend: SchedulerBackend is ready for scheduling beginning after reached minRegisteredResourcesRatio: 0.0
[2024-10-03T07:16:38.760+0000] {spark_submit.py:488} INFO - [2024-10-03T07:16:38.758+0000] {base.py:84} INFO - Retrieving connection 'staging_db'
[2024-10-03T07:16:38.780+0000] {spark_submit.py:488} INFO - True
[2024-10-03T07:16:38.780+0000] {spark_submit.py:488} INFO - 2024-10-02
[2024-10-03T07:16:38.781+0000] {spark_submit.py:488} INFO - ['category', 'categoryname', 'created_at']
[2024-10-03T07:16:38.782+0000] {spark_submit.py:488} INFO - []
[2024-10-03T07:16:38.784+0000] {spark_submit.py:488} INFO - True
[2024-10-03T07:16:38.785+0000] {spark_submit.py:488} INFO - 24/10/03 07:16:38 INFO SparkContext: SparkContext is stopping with exitCode 0.
[2024-10-03T07:16:38.806+0000] {spark_submit.py:488} INFO - 24/10/03 07:16:38 INFO SparkUI: Stopped Spark web UI at http://8c0d519f07a3:4040
[2024-10-03T07:16:38.814+0000] {spark_submit.py:488} INFO - 24/10/03 07:16:38 INFO StandaloneSchedulerBackend: Shutting down all executors
[2024-10-03T07:16:38.820+0000] {spark_submit.py:488} INFO - 24/10/03 07:16:38 INFO StandaloneSchedulerBackend$StandaloneDriverEndpoint: Asking each executor to shut down
[2024-10-03T07:16:38.855+0000] {spark_submit.py:488} INFO - 24/10/03 07:16:38 INFO MapOutputTrackerMasterEndpoint: MapOutputTrackerMasterEndpoint stopped!
[2024-10-03T07:16:38.887+0000] {spark_submit.py:488} INFO - 24/10/03 07:16:38 INFO MemoryStore: MemoryStore cleared
[2024-10-03T07:16:38.888+0000] {spark_submit.py:488} INFO - 24/10/03 07:16:38 INFO BlockManager: BlockManager stopped
[2024-10-03T07:16:38.896+0000] {spark_submit.py:488} INFO - 24/10/03 07:16:38 INFO BlockManagerMaster: BlockManagerMaster stopped
[2024-10-03T07:16:38.900+0000] {spark_submit.py:488} INFO - 24/10/03 07:16:38 INFO OutputCommitCoordinator$OutputCommitCoordinatorEndpoint: OutputCommitCoordinator stopped!
[2024-10-03T07:16:38.921+0000] {spark_submit.py:488} INFO - 24/10/03 07:16:38 INFO SparkContext: Successfully stopped SparkContext
[2024-10-03T07:16:39.362+0000] {spark_submit.py:488} INFO - [2024-10-03T07:16:39.361+0000] {clientserver.py:543} INFO - Closing down clientserver connection
[2024-10-03T07:16:39.929+0000] {spark_submit.py:488} INFO - 24/10/03 07:16:39 INFO ShutdownHookManager: Shutdown hook called
[2024-10-03T07:16:39.930+0000] {spark_submit.py:488} INFO - 24/10/03 07:16:39 INFO ShutdownHookManager: Deleting directory /tmp/spark-3b23cee9-4eb1-44d6-a9a9-d11c4eca6d29
[2024-10-03T07:16:39.934+0000] {spark_submit.py:488} INFO - 24/10/03 07:16:39 INFO ShutdownHookManager: Deleting directory /tmp/spark-2a45b9c4-5c7b-4529-8912-881b5307d557
[2024-10-03T07:16:39.937+0000] {spark_submit.py:488} INFO - 24/10/03 07:16:39 INFO ShutdownHookManager: Deleting directory /tmp/spark-2a45b9c4-5c7b-4529-8912-881b5307d557/pyspark-e6473569-0ad6-4daa-ab2c-c29ca0990223
[2024-10-03T07:16:40.003+0000] {taskinstance.py:340} INFO - ::group::Post task execution logs
[2024-10-03T07:16:40.003+0000] {taskinstance.py:352} INFO - Marking task as SUCCESS. dag_id=etl_pipeline, task_id=warehouse.step_1.extract_transform.categories, run_id=scheduled__2024-10-02T00:00:00+00:00, execution_date=20241002T000000, start_date=20241003T071624, end_date=20241003T071640
[2024-10-03T07:16:40.067+0000] {local_task_job_runner.py:266} INFO - Task exited with return code 0
[2024-10-03T07:16:40.091+0000] {taskinstance.py:3900} INFO - 0 downstream tasks scheduled from follow-on schedule check
[2024-10-03T07:16:40.094+0000] {local_task_job_runner.py:245} INFO - ::endgroup::
