[2024-09-25T11:03:52.822+0000] {local_task_job_runner.py:123} INFO - ::group::Pre task execution logs
[2024-09-25T11:03:52.973+0000] {taskinstance.py:2612} INFO - Dependencies all met for dep_context=non-requeueable deps ti=<TaskInstance: etl_pipeline.pipeline.warehouse.step_1.extract_transform.orders_history manual__2024-09-25T11:02:00.229060+00:00 [queued]>
[2024-09-25T11:03:53.020+0000] {taskinstance.py:2612} INFO - Dependencies all met for dep_context=requeueable deps ti=<TaskInstance: etl_pipeline.pipeline.warehouse.step_1.extract_transform.orders_history manual__2024-09-25T11:02:00.229060+00:00 [queued]>
[2024-09-25T11:03:53.021+0000] {taskinstance.py:2865} INFO - Starting attempt 1 of 1
[2024-09-25T11:03:53.098+0000] {taskinstance.py:2888} INFO - Executing <Task(PythonOperator): pipeline.warehouse.step_1.extract_transform.orders_history> on 2024-09-25 11:02:00.229060+00:00
[2024-09-25T11:03:53.175+0000] {warnings.py:112} WARNING - /home/***/.local/lib/python3.12/site-packages/***/task/task_runner/standard_task_runner.py:70: DeprecationWarning: This process (pid=361) is multi-threaded, use of fork() may lead to deadlocks in the child.
  pid = os.fork()

[2024-09-25T11:03:53.216+0000] {standard_task_runner.py:72} INFO - Started process 377 to run task
[2024-09-25T11:03:53.257+0000] {standard_task_runner.py:104} INFO - Running: ['***', 'tasks', 'run', 'etl_pipeline', 'pipeline.warehouse.step_1.extract_transform.orders_history', 'manual__2024-09-25T11:02:00.229060+00:00', '--job-id', '115', '--raw', '--subdir', 'DAGS_FOLDER/etl_pipeline/run.py', '--cfg-path', '/tmp/tmploim13hu']
[2024-09-25T11:03:53.417+0000] {standard_task_runner.py:105} INFO - Job 115: Subtask pipeline.warehouse.step_1.extract_transform.orders_history
[2024-09-25T11:03:54.536+0000] {task_command.py:467} INFO - Running <TaskInstance: etl_pipeline.pipeline.warehouse.step_1.extract_transform.orders_history manual__2024-09-25T11:02:00.229060+00:00 [running]> on host e10075799413
[2024-09-25T11:03:55.365+0000] {taskinstance.py:3131} INFO - Exporting env vars: AIRFLOW_CTX_DAG_OWNER='***' AIRFLOW_CTX_DAG_ID='etl_pipeline' AIRFLOW_CTX_TASK_ID='pipeline.warehouse.step_1.extract_transform.orders_history' AIRFLOW_CTX_EXECUTION_DATE='2024-09-25T11:02:00.229060+00:00' AIRFLOW_CTX_TRY_NUMBER='1' AIRFLOW_CTX_DAG_RUN_ID='manual__2024-09-25T11:02:00.229060+00:00'
[2024-09-25T11:03:55.391+0000] {taskinstance.py:731} INFO - ::endgroup::
[2024-09-25T11:03:55.839+0000] {base.py:84} INFO - Retrieving connection 'staging_db'
[2024-09-25T11:03:57.649+0000] {base.py:84} INFO - Retrieving connection 'warehouse_db'
[2024-09-25T11:04:02.084+0000] {base.py:84} INFO - Retrieving connection 'minio'
[2024-09-25T11:04:02.184+0000] {python.py:240} INFO - Done. Returned value was: None
[2024-09-25T11:04:02.212+0000] {taskinstance.py:340} INFO - ::group::Post task execution logs
[2024-09-25T11:04:02.214+0000] {taskinstance.py:352} INFO - Marking task as SUCCESS. dag_id=etl_pipeline, task_id=pipeline.warehouse.step_1.extract_transform.orders_history, run_id=manual__2024-09-25T11:02:00.229060+00:00, execution_date=20240925T110200, start_date=20240925T110352, end_date=20240925T110402
[2024-09-25T11:04:02.278+0000] {local_task_job_runner.py:266} INFO - Task exited with return code 0
[2024-09-25T11:04:02.434+0000] {taskinstance.py:3900} INFO - 0 downstream tasks scheduled from follow-on schedule check
[2024-09-25T11:04:02.439+0000] {local_task_job_runner.py:245} INFO - ::endgroup::
