[2024-10-02T16:15:54.731+0000] {local_task_job_runner.py:123} INFO - ::group::Pre task execution logs
[2024-10-02T16:15:54.778+0000] {taskinstance.py:2612} INFO - Dependencies all met for dep_context=non-requeueable deps ti=<TaskInstance: sparking_flow.scala_job manual__2024-10-02T16:15:51.895351+00:00 [queued]>
[2024-10-02T16:15:54.795+0000] {taskinstance.py:2612} INFO - Dependencies all met for dep_context=requeueable deps ti=<TaskInstance: sparking_flow.scala_job manual__2024-10-02T16:15:51.895351+00:00 [queued]>
[2024-10-02T16:15:54.796+0000] {taskinstance.py:2865} INFO - Starting attempt 1 of 1
[2024-10-02T16:15:54.824+0000] {taskinstance.py:2888} INFO - Executing <Task(SparkSubmitOperator): scala_job> on 2024-10-02 16:15:51.895351+00:00
[2024-10-02T16:15:54.834+0000] {warnings.py:112} WARNING - /home/***/.local/lib/python3.12/site-packages/***/task/task_runner/standard_task_runner.py:70: DeprecationWarning: This process (pid=1154) is multi-threaded, use of fork() may lead to deadlocks in the child.
  pid = os.fork()

[2024-10-02T16:15:54.836+0000] {standard_task_runner.py:72} INFO - Started process 1158 to run task
[2024-10-02T16:15:54.837+0000] {standard_task_runner.py:104} INFO - Running: ['***', 'tasks', 'run', 'sparking_flow', 'scala_job', 'manual__2024-10-02T16:15:51.895351+00:00', '--job-id', '12', '--raw', '--subdir', 'DAGS_FOLDER/spark_***.py', '--cfg-path', '/tmp/tmp2xvjilni']
[2024-10-02T16:15:54.840+0000] {standard_task_runner.py:105} INFO - Job 12: Subtask scala_job
[2024-10-02T16:15:54.912+0000] {task_command.py:467} INFO - Running <TaskInstance: sparking_flow.scala_job manual__2024-10-02T16:15:51.895351+00:00 [running]> on host 531092bfcd5c
[2024-10-02T16:15:55.092+0000] {taskinstance.py:3131} INFO - Exporting env vars: AIRFLOW_CTX_DAG_OWNER='Yusuf Ganiyu' AIRFLOW_CTX_DAG_ID='sparking_flow' AIRFLOW_CTX_TASK_ID='scala_job' AIRFLOW_CTX_EXECUTION_DATE='2024-10-02T16:15:51.895351+00:00' AIRFLOW_CTX_TRY_NUMBER='1' AIRFLOW_CTX_DAG_RUN_ID='manual__2024-10-02T16:15:51.895351+00:00'
[2024-10-02T16:15:55.094+0000] {taskinstance.py:731} INFO - ::endgroup::
[2024-10-02T16:15:55.146+0000] {base.py:84} INFO - Retrieving connection 'spark-conn'
[2024-10-02T16:15:55.150+0000] {spark_submit.py:335} INFO - Spark-Submit cmd: spark-submit --master spark://spark-master:7077 --name arrow-spark jobs/scala/target/scala-2.12/word-count_2.12-0.1.jar
[2024-10-02T16:15:55.256+0000] {spark_submit.py:488} INFO - /home/***/.local/lib/python3.12/site-packages/pyspark/bin/load-spark-env.sh: line 68: ps: command not found
[2024-10-02T16:16:00.879+0000] {spark_submit.py:488} INFO - 24/10/02 16:16:00 WARN NativeCodeLoader: Unable to load native-hadoop library for your platform... using builtin-java classes where applicable
[2024-10-02T16:16:01.600+0000] {spark_submit.py:488} INFO - 24/10/02 16:16:01 INFO SparkContext: Running Spark version 3.5.3
[2024-10-02T16:16:01.601+0000] {spark_submit.py:488} INFO - 24/10/02 16:16:01 INFO SparkContext: OS info Linux, 5.15.153.1-microsoft-standard-WSL2, amd64
[2024-10-02T16:16:01.602+0000] {spark_submit.py:488} INFO - 24/10/02 16:16:01 INFO SparkContext: Java version 17.0.12
[2024-10-02T16:16:01.712+0000] {spark_submit.py:488} INFO - 24/10/02 16:16:01 INFO ResourceUtils: ==============================================================
[2024-10-02T16:16:01.715+0000] {spark_submit.py:488} INFO - 24/10/02 16:16:01 INFO ResourceUtils: No custom resources configured for spark.driver.
[2024-10-02T16:16:01.727+0000] {spark_submit.py:488} INFO - 24/10/02 16:16:01 INFO ResourceUtils: ==============================================================
[2024-10-02T16:16:01.728+0000] {spark_submit.py:488} INFO - 24/10/02 16:16:01 INFO SparkContext: Submitted application: Word Count
[2024-10-02T16:16:01.923+0000] {spark_submit.py:488} INFO - 24/10/02 16:16:01 INFO ResourceProfile: Default ResourceProfile created, executor resources: Map(memory -> name: memory, amount: 1024, script: , vendor: , offHeap -> name: offHeap, amount: 0, script: , vendor: ), task resources: Map(cpus -> name: cpus, amount: 1.0)
[2024-10-02T16:16:01.955+0000] {spark_submit.py:488} INFO - 24/10/02 16:16:01 INFO ResourceProfile: Limiting resource is cpu
[2024-10-02T16:16:01.958+0000] {spark_submit.py:488} INFO - 24/10/02 16:16:01 INFO ResourceProfileManager: Added ResourceProfile id: 0
[2024-10-02T16:16:02.121+0000] {spark_submit.py:488} INFO - 24/10/02 16:16:02 INFO SecurityManager: Changing view acls to: ***
[2024-10-02T16:16:02.124+0000] {spark_submit.py:488} INFO - 24/10/02 16:16:02 INFO SecurityManager: Changing modify acls to: ***
[2024-10-02T16:16:02.126+0000] {spark_submit.py:488} INFO - 24/10/02 16:16:02 INFO SecurityManager: Changing view acls groups to:
[2024-10-02T16:16:02.127+0000] {spark_submit.py:488} INFO - 24/10/02 16:16:02 INFO SecurityManager: Changing modify acls groups to:
[2024-10-02T16:16:02.130+0000] {spark_submit.py:488} INFO - 24/10/02 16:16:02 INFO SecurityManager: SecurityManager: authentication disabled; ui acls disabled; users with view permissions: ***; groups with view permissions: EMPTY; users with modify permissions: ***; groups with modify permissions: EMPTY
[2024-10-02T16:16:02.592+0000] {spark_submit.py:488} INFO - 24/10/02 16:16:02 INFO Utils: Successfully started service 'sparkDriver' on port 38389.
[2024-10-02T16:16:02.655+0000] {spark_submit.py:488} INFO - 24/10/02 16:16:02 INFO SparkEnv: Registering MapOutputTracker
[2024-10-02T16:16:02.728+0000] {spark_submit.py:488} INFO - 24/10/02 16:16:02 INFO SparkEnv: Registering BlockManagerMaster
[2024-10-02T16:16:02.768+0000] {spark_submit.py:488} INFO - 24/10/02 16:16:02 INFO BlockManagerMasterEndpoint: Using org.apache.spark.storage.DefaultTopologyMapper for getting topology information
[2024-10-02T16:16:02.771+0000] {spark_submit.py:488} INFO - 24/10/02 16:16:02 INFO BlockManagerMasterEndpoint: BlockManagerMasterEndpoint up
[2024-10-02T16:16:02.779+0000] {spark_submit.py:488} INFO - 24/10/02 16:16:02 INFO SparkEnv: Registering BlockManagerMasterHeartbeat
[2024-10-02T16:16:02.866+0000] {spark_submit.py:488} INFO - 24/10/02 16:16:02 INFO DiskBlockManager: Created local directory at /tmp/blockmgr-974854b4-0569-4a93-8861-4ce051500163
[2024-10-02T16:16:02.897+0000] {spark_submit.py:488} INFO - 24/10/02 16:16:02 INFO MemoryStore: MemoryStore started with capacity 434.4 MiB
[2024-10-02T16:16:02.928+0000] {spark_submit.py:488} INFO - 24/10/02 16:16:02 INFO SparkEnv: Registering OutputCommitCoordinator
[2024-10-02T16:16:03.248+0000] {spark_submit.py:488} INFO - 24/10/02 16:16:03 INFO JettyUtils: Start Jetty 0.0.0.0:4040 for SparkUI
[2024-10-02T16:16:03.466+0000] {spark_submit.py:488} INFO - 24/10/02 16:16:03 WARN Utils: Service 'SparkUI' could not bind on port 4040. Attempting port 4041.
[2024-10-02T16:16:03.481+0000] {spark_submit.py:488} INFO - 24/10/02 16:16:03 INFO Utils: Successfully started service 'SparkUI' on port 4041.
[2024-10-02T16:16:03.603+0000] {spark_submit.py:488} INFO - 24/10/02 16:16:03 INFO SparkContext: Added JAR file:/opt/***/jobs/scala/target/scala-2.12/word-count_2.12-0.1.jar at spark://531092bfcd5c:38389/jars/word-count_2.12-0.1.jar with timestamp 1727885761582
[2024-10-02T16:16:03.965+0000] {spark_submit.py:488} INFO - 24/10/02 16:16:03 INFO StandaloneAppClient$ClientEndpoint: Connecting to master spark://spark-master:7077...
[2024-10-02T16:16:04.070+0000] {spark_submit.py:488} INFO - 24/10/02 16:16:04 INFO TransportClientFactory: Successfully created connection to spark-master/172.20.0.2:7077 after 63 ms (0 ms spent in bootstraps)
[2024-10-02T16:16:04.534+0000] {spark_submit.py:488} INFO - 24/10/02 16:16:04 INFO StandaloneSchedulerBackend: Connected to Spark cluster with app ID app-20241002161604-0002
[2024-10-02T16:16:04.548+0000] {spark_submit.py:488} INFO - 24/10/02 16:16:04 INFO StandaloneAppClient$ClientEndpoint: Executor added: app-20241002161604-0002/0 on worker-20241002152625-172.20.0.5-35887 (172.20.0.5:35887) with 2 core(s)
[2024-10-02T16:16:04.555+0000] {spark_submit.py:488} INFO - 24/10/02 16:16:04 INFO StandaloneSchedulerBackend: Granted executor ID app-20241002161604-0002/0 on hostPort 172.20.0.5:35887 with 2 core(s), 1024.0 MiB RAM
[2024-10-02T16:16:04.573+0000] {spark_submit.py:488} INFO - 24/10/02 16:16:04 INFO Utils: Successfully started service 'org.apache.spark.network.netty.NettyBlockTransferService' on port 38123.
[2024-10-02T16:16:04.574+0000] {spark_submit.py:488} INFO - 24/10/02 16:16:04 INFO NettyBlockTransferService: Server created on 531092bfcd5c:38123
[2024-10-02T16:16:04.581+0000] {spark_submit.py:488} INFO - 24/10/02 16:16:04 INFO BlockManager: Using org.apache.spark.storage.RandomBlockReplicationPolicy for block replication policy
[2024-10-02T16:16:04.602+0000] {spark_submit.py:488} INFO - 24/10/02 16:16:04 INFO BlockManagerMaster: Registering BlockManager BlockManagerId(driver, 531092bfcd5c, 38123, None)
[2024-10-02T16:16:04.625+0000] {spark_submit.py:488} INFO - 24/10/02 16:16:04 INFO BlockManagerMasterEndpoint: Registering block manager 531092bfcd5c:38123 with 434.4 MiB RAM, BlockManagerId(driver, 531092bfcd5c, 38123, None)
[2024-10-02T16:16:04.636+0000] {spark_submit.py:488} INFO - 24/10/02 16:16:04 INFO BlockManagerMaster: Registered BlockManager BlockManagerId(driver, 531092bfcd5c, 38123, None)
[2024-10-02T16:16:04.644+0000] {spark_submit.py:488} INFO - 24/10/02 16:16:04 INFO BlockManager: Initialized BlockManager: BlockManagerId(driver, 531092bfcd5c, 38123, None)
[2024-10-02T16:16:04.747+0000] {spark_submit.py:488} INFO - 24/10/02 16:16:04 INFO StandaloneAppClient$ClientEndpoint: Executor updated: app-20241002161604-0002/0 is now RUNNING
[2024-10-02T16:16:05.781+0000] {spark_submit.py:488} INFO - 24/10/02 16:16:05 INFO StandaloneSchedulerBackend: SchedulerBackend is ready for scheduling beginning after reached minRegisteredResourcesRatio: 0.0
[2024-10-02T16:16:08.763+0000] {spark_submit.py:488} INFO - 24/10/02 16:16:08 INFO SparkContext: Starting job: collect at wordcount.scala:14
[2024-10-02T16:16:10.268+0000] {spark_submit.py:488} INFO - 24/10/02 16:16:10 INFO DAGScheduler: Registering RDD 2 (map at wordcount.scala:11) as input to shuffle 0
[2024-10-02T16:16:10.285+0000] {spark_submit.py:488} INFO - 24/10/02 16:16:10 INFO DAGScheduler: Got job 0 (collect at wordcount.scala:14) with 2 output partitions
[2024-10-02T16:16:10.288+0000] {spark_submit.py:488} INFO - 24/10/02 16:16:10 INFO DAGScheduler: Final stage: ResultStage 1 (collect at wordcount.scala:14)
[2024-10-02T16:16:10.291+0000] {spark_submit.py:488} INFO - 24/10/02 16:16:10 INFO DAGScheduler: Parents of final stage: List(ShuffleMapStage 0)
[2024-10-02T16:16:10.303+0000] {spark_submit.py:488} INFO - 24/10/02 16:16:10 INFO DAGScheduler: Missing parents: List(ShuffleMapStage 0)
[2024-10-02T16:16:10.325+0000] {spark_submit.py:488} INFO - 24/10/02 16:16:10 INFO DAGScheduler: Submitting ShuffleMapStage 0 (MapPartitionsRDD[2] at map at wordcount.scala:11), which has no missing parents
[2024-10-02T16:16:10.640+0000] {spark_submit.py:488} INFO - 24/10/02 16:16:10 INFO MemoryStore: Block broadcast_0 stored as values in memory (estimated size 5.5 KiB, free 434.4 MiB)
[2024-10-02T16:16:10.754+0000] {spark_submit.py:488} INFO - 24/10/02 16:16:10 INFO MemoryStore: Block broadcast_0_piece0 stored as bytes in memory (estimated size 3.2 KiB, free 434.4 MiB)
[2024-10-02T16:16:10.768+0000] {spark_submit.py:488} INFO - 24/10/02 16:16:10 INFO BlockManagerInfo: Added broadcast_0_piece0 in memory on 531092bfcd5c:38123 (size: 3.2 KiB, free: 434.4 MiB)
[2024-10-02T16:16:10.779+0000] {spark_submit.py:488} INFO - 24/10/02 16:16:10 INFO SparkContext: Created broadcast 0 from broadcast at DAGScheduler.scala:1585
[2024-10-02T16:16:10.864+0000] {spark_submit.py:488} INFO - 24/10/02 16:16:10 INFO DAGScheduler: Submitting 2 missing tasks from ShuffleMapStage 0 (MapPartitionsRDD[2] at map at wordcount.scala:11) (first 15 tasks are for partitions Vector(0, 1))
[2024-10-02T16:16:10.870+0000] {spark_submit.py:488} INFO - 24/10/02 16:16:10 INFO TaskSchedulerImpl: Adding task set 0.0 with 2 tasks resource profile 0
[2024-10-02T16:16:15.374+0000] {spark_submit.py:488} INFO - 24/10/02 16:16:15 INFO StandaloneSchedulerBackend$StandaloneDriverEndpoint: Registered executor NettyRpcEndpointRef(spark-client://Executor) (172.20.0.5:40664) with ID 0,  ResourceProfileId 0
[2024-10-02T16:16:15.485+0000] {spark_submit.py:488} INFO - 24/10/02 16:16:15 INFO BlockManagerMasterEndpoint: Registering block manager 172.20.0.5:45963 with 434.4 MiB RAM, BlockManagerId(0, 172.20.0.5, 45963, None)
[2024-10-02T16:16:15.822+0000] {spark_submit.py:488} INFO - 24/10/02 16:16:15 INFO TaskSetManager: Starting task 0.0 in stage 0.0 (TID 0) (172.20.0.5, executor 0, partition 0, PROCESS_LOCAL, 9198 bytes)
[2024-10-02T16:16:15.830+0000] {spark_submit.py:488} INFO - 24/10/02 16:16:15 INFO TaskSetManager: Starting task 1.0 in stage 0.0 (TID 1) (172.20.0.5, executor 0, partition 1, PROCESS_LOCAL, 9213 bytes)
[2024-10-02T16:16:16.376+0000] {spark_submit.py:488} INFO - 24/10/02 16:16:16 INFO BlockManagerInfo: Added broadcast_0_piece0 in memory on 172.20.0.5:45963 (size: 3.2 KiB, free: 434.4 MiB)
[2024-10-02T16:16:17.798+0000] {spark_submit.py:488} INFO - 24/10/02 16:16:17 INFO TaskSetManager: Finished task 0.0 in stage 0.0 (TID 0) in 2006 ms on 172.20.0.5 (executor 0) (1/2)
[2024-10-02T16:16:17.800+0000] {spark_submit.py:488} INFO - 24/10/02 16:16:17 INFO TaskSetManager: Finished task 1.0 in stage 0.0 (TID 1) in 1970 ms on 172.20.0.5 (executor 0) (2/2)
[2024-10-02T16:16:17.802+0000] {spark_submit.py:488} INFO - 24/10/02 16:16:17 INFO TaskSchedulerImpl: Removed TaskSet 0.0, whose tasks have all completed, from pool
[2024-10-02T16:16:17.814+0000] {spark_submit.py:488} INFO - 24/10/02 16:16:17 INFO DAGScheduler: ShuffleMapStage 0 (map at wordcount.scala:11) finished in 7.411 s
[2024-10-02T16:16:17.816+0000] {spark_submit.py:488} INFO - 24/10/02 16:16:17 INFO DAGScheduler: looking for newly runnable stages
[2024-10-02T16:16:17.817+0000] {spark_submit.py:488} INFO - 24/10/02 16:16:17 INFO DAGScheduler: running: Set()
[2024-10-02T16:16:17.818+0000] {spark_submit.py:488} INFO - 24/10/02 16:16:17 INFO DAGScheduler: waiting: Set(ResultStage 1)
[2024-10-02T16:16:17.819+0000] {spark_submit.py:488} INFO - 24/10/02 16:16:17 INFO DAGScheduler: failed: Set()
[2024-10-02T16:16:17.825+0000] {spark_submit.py:488} INFO - 24/10/02 16:16:17 INFO DAGScheduler: Submitting ResultStage 1 (ShuffledRDD[3] at reduceByKey at wordcount.scala:12), which has no missing parents
[2024-10-02T16:16:17.844+0000] {spark_submit.py:488} INFO - 24/10/02 16:16:17 INFO MemoryStore: Block broadcast_1 stored as values in memory (estimated size 5.2 KiB, free 434.4 MiB)
[2024-10-02T16:16:17.848+0000] {spark_submit.py:488} INFO - 24/10/02 16:16:17 INFO MemoryStore: Block broadcast_1_piece0 stored as bytes in memory (estimated size 3.1 KiB, free 434.4 MiB)
[2024-10-02T16:16:17.849+0000] {spark_submit.py:488} INFO - 24/10/02 16:16:17 INFO BlockManagerInfo: Added broadcast_1_piece0 in memory on 531092bfcd5c:38123 (size: 3.1 KiB, free: 434.4 MiB)
[2024-10-02T16:16:17.851+0000] {spark_submit.py:488} INFO - 24/10/02 16:16:17 INFO SparkContext: Created broadcast 1 from broadcast at DAGScheduler.scala:1585
[2024-10-02T16:16:17.855+0000] {spark_submit.py:488} INFO - 24/10/02 16:16:17 INFO DAGScheduler: Submitting 2 missing tasks from ResultStage 1 (ShuffledRDD[3] at reduceByKey at wordcount.scala:12) (first 15 tasks are for partitions Vector(0, 1))
[2024-10-02T16:16:17.856+0000] {spark_submit.py:488} INFO - 24/10/02 16:16:17 INFO TaskSchedulerImpl: Adding task set 1.0 with 2 tasks resource profile 0
[2024-10-02T16:16:17.866+0000] {spark_submit.py:488} INFO - 24/10/02 16:16:17 INFO TaskSetManager: Starting task 0.0 in stage 1.0 (TID 2) (172.20.0.5, executor 0, partition 0, NODE_LOCAL, 9003 bytes)
[2024-10-02T16:16:17.868+0000] {spark_submit.py:488} INFO - 24/10/02 16:16:17 INFO TaskSetManager: Starting task 1.0 in stage 1.0 (TID 3) (172.20.0.5, executor 0, partition 1, NODE_LOCAL, 9003 bytes)
[2024-10-02T16:16:17.910+0000] {spark_submit.py:488} INFO - 24/10/02 16:16:17 INFO BlockManagerInfo: Added broadcast_1_piece0 in memory on 172.20.0.5:45963 (size: 3.1 KiB, free: 434.4 MiB)
[2024-10-02T16:16:18.034+0000] {spark_submit.py:488} INFO - 24/10/02 16:16:18 INFO MapOutputTrackerMasterEndpoint: Asked to send map output locations for shuffle 0 to 172.20.0.5:40664
[2024-10-02T16:16:18.116+0000] {spark_submit.py:488} INFO - 24/10/02 16:16:18 INFO BlockManagerInfo: Removed broadcast_0_piece0 on 531092bfcd5c:38123 in memory (size: 3.2 KiB, free: 434.4 MiB)
[2024-10-02T16:16:18.126+0000] {spark_submit.py:488} INFO - 24/10/02 16:16:18 INFO BlockManagerInfo: Removed broadcast_0_piece0 on 172.20.0.5:45963 in memory (size: 3.2 KiB, free: 434.4 MiB)
[2024-10-02T16:16:18.337+0000] {spark_submit.py:488} INFO - 24/10/02 16:16:18 INFO TaskSetManager: Finished task 0.0 in stage 1.0 (TID 2) in 475 ms on 172.20.0.5 (executor 0) (1/2)
[2024-10-02T16:16:18.339+0000] {spark_submit.py:488} INFO - 24/10/02 16:16:18 INFO TaskSetManager: Finished task 1.0 in stage 1.0 (TID 3) in 472 ms on 172.20.0.5 (executor 0) (2/2)
[2024-10-02T16:16:18.341+0000] {spark_submit.py:488} INFO - 24/10/02 16:16:18 INFO TaskSchedulerImpl: Removed TaskSet 1.0, whose tasks have all completed, from pool
[2024-10-02T16:16:18.344+0000] {spark_submit.py:488} INFO - 24/10/02 16:16:18 INFO DAGScheduler: ResultStage 1 (collect at wordcount.scala:14) finished in 0.504 s
[2024-10-02T16:16:18.352+0000] {spark_submit.py:488} INFO - 24/10/02 16:16:18 INFO DAGScheduler: Job 0 is finished. Cancelling potential speculative or zombie tasks for this job
[2024-10-02T16:16:18.354+0000] {spark_submit.py:488} INFO - 24/10/02 16:16:18 INFO TaskSchedulerImpl: Killing all running tasks in stage 1: Stage finished
[2024-10-02T16:16:18.363+0000] {spark_submit.py:488} INFO - 24/10/02 16:16:18 INFO DAGScheduler: Job 0 finished: collect at wordcount.scala:14, took 9.591009 s
[2024-10-02T16:16:18.365+0000] {spark_submit.py:488} INFO - (Hello,5)
[2024-10-02T16:16:18.366+0000] {spark_submit.py:488} INFO - (Yusuf,1)
[2024-10-02T16:16:18.366+0000] {spark_submit.py:488} INFO - (World,1)
[2024-10-02T16:16:18.367+0000] {spark_submit.py:488} INFO - (Scala,1)
[2024-10-02T16:16:18.368+0000] {spark_submit.py:488} INFO - (Docker,1)
[2024-10-02T16:16:18.369+0000] {spark_submit.py:488} INFO - (spark,1)
[2024-10-02T16:16:18.370+0000] {spark_submit.py:488} INFO - 24/10/02 16:16:18 INFO SparkContext: SparkContext is stopping with exitCode 0.
[2024-10-02T16:16:18.381+0000] {spark_submit.py:488} INFO - 24/10/02 16:16:18 INFO SparkUI: Stopped Spark web UI at http://531092bfcd5c:4041
[2024-10-02T16:16:18.386+0000] {spark_submit.py:488} INFO - 24/10/02 16:16:18 INFO StandaloneSchedulerBackend: Shutting down all executors
[2024-10-02T16:16:18.388+0000] {spark_submit.py:488} INFO - 24/10/02 16:16:18 INFO StandaloneSchedulerBackend$StandaloneDriverEndpoint: Asking each executor to shut down
[2024-10-02T16:16:18.427+0000] {spark_submit.py:488} INFO - 24/10/02 16:16:18 INFO MapOutputTrackerMasterEndpoint: MapOutputTrackerMasterEndpoint stopped!
[2024-10-02T16:16:18.556+0000] {spark_submit.py:488} INFO - 24/10/02 16:16:18 INFO MemoryStore: MemoryStore cleared
[2024-10-02T16:16:18.559+0000] {spark_submit.py:488} INFO - 24/10/02 16:16:18 INFO BlockManager: BlockManager stopped
[2024-10-02T16:16:18.567+0000] {spark_submit.py:488} INFO - 24/10/02 16:16:18 INFO BlockManagerMaster: BlockManagerMaster stopped
[2024-10-02T16:16:18.572+0000] {spark_submit.py:488} INFO - 24/10/02 16:16:18 INFO OutputCommitCoordinator$OutputCommitCoordinatorEndpoint: OutputCommitCoordinator stopped!
[2024-10-02T16:16:18.601+0000] {spark_submit.py:488} INFO - 24/10/02 16:16:18 INFO SparkContext: Successfully stopped SparkContext
[2024-10-02T16:16:18.609+0000] {spark_submit.py:488} INFO - 24/10/02 16:16:18 INFO ShutdownHookManager: Shutdown hook called
[2024-10-02T16:16:18.612+0000] {spark_submit.py:488} INFO - 24/10/02 16:16:18 INFO ShutdownHookManager: Deleting directory /tmp/spark-a4924173-4523-429e-9a3b-f71debe76791
[2024-10-02T16:16:18.621+0000] {spark_submit.py:488} INFO - 24/10/02 16:16:18 INFO ShutdownHookManager: Deleting directory /tmp/spark-196444dd-babe-472b-869b-1462df19a9c9
[2024-10-02T16:16:18.703+0000] {taskinstance.py:340} INFO - ::group::Post task execution logs
[2024-10-02T16:16:18.704+0000] {taskinstance.py:352} INFO - Marking task as SUCCESS. dag_id=sparking_flow, task_id=scala_job, run_id=manual__2024-10-02T16:15:51.895351+00:00, execution_date=20241002T161551, start_date=20241002T161554, end_date=20241002T161618
[2024-10-02T16:16:18.763+0000] {local_task_job_runner.py:266} INFO - Task exited with return code 0
[2024-10-02T16:16:18.811+0000] {taskinstance.py:3900} INFO - 0 downstream tasks scheduled from follow-on schedule check
[2024-10-02T16:16:18.814+0000] {local_task_job_runner.py:245} INFO - ::endgroup::
