[2024-10-03T07:49:35.506+0000] {local_task_job_runner.py:123} INFO - ::group::Pre task execution logs
[2024-10-03T07:49:35.544+0000] {taskinstance.py:2612} INFO - Dependencies all met for dep_context=non-requeueable deps ti=<TaskInstance: etl_pipeline.staging.dellstore_db.load.orders scheduled__2024-10-02T00:00:00+00:00 [queued]>
[2024-10-03T07:49:35.565+0000] {taskinstance.py:2612} INFO - Dependencies all met for dep_context=requeueable deps ti=<TaskInstance: etl_pipeline.staging.dellstore_db.load.orders scheduled__2024-10-02T00:00:00+00:00 [queued]>
[2024-10-03T07:49:35.566+0000] {taskinstance.py:2865} INFO - Starting attempt 2 of 1
[2024-10-03T07:49:35.593+0000] {taskinstance.py:2888} INFO - Executing <Task(PythonOperator): staging.dellstore_db.load.orders> on 2024-10-02 00:00:00+00:00
[2024-10-03T07:49:35.609+0000] {logging_mixin.py:190} WARNING - /home/***/.local/lib/python3.12/site-packages/***/task/task_runner/standard_task_runner.py:70 DeprecationWarning: This process (pid=33883) is multi-threaded, use of fork() may lead to deadlocks in the child.
[2024-10-03T07:49:35.608+0000] {standard_task_runner.py:104} INFO - Running: ['***', 'tasks', 'run', 'etl_pipeline', 'staging.dellstore_db.load.orders', 'scheduled__2024-10-02T00:00:00+00:00', '--job-id', '13589', '--raw', '--subdir', 'DAGS_FOLDER/etl_pipeline/run.py', '--cfg-path', '/tmp/tmp_numzq87']
[2024-10-03T07:49:35.611+0000] {standard_task_runner.py:105} INFO - Job 13589: Subtask staging.dellstore_db.load.orders
[2024-10-03T07:49:35.611+0000] {standard_task_runner.py:72} INFO - Started process 33900 to run task
[2024-10-03T07:49:35.718+0000] {task_command.py:467} INFO - Running <TaskInstance: etl_pipeline.staging.dellstore_db.load.orders scheduled__2024-10-02T00:00:00+00:00 [running]> on host 8c0d519f07a3
[2024-10-03T07:49:35.980+0000] {taskinstance.py:3131} INFO - Exporting env vars: AIRFLOW_CTX_DAG_OWNER='***' AIRFLOW_CTX_DAG_ID='etl_pipeline' AIRFLOW_CTX_TASK_ID='staging.dellstore_db.load.orders' AIRFLOW_CTX_EXECUTION_DATE='2024-10-02T00:00:00+00:00' AIRFLOW_CTX_TRY_NUMBER='2' AIRFLOW_CTX_DAG_RUN_ID='scheduled__2024-10-02T00:00:00+00:00'
[2024-10-03T07:49:35.984+0000] {taskinstance.py:731} INFO - ::endgroup::
[2024-10-03T07:49:36.031+0000] {base.py:84} INFO - Retrieving connection 'staging_db'
[2024-10-03T07:49:36.058+0000] {base.py:84} INFO - Retrieving connection 'minio'
[2024-10-03T07:49:36.074+0000] {taskinstance.py:301} INFO - orders doesn't have new data. Skipped...
[2024-10-03T07:49:36.112+0000] {taskinstance.py:340} INFO - ::group::Post task execution logs
[2024-10-03T07:49:36.113+0000] {taskinstance.py:352} INFO - Marking task as SKIPPED. dag_id=etl_pipeline, task_id=staging.dellstore_db.load.orders, run_id=scheduled__2024-10-02T00:00:00+00:00, execution_date=20241002T000000, start_date=20241003T074935, end_date=20241003T074936
[2024-10-03T07:49:36.240+0000] {local_task_job_runner.py:266} INFO - Task exited with return code 0
[2024-10-03T07:49:36.306+0000] {taskinstance.py:3900} INFO - 0 downstream tasks scheduled from follow-on schedule check
[2024-10-03T07:49:36.310+0000] {local_task_job_runner.py:245} INFO - ::endgroup::
