[2024-10-03T05:58:22.302+0000] {local_task_job_runner.py:123} INFO - ::group::Pre task execution logs
[2024-10-03T05:58:22.380+0000] {taskinstance.py:2612} INFO - Dependencies all met for dep_context=non-requeueable deps ti=<TaskInstance: etl_pipeline.staging.dellstore_db.load.orders scheduled__2024-10-02T00:00:00+00:00 [queued]>
[2024-10-03T05:58:22.412+0000] {taskinstance.py:2612} INFO - Dependencies all met for dep_context=requeueable deps ti=<TaskInstance: etl_pipeline.staging.dellstore_db.load.orders scheduled__2024-10-02T00:00:00+00:00 [queued]>
[2024-10-03T05:58:22.413+0000] {taskinstance.py:2865} INFO - Starting attempt 1 of 1
[2024-10-03T05:58:22.482+0000] {taskinstance.py:2888} INFO - Executing <Task(PythonOperator): staging.dellstore_db.load.orders> on 2024-10-02 00:00:00+00:00
[2024-10-03T05:58:22.496+0000] {clientserver.py:543} INFO - Closing down clientserver connection
[2024-10-03T05:58:22.508+0000] {logging_mixin.py:190} WARNING - /home/***/.local/lib/python3.12/site-packages/***/task/task_runner/standard_task_runner.py:70 DeprecationWarning: This process (pid=3099) is multi-threaded, use of fork() may lead to deadlocks in the child.
[2024-10-03T05:58:22.505+0000] {standard_task_runner.py:104} INFO - Running: ['***', 'tasks', 'run', 'etl_pipeline', 'staging.dellstore_db.load.orders', 'scheduled__2024-10-02T00:00:00+00:00', '--job-id', '13524', '--raw', '--subdir', 'DAGS_FOLDER/etl_pipeline/run.py', '--cfg-path', '/tmp/tmpoixex6lv']
[2024-10-03T05:58:22.510+0000] {standard_task_runner.py:72} INFO - Started process 3443 to run task
[2024-10-03T05:58:22.510+0000] {standard_task_runner.py:105} INFO - Job 13524: Subtask staging.dellstore_db.load.orders
[2024-10-03T05:58:22.653+0000] {task_command.py:467} INFO - Running <TaskInstance: etl_pipeline.staging.dellstore_db.load.orders scheduled__2024-10-02T00:00:00+00:00 [running]> on host b9e3ad173054
[2024-10-03T05:58:23.382+0000] {taskinstance.py:3131} INFO - Exporting env vars: AIRFLOW_CTX_DAG_OWNER='***' AIRFLOW_CTX_DAG_ID='etl_pipeline' AIRFLOW_CTX_TASK_ID='staging.dellstore_db.load.orders' AIRFLOW_CTX_EXECUTION_DATE='2024-10-02T00:00:00+00:00' AIRFLOW_CTX_TRY_NUMBER='1' AIRFLOW_CTX_DAG_RUN_ID='scheduled__2024-10-02T00:00:00+00:00'
[2024-10-03T05:58:23.384+0000] {taskinstance.py:731} INFO - ::endgroup::
[2024-10-03T05:58:23.420+0000] {base.py:84} INFO - Retrieving connection 'staging_db'
[2024-10-03T05:58:23.456+0000] {base.py:84} INFO - Retrieving connection 'minio'
[2024-10-03T05:58:30.197+0000] {python.py:240} INFO - Done. Returned value was: None
[2024-10-03T05:58:30.226+0000] {taskinstance.py:340} INFO - ::group::Post task execution logs
[2024-10-03T05:58:30.227+0000] {taskinstance.py:352} INFO - Marking task as SUCCESS. dag_id=etl_pipeline, task_id=staging.dellstore_db.load.orders, run_id=scheduled__2024-10-02T00:00:00+00:00, execution_date=20241002T000000, start_date=20241003T055822, end_date=20241003T055830
[2024-10-03T05:58:30.306+0000] {local_task_job_runner.py:266} INFO - Task exited with return code 0
[2024-10-03T05:58:30.594+0000] {taskinstance.py:3900} INFO - 1 downstream tasks scheduled from follow-on schedule check
[2024-10-03T05:58:30.597+0000] {local_task_job_runner.py:245} INFO - ::endgroup::
