[2024-09-25T11:08:24.962+0000] {local_task_job_runner.py:123} INFO - ::group::Pre task execution logs
[2024-09-25T11:08:25.328+0000] {taskinstance.py:2612} INFO - Dependencies all met for dep_context=non-requeueable deps ti=<TaskInstance: etl_pipeline.pipeline.warehouse.step_1.extract_transform.customers manual__2024-09-25T11:05:57.968197+00:00 [queued]>
[2024-09-25T11:08:25.373+0000] {taskinstance.py:2612} INFO - Dependencies all met for dep_context=requeueable deps ti=<TaskInstance: etl_pipeline.pipeline.warehouse.step_1.extract_transform.customers manual__2024-09-25T11:05:57.968197+00:00 [queued]>
[2024-09-25T11:08:25.374+0000] {taskinstance.py:2865} INFO - Starting attempt 1 of 1
[2024-09-25T11:08:25.466+0000] {taskinstance.py:2888} INFO - Executing <Task(PythonOperator): pipeline.warehouse.step_1.extract_transform.customers> on 2024-09-25 11:05:57.968197+00:00
[2024-09-25T11:08:25.594+0000] {warnings.py:112} WARNING - /home/***/.local/lib/python3.12/site-packages/***/task/task_runner/standard_task_runner.py:70: DeprecationWarning: This process (pid=617) is multi-threaded, use of fork() may lead to deadlocks in the child.
  pid = os.fork()

[2024-09-25T11:08:25.769+0000] {standard_task_runner.py:72} INFO - Started process 647 to run task
[2024-09-25T11:08:25.697+0000] {standard_task_runner.py:104} INFO - Running: ['***', 'tasks', 'run', 'etl_pipeline', 'pipeline.warehouse.step_1.extract_transform.customers', 'manual__2024-09-25T11:05:57.968197+00:00', '--job-id', '168', '--raw', '--subdir', 'DAGS_FOLDER/etl_pipeline/run.py', '--cfg-path', '/tmp/tmpzqtcqjtu']
[2024-09-25T11:08:25.780+0000] {standard_task_runner.py:105} INFO - Job 168: Subtask pipeline.warehouse.step_1.extract_transform.customers
[2024-09-25T11:08:26.464+0000] {task_command.py:467} INFO - Running <TaskInstance: etl_pipeline.pipeline.warehouse.step_1.extract_transform.customers manual__2024-09-25T11:05:57.968197+00:00 [running]> on host e10075799413
[2024-09-25T11:08:26.969+0000] {taskinstance.py:3131} INFO - Exporting env vars: AIRFLOW_CTX_DAG_OWNER='***' AIRFLOW_CTX_DAG_ID='etl_pipeline' AIRFLOW_CTX_TASK_ID='pipeline.warehouse.step_1.extract_transform.customers' AIRFLOW_CTX_EXECUTION_DATE='2024-09-25T11:05:57.968197+00:00' AIRFLOW_CTX_TRY_NUMBER='1' AIRFLOW_CTX_DAG_RUN_ID='manual__2024-09-25T11:05:57.968197+00:00'
[2024-09-25T11:08:26.981+0000] {taskinstance.py:731} INFO - ::endgroup::
[2024-09-25T11:08:27.115+0000] {base.py:84} INFO - Retrieving connection 'staging_db'
[2024-09-25T11:08:29.796+0000] {base.py:84} INFO - Retrieving connection 'minio'
[2024-09-25T11:08:30.109+0000] {python.py:240} INFO - Done. Returned value was: None
[2024-09-25T11:08:30.149+0000] {taskinstance.py:340} INFO - ::group::Post task execution logs
[2024-09-25T11:08:30.150+0000] {taskinstance.py:352} INFO - Marking task as SUCCESS. dag_id=etl_pipeline, task_id=pipeline.warehouse.step_1.extract_transform.customers, run_id=manual__2024-09-25T11:05:57.968197+00:00, execution_date=20240925T110557, start_date=20240925T110825, end_date=20240925T110830
[2024-09-25T11:08:30.239+0000] {local_task_job_runner.py:266} INFO - Task exited with return code 0
[2024-09-25T11:08:30.283+0000] {local_task_job_runner.py:245} INFO - ::endgroup::
