[2024-09-25T07:46:02.875+0000] {processor.py:186} INFO - Started process (PID=73) to work on /opt/airflow/dags/etl_init/run.py
[2024-09-25T07:46:02.877+0000] {processor.py:914} INFO - Processing file /opt/airflow/dags/etl_init/run.py for tasks to queue
[2024-09-25T07:46:02.886+0000] {logging_mixin.py:190} INFO - [2024-09-25T07:46:02.884+0000] {dagbag.py:588} INFO - Filling up the DagBag from /opt/airflow/dags/etl_init/run.py
[2024-09-25T07:46:02.902+0000] {logging_mixin.py:190} INFO - [2024-09-25T07:46:02.897+0000] {dagbag.py:387} ERROR - Failed to import: /opt/airflow/dags/etl_init/run.py
Traceback (most recent call last):
  File "/home/airflow/.local/lib/python3.12/site-packages/airflow/models/dagbag.py", line 383, in parse
    loader.exec_module(new_module)
  File "<frozen importlib._bootstrap_external>", line 995, in exec_module
  File "<frozen importlib._bootstrap>", line 488, in _call_with_frames_removed
  File "/opt/airflow/dags/etl_init/run.py", line 4, in <module>
    from helper.minio import MinioClient
  File "/opt/airflow/dags/helper/minio.py", line 2, in <module>
    from minio import Minio
ModuleNotFoundError: No module named 'minio'
[2024-09-25T07:46:02.904+0000] {processor.py:927} WARNING - No viable dags retrieved from /opt/airflow/dags/etl_init/run.py
[2024-09-25T07:46:02.965+0000] {processor.py:208} INFO - Processing /opt/airflow/dags/etl_init/run.py took 0.108 seconds
[2024-09-25T07:46:33.069+0000] {processor.py:186} INFO - Started process (PID=91) to work on /opt/airflow/dags/etl_init/run.py
[2024-09-25T07:46:33.079+0000] {processor.py:914} INFO - Processing file /opt/airflow/dags/etl_init/run.py for tasks to queue
[2024-09-25T07:46:33.086+0000] {logging_mixin.py:190} INFO - [2024-09-25T07:46:33.085+0000] {dagbag.py:588} INFO - Filling up the DagBag from /opt/airflow/dags/etl_init/run.py
[2024-09-25T07:46:33.104+0000] {logging_mixin.py:190} INFO - [2024-09-25T07:46:33.101+0000] {dagbag.py:387} ERROR - Failed to import: /opt/airflow/dags/etl_init/run.py
Traceback (most recent call last):
  File "/home/airflow/.local/lib/python3.12/site-packages/airflow/models/dagbag.py", line 383, in parse
    loader.exec_module(new_module)
  File "<frozen importlib._bootstrap_external>", line 995, in exec_module
  File "<frozen importlib._bootstrap>", line 488, in _call_with_frames_removed
  File "/opt/airflow/dags/etl_init/run.py", line 4, in <module>
    from helper.minio import MinioClient
  File "/opt/airflow/dags/helper/minio.py", line 2, in <module>
    from minio import Minio
ModuleNotFoundError: No module named 'minio'
[2024-09-25T07:46:33.105+0000] {processor.py:927} WARNING - No viable dags retrieved from /opt/airflow/dags/etl_init/run.py
[2024-09-25T07:46:33.186+0000] {processor.py:208} INFO - Processing /opt/airflow/dags/etl_init/run.py took 0.147 seconds
[2024-09-25T07:47:03.693+0000] {processor.py:186} INFO - Started process (PID=110) to work on /opt/airflow/dags/etl_init/run.py
[2024-09-25T07:47:03.696+0000] {processor.py:914} INFO - Processing file /opt/airflow/dags/etl_init/run.py for tasks to queue
[2024-09-25T07:47:03.703+0000] {logging_mixin.py:190} INFO - [2024-09-25T07:47:03.702+0000] {dagbag.py:588} INFO - Filling up the DagBag from /opt/airflow/dags/etl_init/run.py
[2024-09-25T07:47:03.715+0000] {logging_mixin.py:190} INFO - [2024-09-25T07:47:03.710+0000] {dagbag.py:387} ERROR - Failed to import: /opt/airflow/dags/etl_init/run.py
Traceback (most recent call last):
  File "/home/airflow/.local/lib/python3.12/site-packages/airflow/models/dagbag.py", line 383, in parse
    loader.exec_module(new_module)
  File "<frozen importlib._bootstrap_external>", line 995, in exec_module
  File "<frozen importlib._bootstrap>", line 488, in _call_with_frames_removed
  File "/opt/airflow/dags/etl_init/run.py", line 4, in <module>
    from helper.minio import MinioClient
  File "/opt/airflow/dags/helper/minio.py", line 2, in <module>
    from minio import Minio
ModuleNotFoundError: No module named 'minio'
[2024-09-25T07:47:03.716+0000] {processor.py:927} WARNING - No viable dags retrieved from /opt/airflow/dags/etl_init/run.py
[2024-09-25T07:47:03.769+0000] {processor.py:208} INFO - Processing /opt/airflow/dags/etl_init/run.py took 0.095 seconds
[2024-09-25T07:47:34.621+0000] {processor.py:186} INFO - Started process (PID=128) to work on /opt/airflow/dags/etl_init/run.py
[2024-09-25T07:47:34.623+0000] {processor.py:914} INFO - Processing file /opt/airflow/dags/etl_init/run.py for tasks to queue
[2024-09-25T07:47:34.629+0000] {logging_mixin.py:190} INFO - [2024-09-25T07:47:34.628+0000] {dagbag.py:588} INFO - Filling up the DagBag from /opt/airflow/dags/etl_init/run.py
[2024-09-25T07:47:34.639+0000] {logging_mixin.py:190} INFO - [2024-09-25T07:47:34.636+0000] {dagbag.py:387} ERROR - Failed to import: /opt/airflow/dags/etl_init/run.py
Traceback (most recent call last):
  File "/home/airflow/.local/lib/python3.12/site-packages/airflow/models/dagbag.py", line 383, in parse
    loader.exec_module(new_module)
  File "<frozen importlib._bootstrap_external>", line 995, in exec_module
  File "<frozen importlib._bootstrap>", line 488, in _call_with_frames_removed
  File "/opt/airflow/dags/etl_init/run.py", line 4, in <module>
    from helper.minio import MinioClient
  File "/opt/airflow/dags/helper/minio.py", line 2, in <module>
    from minio import Minio
ModuleNotFoundError: No module named 'minio'
[2024-09-25T07:47:34.641+0000] {processor.py:927} WARNING - No viable dags retrieved from /opt/airflow/dags/etl_init/run.py
[2024-09-25T07:47:34.691+0000] {processor.py:208} INFO - Processing /opt/airflow/dags/etl_init/run.py took 0.089 seconds
[2024-09-25T07:48:05.247+0000] {processor.py:186} INFO - Started process (PID=146) to work on /opt/airflow/dags/etl_init/run.py
[2024-09-25T07:48:05.249+0000] {processor.py:914} INFO - Processing file /opt/airflow/dags/etl_init/run.py for tasks to queue
[2024-09-25T07:48:05.254+0000] {logging_mixin.py:190} INFO - [2024-09-25T07:48:05.253+0000] {dagbag.py:588} INFO - Filling up the DagBag from /opt/airflow/dags/etl_init/run.py
[2024-09-25T07:48:05.263+0000] {logging_mixin.py:190} INFO - [2024-09-25T07:48:05.260+0000] {dagbag.py:387} ERROR - Failed to import: /opt/airflow/dags/etl_init/run.py
Traceback (most recent call last):
  File "/home/airflow/.local/lib/python3.12/site-packages/airflow/models/dagbag.py", line 383, in parse
    loader.exec_module(new_module)
  File "<frozen importlib._bootstrap_external>", line 995, in exec_module
  File "<frozen importlib._bootstrap>", line 488, in _call_with_frames_removed
  File "/opt/airflow/dags/etl_init/run.py", line 4, in <module>
    from helper.minio import MinioClient
  File "/opt/airflow/dags/helper/minio.py", line 2, in <module>
    from minio import Minio
ModuleNotFoundError: No module named 'minio'
[2024-09-25T07:48:05.265+0000] {processor.py:927} WARNING - No viable dags retrieved from /opt/airflow/dags/etl_init/run.py
[2024-09-25T07:48:05.304+0000] {processor.py:208} INFO - Processing /opt/airflow/dags/etl_init/run.py took 0.073 seconds
[2024-09-25T07:48:35.981+0000] {processor.py:186} INFO - Started process (PID=164) to work on /opt/airflow/dags/etl_init/run.py
[2024-09-25T07:48:35.984+0000] {processor.py:914} INFO - Processing file /opt/airflow/dags/etl_init/run.py for tasks to queue
[2024-09-25T07:48:35.990+0000] {logging_mixin.py:190} INFO - [2024-09-25T07:48:35.989+0000] {dagbag.py:588} INFO - Filling up the DagBag from /opt/airflow/dags/etl_init/run.py
[2024-09-25T07:48:36.000+0000] {logging_mixin.py:190} INFO - [2024-09-25T07:48:35.997+0000] {dagbag.py:387} ERROR - Failed to import: /opt/airflow/dags/etl_init/run.py
Traceback (most recent call last):
  File "/home/airflow/.local/lib/python3.12/site-packages/airflow/models/dagbag.py", line 383, in parse
    loader.exec_module(new_module)
  File "<frozen importlib._bootstrap_external>", line 995, in exec_module
  File "<frozen importlib._bootstrap>", line 488, in _call_with_frames_removed
  File "/opt/airflow/dags/etl_init/run.py", line 4, in <module>
    from helper.minio import MinioClient
  File "/opt/airflow/dags/helper/minio.py", line 2, in <module>
    from minio import Minio
ModuleNotFoundError: No module named 'minio'
[2024-09-25T07:48:36.001+0000] {processor.py:927} WARNING - No viable dags retrieved from /opt/airflow/dags/etl_init/run.py
[2024-09-25T07:48:36.046+0000] {processor.py:208} INFO - Processing /opt/airflow/dags/etl_init/run.py took 0.081 seconds
[2024-09-25T07:49:06.708+0000] {processor.py:186} INFO - Started process (PID=182) to work on /opt/airflow/dags/etl_init/run.py
[2024-09-25T07:49:06.711+0000] {processor.py:914} INFO - Processing file /opt/airflow/dags/etl_init/run.py for tasks to queue
[2024-09-25T07:49:06.717+0000] {logging_mixin.py:190} INFO - [2024-09-25T07:49:06.716+0000] {dagbag.py:588} INFO - Filling up the DagBag from /opt/airflow/dags/etl_init/run.py
[2024-09-25T07:49:06.728+0000] {logging_mixin.py:190} INFO - [2024-09-25T07:49:06.725+0000] {dagbag.py:387} ERROR - Failed to import: /opt/airflow/dags/etl_init/run.py
Traceback (most recent call last):
  File "/home/airflow/.local/lib/python3.12/site-packages/airflow/models/dagbag.py", line 383, in parse
    loader.exec_module(new_module)
  File "<frozen importlib._bootstrap_external>", line 995, in exec_module
  File "<frozen importlib._bootstrap>", line 488, in _call_with_frames_removed
  File "/opt/airflow/dags/etl_init/run.py", line 4, in <module>
    from helper.minio import MinioClient
  File "/opt/airflow/dags/helper/minio.py", line 2, in <module>
    from minio import Minio
ModuleNotFoundError: No module named 'minio'
[2024-09-25T07:49:06.730+0000] {processor.py:927} WARNING - No viable dags retrieved from /opt/airflow/dags/etl_init/run.py
[2024-09-25T07:49:06.781+0000] {processor.py:208} INFO - Processing /opt/airflow/dags/etl_init/run.py took 0.092 seconds
[2024-09-25T07:49:37.642+0000] {processor.py:186} INFO - Started process (PID=200) to work on /opt/airflow/dags/etl_init/run.py
[2024-09-25T07:49:37.648+0000] {processor.py:914} INFO - Processing file /opt/airflow/dags/etl_init/run.py for tasks to queue
[2024-09-25T07:49:37.659+0000] {logging_mixin.py:190} INFO - [2024-09-25T07:49:37.658+0000] {dagbag.py:588} INFO - Filling up the DagBag from /opt/airflow/dags/etl_init/run.py
[2024-09-25T07:49:37.674+0000] {logging_mixin.py:190} INFO - [2024-09-25T07:49:37.669+0000] {dagbag.py:387} ERROR - Failed to import: /opt/airflow/dags/etl_init/run.py
Traceback (most recent call last):
  File "/home/airflow/.local/lib/python3.12/site-packages/airflow/models/dagbag.py", line 383, in parse
    loader.exec_module(new_module)
  File "<frozen importlib._bootstrap_external>", line 995, in exec_module
  File "<frozen importlib._bootstrap>", line 488, in _call_with_frames_removed
  File "/opt/airflow/dags/etl_init/run.py", line 4, in <module>
    from helper.minio import MinioClient
  File "/opt/airflow/dags/helper/minio.py", line 2, in <module>
    from minio import Minio
ModuleNotFoundError: No module named 'minio'
[2024-09-25T07:49:37.676+0000] {processor.py:927} WARNING - No viable dags retrieved from /opt/airflow/dags/etl_init/run.py
[2024-09-25T07:49:37.736+0000] {processor.py:208} INFO - Processing /opt/airflow/dags/etl_init/run.py took 0.115 seconds
[2024-09-25T07:50:08.595+0000] {processor.py:186} INFO - Started process (PID=218) to work on /opt/airflow/dags/etl_init/run.py
[2024-09-25T07:50:08.597+0000] {processor.py:914} INFO - Processing file /opt/airflow/dags/etl_init/run.py for tasks to queue
[2024-09-25T07:50:08.602+0000] {logging_mixin.py:190} INFO - [2024-09-25T07:50:08.601+0000] {dagbag.py:588} INFO - Filling up the DagBag from /opt/airflow/dags/etl_init/run.py
[2024-09-25T07:50:08.616+0000] {logging_mixin.py:190} INFO - [2024-09-25T07:50:08.611+0000] {dagbag.py:387} ERROR - Failed to import: /opt/airflow/dags/etl_init/run.py
Traceback (most recent call last):
  File "/home/airflow/.local/lib/python3.12/site-packages/airflow/models/dagbag.py", line 383, in parse
    loader.exec_module(new_module)
  File "<frozen importlib._bootstrap_external>", line 995, in exec_module
  File "<frozen importlib._bootstrap>", line 488, in _call_with_frames_removed
  File "/opt/airflow/dags/etl_init/run.py", line 4, in <module>
    from helper.minio import MinioClient
  File "/opt/airflow/dags/helper/minio.py", line 2, in <module>
    from minio import Minio
ModuleNotFoundError: No module named 'minio'
[2024-09-25T07:50:08.618+0000] {processor.py:927} WARNING - No viable dags retrieved from /opt/airflow/dags/etl_init/run.py
[2024-09-25T07:50:08.671+0000] {processor.py:208} INFO - Processing /opt/airflow/dags/etl_init/run.py took 0.104 seconds
[2024-09-25T07:57:24.082+0000] {processor.py:186} INFO - Started process (PID=71) to work on /opt/airflow/dags/etl_init/run.py
[2024-09-25T07:57:24.099+0000] {processor.py:914} INFO - Processing file /opt/airflow/dags/etl_init/run.py for tasks to queue
[2024-09-25T07:57:24.109+0000] {logging_mixin.py:190} INFO - [2024-09-25T07:57:24.108+0000] {dagbag.py:588} INFO - Filling up the DagBag from /opt/airflow/dags/etl_init/run.py
[2024-09-25T07:57:28.970+0000] {processor.py:925} INFO - DAG(s) 'etl_init' retrieved from /opt/airflow/dags/etl_init/run.py
[2024-09-25T07:57:29.603+0000] {logging_mixin.py:190} INFO - [2024-09-25T07:57:29.601+0000] {override.py:1900} INFO - Created Permission View: can edit on DAG:etl_init
[2024-09-25T07:57:29.629+0000] {logging_mixin.py:190} INFO - [2024-09-25T07:57:29.628+0000] {override.py:1900} INFO - Created Permission View: can delete on DAG:etl_init
[2024-09-25T07:57:29.646+0000] {logging_mixin.py:190} INFO - [2024-09-25T07:57:29.646+0000] {override.py:1900} INFO - Created Permission View: can read on DAG:etl_init
[2024-09-25T07:57:29.665+0000] {logging_mixin.py:190} INFO - [2024-09-25T07:57:29.664+0000] {override.py:1900} INFO - Created Permission View: menu access on DAG Run:etl_init
[2024-09-25T07:57:29.684+0000] {logging_mixin.py:190} INFO - [2024-09-25T07:57:29.683+0000] {override.py:1900} INFO - Created Permission View: can delete on DAG Run:etl_init
[2024-09-25T07:57:29.704+0000] {logging_mixin.py:190} INFO - [2024-09-25T07:57:29.703+0000] {override.py:1900} INFO - Created Permission View: can create on DAG Run:etl_init
[2024-09-25T07:57:29.720+0000] {logging_mixin.py:190} INFO - [2024-09-25T07:57:29.720+0000] {override.py:1900} INFO - Created Permission View: can read on DAG Run:etl_init
[2024-09-25T07:57:29.723+0000] {logging_mixin.py:190} INFO - [2024-09-25T07:57:29.721+0000] {dag.py:3239} INFO - Sync 1 DAGs
[2024-09-25T07:57:29.770+0000] {logging_mixin.py:190} INFO - [2024-09-25T07:57:29.768+0000] {dag.py:3262} INFO - Creating ORM DAG for etl_init
[2024-09-25T07:57:29.803+0000] {logging_mixin.py:190} INFO - [2024-09-25T07:57:29.803+0000] {dag.py:4180} INFO - Setting next_dagrun for etl_init to 2024-09-01 00:00:00+00:00, run_after=2024-09-01 00:00:00+00:00
[2024-09-25T07:57:29.849+0000] {processor.py:208} INFO - Processing /opt/airflow/dags/etl_init/run.py took 5.786 seconds
[2024-09-25T07:58:00.039+0000] {processor.py:186} INFO - Started process (PID=97) to work on /opt/airflow/dags/etl_init/run.py
[2024-09-25T07:58:00.052+0000] {processor.py:914} INFO - Processing file /opt/airflow/dags/etl_init/run.py for tasks to queue
[2024-09-25T07:58:00.058+0000] {logging_mixin.py:190} INFO - [2024-09-25T07:58:00.057+0000] {dagbag.py:588} INFO - Filling up the DagBag from /opt/airflow/dags/etl_init/run.py
[2024-09-25T07:58:01.151+0000] {processor.py:925} INFO - DAG(s) 'etl_init' retrieved from /opt/airflow/dags/etl_init/run.py
[2024-09-25T07:58:01.210+0000] {logging_mixin.py:190} INFO - [2024-09-25T07:58:01.209+0000] {dag.py:3239} INFO - Sync 1 DAGs
[2024-09-25T07:58:01.274+0000] {logging_mixin.py:190} INFO - [2024-09-25T07:58:01.273+0000] {dag.py:4180} INFO - Setting next_dagrun for etl_init to 2024-09-01 00:00:00+00:00, run_after=2024-09-01 00:00:00+00:00
[2024-09-25T07:58:01.309+0000] {processor.py:208} INFO - Processing /opt/airflow/dags/etl_init/run.py took 1.288 seconds
[2024-09-25T07:58:31.977+0000] {processor.py:186} INFO - Started process (PID=122) to work on /opt/airflow/dags/etl_init/run.py
[2024-09-25T07:58:31.979+0000] {processor.py:914} INFO - Processing file /opt/airflow/dags/etl_init/run.py for tasks to queue
[2024-09-25T07:58:31.986+0000] {logging_mixin.py:190} INFO - [2024-09-25T07:58:31.985+0000] {dagbag.py:588} INFO - Filling up the DagBag from /opt/airflow/dags/etl_init/run.py
[2024-09-25T07:58:33.616+0000] {processor.py:925} INFO - DAG(s) 'etl_init' retrieved from /opt/airflow/dags/etl_init/run.py
[2024-09-25T07:58:33.691+0000] {logging_mixin.py:190} INFO - [2024-09-25T07:58:33.687+0000] {dag.py:3239} INFO - Sync 1 DAGs
[2024-09-25T07:58:33.787+0000] {logging_mixin.py:190} INFO - [2024-09-25T07:58:33.787+0000] {dag.py:4180} INFO - Setting next_dagrun for etl_init to 2024-09-01 00:00:00+00:00, run_after=2024-09-01 00:00:00+00:00
[2024-09-25T07:58:33.845+0000] {processor.py:208} INFO - Processing /opt/airflow/dags/etl_init/run.py took 1.892 seconds
[2024-09-25T07:59:04.040+0000] {processor.py:186} INFO - Started process (PID=148) to work on /opt/airflow/dags/etl_init/run.py
[2024-09-25T07:59:04.042+0000] {processor.py:914} INFO - Processing file /opt/airflow/dags/etl_init/run.py for tasks to queue
[2024-09-25T07:59:04.051+0000] {logging_mixin.py:190} INFO - [2024-09-25T07:59:04.049+0000] {dagbag.py:588} INFO - Filling up the DagBag from /opt/airflow/dags/etl_init/run.py
[2024-09-25T07:59:05.135+0000] {processor.py:925} INFO - DAG(s) 'etl_init' retrieved from /opt/airflow/dags/etl_init/run.py
[2024-09-25T07:59:05.179+0000] {logging_mixin.py:190} INFO - [2024-09-25T07:59:05.178+0000] {dag.py:3239} INFO - Sync 1 DAGs
[2024-09-25T07:59:05.225+0000] {logging_mixin.py:190} INFO - [2024-09-25T07:59:05.225+0000] {dag.py:4180} INFO - Setting next_dagrun for etl_init to 2024-09-01 00:00:00+00:00, run_after=2024-09-01 00:00:00+00:00
[2024-09-25T07:59:05.272+0000] {processor.py:208} INFO - Processing /opt/airflow/dags/etl_init/run.py took 1.249 seconds
[2024-09-25T07:59:35.707+0000] {processor.py:186} INFO - Started process (PID=173) to work on /opt/airflow/dags/etl_init/run.py
[2024-09-25T07:59:35.709+0000] {processor.py:914} INFO - Processing file /opt/airflow/dags/etl_init/run.py for tasks to queue
[2024-09-25T07:59:35.715+0000] {logging_mixin.py:190} INFO - [2024-09-25T07:59:35.714+0000] {dagbag.py:588} INFO - Filling up the DagBag from /opt/airflow/dags/etl_init/run.py
[2024-09-25T07:59:37.223+0000] {processor.py:925} INFO - DAG(s) 'etl_init' retrieved from /opt/airflow/dags/etl_init/run.py
[2024-09-25T07:59:37.298+0000] {logging_mixin.py:190} INFO - [2024-09-25T07:59:37.297+0000] {dag.py:3239} INFO - Sync 1 DAGs
[2024-09-25T07:59:37.386+0000] {logging_mixin.py:190} INFO - [2024-09-25T07:59:37.385+0000] {dag.py:4180} INFO - Setting next_dagrun for etl_init to 2024-09-01 00:00:00+00:00, run_after=2024-09-01 00:00:00+00:00
[2024-09-25T07:59:37.451+0000] {processor.py:208} INFO - Processing /opt/airflow/dags/etl_init/run.py took 1.771 seconds
[2024-09-25T08:00:08.163+0000] {processor.py:186} INFO - Started process (PID=198) to work on /opt/airflow/dags/etl_init/run.py
[2024-09-25T08:00:08.165+0000] {processor.py:914} INFO - Processing file /opt/airflow/dags/etl_init/run.py for tasks to queue
[2024-09-25T08:00:08.170+0000] {logging_mixin.py:190} INFO - [2024-09-25T08:00:08.169+0000] {dagbag.py:588} INFO - Filling up the DagBag from /opt/airflow/dags/etl_init/run.py
[2024-09-25T08:00:09.149+0000] {processor.py:925} INFO - DAG(s) 'etl_init' retrieved from /opt/airflow/dags/etl_init/run.py
[2024-09-25T08:00:09.201+0000] {logging_mixin.py:190} INFO - [2024-09-25T08:00:09.200+0000] {dag.py:3239} INFO - Sync 1 DAGs
[2024-09-25T08:00:09.255+0000] {logging_mixin.py:190} INFO - [2024-09-25T08:00:09.255+0000] {dag.py:4180} INFO - Setting next_dagrun for etl_init to 2024-09-01 00:00:00+00:00, run_after=2024-09-01 00:00:00+00:00
[2024-09-25T08:00:09.296+0000] {processor.py:208} INFO - Processing /opt/airflow/dags/etl_init/run.py took 1.148 seconds
[2024-09-25T08:00:40.094+0000] {processor.py:186} INFO - Started process (PID=223) to work on /opt/airflow/dags/etl_init/run.py
[2024-09-25T08:00:40.096+0000] {processor.py:914} INFO - Processing file /opt/airflow/dags/etl_init/run.py for tasks to queue
[2024-09-25T08:00:40.102+0000] {logging_mixin.py:190} INFO - [2024-09-25T08:00:40.101+0000] {dagbag.py:588} INFO - Filling up the DagBag from /opt/airflow/dags/etl_init/run.py
[2024-09-25T08:00:41.069+0000] {processor.py:925} INFO - DAG(s) 'etl_init' retrieved from /opt/airflow/dags/etl_init/run.py
[2024-09-25T08:00:41.121+0000] {logging_mixin.py:190} INFO - [2024-09-25T08:00:41.120+0000] {dag.py:3239} INFO - Sync 1 DAGs
[2024-09-25T08:00:41.177+0000] {logging_mixin.py:190} INFO - [2024-09-25T08:00:41.177+0000] {dag.py:4180} INFO - Setting next_dagrun for etl_init to 2024-09-01 00:00:00+00:00, run_after=2024-09-01 00:00:00+00:00
[2024-09-25T08:00:41.223+0000] {processor.py:208} INFO - Processing /opt/airflow/dags/etl_init/run.py took 1.144 seconds
[2024-09-25T08:01:12.248+0000] {processor.py:186} INFO - Started process (PID=248) to work on /opt/airflow/dags/etl_init/run.py
[2024-09-25T08:01:12.251+0000] {processor.py:914} INFO - Processing file /opt/airflow/dags/etl_init/run.py for tasks to queue
[2024-09-25T08:01:12.256+0000] {logging_mixin.py:190} INFO - [2024-09-25T08:01:12.255+0000] {dagbag.py:588} INFO - Filling up the DagBag from /opt/airflow/dags/etl_init/run.py
[2024-09-25T08:01:13.211+0000] {processor.py:925} INFO - DAG(s) 'etl_init' retrieved from /opt/airflow/dags/etl_init/run.py
[2024-09-25T08:01:13.267+0000] {logging_mixin.py:190} INFO - [2024-09-25T08:01:13.266+0000] {dag.py:3239} INFO - Sync 1 DAGs
[2024-09-25T08:01:13.323+0000] {logging_mixin.py:190} INFO - [2024-09-25T08:01:13.323+0000] {dag.py:4180} INFO - Setting next_dagrun for etl_init to 2024-09-01 00:00:00+00:00, run_after=2024-09-01 00:00:00+00:00
[2024-09-25T08:01:13.361+0000] {processor.py:208} INFO - Processing /opt/airflow/dags/etl_init/run.py took 1.126 seconds
[2024-09-25T08:01:43.544+0000] {processor.py:186} INFO - Started process (PID=274) to work on /opt/airflow/dags/etl_init/run.py
[2024-09-25T08:01:43.557+0000] {processor.py:914} INFO - Processing file /opt/airflow/dags/etl_init/run.py for tasks to queue
[2024-09-25T08:01:43.561+0000] {logging_mixin.py:190} INFO - [2024-09-25T08:01:43.561+0000] {dagbag.py:588} INFO - Filling up the DagBag from /opt/airflow/dags/etl_init/run.py
[2024-09-25T08:01:44.865+0000] {processor.py:925} INFO - DAG(s) 'etl_init' retrieved from /opt/airflow/dags/etl_init/run.py
[2024-09-25T08:01:44.929+0000] {logging_mixin.py:190} INFO - [2024-09-25T08:01:44.928+0000] {dag.py:3239} INFO - Sync 1 DAGs
[2024-09-25T08:01:44.995+0000] {logging_mixin.py:190} INFO - [2024-09-25T08:01:44.995+0000] {dag.py:4180} INFO - Setting next_dagrun for etl_init to 2024-09-01 00:00:00+00:00, run_after=2024-09-01 00:00:00+00:00
[2024-09-25T08:01:45.055+0000] {processor.py:208} INFO - Processing /opt/airflow/dags/etl_init/run.py took 1.526 seconds
[2024-09-25T08:02:15.896+0000] {processor.py:186} INFO - Started process (PID=305) to work on /opt/airflow/dags/etl_init/run.py
[2024-09-25T08:02:15.902+0000] {processor.py:914} INFO - Processing file /opt/airflow/dags/etl_init/run.py for tasks to queue
[2024-09-25T08:02:15.919+0000] {logging_mixin.py:190} INFO - [2024-09-25T08:02:15.918+0000] {dagbag.py:588} INFO - Filling up the DagBag from /opt/airflow/dags/etl_init/run.py
[2024-09-25T08:02:17.679+0000] {processor.py:925} INFO - DAG(s) 'etl_init' retrieved from /opt/airflow/dags/etl_init/run.py
[2024-09-25T08:02:17.748+0000] {logging_mixin.py:190} INFO - [2024-09-25T08:02:17.747+0000] {dag.py:3239} INFO - Sync 1 DAGs
[2024-09-25T08:02:17.827+0000] {logging_mixin.py:190} INFO - [2024-09-25T08:02:17.826+0000] {dag.py:4180} INFO - Setting next_dagrun for etl_init to 2024-09-01 00:00:00+00:00, run_after=2024-09-01 00:00:00+00:00
[2024-09-25T08:02:17.887+0000] {processor.py:208} INFO - Processing /opt/airflow/dags/etl_init/run.py took 2.033 seconds
[2024-09-25T08:02:47.967+0000] {processor.py:186} INFO - Started process (PID=330) to work on /opt/airflow/dags/etl_init/run.py
[2024-09-25T08:02:47.969+0000] {processor.py:914} INFO - Processing file /opt/airflow/dags/etl_init/run.py for tasks to queue
[2024-09-25T08:02:47.977+0000] {logging_mixin.py:190} INFO - [2024-09-25T08:02:47.977+0000] {dagbag.py:588} INFO - Filling up the DagBag from /opt/airflow/dags/etl_init/run.py
[2024-09-25T08:02:49.342+0000] {processor.py:925} INFO - DAG(s) 'etl_init' retrieved from /opt/airflow/dags/etl_init/run.py
[2024-09-25T08:02:49.419+0000] {logging_mixin.py:190} INFO - [2024-09-25T08:02:49.418+0000] {dag.py:3239} INFO - Sync 1 DAGs
[2024-09-25T08:02:49.516+0000] {logging_mixin.py:190} INFO - [2024-09-25T08:02:49.516+0000] {dag.py:4180} INFO - Setting next_dagrun for etl_init to 2024-09-01 00:00:00+00:00, run_after=2024-09-01 00:00:00+00:00
[2024-09-25T08:02:49.572+0000] {processor.py:208} INFO - Processing /opt/airflow/dags/etl_init/run.py took 1.624 seconds
[2024-09-25T08:03:19.662+0000] {processor.py:186} INFO - Started process (PID=355) to work on /opt/airflow/dags/etl_init/run.py
[2024-09-25T08:03:19.664+0000] {processor.py:914} INFO - Processing file /opt/airflow/dags/etl_init/run.py for tasks to queue
[2024-09-25T08:03:19.670+0000] {logging_mixin.py:190} INFO - [2024-09-25T08:03:19.669+0000] {dagbag.py:588} INFO - Filling up the DagBag from /opt/airflow/dags/etl_init/run.py
[2024-09-25T08:03:20.763+0000] {processor.py:925} INFO - DAG(s) 'etl_init' retrieved from /opt/airflow/dags/etl_init/run.py
[2024-09-25T08:03:20.826+0000] {logging_mixin.py:190} INFO - [2024-09-25T08:03:20.825+0000] {dag.py:3239} INFO - Sync 1 DAGs
[2024-09-25T08:03:20.879+0000] {logging_mixin.py:190} INFO - [2024-09-25T08:03:20.879+0000] {dag.py:4180} INFO - Setting next_dagrun for etl_init to 2024-09-01 00:00:00+00:00, run_after=2024-09-01 00:00:00+00:00
[2024-09-25T08:03:20.916+0000] {processor.py:208} INFO - Processing /opt/airflow/dags/etl_init/run.py took 1.269 seconds
[2024-09-25T08:03:51.765+0000] {processor.py:186} INFO - Started process (PID=380) to work on /opt/airflow/dags/etl_init/run.py
[2024-09-25T08:03:51.778+0000] {processor.py:914} INFO - Processing file /opt/airflow/dags/etl_init/run.py for tasks to queue
[2024-09-25T08:03:51.783+0000] {logging_mixin.py:190} INFO - [2024-09-25T08:03:51.782+0000] {dagbag.py:588} INFO - Filling up the DagBag from /opt/airflow/dags/etl_init/run.py
[2024-09-25T08:03:52.894+0000] {processor.py:925} INFO - DAG(s) 'etl_init' retrieved from /opt/airflow/dags/etl_init/run.py
[2024-09-25T08:03:52.948+0000] {logging_mixin.py:190} INFO - [2024-09-25T08:03:52.948+0000] {dag.py:3239} INFO - Sync 1 DAGs
[2024-09-25T08:03:53.002+0000] {logging_mixin.py:190} INFO - [2024-09-25T08:03:53.001+0000] {dag.py:4180} INFO - Setting next_dagrun for etl_init to 2024-09-01 00:00:00+00:00, run_after=2024-09-01 00:00:00+00:00
[2024-09-25T08:03:53.039+0000] {processor.py:208} INFO - Processing /opt/airflow/dags/etl_init/run.py took 1.288 seconds
[2024-09-25T08:04:23.337+0000] {processor.py:186} INFO - Started process (PID=405) to work on /opt/airflow/dags/etl_init/run.py
[2024-09-25T08:04:23.349+0000] {processor.py:914} INFO - Processing file /opt/airflow/dags/etl_init/run.py for tasks to queue
[2024-09-25T08:04:23.355+0000] {logging_mixin.py:190} INFO - [2024-09-25T08:04:23.354+0000] {dagbag.py:588} INFO - Filling up the DagBag from /opt/airflow/dags/etl_init/run.py
[2024-09-25T08:04:24.423+0000] {processor.py:925} INFO - DAG(s) 'etl_init' retrieved from /opt/airflow/dags/etl_init/run.py
[2024-09-25T08:04:24.495+0000] {logging_mixin.py:190} INFO - [2024-09-25T08:04:24.494+0000] {dag.py:3239} INFO - Sync 1 DAGs
[2024-09-25T08:04:24.555+0000] {logging_mixin.py:190} INFO - [2024-09-25T08:04:24.554+0000] {dag.py:4180} INFO - Setting next_dagrun for etl_init to 2024-09-01 00:00:00+00:00, run_after=2024-09-01 00:00:00+00:00
[2024-09-25T08:04:24.594+0000] {processor.py:208} INFO - Processing /opt/airflow/dags/etl_init/run.py took 1.271 seconds
[2024-09-25T08:04:54.827+0000] {processor.py:186} INFO - Started process (PID=430) to work on /opt/airflow/dags/etl_init/run.py
[2024-09-25T08:04:54.830+0000] {processor.py:914} INFO - Processing file /opt/airflow/dags/etl_init/run.py for tasks to queue
[2024-09-25T08:04:54.836+0000] {logging_mixin.py:190} INFO - [2024-09-25T08:04:54.835+0000] {dagbag.py:588} INFO - Filling up the DagBag from /opt/airflow/dags/etl_init/run.py
[2024-09-25T08:04:55.923+0000] {processor.py:925} INFO - DAG(s) 'etl_init' retrieved from /opt/airflow/dags/etl_init/run.py
[2024-09-25T08:04:55.978+0000] {logging_mixin.py:190} INFO - [2024-09-25T08:04:55.977+0000] {dag.py:3239} INFO - Sync 1 DAGs
[2024-09-25T08:04:56.034+0000] {logging_mixin.py:190} INFO - [2024-09-25T08:04:56.033+0000] {dag.py:4180} INFO - Setting next_dagrun for etl_init to 2024-09-01 00:00:00+00:00, run_after=2024-09-01 00:00:00+00:00
[2024-09-25T08:04:56.074+0000] {processor.py:208} INFO - Processing /opt/airflow/dags/etl_init/run.py took 1.262 seconds
[2024-09-25T08:05:26.410+0000] {processor.py:186} INFO - Started process (PID=457) to work on /opt/airflow/dags/etl_init/run.py
[2024-09-25T08:05:26.422+0000] {processor.py:914} INFO - Processing file /opt/airflow/dags/etl_init/run.py for tasks to queue
[2024-09-25T08:05:26.429+0000] {logging_mixin.py:190} INFO - [2024-09-25T08:05:26.428+0000] {dagbag.py:588} INFO - Filling up the DagBag from /opt/airflow/dags/etl_init/run.py
[2024-09-25T08:05:27.638+0000] {processor.py:925} INFO - DAG(s) 'etl_init' retrieved from /opt/airflow/dags/etl_init/run.py
[2024-09-25T08:05:27.696+0000] {logging_mixin.py:190} INFO - [2024-09-25T08:05:27.695+0000] {dag.py:3239} INFO - Sync 1 DAGs
[2024-09-25T08:05:27.755+0000] {logging_mixin.py:190} INFO - [2024-09-25T08:05:27.754+0000] {dag.py:4180} INFO - Setting next_dagrun for etl_init to 2024-09-01 00:00:00+00:00, run_after=2024-09-01 00:00:00+00:00
[2024-09-25T08:05:27.807+0000] {processor.py:208} INFO - Processing /opt/airflow/dags/etl_init/run.py took 1.412 seconds
[2024-09-25T08:05:57.989+0000] {processor.py:186} INFO - Started process (PID=482) to work on /opt/airflow/dags/etl_init/run.py
[2024-09-25T08:05:58.002+0000] {processor.py:914} INFO - Processing file /opt/airflow/dags/etl_init/run.py for tasks to queue
[2024-09-25T08:05:58.008+0000] {logging_mixin.py:190} INFO - [2024-09-25T08:05:58.007+0000] {dagbag.py:588} INFO - Filling up the DagBag from /opt/airflow/dags/etl_init/run.py
[2024-09-25T08:05:59.395+0000] {processor.py:925} INFO - DAG(s) 'etl_init' retrieved from /opt/airflow/dags/etl_init/run.py
[2024-09-25T08:05:59.462+0000] {logging_mixin.py:190} INFO - [2024-09-25T08:05:59.461+0000] {dag.py:3239} INFO - Sync 1 DAGs
[2024-09-25T08:05:59.527+0000] {logging_mixin.py:190} INFO - [2024-09-25T08:05:59.526+0000] {dag.py:4180} INFO - Setting next_dagrun for etl_init to 2024-09-01 00:00:00+00:00, run_after=2024-09-01 00:00:00+00:00
[2024-09-25T08:05:59.590+0000] {processor.py:208} INFO - Processing /opt/airflow/dags/etl_init/run.py took 1.617 seconds
[2024-09-25T08:06:30.372+0000] {processor.py:186} INFO - Started process (PID=507) to work on /opt/airflow/dags/etl_init/run.py
[2024-09-25T08:06:30.385+0000] {processor.py:914} INFO - Processing file /opt/airflow/dags/etl_init/run.py for tasks to queue
[2024-09-25T08:06:30.391+0000] {logging_mixin.py:190} INFO - [2024-09-25T08:06:30.390+0000] {dagbag.py:588} INFO - Filling up the DagBag from /opt/airflow/dags/etl_init/run.py
[2024-09-25T08:06:31.665+0000] {processor.py:925} INFO - DAG(s) 'etl_init' retrieved from /opt/airflow/dags/etl_init/run.py
[2024-09-25T08:06:31.722+0000] {logging_mixin.py:190} INFO - [2024-09-25T08:06:31.722+0000] {dag.py:3239} INFO - Sync 1 DAGs
[2024-09-25T08:06:31.789+0000] {logging_mixin.py:190} INFO - [2024-09-25T08:06:31.788+0000] {dag.py:4180} INFO - Setting next_dagrun for etl_init to 2024-09-01 00:00:00+00:00, run_after=2024-09-01 00:00:00+00:00
[2024-09-25T08:06:31.844+0000] {processor.py:208} INFO - Processing /opt/airflow/dags/etl_init/run.py took 1.490 seconds
[2024-09-25T08:07:02.038+0000] {processor.py:186} INFO - Started process (PID=532) to work on /opt/airflow/dags/etl_init/run.py
[2024-09-25T08:07:02.051+0000] {processor.py:914} INFO - Processing file /opt/airflow/dags/etl_init/run.py for tasks to queue
[2024-09-25T08:07:02.056+0000] {logging_mixin.py:190} INFO - [2024-09-25T08:07:02.055+0000] {dagbag.py:588} INFO - Filling up the DagBag from /opt/airflow/dags/etl_init/run.py
[2024-09-25T08:07:03.377+0000] {processor.py:925} INFO - DAG(s) 'etl_init' retrieved from /opt/airflow/dags/etl_init/run.py
[2024-09-25T08:07:03.441+0000] {logging_mixin.py:190} INFO - [2024-09-25T08:07:03.440+0000] {dag.py:3239} INFO - Sync 1 DAGs
[2024-09-25T08:07:03.498+0000] {logging_mixin.py:190} INFO - [2024-09-25T08:07:03.497+0000] {dag.py:4180} INFO - Setting next_dagrun for etl_init to 2024-09-01 00:00:00+00:00, run_after=2024-09-01 00:00:00+00:00
[2024-09-25T08:07:03.539+0000] {processor.py:208} INFO - Processing /opt/airflow/dags/etl_init/run.py took 1.515 seconds
[2024-09-25T08:07:34.528+0000] {processor.py:186} INFO - Started process (PID=558) to work on /opt/airflow/dags/etl_init/run.py
[2024-09-25T08:07:34.533+0000] {processor.py:914} INFO - Processing file /opt/airflow/dags/etl_init/run.py for tasks to queue
[2024-09-25T08:07:34.540+0000] {logging_mixin.py:190} INFO - [2024-09-25T08:07:34.539+0000] {dagbag.py:588} INFO - Filling up the DagBag from /opt/airflow/dags/etl_init/run.py
[2024-09-25T08:07:35.899+0000] {processor.py:925} INFO - DAG(s) 'etl_init' retrieved from /opt/airflow/dags/etl_init/run.py
[2024-09-25T08:07:35.975+0000] {logging_mixin.py:190} INFO - [2024-09-25T08:07:35.974+0000] {dag.py:3239} INFO - Sync 1 DAGs
[2024-09-25T08:07:36.054+0000] {logging_mixin.py:190} INFO - [2024-09-25T08:07:36.053+0000] {dag.py:4180} INFO - Setting next_dagrun for etl_init to 2024-09-01 00:00:00+00:00, run_after=2024-09-01 00:00:00+00:00
[2024-09-25T08:07:36.115+0000] {processor.py:208} INFO - Processing /opt/airflow/dags/etl_init/run.py took 1.606 seconds
[2024-09-25T08:08:07.019+0000] {processor.py:186} INFO - Started process (PID=583) to work on /opt/airflow/dags/etl_init/run.py
[2024-09-25T08:08:07.022+0000] {processor.py:914} INFO - Processing file /opt/airflow/dags/etl_init/run.py for tasks to queue
[2024-09-25T08:08:07.027+0000] {logging_mixin.py:190} INFO - [2024-09-25T08:08:07.027+0000] {dagbag.py:588} INFO - Filling up the DagBag from /opt/airflow/dags/etl_init/run.py
[2024-09-25T08:08:08.084+0000] {processor.py:925} INFO - DAG(s) 'etl_init' retrieved from /opt/airflow/dags/etl_init/run.py
[2024-09-25T08:08:08.143+0000] {logging_mixin.py:190} INFO - [2024-09-25T08:08:08.142+0000] {dag.py:3239} INFO - Sync 1 DAGs
[2024-09-25T08:08:08.193+0000] {logging_mixin.py:190} INFO - [2024-09-25T08:08:08.193+0000] {dag.py:4180} INFO - Setting next_dagrun for etl_init to 2024-09-01 00:00:00+00:00, run_after=2024-09-01 00:00:00+00:00
[2024-09-25T08:08:08.233+0000] {processor.py:208} INFO - Processing /opt/airflow/dags/etl_init/run.py took 1.228 seconds
[2024-09-25T08:08:38.830+0000] {processor.py:186} INFO - Started process (PID=608) to work on /opt/airflow/dags/etl_init/run.py
[2024-09-25T08:08:38.842+0000] {processor.py:914} INFO - Processing file /opt/airflow/dags/etl_init/run.py for tasks to queue
[2024-09-25T08:08:38.848+0000] {logging_mixin.py:190} INFO - [2024-09-25T08:08:38.847+0000] {dagbag.py:588} INFO - Filling up the DagBag from /opt/airflow/dags/etl_init/run.py
[2024-09-25T08:08:39.912+0000] {processor.py:925} INFO - DAG(s) 'etl_init' retrieved from /opt/airflow/dags/etl_init/run.py
[2024-09-25T08:08:39.968+0000] {logging_mixin.py:190} INFO - [2024-09-25T08:08:39.967+0000] {dag.py:3239} INFO - Sync 1 DAGs
[2024-09-25T08:08:40.021+0000] {logging_mixin.py:190} INFO - [2024-09-25T08:08:40.021+0000] {dag.py:4180} INFO - Setting next_dagrun for etl_init to 2024-09-01 00:00:00+00:00, run_after=2024-09-01 00:00:00+00:00
[2024-09-25T08:08:40.063+0000] {processor.py:208} INFO - Processing /opt/airflow/dags/etl_init/run.py took 1.249 seconds
[2024-09-25T08:09:10.888+0000] {processor.py:186} INFO - Started process (PID=633) to work on /opt/airflow/dags/etl_init/run.py
[2024-09-25T08:09:10.900+0000] {processor.py:914} INFO - Processing file /opt/airflow/dags/etl_init/run.py for tasks to queue
[2024-09-25T08:09:10.905+0000] {logging_mixin.py:190} INFO - [2024-09-25T08:09:10.904+0000] {dagbag.py:588} INFO - Filling up the DagBag from /opt/airflow/dags/etl_init/run.py
[2024-09-25T08:09:11.980+0000] {processor.py:925} INFO - DAG(s) 'etl_init' retrieved from /opt/airflow/dags/etl_init/run.py
[2024-09-25T08:09:12.037+0000] {logging_mixin.py:190} INFO - [2024-09-25T08:09:12.036+0000] {dag.py:3239} INFO - Sync 1 DAGs
[2024-09-25T08:09:12.100+0000] {logging_mixin.py:190} INFO - [2024-09-25T08:09:12.099+0000] {dag.py:4180} INFO - Setting next_dagrun for etl_init to 2024-09-01 00:00:00+00:00, run_after=2024-09-01 00:00:00+00:00
[2024-09-25T08:09:12.141+0000] {processor.py:208} INFO - Processing /opt/airflow/dags/etl_init/run.py took 1.269 seconds
[2024-09-25T08:09:42.605+0000] {processor.py:186} INFO - Started process (PID=658) to work on /opt/airflow/dags/etl_init/run.py
[2024-09-25T08:09:42.618+0000] {processor.py:914} INFO - Processing file /opt/airflow/dags/etl_init/run.py for tasks to queue
[2024-09-25T08:09:42.623+0000] {logging_mixin.py:190} INFO - [2024-09-25T08:09:42.622+0000] {dagbag.py:588} INFO - Filling up the DagBag from /opt/airflow/dags/etl_init/run.py
[2024-09-25T08:09:43.818+0000] {processor.py:925} INFO - DAG(s) 'etl_init' retrieved from /opt/airflow/dags/etl_init/run.py
[2024-09-25T08:09:43.886+0000] {logging_mixin.py:190} INFO - [2024-09-25T08:09:43.884+0000] {dag.py:3239} INFO - Sync 1 DAGs
[2024-09-25T08:09:43.952+0000] {logging_mixin.py:190} INFO - [2024-09-25T08:09:43.951+0000] {dag.py:4180} INFO - Setting next_dagrun for etl_init to 2024-09-01 00:00:00+00:00, run_after=2024-09-01 00:00:00+00:00
[2024-09-25T08:09:44.000+0000] {processor.py:208} INFO - Processing /opt/airflow/dags/etl_init/run.py took 1.413 seconds
[2024-09-25T08:10:14.871+0000] {processor.py:186} INFO - Started process (PID=683) to work on /opt/airflow/dags/etl_init/run.py
[2024-09-25T08:10:14.884+0000] {processor.py:914} INFO - Processing file /opt/airflow/dags/etl_init/run.py for tasks to queue
[2024-09-25T08:10:14.890+0000] {logging_mixin.py:190} INFO - [2024-09-25T08:10:14.889+0000] {dagbag.py:588} INFO - Filling up the DagBag from /opt/airflow/dags/etl_init/run.py
[2024-09-25T08:10:16.162+0000] {processor.py:925} INFO - DAG(s) 'etl_init' retrieved from /opt/airflow/dags/etl_init/run.py
[2024-09-25T08:10:16.232+0000] {logging_mixin.py:190} INFO - [2024-09-25T08:10:16.231+0000] {dag.py:3239} INFO - Sync 1 DAGs
[2024-09-25T08:10:16.293+0000] {logging_mixin.py:190} INFO - [2024-09-25T08:10:16.292+0000] {dag.py:4180} INFO - Setting next_dagrun for etl_init to 2024-09-01 00:00:00+00:00, run_after=2024-09-01 00:00:00+00:00
[2024-09-25T08:10:16.341+0000] {processor.py:208} INFO - Processing /opt/airflow/dags/etl_init/run.py took 1.487 seconds
[2024-09-25T08:10:46.949+0000] {processor.py:186} INFO - Started process (PID=715) to work on /opt/airflow/dags/etl_init/run.py
[2024-09-25T08:10:46.953+0000] {processor.py:914} INFO - Processing file /opt/airflow/dags/etl_init/run.py for tasks to queue
[2024-09-25T08:10:46.960+0000] {logging_mixin.py:190} INFO - [2024-09-25T08:10:46.959+0000] {dagbag.py:588} INFO - Filling up the DagBag from /opt/airflow/dags/etl_init/run.py
[2024-09-25T08:10:49.445+0000] {processor.py:925} INFO - DAG(s) 'etl_init' retrieved from /opt/airflow/dags/etl_init/run.py
[2024-09-25T08:10:49.577+0000] {logging_mixin.py:190} INFO - [2024-09-25T08:10:49.576+0000] {dag.py:3239} INFO - Sync 1 DAGs
[2024-09-25T08:10:49.670+0000] {logging_mixin.py:190} INFO - [2024-09-25T08:10:49.669+0000] {dag.py:4180} INFO - Setting next_dagrun for etl_init to 2024-09-01 00:00:00+00:00, run_after=2024-09-01 00:00:00+00:00
[2024-09-25T08:10:49.729+0000] {processor.py:208} INFO - Processing /opt/airflow/dags/etl_init/run.py took 2.804 seconds
[2024-09-25T08:11:20.165+0000] {processor.py:186} INFO - Started process (PID=740) to work on /opt/airflow/dags/etl_init/run.py
[2024-09-25T08:11:20.168+0000] {processor.py:914} INFO - Processing file /opt/airflow/dags/etl_init/run.py for tasks to queue
[2024-09-25T08:11:20.175+0000] {logging_mixin.py:190} INFO - [2024-09-25T08:11:20.174+0000] {dagbag.py:588} INFO - Filling up the DagBag from /opt/airflow/dags/etl_init/run.py
[2024-09-25T08:11:22.015+0000] {processor.py:925} INFO - DAG(s) 'etl_init' retrieved from /opt/airflow/dags/etl_init/run.py
[2024-09-25T08:11:22.077+0000] {logging_mixin.py:190} INFO - [2024-09-25T08:11:22.076+0000] {dag.py:3239} INFO - Sync 1 DAGs
[2024-09-25T08:11:22.155+0000] {logging_mixin.py:190} INFO - [2024-09-25T08:11:22.155+0000] {dag.py:4180} INFO - Setting next_dagrun for etl_init to 2024-09-01 00:00:00+00:00, run_after=2024-09-01 00:00:00+00:00
[2024-09-25T08:11:22.229+0000] {processor.py:208} INFO - Processing /opt/airflow/dags/etl_init/run.py took 2.083 seconds
[2024-09-25T08:11:52.642+0000] {processor.py:186} INFO - Started process (PID=765) to work on /opt/airflow/dags/etl_init/run.py
[2024-09-25T08:11:52.644+0000] {processor.py:914} INFO - Processing file /opt/airflow/dags/etl_init/run.py for tasks to queue
[2024-09-25T08:11:52.653+0000] {logging_mixin.py:190} INFO - [2024-09-25T08:11:52.652+0000] {dagbag.py:588} INFO - Filling up the DagBag from /opt/airflow/dags/etl_init/run.py
[2024-09-25T08:11:54.162+0000] {processor.py:925} INFO - DAG(s) 'etl_init' retrieved from /opt/airflow/dags/etl_init/run.py
[2024-09-25T08:11:54.233+0000] {logging_mixin.py:190} INFO - [2024-09-25T08:11:54.231+0000] {dag.py:3239} INFO - Sync 1 DAGs
[2024-09-25T08:11:54.300+0000] {logging_mixin.py:190} INFO - [2024-09-25T08:11:54.299+0000] {dag.py:4180} INFO - Setting next_dagrun for etl_init to 2024-09-01 00:00:00+00:00, run_after=2024-09-01 00:00:00+00:00
[2024-09-25T08:11:54.351+0000] {processor.py:208} INFO - Processing /opt/airflow/dags/etl_init/run.py took 1.727 seconds
[2024-09-25T08:12:24.537+0000] {processor.py:186} INFO - Started process (PID=790) to work on /opt/airflow/dags/etl_init/run.py
[2024-09-25T08:12:24.539+0000] {processor.py:914} INFO - Processing file /opt/airflow/dags/etl_init/run.py for tasks to queue
[2024-09-25T08:12:24.547+0000] {logging_mixin.py:190} INFO - [2024-09-25T08:12:24.546+0000] {dagbag.py:588} INFO - Filling up the DagBag from /opt/airflow/dags/etl_init/run.py
[2024-09-25T08:12:25.633+0000] {processor.py:925} INFO - DAG(s) 'etl_init' retrieved from /opt/airflow/dags/etl_init/run.py
[2024-09-25T08:12:25.688+0000] {logging_mixin.py:190} INFO - [2024-09-25T08:12:25.687+0000] {dag.py:3239} INFO - Sync 1 DAGs
[2024-09-25T08:12:25.743+0000] {logging_mixin.py:190} INFO - [2024-09-25T08:12:25.742+0000] {dag.py:4180} INFO - Setting next_dagrun for etl_init to 2024-09-01 00:00:00+00:00, run_after=2024-09-01 00:00:00+00:00
[2024-09-25T08:12:25.795+0000] {processor.py:208} INFO - Processing /opt/airflow/dags/etl_init/run.py took 1.272 seconds
[2024-09-25T08:12:55.874+0000] {processor.py:186} INFO - Started process (PID=815) to work on /opt/airflow/dags/etl_init/run.py
[2024-09-25T08:12:55.876+0000] {processor.py:914} INFO - Processing file /opt/airflow/dags/etl_init/run.py for tasks to queue
[2024-09-25T08:12:55.883+0000] {logging_mixin.py:190} INFO - [2024-09-25T08:12:55.882+0000] {dagbag.py:588} INFO - Filling up the DagBag from /opt/airflow/dags/etl_init/run.py
[2024-09-25T08:12:57.112+0000] {processor.py:925} INFO - DAG(s) 'etl_init' retrieved from /opt/airflow/dags/etl_init/run.py
[2024-09-25T08:12:57.174+0000] {logging_mixin.py:190} INFO - [2024-09-25T08:12:57.173+0000] {dag.py:3239} INFO - Sync 1 DAGs
[2024-09-25T08:12:57.224+0000] {logging_mixin.py:190} INFO - [2024-09-25T08:12:57.223+0000] {dag.py:4180} INFO - Setting next_dagrun for etl_init to 2024-09-01 00:00:00+00:00, run_after=2024-09-01 00:00:00+00:00
[2024-09-25T08:12:57.269+0000] {processor.py:208} INFO - Processing /opt/airflow/dags/etl_init/run.py took 1.414 seconds
[2024-09-25T08:13:27.465+0000] {processor.py:186} INFO - Started process (PID=840) to work on /opt/airflow/dags/etl_init/run.py
[2024-09-25T08:13:27.478+0000] {processor.py:914} INFO - Processing file /opt/airflow/dags/etl_init/run.py for tasks to queue
[2024-09-25T08:13:27.485+0000] {logging_mixin.py:190} INFO - [2024-09-25T08:13:27.484+0000] {dagbag.py:588} INFO - Filling up the DagBag from /opt/airflow/dags/etl_init/run.py
[2024-09-25T08:13:28.780+0000] {processor.py:925} INFO - DAG(s) 'etl_init' retrieved from /opt/airflow/dags/etl_init/run.py
[2024-09-25T08:13:28.839+0000] {logging_mixin.py:190} INFO - [2024-09-25T08:13:28.838+0000] {dag.py:3239} INFO - Sync 1 DAGs
[2024-09-25T08:13:28.904+0000] {logging_mixin.py:190} INFO - [2024-09-25T08:13:28.904+0000] {dag.py:4180} INFO - Setting next_dagrun for etl_init to 2024-09-01 00:00:00+00:00, run_after=2024-09-01 00:00:00+00:00
[2024-09-25T08:13:28.950+0000] {processor.py:208} INFO - Processing /opt/airflow/dags/etl_init/run.py took 1.502 seconds
[2024-09-25T08:13:59.812+0000] {processor.py:186} INFO - Started process (PID=866) to work on /opt/airflow/dags/etl_init/run.py
[2024-09-25T08:13:59.817+0000] {processor.py:914} INFO - Processing file /opt/airflow/dags/etl_init/run.py for tasks to queue
[2024-09-25T08:13:59.826+0000] {logging_mixin.py:190} INFO - [2024-09-25T08:13:59.824+0000] {dagbag.py:588} INFO - Filling up the DagBag from /opt/airflow/dags/etl_init/run.py
[2024-09-25T08:14:00.964+0000] {processor.py:925} INFO - DAG(s) 'etl_init' retrieved from /opt/airflow/dags/etl_init/run.py
[2024-09-25T08:14:01.015+0000] {logging_mixin.py:190} INFO - [2024-09-25T08:14:01.014+0000] {dag.py:3239} INFO - Sync 1 DAGs
[2024-09-25T08:14:01.066+0000] {logging_mixin.py:190} INFO - [2024-09-25T08:14:01.066+0000] {dag.py:4180} INFO - Setting next_dagrun for etl_init to 2024-09-01 00:00:00+00:00, run_after=2024-09-01 00:00:00+00:00
[2024-09-25T08:14:01.117+0000] {processor.py:208} INFO - Processing /opt/airflow/dags/etl_init/run.py took 1.326 seconds
[2024-09-25T08:14:32.133+0000] {processor.py:186} INFO - Started process (PID=891) to work on /opt/airflow/dags/etl_init/run.py
[2024-09-25T08:14:32.137+0000] {processor.py:914} INFO - Processing file /opt/airflow/dags/etl_init/run.py for tasks to queue
[2024-09-25T08:14:32.145+0000] {logging_mixin.py:190} INFO - [2024-09-25T08:14:32.144+0000] {dagbag.py:588} INFO - Filling up the DagBag from /opt/airflow/dags/etl_init/run.py
[2024-09-25T08:14:33.430+0000] {processor.py:925} INFO - DAG(s) 'etl_init' retrieved from /opt/airflow/dags/etl_init/run.py
[2024-09-25T08:14:33.492+0000] {logging_mixin.py:190} INFO - [2024-09-25T08:14:33.490+0000] {dag.py:3239} INFO - Sync 1 DAGs
[2024-09-25T08:14:33.552+0000] {logging_mixin.py:190} INFO - [2024-09-25T08:14:33.551+0000] {dag.py:4180} INFO - Setting next_dagrun for etl_init to 2024-09-01 00:00:00+00:00, run_after=2024-09-01 00:00:00+00:00
[2024-09-25T08:14:33.606+0000] {processor.py:208} INFO - Processing /opt/airflow/dags/etl_init/run.py took 1.495 seconds
[2024-09-25T08:15:04.576+0000] {processor.py:186} INFO - Started process (PID=916) to work on /opt/airflow/dags/etl_init/run.py
[2024-09-25T08:15:04.589+0000] {processor.py:914} INFO - Processing file /opt/airflow/dags/etl_init/run.py for tasks to queue
[2024-09-25T08:15:04.596+0000] {logging_mixin.py:190} INFO - [2024-09-25T08:15:04.595+0000] {dagbag.py:588} INFO - Filling up the DagBag from /opt/airflow/dags/etl_init/run.py
[2024-09-25T08:15:05.718+0000] {processor.py:925} INFO - DAG(s) 'etl_init' retrieved from /opt/airflow/dags/etl_init/run.py
[2024-09-25T08:15:05.789+0000] {logging_mixin.py:190} INFO - [2024-09-25T08:15:05.788+0000] {dag.py:3239} INFO - Sync 1 DAGs
[2024-09-25T08:15:05.856+0000] {logging_mixin.py:190} INFO - [2024-09-25T08:15:05.856+0000] {dag.py:4180} INFO - Setting next_dagrun for etl_init to 2024-09-01 00:00:00+00:00, run_after=2024-09-01 00:00:00+00:00
[2024-09-25T08:15:05.908+0000] {processor.py:208} INFO - Processing /opt/airflow/dags/etl_init/run.py took 1.349 seconds
[2024-09-25T08:15:36.398+0000] {processor.py:186} INFO - Started process (PID=942) to work on /opt/airflow/dags/etl_init/run.py
[2024-09-25T08:15:36.400+0000] {processor.py:914} INFO - Processing file /opt/airflow/dags/etl_init/run.py for tasks to queue
[2024-09-25T08:15:36.407+0000] {logging_mixin.py:190} INFO - [2024-09-25T08:15:36.406+0000] {dagbag.py:588} INFO - Filling up the DagBag from /opt/airflow/dags/etl_init/run.py
[2024-09-25T08:15:37.417+0000] {processor.py:925} INFO - DAG(s) 'etl_init' retrieved from /opt/airflow/dags/etl_init/run.py
[2024-09-25T08:15:37.475+0000] {logging_mixin.py:190} INFO - [2024-09-25T08:15:37.474+0000] {dag.py:3239} INFO - Sync 1 DAGs
[2024-09-25T08:15:37.534+0000] {logging_mixin.py:190} INFO - [2024-09-25T08:15:37.533+0000] {dag.py:4180} INFO - Setting next_dagrun for etl_init to 2024-09-01 00:00:00+00:00, run_after=2024-09-01 00:00:00+00:00
[2024-09-25T08:15:37.583+0000] {processor.py:208} INFO - Processing /opt/airflow/dags/etl_init/run.py took 1.200 seconds
[2024-09-25T08:16:08.009+0000] {processor.py:186} INFO - Started process (PID=967) to work on /opt/airflow/dags/etl_init/run.py
[2024-09-25T08:16:08.011+0000] {processor.py:914} INFO - Processing file /opt/airflow/dags/etl_init/run.py for tasks to queue
[2024-09-25T08:16:08.017+0000] {logging_mixin.py:190} INFO - [2024-09-25T08:16:08.016+0000] {dagbag.py:588} INFO - Filling up the DagBag from /opt/airflow/dags/etl_init/run.py
[2024-09-25T08:16:09.054+0000] {processor.py:925} INFO - DAG(s) 'etl_init' retrieved from /opt/airflow/dags/etl_init/run.py
[2024-09-25T08:16:09.106+0000] {logging_mixin.py:190} INFO - [2024-09-25T08:16:09.105+0000] {dag.py:3239} INFO - Sync 1 DAGs
[2024-09-25T08:16:09.154+0000] {logging_mixin.py:190} INFO - [2024-09-25T08:16:09.154+0000] {dag.py:4180} INFO - Setting next_dagrun for etl_init to 2024-09-01 00:00:00+00:00, run_after=2024-09-01 00:00:00+00:00
[2024-09-25T08:16:09.204+0000] {processor.py:208} INFO - Processing /opt/airflow/dags/etl_init/run.py took 1.209 seconds
[2024-09-25T08:16:39.701+0000] {processor.py:186} INFO - Started process (PID=992) to work on /opt/airflow/dags/etl_init/run.py
[2024-09-25T08:16:39.709+0000] {processor.py:914} INFO - Processing file /opt/airflow/dags/etl_init/run.py for tasks to queue
[2024-09-25T08:16:39.721+0000] {logging_mixin.py:190} INFO - [2024-09-25T08:16:39.719+0000] {dagbag.py:588} INFO - Filling up the DagBag from /opt/airflow/dags/etl_init/run.py
[2024-09-25T08:16:42.169+0000] {processor.py:925} INFO - DAG(s) 'etl_init' retrieved from /opt/airflow/dags/etl_init/run.py
[2024-09-25T08:16:42.291+0000] {logging_mixin.py:190} INFO - [2024-09-25T08:16:42.289+0000] {dag.py:3239} INFO - Sync 1 DAGs
[2024-09-25T08:16:42.518+0000] {logging_mixin.py:190} INFO - [2024-09-25T08:16:42.517+0000] {dag.py:4180} INFO - Setting next_dagrun for etl_init to 2024-09-01 00:00:00+00:00, run_after=2024-09-01 00:00:00+00:00
[2024-09-25T08:16:42.600+0000] {processor.py:208} INFO - Processing /opt/airflow/dags/etl_init/run.py took 2.925 seconds
[2024-09-25T08:17:13.184+0000] {processor.py:186} INFO - Started process (PID=1017) to work on /opt/airflow/dags/etl_init/run.py
[2024-09-25T08:17:13.192+0000] {processor.py:914} INFO - Processing file /opt/airflow/dags/etl_init/run.py for tasks to queue
[2024-09-25T08:17:13.214+0000] {logging_mixin.py:190} INFO - [2024-09-25T08:17:13.213+0000] {dagbag.py:588} INFO - Filling up the DagBag from /opt/airflow/dags/etl_init/run.py
[2024-09-25T08:17:15.718+0000] {processor.py:925} INFO - DAG(s) 'etl_init' retrieved from /opt/airflow/dags/etl_init/run.py
[2024-09-25T08:17:15.819+0000] {logging_mixin.py:190} INFO - [2024-09-25T08:17:15.817+0000] {dag.py:3239} INFO - Sync 1 DAGs
[2024-09-25T08:17:15.929+0000] {logging_mixin.py:190} INFO - [2024-09-25T08:17:15.928+0000] {dag.py:4180} INFO - Setting next_dagrun for etl_init to 2024-09-01 00:00:00+00:00, run_after=2024-09-01 00:00:00+00:00
[2024-09-25T08:17:16.009+0000] {processor.py:208} INFO - Processing /opt/airflow/dags/etl_init/run.py took 2.850 seconds
[2024-09-25T08:17:46.429+0000] {processor.py:186} INFO - Started process (PID=1042) to work on /opt/airflow/dags/etl_init/run.py
[2024-09-25T08:17:46.432+0000] {processor.py:914} INFO - Processing file /opt/airflow/dags/etl_init/run.py for tasks to queue
[2024-09-25T08:17:46.439+0000] {logging_mixin.py:190} INFO - [2024-09-25T08:17:46.438+0000] {dagbag.py:588} INFO - Filling up the DagBag from /opt/airflow/dags/etl_init/run.py
[2024-09-25T08:17:48.192+0000] {processor.py:925} INFO - DAG(s) 'etl_init' retrieved from /opt/airflow/dags/etl_init/run.py
[2024-09-25T08:17:48.281+0000] {logging_mixin.py:190} INFO - [2024-09-25T08:17:48.280+0000] {dag.py:3239} INFO - Sync 1 DAGs
[2024-09-25T08:17:48.356+0000] {logging_mixin.py:190} INFO - [2024-09-25T08:17:48.355+0000] {dag.py:4180} INFO - Setting next_dagrun for etl_init to 2024-09-01 00:00:00+00:00, run_after=2024-09-01 00:00:00+00:00
[2024-09-25T08:17:48.406+0000] {processor.py:208} INFO - Processing /opt/airflow/dags/etl_init/run.py took 2.002 seconds
[2024-09-25T08:18:18.498+0000] {processor.py:186} INFO - Started process (PID=1073) to work on /opt/airflow/dags/etl_init/run.py
[2024-09-25T08:18:18.501+0000] {processor.py:914} INFO - Processing file /opt/airflow/dags/etl_init/run.py for tasks to queue
[2024-09-25T08:18:18.512+0000] {logging_mixin.py:190} INFO - [2024-09-25T08:18:18.511+0000] {dagbag.py:588} INFO - Filling up the DagBag from /opt/airflow/dags/etl_init/run.py
[2024-09-25T08:18:20.059+0000] {processor.py:925} INFO - DAG(s) 'etl_init' retrieved from /opt/airflow/dags/etl_init/run.py
[2024-09-25T08:18:20.127+0000] {logging_mixin.py:190} INFO - [2024-09-25T08:18:20.126+0000] {dag.py:3239} INFO - Sync 1 DAGs
[2024-09-25T08:18:20.197+0000] {logging_mixin.py:190} INFO - [2024-09-25T08:18:20.196+0000] {dag.py:4180} INFO - Setting next_dagrun for etl_init to 2024-09-01 00:00:00+00:00, run_after=2024-09-01 00:00:00+00:00
[2024-09-25T08:18:20.251+0000] {processor.py:208} INFO - Processing /opt/airflow/dags/etl_init/run.py took 1.786 seconds
[2024-09-25T08:18:51.013+0000] {processor.py:186} INFO - Started process (PID=1098) to work on /opt/airflow/dags/etl_init/run.py
[2024-09-25T08:18:51.015+0000] {processor.py:914} INFO - Processing file /opt/airflow/dags/etl_init/run.py for tasks to queue
[2024-09-25T08:18:51.022+0000] {logging_mixin.py:190} INFO - [2024-09-25T08:18:51.021+0000] {dagbag.py:588} INFO - Filling up the DagBag from /opt/airflow/dags/etl_init/run.py
[2024-09-25T08:18:52.170+0000] {processor.py:925} INFO - DAG(s) 'etl_init' retrieved from /opt/airflow/dags/etl_init/run.py
[2024-09-25T08:18:52.235+0000] {logging_mixin.py:190} INFO - [2024-09-25T08:18:52.233+0000] {dag.py:3239} INFO - Sync 1 DAGs
[2024-09-25T08:18:52.306+0000] {logging_mixin.py:190} INFO - [2024-09-25T08:18:52.305+0000] {dag.py:4180} INFO - Setting next_dagrun for etl_init to 2024-09-01 00:00:00+00:00, run_after=2024-09-01 00:00:00+00:00
[2024-09-25T08:18:52.407+0000] {processor.py:208} INFO - Processing /opt/airflow/dags/etl_init/run.py took 1.411 seconds
[2024-09-25T08:19:22.725+0000] {processor.py:186} INFO - Started process (PID=1123) to work on /opt/airflow/dags/etl_init/run.py
[2024-09-25T08:19:22.729+0000] {processor.py:914} INFO - Processing file /opt/airflow/dags/etl_init/run.py for tasks to queue
[2024-09-25T08:19:22.735+0000] {logging_mixin.py:190} INFO - [2024-09-25T08:19:22.734+0000] {dagbag.py:588} INFO - Filling up the DagBag from /opt/airflow/dags/etl_init/run.py
[2024-09-25T08:19:23.858+0000] {processor.py:925} INFO - DAG(s) 'etl_init' retrieved from /opt/airflow/dags/etl_init/run.py
[2024-09-25T08:19:23.912+0000] {logging_mixin.py:190} INFO - [2024-09-25T08:19:23.911+0000] {dag.py:3239} INFO - Sync 1 DAGs
[2024-09-25T08:19:24.250+0000] {logging_mixin.py:190} INFO - [2024-09-25T08:19:24.250+0000] {dag.py:4180} INFO - Setting next_dagrun for etl_init to 2024-09-01 00:00:00+00:00, run_after=2024-09-01 00:00:00+00:00
[2024-09-25T08:19:24.286+0000] {processor.py:208} INFO - Processing /opt/airflow/dags/etl_init/run.py took 1.578 seconds
[2024-09-25T08:19:54.884+0000] {processor.py:186} INFO - Started process (PID=1150) to work on /opt/airflow/dags/etl_init/run.py
[2024-09-25T08:19:54.886+0000] {processor.py:914} INFO - Processing file /opt/airflow/dags/etl_init/run.py for tasks to queue
[2024-09-25T08:19:54.891+0000] {logging_mixin.py:190} INFO - [2024-09-25T08:19:54.891+0000] {dagbag.py:588} INFO - Filling up the DagBag from /opt/airflow/dags/etl_init/run.py
[2024-09-25T08:19:55.961+0000] {processor.py:925} INFO - DAG(s) 'etl_init' retrieved from /opt/airflow/dags/etl_init/run.py
[2024-09-25T08:19:56.022+0000] {logging_mixin.py:190} INFO - [2024-09-25T08:19:56.021+0000] {dag.py:3239} INFO - Sync 1 DAGs
[2024-09-25T08:19:56.076+0000] {logging_mixin.py:190} INFO - [2024-09-25T08:19:56.076+0000] {dag.py:4180} INFO - Setting next_dagrun for etl_init to 2024-09-01 00:00:00+00:00, run_after=2024-09-01 00:00:00+00:00
[2024-09-25T08:19:56.123+0000] {processor.py:208} INFO - Processing /opt/airflow/dags/etl_init/run.py took 1.252 seconds
[2024-09-25T08:20:26.224+0000] {processor.py:186} INFO - Started process (PID=1175) to work on /opt/airflow/dags/etl_init/run.py
[2024-09-25T08:20:26.236+0000] {processor.py:914} INFO - Processing file /opt/airflow/dags/etl_init/run.py for tasks to queue
[2024-09-25T08:20:26.242+0000] {logging_mixin.py:190} INFO - [2024-09-25T08:20:26.241+0000] {dagbag.py:588} INFO - Filling up the DagBag from /opt/airflow/dags/etl_init/run.py
[2024-09-25T08:20:27.626+0000] {processor.py:925} INFO - DAG(s) 'etl_init' retrieved from /opt/airflow/dags/etl_init/run.py
[2024-09-25T08:20:27.686+0000] {logging_mixin.py:190} INFO - [2024-09-25T08:20:27.685+0000] {dag.py:3239} INFO - Sync 1 DAGs
[2024-09-25T08:20:27.752+0000] {logging_mixin.py:190} INFO - [2024-09-25T08:20:27.752+0000] {dag.py:4180} INFO - Setting next_dagrun for etl_init to 2024-09-01 00:00:00+00:00, run_after=2024-09-01 00:00:00+00:00
[2024-09-25T08:20:28.117+0000] {processor.py:208} INFO - Processing /opt/airflow/dags/etl_init/run.py took 1.909 seconds
[2024-09-25T08:20:58.277+0000] {processor.py:186} INFO - Started process (PID=1200) to work on /opt/airflow/dags/etl_init/run.py
[2024-09-25T08:20:58.289+0000] {processor.py:914} INFO - Processing file /opt/airflow/dags/etl_init/run.py for tasks to queue
[2024-09-25T08:20:58.295+0000] {logging_mixin.py:190} INFO - [2024-09-25T08:20:58.294+0000] {dagbag.py:588} INFO - Filling up the DagBag from /opt/airflow/dags/etl_init/run.py
[2024-09-25T08:20:59.389+0000] {processor.py:925} INFO - DAG(s) 'etl_init' retrieved from /opt/airflow/dags/etl_init/run.py
[2024-09-25T08:20:59.446+0000] {logging_mixin.py:190} INFO - [2024-09-25T08:20:59.445+0000] {dag.py:3239} INFO - Sync 1 DAGs
[2024-09-25T08:20:59.799+0000] {logging_mixin.py:190} INFO - [2024-09-25T08:20:59.798+0000] {dag.py:4180} INFO - Setting next_dagrun for etl_init to 2024-09-01 00:00:00+00:00, run_after=2024-09-01 00:00:00+00:00
[2024-09-25T08:20:59.843+0000] {processor.py:208} INFO - Processing /opt/airflow/dags/etl_init/run.py took 1.581 seconds
[2024-09-25T08:21:30.277+0000] {processor.py:186} INFO - Started process (PID=1225) to work on /opt/airflow/dags/etl_init/run.py
[2024-09-25T08:21:30.290+0000] {processor.py:914} INFO - Processing file /opt/airflow/dags/etl_init/run.py for tasks to queue
[2024-09-25T08:21:30.304+0000] {logging_mixin.py:190} INFO - [2024-09-25T08:21:30.302+0000] {dagbag.py:588} INFO - Filling up the DagBag from /opt/airflow/dags/etl_init/run.py
[2024-09-25T08:21:31.559+0000] {processor.py:925} INFO - DAG(s) 'etl_init' retrieved from /opt/airflow/dags/etl_init/run.py
[2024-09-25T08:21:31.612+0000] {logging_mixin.py:190} INFO - [2024-09-25T08:21:31.611+0000] {dag.py:3239} INFO - Sync 1 DAGs
[2024-09-25T08:21:31.677+0000] {logging_mixin.py:190} INFO - [2024-09-25T08:21:31.676+0000] {dag.py:4180} INFO - Setting next_dagrun for etl_init to 2024-09-01 00:00:00+00:00, run_after=2024-09-01 00:00:00+00:00
[2024-09-25T08:21:31.717+0000] {processor.py:208} INFO - Processing /opt/airflow/dags/etl_init/run.py took 1.474 seconds
[2024-09-25T08:22:01.869+0000] {processor.py:186} INFO - Started process (PID=1249) to work on /opt/airflow/dags/etl_init/run.py
[2024-09-25T08:22:01.872+0000] {processor.py:914} INFO - Processing file /opt/airflow/dags/etl_init/run.py for tasks to queue
[2024-09-25T08:22:01.881+0000] {logging_mixin.py:190} INFO - [2024-09-25T08:22:01.879+0000] {dagbag.py:588} INFO - Filling up the DagBag from /opt/airflow/dags/etl_init/run.py
[2024-09-25T08:22:03.226+0000] {processor.py:925} INFO - DAG(s) 'etl_init' retrieved from /opt/airflow/dags/etl_init/run.py
[2024-09-25T08:22:03.298+0000] {logging_mixin.py:190} INFO - [2024-09-25T08:22:03.297+0000] {dag.py:3239} INFO - Sync 1 DAGs
[2024-09-25T08:22:03.378+0000] {logging_mixin.py:190} INFO - [2024-09-25T08:22:03.377+0000] {dag.py:4180} INFO - Setting next_dagrun for etl_init to 2024-09-01 00:00:00+00:00, run_after=2024-09-01 00:00:00+00:00
[2024-09-25T08:22:03.765+0000] {processor.py:208} INFO - Processing /opt/airflow/dags/etl_init/run.py took 1.915 seconds
[2024-09-25T08:22:34.000+0000] {processor.py:186} INFO - Started process (PID=1275) to work on /opt/airflow/dags/etl_init/run.py
[2024-09-25T08:22:34.003+0000] {processor.py:914} INFO - Processing file /opt/airflow/dags/etl_init/run.py for tasks to queue
[2024-09-25T08:22:34.009+0000] {logging_mixin.py:190} INFO - [2024-09-25T08:22:34.008+0000] {dagbag.py:588} INFO - Filling up the DagBag from /opt/airflow/dags/etl_init/run.py
[2024-09-25T08:22:35.859+0000] {processor.py:925} INFO - DAG(s) 'etl_init' retrieved from /opt/airflow/dags/etl_init/run.py
[2024-09-25T08:22:35.921+0000] {logging_mixin.py:190} INFO - [2024-09-25T08:22:35.920+0000] {dag.py:3239} INFO - Sync 1 DAGs
[2024-09-25T08:22:36.281+0000] {logging_mixin.py:190} INFO - [2024-09-25T08:22:36.281+0000] {dag.py:4180} INFO - Setting next_dagrun for etl_init to 2024-09-01 00:00:00+00:00, run_after=2024-09-01 00:00:00+00:00
[2024-09-25T08:22:36.318+0000] {processor.py:208} INFO - Processing /opt/airflow/dags/etl_init/run.py took 2.339 seconds
[2024-09-25T08:23:06.426+0000] {processor.py:186} INFO - Started process (PID=1299) to work on /opt/airflow/dags/etl_init/run.py
[2024-09-25T08:23:06.439+0000] {processor.py:914} INFO - Processing file /opt/airflow/dags/etl_init/run.py for tasks to queue
[2024-09-25T08:23:06.443+0000] {logging_mixin.py:190} INFO - [2024-09-25T08:23:06.443+0000] {dagbag.py:588} INFO - Filling up the DagBag from /opt/airflow/dags/etl_init/run.py
[2024-09-25T08:23:07.560+0000] {processor.py:925} INFO - DAG(s) 'etl_init' retrieved from /opt/airflow/dags/etl_init/run.py
[2024-09-25T08:23:07.912+0000] {logging_mixin.py:190} INFO - [2024-09-25T08:23:07.911+0000] {dag.py:3239} INFO - Sync 1 DAGs
[2024-09-25T08:23:07.959+0000] {logging_mixin.py:190} INFO - [2024-09-25T08:23:07.958+0000] {dag.py:4180} INFO - Setting next_dagrun for etl_init to 2024-09-01 00:00:00+00:00, run_after=2024-09-01 00:00:00+00:00
[2024-09-25T08:23:07.995+0000] {processor.py:208} INFO - Processing /opt/airflow/dags/etl_init/run.py took 1.581 seconds
