[2024-10-04T06:37:13.347+0000] {local_task_job_runner.py:123} INFO - ::group::Pre task execution logs
[2024-10-04T06:37:13.378+0000] {taskinstance.py:2612} INFO - Dependencies all met for dep_context=non-requeueable deps ti=<TaskInstance: sparking_flow.character_count_job scheduled__2024-10-03T00:00:00+00:00 [queued]>
[2024-10-04T06:37:13.393+0000] {taskinstance.py:2612} INFO - Dependencies all met for dep_context=requeueable deps ti=<TaskInstance: sparking_flow.character_count_job scheduled__2024-10-03T00:00:00+00:00 [queued]>
[2024-10-04T06:37:13.394+0000] {taskinstance.py:2865} INFO - Starting attempt 1 of 1
[2024-10-04T06:37:13.418+0000] {taskinstance.py:2888} INFO - Executing <Task(SparkSubmitOperator): character_count_job> on 2024-10-03 00:00:00+00:00
[2024-10-04T06:37:13.427+0000] {standard_task_runner.py:104} INFO - Running: ['***', 'tasks', 'run', 'sparking_flow', 'character_count_job', 'scheduled__2024-10-03T00:00:00+00:00', '--job-id', '13694', '--raw', '--subdir', 'DAGS_FOLDER/materi/test.py', '--cfg-path', '/tmp/tmp1gr070j0']
[2024-10-04T06:37:13.431+0000] {standard_task_runner.py:105} INFO - Job 13694: Subtask character_count_job
[2024-10-04T06:37:13.433+0000] {logging_mixin.py:190} WARNING - /home/***/.local/lib/python3.12/site-packages/***/task/task_runner/standard_task_runner.py:70 DeprecationWarning: This process (pid=467) is multi-threaded, use of fork() may lead to deadlocks in the child.
[2024-10-04T06:37:13.435+0000] {standard_task_runner.py:72} INFO - Started process 468 to run task
[2024-10-04T06:37:13.540+0000] {task_command.py:467} INFO - Running <TaskInstance: sparking_flow.character_count_job scheduled__2024-10-03T00:00:00+00:00 [running]> on host 5f5bf3f98309
[2024-10-04T06:37:13.721+0000] {taskinstance.py:3131} INFO - Exporting env vars: AIRFLOW_CTX_DAG_OWNER='Yusuf Ganiyu' AIRFLOW_CTX_DAG_ID='sparking_flow' AIRFLOW_CTX_TASK_ID='character_count_job' AIRFLOW_CTX_EXECUTION_DATE='2024-10-03T00:00:00+00:00' AIRFLOW_CTX_TRY_NUMBER='1' AIRFLOW_CTX_DAG_RUN_ID='scheduled__2024-10-03T00:00:00+00:00'
[2024-10-04T06:37:13.723+0000] {taskinstance.py:731} INFO - ::endgroup::
[2024-10-04T06:37:13.770+0000] {base.py:84} INFO - Retrieving connection 'spark-conn'
[2024-10-04T06:37:13.772+0000] {spark_submit.py:335} INFO - Spark-Submit cmd: spark-submit --master spark://spark-master:7077 --name arrow-spark jobs/wordcountjob.py character_count_job Hello Spark Hello Python Hello Airflow Hello Docker and Hello Yusuf
[2024-10-04T06:37:13.847+0000] {spark_submit.py:488} INFO - /home/***/.local/lib/python3.12/site-packages/pyspark/bin/load-spark-env.sh: line 68: ps: command not found
[2024-10-04T06:37:20.686+0000] {spark_submit.py:488} INFO - 24/10/04 06:37:20 INFO SparkContext: Running Spark version 3.5.3
[2024-10-04T06:37:20.691+0000] {spark_submit.py:488} INFO - 24/10/04 06:37:20 INFO SparkContext: OS info Linux, 5.15.153.1-microsoft-standard-WSL2, amd64
[2024-10-04T06:37:20.692+0000] {spark_submit.py:488} INFO - 24/10/04 06:37:20 INFO SparkContext: Java version 17.0.12
[2024-10-04T06:37:20.800+0000] {spark_submit.py:488} INFO - 24/10/04 06:37:20 WARN NativeCodeLoader: Unable to load native-hadoop library for your platform... using builtin-java classes where applicable
[2024-10-04T06:37:20.991+0000] {spark_submit.py:488} INFO - 24/10/04 06:37:20 INFO ResourceUtils: ==============================================================
[2024-10-04T06:37:20.992+0000] {spark_submit.py:488} INFO - 24/10/04 06:37:20 INFO ResourceUtils: No custom resources configured for spark.driver.
[2024-10-04T06:37:20.993+0000] {spark_submit.py:488} INFO - 24/10/04 06:37:20 INFO ResourceUtils: ==============================================================
[2024-10-04T06:37:20.995+0000] {spark_submit.py:488} INFO - 24/10/04 06:37:20 INFO SparkContext: Submitted application: PythonCharacterCount
[2024-10-04T06:37:21.061+0000] {spark_submit.py:488} INFO - 24/10/04 06:37:21 INFO ResourceProfile: Default ResourceProfile created, executor resources: Map(memory -> name: memory, amount: 1024, script: , vendor: , offHeap -> name: offHeap, amount: 0, script: , vendor: ), task resources: Map(cpus -> name: cpus, amount: 1.0)
[2024-10-04T06:37:21.084+0000] {spark_submit.py:488} INFO - 24/10/04 06:37:21 INFO ResourceProfile: Limiting resource is cpu
[2024-10-04T06:37:21.087+0000] {spark_submit.py:488} INFO - 24/10/04 06:37:21 INFO ResourceProfileManager: Added ResourceProfile id: 0
[2024-10-04T06:37:21.216+0000] {spark_submit.py:488} INFO - 24/10/04 06:37:21 INFO SecurityManager: Changing view acls to: ***
[2024-10-04T06:37:21.221+0000] {spark_submit.py:488} INFO - 24/10/04 06:37:21 INFO SecurityManager: Changing modify acls to: ***
[2024-10-04T06:37:21.224+0000] {spark_submit.py:488} INFO - 24/10/04 06:37:21 INFO SecurityManager: Changing view acls groups to:
[2024-10-04T06:37:21.226+0000] {spark_submit.py:488} INFO - 24/10/04 06:37:21 INFO SecurityManager: Changing modify acls groups to:
[2024-10-04T06:37:21.228+0000] {spark_submit.py:488} INFO - 24/10/04 06:37:21 INFO SecurityManager: SecurityManager: authentication disabled; ui acls disabled; users with view permissions: ***; groups with view permissions: EMPTY; users with modify permissions: ***; groups with modify permissions: EMPTY
[2024-10-04T06:37:21.839+0000] {spark_submit.py:488} INFO - 24/10/04 06:37:21 INFO Utils: Successfully started service 'sparkDriver' on port 36689.
[2024-10-04T06:37:21.935+0000] {spark_submit.py:488} INFO - 24/10/04 06:37:21 INFO SparkEnv: Registering MapOutputTracker
[2024-10-04T06:37:22.015+0000] {spark_submit.py:488} INFO - 24/10/04 06:37:22 INFO SparkEnv: Registering BlockManagerMaster
[2024-10-04T06:37:22.058+0000] {spark_submit.py:488} INFO - 24/10/04 06:37:22 INFO BlockManagerMasterEndpoint: Using org.apache.spark.storage.DefaultTopologyMapper for getting topology information
[2024-10-04T06:37:22.059+0000] {spark_submit.py:488} INFO - 24/10/04 06:37:22 INFO BlockManagerMasterEndpoint: BlockManagerMasterEndpoint up
[2024-10-04T06:37:22.067+0000] {spark_submit.py:488} INFO - 24/10/04 06:37:22 INFO SparkEnv: Registering BlockManagerMasterHeartbeat
[2024-10-04T06:37:22.112+0000] {spark_submit.py:488} INFO - 24/10/04 06:37:22 INFO DiskBlockManager: Created local directory at /tmp/blockmgr-6057cb5f-68f5-4ee6-abe4-d9e8e5c50761
[2024-10-04T06:37:22.147+0000] {spark_submit.py:488} INFO - 24/10/04 06:37:22 INFO MemoryStore: MemoryStore started with capacity 434.4 MiB
[2024-10-04T06:37:22.189+0000] {spark_submit.py:488} INFO - 24/10/04 06:37:22 INFO SparkEnv: Registering OutputCommitCoordinator
[2024-10-04T06:37:22.459+0000] {spark_submit.py:488} INFO - 24/10/04 06:37:22 INFO JettyUtils: Start Jetty 0.0.0.0:4040 for SparkUI
[2024-10-04T06:37:22.586+0000] {spark_submit.py:488} INFO - 24/10/04 06:37:22 INFO Utils: Successfully started service 'SparkUI' on port 4040.
[2024-10-04T06:37:22.899+0000] {spark_submit.py:488} INFO - 24/10/04 06:37:22 INFO StandaloneAppClient$ClientEndpoint: Connecting to master spark://spark-master:7077...
[2024-10-04T06:37:22.996+0000] {spark_submit.py:488} INFO - 24/10/04 06:37:22 INFO TransportClientFactory: Successfully created connection to spark-master/172.20.0.2:7077 after 56 ms (0 ms spent in bootstraps)
[2024-10-04T06:37:23.184+0000] {spark_submit.py:488} INFO - 24/10/04 06:37:23 INFO StandaloneSchedulerBackend: Connected to Spark cluster with app ID app-20241004063723-0001
[2024-10-04T06:37:23.191+0000] {spark_submit.py:488} INFO - 24/10/04 06:37:23 INFO StandaloneAppClient$ClientEndpoint: Executor added: app-20241004063723-0001/0 on worker-20241004063558-172.20.0.10-38265 (172.20.0.10:38265) with 2 core(s)
[2024-10-04T06:37:23.197+0000] {spark_submit.py:488} INFO - 24/10/04 06:37:23 INFO StandaloneSchedulerBackend: Granted executor ID app-20241004063723-0001/0 on hostPort 172.20.0.10:38265 with 2 core(s), 1024.0 MiB RAM
[2024-10-04T06:37:23.206+0000] {spark_submit.py:488} INFO - 24/10/04 06:37:23 INFO Utils: Successfully started service 'org.apache.spark.network.netty.NettyBlockTransferService' on port 34623.
[2024-10-04T06:37:23.208+0000] {spark_submit.py:488} INFO - 24/10/04 06:37:23 INFO NettyBlockTransferService: Server created on 5f5bf3f98309:34623
[2024-10-04T06:37:23.211+0000] {spark_submit.py:488} INFO - 24/10/04 06:37:23 INFO BlockManager: Using org.apache.spark.storage.RandomBlockReplicationPolicy for block replication policy
[2024-10-04T06:37:23.228+0000] {spark_submit.py:488} INFO - 24/10/04 06:37:23 INFO BlockManagerMaster: Registering BlockManager BlockManagerId(driver, 5f5bf3f98309, 34623, None)
[2024-10-04T06:37:23.246+0000] {spark_submit.py:488} INFO - 24/10/04 06:37:23 INFO BlockManagerMasterEndpoint: Registering block manager 5f5bf3f98309:34623 with 434.4 MiB RAM, BlockManagerId(driver, 5f5bf3f98309, 34623, None)
[2024-10-04T06:37:23.247+0000] {spark_submit.py:488} INFO - 24/10/04 06:37:23 INFO BlockManagerMaster: Registered BlockManager BlockManagerId(driver, 5f5bf3f98309, 34623, None)
[2024-10-04T06:37:23.249+0000] {spark_submit.py:488} INFO - 24/10/04 06:37:23 INFO BlockManager: Initialized BlockManager: BlockManagerId(driver, 5f5bf3f98309, 34623, None)
[2024-10-04T06:37:23.278+0000] {spark_submit.py:488} INFO - 24/10/04 06:37:23 INFO StandaloneAppClient$ClientEndpoint: Executor updated: app-20241004063723-0001/0 is now RUNNING
[2024-10-04T06:37:23.946+0000] {spark_submit.py:488} INFO - 24/10/04 06:37:23 INFO StandaloneSchedulerBackend: SchedulerBackend is ready for scheduling beginning after reached minRegisteredResourcesRatio: 0.0
[2024-10-04T06:37:25.977+0000] {spark_submit.py:488} INFO - 24/10/04 06:37:25 INFO SparkContext: Starting job: collect at /opt/***/jobs/wordcountjob.py:29
[2024-10-04T06:37:26.107+0000] {spark_submit.py:488} INFO - 24/10/04 06:37:26 INFO DAGScheduler: Registering RDD 2 (reduceByKey at /opt/***/jobs/wordcountjob.py:27) as input to shuffle 0
[2024-10-04T06:37:26.119+0000] {spark_submit.py:488} INFO - 24/10/04 06:37:26 INFO DAGScheduler: Got job 0 (collect at /opt/***/jobs/wordcountjob.py:29) with 2 output partitions
[2024-10-04T06:37:26.120+0000] {spark_submit.py:488} INFO - 24/10/04 06:37:26 INFO DAGScheduler: Final stage: ResultStage 1 (collect at /opt/***/jobs/wordcountjob.py:29)
[2024-10-04T06:37:26.122+0000] {spark_submit.py:488} INFO - 24/10/04 06:37:26 INFO DAGScheduler: Parents of final stage: List(ShuffleMapStage 0)
[2024-10-04T06:37:26.134+0000] {spark_submit.py:488} INFO - 24/10/04 06:37:26 INFO DAGScheduler: Missing parents: List(ShuffleMapStage 0)
[2024-10-04T06:37:26.156+0000] {spark_submit.py:488} INFO - 24/10/04 06:37:26 INFO DAGScheduler: Submitting ShuffleMapStage 0 (PairwiseRDD[2] at reduceByKey at /opt/***/jobs/wordcountjob.py:27), which has no missing parents
[2024-10-04T06:37:26.385+0000] {spark_submit.py:488} INFO - 24/10/04 06:37:26 INFO MemoryStore: Block broadcast_0 stored as values in memory (estimated size 11.0 KiB, free 434.4 MiB)
[2024-10-04T06:37:26.443+0000] {spark_submit.py:488} INFO - 24/10/04 06:37:26 INFO MemoryStore: Block broadcast_0_piece0 stored as bytes in memory (estimated size 7.0 KiB, free 434.4 MiB)
[2024-10-04T06:37:26.450+0000] {spark_submit.py:488} INFO - 24/10/04 06:37:26 INFO BlockManagerInfo: Added broadcast_0_piece0 in memory on 5f5bf3f98309:34623 (size: 7.0 KiB, free: 434.4 MiB)
[2024-10-04T06:37:26.459+0000] {spark_submit.py:488} INFO - 24/10/04 06:37:26 INFO SparkContext: Created broadcast 0 from broadcast at DAGScheduler.scala:1585
[2024-10-04T06:37:26.489+0000] {spark_submit.py:488} INFO - 24/10/04 06:37:26 INFO DAGScheduler: Submitting 2 missing tasks from ShuffleMapStage 0 (PairwiseRDD[2] at reduceByKey at /opt/***/jobs/wordcountjob.py:27) (first 15 tasks are for partitions Vector(0, 1))
[2024-10-04T06:37:26.492+0000] {spark_submit.py:488} INFO - 24/10/04 06:37:26 INFO TaskSchedulerImpl: Adding task set 0.0 with 2 tasks resource profile 0
[2024-10-04T06:37:29.629+0000] {spark_submit.py:488} INFO - 24/10/04 06:37:29 INFO StandaloneSchedulerBackend$StandaloneDriverEndpoint: Registered executor NettyRpcEndpointRef(spark-client://Executor) (172.20.0.10:55670) with ID 0,  ResourceProfileId 0
[2024-10-04T06:37:29.799+0000] {spark_submit.py:488} INFO - 24/10/04 06:37:29 INFO BlockManagerMasterEndpoint: Registering block manager 172.20.0.10:42675 with 434.4 MiB RAM, BlockManagerId(0, 172.20.0.10, 42675, None)
[2024-10-04T06:37:29.961+0000] {spark_submit.py:488} INFO - 24/10/04 06:37:29 INFO TaskSetManager: Starting task 0.0 in stage 0.0 (TID 0) (172.20.0.10, executor 0, partition 0, PROCESS_LOCAL, 9098 bytes)
[2024-10-04T06:37:29.970+0000] {spark_submit.py:488} INFO - 24/10/04 06:37:29 INFO TaskSetManager: Starting task 1.0 in stage 0.0 (TID 1) (172.20.0.10, executor 0, partition 1, PROCESS_LOCAL, 9127 bytes)
[2024-10-04T06:37:30.505+0000] {spark_submit.py:488} INFO - 24/10/04 06:37:30 INFO BlockManagerInfo: Added broadcast_0_piece0 in memory on 172.20.0.10:42675 (size: 7.0 KiB, free: 434.4 MiB)
[2024-10-04T06:37:32.974+0000] {spark_submit.py:488} INFO - 24/10/04 06:37:32 INFO TaskSetManager: Finished task 1.0 in stage 0.0 (TID 1) in 3004 ms on 172.20.0.10 (executor 0) (1/2)
[2024-10-04T06:37:32.976+0000] {spark_submit.py:488} INFO - 24/10/04 06:37:32 INFO TaskSetManager: Finished task 0.0 in stage 0.0 (TID 0) in 3048 ms on 172.20.0.10 (executor 0) (2/2)
[2024-10-04T06:37:32.977+0000] {spark_submit.py:488} INFO - 24/10/04 06:37:32 INFO TaskSchedulerImpl: Removed TaskSet 0.0, whose tasks have all completed, from pool
[2024-10-04T06:37:32.985+0000] {spark_submit.py:488} INFO - 24/10/04 06:37:32 INFO PythonAccumulatorV2: Connected to AccumulatorServer at host: 127.0.0.1 port: 43807
[2024-10-04T06:37:32.998+0000] {spark_submit.py:488} INFO - 24/10/04 06:37:32 INFO DAGScheduler: ShuffleMapStage 0 (reduceByKey at /opt/***/jobs/wordcountjob.py:27) finished in 6.790 s
[2024-10-04T06:37:33.000+0000] {spark_submit.py:488} INFO - 24/10/04 06:37:32 INFO DAGScheduler: looking for newly runnable stages
[2024-10-04T06:37:33.001+0000] {spark_submit.py:488} INFO - 24/10/04 06:37:33 INFO DAGScheduler: running: Set()
[2024-10-04T06:37:33.002+0000] {spark_submit.py:488} INFO - 24/10/04 06:37:33 INFO DAGScheduler: waiting: Set(ResultStage 1)
[2024-10-04T06:37:33.003+0000] {spark_submit.py:488} INFO - 24/10/04 06:37:33 INFO DAGScheduler: failed: Set()
[2024-10-04T06:37:33.010+0000] {spark_submit.py:488} INFO - 24/10/04 06:37:33 INFO DAGScheduler: Submitting ResultStage 1 (PythonRDD[5] at collect at /opt/***/jobs/wordcountjob.py:29), which has no missing parents
[2024-10-04T06:37:33.027+0000] {spark_submit.py:488} INFO - 24/10/04 06:37:33 INFO MemoryStore: Block broadcast_1 stored as values in memory (estimated size 10.1 KiB, free 434.4 MiB)
[2024-10-04T06:37:33.038+0000] {spark_submit.py:488} INFO - 24/10/04 06:37:33 INFO MemoryStore: Block broadcast_1_piece0 stored as bytes in memory (estimated size 6.0 KiB, free 434.4 MiB)
[2024-10-04T06:37:33.039+0000] {spark_submit.py:488} INFO - 24/10/04 06:37:33 INFO BlockManagerInfo: Added broadcast_1_piece0 in memory on 5f5bf3f98309:34623 (size: 6.0 KiB, free: 434.4 MiB)
[2024-10-04T06:37:33.041+0000] {spark_submit.py:488} INFO - 24/10/04 06:37:33 INFO SparkContext: Created broadcast 1 from broadcast at DAGScheduler.scala:1585
[2024-10-04T06:37:33.045+0000] {spark_submit.py:488} INFO - 24/10/04 06:37:33 INFO DAGScheduler: Submitting 2 missing tasks from ResultStage 1 (PythonRDD[5] at collect at /opt/***/jobs/wordcountjob.py:29) (first 15 tasks are for partitions Vector(0, 1))
[2024-10-04T06:37:33.046+0000] {spark_submit.py:488} INFO - 24/10/04 06:37:33 INFO TaskSchedulerImpl: Adding task set 1.0 with 2 tasks resource profile 0
[2024-10-04T06:37:33.056+0000] {spark_submit.py:488} INFO - 24/10/04 06:37:33 INFO TaskSetManager: Starting task 0.0 in stage 1.0 (TID 2) (172.20.0.10, executor 0, partition 0, NODE_LOCAL, 8821 bytes)
[2024-10-04T06:37:33.058+0000] {spark_submit.py:488} INFO - 24/10/04 06:37:33 INFO TaskSetManager: Starting task 1.0 in stage 1.0 (TID 3) (172.20.0.10, executor 0, partition 1, NODE_LOCAL, 8821 bytes)
[2024-10-04T06:37:33.103+0000] {spark_submit.py:488} INFO - 24/10/04 06:37:33 INFO BlockManagerInfo: Added broadcast_1_piece0 in memory on 172.20.0.10:42675 (size: 6.0 KiB, free: 434.4 MiB)
[2024-10-04T06:37:33.221+0000] {spark_submit.py:488} INFO - 24/10/04 06:37:33 INFO MapOutputTrackerMasterEndpoint: Asked to send map output locations for shuffle 0 to 172.20.0.10:55670
[2024-10-04T06:37:33.586+0000] {spark_submit.py:488} INFO - 24/10/04 06:37:33 INFO TaskSetManager: Finished task 1.0 in stage 1.0 (TID 3) in 528 ms on 172.20.0.10 (executor 0) (1/2)
[2024-10-04T06:37:33.608+0000] {spark_submit.py:488} INFO - 24/10/04 06:37:33 INFO TaskSetManager: Finished task 0.0 in stage 1.0 (TID 2) in 557 ms on 172.20.0.10 (executor 0) (2/2)
[2024-10-04T06:37:33.609+0000] {spark_submit.py:488} INFO - 24/10/04 06:37:33 INFO TaskSchedulerImpl: Removed TaskSet 1.0, whose tasks have all completed, from pool
[2024-10-04T06:37:33.613+0000] {spark_submit.py:488} INFO - 24/10/04 06:37:33 INFO DAGScheduler: ResultStage 1 (collect at /opt/***/jobs/wordcountjob.py:29) finished in 0.588 s
[2024-10-04T06:37:33.620+0000] {spark_submit.py:488} INFO - 24/10/04 06:37:33 INFO DAGScheduler: Job 0 is finished. Cancelling potential speculative or zombie tasks for this job
[2024-10-04T06:37:33.621+0000] {spark_submit.py:488} INFO - 24/10/04 06:37:33 INFO TaskSchedulerImpl: Killing all running tasks in stage 1: Stage finished
[2024-10-04T06:37:33.625+0000] {spark_submit.py:488} INFO - 24/10/04 06:37:33 INFO DAGScheduler: Job 0 finished: collect at /opt/***/jobs/wordcountjob.py:29, took 7.644988 s
[2024-10-04T06:37:33.663+0000] {spark_submit.py:488} INFO - l: 11
[2024-10-04T06:37:33.664+0000] {spark_submit.py:488} INFO - o: 8
[2024-10-04T06:37:33.664+0000] {spark_submit.py:488} INFO - : 10
[2024-10-04T06:37:33.665+0000] {spark_submit.py:488} INFO - S: 1
[2024-10-04T06:37:33.666+0000] {spark_submit.py:488} INFO - p: 1
[2024-10-04T06:37:33.666+0000] {spark_submit.py:488} INFO - t: 1
[2024-10-04T06:37:33.667+0000] {spark_submit.py:488} INFO - A: 1
[2024-10-04T06:37:33.667+0000] {spark_submit.py:488} INFO - D: 1
[2024-10-04T06:37:33.668+0000] {spark_submit.py:488} INFO - c: 1
[2024-10-04T06:37:33.668+0000] {spark_submit.py:488} INFO - d: 1
[2024-10-04T06:37:33.669+0000] {spark_submit.py:488} INFO - H: 5
[2024-10-04T06:37:33.669+0000] {spark_submit.py:488} INFO - e: 6
[2024-10-04T06:37:33.670+0000] {spark_submit.py:488} INFO - a: 2
[2024-10-04T06:37:33.671+0000] {spark_submit.py:488} INFO - r: 3
[2024-10-04T06:37:33.671+0000] {spark_submit.py:488} INFO - k: 2
[2024-10-04T06:37:33.672+0000] {spark_submit.py:488} INFO - P: 1
[2024-10-04T06:37:33.672+0000] {spark_submit.py:488} INFO - y: 1
[2024-10-04T06:37:33.672+0000] {spark_submit.py:488} INFO - h: 1
[2024-10-04T06:37:33.672+0000] {spark_submit.py:488} INFO - n: 2
[2024-10-04T06:37:33.673+0000] {spark_submit.py:488} INFO - i: 1
[2024-10-04T06:37:33.673+0000] {spark_submit.py:488} INFO - f: 2
[2024-10-04T06:37:33.673+0000] {spark_submit.py:488} INFO - w: 1
[2024-10-04T06:37:33.674+0000] {spark_submit.py:488} INFO - Y: 1
[2024-10-04T06:37:33.674+0000] {spark_submit.py:488} INFO - u: 2
[2024-10-04T06:37:33.675+0000] {spark_submit.py:488} INFO - s: 1
[2024-10-04T06:37:33.676+0000] {spark_submit.py:488} INFO - 24/10/04 06:37:33 INFO SparkContext: SparkContext is stopping with exitCode 0.
[2024-10-04T06:37:33.686+0000] {spark_submit.py:488} INFO - 24/10/04 06:37:33 INFO SparkUI: Stopped Spark web UI at http://5f5bf3f98309:4040
[2024-10-04T06:37:33.693+0000] {spark_submit.py:488} INFO - 24/10/04 06:37:33 INFO StandaloneSchedulerBackend: Shutting down all executors
[2024-10-04T06:37:33.694+0000] {spark_submit.py:488} INFO - 24/10/04 06:37:33 INFO StandaloneSchedulerBackend$StandaloneDriverEndpoint: Asking each executor to shut down
[2024-10-04T06:37:33.740+0000] {spark_submit.py:488} INFO - 24/10/04 06:37:33 INFO MapOutputTrackerMasterEndpoint: MapOutputTrackerMasterEndpoint stopped!
[2024-10-04T06:37:33.808+0000] {spark_submit.py:488} INFO - 24/10/04 06:37:33 INFO MemoryStore: MemoryStore cleared
[2024-10-04T06:37:33.809+0000] {spark_submit.py:488} INFO - 24/10/04 06:37:33 INFO BlockManager: BlockManager stopped
[2024-10-04T06:37:33.819+0000] {spark_submit.py:488} INFO - 24/10/04 06:37:33 INFO BlockManagerMaster: BlockManagerMaster stopped
[2024-10-04T06:37:33.826+0000] {spark_submit.py:488} INFO - 24/10/04 06:37:33 INFO OutputCommitCoordinator$OutputCommitCoordinatorEndpoint: OutputCommitCoordinator stopped!
[2024-10-04T06:37:33.854+0000] {spark_submit.py:488} INFO - 24/10/04 06:37:33 INFO SparkContext: Successfully stopped SparkContext
[2024-10-04T06:37:34.706+0000] {spark_submit.py:488} INFO - 24/10/04 06:37:34 INFO ShutdownHookManager: Shutdown hook called
[2024-10-04T06:37:34.707+0000] {spark_submit.py:488} INFO - 24/10/04 06:37:34 INFO ShutdownHookManager: Deleting directory /tmp/spark-132691e4-e0a8-415c-94e3-f32bd481cdc5
[2024-10-04T06:37:34.711+0000] {spark_submit.py:488} INFO - 24/10/04 06:37:34 INFO ShutdownHookManager: Deleting directory /tmp/spark-132691e4-e0a8-415c-94e3-f32bd481cdc5/pyspark-695047b0-c845-4fc5-be1f-3156f8734cec
[2024-10-04T06:37:34.715+0000] {spark_submit.py:488} INFO - 24/10/04 06:37:34 INFO ShutdownHookManager: Deleting directory /tmp/spark-470ca2b0-3b9b-4acf-8846-5c8b9210e489
[2024-10-04T06:37:34.800+0000] {taskinstance.py:340} INFO - ::group::Post task execution logs
[2024-10-04T06:37:34.802+0000] {taskinstance.py:352} INFO - Marking task as SUCCESS. dag_id=sparking_flow, task_id=character_count_job, run_id=scheduled__2024-10-03T00:00:00+00:00, execution_date=20241003T000000, start_date=20241004T063713, end_date=20241004T063734
[2024-10-04T06:37:34.841+0000] {local_task_job_runner.py:266} INFO - Task exited with return code 0
[2024-10-04T06:37:34.898+0000] {taskinstance.py:3900} INFO - 1 downstream tasks scheduled from follow-on schedule check
[2024-10-04T06:37:34.902+0000] {local_task_job_runner.py:245} INFO - ::endgroup::
