[2024-09-25T11:08:53.823+0000] {local_task_job_runner.py:123} INFO - ::group::Pre task execution logs
[2024-09-25T11:08:53.904+0000] {taskinstance.py:2612} INFO - Dependencies all met for dep_context=non-requeueable deps ti=<TaskInstance: etl_pipeline.pipeline.warehouse.step_1.load.categories manual__2024-09-25T11:05:57.968197+00:00 [queued]>
[2024-09-25T11:08:53.968+0000] {taskinstance.py:2612} INFO - Dependencies all met for dep_context=requeueable deps ti=<TaskInstance: etl_pipeline.pipeline.warehouse.step_1.load.categories manual__2024-09-25T11:05:57.968197+00:00 [queued]>
[2024-09-25T11:08:53.972+0000] {taskinstance.py:2865} INFO - Starting attempt 1 of 1
[2024-09-25T11:08:54.057+0000] {taskinstance.py:2888} INFO - Executing <Task(PythonOperator): pipeline.warehouse.step_1.load.categories> on 2024-09-25 11:05:57.968197+00:00
[2024-09-25T11:08:54.112+0000] {warnings.py:112} WARNING - /home/***/.local/lib/python3.12/site-packages/***/task/task_runner/standard_task_runner.py:70: DeprecationWarning: This process (pid=681) is multi-threaded, use of fork() may lead to deadlocks in the child.
  pid = os.fork()

[2024-09-25T11:08:54.121+0000] {standard_task_runner.py:72} INFO - Started process 686 to run task
[2024-09-25T11:08:54.124+0000] {standard_task_runner.py:104} INFO - Running: ['***', 'tasks', 'run', 'etl_pipeline', 'pipeline.warehouse.step_1.load.categories', 'manual__2024-09-25T11:05:57.968197+00:00', '--job-id', '177', '--raw', '--subdir', 'DAGS_FOLDER/etl_pipeline/run.py', '--cfg-path', '/tmp/tmpdatzcz8d']
[2024-09-25T11:08:54.135+0000] {standard_task_runner.py:105} INFO - Job 177: Subtask pipeline.warehouse.step_1.load.categories
[2024-09-25T11:08:54.360+0000] {task_command.py:467} INFO - Running <TaskInstance: etl_pipeline.pipeline.warehouse.step_1.load.categories manual__2024-09-25T11:05:57.968197+00:00 [running]> on host e10075799413
[2024-09-25T11:08:54.643+0000] {taskinstance.py:3131} INFO - Exporting env vars: AIRFLOW_CTX_DAG_OWNER='***' AIRFLOW_CTX_DAG_ID='etl_pipeline' AIRFLOW_CTX_TASK_ID='pipeline.warehouse.step_1.load.categories' AIRFLOW_CTX_EXECUTION_DATE='2024-09-25T11:05:57.968197+00:00' AIRFLOW_CTX_TRY_NUMBER='1' AIRFLOW_CTX_DAG_RUN_ID='manual__2024-09-25T11:05:57.968197+00:00'
[2024-09-25T11:08:54.646+0000] {taskinstance.py:731} INFO - ::endgroup::
[2024-09-25T11:08:54.682+0000] {base.py:84} INFO - Retrieving connection 'minio'
[2024-09-25T11:08:54.755+0000] {base.py:84} INFO - Retrieving connection 'warehouse_db'
[2024-09-25T11:08:54.850+0000] {python.py:240} INFO - Done. Returned value was: None
[2024-09-25T11:08:54.880+0000] {taskinstance.py:340} INFO - ::group::Post task execution logs
[2024-09-25T11:08:54.881+0000] {taskinstance.py:352} INFO - Marking task as SUCCESS. dag_id=etl_pipeline, task_id=pipeline.warehouse.step_1.load.categories, run_id=manual__2024-09-25T11:05:57.968197+00:00, execution_date=20240925T110557, start_date=20240925T110853, end_date=20240925T110854
[2024-09-25T11:08:55.136+0000] {local_task_job_runner.py:266} INFO - Task exited with return code 0
[2024-09-25T11:08:55.386+0000] {taskinstance.py:3900} INFO - 1 downstream tasks scheduled from follow-on schedule check
[2024-09-25T11:08:55.401+0000] {local_task_job_runner.py:245} INFO - ::endgroup::
