[2024-09-25T11:06:03.291+0000] {local_task_job_runner.py:123} INFO - ::group::Pre task execution logs
[2024-09-25T11:06:03.334+0000] {taskinstance.py:2612} INFO - Dependencies all met for dep_context=non-requeueable deps ti=<TaskInstance: etl_pipeline.pipeline.warehouse.step_2.extract_transform.order_status_analytic manual__2024-09-25T11:02:00.229060+00:00 [queued]>
[2024-09-25T11:06:03.381+0000] {taskinstance.py:2612} INFO - Dependencies all met for dep_context=requeueable deps ti=<TaskInstance: etl_pipeline.pipeline.warehouse.step_2.extract_transform.order_status_analytic manual__2024-09-25T11:02:00.229060+00:00 [queued]>
[2024-09-25T11:06:03.383+0000] {taskinstance.py:2865} INFO - Starting attempt 1 of 1
[2024-09-25T11:06:03.422+0000] {taskinstance.py:2888} INFO - Executing <Task(PythonOperator): pipeline.warehouse.step_2.extract_transform.order_status_analytic> on 2024-09-25 11:02:00.229060+00:00
[2024-09-25T11:06:03.439+0000] {warnings.py:112} WARNING - /home/***/.local/lib/python3.12/site-packages/***/task/task_runner/standard_task_runner.py:70: DeprecationWarning: This process (pid=470) is multi-threaded, use of fork() may lead to deadlocks in the child.
  pid = os.fork()

[2024-09-25T11:06:03.442+0000] {standard_task_runner.py:72} INFO - Started process 477 to run task
[2024-09-25T11:06:03.444+0000] {standard_task_runner.py:104} INFO - Running: ['***', 'tasks', 'run', 'etl_pipeline', 'pipeline.warehouse.step_2.extract_transform.order_status_analytic', 'manual__2024-09-25T11:02:00.229060+00:00', '--job-id', '132', '--raw', '--subdir', 'DAGS_FOLDER/etl_pipeline/run.py', '--cfg-path', '/tmp/tmpb7w42rec']
[2024-09-25T11:06:03.449+0000] {standard_task_runner.py:105} INFO - Job 132: Subtask pipeline.warehouse.step_2.extract_transform.order_status_analytic
[2024-09-25T11:06:03.569+0000] {task_command.py:467} INFO - Running <TaskInstance: etl_pipeline.pipeline.warehouse.step_2.extract_transform.order_status_analytic manual__2024-09-25T11:02:00.229060+00:00 [running]> on host e10075799413
[2024-09-25T11:06:03.813+0000] {taskinstance.py:3131} INFO - Exporting env vars: AIRFLOW_CTX_DAG_OWNER='***' AIRFLOW_CTX_DAG_ID='etl_pipeline' AIRFLOW_CTX_TASK_ID='pipeline.warehouse.step_2.extract_transform.order_status_analytic' AIRFLOW_CTX_EXECUTION_DATE='2024-09-25T11:02:00.229060+00:00' AIRFLOW_CTX_TRY_NUMBER='1' AIRFLOW_CTX_DAG_RUN_ID='manual__2024-09-25T11:02:00.229060+00:00'
[2024-09-25T11:06:03.822+0000] {taskinstance.py:731} INFO - ::endgroup::
[2024-09-25T11:06:03.871+0000] {base.py:84} INFO - Retrieving connection 'staging_db'
[2024-09-25T11:06:03.973+0000] {base.py:84} INFO - Retrieving connection 'warehouse_db'
[2024-09-25T11:06:04.427+0000] {base.py:84} INFO - Retrieving connection 'minio'
[2024-09-25T11:06:04.492+0000] {python.py:240} INFO - Done. Returned value was: None
[2024-09-25T11:06:04.517+0000] {taskinstance.py:340} INFO - ::group::Post task execution logs
[2024-09-25T11:06:04.519+0000] {taskinstance.py:352} INFO - Marking task as SUCCESS. dag_id=etl_pipeline, task_id=pipeline.warehouse.step_2.extract_transform.order_status_analytic, run_id=manual__2024-09-25T11:02:00.229060+00:00, execution_date=20240925T110200, start_date=20240925T110603, end_date=20240925T110604
[2024-09-25T11:06:04.617+0000] {local_task_job_runner.py:266} INFO - Task exited with return code 0
[2024-09-25T11:06:04.716+0000] {taskinstance.py:3900} INFO - 0 downstream tasks scheduled from follow-on schedule check
[2024-09-25T11:06:04.721+0000] {local_task_job_runner.py:245} INFO - ::endgroup::
