[2024-10-03T06:23:40.616+0000] {local_task_job_runner.py:123} INFO - ::group::Pre task execution logs
[2024-10-03T06:23:40.678+0000] {taskinstance.py:2612} INFO - Dependencies all met for dep_context=non-requeueable deps ti=<TaskInstance: sparking_flow.character_count_job manual__2024-10-03T06:23:11.446951+00:00 [queued]>
[2024-10-03T06:23:40.716+0000] {taskinstance.py:2612} INFO - Dependencies all met for dep_context=requeueable deps ti=<TaskInstance: sparking_flow.character_count_job manual__2024-10-03T06:23:11.446951+00:00 [queued]>
[2024-10-03T06:23:40.717+0000] {taskinstance.py:2865} INFO - Starting attempt 1 of 1
[2024-10-03T06:23:40.782+0000] {taskinstance.py:2888} INFO - Executing <Task(SparkSubmitOperator): character_count_job> on 2024-10-03 06:23:11.446951+00:00
[2024-10-03T06:23:40.808+0000] {standard_task_runner.py:104} INFO - Running: ['***', 'tasks', 'run', 'sparking_flow', 'character_count_job', 'manual__2024-10-03T06:23:11.446951+00:00', '--job-id', '13536', '--raw', '--subdir', 'DAGS_FOLDER/materi/test.py', '--cfg-path', '/tmp/tmpb2fs9z_l']
[2024-10-03T06:23:40.815+0000] {standard_task_runner.py:105} INFO - Job 13536: Subtask character_count_job
[2024-10-03T06:23:40.821+0000] {logging_mixin.py:190} WARNING - /home/***/.local/lib/python3.12/site-packages/***/task/task_runner/standard_task_runner.py:70 DeprecationWarning: This process (pid=4026) is multi-threaded, use of fork() may lead to deadlocks in the child.
[2024-10-03T06:23:40.823+0000] {standard_task_runner.py:72} INFO - Started process 4076 to run task
[2024-10-03T06:23:41.023+0000] {task_command.py:467} INFO - Running <TaskInstance: sparking_flow.character_count_job manual__2024-10-03T06:23:11.446951+00:00 [running]> on host 8c0d519f07a3
[2024-10-03T06:23:41.277+0000] {taskinstance.py:3131} INFO - Exporting env vars: AIRFLOW_CTX_DAG_OWNER='Yusuf Ganiyu' AIRFLOW_CTX_DAG_ID='sparking_flow' AIRFLOW_CTX_TASK_ID='character_count_job' AIRFLOW_CTX_EXECUTION_DATE='2024-10-03T06:23:11.446951+00:00' AIRFLOW_CTX_TRY_NUMBER='1' AIRFLOW_CTX_DAG_RUN_ID='manual__2024-10-03T06:23:11.446951+00:00'
[2024-10-03T06:23:41.279+0000] {taskinstance.py:731} INFO - ::endgroup::
[2024-10-03T06:23:41.338+0000] {base.py:84} INFO - Retrieving connection 'spark-conn'
[2024-10-03T06:23:41.342+0000] {spark_submit.py:335} INFO - Spark-Submit cmd: spark-submit --master spark://spark-master:7077 --name arrow-spark jobs/wordcountjob.py character_count_job Hello Spark Hello Python Hello Airflow Hello Docker and Hello Yusuf
[2024-10-03T06:23:41.533+0000] {spark_submit.py:488} INFO - /home/***/.local/lib/python3.12/site-packages/pyspark/bin/load-spark-env.sh: line 68: ps: command not found
[2024-10-03T06:23:48.798+0000] {spark_submit.py:488} INFO - 24/10/03 06:23:48 INFO SparkContext: Running Spark version 3.5.3
[2024-10-03T06:23:48.809+0000] {spark_submit.py:488} INFO - 24/10/03 06:23:48 INFO SparkContext: OS info Linux, 5.15.153.1-microsoft-standard-WSL2, amd64
[2024-10-03T06:23:48.811+0000] {spark_submit.py:488} INFO - 24/10/03 06:23:48 INFO SparkContext: Java version 17.0.12
[2024-10-03T06:23:48.931+0000] {spark_submit.py:488} INFO - 24/10/03 06:23:48 WARN NativeCodeLoader: Unable to load native-hadoop library for your platform... using builtin-java classes where applicable
[2024-10-03T06:23:49.145+0000] {spark_submit.py:488} INFO - 24/10/03 06:23:49 INFO ResourceUtils: ==============================================================
[2024-10-03T06:23:49.147+0000] {spark_submit.py:488} INFO - 24/10/03 06:23:49 INFO ResourceUtils: No custom resources configured for spark.driver.
[2024-10-03T06:23:49.148+0000] {spark_submit.py:488} INFO - 24/10/03 06:23:49 INFO ResourceUtils: ==============================================================
[2024-10-03T06:23:49.152+0000] {spark_submit.py:488} INFO - 24/10/03 06:23:49 INFO SparkContext: Submitted application: PythonCharacterCount
[2024-10-03T06:23:49.207+0000] {spark_submit.py:488} INFO - 24/10/03 06:23:49 INFO ResourceProfile: Default ResourceProfile created, executor resources: Map(memory -> name: memory, amount: 1024, script: , vendor: , offHeap -> name: offHeap, amount: 0, script: , vendor: ), task resources: Map(cpus -> name: cpus, amount: 1.0)
[2024-10-03T06:23:49.225+0000] {spark_submit.py:488} INFO - 24/10/03 06:23:49 INFO ResourceProfile: Limiting resource is cpu
[2024-10-03T06:23:49.228+0000] {spark_submit.py:488} INFO - 24/10/03 06:23:49 INFO ResourceProfileManager: Added ResourceProfile id: 0
[2024-10-03T06:23:49.344+0000] {spark_submit.py:488} INFO - 24/10/03 06:23:49 INFO SecurityManager: Changing view acls to: ***
[2024-10-03T06:23:49.346+0000] {spark_submit.py:488} INFO - 24/10/03 06:23:49 INFO SecurityManager: Changing modify acls to: ***
[2024-10-03T06:23:49.348+0000] {spark_submit.py:488} INFO - 24/10/03 06:23:49 INFO SecurityManager: Changing view acls groups to:
[2024-10-03T06:23:49.351+0000] {spark_submit.py:488} INFO - 24/10/03 06:23:49 INFO SecurityManager: Changing modify acls groups to:
[2024-10-03T06:23:49.352+0000] {spark_submit.py:488} INFO - 24/10/03 06:23:49 INFO SecurityManager: SecurityManager: authentication disabled; ui acls disabled; users with view permissions: ***; groups with view permissions: EMPTY; users with modify permissions: ***; groups with modify permissions: EMPTY
[2024-10-03T06:23:49.940+0000] {spark_submit.py:488} INFO - 24/10/03 06:23:49 INFO Utils: Successfully started service 'sparkDriver' on port 46371.
[2024-10-03T06:23:49.992+0000] {spark_submit.py:488} INFO - 24/10/03 06:23:49 INFO SparkEnv: Registering MapOutputTracker
[2024-10-03T06:23:50.063+0000] {spark_submit.py:488} INFO - 24/10/03 06:23:50 INFO SparkEnv: Registering BlockManagerMaster
[2024-10-03T06:23:50.103+0000] {spark_submit.py:488} INFO - 24/10/03 06:23:50 INFO BlockManagerMasterEndpoint: Using org.apache.spark.storage.DefaultTopologyMapper for getting topology information
[2024-10-03T06:23:50.105+0000] {spark_submit.py:488} INFO - 24/10/03 06:23:50 INFO BlockManagerMasterEndpoint: BlockManagerMasterEndpoint up
[2024-10-03T06:23:50.113+0000] {spark_submit.py:488} INFO - 24/10/03 06:23:50 INFO SparkEnv: Registering BlockManagerMasterHeartbeat
[2024-10-03T06:23:50.151+0000] {spark_submit.py:488} INFO - 24/10/03 06:23:50 INFO DiskBlockManager: Created local directory at /tmp/blockmgr-faf825cd-7ba6-4233-982d-29ac1039170e
[2024-10-03T06:23:50.176+0000] {spark_submit.py:488} INFO - 24/10/03 06:23:50 INFO MemoryStore: MemoryStore started with capacity 434.4 MiB
[2024-10-03T06:23:50.199+0000] {spark_submit.py:488} INFO - 24/10/03 06:23:50 INFO SparkEnv: Registering OutputCommitCoordinator
[2024-10-03T06:23:50.361+0000] {spark_submit.py:488} INFO - 24/10/03 06:23:50 INFO JettyUtils: Start Jetty 0.0.0.0:4040 for SparkUI
[2024-10-03T06:23:50.439+0000] {spark_submit.py:488} INFO - 24/10/03 06:23:50 INFO Utils: Successfully started service 'SparkUI' on port 4040.
[2024-10-03T06:23:50.768+0000] {spark_submit.py:488} INFO - 24/10/03 06:23:50 INFO StandaloneAppClient$ClientEndpoint: Connecting to master spark://spark-master:7077...
[2024-10-03T06:23:50.863+0000] {spark_submit.py:488} INFO - 24/10/03 06:23:50 INFO TransportClientFactory: Successfully created connection to spark-master/172.20.0.2:7077 after 58 ms (0 ms spent in bootstraps)
[2024-10-03T06:23:51.023+0000] {spark_submit.py:488} INFO - 24/10/03 06:23:51 INFO StandaloneSchedulerBackend: Connected to Spark cluster with app ID app-20241003062351-0001
[2024-10-03T06:23:51.037+0000] {spark_submit.py:488} INFO - 24/10/03 06:23:51 INFO StandaloneAppClient$ClientEndpoint: Executor added: app-20241003062351-0001/0 on worker-20241003061731-172.20.0.9-38803 (172.20.0.9:38803) with 2 core(s)
[2024-10-03T06:23:51.042+0000] {spark_submit.py:488} INFO - 24/10/03 06:23:51 INFO StandaloneSchedulerBackend: Granted executor ID app-20241003062351-0001/0 on hostPort 172.20.0.9:38803 with 2 core(s), 1024.0 MiB RAM
[2024-10-03T06:23:51.043+0000] {spark_submit.py:488} INFO - 24/10/03 06:23:51 INFO Utils: Successfully started service 'org.apache.spark.network.netty.NettyBlockTransferService' on port 45769.
[2024-10-03T06:23:51.044+0000] {spark_submit.py:488} INFO - 24/10/03 06:23:51 INFO NettyBlockTransferService: Server created on 8c0d519f07a3:45769
[2024-10-03T06:23:51.047+0000] {spark_submit.py:488} INFO - 24/10/03 06:23:51 INFO BlockManager: Using org.apache.spark.storage.RandomBlockReplicationPolicy for block replication policy
[2024-10-03T06:23:51.060+0000] {spark_submit.py:488} INFO - 24/10/03 06:23:51 INFO BlockManagerMaster: Registering BlockManager BlockManagerId(driver, 8c0d519f07a3, 45769, None)
[2024-10-03T06:23:51.070+0000] {spark_submit.py:488} INFO - 24/10/03 06:23:51 INFO BlockManagerMasterEndpoint: Registering block manager 8c0d519f07a3:45769 with 434.4 MiB RAM, BlockManagerId(driver, 8c0d519f07a3, 45769, None)
[2024-10-03T06:23:51.074+0000] {spark_submit.py:488} INFO - 24/10/03 06:23:51 INFO BlockManagerMaster: Registered BlockManager BlockManagerId(driver, 8c0d519f07a3, 45769, None)
[2024-10-03T06:23:51.077+0000] {spark_submit.py:488} INFO - 24/10/03 06:23:51 INFO BlockManager: Initialized BlockManager: BlockManagerId(driver, 8c0d519f07a3, 45769, None)
[2024-10-03T06:23:51.106+0000] {spark_submit.py:488} INFO - 24/10/03 06:23:51 INFO StandaloneAppClient$ClientEndpoint: Executor updated: app-20241003062351-0001/0 is now RUNNING
[2024-10-03T06:23:51.635+0000] {spark_submit.py:488} INFO - 24/10/03 06:23:51 INFO StandaloneSchedulerBackend: SchedulerBackend is ready for scheduling beginning after reached minRegisteredResourcesRatio: 0.0
[2024-10-03T06:23:53.019+0000] {spark_submit.py:488} INFO - 24/10/03 06:23:53 INFO SparkContext: Starting job: collect at /opt/***/jobs/wordcountjob.py:26
[2024-10-03T06:23:53.095+0000] {spark_submit.py:488} INFO - 24/10/03 06:23:53 INFO DAGScheduler: Registering RDD 2 (reduceByKey at /opt/***/jobs/wordcountjob.py:24) as input to shuffle 0
[2024-10-03T06:23:53.107+0000] {spark_submit.py:488} INFO - 24/10/03 06:23:53 INFO DAGScheduler: Got job 0 (collect at /opt/***/jobs/wordcountjob.py:26) with 2 output partitions
[2024-10-03T06:23:53.108+0000] {spark_submit.py:488} INFO - 24/10/03 06:23:53 INFO DAGScheduler: Final stage: ResultStage 1 (collect at /opt/***/jobs/wordcountjob.py:26)
[2024-10-03T06:23:53.110+0000] {spark_submit.py:488} INFO - 24/10/03 06:23:53 INFO DAGScheduler: Parents of final stage: List(ShuffleMapStage 0)
[2024-10-03T06:23:53.115+0000] {spark_submit.py:488} INFO - 24/10/03 06:23:53 INFO DAGScheduler: Missing parents: List(ShuffleMapStage 0)
[2024-10-03T06:23:53.126+0000] {spark_submit.py:488} INFO - 24/10/03 06:23:53 INFO DAGScheduler: Submitting ShuffleMapStage 0 (PairwiseRDD[2] at reduceByKey at /opt/***/jobs/wordcountjob.py:24), which has no missing parents
[2024-10-03T06:23:53.304+0000] {spark_submit.py:488} INFO - 24/10/03 06:23:53 INFO MemoryStore: Block broadcast_0 stored as values in memory (estimated size 11.0 KiB, free 434.4 MiB)
[2024-10-03T06:23:53.380+0000] {spark_submit.py:488} INFO - 24/10/03 06:23:53 INFO MemoryStore: Block broadcast_0_piece0 stored as bytes in memory (estimated size 7.0 KiB, free 434.4 MiB)
[2024-10-03T06:23:53.386+0000] {spark_submit.py:488} INFO - 24/10/03 06:23:53 INFO BlockManagerInfo: Added broadcast_0_piece0 in memory on 8c0d519f07a3:45769 (size: 7.0 KiB, free: 434.4 MiB)
[2024-10-03T06:23:53.395+0000] {spark_submit.py:488} INFO - 24/10/03 06:23:53 INFO SparkContext: Created broadcast 0 from broadcast at DAGScheduler.scala:1585
[2024-10-03T06:23:53.437+0000] {spark_submit.py:488} INFO - 24/10/03 06:23:53 INFO DAGScheduler: Submitting 2 missing tasks from ShuffleMapStage 0 (PairwiseRDD[2] at reduceByKey at /opt/***/jobs/wordcountjob.py:24) (first 15 tasks are for partitions Vector(0, 1))
[2024-10-03T06:23:53.439+0000] {spark_submit.py:488} INFO - 24/10/03 06:23:53 INFO TaskSchedulerImpl: Adding task set 0.0 with 2 tasks resource profile 0
[2024-10-03T06:23:55.902+0000] {spark_submit.py:488} INFO - 24/10/03 06:23:55 INFO StandaloneSchedulerBackend$StandaloneDriverEndpoint: Registered executor NettyRpcEndpointRef(spark-client://Executor) (172.20.0.9:55502) with ID 0,  ResourceProfileId 0
[2024-10-03T06:23:56.223+0000] {spark_submit.py:488} INFO - 24/10/03 06:23:56 INFO BlockManagerMasterEndpoint: Registering block manager 172.20.0.9:38039 with 434.4 MiB RAM, BlockManagerId(0, 172.20.0.9, 38039, None)
[2024-10-03T06:23:56.453+0000] {spark_submit.py:488} INFO - 24/10/03 06:23:56 INFO TaskSetManager: Starting task 0.0 in stage 0.0 (TID 0) (172.20.0.9, executor 0, partition 0, PROCESS_LOCAL, 9098 bytes)
[2024-10-03T06:23:56.467+0000] {spark_submit.py:488} INFO - 24/10/03 06:23:56 INFO TaskSetManager: Starting task 1.0 in stage 0.0 (TID 1) (172.20.0.9, executor 0, partition 1, PROCESS_LOCAL, 9127 bytes)
[2024-10-03T06:23:57.091+0000] {spark_submit.py:488} INFO - 24/10/03 06:23:57 INFO BlockManagerInfo: Added broadcast_0_piece0 in memory on 172.20.0.9:38039 (size: 7.0 KiB, free: 434.4 MiB)
[2024-10-03T06:23:58.989+0000] {spark_submit.py:488} INFO - 24/10/03 06:23:58 INFO TaskSetManager: Finished task 1.0 in stage 0.0 (TID 1) in 2525 ms on 172.20.0.9 (executor 0) (1/2)
[2024-10-03T06:23:58.994+0000] {spark_submit.py:488} INFO - 24/10/03 06:23:58 INFO TaskSetManager: Finished task 0.0 in stage 0.0 (TID 0) in 2587 ms on 172.20.0.9 (executor 0) (2/2)
[2024-10-03T06:23:58.996+0000] {spark_submit.py:488} INFO - 24/10/03 06:23:58 INFO TaskSchedulerImpl: Removed TaskSet 0.0, whose tasks have all completed, from pool
[2024-10-03T06:23:58.998+0000] {spark_submit.py:488} INFO - 24/10/03 06:23:58 INFO PythonAccumulatorV2: Connected to AccumulatorServer at host: 127.0.0.1 port: 60791
[2024-10-03T06:23:59.007+0000] {spark_submit.py:488} INFO - 24/10/03 06:23:59 INFO DAGScheduler: ShuffleMapStage 0 (reduceByKey at /opt/***/jobs/wordcountjob.py:24) finished in 5.843 s
[2024-10-03T06:23:59.008+0000] {spark_submit.py:488} INFO - 24/10/03 06:23:59 INFO DAGScheduler: looking for newly runnable stages
[2024-10-03T06:23:59.009+0000] {spark_submit.py:488} INFO - 24/10/03 06:23:59 INFO DAGScheduler: running: Set()
[2024-10-03T06:23:59.010+0000] {spark_submit.py:488} INFO - 24/10/03 06:23:59 INFO DAGScheduler: waiting: Set(ResultStage 1)
[2024-10-03T06:23:59.011+0000] {spark_submit.py:488} INFO - 24/10/03 06:23:59 INFO DAGScheduler: failed: Set()
[2024-10-03T06:23:59.016+0000] {spark_submit.py:488} INFO - 24/10/03 06:23:59 INFO DAGScheduler: Submitting ResultStage 1 (PythonRDD[5] at collect at /opt/***/jobs/wordcountjob.py:26), which has no missing parents
[2024-10-03T06:23:59.033+0000] {spark_submit.py:488} INFO - 24/10/03 06:23:59 INFO MemoryStore: Block broadcast_1 stored as values in memory (estimated size 10.1 KiB, free 434.4 MiB)
[2024-10-03T06:23:59.036+0000] {spark_submit.py:488} INFO - 24/10/03 06:23:59 INFO MemoryStore: Block broadcast_1_piece0 stored as bytes in memory (estimated size 6.1 KiB, free 434.4 MiB)
[2024-10-03T06:23:59.037+0000] {spark_submit.py:488} INFO - 24/10/03 06:23:59 INFO BlockManagerInfo: Added broadcast_1_piece0 in memory on 8c0d519f07a3:45769 (size: 6.1 KiB, free: 434.4 MiB)
[2024-10-03T06:23:59.038+0000] {spark_submit.py:488} INFO - 24/10/03 06:23:59 INFO SparkContext: Created broadcast 1 from broadcast at DAGScheduler.scala:1585
[2024-10-03T06:23:59.041+0000] {spark_submit.py:488} INFO - 24/10/03 06:23:59 INFO DAGScheduler: Submitting 2 missing tasks from ResultStage 1 (PythonRDD[5] at collect at /opt/***/jobs/wordcountjob.py:26) (first 15 tasks are for partitions Vector(0, 1))
[2024-10-03T06:23:59.041+0000] {spark_submit.py:488} INFO - 24/10/03 06:23:59 INFO TaskSchedulerImpl: Adding task set 1.0 with 2 tasks resource profile 0
[2024-10-03T06:23:59.049+0000] {spark_submit.py:488} INFO - 24/10/03 06:23:59 INFO TaskSetManager: Starting task 0.0 in stage 1.0 (TID 2) (172.20.0.9, executor 0, partition 0, NODE_LOCAL, 8821 bytes)
[2024-10-03T06:23:59.052+0000] {spark_submit.py:488} INFO - 24/10/03 06:23:59 INFO TaskSetManager: Starting task 1.0 in stage 1.0 (TID 3) (172.20.0.9, executor 0, partition 1, NODE_LOCAL, 8821 bytes)
[2024-10-03T06:23:59.086+0000] {spark_submit.py:488} INFO - 24/10/03 06:23:59 INFO BlockManagerInfo: Added broadcast_1_piece0 in memory on 172.20.0.9:38039 (size: 6.1 KiB, free: 434.4 MiB)
[2024-10-03T06:23:59.181+0000] {spark_submit.py:488} INFO - 24/10/03 06:23:59 INFO MapOutputTrackerMasterEndpoint: Asked to send map output locations for shuffle 0 to 172.20.0.9:55502
[2024-10-03T06:23:59.491+0000] {spark_submit.py:488} INFO - 24/10/03 06:23:59 INFO TaskSetManager: Finished task 1.0 in stage 1.0 (TID 3) in 441 ms on 172.20.0.9 (executor 0) (1/2)
[2024-10-03T06:23:59.493+0000] {spark_submit.py:488} INFO - 24/10/03 06:23:59 INFO TaskSetManager: Finished task 0.0 in stage 1.0 (TID 2) in 447 ms on 172.20.0.9 (executor 0) (2/2)
[2024-10-03T06:23:59.493+0000] {spark_submit.py:488} INFO - 24/10/03 06:23:59 INFO TaskSchedulerImpl: Removed TaskSet 1.0, whose tasks have all completed, from pool
[2024-10-03T06:23:59.497+0000] {spark_submit.py:488} INFO - 24/10/03 06:23:59 INFO DAGScheduler: ResultStage 1 (collect at /opt/***/jobs/wordcountjob.py:26) finished in 0.467 s
[2024-10-03T06:23:59.501+0000] {spark_submit.py:488} INFO - 24/10/03 06:23:59 INFO DAGScheduler: Job 0 is finished. Cancelling potential speculative or zombie tasks for this job
[2024-10-03T06:23:59.502+0000] {spark_submit.py:488} INFO - 24/10/03 06:23:59 INFO TaskSchedulerImpl: Killing all running tasks in stage 1: Stage finished
[2024-10-03T06:23:59.505+0000] {spark_submit.py:488} INFO - 24/10/03 06:23:59 INFO DAGScheduler: Job 0 finished: collect at /opt/***/jobs/wordcountjob.py:26, took 6.485447 s
[2024-10-03T06:23:59.531+0000] {spark_submit.py:488} INFO - l: 11
[2024-10-03T06:23:59.532+0000] {spark_submit.py:488} INFO - o: 8
[2024-10-03T06:23:59.532+0000] {spark_submit.py:488} INFO - : 10
[2024-10-03T06:23:59.532+0000] {spark_submit.py:488} INFO - S: 1
[2024-10-03T06:23:59.533+0000] {spark_submit.py:488} INFO - p: 1
[2024-10-03T06:23:59.533+0000] {spark_submit.py:488} INFO - t: 1
[2024-10-03T06:23:59.533+0000] {spark_submit.py:488} INFO - A: 1
[2024-10-03T06:23:59.534+0000] {spark_submit.py:488} INFO - D: 1
[2024-10-03T06:23:59.534+0000] {spark_submit.py:488} INFO - c: 1
[2024-10-03T06:23:59.534+0000] {spark_submit.py:488} INFO - d: 1
[2024-10-03T06:23:59.535+0000] {spark_submit.py:488} INFO - H: 5
[2024-10-03T06:23:59.535+0000] {spark_submit.py:488} INFO - e: 6
[2024-10-03T06:23:59.536+0000] {spark_submit.py:488} INFO - a: 2
[2024-10-03T06:23:59.536+0000] {spark_submit.py:488} INFO - r: 3
[2024-10-03T06:23:59.536+0000] {spark_submit.py:488} INFO - k: 2
[2024-10-03T06:23:59.537+0000] {spark_submit.py:488} INFO - P: 1
[2024-10-03T06:23:59.537+0000] {spark_submit.py:488} INFO - y: 1
[2024-10-03T06:23:59.537+0000] {spark_submit.py:488} INFO - h: 1
[2024-10-03T06:23:59.538+0000] {spark_submit.py:488} INFO - n: 2
[2024-10-03T06:23:59.538+0000] {spark_submit.py:488} INFO - i: 1
[2024-10-03T06:23:59.539+0000] {spark_submit.py:488} INFO - f: 2
[2024-10-03T06:23:59.539+0000] {spark_submit.py:488} INFO - w: 1
[2024-10-03T06:23:59.539+0000] {spark_submit.py:488} INFO - Y: 1
[2024-10-03T06:23:59.539+0000] {spark_submit.py:488} INFO - u: 2
[2024-10-03T06:23:59.540+0000] {spark_submit.py:488} INFO - s: 1
[2024-10-03T06:23:59.540+0000] {spark_submit.py:488} INFO - 24/10/03 06:23:59 INFO SparkContext: SparkContext is stopping with exitCode 0.
[2024-10-03T06:23:59.547+0000] {spark_submit.py:488} INFO - 24/10/03 06:23:59 INFO SparkUI: Stopped Spark web UI at http://8c0d519f07a3:4040
[2024-10-03T06:23:59.552+0000] {spark_submit.py:488} INFO - 24/10/03 06:23:59 INFO StandaloneSchedulerBackend: Shutting down all executors
[2024-10-03T06:23:59.553+0000] {spark_submit.py:488} INFO - 24/10/03 06:23:59 INFO StandaloneSchedulerBackend$StandaloneDriverEndpoint: Asking each executor to shut down
[2024-10-03T06:23:59.585+0000] {spark_submit.py:488} INFO - 24/10/03 06:23:59 INFO MapOutputTrackerMasterEndpoint: MapOutputTrackerMasterEndpoint stopped!
[2024-10-03T06:23:59.626+0000] {spark_submit.py:488} INFO - 24/10/03 06:23:59 INFO MemoryStore: MemoryStore cleared
[2024-10-03T06:23:59.628+0000] {spark_submit.py:488} INFO - 24/10/03 06:23:59 INFO BlockManager: BlockManager stopped
[2024-10-03T06:23:59.644+0000] {spark_submit.py:488} INFO - 24/10/03 06:23:59 INFO BlockManagerMaster: BlockManagerMaster stopped
[2024-10-03T06:23:59.648+0000] {spark_submit.py:488} INFO - 24/10/03 06:23:59 INFO OutputCommitCoordinator$OutputCommitCoordinatorEndpoint: OutputCommitCoordinator stopped!
[2024-10-03T06:23:59.665+0000] {spark_submit.py:488} INFO - 24/10/03 06:23:59 INFO SparkContext: Successfully stopped SparkContext
[2024-10-03T06:24:00.563+0000] {spark_submit.py:488} INFO - 24/10/03 06:24:00 INFO ShutdownHookManager: Shutdown hook called
[2024-10-03T06:24:00.564+0000] {spark_submit.py:488} INFO - 24/10/03 06:24:00 INFO ShutdownHookManager: Deleting directory /tmp/spark-6009df90-3dac-42f7-8e84-4e4adfac8669
[2024-10-03T06:24:00.567+0000] {spark_submit.py:488} INFO - 24/10/03 06:24:00 INFO ShutdownHookManager: Deleting directory /tmp/spark-0f4194aa-ece2-48a3-8572-17319a7613c3
[2024-10-03T06:24:00.569+0000] {spark_submit.py:488} INFO - 24/10/03 06:24:00 INFO ShutdownHookManager: Deleting directory /tmp/spark-0f4194aa-ece2-48a3-8572-17319a7613c3/pyspark-7a9abaf6-a4b9-40d0-b4a6-3eb182a9c4ce
[2024-10-03T06:24:00.632+0000] {taskinstance.py:340} INFO - ::group::Post task execution logs
[2024-10-03T06:24:00.633+0000] {taskinstance.py:352} INFO - Marking task as SUCCESS. dag_id=sparking_flow, task_id=character_count_job, run_id=manual__2024-10-03T06:23:11.446951+00:00, execution_date=20241003T062311, start_date=20241003T062340, end_date=20241003T062400
[2024-10-03T06:24:00.667+0000] {local_task_job_runner.py:266} INFO - Task exited with return code 0
[2024-10-03T06:24:00.697+0000] {taskinstance.py:3900} INFO - 1 downstream tasks scheduled from follow-on schedule check
[2024-10-03T06:24:00.699+0000] {local_task_job_runner.py:245} INFO - ::endgroup::
