[2024-10-03T07:00:51.009+0000] {local_task_job_runner.py:123} INFO - ::group::Pre task execution logs
[2024-10-03T07:00:51.042+0000] {taskinstance.py:2612} INFO - Dependencies all met for dep_context=non-requeueable deps ti=<TaskInstance: sparking_flow.wordcount_job manual__2024-10-03T06:58:49.082336+00:00 [queued]>
[2024-10-03T07:00:51.058+0000] {taskinstance.py:2612} INFO - Dependencies all met for dep_context=requeueable deps ti=<TaskInstance: sparking_flow.wordcount_job manual__2024-10-03T06:58:49.082336+00:00 [queued]>
[2024-10-03T07:00:51.059+0000] {taskinstance.py:2865} INFO - Starting attempt 2 of 2
[2024-10-03T07:00:51.080+0000] {taskinstance.py:2888} INFO - Executing <Task(SparkSubmitOperator): wordcount_job> on 2024-10-03 06:58:49.082336+00:00
[2024-10-03T07:00:51.089+0000] {standard_task_runner.py:104} INFO - Running: ['***', 'tasks', 'run', 'sparking_flow', 'wordcount_job', 'manual__2024-10-03T06:58:49.082336+00:00', '--job-id', '13549', '--raw', '--subdir', 'DAGS_FOLDER/materi/test.py', '--cfg-path', '/tmp/tmpa8fhozgq']
[2024-10-03T07:00:51.093+0000] {standard_task_runner.py:105} INFO - Job 13549: Subtask wordcount_job
[2024-10-03T07:00:51.094+0000] {logging_mixin.py:190} WARNING - /home/***/.local/lib/python3.12/site-packages/***/task/task_runner/standard_task_runner.py:70 DeprecationWarning: This process (pid=24678) is multi-threaded, use of fork() may lead to deadlocks in the child.
[2024-10-03T07:00:51.095+0000] {standard_task_runner.py:72} INFO - Started process 24679 to run task
[2024-10-03T07:00:51.169+0000] {task_command.py:467} INFO - Running <TaskInstance: sparking_flow.wordcount_job manual__2024-10-03T06:58:49.082336+00:00 [running]> on host 8c0d519f07a3
[2024-10-03T07:00:51.321+0000] {taskinstance.py:3131} INFO - Exporting env vars: AIRFLOW_CTX_DAG_OWNER='Yusuf Ganiyu' AIRFLOW_CTX_DAG_ID='sparking_flow' AIRFLOW_CTX_TASK_ID='wordcount_job' AIRFLOW_CTX_EXECUTION_DATE='2024-10-03T06:58:49.082336+00:00' AIRFLOW_CTX_TRY_NUMBER='2' AIRFLOW_CTX_DAG_RUN_ID='manual__2024-10-03T06:58:49.082336+00:00'
[2024-10-03T07:00:51.322+0000] {taskinstance.py:731} INFO - ::endgroup::
[2024-10-03T07:00:51.358+0000] {base.py:84} INFO - Retrieving connection 'spark-conn'
[2024-10-03T07:00:51.360+0000] {spark_submit.py:335} INFO - Spark-Submit cmd: spark-submit --master spark://spark-master:7077 --name arrow-spark jobs/wordcountjob.py wordcountjob Hello Spark Hello Python Hello Airflow Hello Docker and Hello Yusuf
[2024-10-03T07:00:51.416+0000] {spark_submit.py:488} INFO - /home/***/.local/lib/python3.12/site-packages/pyspark/bin/load-spark-env.sh: line 68: ps: command not found
[2024-10-03T07:00:56.504+0000] {spark_submit.py:488} INFO - 24/10/03 07:00:56 INFO SparkContext: Running Spark version 3.5.3
[2024-10-03T07:00:56.512+0000] {spark_submit.py:488} INFO - 24/10/03 07:00:56 INFO SparkContext: OS info Linux, 5.15.153.1-microsoft-standard-WSL2, amd64
[2024-10-03T07:00:56.513+0000] {spark_submit.py:488} INFO - 24/10/03 07:00:56 INFO SparkContext: Java version 17.0.12
[2024-10-03T07:00:56.678+0000] {spark_submit.py:488} INFO - 24/10/03 07:00:56 WARN NativeCodeLoader: Unable to load native-hadoop library for your platform... using builtin-java classes where applicable
[2024-10-03T07:00:56.860+0000] {spark_submit.py:488} INFO - 24/10/03 07:00:56 INFO ResourceUtils: ==============================================================
[2024-10-03T07:00:56.862+0000] {spark_submit.py:488} INFO - 24/10/03 07:00:56 INFO ResourceUtils: No custom resources configured for spark.driver.
[2024-10-03T07:00:56.863+0000] {spark_submit.py:488} INFO - 24/10/03 07:00:56 INFO ResourceUtils: ==============================================================
[2024-10-03T07:00:56.864+0000] {spark_submit.py:488} INFO - 24/10/03 07:00:56 INFO SparkContext: Submitted application: PythonWordCount
[2024-10-03T07:00:56.902+0000] {spark_submit.py:488} INFO - 24/10/03 07:00:56 INFO ResourceProfile: Default ResourceProfile created, executor resources: Map(memory -> name: memory, amount: 1024, script: , vendor: , offHeap -> name: offHeap, amount: 0, script: , vendor: ), task resources: Map(cpus -> name: cpus, amount: 1.0)
[2024-10-03T07:00:56.918+0000] {spark_submit.py:488} INFO - 24/10/03 07:00:56 INFO ResourceProfile: Limiting resource is cpu
[2024-10-03T07:00:56.920+0000] {spark_submit.py:488} INFO - 24/10/03 07:00:56 INFO ResourceProfileManager: Added ResourceProfile id: 0
[2024-10-03T07:00:57.010+0000] {spark_submit.py:488} INFO - 24/10/03 07:00:57 INFO SecurityManager: Changing view acls to: ***
[2024-10-03T07:00:57.012+0000] {spark_submit.py:488} INFO - 24/10/03 07:00:57 INFO SecurityManager: Changing modify acls to: ***
[2024-10-03T07:00:57.013+0000] {spark_submit.py:488} INFO - 24/10/03 07:00:57 INFO SecurityManager: Changing view acls groups to:
[2024-10-03T07:00:57.015+0000] {spark_submit.py:488} INFO - 24/10/03 07:00:57 INFO SecurityManager: Changing modify acls groups to:
[2024-10-03T07:00:57.017+0000] {spark_submit.py:488} INFO - 24/10/03 07:00:57 INFO SecurityManager: SecurityManager: authentication disabled; ui acls disabled; users with view permissions: ***; groups with view permissions: EMPTY; users with modify permissions: ***; groups with modify permissions: EMPTY
[2024-10-03T07:00:57.568+0000] {spark_submit.py:488} INFO - 24/10/03 07:00:57 INFO Utils: Successfully started service 'sparkDriver' on port 36123.
[2024-10-03T07:00:57.627+0000] {spark_submit.py:488} INFO - 24/10/03 07:00:57 INFO SparkEnv: Registering MapOutputTracker
[2024-10-03T07:00:57.695+0000] {spark_submit.py:488} INFO - 24/10/03 07:00:57 INFO SparkEnv: Registering BlockManagerMaster
[2024-10-03T07:00:57.732+0000] {spark_submit.py:488} INFO - 24/10/03 07:00:57 INFO BlockManagerMasterEndpoint: Using org.apache.spark.storage.DefaultTopologyMapper for getting topology information
[2024-10-03T07:00:57.734+0000] {spark_submit.py:488} INFO - 24/10/03 07:00:57 INFO BlockManagerMasterEndpoint: BlockManagerMasterEndpoint up
[2024-10-03T07:00:57.746+0000] {spark_submit.py:488} INFO - 24/10/03 07:00:57 INFO SparkEnv: Registering BlockManagerMasterHeartbeat
[2024-10-03T07:00:57.792+0000] {spark_submit.py:488} INFO - 24/10/03 07:00:57 INFO DiskBlockManager: Created local directory at /tmp/blockmgr-b40a80a5-82d4-4ac5-8d25-0be46ce9cb1f
[2024-10-03T07:00:57.839+0000] {spark_submit.py:488} INFO - 24/10/03 07:00:57 INFO MemoryStore: MemoryStore started with capacity 434.4 MiB
[2024-10-03T07:00:57.872+0000] {spark_submit.py:488} INFO - 24/10/03 07:00:57 INFO SparkEnv: Registering OutputCommitCoordinator
[2024-10-03T07:00:58.092+0000] {spark_submit.py:488} INFO - 24/10/03 07:00:58 INFO JettyUtils: Start Jetty 0.0.0.0:4040 for SparkUI
[2024-10-03T07:00:58.204+0000] {spark_submit.py:488} INFO - 24/10/03 07:00:58 INFO Utils: Successfully started service 'SparkUI' on port 4040.
[2024-10-03T07:00:58.480+0000] {spark_submit.py:488} INFO - 24/10/03 07:00:58 INFO StandaloneAppClient$ClientEndpoint: Connecting to master spark://spark-master:7077...
[2024-10-03T07:00:58.563+0000] {spark_submit.py:488} INFO - 24/10/03 07:00:58 INFO TransportClientFactory: Successfully created connection to spark-master/172.20.0.2:7077 after 48 ms (0 ms spent in bootstraps)
[2024-10-03T07:00:58.741+0000] {spark_submit.py:488} INFO - 24/10/03 07:00:58 INFO StandaloneSchedulerBackend: Connected to Spark cluster with app ID app-20241003070058-0008
[2024-10-03T07:00:58.753+0000] {spark_submit.py:488} INFO - 24/10/03 07:00:58 INFO StandaloneAppClient$ClientEndpoint: Executor added: app-20241003070058-0008/0 on worker-20241003061731-172.20.0.9-38803 (172.20.0.9:38803) with 2 core(s)
[2024-10-03T07:00:58.763+0000] {spark_submit.py:488} INFO - 24/10/03 07:00:58 INFO StandaloneSchedulerBackend: Granted executor ID app-20241003070058-0008/0 on hostPort 172.20.0.9:38803 with 2 core(s), 1024.0 MiB RAM
[2024-10-03T07:00:58.764+0000] {spark_submit.py:488} INFO - 24/10/03 07:00:58 INFO Utils: Successfully started service 'org.apache.spark.network.netty.NettyBlockTransferService' on port 35171.
[2024-10-03T07:00:58.764+0000] {spark_submit.py:488} INFO - 24/10/03 07:00:58 INFO NettyBlockTransferService: Server created on 8c0d519f07a3:35171
[2024-10-03T07:00:58.768+0000] {spark_submit.py:488} INFO - 24/10/03 07:00:58 INFO BlockManager: Using org.apache.spark.storage.RandomBlockReplicationPolicy for block replication policy
[2024-10-03T07:00:58.781+0000] {spark_submit.py:488} INFO - 24/10/03 07:00:58 INFO BlockManagerMaster: Registering BlockManager BlockManagerId(driver, 8c0d519f07a3, 35171, None)
[2024-10-03T07:00:58.787+0000] {spark_submit.py:488} INFO - 24/10/03 07:00:58 INFO BlockManagerMasterEndpoint: Registering block manager 8c0d519f07a3:35171 with 434.4 MiB RAM, BlockManagerId(driver, 8c0d519f07a3, 35171, None)
[2024-10-03T07:00:58.792+0000] {spark_submit.py:488} INFO - 24/10/03 07:00:58 INFO BlockManagerMaster: Registered BlockManager BlockManagerId(driver, 8c0d519f07a3, 35171, None)
[2024-10-03T07:00:58.796+0000] {spark_submit.py:488} INFO - 24/10/03 07:00:58 INFO BlockManager: Initialized BlockManager: BlockManagerId(driver, 8c0d519f07a3, 35171, None)
[2024-10-03T07:00:58.845+0000] {spark_submit.py:488} INFO - 24/10/03 07:00:58 INFO StandaloneAppClient$ClientEndpoint: Executor updated: app-20241003070058-0008/0 is now RUNNING
[2024-10-03T07:00:59.396+0000] {spark_submit.py:488} INFO - 24/10/03 07:00:59 INFO StandaloneSchedulerBackend: SchedulerBackend is ready for scheduling beginning after reached minRegisteredResourcesRatio: 0.0
[2024-10-03T07:01:01.167+0000] {spark_submit.py:488} INFO - 24/10/03 07:01:01 INFO SparkContext: Starting job: collect at /opt/***/jobs/wordcountjob.py:14
[2024-10-03T07:01:01.252+0000] {spark_submit.py:488} INFO - 24/10/03 07:01:01 INFO DAGScheduler: Registering RDD 2 (reduceByKey at /opt/***/jobs/wordcountjob.py:12) as input to shuffle 0
[2024-10-03T07:01:01.265+0000] {spark_submit.py:488} INFO - 24/10/03 07:01:01 INFO DAGScheduler: Got job 0 (collect at /opt/***/jobs/wordcountjob.py:14) with 2 output partitions
[2024-10-03T07:01:01.266+0000] {spark_submit.py:488} INFO - 24/10/03 07:01:01 INFO DAGScheduler: Final stage: ResultStage 1 (collect at /opt/***/jobs/wordcountjob.py:14)
[2024-10-03T07:01:01.268+0000] {spark_submit.py:488} INFO - 24/10/03 07:01:01 INFO DAGScheduler: Parents of final stage: List(ShuffleMapStage 0)
[2024-10-03T07:01:01.277+0000] {spark_submit.py:488} INFO - 24/10/03 07:01:01 INFO DAGScheduler: Missing parents: List(ShuffleMapStage 0)
[2024-10-03T07:01:01.314+0000] {spark_submit.py:488} INFO - 24/10/03 07:01:01 INFO DAGScheduler: Submitting ShuffleMapStage 0 (PairwiseRDD[2] at reduceByKey at /opt/***/jobs/wordcountjob.py:12), which has no missing parents
[2024-10-03T07:01:01.647+0000] {spark_submit.py:488} INFO - 24/10/03 07:01:01 INFO MemoryStore: Block broadcast_0 stored as values in memory (estimated size 11.0 KiB, free 434.4 MiB)
[2024-10-03T07:01:01.720+0000] {spark_submit.py:488} INFO - 24/10/03 07:01:01 INFO MemoryStore: Block broadcast_0_piece0 stored as bytes in memory (estimated size 7.0 KiB, free 434.4 MiB)
[2024-10-03T07:01:01.728+0000] {spark_submit.py:488} INFO - 24/10/03 07:01:01 INFO BlockManagerInfo: Added broadcast_0_piece0 in memory on 8c0d519f07a3:35171 (size: 7.0 KiB, free: 434.4 MiB)
[2024-10-03T07:01:01.742+0000] {spark_submit.py:488} INFO - 24/10/03 07:01:01 INFO SparkContext: Created broadcast 0 from broadcast at DAGScheduler.scala:1585
[2024-10-03T07:01:01.784+0000] {spark_submit.py:488} INFO - 24/10/03 07:01:01 INFO DAGScheduler: Submitting 2 missing tasks from ShuffleMapStage 0 (PairwiseRDD[2] at reduceByKey at /opt/***/jobs/wordcountjob.py:12) (first 15 tasks are for partitions Vector(0, 1))
[2024-10-03T07:01:01.790+0000] {spark_submit.py:488} INFO - 24/10/03 07:01:01 INFO TaskSchedulerImpl: Adding task set 0.0 with 2 tasks resource profile 0
[2024-10-03T07:01:04.504+0000] {spark_submit.py:488} INFO - 24/10/03 07:01:04 INFO StandaloneSchedulerBackend$StandaloneDriverEndpoint: Registered executor NettyRpcEndpointRef(spark-client://Executor) (172.20.0.9:55110) with ID 0,  ResourceProfileId 0
[2024-10-03T07:01:04.683+0000] {spark_submit.py:488} INFO - 24/10/03 07:01:04 INFO BlockManagerMasterEndpoint: Registering block manager 172.20.0.9:42823 with 434.4 MiB RAM, BlockManagerId(0, 172.20.0.9, 42823, None)
[2024-10-03T07:01:04.818+0000] {spark_submit.py:488} INFO - 24/10/03 07:01:04 INFO TaskSetManager: Starting task 0.0 in stage 0.0 (TID 0) (172.20.0.9, executor 0, partition 0, PROCESS_LOCAL, 9039 bytes)
[2024-10-03T07:01:04.831+0000] {spark_submit.py:488} INFO - 24/10/03 07:01:04 INFO TaskSetManager: Starting task 1.0 in stage 0.0 (TID 1) (172.20.0.9, executor 0, partition 1, PROCESS_LOCAL, 9072 bytes)
[2024-10-03T07:01:05.373+0000] {spark_submit.py:488} INFO - 24/10/03 07:01:05 INFO BlockManagerInfo: Added broadcast_0_piece0 in memory on 172.20.0.9:42823 (size: 7.0 KiB, free: 434.4 MiB)
[2024-10-03T07:01:07.764+0000] {spark_submit.py:488} INFO - 24/10/03 07:01:07 INFO TaskSetManager: Finished task 0.0 in stage 0.0 (TID 0) in 2969 ms on 172.20.0.9 (executor 0) (1/2)
[2024-10-03T07:01:07.766+0000] {spark_submit.py:488} INFO - 24/10/03 07:01:07 INFO TaskSetManager: Finished task 1.0 in stage 0.0 (TID 1) in 2936 ms on 172.20.0.9 (executor 0) (2/2)
[2024-10-03T07:01:07.767+0000] {spark_submit.py:488} INFO - 24/10/03 07:01:07 INFO TaskSchedulerImpl: Removed TaskSet 0.0, whose tasks have all completed, from pool
[2024-10-03T07:01:07.777+0000] {spark_submit.py:488} INFO - 24/10/03 07:01:07 INFO PythonAccumulatorV2: Connected to AccumulatorServer at host: 127.0.0.1 port: 49893
[2024-10-03T07:01:07.791+0000] {spark_submit.py:488} INFO - 24/10/03 07:01:07 INFO DAGScheduler: ShuffleMapStage 0 (reduceByKey at /opt/***/jobs/wordcountjob.py:12) finished in 6.391 s
[2024-10-03T07:01:07.792+0000] {spark_submit.py:488} INFO - 24/10/03 07:01:07 INFO DAGScheduler: looking for newly runnable stages
[2024-10-03T07:01:07.793+0000] {spark_submit.py:488} INFO - 24/10/03 07:01:07 INFO DAGScheduler: running: Set()
[2024-10-03T07:01:07.794+0000] {spark_submit.py:488} INFO - 24/10/03 07:01:07 INFO DAGScheduler: waiting: Set(ResultStage 1)
[2024-10-03T07:01:07.795+0000] {spark_submit.py:488} INFO - 24/10/03 07:01:07 INFO DAGScheduler: failed: Set()
[2024-10-03T07:01:07.805+0000] {spark_submit.py:488} INFO - 24/10/03 07:01:07 INFO DAGScheduler: Submitting ResultStage 1 (PythonRDD[5] at collect at /opt/***/jobs/wordcountjob.py:14), which has no missing parents
[2024-10-03T07:01:07.825+0000] {spark_submit.py:488} INFO - 24/10/03 07:01:07 INFO MemoryStore: Block broadcast_1 stored as values in memory (estimated size 10.0 KiB, free 434.4 MiB)
[2024-10-03T07:01:07.828+0000] {spark_submit.py:488} INFO - 24/10/03 07:01:07 INFO MemoryStore: Block broadcast_1_piece0 stored as bytes in memory (estimated size 6.0 KiB, free 434.4 MiB)
[2024-10-03T07:01:07.829+0000] {spark_submit.py:488} INFO - 24/10/03 07:01:07 INFO BlockManagerInfo: Added broadcast_1_piece0 in memory on 8c0d519f07a3:35171 (size: 6.0 KiB, free: 434.4 MiB)
[2024-10-03T07:01:07.831+0000] {spark_submit.py:488} INFO - 24/10/03 07:01:07 INFO SparkContext: Created broadcast 1 from broadcast at DAGScheduler.scala:1585
[2024-10-03T07:01:07.834+0000] {spark_submit.py:488} INFO - 24/10/03 07:01:07 INFO DAGScheduler: Submitting 2 missing tasks from ResultStage 1 (PythonRDD[5] at collect at /opt/***/jobs/wordcountjob.py:14) (first 15 tasks are for partitions Vector(0, 1))
[2024-10-03T07:01:07.835+0000] {spark_submit.py:488} INFO - 24/10/03 07:01:07 INFO TaskSchedulerImpl: Adding task set 1.0 with 2 tasks resource profile 0
[2024-10-03T07:01:07.848+0000] {spark_submit.py:488} INFO - 24/10/03 07:01:07 INFO TaskSetManager: Starting task 0.0 in stage 1.0 (TID 2) (172.20.0.9, executor 0, partition 0, NODE_LOCAL, 8821 bytes)
[2024-10-03T07:01:07.849+0000] {spark_submit.py:488} INFO - 24/10/03 07:01:07 INFO TaskSetManager: Starting task 1.0 in stage 1.0 (TID 3) (172.20.0.9, executor 0, partition 1, NODE_LOCAL, 8821 bytes)
[2024-10-03T07:01:07.898+0000] {spark_submit.py:488} INFO - 24/10/03 07:01:07 INFO BlockManagerInfo: Added broadcast_1_piece0 in memory on 172.20.0.9:42823 (size: 6.0 KiB, free: 434.4 MiB)
[2024-10-03T07:01:08.031+0000] {spark_submit.py:488} INFO - 24/10/03 07:01:08 INFO MapOutputTrackerMasterEndpoint: Asked to send map output locations for shuffle 0 to 172.20.0.9:55110
[2024-10-03T07:01:08.450+0000] {spark_submit.py:488} INFO - 24/10/03 07:01:08 INFO TaskSetManager: Finished task 1.0 in stage 1.0 (TID 3) in 601 ms on 172.20.0.9 (executor 0) (1/2)
[2024-10-03T07:01:08.456+0000] {spark_submit.py:488} INFO - 24/10/03 07:01:08 INFO TaskSetManager: Finished task 0.0 in stage 1.0 (TID 2) in 613 ms on 172.20.0.9 (executor 0) (2/2)
[2024-10-03T07:01:08.456+0000] {spark_submit.py:488} INFO - 24/10/03 07:01:08 INFO TaskSchedulerImpl: Removed TaskSet 1.0, whose tasks have all completed, from pool
[2024-10-03T07:01:08.460+0000] {spark_submit.py:488} INFO - 24/10/03 07:01:08 INFO DAGScheduler: ResultStage 1 (collect at /opt/***/jobs/wordcountjob.py:14) finished in 0.642 s
[2024-10-03T07:01:08.467+0000] {spark_submit.py:488} INFO - 24/10/03 07:01:08 INFO DAGScheduler: Job 0 is finished. Cancelling potential speculative or zombie tasks for this job
[2024-10-03T07:01:08.472+0000] {spark_submit.py:488} INFO - 24/10/03 07:01:08 INFO TaskSchedulerImpl: Killing all running tasks in stage 1: Stage finished
[2024-10-03T07:01:08.476+0000] {spark_submit.py:488} INFO - 24/10/03 07:01:08 INFO DAGScheduler: Job 0 finished: collect at /opt/***/jobs/wordcountjob.py:14, took 7.310469 s
[2024-10-03T07:01:08.510+0000] {spark_submit.py:488} INFO - Python: 1
[2024-10-03T07:01:08.511+0000] {spark_submit.py:488} INFO - Airflow: 1
[2024-10-03T07:01:08.511+0000] {spark_submit.py:488} INFO - Docker: 1
[2024-10-03T07:01:08.512+0000] {spark_submit.py:488} INFO - and: 1
[2024-10-03T07:01:08.512+0000] {spark_submit.py:488} INFO - Yusuf: 1
[2024-10-03T07:01:08.512+0000] {spark_submit.py:488} INFO - Hello: 5
[2024-10-03T07:01:08.513+0000] {spark_submit.py:488} INFO - Spark: 1
[2024-10-03T07:01:08.513+0000] {spark_submit.py:488} INFO - Hello World
[2024-10-03T07:01:08.513+0000] {spark_submit.py:488} INFO - 24/10/03 07:01:08 INFO SparkContext: SparkContext is stopping with exitCode 0.
[2024-10-03T07:01:08.528+0000] {spark_submit.py:488} INFO - 24/10/03 07:01:08 INFO SparkUI: Stopped Spark web UI at http://8c0d519f07a3:4040
[2024-10-03T07:01:08.537+0000] {spark_submit.py:488} INFO - 24/10/03 07:01:08 INFO StandaloneSchedulerBackend: Shutting down all executors
[2024-10-03T07:01:08.539+0000] {spark_submit.py:488} INFO - 24/10/03 07:01:08 INFO StandaloneSchedulerBackend$StandaloneDriverEndpoint: Asking each executor to shut down
[2024-10-03T07:01:08.572+0000] {spark_submit.py:488} INFO - 24/10/03 07:01:08 INFO MapOutputTrackerMasterEndpoint: MapOutputTrackerMasterEndpoint stopped!
[2024-10-03T07:01:08.633+0000] {spark_submit.py:488} INFO - 24/10/03 07:01:08 INFO MemoryStore: MemoryStore cleared
[2024-10-03T07:01:08.634+0000] {spark_submit.py:488} INFO - 24/10/03 07:01:08 INFO BlockManager: BlockManager stopped
[2024-10-03T07:01:08.645+0000] {spark_submit.py:488} INFO - 24/10/03 07:01:08 INFO BlockManagerMaster: BlockManagerMaster stopped
[2024-10-03T07:01:08.648+0000] {spark_submit.py:488} INFO - 24/10/03 07:01:08 INFO OutputCommitCoordinator$OutputCommitCoordinatorEndpoint: OutputCommitCoordinator stopped!
[2024-10-03T07:01:08.665+0000] {spark_submit.py:488} INFO - 24/10/03 07:01:08 INFO SparkContext: Successfully stopped SparkContext
[2024-10-03T07:01:09.546+0000] {spark_submit.py:488} INFO - 24/10/03 07:01:09 INFO ShutdownHookManager: Shutdown hook called
[2024-10-03T07:01:09.547+0000] {spark_submit.py:488} INFO - 24/10/03 07:01:09 INFO ShutdownHookManager: Deleting directory /tmp/spark-796e2dc5-93c5-4e67-9159-a00746e69623
[2024-10-03T07:01:09.550+0000] {spark_submit.py:488} INFO - 24/10/03 07:01:09 INFO ShutdownHookManager: Deleting directory /tmp/spark-9c280429-cea4-417e-aa39-eda185cea994/pyspark-75930bce-b62d-48f4-93d0-4b9d0650563c
[2024-10-03T07:01:09.556+0000] {spark_submit.py:488} INFO - 24/10/03 07:01:09 INFO ShutdownHookManager: Deleting directory /tmp/spark-9c280429-cea4-417e-aa39-eda185cea994
[2024-10-03T07:01:09.644+0000] {taskinstance.py:340} INFO - ::group::Post task execution logs
[2024-10-03T07:01:09.645+0000] {taskinstance.py:352} INFO - Marking task as SUCCESS. dag_id=sparking_flow, task_id=wordcount_job, run_id=manual__2024-10-03T06:58:49.082336+00:00, execution_date=20241003T065849, start_date=20241003T070051, end_date=20241003T070109
[2024-10-03T07:01:09.689+0000] {local_task_job_runner.py:266} INFO - Task exited with return code 0
[2024-10-03T07:01:09.749+0000] {taskinstance.py:3900} INFO - 1 downstream tasks scheduled from follow-on schedule check
[2024-10-03T07:01:09.752+0000] {local_task_job_runner.py:245} INFO - ::endgroup::
