[2024-09-25T08:51:04.468+0000] {local_task_job_runner.py:123} INFO - ::group::Pre task execution logs
[2024-09-25T08:51:04.607+0000] {taskinstance.py:2612} INFO - Dependencies all met for dep_context=non-requeueable deps ti=<TaskInstance: etl_pipeline.dellstore_db.extract.customers scheduled__2024-09-24T00:00:00+00:00 [queued]>
[2024-09-25T08:51:04.636+0000] {taskinstance.py:2612} INFO - Dependencies all met for dep_context=requeueable deps ti=<TaskInstance: etl_pipeline.dellstore_db.extract.customers scheduled__2024-09-24T00:00:00+00:00 [queued]>
[2024-09-25T08:51:04.638+0000] {taskinstance.py:2865} INFO - Starting attempt 2 of 2
[2024-09-25T08:51:04.691+0000] {taskinstance.py:2888} INFO - Executing <Task(PythonOperator): dellstore_db.extract.customers> on 2024-09-24 00:00:00+00:00
[2024-09-25T08:51:04.707+0000] {warnings.py:112} WARNING - /home/***/.local/lib/python3.12/site-packages/***/task/task_runner/standard_task_runner.py:70: DeprecationWarning: This process (pid=343) is multi-threaded, use of fork() may lead to deadlocks in the child.
  pid = os.fork()

[2024-09-25T08:51:04.712+0000] {standard_task_runner.py:72} INFO - Started process 355 to run task
[2024-09-25T08:51:04.804+0000] {standard_task_runner.py:104} INFO - Running: ['***', 'tasks', 'run', 'etl_pipeline', 'dellstore_db.extract.customers', 'scheduled__2024-09-24T00:00:00+00:00', '--job-id', '18', '--raw', '--subdir', 'DAGS_FOLDER/etl_pipeline/run.py', '--cfg-path', '/tmp/tmp6ve03880']
[2024-09-25T08:51:04.980+0000] {standard_task_runner.py:105} INFO - Job 18: Subtask dellstore_db.extract.customers
[2024-09-25T08:51:05.866+0000] {task_command.py:467} INFO - Running <TaskInstance: etl_pipeline.dellstore_db.extract.customers scheduled__2024-09-24T00:00:00+00:00 [running]> on host 857abb7f2bfc
[2024-09-25T08:51:07.124+0000] {taskinstance.py:3131} INFO - Exporting env vars: AIRFLOW_CTX_DAG_OWNER='***' AIRFLOW_CTX_DAG_ID='etl_pipeline' AIRFLOW_CTX_TASK_ID='dellstore_db.extract.customers' AIRFLOW_CTX_EXECUTION_DATE='2024-09-24T00:00:00+00:00' AIRFLOW_CTX_TRY_NUMBER='2' AIRFLOW_CTX_DAG_RUN_ID='scheduled__2024-09-24T00:00:00+00:00'
[2024-09-25T08:51:07.155+0000] {taskinstance.py:731} INFO - ::endgroup::
[2024-09-25T08:51:07.370+0000] {base.py:84} INFO - Retrieving connection 'dellstore_db'
[2024-09-25T08:51:08.731+0000] {base.py:84} INFO - Retrieving connection 'minio'
[2024-09-25T08:51:08.959+0000] {python.py:240} INFO - Done. Returned value was: None
[2024-09-25T08:51:08.992+0000] {taskinstance.py:340} INFO - ::group::Post task execution logs
[2024-09-25T08:51:08.993+0000] {taskinstance.py:352} INFO - Marking task as SUCCESS. dag_id=etl_pipeline, task_id=dellstore_db.extract.customers, run_id=scheduled__2024-09-24T00:00:00+00:00, execution_date=20240924T000000, start_date=20240925T085104, end_date=20240925T085108
[2024-09-25T08:51:09.075+0000] {local_task_job_runner.py:266} INFO - Task exited with return code 0
[2024-09-25T08:51:09.182+0000] {taskinstance.py:3900} INFO - 1 downstream tasks scheduled from follow-on schedule check
[2024-09-25T08:51:09.186+0000] {local_task_job_runner.py:245} INFO - ::endgroup::
