[2024-10-03T07:49:41.838+0000] {local_task_job_runner.py:123} INFO - ::group::Pre task execution logs
[2024-10-03T07:49:41.874+0000] {taskinstance.py:2612} INFO - Dependencies all met for dep_context=non-requeueable deps ti=<TaskInstance: etl_pipeline.staging.dellstore_db.load.orderlines scheduled__2024-10-02T00:00:00+00:00 [queued]>
[2024-10-03T07:49:41.895+0000] {taskinstance.py:2612} INFO - Dependencies all met for dep_context=requeueable deps ti=<TaskInstance: etl_pipeline.staging.dellstore_db.load.orderlines scheduled__2024-10-02T00:00:00+00:00 [queued]>
[2024-10-03T07:49:41.895+0000] {taskinstance.py:2865} INFO - Starting attempt 2 of 1
[2024-10-03T07:49:41.917+0000] {taskinstance.py:2888} INFO - Executing <Task(PythonOperator): staging.dellstore_db.load.orderlines> on 2024-10-02 00:00:00+00:00
[2024-10-03T07:49:41.932+0000] {logging_mixin.py:190} WARNING - /home/***/.local/lib/python3.12/site-packages/***/task/task_runner/standard_task_runner.py:70 DeprecationWarning: This process (pid=33916) is multi-threaded, use of fork() may lead to deadlocks in the child.
[2024-10-03T07:49:41.934+0000] {standard_task_runner.py:72} INFO - Started process 33969 to run task
[2024-10-03T07:49:41.932+0000] {standard_task_runner.py:104} INFO - Running: ['***', 'tasks', 'run', 'etl_pipeline', 'staging.dellstore_db.load.orderlines', 'scheduled__2024-10-02T00:00:00+00:00', '--job-id', '13591', '--raw', '--subdir', 'DAGS_FOLDER/etl_pipeline/run.py', '--cfg-path', '/tmp/tmp7tw1x87f']
[2024-10-03T07:49:41.935+0000] {standard_task_runner.py:105} INFO - Job 13591: Subtask staging.dellstore_db.load.orderlines
[2024-10-03T07:49:42.048+0000] {task_command.py:467} INFO - Running <TaskInstance: etl_pipeline.staging.dellstore_db.load.orderlines scheduled__2024-10-02T00:00:00+00:00 [running]> on host 8c0d519f07a3
[2024-10-03T07:49:42.406+0000] {taskinstance.py:3131} INFO - Exporting env vars: AIRFLOW_CTX_DAG_OWNER='***' AIRFLOW_CTX_DAG_ID='etl_pipeline' AIRFLOW_CTX_TASK_ID='staging.dellstore_db.load.orderlines' AIRFLOW_CTX_EXECUTION_DATE='2024-10-02T00:00:00+00:00' AIRFLOW_CTX_TRY_NUMBER='2' AIRFLOW_CTX_DAG_RUN_ID='scheduled__2024-10-02T00:00:00+00:00'
[2024-10-03T07:49:42.417+0000] {taskinstance.py:731} INFO - ::endgroup::
[2024-10-03T07:49:42.482+0000] {base.py:84} INFO - Retrieving connection 'staging_db'
[2024-10-03T07:49:42.522+0000] {base.py:84} INFO - Retrieving connection 'minio'
[2024-10-03T07:49:42.555+0000] {taskinstance.py:301} INFO - orderlines doesn't have new data. Skipped...
[2024-10-03T07:49:42.629+0000] {taskinstance.py:340} INFO - ::group::Post task execution logs
[2024-10-03T07:49:42.635+0000] {taskinstance.py:352} INFO - Marking task as SKIPPED. dag_id=etl_pipeline, task_id=staging.dellstore_db.load.orderlines, run_id=scheduled__2024-10-02T00:00:00+00:00, execution_date=20241002T000000, start_date=20241003T074941, end_date=20241003T074942
[2024-10-03T07:49:42.730+0000] {local_task_job_runner.py:266} INFO - Task exited with return code 0
[2024-10-03T07:49:42.833+0000] {taskinstance.py:3900} INFO - 0 downstream tasks scheduled from follow-on schedule check
[2024-10-03T07:49:42.867+0000] {local_task_job_runner.py:245} INFO - ::endgroup::
